+ [[ hB != hxB ]]
+ XTRACE_STATE=-x
+ [[ hxB != hxB ]]
+ VERBOSE_STATE=+v
+ set +xv
+ unset XTRACE_STATE VERBOSE_STATE
+ module purge
++ /opt/lmod/lmod/libexec/lmod bash purge
The following modules were not unloaded:
  (Use "module --force purge" to unload all):

  1) gold/2.1.5.0   2) StdEnv
+ eval unset '__LMOD_REF_COUNT_ACLOCAL_PATH;' unset 'ACLOCAL_PATH;' unset '__LMOD_REF_COUNT_CPATH;' unset 'CPATH;' unset 'EBDEVELBINUTILS;' unset 'EBDEVELBZIP2;' unset 'EBDEVELEXPAT;' unset 'EBDEVELFONTCONFIG;' unset 'EBDEVELFREETYPE;' unset 'EBDEVELGCCCORE;' unset 'EBDEVELICC;' unset 'EBDEVELICCIFORT;' unset 'EBDEVELIFORT;' unset 'EBDEVELIIMPI;' unset 'EBDEVELIMKL;' unset 'EBDEVELIMPI;' unset 'EBDEVELINTEL;' unset 'EBDEVELLIBPNG;' unset 'EBDEVELMOLDEN;' unset 'EBDEVELX11;' unset 'EBDEVELZLIB;' unset 'EBROOTBINUTILS;' unset 'EBROOTBZIP2;' unset 'EBROOTEXPAT;' unset 'EBROOTFONTCONFIG;' unset 'EBROOTFREETYPE;' unset 'EBROOTGCCCORE;' unset 'EBROOTICC;' unset 'EBROOTICCIFORT;' unset 'EBROOTIFORT;' unset 'EBROOTIIMPI;' unset 'EBROOTIMKL;' unset 'EBROOTIMPI;' unset 'EBROOTINTEL;' unset 'EBROOTLIBPNG;' unset 'EBROOTMOLDEN;' unset 'EBROOTX11;' unset 'EBROOTZLIB;' unset 'EBVERSIONBINUTILS;' unset 'EBVERSIONBZIP2;' unset 'EBVERSIONEXPAT;' unset 'EBVERSIONFONTCONFIG;' unset 'EBVERSIONFREETYPE;' unset 'EBVERSIONGCCCORE;' unset 'EBVERSIONICC;' unset 'EBVERSIONICCIFORT;' unset 'EBVERSIONIFORT;' unset 'EBVERSIONIIMPI;' unset 'EBVERSIONIMKL;' unset 'EBVERSIONIMPI;' unset 'EBVERSIONINTEL;' unset 'EBVERSIONLIBPNG;' unset 'EBVERSIONMOLDEN;' unset 'EBVERSIONX11;' unset 'EBVERSIONZLIB;' unset '__LMOD_REF_COUNT_FPATH;' unset 'FPATH;' unset '__LMOD_REF_COUNT_IDB_HOME;' unset 'IDB_HOME;' unset '__LMOD_REF_COUNT_INTEL_LICENSE_FILE;' unset 'INTEL_LICENSE_FILE;' unset 'I_MPI_ROOT;' unset '__LMOD_REF_COUNT_LD_LIBRARY_PATH;' unset 'LD_LIBRARY_PATH;' unset '__LMOD_REF_COUNT_LIBRARY_PATH;' unset 'LIBRARY_PATH;' unset 'LMOD_FAMILY_MPI;' unset 'LMOD_FAMILY_MPI_VERSION;' '__LMOD_REF_COUNT_LOADEDMODULES="gold/2.1.5.0:1;StdEnv:1";' export '__LMOD_REF_COUNT_LOADEDMODULES;' 'LOADEDMODULES="gold/2.1.5.0:StdEnv";' export 'LOADEDMODULES;' '__LMOD_REF_COUNT_MANPATH="/opt/torque/man:1;/opt/lmod/lmod/share/man:1";' export '__LMOD_REF_COUNT_MANPATH;' 'MANPATH="/opt/torque/man:/opt/lmod/lmod/share/man::";' export 'MANPATH;' unset '__LMOD_REF_COUNT_MIC_LD_LIBRARY_PATH;' unset 'MIC_LD_LIBRARY_PATH;' unset 'MKLROOT;' unset 'MKL_EXAMPLES;' 'MODULEPATH="/global/hds/modules/cpu/eb/all:/global/hds/modules/cpu/non-eb:/global/hds/modules/Linux:/global/hds/modules/Core:/opt/lmod/lmod/modulefiles/Core:/global/hds/modules/cpu/Old/Core:/global/hds/modules/cpu/Old/Applications:/global/hds/modules/cpu/Old/Development:/global/hds/modules/cpu/Old/Libraries:/global/hds/modules/cpu/Old/MPI:/global/hds/modules/cpu/Old/Compiler";' export 'MODULEPATH;' 'MODULEPATH_ROOT="/global/hds/modules/";' export 'MODULEPATH_ROOT;' unset 'MPICC;' unset 'MPICXX;' unset 'MPIF77;' unset 'MPIF90;' unset 'MPI_ROOT;' unset 'MPI_ROOTDIR;' unset '__LMOD_REF_COUNT_NLSPATH;' unset 'NLSPATH;' unset 'OMP_NUM_THREADS;' '__LMOD_REF_COUNT_PATH="/global/apps/gold/2.1.5.0/bin:1;/usr/lib64/qt-3.3/bin:1;/usr/local/bin:1;/bin:1;/usr/bin:1;/usr/local/sbin:1;/usr/sbin:1;/sbin:1;/opt/ganglia/bin:1;/opt/ganglia/sbin:1;/usr/java/latest/bin:1;/opt/maven/bin:1;/opt/maui/bin:1;/opt/torque/bin:1;/opt/torque/sbin:1;/opt/pdsh/bin:1;/opt/rocks/bin:1;/opt/rocks/sbin:1;/home/ambr/bin:3;/home/ambr/bin/mrchem:2;/home/ambr/scripts_compchem:1";' export '__LMOD_REF_COUNT_PATH;' 'PATH="/global/apps/gold/2.1.5.0/bin:/usr/lib64/qt-3.3/bin:/usr/local/bin:/bin:/usr/bin:/usr/local/sbin:/usr/sbin:/sbin:/opt/ganglia/bin:/opt/ganglia/sbin:/usr/java/latest/bin:/opt/maven/bin:/opt/maui/bin:/opt/torque/bin:/opt/torque/sbin:/opt/pdsh/bin:/opt/rocks/bin:/opt/rocks/sbin:/home/ambr/bin:/home/ambr/bin/mrchem:/home/ambr/scripts_compchem";' export 'PATH;' unset '__LMOD_REF_COUNT_PKG_CONFIG_PATH;' unset 'PKG_CONFIG_PATH;' '__LMOD_REF_COUNT__LMFILES_="/global/hds/modules/Core/gold/2.1.5.0.lua:1;/global/hds/modules/Core/StdEnv.lua:1";' export '__LMOD_REF_COUNT__LMFILES_;' '_LMFILES_="/global/hds/modules/Core/gold/2.1.5.0.lua:/global/hds/modules/Core/StdEnv.lua";' export '_LMFILES_;' '_ModuleTable001_="X01vZHVsZVRhYmxlXz17WyJNVHZlcnNpb24iXT0zLFsiY19yZWJ1aWxkVGltZSJdPTcyMDAsWyJjX3Nob3J0VGltZSJdPTAuMDAwNjc4MDYyNDM4OTY0ODQsZGVwdGhUPXt9LGZhbWlseT17fSxtVD17U3RkRW52PXtbImZuIl09Ii9nbG9iYWwvaGRzL21vZHVsZXMvQ29yZS9TdGRFbnYubHVhIixbImZ1bGxOYW1lIl09IlN0ZEVudiIsWyJsb2FkT3JkZXIiXT0yLHByb3BUPXtsbW9kPXtbInN0aWNreSJdPTEsfSx9LFsic3RhY2tEZXB0aCJdPTAsWyJzdGF0dXMiXT0iYWN0aXZlIixbInVzZXJOYW1lIl09IlN0ZEVudiIsfSxnb2xkPXtbImZuIl09Ii9nbG9iYWwvaGRzL21vZHVsZXMvQ29yZS9nb2xkLzIuMS41LjAubHVhIixbImZ1bGxOYW1lIl09ImdvbGQvMi4xLjUuMCIsWyJs";' export '_ModuleTable001_;' '_ModuleTable002_="b2FkT3JkZXIiXT0xLHByb3BUPXtsbW9kPXtbInN0aWNreSJdPTEsfSx9LFsic3RhY2tEZXB0aCJdPTAsWyJzdGF0dXMiXT0iYWN0aXZlIixbInVzZXJOYW1lIl09ImdvbGQiLH0sfSxtcGF0aEE9eyIvZ2xvYmFsL2hkcy9tb2R1bGVzL2NwdS9lYi9hbGwiLCIvZ2xvYmFsL2hkcy9tb2R1bGVzL2NwdS9ub24tZWIiLCIvZ2xvYmFsL2hkcy9tb2R1bGVzL0xpbnV4IiwiL2dsb2JhbC9oZHMvbW9kdWxlcy9Db3JlIiwiL29wdC9sbW9kL2xtb2QvbW9kdWxlZmlsZXMvQ29yZSIsIi9nbG9iYWwvaGRzL21vZHVsZXMvY3B1L09sZC9Db3JlIiwiL2dsb2JhbC9oZHMvbW9kdWxlcy9jcHUvT2xkL0FwcGxpY2F0aW9ucyIsIi9nbG9iYWwvaGRzL21vZHVsZXMvY3B1L09sZC9EZXZlbG9wbWVu";' export '_ModuleTable002_;' '_ModuleTable003_="dCIsIi9nbG9iYWwvaGRzL21vZHVsZXMvY3B1L09sZC9MaWJyYXJpZXMiLCIvZ2xvYmFsL2hkcy9tb2R1bGVzL2NwdS9PbGQvTVBJIiwiL2dsb2JhbC9oZHMvbW9kdWxlcy9jcHUvT2xkL0NvbXBpbGVyIix9LFsic3lzdGVtQmFzZU1QQVRIIl09Ii9nbG9iYWwvaGRzL21vZHVsZXMvTGludXg6L2dsb2JhbC9oZHMvbW9kdWxlcy9Db3JlOi9vcHQvbG1vZC9sbW9kL21vZHVsZWZpbGVzL0NvcmUiLH0=";' export '_ModuleTable003_;' '_ModuleTable_Sz_="3";' export '_ModuleTable_Sz_;' unset '_ModuleTable005_;' unset '_ModuleTable006_;' unset '_ModuleTable007_;' unset '_ModuleTable008_;' unset '_ModuleTable009_;' unset '_ModuleTable010_;' unset '_ModuleTable011_;' unset '_ModuleTable012_;' unset '_ModuleTable013_;' unset '_ModuleTable014_;' unset '_ModuleTable015_;' '__LMOD_STACK_MODULEPATH_ROOT="L2dsb2JhbC9oZHMvbW9kdWxlcy8=:L2dsb2JhbC9oZHMvbW9kdWxlcw==";' export '__LMOD_STACK_MODULEPATH_ROOT;'
++ unset __LMOD_REF_COUNT_ACLOCAL_PATH
++ unset ACLOCAL_PATH
++ unset __LMOD_REF_COUNT_CPATH
++ unset CPATH
++ unset EBDEVELBINUTILS
++ unset EBDEVELBZIP2
++ unset EBDEVELEXPAT
++ unset EBDEVELFONTCONFIG
++ unset EBDEVELFREETYPE
++ unset EBDEVELGCCCORE
++ unset EBDEVELICC
++ unset EBDEVELICCIFORT
++ unset EBDEVELIFORT
++ unset EBDEVELIIMPI
++ unset EBDEVELIMKL
++ unset EBDEVELIMPI
++ unset EBDEVELINTEL
++ unset EBDEVELLIBPNG
++ unset EBDEVELMOLDEN
++ unset EBDEVELX11
++ unset EBDEVELZLIB
++ unset EBROOTBINUTILS
++ unset EBROOTBZIP2
++ unset EBROOTEXPAT
++ unset EBROOTFONTCONFIG
++ unset EBROOTFREETYPE
++ unset EBROOTGCCCORE
++ unset EBROOTICC
++ unset EBROOTICCIFORT
++ unset EBROOTIFORT
++ unset EBROOTIIMPI
++ unset EBROOTIMKL
++ unset EBROOTIMPI
++ unset EBROOTINTEL
++ unset EBROOTLIBPNG
++ unset EBROOTMOLDEN
++ unset EBROOTX11
++ unset EBROOTZLIB
++ unset EBVERSIONBINUTILS
++ unset EBVERSIONBZIP2
++ unset EBVERSIONEXPAT
++ unset EBVERSIONFONTCONFIG
++ unset EBVERSIONFREETYPE
++ unset EBVERSIONGCCCORE
++ unset EBVERSIONICC
++ unset EBVERSIONICCIFORT
++ unset EBVERSIONIFORT
++ unset EBVERSIONIIMPI
++ unset EBVERSIONIMKL
++ unset EBVERSIONIMPI
++ unset EBVERSIONINTEL
++ unset EBVERSIONLIBPNG
++ unset EBVERSIONMOLDEN
++ unset EBVERSIONX11
++ unset EBVERSIONZLIB
++ unset __LMOD_REF_COUNT_FPATH
++ unset FPATH
++ unset __LMOD_REF_COUNT_IDB_HOME
++ unset IDB_HOME
++ unset __LMOD_REF_COUNT_INTEL_LICENSE_FILE
++ unset INTEL_LICENSE_FILE
++ unset I_MPI_ROOT
++ unset __LMOD_REF_COUNT_LD_LIBRARY_PATH
++ unset LD_LIBRARY_PATH
++ unset __LMOD_REF_COUNT_LIBRARY_PATH
++ unset LIBRARY_PATH
++ unset LMOD_FAMILY_MPI
++ unset LMOD_FAMILY_MPI_VERSION
++ __LMOD_REF_COUNT_LOADEDMODULES='gold/2.1.5.0:1;StdEnv:1'
++ export __LMOD_REF_COUNT_LOADEDMODULES
++ LOADEDMODULES=gold/2.1.5.0:StdEnv
++ export LOADEDMODULES
++ __LMOD_REF_COUNT_MANPATH='/opt/torque/man:1;/opt/lmod/lmod/share/man:1'
++ export __LMOD_REF_COUNT_MANPATH
++ MANPATH=/opt/torque/man:/opt/lmod/lmod/share/man::
++ export MANPATH
++ unset __LMOD_REF_COUNT_MIC_LD_LIBRARY_PATH
++ unset MIC_LD_LIBRARY_PATH
++ unset MKLROOT
++ unset MKL_EXAMPLES
++ MODULEPATH=/global/hds/modules/cpu/eb/all:/global/hds/modules/cpu/non-eb:/global/hds/modules/Linux:/global/hds/modules/Core:/opt/lmod/lmod/modulefiles/Core:/global/hds/modules/cpu/Old/Core:/global/hds/modules/cpu/Old/Applications:/global/hds/modules/cpu/Old/Development:/global/hds/modules/cpu/Old/Libraries:/global/hds/modules/cpu/Old/MPI:/global/hds/modules/cpu/Old/Compiler
++ export MODULEPATH
++ MODULEPATH_ROOT=/global/hds/modules/
++ export MODULEPATH_ROOT
++ unset MPICC
++ unset MPICXX
++ unset MPIF77
++ unset MPIF90
++ unset MPI_ROOT
++ unset MPI_ROOTDIR
++ unset __LMOD_REF_COUNT_NLSPATH
++ unset NLSPATH
++ unset OMP_NUM_THREADS
++ __LMOD_REF_COUNT_PATH='/global/apps/gold/2.1.5.0/bin:1;/usr/lib64/qt-3.3/bin:1;/usr/local/bin:1;/bin:1;/usr/bin:1;/usr/local/sbin:1;/usr/sbin:1;/sbin:1;/opt/ganglia/bin:1;/opt/ganglia/sbin:1;/usr/java/latest/bin:1;/opt/maven/bin:1;/opt/maui/bin:1;/opt/torque/bin:1;/opt/torque/sbin:1;/opt/pdsh/bin:1;/opt/rocks/bin:1;/opt/rocks/sbin:1;/home/ambr/bin:3;/home/ambr/bin/mrchem:2;/home/ambr/scripts_compchem:1'
++ export __LMOD_REF_COUNT_PATH
++ PATH=/global/apps/gold/2.1.5.0/bin:/usr/lib64/qt-3.3/bin:/usr/local/bin:/bin:/usr/bin:/usr/local/sbin:/usr/sbin:/sbin:/opt/ganglia/bin:/opt/ganglia/sbin:/usr/java/latest/bin:/opt/maven/bin:/opt/maui/bin:/opt/torque/bin:/opt/torque/sbin:/opt/pdsh/bin:/opt/rocks/bin:/opt/rocks/sbin:/home/ambr/bin:/home/ambr/bin/mrchem:/home/ambr/scripts_compchem
++ export PATH
++ unset __LMOD_REF_COUNT_PKG_CONFIG_PATH
++ unset PKG_CONFIG_PATH
++ __LMOD_REF_COUNT__LMFILES_='/global/hds/modules/Core/gold/2.1.5.0.lua:1;/global/hds/modules/Core/StdEnv.lua:1'
++ export __LMOD_REF_COUNT__LMFILES_
++ _LMFILES_=/global/hds/modules/Core/gold/2.1.5.0.lua:/global/hds/modules/Core/StdEnv.lua
++ export _LMFILES_
++ _ModuleTable001_=X01vZHVsZVRhYmxlXz17WyJNVHZlcnNpb24iXT0zLFsiY19yZWJ1aWxkVGltZSJdPTcyMDAsWyJjX3Nob3J0VGltZSJdPTAuMDAwNjc4MDYyNDM4OTY0ODQsZGVwdGhUPXt9LGZhbWlseT17fSxtVD17U3RkRW52PXtbImZuIl09Ii9nbG9iYWwvaGRzL21vZHVsZXMvQ29yZS9TdGRFbnYubHVhIixbImZ1bGxOYW1lIl09IlN0ZEVudiIsWyJsb2FkT3JkZXIiXT0yLHByb3BUPXtsbW9kPXtbInN0aWNreSJdPTEsfSx9LFsic3RhY2tEZXB0aCJdPTAsWyJzdGF0dXMiXT0iYWN0aXZlIixbInVzZXJOYW1lIl09IlN0ZEVudiIsfSxnb2xkPXtbImZuIl09Ii9nbG9iYWwvaGRzL21vZHVsZXMvQ29yZS9nb2xkLzIuMS41LjAubHVhIixbImZ1bGxOYW1lIl09ImdvbGQvMi4xLjUuMCIsWyJs
++ export _ModuleTable001_
++ _ModuleTable002_=b2FkT3JkZXIiXT0xLHByb3BUPXtsbW9kPXtbInN0aWNreSJdPTEsfSx9LFsic3RhY2tEZXB0aCJdPTAsWyJzdGF0dXMiXT0iYWN0aXZlIixbInVzZXJOYW1lIl09ImdvbGQiLH0sfSxtcGF0aEE9eyIvZ2xvYmFsL2hkcy9tb2R1bGVzL2NwdS9lYi9hbGwiLCIvZ2xvYmFsL2hkcy9tb2R1bGVzL2NwdS9ub24tZWIiLCIvZ2xvYmFsL2hkcy9tb2R1bGVzL0xpbnV4IiwiL2dsb2JhbC9oZHMvbW9kdWxlcy9Db3JlIiwiL29wdC9sbW9kL2xtb2QvbW9kdWxlZmlsZXMvQ29yZSIsIi9nbG9iYWwvaGRzL21vZHVsZXMvY3B1L09sZC9Db3JlIiwiL2dsb2JhbC9oZHMvbW9kdWxlcy9jcHUvT2xkL0FwcGxpY2F0aW9ucyIsIi9nbG9iYWwvaGRzL21vZHVsZXMvY3B1L09sZC9EZXZlbG9wbWVu
++ export _ModuleTable002_
++ _ModuleTable003_=dCIsIi9nbG9iYWwvaGRzL21vZHVsZXMvY3B1L09sZC9MaWJyYXJpZXMiLCIvZ2xvYmFsL2hkcy9tb2R1bGVzL2NwdS9PbGQvTVBJIiwiL2dsb2JhbC9oZHMvbW9kdWxlcy9jcHUvT2xkL0NvbXBpbGVyIix9LFsic3lzdGVtQmFzZU1QQVRIIl09Ii9nbG9iYWwvaGRzL21vZHVsZXMvTGludXg6L2dsb2JhbC9oZHMvbW9kdWxlcy9Db3JlOi9vcHQvbG1vZC9sbW9kL21vZHVsZWZpbGVzL0NvcmUiLH0=
++ export _ModuleTable003_
++ _ModuleTable_Sz_=3
++ export _ModuleTable_Sz_
++ unset _ModuleTable005_
++ unset _ModuleTable006_
++ unset _ModuleTable007_
++ unset _ModuleTable008_
++ unset _ModuleTable009_
++ unset _ModuleTable010_
++ unset _ModuleTable011_
++ unset _ModuleTable012_
++ unset _ModuleTable013_
++ unset _ModuleTable014_
++ unset _ModuleTable015_
++ __LMOD_STACK_MODULEPATH_ROOT=L2dsb2JhbC9oZHMvbW9kdWxlcy8=:L2dsb2JhbC9oZHMvbW9kdWxlcw==
++ export __LMOD_STACK_MODULEPATH_ROOT
++ : -s sh
+ eval
+ module restore mrchem
++ /opt/lmod/lmod/libexec/lmod bash restore mrchem
Restoring modules from user's mrchem
+ eval '__LMOD_REF_COUNT_ACLOCAL_PATH="/global/hds/software/cpu/eb3/CMake/3.11.4-GCCcore-7.3.0/share/aclocal:1";' export '__LMOD_REF_COUNT_ACLOCAL_PATH;' 'ACLOCAL_PATH="/global/hds/software/cpu/eb3/CMake/3.11.4-GCCcore-7.3.0/share/aclocal";' export 'ACLOCAL_PATH;' 'BOOST_ROOT="/global/hds/software/cpu/eb3/Boost/1.63.0-intel-2017a-Python-2.7.13";' export 'BOOST_ROOT;' '__LMOD_REF_COUNT_CPATH="/global/hds/software/cpu/eb3/Eigen/3.3.5/include:1;/global/hds/software/cpu/eb3/Boost/1.63.0-intel-2017a-Python-2.7.13/include:1;/global/hds/software/cpu/eb3/Python/2.7.13-intel-2017a/lib/python2.7/site-packages/numpy-1.12.1-py2.7-linux-x86_64.egg/numpy/core/include:1;/global/hds/software/cpu/eb3/Python/2.7.13-intel-2017a/include:1;/global/hds/software/cpu/eb3/GMP/6.1.2-GCCcore-6.3.0/include:1;/global/hds/software/cpu/eb3/SQLite/3.17.0-GCCcore-6.3.0/include:1;/global/hds/software/cpu/eb3/Tcl/8.6.6-GCCcore-6.3.0/include:1;/global/hds/software/cpu/eb3/ncurses/6.0-intel-2017a/include:1;/global/hds/software/cpu/eb3/libreadline/7.0-GCCcore-6.3.0/include:1;/global/hds/software/cpu/eb3/GCCcore/6.3.0/include:1;/global/hds/software/cpu/eb3/zlib/1.2.11-GCCcore-6.3.0/include:1;/global/hds/software/cpu/eb3/bzip2/1.0.6-GCCcore-6.3.0/include:1;/global/hds/software/cpu/eb3/imkl/2017.1.132-iimpi-2017a/mkl/include/fftw:1;/global/hds/software/cpu/eb3/imkl/2017.1.132-iimpi-2017a/mkl/include:1;/global/hds/software/cpu/eb3/impi/2017.1.132-iccifort-2017.1.132-GCC-6.3.0-2.27/include64:1;/global/hds/software/cpu/eb3/binutils/2.27-GCCcore-6.3.0/include:1";' export '__LMOD_REF_COUNT_CPATH;' 'CPATH="/global/hds/software/cpu/eb3/Eigen/3.3.5/include:/global/hds/software/cpu/eb3/Boost/1.63.0-intel-2017a-Python-2.7.13/include:/global/hds/software/cpu/eb3/Python/2.7.13-intel-2017a/lib/python2.7/site-packages/numpy-1.12.1-py2.7-linux-x86_64.egg/numpy/core/include:/global/hds/software/cpu/eb3/Python/2.7.13-intel-2017a/include:/global/hds/software/cpu/eb3/GMP/6.1.2-GCCcore-6.3.0/include:/global/hds/software/cpu/eb3/SQLite/3.17.0-GCCcore-6.3.0/include:/global/hds/software/cpu/eb3/Tcl/8.6.6-GCCcore-6.3.0/include:/global/hds/software/cpu/eb3/ncurses/6.0-intel-2017a/include:/global/hds/software/cpu/eb3/libreadline/7.0-GCCcore-6.3.0/include:/global/hds/software/cpu/eb3/GCCcore/6.3.0/include:/global/hds/software/cpu/eb3/zlib/1.2.11-GCCcore-6.3.0/include:/global/hds/software/cpu/eb3/bzip2/1.0.6-GCCcore-6.3.0/include:/global/hds/software/cpu/eb3/imkl/2017.1.132-iimpi-2017a/mkl/include/fftw:/global/hds/software/cpu/eb3/imkl/2017.1.132-iimpi-2017a/mkl/include:/global/hds/software/cpu/eb3/impi/2017.1.132-iccifort-2017.1.132-GCC-6.3.0-2.27/include64:/global/hds/software/cpu/eb3/binutils/2.27-GCCcore-6.3.0/include";' export 'CPATH;' '__LMOD_REF_COUNT_CPLUS_INCLUDE_PATH="/global/hds/software/cpu/eb3/Eigen/3.3.5/include:1";' export '__LMOD_REF_COUNT_CPLUS_INCLUDE_PATH;' 'CPLUS_INCLUDE_PATH="/global/hds/software/cpu/eb3/Eigen/3.3.5/include";' export 'CPLUS_INCLUDE_PATH;' 'EBDEVELBINUTILS="/global/hds/software/cpu/eb3/binutils/2.27-GCCcore-6.3.0/easybuild/binutils-2.27-GCCcore-6.3.0-easybuild-devel";' export 'EBDEVELBINUTILS;' 'EBDEVELBOOST="/global/hds/software/cpu/eb3/Boost/1.63.0-intel-2017a-Python-2.7.13/easybuild/Boost-1.63.0-intel-2017a-Python-2.7.13-easybuild-devel";' export 'EBDEVELBOOST;' 'EBDEVELBZIP2="/global/hds/software/cpu/eb3/bzip2/1.0.6-GCCcore-6.3.0/easybuild/bzip2-1.0.6-GCCcore-6.3.0-easybuild-devel";' export 'EBDEVELBZIP2;' 'EBDEVELCMAKE="/global/hds/software/cpu/eb3/CMake/3.11.4-GCCcore-7.3.0/easybuild/CMake-3.11.4-GCCcore-7.3.0-easybuild-devel";' export 'EBDEVELCMAKE;' 'EBDEVELEIGEN="/global/hds/software/cpu/eb3/Eigen/3.3.5/easybuild/Eigen-3.3.5-easybuild-devel";' export 'EBDEVELEIGEN;' 'EBDEVELGCCCORE="/global/hds/software/cpu/eb3/GCCcore/6.3.0/easybuild/GCCcore-6.3.0-easybuild-devel";' export 'EBDEVELGCCCORE;' 'EBDEVELGMP="/global/hds/software/cpu/eb3/GMP/6.1.2-GCCcore-6.3.0/easybuild/GMP-6.1.2-GCCcore-6.3.0-easybuild-devel";' export 'EBDEVELGMP;' 'EBDEVELICC="/global/hds/software/cpu/eb3/icc/2017.1.132-GCC-6.3.0-2.27/easybuild/icc-2017.1.132-GCC-6.3.0-2.27-easybuild-devel";' export 'EBDEVELICC;' 'EBDEVELICCIFORT="/global/hds/software/cpu/eb3/iccifort/2017.1.132-GCC-6.3.0-2.27/easybuild/iccifort-2017.1.132-GCC-6.3.0-2.27-easybuild-devel";' export 'EBDEVELICCIFORT;' 'EBDEVELIFORT="/global/hds/software/cpu/eb3/ifort/2017.1.132-GCC-6.3.0-2.27/easybuild/ifort-2017.1.132-GCC-6.3.0-2.27-easybuild-devel";' export 'EBDEVELIFORT;' 'EBDEVELIIMPI="/global/hds/software/cpu/eb3/iimpi/2017a/easybuild/iimpi-2017a-easybuild-devel";' export 'EBDEVELIIMPI;' 'EBDEVELIMKL="/global/hds/software/cpu/eb3/imkl/2017.1.132-iimpi-2017a/easybuild/imkl-2017.1.132-iimpi-2017a-easybuild-devel";' export 'EBDEVELIMKL;' 'EBDEVELIMPI="/global/hds/software/cpu/eb3/impi/2017.1.132-iccifort-2017.1.132-GCC-6.3.0-2.27/easybuild/impi-2017.1.132-iccifort-2017.1.132-GCC-6.3.0-2.27-easybuild-devel";' export 'EBDEVELIMPI;' 'EBDEVELINTEL="/global/hds/software/cpu/eb3/intel/2017a/easybuild/intel-2017a-easybuild-devel";' export 'EBDEVELINTEL;' 'EBDEVELLIBFFI="/global/hds/software/cpu/eb3/libffi/3.2.1-GCCcore-6.3.0/easybuild/libffi-3.2.1-GCCcore-6.3.0-easybuild-devel";' export 'EBDEVELLIBFFI;' 'EBDEVELLIBREADLINE="/global/hds/software/cpu/eb3/libreadline/7.0-GCCcore-6.3.0/easybuild/libreadline-7.0-GCCcore-6.3.0-easybuild-devel";' export 'EBDEVELLIBREADLINE;' 'EBDEVELNCURSES="/global/hds/software/cpu/eb3/ncurses/6.0-intel-2017a/easybuild/ncurses-6.0-intel-2017a-easybuild-devel";' export 'EBDEVELNCURSES;' 'EBDEVELPYTHON="/global/hds/software/cpu/eb3/Python/2.7.13-intel-2017a/easybuild/Python-2.7.13-intel-2017a-easybuild-devel";' export 'EBDEVELPYTHON;' 'EBDEVELSQLITE="/global/hds/software/cpu/eb3/SQLite/3.17.0-GCCcore-6.3.0/easybuild/SQLite-3.17.0-GCCcore-6.3.0-easybuild-devel";' export 'EBDEVELSQLITE;' 'EBDEVELTCL="/global/hds/software/cpu/eb3/Tcl/8.6.6-GCCcore-6.3.0/easybuild/Tcl-8.6.6-GCCcore-6.3.0-easybuild-devel";' export 'EBDEVELTCL;' 'EBDEVELZLIB="/global/hds/software/cpu/eb3/zlib/1.2.11-GCCcore-6.3.0/easybuild/zlib-1.2.11-GCCcore-6.3.0-easybuild-devel";' export 'EBDEVELZLIB;' 'EBEXTSLISTPYTHON="setuptools-33.1.1,pip-9.0.1,nose-1.3.7,numpy-1.12.1,scipy-0.19.0,blist-1.3.6,mpi4py-2.0.0,paycheck-1.0.2,pbr-2.0.0,Cython-0.25.2,six-1.10.0,dateutil-2.6.0,deap-1.0.2,decorator-4.0.11,arff-2.1.0,pycrypto-2.6.1,ecdsa-0.13,cryptography-1.8.1,paramiko-2.1.2,pyparsing-2.2.0,netifaces-0.10.5,netaddr-0.7.19,funcsigs-1.0.2,mock-2.0.0,pytz-2017.2,pandas-0.19.2,enum34-1.1.6,bitstring-3.1.5,virtualenv-15.1.0,docopt-0.6.2,joblib-0.11";' export 'EBEXTSLISTPYTHON;' 'EBROOTBINUTILS="/global/hds/software/cpu/eb3/binutils/2.27-GCCcore-6.3.0";' export 'EBROOTBINUTILS;' 'EBROOTBOOST="/global/hds/software/cpu/eb3/Boost/1.63.0-intel-2017a-Python-2.7.13";' export 'EBROOTBOOST;' 'EBROOTBZIP2="/global/hds/software/cpu/eb3/bzip2/1.0.6-GCCcore-6.3.0";' export 'EBROOTBZIP2;' 'EBROOTCMAKE="/global/hds/software/cpu/eb3/CMake/3.11.4-GCCcore-7.3.0";' export 'EBROOTCMAKE;' 'EBROOTEIGEN="/global/hds/software/cpu/eb3/Eigen/3.3.5";' export 'EBROOTEIGEN;' 'EBROOTGCCCORE="/global/hds/software/cpu/eb3/GCCcore/6.3.0";' export 'EBROOTGCCCORE;' 'EBROOTGMP="/global/hds/software/cpu/eb3/GMP/6.1.2-GCCcore-6.3.0";' export 'EBROOTGMP;' 'EBROOTICC="/global/hds/software/cpu/eb3/icc/2017.1.132-GCC-6.3.0-2.27";' export 'EBROOTICC;' 'EBROOTICCIFORT="/global/hds/software/cpu/eb3/iccifort/2017.1.132-GCC-6.3.0-2.27";' export 'EBROOTICCIFORT;' 'EBROOTIFORT="/global/hds/software/cpu/eb3/ifort/2017.1.132-GCC-6.3.0-2.27";' export 'EBROOTIFORT;' 'EBROOTIIMPI="/global/hds/software/cpu/eb3/iimpi/2017a";' export 'EBROOTIIMPI;' 'EBROOTIMKL="/global/hds/software/cpu/eb3/imkl/2017.1.132-iimpi-2017a";' export 'EBROOTIMKL;' 'EBROOTIMPI="/global/hds/software/cpu/eb3/impi/2017.1.132-iccifort-2017.1.132-GCC-6.3.0-2.27";' export 'EBROOTIMPI;' 'EBROOTINTEL="/global/hds/software/cpu/eb3/intel/2017a";' export 'EBROOTINTEL;' 'EBROOTLIBFFI="/global/hds/software/cpu/eb3/libffi/3.2.1-GCCcore-6.3.0";' export 'EBROOTLIBFFI;' 'EBROOTLIBREADLINE="/global/hds/software/cpu/eb3/libreadline/7.0-GCCcore-6.3.0";' export 'EBROOTLIBREADLINE;' 'EBROOTNCURSES="/global/hds/software/cpu/eb3/ncurses/6.0-intel-2017a";' export 'EBROOTNCURSES;' 'EBROOTPYTHON="/global/hds/software/cpu/eb3/Python/2.7.13-intel-2017a";' export 'EBROOTPYTHON;' 'EBROOTSQLITE="/global/hds/software/cpu/eb3/SQLite/3.17.0-GCCcore-6.3.0";' export 'EBROOTSQLITE;' 'EBROOTTCL="/global/hds/software/cpu/eb3/Tcl/8.6.6-GCCcore-6.3.0";' export 'EBROOTTCL;' 'EBROOTZLIB="/global/hds/software/cpu/eb3/zlib/1.2.11-GCCcore-6.3.0";' export 'EBROOTZLIB;' 'EBVERSIONBINUTILS="2.27";' export 'EBVERSIONBINUTILS;' 'EBVERSIONBOOST="1.63.0";' export 'EBVERSIONBOOST;' 'EBVERSIONBZIP2="1.0.6";' export 'EBVERSIONBZIP2;' 'EBVERSIONCMAKE="3.11.4";' export 'EBVERSIONCMAKE;' 'EBVERSIONEIGEN="3.3.5";' export 'EBVERSIONEIGEN;' 'EBVERSIONGCCCORE="6.3.0";' export 'EBVERSIONGCCCORE;' 'EBVERSIONGMP="6.1.2";' export 'EBVERSIONGMP;' 'EBVERSIONICC="2017.1.132";' export 'EBVERSIONICC;' 'EBVERSIONICCIFORT="2017.1.132";' export 'EBVERSIONICCIFORT;' 'EBVERSIONIFORT="2017.1.132";' export 'EBVERSIONIFORT;' 'EBVERSIONIIMPI="2017a";' export 'EBVERSIONIIMPI;' 'EBVERSIONIMKL="2017.1.132";' export 'EBVERSIONIMKL;' 'EBVERSIONIMPI="2017.1.132";' export 'EBVERSIONIMPI;' 'EBVERSIONINTEL="2017a";' export 'EBVERSIONINTEL;' 'EBVERSIONLIBFFI="3.2.1";' export 'EBVERSIONLIBFFI;' 'EBVERSIONLIBREADLINE="7.0";' export 'EBVERSIONLIBREADLINE;' 'EBVERSIONNCURSES="6.0";' export 'EBVERSIONNCURSES;' 'EBVERSIONPYTHON="2.7.13";' export 'EBVERSIONPYTHON;' 'EBVERSIONSQLITE="3.17.0";' export 'EBVERSIONSQLITE;' 'EBVERSIONTCL="8.6.6";' export 'EBVERSIONTCL;' 'EBVERSIONZLIB="1.2.11";' export 'EBVERSIONZLIB;' 'Eigen3_DIR="/global/hds/software/cpu/eb3/Eigen/3.3.5";' export 'Eigen3_DIR;' '__LMOD_REF_COUNT_INTEL_LICENSE_FILE="/global/apps/intel/licenses/USE_SERVER.lic:4;/global/apps/intel/licenses/licence.lic:4";' export '__LMOD_REF_COUNT_INTEL_LICENSE_FILE;' 'INTEL_LICENSE_FILE="/global/apps/intel/licenses/USE_SERVER.lic:/global/apps/intel/licenses/licence.lic";' export 'INTEL_LICENSE_FILE;' 'INTEL_PYTHONHOME="/global/hds/software/cpu/eb3/ifort/2017.1.132-GCC-6.3.0-2.27/debugger_2017/python/intel64";' export 'INTEL_PYTHONHOME;' 'I_MPI_ROOT="/global/hds/software/cpu/eb3/impi/2017.1.132-iccifort-2017.1.132-GCC-6.3.0-2.27";' export 'I_MPI_ROOT;' '__LMOD_REF_COUNT_LD_LIBRARY_PATH="/global/hds/software/cpu/eb3/Boost/1.63.0-intel-2017a-Python-2.7.13/lib:1;/global/hds/software/cpu/eb3/Python/2.7.13-intel-2017a/lib/python2.7/site-packages/numpy-1.12.1-py2.7-linux-x86_64.egg/numpy/core/lib:1;/global/hds/software/cpu/eb3/Python/2.7.13-intel-2017a/lib:1;/global/hds/software/cpu/eb3/libffi/3.2.1-GCCcore-6.3.0/lib64:1;/global/hds/software/cpu/eb3/libffi/3.2.1-GCCcore-6.3.0/lib:1;/global/hds/software/cpu/eb3/GMP/6.1.2-GCCcore-6.3.0/lib:1;/global/hds/software/cpu/eb3/SQLite/3.17.0-GCCcore-6.3.0/lib:1;/global/hds/software/cpu/eb3/Tcl/8.6.6-GCCcore-6.3.0/lib:1;/global/hds/software/cpu/eb3/ncurses/6.0-intel-2017a/lib:1;/global/hds/software/cpu/eb3/libreadline/7.0-GCCcore-6.3.0/lib:1;/global/hds/software/cpu/eb3/GCCcore/6.3.0/lib/gcc/x86_64-pc-linux-gnu/6.3.0:1;/global/hds/software/cpu/eb3/GCCcore/6.3.0/lib64:1;/global/hds/software/cpu/eb3/GCCcore/6.3.0/lib:1;/global/hds/software/cpu/eb3/zlib/1.2.11-GCCcore-6.3.0/lib:1;/global/hds/software/cpu/eb3/bzip2/1.0.6-GCCcore-6.3.0/lib:1;/global/hds/software/cpu/eb3/imkl/2017.1.132-iimpi-2017a/mkl/lib/intel64:1;/global/hds/software/cpu/eb3/imkl/2017.1.132-iimpi-2017a/lib/intel64:1;/global/hds/software/cpu/eb3/impi/2017.1.132-iccifort-2017.1.132-GCC-6.3.0-2.27/lib64:1;/global/hds/software/cpu/eb3/ifort/2017.1.132-GCC-6.3.0-2.27/compilers_and_libraries_2017.1.132/linux/compiler/lib/intel64:1;/global/hds/software/cpu/eb3/icc/2017.1.132-GCC-6.3.0-2.27/compilers_and_libraries_2017.1.132/linux/compiler/lib/intel64:1;/global/hds/software/cpu/eb3/binutils/2.27-GCCcore-6.3.0/lib:1";' export '__LMOD_REF_COUNT_LD_LIBRARY_PATH;' 'LD_LIBRARY_PATH="/global/hds/software/cpu/eb3/Boost/1.63.0-intel-2017a-Python-2.7.13/lib:/global/hds/software/cpu/eb3/Python/2.7.13-intel-2017a/lib/python2.7/site-packages/numpy-1.12.1-py2.7-linux-x86_64.egg/numpy/core/lib:/global/hds/software/cpu/eb3/Python/2.7.13-intel-2017a/lib:/global/hds/software/cpu/eb3/libffi/3.2.1-GCCcore-6.3.0/lib64:/global/hds/software/cpu/eb3/libffi/3.2.1-GCCcore-6.3.0/lib:/global/hds/software/cpu/eb3/GMP/6.1.2-GCCcore-6.3.0/lib:/global/hds/software/cpu/eb3/SQLite/3.17.0-GCCcore-6.3.0/lib:/global/hds/software/cpu/eb3/Tcl/8.6.6-GCCcore-6.3.0/lib:/global/hds/software/cpu/eb3/ncurses/6.0-intel-2017a/lib:/global/hds/software/cpu/eb3/libreadline/7.0-GCCcore-6.3.0/lib:/global/hds/software/cpu/eb3/GCCcore/6.3.0/lib/gcc/x86_64-pc-linux-gnu/6.3.0:/global/hds/software/cpu/eb3/GCCcore/6.3.0/lib64:/global/hds/software/cpu/eb3/GCCcore/6.3.0/lib:/global/hds/software/cpu/eb3/zlib/1.2.11-GCCcore-6.3.0/lib:/global/hds/software/cpu/eb3/bzip2/1.0.6-GCCcore-6.3.0/lib:/global/hds/software/cpu/eb3/imkl/2017.1.132-iimpi-2017a/mkl/lib/intel64:/global/hds/software/cpu/eb3/imkl/2017.1.132-iimpi-2017a/lib/intel64:/global/hds/software/cpu/eb3/impi/2017.1.132-iccifort-2017.1.132-GCC-6.3.0-2.27/lib64:/global/hds/software/cpu/eb3/ifort/2017.1.132-GCC-6.3.0-2.27/compilers_and_libraries_2017.1.132/linux/compiler/lib/intel64:/global/hds/software/cpu/eb3/icc/2017.1.132-GCC-6.3.0-2.27/compilers_and_libraries_2017.1.132/linux/compiler/lib/intel64:/global/hds/software/cpu/eb3/binutils/2.27-GCCcore-6.3.0/lib";' export 'LD_LIBRARY_PATH;' '__LMOD_REF_COUNT_LIBRARY_PATH="/global/hds/software/cpu/eb3/Boost/1.63.0-intel-2017a-Python-2.7.13/lib:1;/global/hds/software/cpu/eb3/Python/2.7.13-intel-2017a/lib/python2.7/site-packages/numpy-1.12.1-py2.7-linux-x86_64.egg/numpy/core/lib:1;/global/hds/software/cpu/eb3/Python/2.7.13-intel-2017a/lib:1;/global/hds/software/cpu/eb3/libffi/3.2.1-GCCcore-6.3.0/lib64:1;/global/hds/software/cpu/eb3/libffi/3.2.1-GCCcore-6.3.0/lib:1;/global/hds/software/cpu/eb3/GMP/6.1.2-GCCcore-6.3.0/lib:1;/global/hds/software/cpu/eb3/SQLite/3.17.0-GCCcore-6.3.0/lib:1;/global/hds/software/cpu/eb3/Tcl/8.6.6-GCCcore-6.3.0/lib:1;/global/hds/software/cpu/eb3/ncurses/6.0-intel-2017a/lib:1;/global/hds/software/cpu/eb3/libreadline/7.0-GCCcore-6.3.0/lib:1;/global/hds/software/cpu/eb3/GCCcore/6.3.0/lib64:1;/global/hds/software/cpu/eb3/GCCcore/6.3.0/lib:1;/global/hds/software/cpu/eb3/zlib/1.2.11-GCCcore-6.3.0/lib:1;/global/hds/software/cpu/eb3/bzip2/1.0.6-GCCcore-6.3.0/lib:1;/global/hds/software/cpu/eb3/imkl/2017.1.132-iimpi-2017a/mkl/lib/intel64:1;/global/hds/software/cpu/eb3/imkl/2017.1.132-iimpi-2017a/lib/intel64:1;/global/hds/software/cpu/eb3/impi/2017.1.132-iccifort-2017.1.132-GCC-6.3.0-2.27/lib64:1;/global/hds/software/cpu/eb3/ifort/2017.1.132-GCC-6.3.0-2.27/compilers_and_libraries_2017.1.132/linux/compiler/lib/intel64:1;/global/hds/software/cpu/eb3/icc/2017.1.132-GCC-6.3.0-2.27/compilers_and_libraries_2017.1.132/linux/compiler/lib/intel64:1;/global/hds/software/cpu/eb3/binutils/2.27-GCCcore-6.3.0/lib:1";' export '__LMOD_REF_COUNT_LIBRARY_PATH;' 'LIBRARY_PATH="/global/hds/software/cpu/eb3/Boost/1.63.0-intel-2017a-Python-2.7.13/lib:/global/hds/software/cpu/eb3/Python/2.7.13-intel-2017a/lib/python2.7/site-packages/numpy-1.12.1-py2.7-linux-x86_64.egg/numpy/core/lib:/global/hds/software/cpu/eb3/Python/2.7.13-intel-2017a/lib:/global/hds/software/cpu/eb3/libffi/3.2.1-GCCcore-6.3.0/lib64:/global/hds/software/cpu/eb3/libffi/3.2.1-GCCcore-6.3.0/lib:/global/hds/software/cpu/eb3/GMP/6.1.2-GCCcore-6.3.0/lib:/global/hds/software/cpu/eb3/SQLite/3.17.0-GCCcore-6.3.0/lib:/global/hds/software/cpu/eb3/Tcl/8.6.6-GCCcore-6.3.0/lib:/global/hds/software/cpu/eb3/ncurses/6.0-intel-2017a/lib:/global/hds/software/cpu/eb3/libreadline/7.0-GCCcore-6.3.0/lib:/global/hds/software/cpu/eb3/GCCcore/6.3.0/lib64:/global/hds/software/cpu/eb3/GCCcore/6.3.0/lib:/global/hds/software/cpu/eb3/zlib/1.2.11-GCCcore-6.3.0/lib:/global/hds/software/cpu/eb3/bzip2/1.0.6-GCCcore-6.3.0/lib:/global/hds/software/cpu/eb3/imkl/2017.1.132-iimpi-2017a/mkl/lib/intel64:/global/hds/software/cpu/eb3/imkl/2017.1.132-iimpi-2017a/lib/intel64:/global/hds/software/cpu/eb3/impi/2017.1.132-iccifort-2017.1.132-GCC-6.3.0-2.27/lib64:/global/hds/software/cpu/eb3/ifort/2017.1.132-GCC-6.3.0-2.27/compilers_and_libraries_2017.1.132/linux/compiler/lib/intel64:/global/hds/software/cpu/eb3/icc/2017.1.132-GCC-6.3.0-2.27/compilers_and_libraries_2017.1.132/linux/compiler/lib/intel64:/global/hds/software/cpu/eb3/binutils/2.27-GCCcore-6.3.0/lib";' export 'LIBRARY_PATH;' '__LMOD_REF_COUNT_LOADEDMODULES="gold/2.1.5.0:1;StdEnv:1;CMake/3.11.4-GCCcore-7.3.0:1;binutils/2.27-GCCcore-6.3.0:1;icc/2017.1.132-GCC-6.3.0-2.27:1;ifort/2017.1.132-GCC-6.3.0-2.27:1;iccifort/2017.1.132-GCC-6.3.0-2.27:1;impi/2017.1.132-iccifort-2017.1.132-GCC-6.3.0-2.27:1;iimpi/2017a:1;imkl/2017.1.132-iimpi-2017a:1;bzip2/1.0.6-GCCcore-6.3.0:1;zlib/1.2.11-GCCcore-6.3.0:1;GCCcore/6.3.0:1;libreadline/7.0-GCCcore-6.3.0:1;ncurses/6.0-intel-2017a:1;Tcl/8.6.6-GCCcore-6.3.0:1;SQLite/3.17.0-GCCcore-6.3.0:1;GMP/6.1.2-GCCcore-6.3.0:1;libffi/3.2.1-GCCcore-6.3.0:1;Python/2.7.13-intel-2017a:1;Boost/1.63.0-intel-2017a-Python-2.7.13:1;Eigen/3.3.5:1;intel/2017a:1";' export '__LMOD_REF_COUNT_LOADEDMODULES;' 'LOADEDMODULES="gold/2.1.5.0:StdEnv:CMake/3.11.4-GCCcore-7.3.0:binutils/2.27-GCCcore-6.3.0:icc/2017.1.132-GCC-6.3.0-2.27:ifort/2017.1.132-GCC-6.3.0-2.27:iccifort/2017.1.132-GCC-6.3.0-2.27:impi/2017.1.132-iccifort-2017.1.132-GCC-6.3.0-2.27:iimpi/2017a:imkl/2017.1.132-iimpi-2017a:bzip2/1.0.6-GCCcore-6.3.0:zlib/1.2.11-GCCcore-6.3.0:GCCcore/6.3.0:libreadline/7.0-GCCcore-6.3.0:ncurses/6.0-intel-2017a:Tcl/8.6.6-GCCcore-6.3.0:SQLite/3.17.0-GCCcore-6.3.0:GMP/6.1.2-GCCcore-6.3.0:libffi/3.2.1-GCCcore-6.3.0:Python/2.7.13-intel-2017a:Boost/1.63.0-intel-2017a-Python-2.7.13:Eigen/3.3.5:intel/2017a";' export 'LOADEDMODULES;' '__LMOD_REF_COUNT_MANPATH="/global/hds/software/cpu/eb3/Python/2.7.13-intel-2017a/share/man:1;/global/hds/software/cpu/eb3/libffi/3.2.1-GCCcore-6.3.0/share/man:1;/global/hds/software/cpu/eb3/SQLite/3.17.0-GCCcore-6.3.0/share/man:1;/global/hds/software/cpu/eb3/Tcl/8.6.6-GCCcore-6.3.0/share/man:1;/global/hds/software/cpu/eb3/Tcl/8.6.6-GCCcore-6.3.0/man:1;/global/hds/software/cpu/eb3/ncurses/6.0-intel-2017a/share/man:1;/global/hds/software/cpu/eb3/libreadline/7.0-GCCcore-6.3.0/share/man:1;/global/hds/software/cpu/eb3/GCCcore/6.3.0/share/man:1;/global/hds/software/cpu/eb3/zlib/1.2.11-GCCcore-6.3.0/share/man:1;/global/hds/software/cpu/eb3/bzip2/1.0.6-GCCcore-6.3.0/man:1;/global/hds/software/cpu/eb3/ifort/2017.1.132-GCC-6.3.0-2.27/compilers_and_libraries_2017.1.132/linux/man/common:1;/global/hds/software/cpu/eb3/icc/2017.1.132-GCC-6.3.0-2.27/compilers_and_libraries_2017.1.132/linux/man/common:1;/global/hds/software/cpu/eb3/binutils/2.27-GCCcore-6.3.0/share/man:1;/opt/torque/man:1;/opt/lmod/lmod/share/man:1";' export '__LMOD_REF_COUNT_MANPATH;' 'MANPATH="/global/hds/software/cpu/eb3/Python/2.7.13-intel-2017a/share/man:/global/hds/software/cpu/eb3/libffi/3.2.1-GCCcore-6.3.0/share/man:/global/hds/software/cpu/eb3/SQLite/3.17.0-GCCcore-6.3.0/share/man:/global/hds/software/cpu/eb3/Tcl/8.6.6-GCCcore-6.3.0/share/man:/global/hds/software/cpu/eb3/Tcl/8.6.6-GCCcore-6.3.0/man:/global/hds/software/cpu/eb3/ncurses/6.0-intel-2017a/share/man:/global/hds/software/cpu/eb3/libreadline/7.0-GCCcore-6.3.0/share/man:/global/hds/software/cpu/eb3/GCCcore/6.3.0/share/man:/global/hds/software/cpu/eb3/zlib/1.2.11-GCCcore-6.3.0/share/man:/global/hds/software/cpu/eb3/bzip2/1.0.6-GCCcore-6.3.0/man:/global/hds/software/cpu/eb3/ifort/2017.1.132-GCC-6.3.0-2.27/compilers_and_libraries_2017.1.132/linux/man/common:/global/hds/software/cpu/eb3/icc/2017.1.132-GCC-6.3.0-2.27/compilers_and_libraries_2017.1.132/linux/man/common:/global/hds/software/cpu/eb3/binutils/2.27-GCCcore-6.3.0/share/man:/opt/torque/man:/opt/lmod/lmod/share/man::";' export 'MANPATH;' '__LMOD_REF_COUNT_MIC_LD_LIBRARY_PATH="/global/hds/software/cpu/eb3/imkl/2017.1.132-iimpi-2017a/mkl/lib/mic:1;/global/hds/software/cpu/eb3/imkl/2017.1.132-iimpi-2017a/lib/intel64_lin_mic:1;/global/hds/software/cpu/eb3/impi/2017.1.132-iccifort-2017.1.132-GCC-6.3.0-2.27/mic/lib:1";' export '__LMOD_REF_COUNT_MIC_LD_LIBRARY_PATH;' 'MIC_LD_LIBRARY_PATH="/global/hds/software/cpu/eb3/imkl/2017.1.132-iimpi-2017a/mkl/lib/mic:/global/hds/software/cpu/eb3/imkl/2017.1.132-iimpi-2017a/lib/intel64_lin_mic:/global/hds/software/cpu/eb3/impi/2017.1.132-iccifort-2017.1.132-GCC-6.3.0-2.27/mic/lib";' export 'MIC_LD_LIBRARY_PATH;' 'MKLROOT="/global/hds/software/cpu/eb3/imkl/2017.1.132-iimpi-2017a/mkl";' export 'MKLROOT;' 'MKL_EXAMPLES="/global/hds/software/cpu/eb3/imkl/2017.1.132-iimpi-2017a/mkl/examples/";' export 'MKL_EXAMPLES;' 'MODULEPATH="/global/hds/modules/cpu/eb/all:/global/hds/modules/cpu/non-eb:/global/hds/modules/Linux:/global/hds/modules/Core:/opt/lmod/lmod/modulefiles/Core:/global/hds/modules/cpu/Old/Core:/global/hds/modules/cpu/Old/Applications:/global/hds/modules/cpu/Old/Development:/global/hds/modules/cpu/Old/Libraries:/global/hds/modules/cpu/Old/MPI:/global/hds/modules/cpu/Old/Compiler";' export 'MODULEPATH;' 'MODULEPATH_ROOT="/global/hds/modules/";' export 'MODULEPATH_ROOT;' '__LMOD_REF_COUNT_NLSPATH="/global/hds/software/cpu/eb3/imkl/2017.1.132-iimpi-2017a/idb/intel64/locale/%l_%t/%N:1;/global/hds/software/cpu/eb3/impi/2017.1.132-iccifort-2017.1.132-GCC-6.3.0-2.27/idb/intel64/locale/%l_%t/%N:1;/global/hds/software/cpu/eb3/ifort/2017.1.132-GCC-6.3.0-2.27/idb/intel64/locale/%l_%t/%N:1;/global/hds/software/cpu/eb3/icc/2017.1.132-GCC-6.3.0-2.27/idb/intel64/locale/%l_%t/%N:1";' export '__LMOD_REF_COUNT_NLSPATH;' 'NLSPATH="/global/hds/software/cpu/eb3/imkl/2017.1.132-iimpi-2017a/idb/intel64/locale/%l_%t/%N:/global/hds/software/cpu/eb3/impi/2017.1.132-iccifort-2017.1.132-GCC-6.3.0-2.27/idb/intel64/locale/%l_%t/%N:/global/hds/software/cpu/eb3/ifort/2017.1.132-GCC-6.3.0-2.27/idb/intel64/locale/%l_%t/%N:/global/hds/software/cpu/eb3/icc/2017.1.132-GCC-6.3.0-2.27/idb/intel64/locale/%l_%t/%N";' export 'NLSPATH;' '__LMOD_REF_COUNT_PATH="/global/hds/software/cpu/eb3/Python/2.7.13-intel-2017a/bin:1;/global/hds/software/cpu/eb3/SQLite/3.17.0-GCCcore-6.3.0/bin:1;/global/hds/software/cpu/eb3/Tcl/8.6.6-GCCcore-6.3.0/bin:1;/global/hds/software/cpu/eb3/ncurses/6.0-intel-2017a/bin:1;/global/hds/software/cpu/eb3/libreadline/7.0-GCCcore-6.3.0/bin:1;/global/hds/software/cpu/eb3/GCCcore/6.3.0/bin:1;/global/hds/software/cpu/eb3/bzip2/1.0.6-GCCcore-6.3.0/bin:1;/global/hds/software/cpu/eb3/imkl/2017.1.132-iimpi-2017a/mkl/bin:1;/global/hds/software/cpu/eb3/imkl/2017.1.132-iimpi-2017a/bin:1;/global/hds/software/cpu/eb3/impi/2017.1.132-iccifort-2017.1.132-GCC-6.3.0-2.27/bin64:1;/global/hds/software/cpu/eb3/ifort/2017.1.132-GCC-6.3.0-2.27/compilers_and_libraries_2017.1.132/linux/bin/intel64:1;/global/hds/software/cpu/eb3/icc/2017.1.132-GCC-6.3.0-2.27/compilers_and_libraries_2017.1.132/linux/bin/intel64:1;/global/hds/software/cpu/eb3/binutils/2.27-GCCcore-6.3.0/bin:1;/global/hds/software/cpu/eb3/CMake/3.11.4-GCCcore-7.3.0/bin:1;/global/apps/gold/2.1.5.0/bin:1;/usr/lib64/qt-3.3/bin:1;/usr/local/bin:1;/bin:1;/usr/bin:1;/usr/local/sbin:1;/usr/sbin:1;/sbin:1;/opt/ganglia/bin:1;/opt/ganglia/sbin:1;/usr/java/latest/bin:1;/opt/maven/bin:1;/opt/maui/bin:1;/opt/torque/bin:1;/opt/torque/sbin:1;/opt/pdsh/bin:1;/opt/rocks/bin:1;/opt/rocks/sbin:1;/home/ambr/bin:3;/home/ambr/bin/mrchem:2;/home/ambr/scripts_compchem:1";' export '__LMOD_REF_COUNT_PATH;' 'PATH="/global/hds/software/cpu/eb3/Python/2.7.13-intel-2017a/bin:/global/hds/software/cpu/eb3/SQLite/3.17.0-GCCcore-6.3.0/bin:/global/hds/software/cpu/eb3/Tcl/8.6.6-GCCcore-6.3.0/bin:/global/hds/software/cpu/eb3/ncurses/6.0-intel-2017a/bin:/global/hds/software/cpu/eb3/libreadline/7.0-GCCcore-6.3.0/bin:/global/hds/software/cpu/eb3/GCCcore/6.3.0/bin:/global/hds/software/cpu/eb3/bzip2/1.0.6-GCCcore-6.3.0/bin:/global/hds/software/cpu/eb3/imkl/2017.1.132-iimpi-2017a/mkl/bin:/global/hds/software/cpu/eb3/imkl/2017.1.132-iimpi-2017a/bin:/global/hds/software/cpu/eb3/impi/2017.1.132-iccifort-2017.1.132-GCC-6.3.0-2.27/bin64:/global/hds/software/cpu/eb3/ifort/2017.1.132-GCC-6.3.0-2.27/compilers_and_libraries_2017.1.132/linux/bin/intel64:/global/hds/software/cpu/eb3/icc/2017.1.132-GCC-6.3.0-2.27/compilers_and_libraries_2017.1.132/linux/bin/intel64:/global/hds/software/cpu/eb3/binutils/2.27-GCCcore-6.3.0/bin:/global/hds/software/cpu/eb3/CMake/3.11.4-GCCcore-7.3.0/bin:/global/apps/gold/2.1.5.0/bin:/usr/lib64/qt-3.3/bin:/usr/local/bin:/bin:/usr/bin:/usr/local/sbin:/usr/sbin:/sbin:/opt/ganglia/bin:/opt/ganglia/sbin:/usr/java/latest/bin:/opt/maven/bin:/opt/maui/bin:/opt/torque/bin:/opt/torque/sbin:/opt/pdsh/bin:/opt/rocks/bin:/opt/rocks/sbin:/home/ambr/bin:/home/ambr/bin/mrchem:/home/ambr/scripts_compchem";' export 'PATH;' '__LMOD_REF_COUNT_PKG_CONFIG_PATH="/global/hds/software/cpu/eb3/Eigen/3.3.5/share/pkgconfig:1;/global/hds/software/cpu/eb3/Python/2.7.13-intel-2017a/lib/pkgconfig:1;/global/hds/software/cpu/eb3/libffi/3.2.1-GCCcore-6.3.0/lib/pkgconfig:1;/global/hds/software/cpu/eb3/SQLite/3.17.0-GCCcore-6.3.0/lib/pkgconfig:1;/global/hds/software/cpu/eb3/Tcl/8.6.6-GCCcore-6.3.0/lib/pkgconfig:1;/global/hds/software/cpu/eb3/zlib/1.2.11-GCCcore-6.3.0/lib/pkgconfig:1";' export '__LMOD_REF_COUNT_PKG_CONFIG_PATH;' 'PKG_CONFIG_PATH="/global/hds/software/cpu/eb3/Eigen/3.3.5/share/pkgconfig:/global/hds/software/cpu/eb3/Python/2.7.13-intel-2017a/lib/pkgconfig:/global/hds/software/cpu/eb3/libffi/3.2.1-GCCcore-6.3.0/lib/pkgconfig:/global/hds/software/cpu/eb3/SQLite/3.17.0-GCCcore-6.3.0/lib/pkgconfig:/global/hds/software/cpu/eb3/Tcl/8.6.6-GCCcore-6.3.0/lib/pkgconfig:/global/hds/software/cpu/eb3/zlib/1.2.11-GCCcore-6.3.0/lib/pkgconfig";' export 'PKG_CONFIG_PATH;' '__LMOD_REF_COUNT__LMFILES_="/global/hds/modules/Core/gold/2.1.5.0.lua:1;/global/hds/modules/Core/StdEnv.lua:1;/global/hds/modules/cpu/eb/all/CMake/3.11.4-GCCcore-7.3.0.lua:1;/global/hds/modules/cpu/eb/all/binutils/2.27-GCCcore-6.3.0.lua:1;/global/hds/modules/cpu/eb/all/icc/2017.1.132-GCC-6.3.0-2.27.lua:1;/global/hds/modules/cpu/eb/all/ifort/2017.1.132-GCC-6.3.0-2.27.lua:1;/global/hds/modules/cpu/eb/all/iccifort/2017.1.132-GCC-6.3.0-2.27.lua:1;/global/hds/modules/cpu/eb/all/impi/2017.1.132-iccifort-2017.1.132-GCC-6.3.0-2.27.lua:1;/global/hds/modules/cpu/eb/all/iimpi/2017a.lua:1;/global/hds/modules/cpu/eb/all/imkl/2017.1.132-iimpi-2017a.lua:1;/global/hds/modules/cpu/eb/all/bzip2/1.0.6-GCCcore-6.3.0.lua:1;/global/hds/modules/cpu/eb/all/zlib/1.2.11-GCCcore-6.3.0.lua:1;/global/hds/modules/cpu/eb/all/GCCcore/6.3.0.lua:1;/global/hds/modules/cpu/eb/all/libreadline/7.0-GCCcore-6.3.0.lua:1;/global/hds/modules/cpu/eb/all/ncurses/6.0-intel-2017a.lua:1;/global/hds/modules/cpu/eb/all/Tcl/8.6.6-GCCcore-6.3.0.lua:1;/global/hds/modules/cpu/eb/all/SQLite/3.17.0-GCCcore-6.3.0.lua:1;/global/hds/modules/cpu/eb/all/GMP/6.1.2-GCCcore-6.3.0.lua:1;/global/hds/modules/cpu/eb/all/libffi/3.2.1-GCCcore-6.3.0.lua:1;/global/hds/modules/cpu/eb/all/Python/2.7.13-intel-2017a.lua:1;/global/hds/modules/cpu/eb/all/Boost/1.63.0-intel-2017a-Python-2.7.13.lua:1;/global/hds/modules/cpu/eb/all/Eigen/3.3.5.lua:1;/global/hds/modules/cpu/eb/all/intel/2017a.lua:1";' export '__LMOD_REF_COUNT__LMFILES_;' '_LMFILES_="/global/hds/modules/Core/gold/2.1.5.0.lua:/global/hds/modules/Core/StdEnv.lua:/global/hds/modules/cpu/eb/all/CMake/3.11.4-GCCcore-7.3.0.lua:/global/hds/modules/cpu/eb/all/binutils/2.27-GCCcore-6.3.0.lua:/global/hds/modules/cpu/eb/all/icc/2017.1.132-GCC-6.3.0-2.27.lua:/global/hds/modules/cpu/eb/all/ifort/2017.1.132-GCC-6.3.0-2.27.lua:/global/hds/modules/cpu/eb/all/iccifort/2017.1.132-GCC-6.3.0-2.27.lua:/global/hds/modules/cpu/eb/all/impi/2017.1.132-iccifort-2017.1.132-GCC-6.3.0-2.27.lua:/global/hds/modules/cpu/eb/all/iimpi/2017a.lua:/global/hds/modules/cpu/eb/all/imkl/2017.1.132-iimpi-2017a.lua:/global/hds/modules/cpu/eb/all/bzip2/1.0.6-GCCcore-6.3.0.lua:/global/hds/modules/cpu/eb/all/zlib/1.2.11-GCCcore-6.3.0.lua:/global/hds/modules/cpu/eb/all/GCCcore/6.3.0.lua:/global/hds/modules/cpu/eb/all/libreadline/7.0-GCCcore-6.3.0.lua:/global/hds/modules/cpu/eb/all/ncurses/6.0-intel-2017a.lua:/global/hds/modules/cpu/eb/all/Tcl/8.6.6-GCCcore-6.3.0.lua:/global/hds/modules/cpu/eb/all/SQLite/3.17.0-GCCcore-6.3.0.lua:/global/hds/modules/cpu/eb/all/GMP/6.1.2-GCCcore-6.3.0.lua:/global/hds/modules/cpu/eb/all/libffi/3.2.1-GCCcore-6.3.0.lua:/global/hds/modules/cpu/eb/all/Python/2.7.13-intel-2017a.lua:/global/hds/modules/cpu/eb/all/Boost/1.63.0-intel-2017a-Python-2.7.13.lua:/global/hds/modules/cpu/eb/all/Eigen/3.3.5.lua:/global/hds/modules/cpu/eb/all/intel/2017a.lua";' export '_LMFILES_;' '_ModuleTable001_="X01vZHVsZVRhYmxlXz17WyJNVHZlcnNpb24iXT0zLFsiY19yZWJ1aWxkVGltZSJdPWZhbHNlLFsiY19zaG9ydFRpbWUiXT0wLjAwMDczMDk5MTM2MzUyNTM5LGRlcHRoVD17fSxmYW1pbHk9e30sbVQ9e0Jvb3N0PXtbImZuIl09Ii9nbG9iYWwvaGRzL21vZHVsZXMvY3B1L2ViL2FsbC9Cb29zdC8xLjYzLjAtaW50ZWwtMjAxN2EtUHl0aG9uLTIuNy4xMy5sdWEiLFsiZnVsbE5hbWUiXT0iQm9vc3QvMS42My4wLWludGVsLTIwMTdhLVB5dGhvbi0yLjcuMTMiLFsibG9hZE9yZGVyIl09MjEscHJvcFQ9e30sWyJzdGFja0RlcHRoIl09MCxbInN0YXR1cyJdPSJhY3RpdmUiLFsidXNlck5hbWUiXT0iQm9vc3QvMS42My4wLWludGVsLTIwMTdhLVB5dGhvbi0yLjcuMTMiLH0sQ01ha2U9";' export '_ModuleTable001_;' '_ModuleTable002_="e1siZm4iXT0iL2dsb2JhbC9oZHMvbW9kdWxlcy9jcHUvZWIvYWxsL0NNYWtlLzMuMTEuNC1HQ0Njb3JlLTcuMy4wLmx1YSIsWyJmdWxsTmFtZSJdPSJDTWFrZS8zLjExLjQtR0NDY29yZS03LjMuMCIsWyJsb2FkT3JkZXIiXT0zLHByb3BUPXt9LFsic3RhY2tEZXB0aCJdPTAsWyJzdGF0dXMiXT0iYWN0aXZlIixbInVzZXJOYW1lIl09IkNNYWtlLzMuMTEuNC1HQ0Njb3JlLTcuMy4wIix9LEVpZ2VuPXtbImZuIl09Ii9nbG9iYWwvaGRzL21vZHVsZXMvY3B1L2ViL2FsbC9FaWdlbi8zLjMuNS5sdWEiLFsiZnVsbE5hbWUiXT0iRWlnZW4vMy4zLjUiLFsibG9hZE9yZGVyIl09MjIscHJvcFQ9e30sWyJzdGFja0RlcHRoIl09MCxbInN0YXR1cyJdPSJhY3RpdmUiLFsidXNlck5hbWUi";' export '_ModuleTable002_;' '_ModuleTable003_="XT0iRWlnZW4vMy4zLjUiLH0sR0NDY29yZT17WyJmbiJdPSIvZ2xvYmFsL2hkcy9tb2R1bGVzL2NwdS9lYi9hbGwvR0NDY29yZS82LjMuMC5sdWEiLFsiZnVsbE5hbWUiXT0iR0NDY29yZS82LjMuMCIsWyJsb2FkT3JkZXIiXT0xMyxwcm9wVD17fSxbInN0YWNrRGVwdGgiXT00LFsic3RhdHVzIl09ImFjdGl2ZSIsWyJ1c2VyTmFtZSJdPSJHQ0Njb3JlLzYuMy4wIix9LEdNUD17WyJmbiJdPSIvZ2xvYmFsL2hkcy9tb2R1bGVzL2NwdS9lYi9hbGwvR01QLzYuMS4yLUdDQ2NvcmUtNi4zLjAubHVhIixbImZ1bGxOYW1lIl09IkdNUC82LjEuMi1HQ0Njb3JlLTYuMy4wIixbImxvYWRPcmRlciJdPTE4LHByb3BUPXt9LFsic3RhY2tEZXB0aCJdPTIsWyJzdGF0dXMiXT0iYWN0aXZlIixb";' export '_ModuleTable003_;' '_ModuleTable004_="InVzZXJOYW1lIl09IkdNUC82LjEuMi1HQ0Njb3JlLTYuMy4wIix9LFB5dGhvbj17WyJmbiJdPSIvZ2xvYmFsL2hkcy9tb2R1bGVzL2NwdS9lYi9hbGwvUHl0aG9uLzIuNy4xMy1pbnRlbC0yMDE3YS5sdWEiLFsiZnVsbE5hbWUiXT0iUHl0aG9uLzIuNy4xMy1pbnRlbC0yMDE3YSIsWyJsb2FkT3JkZXIiXT0yMCxwcm9wVD17fSxbInN0YWNrRGVwdGgiXT0xLFsic3RhdHVzIl09ImFjdGl2ZSIsWyJ1c2VyTmFtZSJdPSJQeXRob24vMi43LjEzLWludGVsLTIwMTdhIix9LFNRTGl0ZT17WyJmbiJdPSIvZ2xvYmFsL2hkcy9tb2R1bGVzL2NwdS9lYi9hbGwvU1FMaXRlLzMuMTcuMC1HQ0Njb3JlLTYuMy4wLmx1YSIsWyJmdWxsTmFtZSJdPSJTUUxpdGUvMy4xNy4wLUdDQ2NvcmUtNi4z";' export '_ModuleTable004_;' '_ModuleTable005_="LjAiLFsibG9hZE9yZGVyIl09MTcscHJvcFQ9e30sWyJzdGFja0RlcHRoIl09MixbInN0YXR1cyJdPSJhY3RpdmUiLFsidXNlck5hbWUiXT0iU1FMaXRlLzMuMTcuMC1HQ0Njb3JlLTYuMy4wIix9LFN0ZEVudj17WyJmbiJdPSIvZ2xvYmFsL2hkcy9tb2R1bGVzL0NvcmUvU3RkRW52Lmx1YSIsWyJmdWxsTmFtZSJdPSJTdGRFbnYiLFsibG9hZE9yZGVyIl09Mixwcm9wVD17bG1vZD17WyJzdGlja3kiXT0xLH0sfSxbInN0YWNrRGVwdGgiXT0wLFsic3RhdHVzIl09ImFjdGl2ZSIsWyJ1c2VyTmFtZSJdPSJTdGRFbnYiLH0sVGNsPXtbImZuIl09Ii9nbG9iYWwvaGRzL21vZHVsZXMvY3B1L2ViL2FsbC9UY2wvOC42LjYtR0NDY29yZS02LjMuMC5sdWEiLFsiZnVsbE5hbWUiXT0iVGNs";' export '_ModuleTable005_;' '_ModuleTable006_="LzguNi42LUdDQ2NvcmUtNi4zLjAiLFsibG9hZE9yZGVyIl09MTYscHJvcFQ9e30sWyJzdGFja0RlcHRoIl09MyxbInN0YXR1cyJdPSJhY3RpdmUiLFsidXNlck5hbWUiXT0iVGNsLzguNi42LUdDQ2NvcmUtNi4zLjAiLH0sYmludXRpbHM9e1siZm4iXT0iL2dsb2JhbC9oZHMvbW9kdWxlcy9jcHUvZWIvYWxsL2JpbnV0aWxzLzIuMjctR0NDY29yZS02LjMuMC5sdWEiLFsiZnVsbE5hbWUiXT0iYmludXRpbHMvMi4yNy1HQ0Njb3JlLTYuMy4wIixbImxvYWRPcmRlciJdPTQscHJvcFQ9e30sWyJzdGFja0RlcHRoIl09MixbInN0YXR1cyJdPSJhY3RpdmUiLFsidXNlck5hbWUiXT0iYmludXRpbHMvMi4yNy1HQ0Njb3JlLTYuMy4wIix9LGJ6aXAyPXtbImZuIl09Ii9nbG9iYWwvaGRz";' export '_ModuleTable006_;' '_ModuleTable007_="L21vZHVsZXMvY3B1L2ViL2FsbC9iemlwMi8xLjAuNi1HQ0Njb3JlLTYuMy4wLmx1YSIsWyJmdWxsTmFtZSJdPSJiemlwMi8xLjAuNi1HQ0Njb3JlLTYuMy4wIixbImxvYWRPcmRlciJdPTExLHByb3BUPXt9LFsic3RhY2tEZXB0aCJdPTEsWyJzdGF0dXMiXT0iYWN0aXZlIixbInVzZXJOYW1lIl09ImJ6aXAyLzEuMC42LUdDQ2NvcmUtNi4zLjAiLH0sZ29sZD17WyJmbiJdPSIvZ2xvYmFsL2hkcy9tb2R1bGVzL0NvcmUvZ29sZC8yLjEuNS4wLmx1YSIsWyJmdWxsTmFtZSJdPSJnb2xkLzIuMS41LjAiLFsibG9hZE9yZGVyIl09MSxwcm9wVD17bG1vZD17WyJzdGlja3kiXT0xLH0sfSxbInN0YWNrRGVwdGgiXT0wLFsic3RhdHVzIl09ImFjdGl2ZSIsWyJ1c2VyTmFtZSJdPSJnb2xk";' export '_ModuleTable007_;' '_ModuleTable008_="Iix9LGljYz17WyJmbiJdPSIvZ2xvYmFsL2hkcy9tb2R1bGVzL2NwdS9lYi9hbGwvaWNjLzIwMTcuMS4xMzItR0NDLTYuMy4wLTIuMjcubHVhIixbImZ1bGxOYW1lIl09ImljYy8yMDE3LjEuMTMyLUdDQy02LjMuMC0yLjI3IixbImxvYWRPcmRlciJdPTUscHJvcFQ9e30sWyJzdGFja0RlcHRoIl09MixbInN0YXR1cyJdPSJhY3RpdmUiLFsidXNlck5hbWUiXT0iaWNjLzIwMTcuMS4xMzItR0NDLTYuMy4wLTIuMjciLH0saWNjaWZvcnQ9e1siZm4iXT0iL2dsb2JhbC9oZHMvbW9kdWxlcy9jcHUvZWIvYWxsL2ljY2lmb3J0LzIwMTcuMS4xMzItR0NDLTYuMy4wLTIuMjcubHVhIixbImZ1bGxOYW1lIl09ImljY2lmb3J0LzIwMTcuMS4xMzItR0NDLTYuMy4wLTIuMjciLFsibG9hZE9y";' export '_ModuleTable008_;' '_ModuleTable009_="ZGVyIl09Nyxwcm9wVD17fSxbInN0YWNrRGVwdGgiXT0zLFsic3RhdHVzIl09ImFjdGl2ZSIsWyJ1c2VyTmFtZSJdPSJpY2NpZm9ydC8yMDE3LjEuMTMyLUdDQy02LjMuMC0yLjI3Iix9LGlmb3J0PXtbImZuIl09Ii9nbG9iYWwvaGRzL21vZHVsZXMvY3B1L2ViL2FsbC9pZm9ydC8yMDE3LjEuMTMyLUdDQy02LjMuMC0yLjI3Lmx1YSIsWyJmdWxsTmFtZSJdPSJpZm9ydC8yMDE3LjEuMTMyLUdDQy02LjMuMC0yLjI3IixbImxvYWRPcmRlciJdPTYscHJvcFQ9e30sWyJzdGFja0RlcHRoIl09MixbInN0YXR1cyJdPSJhY3RpdmUiLFsidXNlck5hbWUiXT0iaWZvcnQvMjAxNy4xLjEzMi1HQ0MtNi4zLjAtMi4yNyIsfSxpaW1waT17WyJmbiJdPSIvZ2xvYmFsL2hkcy9tb2R1bGVzL2Nw";' export '_ModuleTable009_;' '_ModuleTable010_="dS9lYi9hbGwvaWltcGkvMjAxN2EubHVhIixbImZ1bGxOYW1lIl09ImlpbXBpLzIwMTdhIixbImxvYWRPcmRlciJdPTkscHJvcFQ9e30sWyJzdGFja0RlcHRoIl09MyxbInN0YXR1cyJdPSJhY3RpdmUiLFsidXNlck5hbWUiXT0iaWltcGkvMjAxN2EiLH0saW1rbD17WyJmbiJdPSIvZ2xvYmFsL2hkcy9tb2R1bGVzL2NwdS9lYi9hbGwvaW1rbC8yMDE3LjEuMTMyLWlpbXBpLTIwMTdhLmx1YSIsWyJmdWxsTmFtZSJdPSJpbWtsLzIwMTcuMS4xMzItaWltcGktMjAxN2EiLFsibG9hZE9yZGVyIl09MTAscHJvcFQ9e30sWyJzdGFja0RlcHRoIl09MixbInN0YXR1cyJdPSJhY3RpdmUiLFsidXNlck5hbWUiXT0iaW1rbC8yMDE3LjEuMTMyLWlpbXBpLTIwMTdhIix9LGltcGk9e1siZm4i";' export '_ModuleTable010_;' '_ModuleTable011_="XT0iL2dsb2JhbC9oZHMvbW9kdWxlcy9jcHUvZWIvYWxsL2ltcGkvMjAxNy4xLjEzMi1pY2NpZm9ydC0yMDE3LjEuMTMyLUdDQy02LjMuMC0yLjI3Lmx1YSIsWyJmdWxsTmFtZSJdPSJpbXBpLzIwMTcuMS4xMzItaWNjaWZvcnQtMjAxNy4xLjEzMi1HQ0MtNi4zLjAtMi4yNyIsWyJsb2FkT3JkZXIiXT04LHByb3BUPXt9LFsic3RhY2tEZXB0aCJdPTIsWyJzdGF0dXMiXT0iYWN0aXZlIixbInVzZXJOYW1lIl09ImltcGkvMjAxNy4xLjEzMi1pY2NpZm9ydC0yMDE3LjEuMTMyLUdDQy02LjMuMC0yLjI3Iix9LGludGVsPXtbImZuIl09Ii9nbG9iYWwvaGRzL21vZHVsZXMvY3B1L2ViL2FsbC9pbnRlbC8yMDE3YS5sdWEiLFsiZnVsbE5hbWUiXT0iaW50ZWwvMjAxN2EiLFsibG9hZE9y";' export '_ModuleTable011_;' '_ModuleTable012_="ZGVyIl09MjMscHJvcFQ9e30sWyJzdGFja0RlcHRoIl09MCxbInN0YXR1cyJdPSJhY3RpdmUiLFsidXNlck5hbWUiXT0iaW50ZWwvMjAxN2EiLH0sbGliZmZpPXtbImZuIl09Ii9nbG9iYWwvaGRzL21vZHVsZXMvY3B1L2ViL2FsbC9saWJmZmkvMy4yLjEtR0NDY29yZS02LjMuMC5sdWEiLFsiZnVsbE5hbWUiXT0ibGliZmZpLzMuMi4xLUdDQ2NvcmUtNi4zLjAiLFsibG9hZE9yZGVyIl09MTkscHJvcFQ9e30sWyJzdGFja0RlcHRoIl09MixbInN0YXR1cyJdPSJhY3RpdmUiLFsidXNlck5hbWUiXT0ibGliZmZpLzMuMi4xLUdDQ2NvcmUtNi4zLjAiLH0sbGlicmVhZGxpbmU9e1siZm4iXT0iL2dsb2JhbC9oZHMvbW9kdWxlcy9jcHUvZWIvYWxsL2xpYnJlYWRsaW5lLzcuMC1HQ0Nj";' export '_ModuleTable012_;' '_ModuleTable013_="b3JlLTYuMy4wLmx1YSIsWyJmdWxsTmFtZSJdPSJsaWJyZWFkbGluZS83LjAtR0NDY29yZS02LjMuMCIsWyJsb2FkT3JkZXIiXT0xNCxwcm9wVD17fSxbInN0YWNrRGVwdGgiXT0yLFsic3RhdHVzIl09ImFjdGl2ZSIsWyJ1c2VyTmFtZSJdPSJsaWJyZWFkbGluZS83LjAtR0NDY29yZS02LjMuMCIsfSxuY3Vyc2VzPXtbImZuIl09Ii9nbG9iYWwvaGRzL21vZHVsZXMvY3B1L2ViL2FsbC9uY3Vyc2VzLzYuMC1pbnRlbC0yMDE3YS5sdWEiLFsiZnVsbE5hbWUiXT0ibmN1cnNlcy82LjAtaW50ZWwtMjAxN2EiLFsibG9hZE9yZGVyIl09MTUscHJvcFQ9e30sWyJzdGFja0RlcHRoIl09MixbInN0YXR1cyJdPSJhY3RpdmUiLFsidXNlck5hbWUiXT0ibmN1cnNlcy82LjAtaW50ZWwtMjAx";' export '_ModuleTable013_;' '_ModuleTable014_="N2EiLH0semxpYj17WyJmbiJdPSIvZ2xvYmFsL2hkcy9tb2R1bGVzL2NwdS9lYi9hbGwvemxpYi8xLjIuMTEtR0NDY29yZS02LjMuMC5sdWEiLFsiZnVsbE5hbWUiXT0iemxpYi8xLjIuMTEtR0NDY29yZS02LjMuMCIsWyJsb2FkT3JkZXIiXT0xMixwcm9wVD17fSxbInN0YWNrRGVwdGgiXT0xLFsic3RhdHVzIl09ImFjdGl2ZSIsWyJ1c2VyTmFtZSJdPSJ6bGliLzEuMi4xMS1HQ0Njb3JlLTYuMy4wIix9LH0sbXBhdGhBPXsiL2dsb2JhbC9oZHMvbW9kdWxlcy9jcHUvZWIvYWxsIiwiL2dsb2JhbC9oZHMvbW9kdWxlcy9jcHUvbm9uLWViIiwiL2dsb2JhbC9oZHMvbW9kdWxlcy9MaW51eCIsIi9nbG9iYWwvaGRzL21vZHVsZXMvQ29yZSIsIi9vcHQvbG1vZC9sbW9kL21vZHVsZWZp";' export '_ModuleTable014_;' '_ModuleTable015_="bGVzL0NvcmUiLCIvZ2xvYmFsL2hkcy9tb2R1bGVzL2NwdS9PbGQvQ29yZSIsIi9nbG9iYWwvaGRzL21vZHVsZXMvY3B1L09sZC9BcHBsaWNhdGlvbnMiLCIvZ2xvYmFsL2hkcy9tb2R1bGVzL2NwdS9PbGQvRGV2ZWxvcG1lbnQiLCIvZ2xvYmFsL2hkcy9tb2R1bGVzL2NwdS9PbGQvTGlicmFyaWVzIiwiL2dsb2JhbC9oZHMvbW9kdWxlcy9jcHUvT2xkL01QSSIsIi9nbG9iYWwvaGRzL21vZHVsZXMvY3B1L09sZC9Db21waWxlciIsfSxbInN5c3RlbUJhc2VNUEFUSCJdPSIvZ2xvYmFsL2hkcy9tb2R1bGVzL0xpbnV4Oi9nbG9iYWwvaGRzL21vZHVsZXMvQ29yZTovb3B0L2xtb2QvbG1vZC9tb2R1bGVmaWxlcy9Db3JlIix9";' export '_ModuleTable015_;' '_ModuleTable_Sz_="15";' export '_ModuleTable_Sz_;' '__LMOD_STACK_MODULEPATH_ROOT="L2dsb2JhbC9oZHMvbW9kdWxlcy8=:L2dsb2JhbC9oZHMvbW9kdWxlcw==";' export '__LMOD_STACK_MODULEPATH_ROOT;'
++ __LMOD_REF_COUNT_ACLOCAL_PATH=/global/hds/software/cpu/eb3/CMake/3.11.4-GCCcore-7.3.0/share/aclocal:1
++ export __LMOD_REF_COUNT_ACLOCAL_PATH
++ ACLOCAL_PATH=/global/hds/software/cpu/eb3/CMake/3.11.4-GCCcore-7.3.0/share/aclocal
++ export ACLOCAL_PATH
++ BOOST_ROOT=/global/hds/software/cpu/eb3/Boost/1.63.0-intel-2017a-Python-2.7.13
++ export BOOST_ROOT
++ __LMOD_REF_COUNT_CPATH='/global/hds/software/cpu/eb3/Eigen/3.3.5/include:1;/global/hds/software/cpu/eb3/Boost/1.63.0-intel-2017a-Python-2.7.13/include:1;/global/hds/software/cpu/eb3/Python/2.7.13-intel-2017a/lib/python2.7/site-packages/numpy-1.12.1-py2.7-linux-x86_64.egg/numpy/core/include:1;/global/hds/software/cpu/eb3/Python/2.7.13-intel-2017a/include:1;/global/hds/software/cpu/eb3/GMP/6.1.2-GCCcore-6.3.0/include:1;/global/hds/software/cpu/eb3/SQLite/3.17.0-GCCcore-6.3.0/include:1;/global/hds/software/cpu/eb3/Tcl/8.6.6-GCCcore-6.3.0/include:1;/global/hds/software/cpu/eb3/ncurses/6.0-intel-2017a/include:1;/global/hds/software/cpu/eb3/libreadline/7.0-GCCcore-6.3.0/include:1;/global/hds/software/cpu/eb3/GCCcore/6.3.0/include:1;/global/hds/software/cpu/eb3/zlib/1.2.11-GCCcore-6.3.0/include:1;/global/hds/software/cpu/eb3/bzip2/1.0.6-GCCcore-6.3.0/include:1;/global/hds/software/cpu/eb3/imkl/2017.1.132-iimpi-2017a/mkl/include/fftw:1;/global/hds/software/cpu/eb3/imkl/2017.1.132-iimpi-2017a/mkl/include:1;/global/hds/software/cpu/eb3/impi/2017.1.132-iccifort-2017.1.132-GCC-6.3.0-2.27/include64:1;/global/hds/software/cpu/eb3/binutils/2.27-GCCcore-6.3.0/include:1'
++ export __LMOD_REF_COUNT_CPATH
++ CPATH=/global/hds/software/cpu/eb3/Eigen/3.3.5/include:/global/hds/software/cpu/eb3/Boost/1.63.0-intel-2017a-Python-2.7.13/include:/global/hds/software/cpu/eb3/Python/2.7.13-intel-2017a/lib/python2.7/site-packages/numpy-1.12.1-py2.7-linux-x86_64.egg/numpy/core/include:/global/hds/software/cpu/eb3/Python/2.7.13-intel-2017a/include:/global/hds/software/cpu/eb3/GMP/6.1.2-GCCcore-6.3.0/include:/global/hds/software/cpu/eb3/SQLite/3.17.0-GCCcore-6.3.0/include:/global/hds/software/cpu/eb3/Tcl/8.6.6-GCCcore-6.3.0/include:/global/hds/software/cpu/eb3/ncurses/6.0-intel-2017a/include:/global/hds/software/cpu/eb3/libreadline/7.0-GCCcore-6.3.0/include:/global/hds/software/cpu/eb3/GCCcore/6.3.0/include:/global/hds/software/cpu/eb3/zlib/1.2.11-GCCcore-6.3.0/include:/global/hds/software/cpu/eb3/bzip2/1.0.6-GCCcore-6.3.0/include:/global/hds/software/cpu/eb3/imkl/2017.1.132-iimpi-2017a/mkl/include/fftw:/global/hds/software/cpu/eb3/imkl/2017.1.132-iimpi-2017a/mkl/include:/global/hds/software/cpu/eb3/impi/2017.1.132-iccifort-2017.1.132-GCC-6.3.0-2.27/include64:/global/hds/software/cpu/eb3/binutils/2.27-GCCcore-6.3.0/include
++ export CPATH
++ __LMOD_REF_COUNT_CPLUS_INCLUDE_PATH=/global/hds/software/cpu/eb3/Eigen/3.3.5/include:1
++ export __LMOD_REF_COUNT_CPLUS_INCLUDE_PATH
++ CPLUS_INCLUDE_PATH=/global/hds/software/cpu/eb3/Eigen/3.3.5/include
++ export CPLUS_INCLUDE_PATH
++ EBDEVELBINUTILS=/global/hds/software/cpu/eb3/binutils/2.27-GCCcore-6.3.0/easybuild/binutils-2.27-GCCcore-6.3.0-easybuild-devel
++ export EBDEVELBINUTILS
++ EBDEVELBOOST=/global/hds/software/cpu/eb3/Boost/1.63.0-intel-2017a-Python-2.7.13/easybuild/Boost-1.63.0-intel-2017a-Python-2.7.13-easybuild-devel
++ export EBDEVELBOOST
++ EBDEVELBZIP2=/global/hds/software/cpu/eb3/bzip2/1.0.6-GCCcore-6.3.0/easybuild/bzip2-1.0.6-GCCcore-6.3.0-easybuild-devel
++ export EBDEVELBZIP2
++ EBDEVELCMAKE=/global/hds/software/cpu/eb3/CMake/3.11.4-GCCcore-7.3.0/easybuild/CMake-3.11.4-GCCcore-7.3.0-easybuild-devel
++ export EBDEVELCMAKE
++ EBDEVELEIGEN=/global/hds/software/cpu/eb3/Eigen/3.3.5/easybuild/Eigen-3.3.5-easybuild-devel
++ export EBDEVELEIGEN
++ EBDEVELGCCCORE=/global/hds/software/cpu/eb3/GCCcore/6.3.0/easybuild/GCCcore-6.3.0-easybuild-devel
++ export EBDEVELGCCCORE
++ EBDEVELGMP=/global/hds/software/cpu/eb3/GMP/6.1.2-GCCcore-6.3.0/easybuild/GMP-6.1.2-GCCcore-6.3.0-easybuild-devel
++ export EBDEVELGMP
++ EBDEVELICC=/global/hds/software/cpu/eb3/icc/2017.1.132-GCC-6.3.0-2.27/easybuild/icc-2017.1.132-GCC-6.3.0-2.27-easybuild-devel
++ export EBDEVELICC
++ EBDEVELICCIFORT=/global/hds/software/cpu/eb3/iccifort/2017.1.132-GCC-6.3.0-2.27/easybuild/iccifort-2017.1.132-GCC-6.3.0-2.27-easybuild-devel
++ export EBDEVELICCIFORT
++ EBDEVELIFORT=/global/hds/software/cpu/eb3/ifort/2017.1.132-GCC-6.3.0-2.27/easybuild/ifort-2017.1.132-GCC-6.3.0-2.27-easybuild-devel
++ export EBDEVELIFORT
++ EBDEVELIIMPI=/global/hds/software/cpu/eb3/iimpi/2017a/easybuild/iimpi-2017a-easybuild-devel
++ export EBDEVELIIMPI
++ EBDEVELIMKL=/global/hds/software/cpu/eb3/imkl/2017.1.132-iimpi-2017a/easybuild/imkl-2017.1.132-iimpi-2017a-easybuild-devel
++ export EBDEVELIMKL
++ EBDEVELIMPI=/global/hds/software/cpu/eb3/impi/2017.1.132-iccifort-2017.1.132-GCC-6.3.0-2.27/easybuild/impi-2017.1.132-iccifort-2017.1.132-GCC-6.3.0-2.27-easybuild-devel
++ export EBDEVELIMPI
++ EBDEVELINTEL=/global/hds/software/cpu/eb3/intel/2017a/easybuild/intel-2017a-easybuild-devel
++ export EBDEVELINTEL
++ EBDEVELLIBFFI=/global/hds/software/cpu/eb3/libffi/3.2.1-GCCcore-6.3.0/easybuild/libffi-3.2.1-GCCcore-6.3.0-easybuild-devel
++ export EBDEVELLIBFFI
++ EBDEVELLIBREADLINE=/global/hds/software/cpu/eb3/libreadline/7.0-GCCcore-6.3.0/easybuild/libreadline-7.0-GCCcore-6.3.0-easybuild-devel
++ export EBDEVELLIBREADLINE
++ EBDEVELNCURSES=/global/hds/software/cpu/eb3/ncurses/6.0-intel-2017a/easybuild/ncurses-6.0-intel-2017a-easybuild-devel
++ export EBDEVELNCURSES
++ EBDEVELPYTHON=/global/hds/software/cpu/eb3/Python/2.7.13-intel-2017a/easybuild/Python-2.7.13-intel-2017a-easybuild-devel
++ export EBDEVELPYTHON
++ EBDEVELSQLITE=/global/hds/software/cpu/eb3/SQLite/3.17.0-GCCcore-6.3.0/easybuild/SQLite-3.17.0-GCCcore-6.3.0-easybuild-devel
++ export EBDEVELSQLITE
++ EBDEVELTCL=/global/hds/software/cpu/eb3/Tcl/8.6.6-GCCcore-6.3.0/easybuild/Tcl-8.6.6-GCCcore-6.3.0-easybuild-devel
++ export EBDEVELTCL
++ EBDEVELZLIB=/global/hds/software/cpu/eb3/zlib/1.2.11-GCCcore-6.3.0/easybuild/zlib-1.2.11-GCCcore-6.3.0-easybuild-devel
++ export EBDEVELZLIB
++ EBEXTSLISTPYTHON=setuptools-33.1.1,pip-9.0.1,nose-1.3.7,numpy-1.12.1,scipy-0.19.0,blist-1.3.6,mpi4py-2.0.0,paycheck-1.0.2,pbr-2.0.0,Cython-0.25.2,six-1.10.0,dateutil-2.6.0,deap-1.0.2,decorator-4.0.11,arff-2.1.0,pycrypto-2.6.1,ecdsa-0.13,cryptography-1.8.1,paramiko-2.1.2,pyparsing-2.2.0,netifaces-0.10.5,netaddr-0.7.19,funcsigs-1.0.2,mock-2.0.0,pytz-2017.2,pandas-0.19.2,enum34-1.1.6,bitstring-3.1.5,virtualenv-15.1.0,docopt-0.6.2,joblib-0.11
++ export EBEXTSLISTPYTHON
++ EBROOTBINUTILS=/global/hds/software/cpu/eb3/binutils/2.27-GCCcore-6.3.0
++ export EBROOTBINUTILS
++ EBROOTBOOST=/global/hds/software/cpu/eb3/Boost/1.63.0-intel-2017a-Python-2.7.13
++ export EBROOTBOOST
++ EBROOTBZIP2=/global/hds/software/cpu/eb3/bzip2/1.0.6-GCCcore-6.3.0
++ export EBROOTBZIP2
++ EBROOTCMAKE=/global/hds/software/cpu/eb3/CMake/3.11.4-GCCcore-7.3.0
++ export EBROOTCMAKE
++ EBROOTEIGEN=/global/hds/software/cpu/eb3/Eigen/3.3.5
++ export EBROOTEIGEN
++ EBROOTGCCCORE=/global/hds/software/cpu/eb3/GCCcore/6.3.0
++ export EBROOTGCCCORE
++ EBROOTGMP=/global/hds/software/cpu/eb3/GMP/6.1.2-GCCcore-6.3.0
++ export EBROOTGMP
++ EBROOTICC=/global/hds/software/cpu/eb3/icc/2017.1.132-GCC-6.3.0-2.27
++ export EBROOTICC
++ EBROOTICCIFORT=/global/hds/software/cpu/eb3/iccifort/2017.1.132-GCC-6.3.0-2.27
++ export EBROOTICCIFORT
++ EBROOTIFORT=/global/hds/software/cpu/eb3/ifort/2017.1.132-GCC-6.3.0-2.27
++ export EBROOTIFORT
++ EBROOTIIMPI=/global/hds/software/cpu/eb3/iimpi/2017a
++ export EBROOTIIMPI
++ EBROOTIMKL=/global/hds/software/cpu/eb3/imkl/2017.1.132-iimpi-2017a
++ export EBROOTIMKL
++ EBROOTIMPI=/global/hds/software/cpu/eb3/impi/2017.1.132-iccifort-2017.1.132-GCC-6.3.0-2.27
++ export EBROOTIMPI
++ EBROOTINTEL=/global/hds/software/cpu/eb3/intel/2017a
++ export EBROOTINTEL
++ EBROOTLIBFFI=/global/hds/software/cpu/eb3/libffi/3.2.1-GCCcore-6.3.0
++ export EBROOTLIBFFI
++ EBROOTLIBREADLINE=/global/hds/software/cpu/eb3/libreadline/7.0-GCCcore-6.3.0
++ export EBROOTLIBREADLINE
++ EBROOTNCURSES=/global/hds/software/cpu/eb3/ncurses/6.0-intel-2017a
++ export EBROOTNCURSES
++ EBROOTPYTHON=/global/hds/software/cpu/eb3/Python/2.7.13-intel-2017a
++ export EBROOTPYTHON
++ EBROOTSQLITE=/global/hds/software/cpu/eb3/SQLite/3.17.0-GCCcore-6.3.0
++ export EBROOTSQLITE
++ EBROOTTCL=/global/hds/software/cpu/eb3/Tcl/8.6.6-GCCcore-6.3.0
++ export EBROOTTCL
++ EBROOTZLIB=/global/hds/software/cpu/eb3/zlib/1.2.11-GCCcore-6.3.0
++ export EBROOTZLIB
++ EBVERSIONBINUTILS=2.27
++ export EBVERSIONBINUTILS
++ EBVERSIONBOOST=1.63.0
++ export EBVERSIONBOOST
++ EBVERSIONBZIP2=1.0.6
++ export EBVERSIONBZIP2
++ EBVERSIONCMAKE=3.11.4
++ export EBVERSIONCMAKE
++ EBVERSIONEIGEN=3.3.5
++ export EBVERSIONEIGEN
++ EBVERSIONGCCCORE=6.3.0
++ export EBVERSIONGCCCORE
++ EBVERSIONGMP=6.1.2
++ export EBVERSIONGMP
++ EBVERSIONICC=2017.1.132
++ export EBVERSIONICC
++ EBVERSIONICCIFORT=2017.1.132
++ export EBVERSIONICCIFORT
++ EBVERSIONIFORT=2017.1.132
++ export EBVERSIONIFORT
++ EBVERSIONIIMPI=2017a
++ export EBVERSIONIIMPI
++ EBVERSIONIMKL=2017.1.132
++ export EBVERSIONIMKL
++ EBVERSIONIMPI=2017.1.132
++ export EBVERSIONIMPI
++ EBVERSIONINTEL=2017a
++ export EBVERSIONINTEL
++ EBVERSIONLIBFFI=3.2.1
++ export EBVERSIONLIBFFI
++ EBVERSIONLIBREADLINE=7.0
++ export EBVERSIONLIBREADLINE
++ EBVERSIONNCURSES=6.0
++ export EBVERSIONNCURSES
++ EBVERSIONPYTHON=2.7.13
++ export EBVERSIONPYTHON
++ EBVERSIONSQLITE=3.17.0
++ export EBVERSIONSQLITE
++ EBVERSIONTCL=8.6.6
++ export EBVERSIONTCL
++ EBVERSIONZLIB=1.2.11
++ export EBVERSIONZLIB
++ Eigen3_DIR=/global/hds/software/cpu/eb3/Eigen/3.3.5
++ export Eigen3_DIR
++ __LMOD_REF_COUNT_INTEL_LICENSE_FILE='/global/apps/intel/licenses/USE_SERVER.lic:4;/global/apps/intel/licenses/licence.lic:4'
++ export __LMOD_REF_COUNT_INTEL_LICENSE_FILE
++ INTEL_LICENSE_FILE=/global/apps/intel/licenses/USE_SERVER.lic:/global/apps/intel/licenses/licence.lic
++ export INTEL_LICENSE_FILE
++ INTEL_PYTHONHOME=/global/hds/software/cpu/eb3/ifort/2017.1.132-GCC-6.3.0-2.27/debugger_2017/python/intel64
++ export INTEL_PYTHONHOME
++ I_MPI_ROOT=/global/hds/software/cpu/eb3/impi/2017.1.132-iccifort-2017.1.132-GCC-6.3.0-2.27
++ export I_MPI_ROOT
++ __LMOD_REF_COUNT_LD_LIBRARY_PATH='/global/hds/software/cpu/eb3/Boost/1.63.0-intel-2017a-Python-2.7.13/lib:1;/global/hds/software/cpu/eb3/Python/2.7.13-intel-2017a/lib/python2.7/site-packages/numpy-1.12.1-py2.7-linux-x86_64.egg/numpy/core/lib:1;/global/hds/software/cpu/eb3/Python/2.7.13-intel-2017a/lib:1;/global/hds/software/cpu/eb3/libffi/3.2.1-GCCcore-6.3.0/lib64:1;/global/hds/software/cpu/eb3/libffi/3.2.1-GCCcore-6.3.0/lib:1;/global/hds/software/cpu/eb3/GMP/6.1.2-GCCcore-6.3.0/lib:1;/global/hds/software/cpu/eb3/SQLite/3.17.0-GCCcore-6.3.0/lib:1;/global/hds/software/cpu/eb3/Tcl/8.6.6-GCCcore-6.3.0/lib:1;/global/hds/software/cpu/eb3/ncurses/6.0-intel-2017a/lib:1;/global/hds/software/cpu/eb3/libreadline/7.0-GCCcore-6.3.0/lib:1;/global/hds/software/cpu/eb3/GCCcore/6.3.0/lib/gcc/x86_64-pc-linux-gnu/6.3.0:1;/global/hds/software/cpu/eb3/GCCcore/6.3.0/lib64:1;/global/hds/software/cpu/eb3/GCCcore/6.3.0/lib:1;/global/hds/software/cpu/eb3/zlib/1.2.11-GCCcore-6.3.0/lib:1;/global/hds/software/cpu/eb3/bzip2/1.0.6-GCCcore-6.3.0/lib:1;/global/hds/software/cpu/eb3/imkl/2017.1.132-iimpi-2017a/mkl/lib/intel64:1;/global/hds/software/cpu/eb3/imkl/2017.1.132-iimpi-2017a/lib/intel64:1;/global/hds/software/cpu/eb3/impi/2017.1.132-iccifort-2017.1.132-GCC-6.3.0-2.27/lib64:1;/global/hds/software/cpu/eb3/ifort/2017.1.132-GCC-6.3.0-2.27/compilers_and_libraries_2017.1.132/linux/compiler/lib/intel64:1;/global/hds/software/cpu/eb3/icc/2017.1.132-GCC-6.3.0-2.27/compilers_and_libraries_2017.1.132/linux/compiler/lib/intel64:1;/global/hds/software/cpu/eb3/binutils/2.27-GCCcore-6.3.0/lib:1'
++ export __LMOD_REF_COUNT_LD_LIBRARY_PATH
++ LD_LIBRARY_PATH=/global/hds/software/cpu/eb3/Boost/1.63.0-intel-2017a-Python-2.7.13/lib:/global/hds/software/cpu/eb3/Python/2.7.13-intel-2017a/lib/python2.7/site-packages/numpy-1.12.1-py2.7-linux-x86_64.egg/numpy/core/lib:/global/hds/software/cpu/eb3/Python/2.7.13-intel-2017a/lib:/global/hds/software/cpu/eb3/libffi/3.2.1-GCCcore-6.3.0/lib64:/global/hds/software/cpu/eb3/libffi/3.2.1-GCCcore-6.3.0/lib:/global/hds/software/cpu/eb3/GMP/6.1.2-GCCcore-6.3.0/lib:/global/hds/software/cpu/eb3/SQLite/3.17.0-GCCcore-6.3.0/lib:/global/hds/software/cpu/eb3/Tcl/8.6.6-GCCcore-6.3.0/lib:/global/hds/software/cpu/eb3/ncurses/6.0-intel-2017a/lib:/global/hds/software/cpu/eb3/libreadline/7.0-GCCcore-6.3.0/lib:/global/hds/software/cpu/eb3/GCCcore/6.3.0/lib/gcc/x86_64-pc-linux-gnu/6.3.0:/global/hds/software/cpu/eb3/GCCcore/6.3.0/lib64:/global/hds/software/cpu/eb3/GCCcore/6.3.0/lib:/global/hds/software/cpu/eb3/zlib/1.2.11-GCCcore-6.3.0/lib:/global/hds/software/cpu/eb3/bzip2/1.0.6-GCCcore-6.3.0/lib:/global/hds/software/cpu/eb3/imkl/2017.1.132-iimpi-2017a/mkl/lib/intel64:/global/hds/software/cpu/eb3/imkl/2017.1.132-iimpi-2017a/lib/intel64:/global/hds/software/cpu/eb3/impi/2017.1.132-iccifort-2017.1.132-GCC-6.3.0-2.27/lib64:/global/hds/software/cpu/eb3/ifort/2017.1.132-GCC-6.3.0-2.27/compilers_and_libraries_2017.1.132/linux/compiler/lib/intel64:/global/hds/software/cpu/eb3/icc/2017.1.132-GCC-6.3.0-2.27/compilers_and_libraries_2017.1.132/linux/compiler/lib/intel64:/global/hds/software/cpu/eb3/binutils/2.27-GCCcore-6.3.0/lib
++ export LD_LIBRARY_PATH
++ __LMOD_REF_COUNT_LIBRARY_PATH='/global/hds/software/cpu/eb3/Boost/1.63.0-intel-2017a-Python-2.7.13/lib:1;/global/hds/software/cpu/eb3/Python/2.7.13-intel-2017a/lib/python2.7/site-packages/numpy-1.12.1-py2.7-linux-x86_64.egg/numpy/core/lib:1;/global/hds/software/cpu/eb3/Python/2.7.13-intel-2017a/lib:1;/global/hds/software/cpu/eb3/libffi/3.2.1-GCCcore-6.3.0/lib64:1;/global/hds/software/cpu/eb3/libffi/3.2.1-GCCcore-6.3.0/lib:1;/global/hds/software/cpu/eb3/GMP/6.1.2-GCCcore-6.3.0/lib:1;/global/hds/software/cpu/eb3/SQLite/3.17.0-GCCcore-6.3.0/lib:1;/global/hds/software/cpu/eb3/Tcl/8.6.6-GCCcore-6.3.0/lib:1;/global/hds/software/cpu/eb3/ncurses/6.0-intel-2017a/lib:1;/global/hds/software/cpu/eb3/libreadline/7.0-GCCcore-6.3.0/lib:1;/global/hds/software/cpu/eb3/GCCcore/6.3.0/lib64:1;/global/hds/software/cpu/eb3/GCCcore/6.3.0/lib:1;/global/hds/software/cpu/eb3/zlib/1.2.11-GCCcore-6.3.0/lib:1;/global/hds/software/cpu/eb3/bzip2/1.0.6-GCCcore-6.3.0/lib:1;/global/hds/software/cpu/eb3/imkl/2017.1.132-iimpi-2017a/mkl/lib/intel64:1;/global/hds/software/cpu/eb3/imkl/2017.1.132-iimpi-2017a/lib/intel64:1;/global/hds/software/cpu/eb3/impi/2017.1.132-iccifort-2017.1.132-GCC-6.3.0-2.27/lib64:1;/global/hds/software/cpu/eb3/ifort/2017.1.132-GCC-6.3.0-2.27/compilers_and_libraries_2017.1.132/linux/compiler/lib/intel64:1;/global/hds/software/cpu/eb3/icc/2017.1.132-GCC-6.3.0-2.27/compilers_and_libraries_2017.1.132/linux/compiler/lib/intel64:1;/global/hds/software/cpu/eb3/binutils/2.27-GCCcore-6.3.0/lib:1'
++ export __LMOD_REF_COUNT_LIBRARY_PATH
++ LIBRARY_PATH=/global/hds/software/cpu/eb3/Boost/1.63.0-intel-2017a-Python-2.7.13/lib:/global/hds/software/cpu/eb3/Python/2.7.13-intel-2017a/lib/python2.7/site-packages/numpy-1.12.1-py2.7-linux-x86_64.egg/numpy/core/lib:/global/hds/software/cpu/eb3/Python/2.7.13-intel-2017a/lib:/global/hds/software/cpu/eb3/libffi/3.2.1-GCCcore-6.3.0/lib64:/global/hds/software/cpu/eb3/libffi/3.2.1-GCCcore-6.3.0/lib:/global/hds/software/cpu/eb3/GMP/6.1.2-GCCcore-6.3.0/lib:/global/hds/software/cpu/eb3/SQLite/3.17.0-GCCcore-6.3.0/lib:/global/hds/software/cpu/eb3/Tcl/8.6.6-GCCcore-6.3.0/lib:/global/hds/software/cpu/eb3/ncurses/6.0-intel-2017a/lib:/global/hds/software/cpu/eb3/libreadline/7.0-GCCcore-6.3.0/lib:/global/hds/software/cpu/eb3/GCCcore/6.3.0/lib64:/global/hds/software/cpu/eb3/GCCcore/6.3.0/lib:/global/hds/software/cpu/eb3/zlib/1.2.11-GCCcore-6.3.0/lib:/global/hds/software/cpu/eb3/bzip2/1.0.6-GCCcore-6.3.0/lib:/global/hds/software/cpu/eb3/imkl/2017.1.132-iimpi-2017a/mkl/lib/intel64:/global/hds/software/cpu/eb3/imkl/2017.1.132-iimpi-2017a/lib/intel64:/global/hds/software/cpu/eb3/impi/2017.1.132-iccifort-2017.1.132-GCC-6.3.0-2.27/lib64:/global/hds/software/cpu/eb3/ifort/2017.1.132-GCC-6.3.0-2.27/compilers_and_libraries_2017.1.132/linux/compiler/lib/intel64:/global/hds/software/cpu/eb3/icc/2017.1.132-GCC-6.3.0-2.27/compilers_and_libraries_2017.1.132/linux/compiler/lib/intel64:/global/hds/software/cpu/eb3/binutils/2.27-GCCcore-6.3.0/lib
++ export LIBRARY_PATH
++ __LMOD_REF_COUNT_LOADEDMODULES='gold/2.1.5.0:1;StdEnv:1;CMake/3.11.4-GCCcore-7.3.0:1;binutils/2.27-GCCcore-6.3.0:1;icc/2017.1.132-GCC-6.3.0-2.27:1;ifort/2017.1.132-GCC-6.3.0-2.27:1;iccifort/2017.1.132-GCC-6.3.0-2.27:1;impi/2017.1.132-iccifort-2017.1.132-GCC-6.3.0-2.27:1;iimpi/2017a:1;imkl/2017.1.132-iimpi-2017a:1;bzip2/1.0.6-GCCcore-6.3.0:1;zlib/1.2.11-GCCcore-6.3.0:1;GCCcore/6.3.0:1;libreadline/7.0-GCCcore-6.3.0:1;ncurses/6.0-intel-2017a:1;Tcl/8.6.6-GCCcore-6.3.0:1;SQLite/3.17.0-GCCcore-6.3.0:1;GMP/6.1.2-GCCcore-6.3.0:1;libffi/3.2.1-GCCcore-6.3.0:1;Python/2.7.13-intel-2017a:1;Boost/1.63.0-intel-2017a-Python-2.7.13:1;Eigen/3.3.5:1;intel/2017a:1'
++ export __LMOD_REF_COUNT_LOADEDMODULES
++ LOADEDMODULES=gold/2.1.5.0:StdEnv:CMake/3.11.4-GCCcore-7.3.0:binutils/2.27-GCCcore-6.3.0:icc/2017.1.132-GCC-6.3.0-2.27:ifort/2017.1.132-GCC-6.3.0-2.27:iccifort/2017.1.132-GCC-6.3.0-2.27:impi/2017.1.132-iccifort-2017.1.132-GCC-6.3.0-2.27:iimpi/2017a:imkl/2017.1.132-iimpi-2017a:bzip2/1.0.6-GCCcore-6.3.0:zlib/1.2.11-GCCcore-6.3.0:GCCcore/6.3.0:libreadline/7.0-GCCcore-6.3.0:ncurses/6.0-intel-2017a:Tcl/8.6.6-GCCcore-6.3.0:SQLite/3.17.0-GCCcore-6.3.0:GMP/6.1.2-GCCcore-6.3.0:libffi/3.2.1-GCCcore-6.3.0:Python/2.7.13-intel-2017a:Boost/1.63.0-intel-2017a-Python-2.7.13:Eigen/3.3.5:intel/2017a
++ export LOADEDMODULES
++ __LMOD_REF_COUNT_MANPATH='/global/hds/software/cpu/eb3/Python/2.7.13-intel-2017a/share/man:1;/global/hds/software/cpu/eb3/libffi/3.2.1-GCCcore-6.3.0/share/man:1;/global/hds/software/cpu/eb3/SQLite/3.17.0-GCCcore-6.3.0/share/man:1;/global/hds/software/cpu/eb3/Tcl/8.6.6-GCCcore-6.3.0/share/man:1;/global/hds/software/cpu/eb3/Tcl/8.6.6-GCCcore-6.3.0/man:1;/global/hds/software/cpu/eb3/ncurses/6.0-intel-2017a/share/man:1;/global/hds/software/cpu/eb3/libreadline/7.0-GCCcore-6.3.0/share/man:1;/global/hds/software/cpu/eb3/GCCcore/6.3.0/share/man:1;/global/hds/software/cpu/eb3/zlib/1.2.11-GCCcore-6.3.0/share/man:1;/global/hds/software/cpu/eb3/bzip2/1.0.6-GCCcore-6.3.0/man:1;/global/hds/software/cpu/eb3/ifort/2017.1.132-GCC-6.3.0-2.27/compilers_and_libraries_2017.1.132/linux/man/common:1;/global/hds/software/cpu/eb3/icc/2017.1.132-GCC-6.3.0-2.27/compilers_and_libraries_2017.1.132/linux/man/common:1;/global/hds/software/cpu/eb3/binutils/2.27-GCCcore-6.3.0/share/man:1;/opt/torque/man:1;/opt/lmod/lmod/share/man:1'
++ export __LMOD_REF_COUNT_MANPATH
++ MANPATH=/global/hds/software/cpu/eb3/Python/2.7.13-intel-2017a/share/man:/global/hds/software/cpu/eb3/libffi/3.2.1-GCCcore-6.3.0/share/man:/global/hds/software/cpu/eb3/SQLite/3.17.0-GCCcore-6.3.0/share/man:/global/hds/software/cpu/eb3/Tcl/8.6.6-GCCcore-6.3.0/share/man:/global/hds/software/cpu/eb3/Tcl/8.6.6-GCCcore-6.3.0/man:/global/hds/software/cpu/eb3/ncurses/6.0-intel-2017a/share/man:/global/hds/software/cpu/eb3/libreadline/7.0-GCCcore-6.3.0/share/man:/global/hds/software/cpu/eb3/GCCcore/6.3.0/share/man:/global/hds/software/cpu/eb3/zlib/1.2.11-GCCcore-6.3.0/share/man:/global/hds/software/cpu/eb3/bzip2/1.0.6-GCCcore-6.3.0/man:/global/hds/software/cpu/eb3/ifort/2017.1.132-GCC-6.3.0-2.27/compilers_and_libraries_2017.1.132/linux/man/common:/global/hds/software/cpu/eb3/icc/2017.1.132-GCC-6.3.0-2.27/compilers_and_libraries_2017.1.132/linux/man/common:/global/hds/software/cpu/eb3/binutils/2.27-GCCcore-6.3.0/share/man:/opt/torque/man:/opt/lmod/lmod/share/man::
++ export MANPATH
++ __LMOD_REF_COUNT_MIC_LD_LIBRARY_PATH='/global/hds/software/cpu/eb3/imkl/2017.1.132-iimpi-2017a/mkl/lib/mic:1;/global/hds/software/cpu/eb3/imkl/2017.1.132-iimpi-2017a/lib/intel64_lin_mic:1;/global/hds/software/cpu/eb3/impi/2017.1.132-iccifort-2017.1.132-GCC-6.3.0-2.27/mic/lib:1'
++ export __LMOD_REF_COUNT_MIC_LD_LIBRARY_PATH
++ MIC_LD_LIBRARY_PATH=/global/hds/software/cpu/eb3/imkl/2017.1.132-iimpi-2017a/mkl/lib/mic:/global/hds/software/cpu/eb3/imkl/2017.1.132-iimpi-2017a/lib/intel64_lin_mic:/global/hds/software/cpu/eb3/impi/2017.1.132-iccifort-2017.1.132-GCC-6.3.0-2.27/mic/lib
++ export MIC_LD_LIBRARY_PATH
++ MKLROOT=/global/hds/software/cpu/eb3/imkl/2017.1.132-iimpi-2017a/mkl
++ export MKLROOT
++ MKL_EXAMPLES=/global/hds/software/cpu/eb3/imkl/2017.1.132-iimpi-2017a/mkl/examples/
++ export MKL_EXAMPLES
++ MODULEPATH=/global/hds/modules/cpu/eb/all:/global/hds/modules/cpu/non-eb:/global/hds/modules/Linux:/global/hds/modules/Core:/opt/lmod/lmod/modulefiles/Core:/global/hds/modules/cpu/Old/Core:/global/hds/modules/cpu/Old/Applications:/global/hds/modules/cpu/Old/Development:/global/hds/modules/cpu/Old/Libraries:/global/hds/modules/cpu/Old/MPI:/global/hds/modules/cpu/Old/Compiler
++ export MODULEPATH
++ MODULEPATH_ROOT=/global/hds/modules/
++ export MODULEPATH_ROOT
++ __LMOD_REF_COUNT_NLSPATH='/global/hds/software/cpu/eb3/imkl/2017.1.132-iimpi-2017a/idb/intel64/locale/%l_%t/%N:1;/global/hds/software/cpu/eb3/impi/2017.1.132-iccifort-2017.1.132-GCC-6.3.0-2.27/idb/intel64/locale/%l_%t/%N:1;/global/hds/software/cpu/eb3/ifort/2017.1.132-GCC-6.3.0-2.27/idb/intel64/locale/%l_%t/%N:1;/global/hds/software/cpu/eb3/icc/2017.1.132-GCC-6.3.0-2.27/idb/intel64/locale/%l_%t/%N:1'
++ export __LMOD_REF_COUNT_NLSPATH
++ NLSPATH=/global/hds/software/cpu/eb3/imkl/2017.1.132-iimpi-2017a/idb/intel64/locale/%l_%t/%N:/global/hds/software/cpu/eb3/impi/2017.1.132-iccifort-2017.1.132-GCC-6.3.0-2.27/idb/intel64/locale/%l_%t/%N:/global/hds/software/cpu/eb3/ifort/2017.1.132-GCC-6.3.0-2.27/idb/intel64/locale/%l_%t/%N:/global/hds/software/cpu/eb3/icc/2017.1.132-GCC-6.3.0-2.27/idb/intel64/locale/%l_%t/%N
++ export NLSPATH
++ __LMOD_REF_COUNT_PATH='/global/hds/software/cpu/eb3/Python/2.7.13-intel-2017a/bin:1;/global/hds/software/cpu/eb3/SQLite/3.17.0-GCCcore-6.3.0/bin:1;/global/hds/software/cpu/eb3/Tcl/8.6.6-GCCcore-6.3.0/bin:1;/global/hds/software/cpu/eb3/ncurses/6.0-intel-2017a/bin:1;/global/hds/software/cpu/eb3/libreadline/7.0-GCCcore-6.3.0/bin:1;/global/hds/software/cpu/eb3/GCCcore/6.3.0/bin:1;/global/hds/software/cpu/eb3/bzip2/1.0.6-GCCcore-6.3.0/bin:1;/global/hds/software/cpu/eb3/imkl/2017.1.132-iimpi-2017a/mkl/bin:1;/global/hds/software/cpu/eb3/imkl/2017.1.132-iimpi-2017a/bin:1;/global/hds/software/cpu/eb3/impi/2017.1.132-iccifort-2017.1.132-GCC-6.3.0-2.27/bin64:1;/global/hds/software/cpu/eb3/ifort/2017.1.132-GCC-6.3.0-2.27/compilers_and_libraries_2017.1.132/linux/bin/intel64:1;/global/hds/software/cpu/eb3/icc/2017.1.132-GCC-6.3.0-2.27/compilers_and_libraries_2017.1.132/linux/bin/intel64:1;/global/hds/software/cpu/eb3/binutils/2.27-GCCcore-6.3.0/bin:1;/global/hds/software/cpu/eb3/CMake/3.11.4-GCCcore-7.3.0/bin:1;/global/apps/gold/2.1.5.0/bin:1;/usr/lib64/qt-3.3/bin:1;/usr/local/bin:1;/bin:1;/usr/bin:1;/usr/local/sbin:1;/usr/sbin:1;/sbin:1;/opt/ganglia/bin:1;/opt/ganglia/sbin:1;/usr/java/latest/bin:1;/opt/maven/bin:1;/opt/maui/bin:1;/opt/torque/bin:1;/opt/torque/sbin:1;/opt/pdsh/bin:1;/opt/rocks/bin:1;/opt/rocks/sbin:1;/home/ambr/bin:3;/home/ambr/bin/mrchem:2;/home/ambr/scripts_compchem:1'
++ export __LMOD_REF_COUNT_PATH
++ PATH=/global/hds/software/cpu/eb3/Python/2.7.13-intel-2017a/bin:/global/hds/software/cpu/eb3/SQLite/3.17.0-GCCcore-6.3.0/bin:/global/hds/software/cpu/eb3/Tcl/8.6.6-GCCcore-6.3.0/bin:/global/hds/software/cpu/eb3/ncurses/6.0-intel-2017a/bin:/global/hds/software/cpu/eb3/libreadline/7.0-GCCcore-6.3.0/bin:/global/hds/software/cpu/eb3/GCCcore/6.3.0/bin:/global/hds/software/cpu/eb3/bzip2/1.0.6-GCCcore-6.3.0/bin:/global/hds/software/cpu/eb3/imkl/2017.1.132-iimpi-2017a/mkl/bin:/global/hds/software/cpu/eb3/imkl/2017.1.132-iimpi-2017a/bin:/global/hds/software/cpu/eb3/impi/2017.1.132-iccifort-2017.1.132-GCC-6.3.0-2.27/bin64:/global/hds/software/cpu/eb3/ifort/2017.1.132-GCC-6.3.0-2.27/compilers_and_libraries_2017.1.132/linux/bin/intel64:/global/hds/software/cpu/eb3/icc/2017.1.132-GCC-6.3.0-2.27/compilers_and_libraries_2017.1.132/linux/bin/intel64:/global/hds/software/cpu/eb3/binutils/2.27-GCCcore-6.3.0/bin:/global/hds/software/cpu/eb3/CMake/3.11.4-GCCcore-7.3.0/bin:/global/apps/gold/2.1.5.0/bin:/usr/lib64/qt-3.3/bin:/usr/local/bin:/bin:/usr/bin:/usr/local/sbin:/usr/sbin:/sbin:/opt/ganglia/bin:/opt/ganglia/sbin:/usr/java/latest/bin:/opt/maven/bin:/opt/maui/bin:/opt/torque/bin:/opt/torque/sbin:/opt/pdsh/bin:/opt/rocks/bin:/opt/rocks/sbin:/home/ambr/bin:/home/ambr/bin/mrchem:/home/ambr/scripts_compchem
++ export PATH
++ __LMOD_REF_COUNT_PKG_CONFIG_PATH='/global/hds/software/cpu/eb3/Eigen/3.3.5/share/pkgconfig:1;/global/hds/software/cpu/eb3/Python/2.7.13-intel-2017a/lib/pkgconfig:1;/global/hds/software/cpu/eb3/libffi/3.2.1-GCCcore-6.3.0/lib/pkgconfig:1;/global/hds/software/cpu/eb3/SQLite/3.17.0-GCCcore-6.3.0/lib/pkgconfig:1;/global/hds/software/cpu/eb3/Tcl/8.6.6-GCCcore-6.3.0/lib/pkgconfig:1;/global/hds/software/cpu/eb3/zlib/1.2.11-GCCcore-6.3.0/lib/pkgconfig:1'
++ export __LMOD_REF_COUNT_PKG_CONFIG_PATH
++ PKG_CONFIG_PATH=/global/hds/software/cpu/eb3/Eigen/3.3.5/share/pkgconfig:/global/hds/software/cpu/eb3/Python/2.7.13-intel-2017a/lib/pkgconfig:/global/hds/software/cpu/eb3/libffi/3.2.1-GCCcore-6.3.0/lib/pkgconfig:/global/hds/software/cpu/eb3/SQLite/3.17.0-GCCcore-6.3.0/lib/pkgconfig:/global/hds/software/cpu/eb3/Tcl/8.6.6-GCCcore-6.3.0/lib/pkgconfig:/global/hds/software/cpu/eb3/zlib/1.2.11-GCCcore-6.3.0/lib/pkgconfig
++ export PKG_CONFIG_PATH
++ __LMOD_REF_COUNT__LMFILES_='/global/hds/modules/Core/gold/2.1.5.0.lua:1;/global/hds/modules/Core/StdEnv.lua:1;/global/hds/modules/cpu/eb/all/CMake/3.11.4-GCCcore-7.3.0.lua:1;/global/hds/modules/cpu/eb/all/binutils/2.27-GCCcore-6.3.0.lua:1;/global/hds/modules/cpu/eb/all/icc/2017.1.132-GCC-6.3.0-2.27.lua:1;/global/hds/modules/cpu/eb/all/ifort/2017.1.132-GCC-6.3.0-2.27.lua:1;/global/hds/modules/cpu/eb/all/iccifort/2017.1.132-GCC-6.3.0-2.27.lua:1;/global/hds/modules/cpu/eb/all/impi/2017.1.132-iccifort-2017.1.132-GCC-6.3.0-2.27.lua:1;/global/hds/modules/cpu/eb/all/iimpi/2017a.lua:1;/global/hds/modules/cpu/eb/all/imkl/2017.1.132-iimpi-2017a.lua:1;/global/hds/modules/cpu/eb/all/bzip2/1.0.6-GCCcore-6.3.0.lua:1;/global/hds/modules/cpu/eb/all/zlib/1.2.11-GCCcore-6.3.0.lua:1;/global/hds/modules/cpu/eb/all/GCCcore/6.3.0.lua:1;/global/hds/modules/cpu/eb/all/libreadline/7.0-GCCcore-6.3.0.lua:1;/global/hds/modules/cpu/eb/all/ncurses/6.0-intel-2017a.lua:1;/global/hds/modules/cpu/eb/all/Tcl/8.6.6-GCCcore-6.3.0.lua:1;/global/hds/modules/cpu/eb/all/SQLite/3.17.0-GCCcore-6.3.0.lua:1;/global/hds/modules/cpu/eb/all/GMP/6.1.2-GCCcore-6.3.0.lua:1;/global/hds/modules/cpu/eb/all/libffi/3.2.1-GCCcore-6.3.0.lua:1;/global/hds/modules/cpu/eb/all/Python/2.7.13-intel-2017a.lua:1;/global/hds/modules/cpu/eb/all/Boost/1.63.0-intel-2017a-Python-2.7.13.lua:1;/global/hds/modules/cpu/eb/all/Eigen/3.3.5.lua:1;/global/hds/modules/cpu/eb/all/intel/2017a.lua:1'
++ export __LMOD_REF_COUNT__LMFILES_
++ _LMFILES_=/global/hds/modules/Core/gold/2.1.5.0.lua:/global/hds/modules/Core/StdEnv.lua:/global/hds/modules/cpu/eb/all/CMake/3.11.4-GCCcore-7.3.0.lua:/global/hds/modules/cpu/eb/all/binutils/2.27-GCCcore-6.3.0.lua:/global/hds/modules/cpu/eb/all/icc/2017.1.132-GCC-6.3.0-2.27.lua:/global/hds/modules/cpu/eb/all/ifort/2017.1.132-GCC-6.3.0-2.27.lua:/global/hds/modules/cpu/eb/all/iccifort/2017.1.132-GCC-6.3.0-2.27.lua:/global/hds/modules/cpu/eb/all/impi/2017.1.132-iccifort-2017.1.132-GCC-6.3.0-2.27.lua:/global/hds/modules/cpu/eb/all/iimpi/2017a.lua:/global/hds/modules/cpu/eb/all/imkl/2017.1.132-iimpi-2017a.lua:/global/hds/modules/cpu/eb/all/bzip2/1.0.6-GCCcore-6.3.0.lua:/global/hds/modules/cpu/eb/all/zlib/1.2.11-GCCcore-6.3.0.lua:/global/hds/modules/cpu/eb/all/GCCcore/6.3.0.lua:/global/hds/modules/cpu/eb/all/libreadline/7.0-GCCcore-6.3.0.lua:/global/hds/modules/cpu/eb/all/ncurses/6.0-intel-2017a.lua:/global/hds/modules/cpu/eb/all/Tcl/8.6.6-GCCcore-6.3.0.lua:/global/hds/modules/cpu/eb/all/SQLite/3.17.0-GCCcore-6.3.0.lua:/global/hds/modules/cpu/eb/all/GMP/6.1.2-GCCcore-6.3.0.lua:/global/hds/modules/cpu/eb/all/libffi/3.2.1-GCCcore-6.3.0.lua:/global/hds/modules/cpu/eb/all/Python/2.7.13-intel-2017a.lua:/global/hds/modules/cpu/eb/all/Boost/1.63.0-intel-2017a-Python-2.7.13.lua:/global/hds/modules/cpu/eb/all/Eigen/3.3.5.lua:/global/hds/modules/cpu/eb/all/intel/2017a.lua
++ export _LMFILES_
++ _ModuleTable001_=X01vZHVsZVRhYmxlXz17WyJNVHZlcnNpb24iXT0zLFsiY19yZWJ1aWxkVGltZSJdPWZhbHNlLFsiY19zaG9ydFRpbWUiXT0wLjAwMDczMDk5MTM2MzUyNTM5LGRlcHRoVD17fSxmYW1pbHk9e30sbVQ9e0Jvb3N0PXtbImZuIl09Ii9nbG9iYWwvaGRzL21vZHVsZXMvY3B1L2ViL2FsbC9Cb29zdC8xLjYzLjAtaW50ZWwtMjAxN2EtUHl0aG9uLTIuNy4xMy5sdWEiLFsiZnVsbE5hbWUiXT0iQm9vc3QvMS42My4wLWludGVsLTIwMTdhLVB5dGhvbi0yLjcuMTMiLFsibG9hZE9yZGVyIl09MjEscHJvcFQ9e30sWyJzdGFja0RlcHRoIl09MCxbInN0YXR1cyJdPSJhY3RpdmUiLFsidXNlck5hbWUiXT0iQm9vc3QvMS42My4wLWludGVsLTIwMTdhLVB5dGhvbi0yLjcuMTMiLH0sQ01ha2U9
++ export _ModuleTable001_
++ _ModuleTable002_=e1siZm4iXT0iL2dsb2JhbC9oZHMvbW9kdWxlcy9jcHUvZWIvYWxsL0NNYWtlLzMuMTEuNC1HQ0Njb3JlLTcuMy4wLmx1YSIsWyJmdWxsTmFtZSJdPSJDTWFrZS8zLjExLjQtR0NDY29yZS03LjMuMCIsWyJsb2FkT3JkZXIiXT0zLHByb3BUPXt9LFsic3RhY2tEZXB0aCJdPTAsWyJzdGF0dXMiXT0iYWN0aXZlIixbInVzZXJOYW1lIl09IkNNYWtlLzMuMTEuNC1HQ0Njb3JlLTcuMy4wIix9LEVpZ2VuPXtbImZuIl09Ii9nbG9iYWwvaGRzL21vZHVsZXMvY3B1L2ViL2FsbC9FaWdlbi8zLjMuNS5sdWEiLFsiZnVsbE5hbWUiXT0iRWlnZW4vMy4zLjUiLFsibG9hZE9yZGVyIl09MjIscHJvcFQ9e30sWyJzdGFja0RlcHRoIl09MCxbInN0YXR1cyJdPSJhY3RpdmUiLFsidXNlck5hbWUi
++ export _ModuleTable002_
++ _ModuleTable003_=XT0iRWlnZW4vMy4zLjUiLH0sR0NDY29yZT17WyJmbiJdPSIvZ2xvYmFsL2hkcy9tb2R1bGVzL2NwdS9lYi9hbGwvR0NDY29yZS82LjMuMC5sdWEiLFsiZnVsbE5hbWUiXT0iR0NDY29yZS82LjMuMCIsWyJsb2FkT3JkZXIiXT0xMyxwcm9wVD17fSxbInN0YWNrRGVwdGgiXT00LFsic3RhdHVzIl09ImFjdGl2ZSIsWyJ1c2VyTmFtZSJdPSJHQ0Njb3JlLzYuMy4wIix9LEdNUD17WyJmbiJdPSIvZ2xvYmFsL2hkcy9tb2R1bGVzL2NwdS9lYi9hbGwvR01QLzYuMS4yLUdDQ2NvcmUtNi4zLjAubHVhIixbImZ1bGxOYW1lIl09IkdNUC82LjEuMi1HQ0Njb3JlLTYuMy4wIixbImxvYWRPcmRlciJdPTE4LHByb3BUPXt9LFsic3RhY2tEZXB0aCJdPTIsWyJzdGF0dXMiXT0iYWN0aXZlIixb
++ export _ModuleTable003_
++ _ModuleTable004_=InVzZXJOYW1lIl09IkdNUC82LjEuMi1HQ0Njb3JlLTYuMy4wIix9LFB5dGhvbj17WyJmbiJdPSIvZ2xvYmFsL2hkcy9tb2R1bGVzL2NwdS9lYi9hbGwvUHl0aG9uLzIuNy4xMy1pbnRlbC0yMDE3YS5sdWEiLFsiZnVsbE5hbWUiXT0iUHl0aG9uLzIuNy4xMy1pbnRlbC0yMDE3YSIsWyJsb2FkT3JkZXIiXT0yMCxwcm9wVD17fSxbInN0YWNrRGVwdGgiXT0xLFsic3RhdHVzIl09ImFjdGl2ZSIsWyJ1c2VyTmFtZSJdPSJQeXRob24vMi43LjEzLWludGVsLTIwMTdhIix9LFNRTGl0ZT17WyJmbiJdPSIvZ2xvYmFsL2hkcy9tb2R1bGVzL2NwdS9lYi9hbGwvU1FMaXRlLzMuMTcuMC1HQ0Njb3JlLTYuMy4wLmx1YSIsWyJmdWxsTmFtZSJdPSJTUUxpdGUvMy4xNy4wLUdDQ2NvcmUtNi4z
++ export _ModuleTable004_
++ _ModuleTable005_=LjAiLFsibG9hZE9yZGVyIl09MTcscHJvcFQ9e30sWyJzdGFja0RlcHRoIl09MixbInN0YXR1cyJdPSJhY3RpdmUiLFsidXNlck5hbWUiXT0iU1FMaXRlLzMuMTcuMC1HQ0Njb3JlLTYuMy4wIix9LFN0ZEVudj17WyJmbiJdPSIvZ2xvYmFsL2hkcy9tb2R1bGVzL0NvcmUvU3RkRW52Lmx1YSIsWyJmdWxsTmFtZSJdPSJTdGRFbnYiLFsibG9hZE9yZGVyIl09Mixwcm9wVD17bG1vZD17WyJzdGlja3kiXT0xLH0sfSxbInN0YWNrRGVwdGgiXT0wLFsic3RhdHVzIl09ImFjdGl2ZSIsWyJ1c2VyTmFtZSJdPSJTdGRFbnYiLH0sVGNsPXtbImZuIl09Ii9nbG9iYWwvaGRzL21vZHVsZXMvY3B1L2ViL2FsbC9UY2wvOC42LjYtR0NDY29yZS02LjMuMC5sdWEiLFsiZnVsbE5hbWUiXT0iVGNs
++ export _ModuleTable005_
++ _ModuleTable006_=LzguNi42LUdDQ2NvcmUtNi4zLjAiLFsibG9hZE9yZGVyIl09MTYscHJvcFQ9e30sWyJzdGFja0RlcHRoIl09MyxbInN0YXR1cyJdPSJhY3RpdmUiLFsidXNlck5hbWUiXT0iVGNsLzguNi42LUdDQ2NvcmUtNi4zLjAiLH0sYmludXRpbHM9e1siZm4iXT0iL2dsb2JhbC9oZHMvbW9kdWxlcy9jcHUvZWIvYWxsL2JpbnV0aWxzLzIuMjctR0NDY29yZS02LjMuMC5sdWEiLFsiZnVsbE5hbWUiXT0iYmludXRpbHMvMi4yNy1HQ0Njb3JlLTYuMy4wIixbImxvYWRPcmRlciJdPTQscHJvcFQ9e30sWyJzdGFja0RlcHRoIl09MixbInN0YXR1cyJdPSJhY3RpdmUiLFsidXNlck5hbWUiXT0iYmludXRpbHMvMi4yNy1HQ0Njb3JlLTYuMy4wIix9LGJ6aXAyPXtbImZuIl09Ii9nbG9iYWwvaGRz
++ export _ModuleTable006_
++ _ModuleTable007_=L21vZHVsZXMvY3B1L2ViL2FsbC9iemlwMi8xLjAuNi1HQ0Njb3JlLTYuMy4wLmx1YSIsWyJmdWxsTmFtZSJdPSJiemlwMi8xLjAuNi1HQ0Njb3JlLTYuMy4wIixbImxvYWRPcmRlciJdPTExLHByb3BUPXt9LFsic3RhY2tEZXB0aCJdPTEsWyJzdGF0dXMiXT0iYWN0aXZlIixbInVzZXJOYW1lIl09ImJ6aXAyLzEuMC42LUdDQ2NvcmUtNi4zLjAiLH0sZ29sZD17WyJmbiJdPSIvZ2xvYmFsL2hkcy9tb2R1bGVzL0NvcmUvZ29sZC8yLjEuNS4wLmx1YSIsWyJmdWxsTmFtZSJdPSJnb2xkLzIuMS41LjAiLFsibG9hZE9yZGVyIl09MSxwcm9wVD17bG1vZD17WyJzdGlja3kiXT0xLH0sfSxbInN0YWNrRGVwdGgiXT0wLFsic3RhdHVzIl09ImFjdGl2ZSIsWyJ1c2VyTmFtZSJdPSJnb2xk
++ export _ModuleTable007_
++ _ModuleTable008_=Iix9LGljYz17WyJmbiJdPSIvZ2xvYmFsL2hkcy9tb2R1bGVzL2NwdS9lYi9hbGwvaWNjLzIwMTcuMS4xMzItR0NDLTYuMy4wLTIuMjcubHVhIixbImZ1bGxOYW1lIl09ImljYy8yMDE3LjEuMTMyLUdDQy02LjMuMC0yLjI3IixbImxvYWRPcmRlciJdPTUscHJvcFQ9e30sWyJzdGFja0RlcHRoIl09MixbInN0YXR1cyJdPSJhY3RpdmUiLFsidXNlck5hbWUiXT0iaWNjLzIwMTcuMS4xMzItR0NDLTYuMy4wLTIuMjciLH0saWNjaWZvcnQ9e1siZm4iXT0iL2dsb2JhbC9oZHMvbW9kdWxlcy9jcHUvZWIvYWxsL2ljY2lmb3J0LzIwMTcuMS4xMzItR0NDLTYuMy4wLTIuMjcubHVhIixbImZ1bGxOYW1lIl09ImljY2lmb3J0LzIwMTcuMS4xMzItR0NDLTYuMy4wLTIuMjciLFsibG9hZE9y
++ export _ModuleTable008_
++ _ModuleTable009_=ZGVyIl09Nyxwcm9wVD17fSxbInN0YWNrRGVwdGgiXT0zLFsic3RhdHVzIl09ImFjdGl2ZSIsWyJ1c2VyTmFtZSJdPSJpY2NpZm9ydC8yMDE3LjEuMTMyLUdDQy02LjMuMC0yLjI3Iix9LGlmb3J0PXtbImZuIl09Ii9nbG9iYWwvaGRzL21vZHVsZXMvY3B1L2ViL2FsbC9pZm9ydC8yMDE3LjEuMTMyLUdDQy02LjMuMC0yLjI3Lmx1YSIsWyJmdWxsTmFtZSJdPSJpZm9ydC8yMDE3LjEuMTMyLUdDQy02LjMuMC0yLjI3IixbImxvYWRPcmRlciJdPTYscHJvcFQ9e30sWyJzdGFja0RlcHRoIl09MixbInN0YXR1cyJdPSJhY3RpdmUiLFsidXNlck5hbWUiXT0iaWZvcnQvMjAxNy4xLjEzMi1HQ0MtNi4zLjAtMi4yNyIsfSxpaW1waT17WyJmbiJdPSIvZ2xvYmFsL2hkcy9tb2R1bGVzL2Nw
++ export _ModuleTable009_
++ _ModuleTable010_=dS9lYi9hbGwvaWltcGkvMjAxN2EubHVhIixbImZ1bGxOYW1lIl09ImlpbXBpLzIwMTdhIixbImxvYWRPcmRlciJdPTkscHJvcFQ9e30sWyJzdGFja0RlcHRoIl09MyxbInN0YXR1cyJdPSJhY3RpdmUiLFsidXNlck5hbWUiXT0iaWltcGkvMjAxN2EiLH0saW1rbD17WyJmbiJdPSIvZ2xvYmFsL2hkcy9tb2R1bGVzL2NwdS9lYi9hbGwvaW1rbC8yMDE3LjEuMTMyLWlpbXBpLTIwMTdhLmx1YSIsWyJmdWxsTmFtZSJdPSJpbWtsLzIwMTcuMS4xMzItaWltcGktMjAxN2EiLFsibG9hZE9yZGVyIl09MTAscHJvcFQ9e30sWyJzdGFja0RlcHRoIl09MixbInN0YXR1cyJdPSJhY3RpdmUiLFsidXNlck5hbWUiXT0iaW1rbC8yMDE3LjEuMTMyLWlpbXBpLTIwMTdhIix9LGltcGk9e1siZm4i
++ export _ModuleTable010_
++ _ModuleTable011_=XT0iL2dsb2JhbC9oZHMvbW9kdWxlcy9jcHUvZWIvYWxsL2ltcGkvMjAxNy4xLjEzMi1pY2NpZm9ydC0yMDE3LjEuMTMyLUdDQy02LjMuMC0yLjI3Lmx1YSIsWyJmdWxsTmFtZSJdPSJpbXBpLzIwMTcuMS4xMzItaWNjaWZvcnQtMjAxNy4xLjEzMi1HQ0MtNi4zLjAtMi4yNyIsWyJsb2FkT3JkZXIiXT04LHByb3BUPXt9LFsic3RhY2tEZXB0aCJdPTIsWyJzdGF0dXMiXT0iYWN0aXZlIixbInVzZXJOYW1lIl09ImltcGkvMjAxNy4xLjEzMi1pY2NpZm9ydC0yMDE3LjEuMTMyLUdDQy02LjMuMC0yLjI3Iix9LGludGVsPXtbImZuIl09Ii9nbG9iYWwvaGRzL21vZHVsZXMvY3B1L2ViL2FsbC9pbnRlbC8yMDE3YS5sdWEiLFsiZnVsbE5hbWUiXT0iaW50ZWwvMjAxN2EiLFsibG9hZE9y
++ export _ModuleTable011_
++ _ModuleTable012_=ZGVyIl09MjMscHJvcFQ9e30sWyJzdGFja0RlcHRoIl09MCxbInN0YXR1cyJdPSJhY3RpdmUiLFsidXNlck5hbWUiXT0iaW50ZWwvMjAxN2EiLH0sbGliZmZpPXtbImZuIl09Ii9nbG9iYWwvaGRzL21vZHVsZXMvY3B1L2ViL2FsbC9saWJmZmkvMy4yLjEtR0NDY29yZS02LjMuMC5sdWEiLFsiZnVsbE5hbWUiXT0ibGliZmZpLzMuMi4xLUdDQ2NvcmUtNi4zLjAiLFsibG9hZE9yZGVyIl09MTkscHJvcFQ9e30sWyJzdGFja0RlcHRoIl09MixbInN0YXR1cyJdPSJhY3RpdmUiLFsidXNlck5hbWUiXT0ibGliZmZpLzMuMi4xLUdDQ2NvcmUtNi4zLjAiLH0sbGlicmVhZGxpbmU9e1siZm4iXT0iL2dsb2JhbC9oZHMvbW9kdWxlcy9jcHUvZWIvYWxsL2xpYnJlYWRsaW5lLzcuMC1HQ0Nj
++ export _ModuleTable012_
++ _ModuleTable013_=b3JlLTYuMy4wLmx1YSIsWyJmdWxsTmFtZSJdPSJsaWJyZWFkbGluZS83LjAtR0NDY29yZS02LjMuMCIsWyJsb2FkT3JkZXIiXT0xNCxwcm9wVD17fSxbInN0YWNrRGVwdGgiXT0yLFsic3RhdHVzIl09ImFjdGl2ZSIsWyJ1c2VyTmFtZSJdPSJsaWJyZWFkbGluZS83LjAtR0NDY29yZS02LjMuMCIsfSxuY3Vyc2VzPXtbImZuIl09Ii9nbG9iYWwvaGRzL21vZHVsZXMvY3B1L2ViL2FsbC9uY3Vyc2VzLzYuMC1pbnRlbC0yMDE3YS5sdWEiLFsiZnVsbE5hbWUiXT0ibmN1cnNlcy82LjAtaW50ZWwtMjAxN2EiLFsibG9hZE9yZGVyIl09MTUscHJvcFQ9e30sWyJzdGFja0RlcHRoIl09MixbInN0YXR1cyJdPSJhY3RpdmUiLFsidXNlck5hbWUiXT0ibmN1cnNlcy82LjAtaW50ZWwtMjAx
++ export _ModuleTable013_
++ _ModuleTable014_=N2EiLH0semxpYj17WyJmbiJdPSIvZ2xvYmFsL2hkcy9tb2R1bGVzL2NwdS9lYi9hbGwvemxpYi8xLjIuMTEtR0NDY29yZS02LjMuMC5sdWEiLFsiZnVsbE5hbWUiXT0iemxpYi8xLjIuMTEtR0NDY29yZS02LjMuMCIsWyJsb2FkT3JkZXIiXT0xMixwcm9wVD17fSxbInN0YWNrRGVwdGgiXT0xLFsic3RhdHVzIl09ImFjdGl2ZSIsWyJ1c2VyTmFtZSJdPSJ6bGliLzEuMi4xMS1HQ0Njb3JlLTYuMy4wIix9LH0sbXBhdGhBPXsiL2dsb2JhbC9oZHMvbW9kdWxlcy9jcHUvZWIvYWxsIiwiL2dsb2JhbC9oZHMvbW9kdWxlcy9jcHUvbm9uLWViIiwiL2dsb2JhbC9oZHMvbW9kdWxlcy9MaW51eCIsIi9nbG9iYWwvaGRzL21vZHVsZXMvQ29yZSIsIi9vcHQvbG1vZC9sbW9kL21vZHVsZWZp
++ export _ModuleTable014_
++ _ModuleTable015_=bGVzL0NvcmUiLCIvZ2xvYmFsL2hkcy9tb2R1bGVzL2NwdS9PbGQvQ29yZSIsIi9nbG9iYWwvaGRzL21vZHVsZXMvY3B1L09sZC9BcHBsaWNhdGlvbnMiLCIvZ2xvYmFsL2hkcy9tb2R1bGVzL2NwdS9PbGQvRGV2ZWxvcG1lbnQiLCIvZ2xvYmFsL2hkcy9tb2R1bGVzL2NwdS9PbGQvTGlicmFyaWVzIiwiL2dsb2JhbC9oZHMvbW9kdWxlcy9jcHUvT2xkL01QSSIsIi9nbG9iYWwvaGRzL21vZHVsZXMvY3B1L09sZC9Db21waWxlciIsfSxbInN5c3RlbUJhc2VNUEFUSCJdPSIvZ2xvYmFsL2hkcy9tb2R1bGVzL0xpbnV4Oi9nbG9iYWwvaGRzL21vZHVsZXMvQ29yZTovb3B0L2xtb2QvbG1vZC9tb2R1bGVmaWxlcy9Db3JlIix9
++ export _ModuleTable015_
++ _ModuleTable_Sz_=15
++ export _ModuleTable_Sz_
++ __LMOD_STACK_MODULEPATH_ROOT=L2dsb2JhbC9oZHMvbW9kdWxlcy8=:L2dsb2JhbC9oZHMvbW9kdWxlcw==
++ export __LMOD_STACK_MODULEPATH_ROOT
++ : -s sh
+ eval
+ export OMP_NUM_THREADS=16
+ OMP_NUM_THREADS=16
+ echo 'OMP_NUM_THREADS ' 16
+ echo 'SLURM_CPUS_PER_TASK ' 16
+ cd /home/ambr/projects/mrchem/benchmarks/polarizabilities_HG/uks_tests/inputfiles
+ SCRATCH=/global/work/ambr/MRCHEM-1653242
+ mkdir -p /global/work/ambr/MRCHEM-1653242
+ cd /global/work/ambr/MRCHEM-1653242
+ cp /home/ambr/projects/mrchem/benchmarks/polarizabilities_HG/uks_tests/inputfiles/ne_pbe_000.inp mrchem.inp
+ '[' '!' -z ']'
+ /home/ambr/mrchem/install-mrchem/bin/mrchem -D mrchem.inp
+ mpirun /home/ambr/mrchem/install-mrchem/bin/mrchem.x @mrchem.inp
+ cp ne_pbe_000.out /home/ambr/projects/mrchem/benchmarks/polarizabilities_HG/uks_tests/inputfiles/
+ ORBDIR=/global/work/ambr/MWorbitals_1653242
+ mkdir -p /global/work/ambr/MWorbitals_1653242
+ cp -r orbitals /global/work/ambr/benchmark_orbitals/_orbitals
+ mv orbitals /global/work/ambr/MWorbitals_1653242/
+ echo /global/work/ambr/MWorbitals_1653242
+ '[' -d /global/work/ambr/MRCHEM-1653242 ']'
+ rm -rf /global/work/ambr/MRCHEM-1653242
+ exit 0
