


************************************************************
***     __  __ ____   ____ _                             ***
***    |  \/  |  _ \ / ___| |__   ___ _ __ ___           ***
***    | |\/| | |_) | |   | '_ \ / _ \ '_ ` _ \          ***
***    | |  | |  _ <| |___| | | |  __/ | | | | |         ***
***    |_|  |_|_| \_\\____|_| |_|\___|_| |_| |_|         ***
***                                                      ***
***    VERSION 0.0.1 (rev. 1c6f79f)                     ***
***                                                      ***
***    Stig Rune Jensen <stig.r.jensen@uit.no>           ***
***    Luca Frediani    <luca.frediani@uit.no>           ***
***    Peter Wind       <peter.wind@uit.no>              ***
***                                                      ***
************************************************************


+++ Parallel execution: 
  MPI hosts available     : 1
  Threads/host            : 8
  Total used CPUs         : 8


------------------------------------------------------------

 MRCPP version   : X.Y.Z
 Git revision    : bbc2aed

 Linear algebra  : EIGEN
 Parallelization : MPI/OpenMP

------------------------------------------------------------




============================================================
                  MultiResolution Analysis                  
------------------------------------------------------------
 polynomial order = 11
 polynomial type  = Interpolating
------------------------------------------------------------
 total boxes      = 8
 boxes            = [           2           2           2 ]
 unit lengths     = [    32.00000    32.00000    32.00000 ]
 scaling factor   = [     1.00000     1.00000     1.00000 ]
 lower bounds     = [   -32.00000   -32.00000   -32.00000 ]
 upper bounds     = [    32.00000    32.00000    32.00000 ]
 total length     = [    64.00000    64.00000    64.00000 ]
============================================================


============================================================
                          Molecule
------------------------------------------------------------
 Nr  Element             x             y             z      
------------------------------------------------------------
  1     Ne          0.00000e+00   0.00000e+00   0.00000e+00
------------------------------------------------------------
 Center of mass:    0.00000e+00   0.00000e+00   0.00000e+00
============================================================


============================================================
                Setting up nuclear potential
------------------------------------------------------------
 Nr  Element         Charge        Precision     Smoothing 
------------------------------------------------------------
  1     Ne          1.00000e+01   1.00000e-07   1.63241e-05
------------------------------------------------------------
 Nuclear potential                    1352      3.85388e-01
 Allreduce potential                  1352      4.90038e-02
------------------------------------------------------------
                 Wall time: 4.35174e-01 sec 
============================================================


============================================================
 OrbitalVector:  10 orbitals    10 occupied    10 electrons
------------------------------------------------------------
   n  RankID           Norm          Spin Occ      Error    
------------------------------------------------------------
   0     0       1.000000000000e+00    a   1    1.00000e+00
   1     0       1.000000000000e+00    a   1    1.00000e+00
   2     0       1.000000000000e+00    a   1    1.00000e+00
   3     0       1.000000000000e+00    a   1    1.00000e+00
   4     0       1.000000000000e+00    a   1    1.00000e+00
   5     0       1.000000000000e+00    b   1    1.00000e+00
   6     0       1.000000000000e+00    b   1    1.00000e+00
   7     0       1.000000000000e+00    b   1    1.00000e+00
   8     0       1.000000000000e+00    b   1    1.00000e+00
   9     0       1.000000000000e+00    b   1    1.00000e+00
============================================================


============================================================
                  Setting up Fock operator
------------------------------------------------------------
 Precision                                      1.00000e-07
------------------------------------------------------------
 Coulomb density                       840      1.75471e+00
 Coulomb potential                     520      1.57165e+01
 Allreduce potential                   520      1.03032e-02
 XC alpha density                      840      1.00173e+00
 XC beta density                       840      9.78131e-01
 XC evaluate xcfun                    7560      7.91712e+00
 XC energy                             840      1.84752e-04
 XC potential                         1680      3.26722e-01
------------------------------------------------------------
                 Wall time: 2.79116e+01 sec 
============================================================


============================================================
                  Calculating Fock matrix
------------------------------------------------------------
 Kinetic part                         5.156187584000000e+00
 Potential part                       2.196070602400000e+01
------------------------------------------------------------
                 Wall time: 2.71178e+01 sec 
============================================================




####################### SCF cycle  1 #######################


============================================================
 Current precision                              1.00000e-07
------------------------------------------------------------
 Orbital threshold                              1.00000e-06
 Property threshold                            -1.00000e+00
============================================================


============================================================
                  Digonalizing Fock matrix
------------------------------------------------------------
 Computing Lowdin matrix                        2.14712e-01
 Diagonalizing matrix                           2.04010e-05
 Rotating orbitals                              9.60057e-01
------------------------------------------------------------
                 Wall time: 1.17500e+00 sec 
============================================================


============================================================
                   Calculating SCF energy
------------------------------------------------------------
 Nuclear energy                      -6.684861946762086e-15
 Electronic energy                   -1.288664334763411e+02
------------------------------------------------------------
 Total energy                        -1.288664334763411e+02
------------------------------------------------------------
                 Wall time: 2.10494e+01 sec 
============================================================


============================================================
                Rotating Helmholtz argument
------------------------------------------------------------
 Rotating orbitals                              2.84320e-05
------------------------------------------------------------
                 Wall time: 8.16749e-04 sec 
============================================================


============================================================
                Applying Helmholtz operators
------------------------------------------------------------
 Orb    RealNorm   Nodes     ImagNorm   Nodes     Timing
------------------------------------------------------------
  0    1.00000e+00   776    0.00000e+00     0   2.70867e+01
  1    1.00000e+00   712    0.00000e+00     0   2.70011e+01
  2    1.00000e+00   520    0.00000e+00     0   1.84635e+01
  3    1.00000e+00   520    0.00000e+00     0   1.84866e+01
  4    1.00000e+00   520    0.00000e+00     0   1.84426e+01
  5    1.00000e+00   776    0.00000e+00     0   2.70100e+01
  6    1.00000e+00   712    0.00000e+00     0   2.70177e+01
  7    1.00000e+00   520    0.00000e+00     0   1.84348e+01
  8    1.00000e+00   520    0.00000e+00     0   1.85041e+01
  9    1.00000e+00   520    0.00000e+00     0   1.85644e+01
------------------------------------------------------------
                 Wall time: 2.19025e+02 sec 
============================================================


============================================================
                 Lowdin orthonormalization
------------------------------------------------------------
 Computing Lowdin matrix                        2.19749e-01
 Rotating orbitals                              9.97275e-01
------------------------------------------------------------
                 Wall time: 1.21729e+00 sec 
============================================================


============================================================
               Iterative subspace accelerator
------------------------------------------------------------
 Push back orbitals                             2.62950e-05
 Copy orbitals                                  1.21898e-01
 Copy orbital updates                           1.42713e-01
------------------------------------------------------------
                 Wall time: 2.64978e-01 sec 
============================================================


============================================================
                 Lowdin orthonormalization
------------------------------------------------------------
 Computing Lowdin matrix                        2.24660e-01
 Rotating orbitals                              8.73568e-01
------------------------------------------------------------
                 Wall time: 1.09846e+00 sec 
============================================================


============================================================
                  Setting up Fock operator
------------------------------------------------------------
 Precision                                      1.00000e-07
------------------------------------------------------------
 Coulomb density                       840      1.69130e+00
 Coulomb potential                     520      1.56745e+01
 Allreduce potential                   520      1.20133e-02
 XC alpha density                      840      9.52702e-01
 XC beta density                       840      9.23417e-01
 XC evaluate xcfun                    7560      7.92997e+00
 XC energy                             840      1.73077e-04
 XC potential                         1680      3.25550e-01
------------------------------------------------------------
                 Wall time: 2.77152e+01 sec 
============================================================


============================================================
                  Calculating Fock matrix
------------------------------------------------------------
 Kinetic part                         4.759876564000000e+00
 Potential part                       2.108976401700000e+01
------------------------------------------------------------
                 Wall time: 2.58506e+01 sec 
============================================================


============================================================
                          Orbitals
------------------------------------------------------------
 Orb    F(i,i)        Error         nNodes  Spin  Occ  Done 
------------------------------------------------------------
  0  -3.04893e+01   1.91935e-06        840    a    1    0
  1  -1.33318e+00   8.85118e-05        776    a    1    0
  2  -4.90504e-01   3.32573e-04        520    a    1    0
  3  -4.90504e-01   3.32573e-04        520    a    1    0
  4  -4.90504e-01   6.31260e-04        520    a    1    0
  5  -3.04893e+01   1.91935e-06        840    b    1    0
  6  -1.33318e+00   8.85118e-05        776    b    1    0
  7  -4.90504e-01   3.32573e-04        520    b    1    0
  8  -4.90504e-01   3.32573e-04        520    b    1    0
  9  -4.90504e-01   6.31260e-04        520    b    1    0
------------------------------------------------------------
 Total error:                            1.12030e-03    0
============================================================


============================================================
                    Energy                 Update      Done 
------------------------------------------------------------
 Orbital      -6.658807329766597e+01    -6.65881e+01    1
 Kinetic       1.285626402013028e+02     1.28563e+02    1
 N-E          -3.108976473405222e+02    -3.10898e+02    1
 Coulomb       6.584310421100344e+01     6.58431e+01    1
 Exchange      0.000000000000000e+00     0.00000e+00    1
 X-C          -1.237453054812511e+01    -1.23745e+01    1
------------------------------------------------------------
 Electronic   -1.288664334763411e+02    -1.28866e+02    1
 Nuclear      -6.684861946762086e-15    -6.68486e-15    1
------------------------------------------------------------
 Total        -1.288664334763411e+02    -1.28866e+02    1
============================================================


################ Wall time: 2.97738e+02 sec ################




####################### SCF cycle  2 #######################


============================================================
 Current precision                              1.00000e-07
------------------------------------------------------------
 Orbital threshold                              1.00000e-06
 Property threshold                            -1.00000e+00
============================================================


============================================================
                  Digonalizing Fock matrix
------------------------------------------------------------
 Computing Lowdin matrix                        2.05062e-01
 Diagonalizing matrix                           1.79050e-05
 Rotating orbitals                              9.65778e-01
------------------------------------------------------------
                 Wall time: 1.17109e+00 sec 
============================================================


============================================================
                   Calculating SCF energy
------------------------------------------------------------
 Nuclear energy                      -6.684861946762086e-15
 Electronic energy                   -1.288664349811975e+02
------------------------------------------------------------
 Total energy                        -1.288664349811975e+02
------------------------------------------------------------
                 Wall time: 2.08811e+01 sec 
============================================================


============================================================
                Rotating Helmholtz argument
------------------------------------------------------------
 Rotating orbitals                              3.05760e-05
------------------------------------------------------------
                 Wall time: 8.18100e-04 sec 
============================================================


============================================================
                Applying Helmholtz operators
------------------------------------------------------------
 Orb    RealNorm   Nodes     ImagNorm   Nodes     Timing
------------------------------------------------------------
  0    1.00000e+00   776    0.00000e+00     0   2.70558e+01
  1    1.00000e+00   712    0.00000e+00     0   2.67661e+01
  2    1.00000e+00   520    0.00000e+00     0   1.85503e+01
  3    1.00000e+00   520    0.00000e+00     0   1.87568e+01
  4    1.00000e+00   520    0.00000e+00     0   1.84988e+01
  5    1.00000e+00   776    0.00000e+00     0   2.70625e+01
  6    1.00000e+00   712    0.00000e+00     0   2.69238e+01
  7    1.00000e+00   520    0.00000e+00     0   1.86361e+01
  8    1.00000e+00   520    0.00000e+00     0   1.85148e+01
  9    1.00000e+00   520    0.00000e+00     0   1.85347e+01
------------------------------------------------------------
                 Wall time: 2.19319e+02 sec 
============================================================


============================================================
                 Lowdin orthonormalization
------------------------------------------------------------
 Computing Lowdin matrix                        2.01579e-01
 Rotating orbitals                              9.72646e-01
------------------------------------------------------------
                 Wall time: 1.17441e+00 sec 
============================================================


============================================================
               Iterative subspace accelerator
------------------------------------------------------------
 Push back orbitals                             2.95850e-05
 Copy orbitals                                  1.17648e-01
 Copy orbital updates                           1.18939e-01
------------------------------------------------------------
                 Wall time: 2.36986e-01 sec 
============================================================


============================================================
                 Lowdin orthonormalization
------------------------------------------------------------
 Computing Lowdin matrix                        2.34709e-01
 Rotating orbitals                              8.61738e-01
------------------------------------------------------------
                 Wall time: 1.09667e+00 sec 
============================================================


============================================================
                  Setting up Fock operator
------------------------------------------------------------
 Precision                                      1.00000e-07
------------------------------------------------------------
 Coulomb density                       840      1.62729e+00
 Coulomb potential                     520      1.56317e+01
 Allreduce potential                   520      9.11578e-03
 XC alpha density                      840      8.71948e-01
 XC beta density                       840      8.78536e-01
 XC evaluate xcfun                    7560      7.87514e+00
 XC energy                             840      1.62794e-04
 XC potential                         1680      3.06916e-01
------------------------------------------------------------
                 Wall time: 2.73895e+01 sec 
============================================================


============================================================
                  Calculating Fock matrix
------------------------------------------------------------
 Kinetic part                         4.887718824000000e+00
 Potential part                       2.111659203600000e+01
------------------------------------------------------------
                 Wall time: 2.60052e+01 sec 
============================================================


============================================================
                          Orbitals
------------------------------------------------------------
 Orb    F(i,i)        Error         nNodes  Spin  Occ  Done 
------------------------------------------------------------
  0  -3.04893e+01   3.70992e-07        840    a    1    1
  1  -1.33319e+00   2.47495e-05        776    a    1    0
  2  -4.90506e-01   9.23889e-05        520    a    1    0
  3  -4.90506e-01   3.40105e-05        520    a    1    0
  4  -4.90506e-01   3.40105e-05        520    a    1    0
  5  -3.04893e+01   3.70992e-07        840    b    1    1
  6  -1.33319e+00   2.47495e-05        776    b    1    0
  7  -4.90506e-01   9.23889e-05        520    b    1    0
  8  -4.90506e-01   3.40105e-05        520    b    1    0
  9  -4.90506e-01   3.40105e-05        520    b    1    0
------------------------------------------------------------
 Total error:                            1.51406e-04    0
============================================================


============================================================
                    Energy                 Update      Done 
------------------------------------------------------------
 Orbital      -6.658807029206795e+01     3.00560e-06    1
 Kinetic       1.285626560790482e+02     1.58777e-05    1
 N-E          -3.108976658608865e+02    -1.85204e-05    1
 Coulomb       6.584310901713367e+01     4.80613e-06    1
 Exchange      0.000000000000000e+00     0.00000e+00    1
 X-C          -1.237453154682225e+01    -9.98697e-07    1
------------------------------------------------------------
 Electronic   -1.288664349811975e+02    -1.50486e-06    1
 Nuclear      -6.684861946762086e-15     0.00000e+00    1
------------------------------------------------------------
 Total        -1.288664349811975e+02    -1.50486e-06    1
============================================================


################ Wall time: 2.97658e+02 sec ################




####################### SCF cycle  3 #######################


============================================================
 Current precision                              1.00000e-07
------------------------------------------------------------
 Orbital threshold                              1.00000e-06
 Property threshold                            -1.00000e+00
============================================================


============================================================
                   Calculating SCF energy
------------------------------------------------------------
 Nuclear energy                      -6.684861946762086e-15
 Electronic energy                   -1.288664350122559e+02
------------------------------------------------------------
 Total energy                        -1.288664350122559e+02
------------------------------------------------------------
                 Wall time: 2.10542e+01 sec 
============================================================


============================================================
                Rotating Helmholtz argument
------------------------------------------------------------
 Rotating orbitals                              1.18683e+00
------------------------------------------------------------
                 Wall time: 1.18774e+00 sec 
============================================================


============================================================
                Applying Helmholtz operators
------------------------------------------------------------
 Orb    RealNorm   Nodes     ImagNorm   Nodes     Timing
------------------------------------------------------------
  0    1.00000e+00   776    0.00000e+00     0   2.73056e+01
  1    1.00000e+00   712    0.00000e+00     0   2.67208e+01
  2    1.00000e+00   520    0.00000e+00     0   1.82741e+01
  3    1.00000e+00   520    0.00000e+00     0   1.85508e+01
  4    1.00000e+00   520    0.00000e+00     0   1.86651e+01
  5    1.00000e+00   776    0.00000e+00     0   2.73366e+01
  6    1.00000e+00   712    0.00000e+00     0   2.70730e+01
  7    1.00000e+00   520    0.00000e+00     0   1.86564e+01
  8    1.00000e+00   520    0.00000e+00     0   1.86623e+01
  9    1.00000e+00   520    0.00000e+00     0   1.86657e+01
------------------------------------------------------------
                 Wall time: 2.19994e+02 sec 
============================================================


============================================================
                 Lowdin orthonormalization
------------------------------------------------------------
 Computing Lowdin matrix                        2.22050e-01
 Rotating orbitals                              1.02183e+00
------------------------------------------------------------
                 Wall time: 1.24419e+00 sec 
============================================================


============================================================
               Iterative subspace accelerator
------------------------------------------------------------
 Push back orbitals                             3.70220e-05
 Setup linear system                            4.70011e-01
 Solve linear system                            1.36570e-05
 Expand solution                                1.30385e+00
------------------------------------------------------------
                 Wall time: 1.77437e+00 sec 
============================================================


============================================================
                 Lowdin orthonormalization
------------------------------------------------------------
 Computing Lowdin matrix                        3.08264e-01
 Rotating orbitals                              9.79184e-01
------------------------------------------------------------
                 Wall time: 1.28775e+00 sec 
============================================================


============================================================
                  Setting up Fock operator
------------------------------------------------------------
 Precision                                      1.00000e-07
------------------------------------------------------------
 Coulomb density                       840      1.63828e+00
 Coulomb potential                     520      1.57039e+01
 Allreduce potential                   520      8.95802e-03
 XC alpha density                      840      8.75578e-01
 XC beta density                       840      8.74334e-01
 XC evaluate xcfun                    7560      7.84952e+00
 XC energy                             840      1.68350e-04
 XC potential                         1680      3.11524e-01
------------------------------------------------------------
                 Wall time: 2.74509e+01 sec 
============================================================


============================================================
                  Calculating Fock matrix
------------------------------------------------------------
 Kinetic part                         4.829574519000000e+00
 Potential part                       2.104243229500000e+01
------------------------------------------------------------
                 Wall time: 2.58729e+01 sec 
============================================================


============================================================
                          Orbitals
------------------------------------------------------------
 Orb    F(i,i)        Error         nNodes  Spin  Occ  Done 
------------------------------------------------------------
  0  -3.04893e+01   2.40345e-07        840    a    1    1
  1  -1.33319e+00   7.13480e-06        776    a    1    0
  2  -4.90505e-01   1.84049e-05        520    a    1    0
  3  -4.90505e-01   4.87094e-06        520    a    1    0
  4  -4.90505e-01   4.87094e-06        520    a    1    0
  5  -3.04893e+01   2.40345e-07        840    b    1    1
  6  -1.33319e+00   7.13481e-06        776    b    1    0
  7  -4.90505e-01   1.84049e-05        520    b    1    0
  8  -4.90505e-01   4.87094e-06        520    b    1    0
  9  -4.90505e-01   4.87094e-06        520    b    1    0
------------------------------------------------------------
 Total error:                            2.95688e-05    0
============================================================


============================================================
                    Energy                 Update      Done 
------------------------------------------------------------
 Orbital      -6.658809044997868e+01    -2.01579e-05    1
 Kinetic       1.285626435620075e+02    -1.25170e-05    1
 N-E          -3.108976345501842e+02     3.13107e-05    1
 Coulomb       6.584308811231980e+01    -2.09048e-05    1
 Exchange      0.000000000000000e+00     0.00000e+00    1
 X-C          -1.237452912723105e+01     2.41959e-06    1
------------------------------------------------------------
 Electronic   -1.288664350122559e+02    -3.10583e-08    1
 Nuclear      -6.684861946762086e-15     0.00000e+00    1
------------------------------------------------------------
 Total        -1.288664350122559e+02    -3.10583e-08    1
============================================================


################ Wall time: 3.00416e+02 sec ################




####################### SCF cycle  4 #######################


============================================================
 Current precision                              1.00000e-07
------------------------------------------------------------
 Orbital threshold                              1.00000e-06
 Property threshold                            -1.00000e+00
============================================================


============================================================
                   Calculating SCF energy
------------------------------------------------------------
 Nuclear energy                      -6.684861946762086e-15
 Electronic energy                   -1.288664350141138e+02
------------------------------------------------------------
 Total energy                        -1.288664350141138e+02
------------------------------------------------------------
                 Wall time: 2.10330e+01 sec 
============================================================


============================================================
                Rotating Helmholtz argument
------------------------------------------------------------
 Rotating orbitals                              1.21567e+00
------------------------------------------------------------
                 Wall time: 1.21657e+00 sec 
============================================================


============================================================
                Applying Helmholtz operators
------------------------------------------------------------
 Orb    RealNorm   Nodes     ImagNorm   Nodes     Timing
------------------------------------------------------------
  0    1.00000e+00   776    0.00000e+00     0   2.73637e+01
  1    1.00000e+00   712    0.00000e+00     0   2.70797e+01
  2    1.00000e+00   520    0.00000e+00     0   1.86273e+01
  3    1.00000e+00   520    0.00000e+00     0   1.85267e+01
  4    1.00000e+00   520    0.00000e+00     0   1.84628e+01
  5    1.00000e+00   776    0.00000e+00     0   2.73269e+01
  6    1.00000e+00   712    0.00000e+00     0   2.70062e+01
  7    1.00000e+00   520    0.00000e+00     0   1.86540e+01
  8    1.00000e+00   520    0.00000e+00     0   1.86189e+01
  9    1.00000e+00   520    0.00000e+00     0   1.87853e+01
------------------------------------------------------------
                 Wall time: 2.20537e+02 sec 
============================================================


============================================================
                 Lowdin orthonormalization
------------------------------------------------------------
 Computing Lowdin matrix                        2.04049e-01
 Rotating orbitals                              9.67011e-01
------------------------------------------------------------
                 Wall time: 1.17127e+00 sec 
============================================================


============================================================
               Iterative subspace accelerator
------------------------------------------------------------
 Push back orbitals                             8.76916e-02
 Setup linear system                            1.44056e+00
 Solve linear system                            2.08730e-05
 Expand solution                                2.28130e+00
------------------------------------------------------------
                 Wall time: 3.81014e+00 sec 
============================================================


============================================================
                 Lowdin orthonormalization
------------------------------------------------------------
 Computing Lowdin matrix                        3.62165e-01
 Rotating orbitals                              1.01969e+00
------------------------------------------------------------
                 Wall time: 1.38212e+00 sec 
============================================================


============================================================
                  Setting up Fock operator
------------------------------------------------------------
 Precision                                      1.00000e-07
------------------------------------------------------------
 Coulomb density                       840      1.62627e+00
 Coulomb potential                     520      1.57562e+01
 Allreduce potential                   520      9.51724e-03
 XC alpha density                      840      8.66801e-01
 XC beta density                       840      8.79068e-01
 XC evaluate xcfun                    7560      7.88693e+00
 XC energy                             840      1.64773e-04
 XC potential                         1680      3.13789e-01
------------------------------------------------------------
                 Wall time: 2.75317e+01 sec 
============================================================


============================================================
                  Calculating Fock matrix
------------------------------------------------------------
 Kinetic part                         4.809341326000000e+00
 Potential part                       2.104716588700000e+01
------------------------------------------------------------
                 Wall time: 2.58574e+01 sec 
============================================================


============================================================
                          Orbitals
------------------------------------------------------------
 Orb    F(i,i)        Error         nNodes  Spin  Occ  Done 
------------------------------------------------------------
  0  -3.04893e+01   1.00482e-07        840    a    1    1
  1  -1.33319e+00   2.12641e-06        776    a    1    0
  2  -4.90506e-01   1.91652e-06        520    a    1    0
  3  -4.90506e-01   1.04870e-06        520    a    1    0
  4  -4.90506e-01   1.04870e-06        520    a    1    0
  5  -3.04893e+01   1.00482e-07        840    b    1    1
  6  -1.33319e+00   2.12641e-06        776    b    1    0
  7  -4.90506e-01   1.91651e-06        520    b    1    0
  8  -4.90506e-01   1.04869e-06        520    b    1    0
  9  -4.90506e-01   1.04869e-06        520    b    1    0
------------------------------------------------------------
 Total error:                            4.56165e-06    0
============================================================


============================================================
                    Energy                 Update      Done 
------------------------------------------------------------
 Orbital      -6.658807857370682e+01     1.18763e-05    1
 Kinetic       1.285626588316897e+02     1.52697e-05    1
 N-E          -3.108976605033350e+02    -2.59532e-05    1
 Coulomb       6.584310049667893e+01     1.23844e-05    1
 Exchange      0.000000000000000e+00     0.00000e+00    1
 X-C          -1.237453076833854e+01    -1.64111e-06    1
------------------------------------------------------------
 Electronic   -1.288664350141138e+02    -1.85793e-09    1
 Nuclear      -6.684861946762086e-15     0.00000e+00    1
------------------------------------------------------------
 Total        -1.288664350141138e+02    -1.85793e-09    1
============================================================


################ Wall time: 3.03136e+02 sec ################




####################### SCF cycle  5 #######################


============================================================
 Current precision                              1.00000e-07
------------------------------------------------------------
 Orbital threshold                              1.00000e-06
 Property threshold                            -1.00000e+00
============================================================


============================================================
                   Calculating SCF energy
------------------------------------------------------------
 Nuclear energy                      -6.684861946762086e-15
 Electronic energy                   -1.288664350142629e+02
------------------------------------------------------------
 Total energy                        -1.288664350142629e+02
------------------------------------------------------------
                 Wall time: 2.10473e+01 sec 
============================================================


============================================================
                Rotating Helmholtz argument
------------------------------------------------------------
 Rotating orbitals                              1.22847e+00
------------------------------------------------------------
                 Wall time: 1.22938e+00 sec 
============================================================


============================================================
                Applying Helmholtz operators
------------------------------------------------------------
 Orb    RealNorm   Nodes     ImagNorm   Nodes     Timing
------------------------------------------------------------
  0    1.00000e+00   776    0.00000e+00     0   2.72717e+01
  1    1.00000e+00   712    0.00000e+00     0   2.69922e+01
  2    1.00000e+00   520    0.00000e+00     0   1.86009e+01
  3    1.00000e+00   520    0.00000e+00     0   1.86425e+01
  4    1.00000e+00   520    0.00000e+00     0   1.85047e+01
  5    1.00000e+00   776    0.00000e+00     0   2.72818e+01
  6    1.00000e+00   712    0.00000e+00     0   2.69145e+01
  7    1.00000e+00   520    0.00000e+00     0   1.85966e+01
  8    1.00000e+00   520    0.00000e+00     0   1.87233e+01
  9    1.00000e+00   520    0.00000e+00     0   1.85569e+01
------------------------------------------------------------
                 Wall time: 2.20169e+02 sec 
============================================================


============================================================
                 Lowdin orthonormalization
------------------------------------------------------------
 Computing Lowdin matrix                        2.05867e-01
 Rotating orbitals                              9.64418e-01
------------------------------------------------------------
                 Wall time: 1.17050e+00 sec 
============================================================


============================================================
               Iterative subspace accelerator
------------------------------------------------------------
 Push back orbitals                             8.71558e-02
 Setup linear system                            2.85519e+00
 Solve linear system                            1.02460e-05
 Expand solution                                3.10155e+00
------------------------------------------------------------
                 Wall time: 6.04440e+00 sec 
============================================================


============================================================
                 Lowdin orthonormalization
------------------------------------------------------------
 Computing Lowdin matrix                        3.83062e-01
 Rotating orbitals                              9.73345e-01
------------------------------------------------------------
                 Wall time: 1.35668e+00 sec 
============================================================


============================================================
                  Setting up Fock operator
------------------------------------------------------------
 Precision                                      1.00000e-07
------------------------------------------------------------
 Coulomb density                       840      1.61859e+00
 Coulomb potential                     520      1.57561e+01
 Allreduce potential                   520      8.99444e-03
 XC alpha density                      840      8.62356e-01
 XC beta density                       840      8.74057e-01
 XC evaluate xcfun                    7560      7.81679e+00
 XC energy                             840      1.66576e-04
 XC potential                         1680      3.12047e-01
------------------------------------------------------------
                 Wall time: 2.74369e+01 sec 
============================================================


============================================================
                  Calculating Fock matrix
------------------------------------------------------------
 Kinetic part                         4.972870992000000e+00
 Potential part                       2.100001174700000e+01
------------------------------------------------------------
                 Wall time: 2.59738e+01 sec 
============================================================


============================================================
                          Orbitals
------------------------------------------------------------
 Orb    F(i,i)        Error         nNodes  Spin  Occ  Done 
------------------------------------------------------------
  0  -3.04893e+01   1.91133e-08        840    a    1    1
  1  -1.33319e+00   5.67774e-07        776    a    1    1
  2  -4.90505e-01   4.20288e-07        520    a    1    1
  3  -4.90505e-01   3.37174e-07        520    a    1    1
  4  -4.90505e-01   3.37174e-07        520    a    1    1
  5  -3.04893e+01   1.91134e-08        840    b    1    1
  6  -1.33319e+00   5.67775e-07        776    b    1    1
  7  -4.90505e-01   4.20292e-07        520    b    1    1
  8  -4.90505e-01   3.37183e-07        520    b    1    1
  9  -4.90505e-01   3.37183e-07        520    b    1    1
------------------------------------------------------------
 Total error:                            1.20562e-06    1
============================================================


============================================================
                    Energy                 Update      Done 
------------------------------------------------------------
 Orbital      -6.658809234354383e+01    -1.37698e-05    1
 Kinetic       1.285626450494278e+02    -1.37823e-05    1
 N-E          -3.108976341810847e+02     2.63223e-05    1
 Coulomb       6.584308616159943e+01    -1.43351e-05    1
 Exchange      0.000000000000000e+00     0.00000e+00    1
 X-C          -1.237452896965128e+01     1.79869e-06    1
------------------------------------------------------------
 Electronic   -1.288664350142629e+02    -1.49072e-10    1
 Nuclear      -6.684861946762086e-15     0.00000e+00    1
------------------------------------------------------------
 Total        -1.288664350142629e+02    -1.49072e-10    1
============================================================


################ Wall time: 3.05012e+02 sec ################


============================================================
                      Convergence rate
------------------------------------------------------------
Iter    OrbError       Property                   Update  
------------------------------------------------------------
  1    1.12030e-03    -1.288664334763411e+02   -1.28866e+02
  2    1.51406e-04    -1.288664349811975e+02   -1.50486e-06
  3    2.95688e-05    -1.288664350122559e+02   -3.10583e-08
  4    4.56165e-06    -1.288664350141138e+02   -1.85793e-09
  5    1.20562e-06    -1.288664350142629e+02   -1.49072e-10
------------------------------------------------------------
                      SCF converged!!!                      
============================================================


============================================================
                  Digonalizing Fock matrix
------------------------------------------------------------
 Computing Lowdin matrix                        2.12674e-01
 Diagonalizing matrix                           1.74640e-05
 Rotating orbitals                              1.21685e+00
------------------------------------------------------------
                 Wall time: 1.42983e+00 sec 
============================================================


============================================================
                  Setting up Fock operator
------------------------------------------------------------
 Precision                                      1.00000e-07
------------------------------------------------------------
 Coulomb density                       840      1.73864e+00
 Coulomb potential                     520      1.57078e+01
 Allreduce potential                   520      9.17272e-03
 XC alpha density                      840      9.04660e-01
 XC beta density                       840      9.20491e-01
 XC evaluate xcfun                    7560      7.87359e+00
 XC energy                             840      1.66395e-04
 XC potential                         1680      2.44129e-01
------------------------------------------------------------
                 Wall time: 2.75861e+01 sec 
============================================================


============================================================
                   Calculating SCF energy
------------------------------------------------------------
------------------------------------------------------------
                 Wall time: 2.17472e+01 sec 
============================================================


============================================================
                 Calculating dipole moment
------------------------------------------------------------
------------------------------------------------------------
                 Wall time: 8.96891e+00 sec 
============================================================


============================================================
                        Fock matrix
------------------------------------------------------------
-3.04893e+01  0.00000e+00  0.00000e+00  0.00000e+00  0.00000e+00  0.00000e+00  0.00000e+00  0.00000e+00  0.00000e+00  0.00000e+00
 0.00000e+00 -1.33319e+00  0.00000e+00  0.00000e+00  0.00000e+00  0.00000e+00  0.00000e+00  0.00000e+00  0.00000e+00  0.00000e+00
 0.00000e+00  0.00000e+00 -4.90505e-01  0.00000e+00  0.00000e+00  0.00000e+00  0.00000e+00  0.00000e+00  0.00000e+00  0.00000e+00
 0.00000e+00  0.00000e+00  0.00000e+00 -4.90505e-01  0.00000e+00  0.00000e+00  0.00000e+00  0.00000e+00  0.00000e+00  0.00000e+00
 0.00000e+00  0.00000e+00  0.00000e+00  0.00000e+00 -4.90505e-01  0.00000e+00  0.00000e+00  0.00000e+00  0.00000e+00  0.00000e+00
 0.00000e+00  0.00000e+00  0.00000e+00  0.00000e+00  0.00000e+00 -3.04893e+01  0.00000e+00  0.00000e+00  0.00000e+00  0.00000e+00
 0.00000e+00  0.00000e+00  0.00000e+00  0.00000e+00  0.00000e+00  0.00000e+00 -1.33319e+00  0.00000e+00  0.00000e+00  0.00000e+00
 0.00000e+00  0.00000e+00  0.00000e+00  0.00000e+00  0.00000e+00  0.00000e+00  0.00000e+00 -4.90505e-01  0.00000e+00  0.00000e+00
 0.00000e+00  0.00000e+00  0.00000e+00  0.00000e+00  0.00000e+00  0.00000e+00  0.00000e+00  0.00000e+00 -4.90505e-01  0.00000e+00
 0.00000e+00  0.00000e+00  0.00000e+00  0.00000e+00  0.00000e+00  0.00000e+00  0.00000e+00  0.00000e+00  0.00000e+00 -4.90505e-01
============================================================


============================================================
                      Orbital energies
------------------------------------------------------------
    n  spin  occ                            epsilon  
------------------------------------------------------------
    0    a    1                      -3.048933903790321e+01
    1    a    1                      -3.048933903773597e+01
    2    a    1                      -1.333185829142994e+00
    3    a    1                      -1.333185829013367e+00
    4    a    1                      -4.905052251138988e-01
    5    b    1                      -4.905052249981636e-01
    6    b    1                      -4.905050664316872e-01
    7    b    1                      -4.905050664313826e-01
    8    b    1                      -4.905050662483781e-01
    9    b    1                      -4.905050662482153e-01
============================================================


============================================================
                          Molecule
------------------------------------------------------------
 Nr  Element             x             y             z      
------------------------------------------------------------
  1     Ne          0.00000e+00   0.00000e+00   0.00000e+00
------------------------------------------------------------
 Center of mass:    0.00000e+00   0.00000e+00   0.00000e+00
============================================================


                                                            
============================================================
                         SCF Energy                         
------------------------------------------------------------
                                                            
 Sum orbital energy:                 -6.658808044926727e+01
 Kinetic energy:                      1.285626574376217e+02
 E-N energy:                         -3.108976573859005e+02
 Coulomb energy:                      6.584309854735928e+01
 Exchange energy:                     0.000000000000000e+00
 X-C energy:                         -1.237453053855254e+01
 El. external field energy:          -3.075122115866878e-06
 Nuc. external field energy:         -6.684861946762086e-15
                                                            
------------------------------------------------------------
                                                            
 Electronic energy:                  -1.288664350145942e+02
 Nuclear energy:                     -6.684861946762086e-15
                                                            
------------------------------------------------------------
                                                            
 Total energy       (au)             -1.288664350145942e+02
                    (kJ/mol)         -3.383387761615717e+05
                    (kcal/mol)       -8.086490820793099e+04
                    (eV)             -3.506634183202924e+03
                                                            
============================================================
                                                            

                                                            
============================================================
                         Dipole moment                      
------------------------------------------------------------
                                                            
 Length of vector:   (au)                  3.0751221226e-03
                     (Debye)               7.8161800650e-03
                                                            
-------------------------- Total ---------------------------
                                                            
 [-6.6894730469e-12, -3.0751221226e-03, -6.9401383334e-12] 
                                                            
------------------------- Nuclear --------------------------
                                                            
 [-6.3744728219e-12, -6.6848619468e-12, -6.4091515027e-12] 
                                                            
------------------------ Electronic ------------------------
                                                            
 [-3.1500022497e-13, -3.0751221159e-03, -5.3098683068e-13] 
                                                            
============================================================
                                                            



************************************************************
***                                                      ***
***                    Exiting MRChem                    ***
***                                                      ***
***               Wall time: 1.620299e+03                ***
***                                                      ***
************************************************************


