


************************************************************
***     __  __ ____   ____ _                             ***
***    |  \/  |  _ \ / ___| |__   ___ _ __ ___           ***
***    | |\/| | |_) | |   | '_ \ / _ \ '_ ` _ \          ***
***    | |  | |  _ <| |___| | | |  __/ | | | | |         ***
***    |_|  |_|_| \_\\____|_| |_|\___|_| |_| |_|         ***
***                                                      ***
***    VERSION 0.0.1 (rev. 1c6f79f)                     ***
***                                                      ***
***    Stig Rune Jensen <stig.r.jensen@uit.no>           ***
***    Luca Frediani    <luca.frediani@uit.no>           ***
***    Peter Wind       <peter.wind@uit.no>              ***
***                                                      ***
************************************************************


+++ Parallel execution: 
  MPI hosts available     : 1
  Threads/host            : 16
  Total used CPUs         : 16


------------------------------------------------------------

 MRCPP version   : X.Y.Z
 Git revision    : bbc2aed

 Linear algebra  : EIGEN
 Parallelization : MPI/OpenMP

------------------------------------------------------------




============================================================
                  MultiResolution Analysis                  
------------------------------------------------------------
 polynomial order = 11
 polynomial type  = Interpolating
------------------------------------------------------------
 total boxes      = 8
 boxes            = [           2           2           2 ]
 unit lengths     = [    32.00000    32.00000    32.00000 ]
 scaling factor   = [     1.00000     1.00000     1.00000 ]
 lower bounds     = [   -32.00000   -32.00000   -32.00000 ]
 upper bounds     = [    32.00000    32.00000    32.00000 ]
 total length     = [    64.00000    64.00000    64.00000 ]
============================================================


============================================================
                          Molecule
------------------------------------------------------------
 Nr  Element             x             y             z      
------------------------------------------------------------
  1     He          0.00000e+00   0.00000e+00   0.00000e+00
------------------------------------------------------------
 Center of mass:    0.00000e+00   0.00000e+00   0.00000e+00
============================================================


============================================================
                Setting up nuclear potential
------------------------------------------------------------
 Nr  Element         Charge        Precision     Smoothing 
------------------------------------------------------------
  1     He          2.00000e+00   1.00000e-07   2.38660e-04
------------------------------------------------------------
 Nuclear potential                    1096      1.69160e-01
 Allreduce potential                  1096      3.79715e-02
------------------------------------------------------------
                 Wall time: 2.07827e-01 sec 
============================================================


============================================================
                Setting up nuclear potential
------------------------------------------------------------
 Nr  Element         Charge        Precision     Smoothing 
------------------------------------------------------------
  1     He          2.00000e+00   1.00000e-07   2.38660e-04
------------------------------------------------------------
 Nuclear potential                    1096      1.54582e-01
 Allreduce potential                  1096      2.42501e-02
------------------------------------------------------------
                 Wall time: 1.79476e-01 sec 
============================================================


============================================================
              Projecting Gaussian-type density
------------------------------------------------------------
 Nr  Element                                 Rho_i
------------------------------------------------------------
  0     He                            1.999999999996078e+00
------------------------------------------------------------
                 Wall time: 3.46268e-01 sec 
============================================================


============================================================
                  Projecting Hydrogen AOs
------------------------------------------------------------
    N    Atom   Label                     SquareNorm
------------------------------------------------------------
    1    He1     1s                   9.999999999967691e-01
    2    He1     2s                   9.999999999967799e-01
    3    He1     2p                   9.999999999967575e-01
    4    He1     2p                   9.999999999967577e-01
    5    He1     2p                   9.999999999967575e-01
    6    He1     3s                   9.999999999950970e-01
    7    He1     3p                   9.999999999958431e-01
    8    He1     3p                   9.999999999958431e-01
    9    He1     3p                   9.999999999958431e-01
------------------------------------------------------------
                 Wall time: 5.51174e-01 sec 
============================================================


============================================================
                  Setting up Fock operator
------------------------------------------------------------
 Coulomb potential                     328      4.47268e+00
 XC evaluate xcfun                     912      3.48048e-01
 XC energy                             456      1.47200e-04
 XC potential                          456      9.78063e-03
------------------------------------------------------------
                 Wall time: 4.83340e+00 sec 
============================================================


============================================================
                  Diagonalize Fock matrix
------------------------------------------------------------
 Compute Fock matrix                            7.24091e+00
 Diagonalize Fock matrix                        3.37760e-05
 Rotate orbitals                                1.35088e-01
------------------------------------------------------------
                 Wall time: 7.37744e+00 sec 
============================================================


============================================================
 OrbitalVector:   1 orbitals     1 occupied     2 electrons
------------------------------------------------------------
   n  RankID           Norm          Spin Occ      Error    
------------------------------------------------------------
   0     0       1.000000000000e+00    p   2    1.00000e+00
============================================================


============================================================
                  Setting up Fock operator
------------------------------------------------------------
 Precision                                      1.00000e-07
------------------------------------------------------------
 Coulomb density                       712      1.66207e-01
 Coulomb potential                     328      5.53346e+00
 Allreduce potential                   328      4.86160e-03
 XC total density                      712      1.77110e-01
 XC evaluate xcfun                    3560      1.63422e+00
 XC energy                             712      1.73824e-04
 XC potential                          712      9.57623e-02
------------------------------------------------------------
                 Wall time: 7.66132e+00 sec 
============================================================


============================================================
                  Calculating Fock matrix
------------------------------------------------------------
 Kinetic part                         2.588075000000000e-01
 Potential part                       1.304360435000000e+00
------------------------------------------------------------
                 Wall time: 1.56419e+00 sec 
============================================================




####################### SCF cycle  1 #######################


============================================================
 Current precision                              1.00000e-07
------------------------------------------------------------
 Orbital threshold                              1.00000e-06
 Property threshold                            -1.00000e+00
============================================================


============================================================
                  Digonalizing Fock matrix
------------------------------------------------------------
 Computing Lowdin matrix                        6.40339e-03
 Diagonalizing matrix                           7.83000e-06
 Rotating orbitals                              7.92218e-02
------------------------------------------------------------
                 Wall time: 8.58960e-02 sec 
============================================================


============================================================
                   Calculating SCF energy
------------------------------------------------------------
 Nuclear energy                       6.374472821877968e-15
 Electronic energy                   -2.871569086338174e+00
------------------------------------------------------------
 Total energy                        -2.871569086338168e+00
------------------------------------------------------------
                 Wall time: 1.33664e+00 sec 
============================================================


============================================================
                Rotating Helmholtz argument
------------------------------------------------------------
 Rotating orbitals                              1.18360e-05
------------------------------------------------------------
                 Wall time: 7.86295e-04 sec 
============================================================


============================================================
                Applying Helmholtz operators
------------------------------------------------------------
 Orb    RealNorm   Nodes     ImagNorm   Nodes     Timing
------------------------------------------------------------
  0    1.02166e+00  2440    0.00000e+00     0   2.64296e+01
------------------------------------------------------------
                 Wall time: 2.64338e+01 sec 
============================================================


============================================================
                 Lowdin orthonormalization
------------------------------------------------------------
 Computing Lowdin matrix                        2.61417e-02
 Rotating orbitals                              2.93036e-01
------------------------------------------------------------
                 Wall time: 3.19414e-01 sec 
============================================================


============================================================
               Iterative subspace accelerator
------------------------------------------------------------
 Push back orbitals                             1.30970e-05
 Copy orbitals                                  1.00204e-02
 Copy orbital updates                           3.08877e-02
------------------------------------------------------------
                 Wall time: 4.11810e-02 sec 
============================================================


============================================================
                 Lowdin orthonormalization
------------------------------------------------------------
 Computing Lowdin matrix                        2.62143e-02
 Rotating orbitals                              3.20205e-01
------------------------------------------------------------
                 Wall time: 3.46660e-01 sec 
============================================================


============================================================
                  Setting up Fock operator
------------------------------------------------------------
 Precision                                      1.00000e-07
------------------------------------------------------------
 Coulomb density                       712      5.67465e-01
 Coulomb potential                     328      5.23637e+00
 Allreduce potential                   328      4.91147e-03
 XC total density                      712      5.89486e-01
 XC evaluate xcfun                    3560      1.64894e+00
 XC energy                             712      1.76808e-04
 XC potential                          712      1.06429e-01
------------------------------------------------------------
                 Wall time: 8.21221e+00 sec 
============================================================


============================================================
                  Calculating Fock matrix
------------------------------------------------------------
 Kinetic part                         1.082310503000000e+00
 Potential part                       5.718317922000000e+00
------------------------------------------------------------
                 Wall time: 6.80164e+00 sec 
============================================================


============================================================
                          Orbitals
------------------------------------------------------------
 Orb    F(i,i)        Error         nNodes  Spin  Occ  Done 
------------------------------------------------------------
  0  -5.79460e-01   7.95963e-02       2440    p    2    0
------------------------------------------------------------
 Total error:                            7.95963e-02    0
============================================================


============================================================
                    Energy                 Update      Done 
------------------------------------------------------------
 Orbital      -1.134131474225255e+00    -1.13413e+00    1
 Kinetic       3.042377714005639e+00     3.04238e+00    1
 N-E          -6.886946581710579e+00    -6.88695e+00    1
 Coulomb       2.031877392206098e+00     2.03188e+00    1
 Exchange      0.000000000000000e+00     0.00000e+00    1
 X-C          -1.058877610839340e+00    -1.05888e+00    1
------------------------------------------------------------
 Electronic   -2.871569086338174e+00    -2.87157e+00    1
 Nuclear       6.374472821877968e-15     6.37447e-15    1
------------------------------------------------------------
 Total        -2.871569086338168e+00    -2.87157e+00    1
============================================================


################ Wall time: 4.36772e+01 sec ################




####################### SCF cycle  2 #######################


============================================================
 Current precision                              1.00000e-07
------------------------------------------------------------
 Orbital threshold                              1.00000e-06
 Property threshold                            -1.00000e+00
============================================================


============================================================
                  Digonalizing Fock matrix
------------------------------------------------------------
 Computing Lowdin matrix                        2.40387e-02
 Diagonalizing matrix                           4.75900e-06
 Rotating orbitals                              2.86807e-01
------------------------------------------------------------
                 Wall time: 3.11134e-01 sec 
============================================================


============================================================
                   Calculating SCF energy
------------------------------------------------------------
 Nuclear energy                       6.374472821877968e-15
 Electronic energy                   -2.892481929327678e+00
------------------------------------------------------------
 Total energy                        -2.892481929327671e+00
------------------------------------------------------------
                 Wall time: 5.45659e+00 sec 
============================================================


============================================================
                Rotating Helmholtz argument
------------------------------------------------------------
 Rotating orbitals                              1.20970e-05
------------------------------------------------------------
                 Wall time: 7.89873e-04 sec 
============================================================


============================================================
                Applying Helmholtz operators
------------------------------------------------------------
 Orb    RealNorm   Nodes     ImagNorm   Nodes     Timing
------------------------------------------------------------
  0    1.00227e+00   648    0.00000e+00     0   1.85412e+01
------------------------------------------------------------
                 Wall time: 1.86330e+01 sec 
============================================================


============================================================
                 Lowdin orthonormalization
------------------------------------------------------------
 Computing Lowdin matrix                        6.70045e-03
 Rotating orbitals                              7.83602e-02
------------------------------------------------------------
                 Wall time: 8.52900e-02 sec 
============================================================


============================================================
               Iterative subspace accelerator
------------------------------------------------------------
 Push back orbitals                             1.08310e-05
 Copy orbitals                                  3.07552e-02
 Copy orbital updates                           3.18932e-02
------------------------------------------------------------
                 Wall time: 6.29113e-02 sec 
============================================================


============================================================
                 Lowdin orthonormalization
------------------------------------------------------------
 Computing Lowdin matrix                        2.55895e-02
 Rotating orbitals                              8.93145e-02
------------------------------------------------------------
                 Wall time: 1.15125e-01 sec 
============================================================


============================================================
                  Setting up Fock operator
------------------------------------------------------------
 Precision                                      1.00000e-07
------------------------------------------------------------
 Coulomb density                       712      1.65869e-01
 Coulomb potential                     328      5.26155e+00
 Allreduce potential                   328      4.92442e-03
 XC total density                      712      1.78410e-01
 XC evaluate xcfun                    3560      1.63617e+00
 XC energy                             712      1.62697e-04
 XC potential                          712      1.03019e-01
------------------------------------------------------------
                 Wall time: 7.40702e+00 sec 
============================================================


============================================================
                  Calculating Fock matrix
------------------------------------------------------------
 Kinetic part                         2.838696170000000e-01
 Potential part                       1.552004980000000e+00
------------------------------------------------------------
                 Wall time: 1.83688e+00 sec 
============================================================


============================================================
                          Orbitals
------------------------------------------------------------
 Orb    F(i,i)        Error         nNodes  Spin  Occ  Done 
------------------------------------------------------------
  0  -5.78596e-01   1.03552e-02        648    p    2    0
------------------------------------------------------------
 Total error:                            1.03552e-02    0
============================================================


============================================================
                    Energy                 Update      Done 
------------------------------------------------------------
 Orbital      -1.158920750595497e+00    -2.47893e-02    1
 Kinetic       2.885327110982237e+00    -1.57051e-01    1
 N-E          -6.756363062820240e+00     1.30584e-01    1
 Coulomb       2.025942956518593e+00    -5.93444e-03    1
 Exchange      0.000000000000000e+00     0.00000e+00    1
 X-C          -1.047351169263193e+00     1.15264e-02    1
------------------------------------------------------------
 Electronic   -2.892481929327678e+00    -2.09128e-02    1
 Nuclear       6.374472821877968e-15     0.00000e+00    1
------------------------------------------------------------
 Total        -2.892481929327671e+00    -2.09128e-02    1
============================================================


################ Wall time: 3.40229e+01 sec ################




####################### SCF cycle  3 #######################


============================================================
 Current precision                              1.00000e-07
------------------------------------------------------------
 Orbital threshold                              1.00000e-06
 Property threshold                            -1.00000e+00
============================================================


============================================================
                   Calculating SCF energy
------------------------------------------------------------
 Nuclear energy                       6.374472821877968e-15
 Electronic energy                   -2.892929344010668e+00
------------------------------------------------------------
 Total energy                        -2.892929344010662e+00
------------------------------------------------------------
                 Wall time: 1.54493e+00 sec 
============================================================


============================================================
                Rotating Helmholtz argument
------------------------------------------------------------
 Rotating orbitals                              1.09950e-05
------------------------------------------------------------
                 Wall time: 7.82825e-04 sec 
============================================================


============================================================
                Applying Helmholtz operators
------------------------------------------------------------
 Orb    RealNorm   Nodes     ImagNorm   Nodes     Timing
------------------------------------------------------------
  0    1.00105e+00   648    0.00000e+00     0   1.41262e+01
------------------------------------------------------------
                 Wall time: 1.41402e+01 sec 
============================================================


============================================================
                 Lowdin orthonormalization
------------------------------------------------------------
 Computing Lowdin matrix                        6.29286e-03
 Rotating orbitals                              7.83279e-02
------------------------------------------------------------
                 Wall time: 8.52221e-02 sec 
============================================================


============================================================
               Iterative subspace accelerator
------------------------------------------------------------
 Push back orbitals                             8.68700e-06
 Setup linear system                            1.33418e-01
 Solve linear system                            1.44120e-05
 Expand solution                                8.77332e-02
------------------------------------------------------------
                 Wall time: 2.22085e-01 sec 
============================================================


============================================================
                 Lowdin orthonormalization
------------------------------------------------------------
 Computing Lowdin matrix                        1.25888e-02
 Rotating orbitals                              7.80750e-02
------------------------------------------------------------
                 Wall time: 9.12548e-02 sec 
============================================================


============================================================
                  Setting up Fock operator
------------------------------------------------------------
 Precision                                      1.00000e-07
------------------------------------------------------------
 Coulomb density                       712      1.66996e-01
 Coulomb potential                     328      5.16043e+00
 Allreduce potential                   328      5.42736e-03
 XC total density                      712      1.78297e-01
 XC evaluate xcfun                    3560      1.63820e+00
 XC energy                             712      1.66864e-04
 XC potential                          712      1.01393e-01
------------------------------------------------------------
                 Wall time: 7.31678e+00 sec 
============================================================


============================================================
                  Calculating Fock matrix
------------------------------------------------------------
 Kinetic part                         2.917839560000000e-01
 Potential part                       1.535208067000000e+00
------------------------------------------------------------
                 Wall time: 1.83372e+00 sec 
============================================================


============================================================
                          Orbitals
------------------------------------------------------------
 Orb    F(i,i)        Error         nNodes  Spin  Occ  Done 
------------------------------------------------------------
  0  -5.79240e-01   1.56661e-03        648    p    2    0
------------------------------------------------------------
 Total error:                            1.56661e-03    0
============================================================


============================================================
                    Energy                 Update      Done 
------------------------------------------------------------
 Orbital      -1.157191474081784e+00     1.72928e-03    1
 Kinetic       2.867441324172681e+00    -1.78858e-02    1
 N-E          -6.741409216478336e+00     1.49538e-02    1
 Coulomb       2.028356652647321e+00     2.41370e-03    1
 Exchange      0.000000000000000e+00     0.00000e+00    1
 X-C          -1.047278305484760e+00     7.28638e-05    1
------------------------------------------------------------
 Electronic   -2.892929344010668e+00    -4.47415e-04    1
 Nuclear       6.374472821877968e-15     0.00000e+00    1
------------------------------------------------------------
 Total        -2.892929344010662e+00    -4.47415e-04    1
============================================================


################ Wall time: 2.53466e+01 sec ################




####################### SCF cycle  4 #######################


============================================================
 Current precision                              1.00000e-07
------------------------------------------------------------
 Orbital threshold                              1.00000e-06
 Property threshold                            -1.00000e+00
============================================================


============================================================
                   Calculating SCF energy
------------------------------------------------------------
 Nuclear energy                       6.374472821877968e-15
 Electronic energy                   -2.892954194242910e+00
------------------------------------------------------------
 Total energy                        -2.892954194242904e+00
------------------------------------------------------------
                 Wall time: 1.52829e+00 sec 
============================================================


============================================================
                Rotating Helmholtz argument
------------------------------------------------------------
 Rotating orbitals                              1.20220e-05
------------------------------------------------------------
                 Wall time: 6.24839e-03 sec 
============================================================


============================================================
                Applying Helmholtz operators
------------------------------------------------------------
 Orb    RealNorm   Nodes     ImagNorm   Nodes     Timing
------------------------------------------------------------
  0    1.00017e+00   648    0.00000e+00     0   1.40023e+01
------------------------------------------------------------
                 Wall time: 1.40177e+01 sec 
============================================================


============================================================
                 Lowdin orthonormalization
------------------------------------------------------------
 Computing Lowdin matrix                        7.19036e-03
 Rotating orbitals                              7.95357e-02
------------------------------------------------------------
                 Wall time: 8.73297e-02 sec 
============================================================


============================================================
               Iterative subspace accelerator
------------------------------------------------------------
 Push back orbitals                             9.29263e-03
 Setup linear system                            2.59003e-01
 Solve linear system                            1.68340e-05
 Expand solution                                1.43844e-01
------------------------------------------------------------
                 Wall time: 4.13204e-01 sec 
============================================================


============================================================
                 Lowdin orthonormalization
------------------------------------------------------------
 Computing Lowdin matrix                        1.29932e-02
 Rotating orbitals                              7.88835e-02
------------------------------------------------------------
                 Wall time: 9.24700e-02 sec 
============================================================


============================================================
                  Setting up Fock operator
------------------------------------------------------------
 Precision                                      1.00000e-07
------------------------------------------------------------
 Coulomb density                       712      1.67975e-01
 Coulomb potential                     328      5.17972e+00
 Allreduce potential                   328      5.51753e-03
 XC total density                      712      1.77245e-01
 XC evaluate xcfun                    3560      1.63915e+00
 XC energy                             712      1.66286e-04
 XC potential                          712      1.01990e-01
------------------------------------------------------------
                 Wall time: 7.33725e+00 sec 
============================================================


============================================================
                  Calculating Fock matrix
------------------------------------------------------------
 Kinetic part                         2.955937840000000e-01
 Potential part                       1.534873630000000e+00
------------------------------------------------------------
                 Wall time: 1.83720e+00 sec 
============================================================


============================================================
                          Orbitals
------------------------------------------------------------
 Orb    F(i,i)        Error         nNodes  Spin  Occ  Done 
------------------------------------------------------------
  0  -5.79299e-01   2.40209e-04        648    p    2    0
------------------------------------------------------------
 Total error:                            2.40209e-04    0
============================================================


============================================================
                    Energy                 Update      Done 
------------------------------------------------------------
 Orbital      -1.158480402310547e+00    -1.28893e-03    1
 Kinetic       2.857951174487154e+00    -9.49015e-03    1
 N-E          -6.731448479338481e+00     9.96074e-03    1
 Coulomb       2.026879174587529e+00    -1.47748e-03    1
 Exchange      0.000000000000000e+00     0.00000e+00    1
 X-C          -1.046296413843904e+00     9.81892e-04    1
------------------------------------------------------------
 Electronic   -2.892954194242910e+00    -2.48502e-05    1
 Nuclear       6.374472821877968e-15     0.00000e+00    1
------------------------------------------------------------
 Total        -2.892954194242904e+00    -2.48502e-05    1
============================================================


################ Wall time: 2.54381e+01 sec ################




####################### SCF cycle  5 #######################


============================================================
 Current precision                              1.00000e-07
------------------------------------------------------------
 Orbital threshold                              1.00000e-06
 Property threshold                            -1.00000e+00
============================================================


============================================================
                   Calculating SCF energy
------------------------------------------------------------
 Nuclear energy                       6.374472821877968e-15
 Electronic energy                   -2.892955271334683e+00
------------------------------------------------------------
 Total energy                        -2.892955271334677e+00
------------------------------------------------------------
                 Wall time: 1.52792e+00 sec 
============================================================


============================================================
                Rotating Helmholtz argument
------------------------------------------------------------
 Rotating orbitals                              1.17010e-05
------------------------------------------------------------
                 Wall time: 6.19645e-03 sec 
============================================================


============================================================
                Applying Helmholtz operators
------------------------------------------------------------
 Orb    RealNorm   Nodes     ImagNorm   Nodes     Timing
------------------------------------------------------------
  0    1.00003e+00   648    0.00000e+00     0   1.39575e+01
------------------------------------------------------------
                 Wall time: 1.39725e+01 sec 
============================================================


============================================================
                 Lowdin orthonormalization
------------------------------------------------------------
 Computing Lowdin matrix                        7.20633e-03
 Rotating orbitals                              8.55841e-02
------------------------------------------------------------
                 Wall time: 9.33846e-02 sec 
============================================================


============================================================
               Iterative subspace accelerator
------------------------------------------------------------
 Push back orbitals                             9.44705e-03
 Setup linear system                            4.08400e-01
 Solve linear system                            1.09060e-05
 Expand solution                                2.07357e-01
------------------------------------------------------------
                 Wall time: 6.26268e-01 sec 
============================================================


============================================================
                 Lowdin orthonormalization
------------------------------------------------------------
 Computing Lowdin matrix                        1.62320e-02
 Rotating orbitals                              7.93388e-02
------------------------------------------------------------
                 Wall time: 9.61662e-02 sec 
============================================================


============================================================
                  Setting up Fock operator
------------------------------------------------------------
 Precision                                      1.00000e-07
------------------------------------------------------------
 Coulomb density                       712      1.67157e-01
 Coulomb potential                     328      5.19356e+00
 Allreduce potential                   328      5.12424e-03
 XC total density                      712      1.77149e-01
 XC evaluate xcfun                    3560      1.63787e+00
 XC energy                             712      1.64975e-04
 XC potential                          712      1.01048e-01
------------------------------------------------------------
                 Wall time: 7.34765e+00 sec 
============================================================


============================================================
                  Calculating Fock matrix
------------------------------------------------------------
 Kinetic part                         2.865767010000000e-01
 Potential part                       1.535221368000000e+00
------------------------------------------------------------
                 Wall time: 1.82857e+00 sec 
============================================================


============================================================
                          Orbitals
------------------------------------------------------------
 Orb    F(i,i)        Error         nNodes  Spin  Occ  Done 
------------------------------------------------------------
  0  -5.79321e-01   3.14785e-05        648    p    2    0
------------------------------------------------------------
 Total error:                            3.14785e-05    0
============================================================


============================================================
                    Energy                 Update      Done 
------------------------------------------------------------
 Orbital      -1.158597605506954e+00    -1.17203e-04    1
 Kinetic       2.856259024409121e+00    -1.69215e-03    1
 N-E          -6.729740584580363e+00     1.70789e-03    1
 Coulomb       2.026743134319395e+00    -1.36040e-04    1
 Exchange      0.000000000000000e+00     0.00000e+00    1
 X-C          -1.046177228775264e+00     1.19185e-04    1
------------------------------------------------------------
 Electronic   -2.892955271334683e+00    -1.07709e-06    1
 Nuclear       6.374472821877968e-15     0.00000e+00    1
------------------------------------------------------------
 Total        -2.892955271334677e+00    -1.07709e-06    1
============================================================


################ Wall time: 2.56203e+01 sec ################




####################### SCF cycle  6 #######################


============================================================
 Current precision                              1.00000e-07
------------------------------------------------------------
 Orbital threshold                              1.00000e-06
 Property threshold                            -1.00000e+00
============================================================


============================================================
                   Calculating SCF energy
------------------------------------------------------------
 Nuclear energy                       6.374472821877968e-15
 Electronic energy                   -2.892955304111740e+00
------------------------------------------------------------
 Total energy                        -2.892955304111734e+00
------------------------------------------------------------
                 Wall time: 1.52706e+00 sec 
============================================================


============================================================
                Rotating Helmholtz argument
------------------------------------------------------------
 Rotating orbitals                              1.13750e-05
------------------------------------------------------------
                 Wall time: 7.84723e-04 sec 
============================================================


============================================================
                Applying Helmholtz operators
------------------------------------------------------------
 Orb    RealNorm   Nodes     ImagNorm   Nodes     Timing
------------------------------------------------------------
  0    1.00000e+00   648    0.00000e+00     0   1.39642e+01
------------------------------------------------------------
                 Wall time: 1.39775e+01 sec 
============================================================


============================================================
                 Lowdin orthonormalization
------------------------------------------------------------
 Computing Lowdin matrix                        7.21034e-03
 Rotating orbitals                              8.53295e-02
------------------------------------------------------------
                 Wall time: 9.27678e-02 sec 
============================================================


============================================================
               Iterative subspace accelerator
------------------------------------------------------------
 Push back orbitals                             9.67838e-03
 Setup linear system                            6.11408e-01
 Solve linear system                            1.15400e-05
 Expand solution                                3.22392e-01
------------------------------------------------------------
                 Wall time: 9.43898e-01 sec 
============================================================


============================================================
                 Lowdin orthonormalization
------------------------------------------------------------
 Computing Lowdin matrix                        2.21985e-02
 Rotating orbitals                              7.86022e-02
------------------------------------------------------------
                 Wall time: 1.01028e-01 sec 
============================================================


============================================================
                  Setting up Fock operator
------------------------------------------------------------
 Precision                                      1.00000e-07
------------------------------------------------------------
 Coulomb density                       712      1.66219e-01
 Coulomb potential                     328      5.18477e+00
 Allreduce potential                   328      4.86287e-03
 XC total density                      712      1.76665e-01
 XC evaluate xcfun                    3560      1.63724e+00
 XC energy                             712      1.57432e-04
 XC potential                          712      1.01895e-01
------------------------------------------------------------
                 Wall time: 7.32806e+00 sec 
============================================================


============================================================
                  Calculating Fock matrix
------------------------------------------------------------
 Kinetic part                         2.827249040000000e-01
 Potential part                       1.532914245000000e+00
------------------------------------------------------------
                 Wall time: 1.81664e+00 sec 
============================================================


============================================================
                          Orbitals
------------------------------------------------------------
 Orb    F(i,i)        Error         nNodes  Spin  Occ  Done 
------------------------------------------------------------
  0  -5.79322e-01   1.88493e-06        648    p    2    0
------------------------------------------------------------
 Total error:                            1.88493e-06    0
============================================================


============================================================
                    Energy                 Update      Done 
------------------------------------------------------------
 Orbital      -1.158641445619104e+00    -4.38401e-05    1
 Kinetic       2.855910875690799e+00    -3.48149e-04    1
 N-E          -6.729373874950115e+00     3.66710e-04    1
 Coulomb       2.026692368870648e+00    -5.07654e-05    1
 Exchange      0.000000000000000e+00     0.00000e+00    1
 X-C          -1.046145060792324e+00     3.21680e-05    1
------------------------------------------------------------
 Electronic   -2.892955304111740e+00    -3.27771e-08    1
 Nuclear       6.374472821877968e-15     0.00000e+00    1
------------------------------------------------------------
 Total        -2.892955304111734e+00    -3.27771e-08    1
============================================================


################ Wall time: 2.58764e+01 sec ################




####################### SCF cycle  7 #######################


============================================================
 Current precision                              1.00000e-07
------------------------------------------------------------
 Orbital threshold                              1.00000e-06
 Property threshold                            -1.00000e+00
============================================================


============================================================
                   Calculating SCF energy
------------------------------------------------------------
 Nuclear energy                       6.374472821877968e-15
 Electronic energy                   -2.892955304274352e+00
------------------------------------------------------------
 Total energy                        -2.892955304274346e+00
------------------------------------------------------------
                 Wall time: 1.52595e+00 sec 
============================================================


============================================================
                Rotating Helmholtz argument
------------------------------------------------------------
 Rotating orbitals                              1.10210e-05
------------------------------------------------------------
                 Wall time: 7.85497e-04 sec 
============================================================


============================================================
                Applying Helmholtz operators
------------------------------------------------------------
 Orb    RealNorm   Nodes     ImagNorm   Nodes     Timing
------------------------------------------------------------
  0    1.00000e+00   648    0.00000e+00     0   1.39401e+01
------------------------------------------------------------
                 Wall time: 1.39531e+01 sec 
============================================================


============================================================
                 Lowdin orthonormalization
------------------------------------------------------------
 Computing Lowdin matrix                        7.14690e-03
 Rotating orbitals                              8.25080e-02
------------------------------------------------------------
                 Wall time: 8.98843e-02 sec 
============================================================


============================================================
               Iterative subspace accelerator
------------------------------------------------------------
 Push back orbitals                             9.76578e-03
 Setup linear system                            8.56054e-01
 Solve linear system                            1.31920e-05
 Expand solution                                4.39542e-01
------------------------------------------------------------
                 Wall time: 1.30579e+00 sec 
============================================================


============================================================
                 Lowdin orthonormalization
------------------------------------------------------------
 Computing Lowdin matrix                        2.28727e-02
 Rotating orbitals                              7.81405e-02
------------------------------------------------------------
                 Wall time: 1.01238e-01 sec 
============================================================


============================================================
                  Setting up Fock operator
------------------------------------------------------------
 Precision                                      1.00000e-07
------------------------------------------------------------
 Coulomb density                       712      1.66015e-01
 Coulomb potential                     328      5.20267e+00
 Allreduce potential                   328      4.86711e-03
 XC total density                      712      1.77101e-01
 XC evaluate xcfun                    3560      1.63176e+00
 XC energy                             712      1.60010e-04
 XC potential                          712      1.01581e-01
------------------------------------------------------------
                 Wall time: 7.34031e+00 sec 
============================================================


============================================================
                  Calculating Fock matrix
------------------------------------------------------------
 Kinetic part                         2.823702300000000e-01
 Potential part                       1.536088954000000e+00
------------------------------------------------------------
                 Wall time: 1.81947e+00 sec 
============================================================


============================================================
                          Orbitals
------------------------------------------------------------
 Orb    F(i,i)        Error         nNodes  Spin  Occ  Done 
------------------------------------------------------------
  0  -5.79322e-01   9.83746e-08        648    p    2    1
------------------------------------------------------------
 Total error:                            9.83746e-08    1
============================================================


============================================================
                    Energy                 Update      Done 
------------------------------------------------------------
 Orbital      -1.158643272023248e+00    -1.82640e-06    1
 Kinetic       2.855890590544508e+00    -2.02851e-05    1
 N-E          -6.729352977830301e+00     2.08971e-05    1
 Coulomb       2.026690248059646e+00    -2.12081e-06    1
 Exchange      0.000000000000000e+00     0.00000e+00    1
 X-C          -1.046143550755496e+00     1.51004e-06    1
------------------------------------------------------------
 Electronic   -2.892955304274352e+00    -1.62612e-10    1
 Nuclear       6.374472821877968e-15     0.00000e+00    1
------------------------------------------------------------
 Total        -2.892955304274346e+00    -1.62612e-10    1
============================================================


################ Wall time: 2.62398e+01 sec ################


============================================================
                      Convergence rate
------------------------------------------------------------
Iter    OrbError       Property                   Update  
------------------------------------------------------------
  1    7.95963e-02    -2.871569086338168e+00   -2.87157e+00
  2    1.03552e-02    -2.892481929327671e+00   -2.09128e-02
  3    1.56661e-03    -2.892929344010662e+00   -4.47415e-04
  4    2.40209e-04    -2.892954194242904e+00   -2.48502e-05
  5    3.14785e-05    -2.892955271334677e+00   -1.07709e-06
  6    1.88493e-06    -2.892955304111734e+00   -3.27771e-08
  7    9.83746e-08    -2.892955304274346e+00   -1.62612e-10
------------------------------------------------------------
                      SCF converged!!!                      
============================================================


============================================================
                  Digonalizing Fock matrix
------------------------------------------------------------
 Computing Lowdin matrix                        7.08143e-03
 Diagonalizing matrix                           5.33600e-06
 Rotating orbitals                              1.34418e-01
------------------------------------------------------------
                 Wall time: 1.41763e-01 sec 
============================================================


============================================================
                  Setting up Fock operator
------------------------------------------------------------
 Precision                                      1.00000e-07
------------------------------------------------------------
 Coulomb density                       712      1.64005e-01
 Coulomb potential                     328      5.16046e+00
 Allreduce potential                   328      5.22609e-03
 XC total density                      712      1.75666e-01
 XC evaluate xcfun                    3560      1.63009e+00
 XC energy                             712      1.83795e-04
 XC potential                          712      7.53197e-02
------------------------------------------------------------
                 Wall time: 7.26701e+00 sec 
============================================================


============================================================
                   Calculating SCF energy
------------------------------------------------------------
------------------------------------------------------------
                 Wall time: 1.64664e+00 sec 
============================================================


============================================================
                 Calculating dipole moment
------------------------------------------------------------
------------------------------------------------------------
                 Wall time: 6.38038e-01 sec 
============================================================


============================================================
                        Fock matrix
------------------------------------------------------------
-5.79322e-01
============================================================


============================================================
                      Orbital energies
------------------------------------------------------------
    n  spin  occ                            epsilon  
------------------------------------------------------------
    0    p    2                      -5.793216982896758e-01
============================================================


============================================================
                          Molecule
------------------------------------------------------------
 Nr  Element             x             y             z      
------------------------------------------------------------
  1     He          0.00000e+00   0.00000e+00   0.00000e+00
------------------------------------------------------------
 Center of mass:    0.00000e+00   0.00000e+00   0.00000e+00
============================================================


                                                            
============================================================
                         SCF Energy                         
------------------------------------------------------------
                                                            
 Sum orbital energy:                 -1.158643396579352e+00
 Kinetic energy:                      2.855889552259677e+00
 E-N energy:                         -6.729351885365325e+00
 Coulomb energy:                      2.026690103820972e+00
 Exchange energy:                     0.000000000000000e+00
 X-C energy:                         -1.046143460644050e+00
 El. external field energy:          -3.961434631661782e-05
 Nuc. external field energy:          6.374472821877968e-15
                                                            
------------------------------------------------------------
                                                            
 Electronic energy:                  -2.892955304275042e+00
 Nuclear energy:                      6.374472821877968e-15
                                                            
------------------------------------------------------------
                                                            
 Total energy       (au)             -2.892955304275036e+00
                    (kJ/mol)         -7.595453052051092e+03
                    (kcal/mol)       -1.815356846826361e+03
                    (eV)             -7.872132071706791e+01
                                                            
============================================================
                                                            

                                                            
============================================================
                         Dipole moment                      
------------------------------------------------------------
                                                            
 Length of vector:   (au)                  7.9228692620e-03
                     (Debye)               2.0137923086e-02
                                                            
-------------------------- Total ---------------------------
                                                            
 [ 7.9228692620e-03, -1.3328739067e-12, -1.2772420611e-12] 
                                                            
------------------------- Nuclear --------------------------
                                                            
 [-1.2748945644e-12, -1.3369723894e-12, -1.2818303005e-12] 
                                                            
------------------------ Electronic ------------------------
                                                            
 [7.9228692633e-03, 4.0984826289e-15, 4.5882393923e-15] 
                                                            
============================================================
                                                            



************************************************************
***                                                      ***
***                    Exiting MRChem                    ***
***                                                      ***
***               Wall time: 2.395398e+02                ***
***                                                      ***
************************************************************


