


************************************************************
***     __  __ ____   ____ _                             ***
***    |  \/  |  _ \ / ___| |__   ___ _ __ ___           ***
***    | |\/| | |_) | |   | '_ \ / _ \ '_ ` _ \          ***
***    | |  | |  _ <| |___| | | |  __/ | | | | |         ***
***    |_|  |_|_| \_\\____|_| |_|\___|_| |_| |_|         ***
***                                                      ***
***    VERSION 0.0.1 (rev. 1c6f79f)                     ***
***                                                      ***
***    Stig Rune Jensen <stig.r.jensen@uit.no>           ***
***    Luca Frediani    <luca.frediani@uit.no>           ***
***    Peter Wind       <peter.wind@uit.no>              ***
***                                                      ***
************************************************************


+++ Parallel execution: 
  MPI hosts available     : 4
  Threads/host            : 2
  Total used CPUs         : 8


------------------------------------------------------------

 MRCPP version   : X.Y.Z
 Git revision    : bbc2aed

 Linear algebra  : EIGEN
 Parallelization : MPI/OpenMP

------------------------------------------------------------




============================================================
                  MultiResolution Analysis                  
------------------------------------------------------------
 polynomial order = 11
 polynomial type  = Interpolating
------------------------------------------------------------
 total boxes      = 8
 boxes            = [           2           2           2 ]
 unit lengths     = [    32.00000    32.00000    32.00000 ]
 scaling factor   = [     1.00000     1.00000     1.00000 ]
 lower bounds     = [   -32.00000   -32.00000   -32.00000 ]
 upper bounds     = [    32.00000    32.00000    32.00000 ]
 total length     = [    64.00000    64.00000    64.00000 ]
============================================================


============================================================
                          Molecule
------------------------------------------------------------
 Nr  Element             x             y             z      
------------------------------------------------------------
  1     Al          0.00000e+00   0.00000e+00   0.00000e+00
  2     F           0.00000e+00   0.00000e+00   3.12636e+00
------------------------------------------------------------
 Center of mass:    0.00000e+00   0.00000e+00   1.29178e+00
============================================================


============================================================
                Setting up nuclear potential
------------------------------------------------------------
 Nr  Element         Charge        Precision     Smoothing 
------------------------------------------------------------
  1     Al          1.30000e+01   1.00000e-07   1.05420e-05
  2     F           9.00000e+00   1.00000e-07   1.94577e-05
------------------------------------------------------------
 Nuclear potential                    1416      1.35142e+00
 Allreduce potential                  2504      8.89551e-01
------------------------------------------------------------
                 Wall time: 2.24110e+00 sec 
============================================================


============================================================
 OrbitalVector:  11 orbitals    11 occupied    22 electrons
------------------------------------------------------------
   n  RankID           Norm          Spin Occ      Error    
------------------------------------------------------------
   0     0       1.000000000000e+00    p   2    1.00000e+00
   1     1      -1.000000000000e+00    p   2    1.00000e+00
   2     2      -1.000000000000e+00    p   2    1.00000e+00
   3     3      -1.000000000000e+00    p   2    1.00000e+00
   4     0       1.000000000000e+00    p   2    1.00000e+00
   5     1      -1.000000000000e+00    p   2    1.00000e+00
   6     2      -1.000000000000e+00    p   2    1.00000e+00
   7     3      -1.000000000000e+00    p   2    1.00000e+00
   8     0       1.000000000000e+00    p   2    1.00000e+00
   9     1      -1.000000000000e+00    p   2    1.00000e+00
  10     2      -1.000000000000e+00    p   2    1.00000e+00
============================================================


============================================================
                  Setting up Fock operator
------------------------------------------------------------
 Precision                                      1.00000e-07
------------------------------------------------------------
 Coulomb density                      1160      2.35617e+00
 Coulomb potential                     728      7.34828e+01
 Allreduce potential                   744      2.35604e-01
 XC total density                     1576      3.73467e+00
 XC evaluate xcfun                    3152      8.60136e+00
 XC energy                            1576      1.75809e-04
 XC potential                         1576      1.02748e-01
------------------------------------------------------------
                 Wall time: 8.85397e+01 sec 
============================================================


============================================================
                  Calculating Fock matrix
------------------------------------------------------------
 Kinetic part                         1.151919933300000e+01
 Potential part                       2.837523287400000e+01
------------------------------------------------------------
                 Wall time: 3.98946e+01 sec 
============================================================




####################### SCF cycle  1 #######################


============================================================
 Current precision                              1.00000e-07
------------------------------------------------------------
 Orbital threshold                              1.00000e-06
 Property threshold                            -1.00000e+00
============================================================


============================================================
                  Digonalizing Fock matrix
------------------------------------------------------------
 Computing Lowdin matrix                        6.92787e-01
 Diagonalizing matrix                           4.26160e-05
 Rotating orbitals                              2.87850e+00
------------------------------------------------------------
                 Wall time: 3.57142e+00 sec 
============================================================


============================================================
                   Calculating SCF energy
------------------------------------------------------------
 Nuclear energy                       3.742368116491524e+01
 Electronic energy                   -3.781543004829246e+02
------------------------------------------------------------
 Total energy                        -3.407306193180094e+02
------------------------------------------------------------
                 Wall time: 2.50765e+01 sec 
============================================================


============================================================
                Rotating Helmholtz argument
------------------------------------------------------------
 Rotating orbitals                              7.90284e-01
------------------------------------------------------------
                 Wall time: 7.90373e-01 sec 
============================================================


============================================================
                Applying Helmholtz operators
------------------------------------------------------------
 Orb    RealNorm   Nodes     ImagNorm   Nodes     Timing
------------------------------------------------------------
  0    1.00000e+00   840    0.00000e+00     0   9.07337e+01
  4    1.00000e+00   648    0.00000e+00     0   7.15238e+01
  8    1.00000e+00   776    0.00000e+00     0   8.60887e+01
------------------------------------------------------------
                 Wall time: 2.48358e+02 sec 
============================================================


============================================================
                 Lowdin orthonormalization
------------------------------------------------------------
 Computing Lowdin matrix                        1.08189e+02
 Rotating orbitals                              2.60440e+00
------------------------------------------------------------
                 Wall time: 1.10794e+02 sec 
============================================================


============================================================
               Iterative subspace accelerator
------------------------------------------------------------
 Push back orbitals                             1.04048e-02
 Copy orbitals                                  1.17119e-01
 Copy orbital updates                           1.15566e-01
------------------------------------------------------------
                 Wall time: 2.43232e-01 sec 
============================================================


============================================================
                 Lowdin orthonormalization
------------------------------------------------------------
 Computing Lowdin matrix                        6.04476e-01
 Rotating orbitals                              1.43324e+00
------------------------------------------------------------
                 Wall time: 2.03780e+00 sec 
============================================================


============================================================
                  Setting up Fock operator
------------------------------------------------------------
 Precision                                      1.00000e-07
------------------------------------------------------------
 Coulomb density                      1160      2.13311e+00
 Coulomb potential                     712      7.42799e+01
 Allreduce potential                   744      2.14161e+00
 XC total density                     1576      3.50357e+00
 XC evaluate xcfun                    3152      8.61657e+00
 XC energy                            1576      1.61613e-04
 XC potential                         1576      9.06812e-02
------------------------------------------------------------
                 Wall time: 9.07896e+01 sec 
============================================================


============================================================
                  Calculating Fock matrix
------------------------------------------------------------
 Kinetic part                         9.996106371000000e+00
 Potential part                       2.695099872400000e+01
------------------------------------------------------------
                 Wall time: 3.69472e+01 sec 
============================================================


============================================================
                          Orbitals
------------------------------------------------------------
 Orb    F(i,i)        Error         nNodes  Spin  Occ  Done 
------------------------------------------------------------
  0  -5.51398e+01   8.74481e-07        840    p    2    1
  1  -2.40571e+01   3.05914e-06          0    p    2    0
  2  -3.92145e+00   2.07878e-05          0    p    2    0
  3  -2.55235e+00   4.73388e-05          0    p    2    0
  4  -2.55235e+00   1.63333e-04        648    p    2    0
  5  -2.54724e+00   5.08905e-05          0    p    2    0
  6  -1.03489e+00   1.35967e-04          0    p    2    0
  7  -4.07634e-01   7.84264e-04          0    p    2    0
  8  -3.58540e-01   6.52546e-04        776    p    2    0
  9  -3.58541e-01   1.14948e-03          0    p    2    0
 10  -2.31894e-01   3.92685e-03          0    p    2    0
------------------------------------------------------------
 Total error:                            4.22289e-03    0
============================================================


============================================================
                    Energy                 Update      Done 
------------------------------------------------------------
 Orbital      -1.863234196247175e+02    -1.86323e+02    1
 Kinetic       3.396422277090463e+02     3.39642e+02    1
 N-E          -8.910219183090818e+02    -8.91022e+02    1
 Coulomb       2.005877475266543e+02     2.00588e+02    1
 Exchange      0.000000000000000e+00     0.00000e+00    1
 X-C          -2.736235740969524e+01    -2.73624e+01    1
------------------------------------------------------------
 Electronic   -3.781543004829246e+02    -3.78154e+02    1
 Nuclear       3.742368116491524e+01     3.74237e+01    1
------------------------------------------------------------
 Total        -3.407306193180094e+02    -3.40731e+02    1
============================================================


################ Wall time: 5.18953e+02 sec ################




####################### SCF cycle  2 #######################


============================================================
 Current precision                              1.00000e-07
------------------------------------------------------------
 Orbital threshold                              1.00000e-06
 Property threshold                            -1.00000e+00
============================================================


============================================================
                  Digonalizing Fock matrix
------------------------------------------------------------
 Computing Lowdin matrix                        5.54736e-01
 Diagonalizing matrix                           2.53760e-05
 Rotating orbitals                              2.82858e+00
------------------------------------------------------------
                 Wall time: 3.38344e+00 sec 
============================================================


============================================================
                   Calculating SCF energy
------------------------------------------------------------
 Nuclear energy                       3.742368116491524e+01
 Electronic energy                   -3.781543190747869e+02
------------------------------------------------------------
 Total energy                        -3.407306379098717e+02
------------------------------------------------------------
                 Wall time: 2.48165e+01 sec 
============================================================


============================================================
                Rotating Helmholtz argument
------------------------------------------------------------
 Rotating orbitals                              7.95187e-01
------------------------------------------------------------
                 Wall time: 7.95272e-01 sec 
============================================================


============================================================
                Applying Helmholtz operators
------------------------------------------------------------
 Orb    RealNorm   Nodes     ImagNorm   Nodes     Timing
------------------------------------------------------------
  0    1.00000e+00   840    0.00000e+00     0   9.10529e+01
  4    1.00000e+00   648    0.00000e+00     0   7.13668e+01
  8    1.00000e+00   776    0.00000e+00     0   8.69705e+01
------------------------------------------------------------
                 Wall time: 2.49395e+02 sec 
============================================================


============================================================
                 Lowdin orthonormalization
------------------------------------------------------------
 Computing Lowdin matrix                        1.06837e+02
 Rotating orbitals                              2.61755e+00
------------------------------------------------------------
                 Wall time: 1.09455e+02 sec 
============================================================


============================================================
               Iterative subspace accelerator
------------------------------------------------------------
 Push back orbitals                             7.35207e-03
 Copy orbitals                                  1.15544e-01
 Copy orbital updates                           1.15307e-01
------------------------------------------------------------
                 Wall time: 2.38335e-01 sec 
============================================================


============================================================
                 Lowdin orthonormalization
------------------------------------------------------------
 Computing Lowdin matrix                        6.03214e-01
 Rotating orbitals                              1.38567e+00
------------------------------------------------------------
                 Wall time: 1.98897e+00 sec 
============================================================


============================================================
                  Setting up Fock operator
------------------------------------------------------------
 Precision                                      1.00000e-07
------------------------------------------------------------
 Coulomb density                      1160      2.15271e+00
 Coulomb potential                     712      7.43294e+01
 Allreduce potential                   744      2.25303e+00
 XC total density                     1576      3.56955e+00
 XC evaluate xcfun                    3152      8.78034e+00
 XC energy                            1576      1.87172e-04
 XC potential                         1576      9.38081e-02
------------------------------------------------------------
                 Wall time: 9.12025e+01 sec 
============================================================


============================================================
                  Calculating Fock matrix
------------------------------------------------------------
 Kinetic part                         9.876051935000000e+00
 Potential part                       2.640093474500000e+01
------------------------------------------------------------
                 Wall time: 3.62771e+01 sec 
============================================================


============================================================
                          Orbitals
------------------------------------------------------------
 Orb    F(i,i)        Error         nNodes  Spin  Occ  Done 
------------------------------------------------------------
  0  -5.51398e+01   9.03340e-07        840    p    2    1
  1  -2.40571e+01   9.86861e-07          0    p    2    1
  2  -3.92146e+00   9.38672e-06          0    p    2    0
  3  -2.55236e+00   3.10673e-05          0    p    2    0
  4  -2.55236e+00   7.32096e-05        648    p    2    0
  5  -2.54725e+00   3.25079e-05          0    p    2    0
  6  -1.03489e+00   5.58274e-05          0    p    2    0
  7  -4.07640e-01   9.70948e-05          0    p    2    0
  8  -3.58546e-01   1.63950e-04        776    p    2    0
  9  -3.58546e-01   5.96741e-05          0    p    2    0
 10  -2.31899e-01   1.03404e-03          0    p    2    0
------------------------------------------------------------
 Total error:                            1.05815e-03    0
============================================================


============================================================
                    Energy                 Update      Done 
------------------------------------------------------------
 Orbital      -1.863235247058415e+02    -1.05081e-04    1
 Kinetic       3.396421997602089e+02    -2.79488e-05    1
 N-E          -8.910217937615968e+02     1.24547e-04    1
 Coulomb       2.005876599865237e+02    -8.75401e-05    1
 Exchange      0.000000000000000e+00     0.00000e+00    1
 X-C          -2.736235409389649e+01     3.31580e-06    1
------------------------------------------------------------
 Electronic   -3.781543190747869e+02    -1.85919e-05    1
 Nuclear       3.742368116491524e+01     0.00000e+00    1
------------------------------------------------------------
 Total        -3.407306379098717e+02    -1.85919e-05    1
============================================================


################ Wall time: 5.17917e+02 sec ################




####################### SCF cycle  3 #######################


============================================================
 Current precision                              1.00000e-07
------------------------------------------------------------
 Orbital threshold                              1.00000e-06
 Property threshold                            -1.00000e+00
============================================================


============================================================
                   Calculating SCF energy
------------------------------------------------------------
 Nuclear energy                       3.742368116491524e+01
 Electronic energy                   -3.781543205575950e+02
------------------------------------------------------------
 Total energy                        -3.407306393926797e+02
------------------------------------------------------------
                 Wall time: 2.69806e+01 sec 
============================================================


============================================================
                Rotating Helmholtz argument
------------------------------------------------------------
 Rotating orbitals                              3.12447e+00
------------------------------------------------------------
                 Wall time: 3.12457e+00 sec 
============================================================


============================================================
                Applying Helmholtz operators
------------------------------------------------------------
 Orb    RealNorm   Nodes     ImagNorm   Nodes     Timing
------------------------------------------------------------
  0    1.00000e+00   840    0.00000e+00     0   9.47102e+01
  4    1.00000e+00   648    0.00000e+00     0   7.37938e+01
  8    1.00000e+00   776    0.00000e+00     0   8.61751e+01
------------------------------------------------------------
                 Wall time: 2.54680e+02 sec 
============================================================


============================================================
                 Lowdin orthonormalization
------------------------------------------------------------
 Computing Lowdin matrix                        9.79331e+01
 Rotating orbitals                              2.58570e+00
------------------------------------------------------------
                 Wall time: 1.00519e+02 sec 
============================================================


============================================================
               Iterative subspace accelerator
------------------------------------------------------------
 Push back orbitals                             3.64520e-05
 Setup linear system                            4.39126e-01
 Solve linear system                            1.18400e-05
 Expand solution                                1.05831e+00
------------------------------------------------------------
                 Wall time: 1.49761e+00 sec 
============================================================


============================================================
                 Lowdin orthonormalization
------------------------------------------------------------
 Computing Lowdin matrix                        7.59056e-01
 Rotating orbitals                              2.26684e+00
------------------------------------------------------------
                 Wall time: 3.02599e+00 sec 
============================================================


============================================================
                  Setting up Fock operator
------------------------------------------------------------
 Precision                                      1.00000e-07
------------------------------------------------------------
 Coulomb density                      1160      2.19398e+00
 Coulomb potential                     712      7.47897e+01
 Allreduce potential                   744      2.45849e+00
 XC total density                     1576      3.46808e+00
 XC evaluate xcfun                    3152      8.71449e+00
 XC energy                            1576      1.66302e-04
 XC potential                         1576      8.14379e-02
------------------------------------------------------------
                 Wall time: 9.17303e+01 sec 
============================================================


============================================================
                  Calculating Fock matrix
------------------------------------------------------------
 Kinetic part                         9.689328117000001e+00
 Potential part                       2.596712592100000e+01
------------------------------------------------------------
                 Wall time: 3.56566e+01 sec 
============================================================


============================================================
                          Orbitals
------------------------------------------------------------
 Orb    F(i,i)        Error         nNodes  Spin  Occ  Done 
------------------------------------------------------------
  0  -5.51398e+01   6.91854e-07        840    p    2    1
  1  -2.40571e+01   2.63582e-07          0    p    2    1
  2  -3.92146e+00   1.15303e-05          0    p    2    0
  3  -2.55237e+00   3.07512e-05          0    p    2    0
  4  -2.55237e+00   7.44682e-05        648    p    2    0
  5  -2.54725e+00   3.11193e-05          0    p    2    0
  6  -1.03489e+00   2.04030e-05          0    p    2    0
  7  -4.07639e-01   4.82039e-05          0    p    2    0
  8  -3.58545e-01   1.12821e-04        776    p    2    0
  9  -3.58545e-01   4.87912e-05          0    p    2    0
 10  -2.31901e-01   6.45504e-04          0    p    2    0
------------------------------------------------------------
 Total error:                            6.64919e-04    0
============================================================


============================================================
                    Energy                 Update      Done 
------------------------------------------------------------
 Orbital      -1.863236938033140e+02    -1.69097e-04    1
 Kinetic       3.396421452087956e+02    -5.45514e-05    1
 N-E          -8.910215744320593e+02     2.19330e-04    1
 Coulomb       2.005874889174764e+02    -1.71069e-04    1
 Exchange      0.000000000000000e+00     0.00000e+00    1
 X-C          -2.736234307439713e+01     1.10195e-05    1
------------------------------------------------------------
 Electronic   -3.781543205575950e+02    -1.48281e-06    1
 Nuclear       3.742368116491524e+01     0.00000e+00    1
------------------------------------------------------------
 Total        -3.407306393926797e+02    -1.48281e-06    1
============================================================


################ Wall time: 5.17675e+02 sec ################




####################### SCF cycle  4 #######################


============================================================
 Current precision                              1.00000e-07
------------------------------------------------------------
 Orbital threshold                              1.00000e-06
 Property threshold                            -1.00000e+00
============================================================


============================================================
                   Calculating SCF energy
------------------------------------------------------------
 Nuclear energy                       3.742368116491524e+01
 Electronic energy                   -3.781543210100589e+02
------------------------------------------------------------
 Total energy                        -3.407306398451436e+02
------------------------------------------------------------
                 Wall time: 2.72165e+01 sec 
============================================================


============================================================
                Rotating Helmholtz argument
------------------------------------------------------------
 Rotating orbitals                              3.01631e+00
------------------------------------------------------------
                 Wall time: 3.01642e+00 sec 
============================================================


============================================================
                Applying Helmholtz operators
------------------------------------------------------------
 Orb    RealNorm   Nodes     ImagNorm   Nodes     Timing
------------------------------------------------------------
  0    1.00000e+00   840    0.00000e+00     0   9.76230e+01
  4    1.00000e+00   648    0.00000e+00     0   7.45845e+01
  8    1.00000e+00   776    0.00000e+00     0   8.97067e+01
------------------------------------------------------------
                 Wall time: 2.61915e+02 sec 
============================================================


============================================================
                 Lowdin orthonormalization
------------------------------------------------------------
 Computing Lowdin matrix                        1.00085e+02
 Rotating orbitals                              2.67955e+00
------------------------------------------------------------
                 Wall time: 1.02765e+02 sec 
============================================================


============================================================
               Iterative subspace accelerator
------------------------------------------------------------
 Push back orbitals                             2.81666e-02
 Setup linear system                            1.29618e+00
 Solve linear system                            1.52520e-05
 Expand solution                                1.97428e+00
------------------------------------------------------------
                 Wall time: 3.29878e+00 sec 
============================================================


============================================================
                 Lowdin orthonormalization
------------------------------------------------------------
 Computing Lowdin matrix                        9.10288e-01
 Rotating orbitals                              2.40695e+00
------------------------------------------------------------
                 Wall time: 3.31733e+00 sec 
============================================================


============================================================
                  Setting up Fock operator
------------------------------------------------------------
 Precision                                      1.00000e-07
------------------------------------------------------------
 Coulomb density                      1160      2.23258e+00
 Coulomb potential                     712      7.80746e+01
 Allreduce potential                   744      2.42349e+00
 XC total density                     1576      3.83491e+00
 XC evaluate xcfun                    3152      8.65613e+00
 XC energy                            1576      1.60926e-04
 XC potential                         1576      8.42789e-02
------------------------------------------------------------
                 Wall time: 9.53301e+01 sec 
============================================================


============================================================
                  Calculating Fock matrix
------------------------------------------------------------
 Kinetic part                         9.662354029999999e+00
 Potential part                       2.705217942000000e+01
------------------------------------------------------------
                 Wall time: 3.67147e+01 sec 
============================================================


============================================================
                          Orbitals
------------------------------------------------------------
 Orb    F(i,i)        Error         nNodes  Spin  Occ  Done 
------------------------------------------------------------
  0  -5.51398e+01   3.76455e-07        840    p    2    1
  1  -2.40571e+01   1.83512e-07          0    p    2    1
  2  -3.92146e+00   7.54388e-06          0    p    2    0
  3  -2.55237e+00   1.46266e-05          0    p    2    0
  4  -2.55237e+00   5.59838e-05        648    p    2    0
  5  -2.54725e+00   1.44449e-05          0    p    2    0
  6  -1.03490e+00   1.46613e-05          0    p    2    0
  7  -4.07646e-01   7.08598e-05          0    p    2    0
  8  -3.58552e-01   7.39680e-05        776    p    2    0
  9  -3.58552e-01   3.37457e-05          0    p    2    0
 10  -2.31902e-01   2.99695e-04          0    p    2    0
------------------------------------------------------------
 Total error:                            3.24465e-04    0
============================================================


============================================================
                    Energy                 Update      Done 
------------------------------------------------------------
 Orbital      -1.863237145011776e+02    -2.06979e-05    1
 Kinetic       3.396421778249883e+02     3.26162e-05    1
 N-E          -8.910215824723410e+02    -8.04028e-06    1
 Coulomb       2.005874694319020e+02    -1.94856e-05    1
 Exchange      0.000000000000000e+00     0.00000e+00    1
 X-C          -2.736234527970014e+01    -2.20530e-06    1
------------------------------------------------------------
 Electronic   -3.781543210100589e+02    -4.52464e-07    1
 Nuclear       3.742368116491524e+01     0.00000e+00    1
------------------------------------------------------------
 Total        -3.407306398451436e+02    -4.52464e-07    1
============================================================


################ Wall time: 5.34159e+02 sec ################




####################### SCF cycle  5 #######################


============================================================
 Current precision                              1.00000e-07
------------------------------------------------------------
 Orbital threshold                              1.00000e-06
 Property threshold                            -1.00000e+00
============================================================


============================================================
                   Calculating SCF energy
------------------------------------------------------------
 Nuclear energy                       3.742368116491524e+01
 Electronic energy                   -3.781543211091156e+02
------------------------------------------------------------
 Total energy                        -3.407306399442004e+02
------------------------------------------------------------
                 Wall time: 2.73167e+01 sec 
============================================================


============================================================
                Rotating Helmholtz argument
------------------------------------------------------------
 Rotating orbitals                              3.03805e+00
------------------------------------------------------------
                 Wall time: 3.03815e+00 sec 
============================================================


============================================================
                Applying Helmholtz operators
------------------------------------------------------------
 Orb    RealNorm   Nodes     ImagNorm   Nodes     Timing
------------------------------------------------------------
  0    1.00000e+00   840    0.00000e+00     0   1.00172e+02
  4    1.00000e+00   648    0.00000e+00     0   7.69014e+01
  8    9.99998e-01   776    0.00000e+00     0   8.88727e+01
------------------------------------------------------------
                 Wall time: 2.65949e+02 sec 
============================================================


============================================================
                 Lowdin orthonormalization
------------------------------------------------------------
 Computing Lowdin matrix                        1.03168e+02
 Rotating orbitals                              2.77451e+00
------------------------------------------------------------
                 Wall time: 1.05942e+02 sec 
============================================================


============================================================
               Iterative subspace accelerator
------------------------------------------------------------
 Push back orbitals                             2.80852e-02
 Setup linear system                            2.59775e+00
 Solve linear system                            1.05630e-05
 Expand solution                                3.30701e+00
------------------------------------------------------------
                 Wall time: 5.93300e+00 sec 
============================================================


============================================================
                 Lowdin orthonormalization
------------------------------------------------------------
 Computing Lowdin matrix                        1.28266e+00
 Rotating orbitals                              2.85693e+00
------------------------------------------------------------
                 Wall time: 4.13968e+00 sec 
============================================================


============================================================
                  Setting up Fock operator
------------------------------------------------------------
 Precision                                      1.00000e-07
------------------------------------------------------------
 Coulomb density                      1160      2.29983e+00
 Coulomb potential                     712      7.66830e+01
 Allreduce potential                   744      1.73146e+00
 XC total density                     1576      3.59991e+00
 XC evaluate xcfun                    3152      8.76170e+00
 XC energy                            1576      1.59337e-04
 XC potential                         1576      7.70256e-02
------------------------------------------------------------
                 Wall time: 9.31777e+01 sec 
============================================================


============================================================
                  Calculating Fock matrix
------------------------------------------------------------
 Kinetic part                         9.513750153000000e+00
 Potential part                       2.691958728600000e+01
------------------------------------------------------------
                 Wall time: 3.64335e+01 sec 
============================================================


============================================================
                          Orbitals
------------------------------------------------------------
 Orb    F(i,i)        Error         nNodes  Spin  Occ  Done 
------------------------------------------------------------
  0  -5.51398e+01   4.10153e-08        840    p    2    1
  1  -2.40571e+01   1.26765e-07          0    p    2    1
  2  -3.92146e+00   6.95264e-07          0    p    2    1
  3  -2.55237e+00   1.24307e-06          0    p    2    0
  4  -2.55237e+00   1.08360e-05        648    p    2    0
  5  -2.54725e+00   1.48100e-06          0    p    2    0
  6  -1.03488e+00   3.33519e-06          0    p    2    0
  7  -4.07633e-01   2.06351e-05          0    p    2    0
  8  -3.58539e-01   1.28006e-05        776    p    2    0
  9  -3.58539e-01   6.75678e-06          0    p    2    0
 10  -2.31900e-01   4.14018e-05          0    p    2    0
------------------------------------------------------------
 Total error:                            4.98218e-05    0
============================================================


============================================================
                    Energy                 Update      Done 
------------------------------------------------------------
 Orbital      -1.863238161018464e+02    -1.01601e-04    1
 Kinetic       3.396420959840935e+02    -8.18409e-05    1
 N-E          -8.910214064628967e+02     1.76009e-04    1
 Coulomb       2.005873641725501e+02    -1.05259e-04    1
 Exchange      0.000000000000000e+00     0.00000e+00    1
 X-C          -2.736233358340680e+01     1.16963e-05    1
------------------------------------------------------------
 Electronic   -3.781543211091156e+02    -9.90568e-08    1
 Nuclear       3.742368116491524e+01     0.00000e+00    1
------------------------------------------------------------
 Total        -3.407306399442004e+02    -9.90568e-08    1
============================================================


################ Wall time: 5.42736e+02 sec ################




####################### SCF cycle  6 #######################


============================================================
 Current precision                              1.00000e-07
------------------------------------------------------------
 Orbital threshold                              1.00000e-06
 Property threshold                            -1.00000e+00
============================================================


============================================================
                   Calculating SCF energy
------------------------------------------------------------
 Nuclear energy                       3.742368116491524e+01
 Electronic energy                   -3.781543211138469e+02
------------------------------------------------------------
 Total energy                        -3.407306399489316e+02
------------------------------------------------------------
                 Wall time: 2.81751e+01 sec 
============================================================


============================================================
                Rotating Helmholtz argument
------------------------------------------------------------
 Rotating orbitals                              3.07872e+00
------------------------------------------------------------
                 Wall time: 3.07882e+00 sec 
============================================================


============================================================
                Applying Helmholtz operators
------------------------------------------------------------
 Orb    RealNorm   Nodes     ImagNorm   Nodes     Timing
------------------------------------------------------------
  0    1.00000e+00   840    0.00000e+00     0   1.01718e+02
  4    1.00000e+00   648    0.00000e+00     0   7.69498e+01
  8    1.00000e+00   776    0.00000e+00     0   9.07035e+01
------------------------------------------------------------
                 Wall time: 2.69373e+02 sec 
============================================================


============================================================
                 Lowdin orthonormalization
------------------------------------------------------------
 Computing Lowdin matrix                        9.97206e+01
 Rotating orbitals                              2.78642e+00
------------------------------------------------------------
                 Wall time: 1.02507e+02 sec 
============================================================


============================================================
               Iterative subspace accelerator
------------------------------------------------------------
 Push back orbitals                             3.24824e-02
 Setup linear system                            2.51727e+00
 Solve linear system                            1.07560e-05
 Expand solution                                3.31733e+00
------------------------------------------------------------
                 Wall time: 5.86724e+00 sec 
============================================================


============================================================
                 Lowdin orthonormalization
------------------------------------------------------------
 Computing Lowdin matrix                        1.21564e+00
 Rotating orbitals                              2.62633e+00
------------------------------------------------------------
                 Wall time: 3.84205e+00 sec 
============================================================


============================================================
                  Setting up Fock operator
------------------------------------------------------------
 Precision                                      1.00000e-07
------------------------------------------------------------
 Coulomb density                      1160      2.30515e+00
 Coulomb potential                     712      8.17042e+01
 Allreduce potential                   744      1.06460e+00
 XC total density                     1576      3.79497e+00
 XC evaluate xcfun                    3152      8.86866e+00
 XC energy                            1576      1.77452e-04
 XC potential                         1576      8.44330e-02
------------------------------------------------------------
                 Wall time: 9.78481e+01 sec 
============================================================


============================================================
                  Calculating Fock matrix
------------------------------------------------------------
 Kinetic part                         9.061109844000001e+00
 Potential part                       2.822405835000000e+01
------------------------------------------------------------
                 Wall time: 3.72853e+01 sec 
============================================================


============================================================
                          Orbitals
------------------------------------------------------------
 Orb    F(i,i)        Error         nNodes  Spin  Occ  Done 
------------------------------------------------------------
  0  -5.51398e+01   2.80688e-08        840    p    2    1
  1  -2.40571e+01   1.12139e-07          0    p    2    1
  2  -3.92146e+00   2.97543e-07          0    p    2    1
  3  -2.55237e+00   2.82536e-07          0    p    2    1
  4  -2.55237e+00   2.20328e-06        648    p    2    0
  5  -2.54725e+00   4.94791e-07          0    p    2    1
  6  -1.03490e+00   2.52323e-06          0    p    2    0
  7  -4.07646e-01   7.64188e-06          0    p    2    0
  8  -3.58553e-01   6.32280e-06        776    p    2    0
  9  -3.58553e-01   5.93525e-06          0    p    2    0
 10  -2.31902e-01   6.79709e-06          0    p    2    0
------------------------------------------------------------
 Total error:                            1.38366e-05    0
============================================================


============================================================
                    Energy                 Update      Done 
------------------------------------------------------------
 Orbital      -1.863236320554241e+02     1.84046e-04    1
 Kinetic       3.396422428928593e+02     1.46909e-04    1
 N-E          -8.910217227704755e+02    -3.16308e-04    1
 Coulomb       2.005875551390716e+02     1.90967e-04    1
 Exchange      0.000000000000000e+00     0.00000e+00    1
 X-C          -2.736235511968976e+01    -2.15363e-05    1
------------------------------------------------------------
 Electronic   -3.781543211138469e+02    -4.73125e-09    1
 Nuclear       3.742368116491524e+01     0.00000e+00    1
------------------------------------------------------------
 Total        -3.407306399489316e+02    -4.73125e-09    1
============================================================


################ Wall time: 5.48757e+02 sec ################




####################### SCF cycle  7 #######################


============================================================
 Current precision                              1.00000e-07
------------------------------------------------------------
 Orbital threshold                              1.00000e-06
 Property threshold                            -1.00000e+00
============================================================


============================================================
                   Calculating SCF energy
------------------------------------------------------------
 Nuclear energy                       3.742368116491524e+01
 Electronic energy                   -3.781543211143645e+02
------------------------------------------------------------
 Total energy                        -3.407306399494493e+02
------------------------------------------------------------
                 Wall time: 2.87449e+01 sec 
============================================================


============================================================
                Rotating Helmholtz argument
------------------------------------------------------------
 Rotating orbitals                              3.07643e+00
------------------------------------------------------------
                 Wall time: 3.07653e+00 sec 
============================================================


============================================================
                Applying Helmholtz operators
------------------------------------------------------------
 Orb    RealNorm   Nodes     ImagNorm   Nodes     Timing
------------------------------------------------------------
  0    1.00000e+00   840    0.00000e+00     0   1.02974e+02
  4    1.00000e+00   648    0.00000e+00     0   8.13926e+01
  8    9.99997e-01   776    0.00000e+00     0   9.76651e+01
------------------------------------------------------------
                 Wall time: 2.82035e+02 sec 
============================================================


============================================================
                 Lowdin orthonormalization
------------------------------------------------------------
 Computing Lowdin matrix                        9.58127e+01
 Rotating orbitals                              2.95038e+00
------------------------------------------------------------
                 Wall time: 9.87631e+01 sec 
============================================================


============================================================
               Iterative subspace accelerator
------------------------------------------------------------
 Push back orbitals                             3.37174e-02
 Setup linear system                            2.82394e+00
 Solve linear system                            1.02650e-05
 Expand solution                                2.97055e+00
------------------------------------------------------------
                 Wall time: 5.82837e+00 sec 
============================================================


============================================================
                 Lowdin orthonormalization
------------------------------------------------------------
 Computing Lowdin matrix                        9.83363e-01
 Rotating orbitals                              2.47172e+00
------------------------------------------------------------
                 Wall time: 3.45517e+00 sec 
============================================================


============================================================
                  Setting up Fock operator
------------------------------------------------------------
 Precision                                      1.00000e-07
------------------------------------------------------------
 Coulomb density                      1160      2.43132e+00
 Coulomb potential                     712      8.51353e+01
 Allreduce potential                   744      2.49647e-01
 XC total density                     1576      4.05898e+00
 XC evaluate xcfun                    3152      8.92763e+00
 XC energy                            1576      1.66616e-04
 XC potential                         1576      7.57323e-02
------------------------------------------------------------
                 Wall time: 1.00904e+02 sec 
============================================================


============================================================
                  Calculating Fock matrix
------------------------------------------------------------
 Kinetic part                         9.331811339000000e+00
 Potential part                       2.932701817800000e+01
------------------------------------------------------------
                 Wall time: 3.86589e+01 sec 
============================================================


============================================================
                          Orbitals
------------------------------------------------------------
 Orb    F(i,i)        Error         nNodes  Spin  Occ  Done 
------------------------------------------------------------
  0  -5.51398e+01   1.84426e-08        840    p    2    1
  1  -2.40571e+01   6.60360e-08          0    p    2    1
  2  -3.92146e+00   2.00021e-07          0    p    2    1
  3  -2.55237e+00   2.84223e-07          0    p    2    1
  4  -2.55237e+00   1.72510e-06        648    p    2    0
  5  -2.54725e+00   4.26344e-07          0    p    2    1
  6  -1.03489e+00   1.27595e-06          0    p    2    0
  7  -4.07640e-01   5.59485e-06          0    p    2    0
  8  -3.58546e-01   3.50038e-06        776    p    2    0
  9  -3.58546e-01   3.01989e-06          0    p    2    0
 10  -2.31901e-01   4.72175e-06          0    p    2    0
------------------------------------------------------------
 Total error:                            8.93762e-06    0
============================================================


============================================================
                    Energy                 Update      Done 
------------------------------------------------------------
 Orbital      -1.863238238467223e+02    -1.91791e-04    1
 Kinetic       3.396420874060902e+02    -1.55487e-04    1
 N-E          -8.910213907960350e+02     3.31974e-04    1
 Coulomb       2.005873561034275e+02    -1.99036e-04    1
 Exchange      0.000000000000000e+00     0.00000e+00    1
 X-C          -2.736233256765471e+01     2.25520e-05    1
------------------------------------------------------------
 Electronic   -3.781543211143645e+02    -5.17616e-10    1
 Nuclear       3.742368116491524e+01     0.00000e+00    1
------------------------------------------------------------
 Total        -3.407306399494493e+02    -5.17616e-10    1
============================================================


################ Wall time: 5.62031e+02 sec ################




####################### SCF cycle  8 #######################


============================================================
 Current precision                              1.00000e-07
------------------------------------------------------------
 Orbital threshold                              1.00000e-06
 Property threshold                            -1.00000e+00
============================================================


============================================================
                   Calculating SCF energy
------------------------------------------------------------
 Nuclear energy                       3.742368116491524e+01
 Electronic energy                   -3.781543211146170e+02
------------------------------------------------------------
 Total energy                        -3.407306399497018e+02
------------------------------------------------------------
                 Wall time: 3.02169e+01 sec 
============================================================


============================================================
                Rotating Helmholtz argument
------------------------------------------------------------
 Rotating orbitals                              3.09110e+00
------------------------------------------------------------
                 Wall time: 3.09122e+00 sec 
============================================================


============================================================
                Applying Helmholtz operators
------------------------------------------------------------
 Orb    RealNorm   Nodes     ImagNorm   Nodes     Timing
------------------------------------------------------------
  0    1.00000e+00   840    0.00000e+00     0   9.96720e+01
  4    1.00000e+00   648    0.00000e+00     0   8.39666e+01
  8    1.00000e+00   776    0.00000e+00     0   1.01566e+02
------------------------------------------------------------
                 Wall time: 2.85205e+02 sec 
============================================================


============================================================
                 Lowdin orthonormalization
------------------------------------------------------------
 Computing Lowdin matrix                        9.34861e+01
 Rotating orbitals                              2.90515e+00
------------------------------------------------------------
                 Wall time: 9.63914e+01 sec 
============================================================


============================================================
               Iterative subspace accelerator
------------------------------------------------------------
 Push back orbitals                             3.79554e-02
 Setup linear system                            2.81886e+00
 Solve linear system                            1.01920e-05
 Expand solution                                3.21536e+00
------------------------------------------------------------
                 Wall time: 6.07234e+00 sec 
============================================================


============================================================
                 Lowdin orthonormalization
------------------------------------------------------------
 Computing Lowdin matrix                        1.03748e+00
 Rotating orbitals                              2.48560e+00
------------------------------------------------------------
                 Wall time: 3.52316e+00 sec 
============================================================


============================================================
                  Setting up Fock operator
------------------------------------------------------------
 Precision                                      1.00000e-07
------------------------------------------------------------
 Coulomb density                      1160      2.46711e+00
 Coulomb potential                     712      8.53607e+01
 Allreduce potential                   744      2.39920e-01
 XC total density                     1576      3.91221e+00
 XC evaluate xcfun                    3152      8.90259e+00
 XC energy                            1576      1.66547e-04
 XC potential                         1576      7.86534e-02
------------------------------------------------------------
                 Wall time: 1.00987e+02 sec 
============================================================


============================================================
                  Calculating Fock matrix
------------------------------------------------------------
 Kinetic part                         9.227317644999999e+00
 Potential part                       2.937629399900000e+01
------------------------------------------------------------
                 Wall time: 3.86037e+01 sec 
============================================================


============================================================
                          Orbitals
------------------------------------------------------------
 Orb    F(i,i)        Error         nNodes  Spin  Occ  Done 
------------------------------------------------------------
  0  -5.51398e+01   1.89848e-08        840    p    2    1
  1  -2.40571e+01   2.06982e-08          0    p    2    1
  2  -3.92146e+00   1.23907e-07          0    p    2    1
  3  -2.55237e+00   1.24098e-07          0    p    2    1
  4  -2.55237e+00   9.67350e-07        648    p    2    1
  5  -2.54725e+00   2.77450e-07          0    p    2    1
  6  -1.03489e+00   2.03236e-07          0    p    2    1
  7  -4.07641e-01   3.80138e-06          0    p    2    0
  8  -3.58547e-01   1.15777e-06        776    p    2    0
  9  -3.58547e-01   4.93573e-07          0    p    2    1
 10  -2.31901e-01   2.46812e-06          0    p    2    0
------------------------------------------------------------
 Total error:                            4.81786e-06    0
============================================================


============================================================
                    Energy                 Update      Done 
------------------------------------------------------------
 Orbital      -1.863237269289802e+02     9.69177e-05    1
 Kinetic       3.396421659228937e+02     7.85168e-05    1
 N-E          -8.910215584980446e+02    -1.67702e-04    1
 Coulomb       2.005874566821702e+02     1.00579e-04    1
 Exchange      0.000000000000000e+00     0.00000e+00    1
 X-C          -2.736234396319085e+01    -1.13955e-05    1
------------------------------------------------------------
 Electronic   -3.781543211146170e+02    -2.52498e-10    1
 Nuclear       3.742368116491524e+01     0.00000e+00    1
------------------------------------------------------------
 Total        -3.407306399497018e+02    -2.52498e-10    1
============================================================


################ Wall time: 5.64736e+02 sec ################




####################### SCF cycle  9 #######################


============================================================
 Current precision                              1.00000e-07
------------------------------------------------------------
 Orbital threshold                              1.00000e-06
 Property threshold                            -1.00000e+00
============================================================


============================================================
                   Calculating SCF energy
------------------------------------------------------------
 Nuclear energy                       3.742368116491524e+01
 Electronic energy                   -3.781543211146637e+02
------------------------------------------------------------
 Total energy                        -3.407306399497485e+02
------------------------------------------------------------
                 Wall time: 3.14034e+01 sec 
============================================================


============================================================
                Rotating Helmholtz argument
------------------------------------------------------------
 Rotating orbitals                              3.11288e+00
------------------------------------------------------------
                 Wall time: 3.11297e+00 sec 
============================================================


============================================================
                Applying Helmholtz operators
------------------------------------------------------------
 Orb    RealNorm   Nodes     ImagNorm   Nodes     Timing
------------------------------------------------------------
  0    1.00000e+00   840    0.00000e+00     0   9.91171e+01
  4    1.00000e+00   648    0.00000e+00     0   7.96078e+01
  8    1.00000e+00   776    0.00000e+00     0   1.00579e+02
------------------------------------------------------------
                 Wall time: 2.79304e+02 sec 
============================================================


============================================================
                 Lowdin orthonormalization
------------------------------------------------------------
 Computing Lowdin matrix                        1.22108e+02
 Rotating orbitals                              2.67655e+00
------------------------------------------------------------
                 Wall time: 1.24784e+02 sec 
============================================================


============================================================
               Iterative subspace accelerator
------------------------------------------------------------
 Push back orbitals                             9.68488e-02
 Setup linear system                            2.76797e+00
 Solve linear system                            1.03040e-05
 Expand solution                                3.26575e+00
------------------------------------------------------------
                 Wall time: 6.13073e+00 sec 
============================================================


============================================================
                 Lowdin orthonormalization
------------------------------------------------------------
 Computing Lowdin matrix                        1.11615e+00
 Rotating orbitals                              2.35888e+00
------------------------------------------------------------
                 Wall time: 3.47512e+00 sec 
============================================================


============================================================
                  Setting up Fock operator
------------------------------------------------------------
 Precision                                      1.00000e-07
------------------------------------------------------------
 Coulomb density                      1160      2.43380e+00
 Coulomb potential                     712      8.24196e+01
 Allreduce potential                   744      1.62666e+00
 XC total density                     1576      4.06545e+00
 XC evaluate xcfun                    3152      8.88396e+00
 XC energy                            1576      1.71712e-04
 XC potential                         1576      8.48899e-02
------------------------------------------------------------
                 Wall time: 9.95407e+01 sec 
============================================================


============================================================
                  Calculating Fock matrix
------------------------------------------------------------
 Kinetic part                         9.379357525000000e+00
 Potential part                       2.922611793500000e+01
------------------------------------------------------------
                 Wall time: 3.86056e+01 sec 
============================================================


============================================================
                          Orbitals
------------------------------------------------------------
 Orb    F(i,i)        Error         nNodes  Spin  Occ  Done 
------------------------------------------------------------
  0  -5.51398e+01   8.34502e-09        840    p    2    1
  1  -2.40571e+01   1.34582e-08          0    p    2    1
  2  -3.92146e+00   3.13226e-08          0    p    2    1
  3  -2.55237e+00   7.29770e-09          0    p    2    1
  4  -2.55237e+00   1.95363e-07        648    p    2    1
  5  -2.54725e+00   1.82237e-08          0    p    2    1
  6  -1.03489e+00   2.98350e-08          0    p    2    1
  7  -4.07641e-01   3.32301e-07          0    p    2    1
  8  -3.58547e-01   1.44296e-07        776    p    2    1
  9  -3.58547e-01   4.59541e-08          0    p    2    1
 10  -2.31901e-01   5.59066e-07          0    p    2    1
------------------------------------------------------------
 Total error:                            6.97558e-07    1
============================================================


============================================================
                    Energy                 Update      Done 
------------------------------------------------------------
 Orbital      -1.863237397539077e+02    -1.28249e-05    1
 Kinetic       3.396421556383476e+02    -1.02845e-05    1
 N-E          -8.910215364059367e+02     2.20921e-05    1
 Coulomb       2.005874433762148e+02    -1.33060e-05    1
 Exchange      0.000000000000000e+00     0.00000e+00    1
 X-C          -2.736234246516005e+01     1.49803e-06    1
------------------------------------------------------------
 Electronic   -3.781543211146637e+02    -4.67253e-11    1
 Nuclear       3.742368116491524e+01     0.00000e+00    1
------------------------------------------------------------
 Total        -3.407306399497485e+02    -4.67253e-11    1
============================================================


################ Wall time: 5.87000e+02 sec ################


============================================================
                      Convergence rate
------------------------------------------------------------
Iter    OrbError       Property                   Update  
------------------------------------------------------------
  1    4.22289e-03    -3.407306193180094e+02   -3.40731e+02
  2    1.05815e-03    -3.407306379098717e+02   -1.85919e-05
  3    6.64919e-04    -3.407306393926797e+02   -1.48281e-06
  4    3.24465e-04    -3.407306398451436e+02   -4.52464e-07
  5    4.98218e-05    -3.407306399442004e+02   -9.90568e-08
  6    1.38366e-05    -3.407306399489316e+02   -4.73125e-09
  7    8.93762e-06    -3.407306399494493e+02   -5.17616e-10
  8    4.81786e-06    -3.407306399497018e+02   -2.52498e-10
  9    6.97558e-07    -3.407306399497485e+02   -4.67253e-11
------------------------------------------------------------
                      SCF converged!!!                      
============================================================


============================================================
                  Digonalizing Fock matrix
------------------------------------------------------------
 Computing Lowdin matrix                        5.60679e-01
 Diagonalizing matrix                           2.55860e-05
 Rotating orbitals                              2.80898e+00
------------------------------------------------------------
                 Wall time: 3.36978e+00 sec 
============================================================


============================================================
                  Setting up Fock operator
------------------------------------------------------------
 Precision                                      1.00000e-07
------------------------------------------------------------
 Coulomb density                      1160      2.35673e+00
 Coulomb potential                     712      7.22451e+01
 Allreduce potential                   744      3.74690e-01
 XC total density                     1576      3.51794e+00
 XC evaluate xcfun                    3152      8.55895e+00
 XC energy                            1576      1.59793e-04
 XC potential                         1576      7.47236e-02
------------------------------------------------------------
                 Wall time: 8.71511e+01 sec 
============================================================


============================================================
                   Calculating SCF energy
------------------------------------------------------------
------------------------------------------------------------
                 Wall time: 2.76233e+01 sec 
============================================================


============================================================
                 Calculating dipole moment
------------------------------------------------------------
------------------------------------------------------------
                 Wall time: 1.37655e+01 sec 
============================================================


============================================================
                        Fock matrix
------------------------------------------------------------
-5.51398e+01  0.00000e+00  0.00000e+00  0.00000e+00  0.00000e+00  0.00000e+00  0.00000e+00  0.00000e+00  0.00000e+00  0.00000e+00  0.00000e+00
 0.00000e+00 -2.40571e+01  0.00000e+00  0.00000e+00  0.00000e+00  0.00000e+00  0.00000e+00  0.00000e+00  0.00000e+00  0.00000e+00  0.00000e+00
 0.00000e+00  0.00000e+00 -3.92146e+00  0.00000e+00  0.00000e+00  0.00000e+00  0.00000e+00  0.00000e+00  0.00000e+00  0.00000e+00  0.00000e+00
 0.00000e+00  0.00000e+00  0.00000e+00 -2.55237e+00  0.00000e+00  0.00000e+00  0.00000e+00  0.00000e+00  0.00000e+00  0.00000e+00  0.00000e+00
 0.00000e+00  0.00000e+00  0.00000e+00  0.00000e+00 -2.55237e+00  0.00000e+00  0.00000e+00  0.00000e+00  0.00000e+00  0.00000e+00  0.00000e+00
 0.00000e+00  0.00000e+00  0.00000e+00  0.00000e+00  0.00000e+00 -2.54725e+00  0.00000e+00  0.00000e+00  0.00000e+00  0.00000e+00  0.00000e+00
 0.00000e+00  0.00000e+00  0.00000e+00  0.00000e+00  0.00000e+00  0.00000e+00 -1.03489e+00  0.00000e+00  0.00000e+00  0.00000e+00  0.00000e+00
 0.00000e+00  0.00000e+00  0.00000e+00  0.00000e+00  0.00000e+00  0.00000e+00  0.00000e+00 -4.07641e-01  0.00000e+00  0.00000e+00  0.00000e+00
 0.00000e+00  0.00000e+00  0.00000e+00  0.00000e+00  0.00000e+00  0.00000e+00  0.00000e+00  0.00000e+00 -3.58547e-01  0.00000e+00  0.00000e+00
 0.00000e+00  0.00000e+00  0.00000e+00  0.00000e+00  0.00000e+00  0.00000e+00  0.00000e+00  0.00000e+00  0.00000e+00 -3.58547e-01  0.00000e+00
 0.00000e+00  0.00000e+00  0.00000e+00  0.00000e+00  0.00000e+00  0.00000e+00  0.00000e+00  0.00000e+00  0.00000e+00  0.00000e+00 -2.31901e-01
============================================================


============================================================
                      Orbital energies
------------------------------------------------------------
    n  spin  occ                            epsilon  
------------------------------------------------------------
    0    p    2                      -5.513977793645197e+01
    1    p    2                      -2.405711940847880e+01
    2    p    2                      -3.921460721648846e+00
    3    p    2                      -2.552367237579957e+00
    4    p    2                      -2.552366949942923e+00
    5    p    2                      -2.547250829613151e+00
    6    p    2                      -1.034891837123131e+00
    7    p    2                      -4.076407018047614e-01
    8    p    2                      -3.585466072943119e-01
    9    p    2                      -3.585465987646645e-01
   10    p    2                      -2.319011390841089e-01
============================================================


============================================================
                          Molecule
------------------------------------------------------------
 Nr  Element             x             y             z      
------------------------------------------------------------
  1     Al          0.00000e+00   0.00000e+00   0.00000e+00
  2     F           0.00000e+00   0.00000e+00   3.12636e+00
------------------------------------------------------------
 Center of mass:    0.00000e+00   0.00000e+00   1.29178e+00
============================================================


                                                            
============================================================
                         SCF Energy                         
------------------------------------------------------------
                                                            
 Sum orbital energy:                 -1.863237399355733e+02
 Kinetic energy:                      3.396421555119039e+02
 E-N energy:                         -8.910215361112242e+02
 Coulomb energy:                      2.005874431881516e+02
 Exchange energy:                     0.000000000000000e+00
 X-C energy:                         -2.736234244518243e+01
 El. external field energy:          -4.125831172653422e-05
 Nuc. external field energy:         -1.431068417437467e-14
                                                            
------------------------------------------------------------
                                                            
 Electronic energy:                  -3.781543211146628e+02
 Nuclear energy:                      3.742368116491524e+01
                                                            
------------------------------------------------------------
                                                            
 Total energy       (au)             -3.407306399497476e+02
                    (kJ/mol)         -8.945881657104191e+05
                    (kcal/mol)       -2.138117029468963e+05
                    (eV)             -9.271752642005495e+03
                                                            
============================================================
                                                            

                                                            
============================================================
                         Dipole moment                      
------------------------------------------------------------
                                                            
 Length of vector:   (au)                  5.7602043365e-01
                     (Debye)               1.4640977662e+00
                                                            
-------------------------- Total ---------------------------
                                                            
 [-4.1258311741e-02,  2.3076572933e-10, -5.7454093996e-01] 
                                                            
------------------------- Nuclear --------------------------
                                                            
 [-1.4310684174e-11, -1.4658692171e-11, -2.8186191255e-01] 
                                                            
------------------------ Electronic ------------------------
                                                            
 [-4.1258311727e-02,  2.4542442150e-10, -2.9267902741e-01] 
                                                            
============================================================
                                                            



************************************************************
***                                                      ***
***                    Exiting MRChem                    ***
***                                                      ***
***               Wall time: 5.160108e+03                ***
***                                                      ***
************************************************************


