


************************************************************
***     __  __ ____   ____ _                             ***
***    |  \/  |  _ \ / ___| |__   ___ _ __ ___           ***
***    | |\/| | |_) | |   | '_ \ / _ \ '_ ` _ \          ***
***    | |  | |  _ <| |___| | | |  __/ | | | | |         ***
***    |_|  |_|_| \_\\____|_| |_|\___|_| |_| |_|         ***
***                                                      ***
***    VERSION 0.0.1 (rev. 1c6f79f)                     ***
***                                                      ***
***    Stig Rune Jensen <stig.r.jensen@uit.no>           ***
***    Luca Frediani    <luca.frediani@uit.no>           ***
***    Peter Wind       <peter.wind@uit.no>              ***
***                                                      ***
************************************************************


+++ Parallel execution: 
  MPI hosts available     : 4
  Threads/host            : 2
  Total used CPUs         : 8


------------------------------------------------------------

 MRCPP version   : X.Y.Z
 Git revision    : bbc2aed

 Linear algebra  : EIGEN
 Parallelization : MPI/OpenMP

------------------------------------------------------------




============================================================
                  MultiResolution Analysis                  
------------------------------------------------------------
 polynomial order = 11
 polynomial type  = Interpolating
------------------------------------------------------------
 total boxes      = 8
 boxes            = [           2           2           2 ]
 unit lengths     = [    32.00000    32.00000    32.00000 ]
 scaling factor   = [     1.00000     1.00000     1.00000 ]
 lower bounds     = [   -32.00000   -32.00000   -32.00000 ]
 upper bounds     = [    32.00000    32.00000    32.00000 ]
 total length     = [    64.00000    64.00000    64.00000 ]
============================================================


============================================================
                          Molecule
------------------------------------------------------------
 Nr  Element             x             y             z      
------------------------------------------------------------
  1     Al          0.00000e+00   0.00000e+00   0.00000e+00
  2     F           0.00000e+00   0.00000e+00   3.12636e+00
------------------------------------------------------------
 Center of mass:    0.00000e+00   0.00000e+00   1.29178e+00
============================================================


============================================================
                Setting up nuclear potential
------------------------------------------------------------
 Nr  Element         Charge        Precision     Smoothing 
------------------------------------------------------------
  1     Al          1.30000e+01   1.00000e-07   1.05420e-05
  2     F           9.00000e+00   1.00000e-07   1.94577e-05
------------------------------------------------------------
 Nuclear potential                    1416      1.34687e+00
 Allreduce potential                  2504      8.99080e-01
------------------------------------------------------------
                 Wall time: 2.24608e+00 sec 
============================================================


============================================================
 OrbitalVector:  11 orbitals    11 occupied    22 electrons
------------------------------------------------------------
   n  RankID           Norm          Spin Occ      Error    
------------------------------------------------------------
   0     0       1.000000000000e+00    p   2    1.00000e+00
   1     1      -1.000000000000e+00    p   2    1.00000e+00
   2     2      -1.000000000000e+00    p   2    1.00000e+00
   3     3      -1.000000000000e+00    p   2    1.00000e+00
   4     0       1.000000000000e+00    p   2    1.00000e+00
   5     1      -1.000000000000e+00    p   2    1.00000e+00
   6     2      -1.000000000000e+00    p   2    1.00000e+00
   7     3      -1.000000000000e+00    p   2    1.00000e+00
   8     0       1.000000000000e+00    p   2    1.00000e+00
   9     1      -1.000000000000e+00    p   2    1.00000e+00
  10     2      -1.000000000000e+00    p   2    1.00000e+00
============================================================


============================================================
                  Setting up Fock operator
------------------------------------------------------------
 Precision                                      1.00000e-07
------------------------------------------------------------
 Coulomb density                      1160      2.61905e+00
 Coulomb potential                     728      7.34573e+01
 Allreduce potential                   744      2.36822e-01
 XC total density                     1608      4.18496e+00
 XC evaluate xcfun                    8040      2.61497e+01
 XC energy                            1608      1.70422e-04
 XC potential                         1608      8.76941e-01
------------------------------------------------------------
                 Wall time: 1.08165e+02 sec 
============================================================


============================================================
                  Calculating Fock matrix
------------------------------------------------------------
 Kinetic part                         1.126748730500000e+01
 Potential part                       4.312536602000000e+01
------------------------------------------------------------
                 Wall time: 5.43930e+01 sec 
============================================================




####################### SCF cycle  1 #######################


============================================================
 Current precision                              1.00000e-07
------------------------------------------------------------
 Orbital threshold                              1.00000e-06
 Property threshold                            -1.00000e+00
============================================================


============================================================
                  Digonalizing Fock matrix
------------------------------------------------------------
 Computing Lowdin matrix                        7.48665e-01
 Diagonalizing matrix                           2.75820e-05
 Rotating orbitals                              2.59499e+00
------------------------------------------------------------
                 Wall time: 3.34378e+00 sec 
============================================================


============================================================
                   Calculating SCF energy
------------------------------------------------------------
 Nuclear energy                       3.742339930300271e+01
 Electronic energy                   -3.795964697807495e+02
------------------------------------------------------------
 Total energy                        -3.421730704777468e+02
------------------------------------------------------------
                 Wall time: 3.45157e+01 sec 
============================================================


============================================================
                Rotating Helmholtz argument
------------------------------------------------------------
 Rotating orbitals                              8.19666e-01
------------------------------------------------------------
                 Wall time: 8.19754e-01 sec 
============================================================


============================================================
                Applying Helmholtz operators
------------------------------------------------------------
 Orb    RealNorm   Nodes     ImagNorm   Nodes     Timing
------------------------------------------------------------
  0    1.00000e+00   840    0.00000e+00     0   9.46598e+01
  4    1.00000e+00   680    0.00000e+00     0   7.64859e+01
  8    9.99918e-01   808    0.00000e+00     0   9.21242e+01
------------------------------------------------------------
                 Wall time: 2.63277e+02 sec 
============================================================


============================================================
                 Lowdin orthonormalization
------------------------------------------------------------
 Computing Lowdin matrix                        1.18353e+02
 Rotating orbitals                              2.50237e+00
------------------------------------------------------------
                 Wall time: 1.20856e+02 sec 
============================================================


============================================================
               Iterative subspace accelerator
------------------------------------------------------------
 Push back orbitals                             3.10400e-01
 Copy orbitals                                  1.19508e-01
 Copy orbital updates                           1.19026e-01
------------------------------------------------------------
                 Wall time: 5.49053e-01 sec 
============================================================


============================================================
                 Lowdin orthonormalization
------------------------------------------------------------
 Computing Lowdin matrix                        6.50211e-01
 Rotating orbitals                              1.36164e+00
------------------------------------------------------------
                 Wall time: 2.01194e+00 sec 
============================================================


============================================================
                  Setting up Fock operator
------------------------------------------------------------
 Precision                                      1.00000e-07
------------------------------------------------------------
 Coulomb density                      1160      2.20569e+00
 Coulomb potential                     728      7.57536e+01
 Allreduce potential                   744      2.44897e+00
 XC total density                     1608      3.94359e+00
 XC evaluate xcfun                    8040      2.65337e+01
 XC energy                            1608      1.62801e-04
 XC potential                         1608      9.02175e-01
------------------------------------------------------------
                 Wall time: 1.12396e+02 sec 
============================================================


============================================================
                  Calculating Fock matrix
------------------------------------------------------------
 Kinetic part                         9.709844607999999e+00
 Potential part                       3.759670508100000e+01
------------------------------------------------------------
                 Wall time: 4.73067e+01 sec 
============================================================


============================================================
                          Orbitals
------------------------------------------------------------
 Orb    F(i,i)        Error         nNodes  Spin  Occ  Done 
------------------------------------------------------------
  0  -5.53886e+01   9.70065e-06        840    p    2    0
  1  -2.42180e+01   1.43223e-05          0    p    2    0
  2  -3.94391e+00   1.20285e-04          0    p    2    0
  3  -2.54803e+00   7.14546e-05          0    p    2    0
  4  -2.54803e+00   7.14565e-05        680    p    2    0
  5  -2.54248e+00   1.34915e-04          0    p    2    0
  6  -1.04208e+00   3.67692e-04          0    p    2    0
  7  -4.00026e-01   6.32670e-04          0    p    2    0
  8  -3.50825e-01   8.13874e-04        808    p    2    0
  9  -3.50825e-01   8.13866e-04          0    p    2    0
 10  -2.26336e-01   3.58110e-03          0    p    2    0
------------------------------------------------------------
 Total error:                            3.83767e-03    0
============================================================


============================================================
                    Energy                 Update      Done 
------------------------------------------------------------
 Orbital      -1.871289377705485e+02    -1.87129e+02    1
 Kinetic       3.415408303841747e+02     3.41541e+02    1
 N-E          -8.930818156797212e+02    -8.93082e+02    1
 Coulomb       2.008171879326676e+02     2.00817e+02    1
 Exchange      0.000000000000000e+00     0.00000e+00    1
 X-C          -2.887241374187319e+01    -2.88724e+01    1
------------------------------------------------------------
 Electronic   -3.795964697807495e+02    -3.79596e+02    1
 Nuclear       3.742339930300271e+01     3.74234e+01    1
------------------------------------------------------------
 Total        -3.421730704777468e+02    -3.42173e+02    1
============================================================


################ Wall time: 5.85462e+02 sec ################




####################### SCF cycle  2 #######################


============================================================
 Current precision                              1.00000e-07
------------------------------------------------------------
 Orbital threshold                              1.00000e-06
 Property threshold                            -1.00000e+00
============================================================


============================================================
                  Digonalizing Fock matrix
------------------------------------------------------------
 Computing Lowdin matrix                        5.78517e-01
 Diagonalizing matrix                           2.47310e-05
 Rotating orbitals                              2.49337e+00
------------------------------------------------------------
                 Wall time: 3.07200e+00 sec 
============================================================


============================================================
                   Calculating SCF energy
------------------------------------------------------------
 Nuclear energy                       3.742339930300271e+01
 Electronic energy                   -3.795964863027426e+02
------------------------------------------------------------
 Total energy                        -3.421730869997398e+02
------------------------------------------------------------
                 Wall time: 3.47548e+01 sec 
============================================================


============================================================
                Rotating Helmholtz argument
------------------------------------------------------------
 Rotating orbitals                              8.24477e-01
------------------------------------------------------------
                 Wall time: 8.24560e-01 sec 
============================================================


============================================================
                Applying Helmholtz operators
------------------------------------------------------------
 Orb    RealNorm   Nodes     ImagNorm   Nodes     Timing
------------------------------------------------------------
  0    1.00000e+00   840    0.00000e+00     0   9.58455e+01
  4    9.99999e-01   680    0.00000e+00     0   7.60085e+01
  8    1.00009e+00   808    0.00000e+00     0   9.22692e+01
------------------------------------------------------------
                 Wall time: 2.64134e+02 sec 
============================================================


============================================================
                 Lowdin orthonormalization
------------------------------------------------------------
 Computing Lowdin matrix                        1.15371e+02
 Rotating orbitals                              2.52641e+00
------------------------------------------------------------
                 Wall time: 1.17898e+02 sec 
============================================================


============================================================
               Iterative subspace accelerator
------------------------------------------------------------
 Push back orbitals                             2.69304e-01
 Copy orbitals                                  1.17952e-01
 Copy orbital updates                           1.16600e-01
------------------------------------------------------------
                 Wall time: 5.03972e-01 sec 
============================================================


============================================================
                 Lowdin orthonormalization
------------------------------------------------------------
 Computing Lowdin matrix                        6.32608e-01
 Rotating orbitals                              1.35654e+00
------------------------------------------------------------
                 Wall time: 1.98923e+00 sec 
============================================================


============================================================
                  Setting up Fock operator
------------------------------------------------------------
 Precision                                      1.00000e-07
------------------------------------------------------------
 Coulomb density                      1160      2.14754e+00
 Coulomb potential                     728      7.53005e+01
 Allreduce potential                   744      9.63001e-01
 XC total density                     1608      3.76733e+00
 XC evaluate xcfun                    8040      2.61121e+01
 XC energy                            1608      1.64356e-04
 XC potential                         1608      8.93307e-01
------------------------------------------------------------
                 Wall time: 1.09773e+02 sec 
============================================================


============================================================
                  Calculating Fock matrix
------------------------------------------------------------
 Kinetic part                         9.357944869000001e+00
 Potential part                       3.634536351900000e+01
------------------------------------------------------------
                 Wall time: 4.57034e+01 sec 
============================================================


============================================================
                          Orbitals
------------------------------------------------------------
 Orb    F(i,i)        Error         nNodes  Spin  Occ  Done 
------------------------------------------------------------
  0  -5.53885e+01   3.25414e-06        840    p    2    0
  1  -2.42186e+01   4.38451e-06          0    p    2    0
  2  -3.94387e+00   4.97237e-05          0    p    2    0
  3  -2.54798e+00   2.01486e-05          0    p    2    0
  4  -2.54798e+00   2.01501e-05        680    p    2    0
  5  -2.54246e+00   5.42482e-05          0    p    2    0
  6  -1.04222e+00   1.31819e-04          0    p    2    0
  7  -4.00126e-01   2.72218e-04          0    p    2    0
  8  -3.50941e-01   2.80061e-04        808    p    2    0
  9  -3.50941e-01   2.80059e-04          0    p    2    0
 10  -2.26406e-01   9.85543e-04          0    p    2    0
------------------------------------------------------------
 Total error:                            1.10720e-03    0
============================================================


============================================================
                    Energy                 Update      Done 
------------------------------------------------------------
 Orbital      -1.871183190928960e+02     1.06187e-02    1
 Kinetic       3.415449559798979e+02     4.12560e-03    1
 N-E          -8.930960400971346e+02    -1.42244e-02    1
 Coulomb       2.008280527056192e+02     1.08648e-02    1
 Exchange      0.000000000000000e+00     0.00000e+00    1
 X-C          -2.887317014623997e+01    -7.56404e-04    1
------------------------------------------------------------
 Electronic   -3.795964863027426e+02    -1.65220e-05    1
 Nuclear       3.742339930300271e+01     0.00000e+00    1
------------------------------------------------------------
 Total        -3.421730869997398e+02    -1.65220e-05    1
============================================================


################ Wall time: 5.79053e+02 sec ################




####################### SCF cycle  3 #######################


============================================================
 Current precision                              1.00000e-07
------------------------------------------------------------
 Orbital threshold                              1.00000e-06
 Property threshold                            -1.00000e+00
============================================================


============================================================
                   Calculating SCF energy
------------------------------------------------------------
 Nuclear energy                       3.742339930300271e+01
 Electronic energy                   -3.795964881261411e+02
------------------------------------------------------------
 Total energy                        -3.421730888231384e+02
------------------------------------------------------------
                 Wall time: 3.67886e+01 sec 
============================================================


============================================================
                Rotating Helmholtz argument
------------------------------------------------------------
 Rotating orbitals                              3.11295e+00
------------------------------------------------------------
                 Wall time: 3.11305e+00 sec 
============================================================


============================================================
                Applying Helmholtz operators
------------------------------------------------------------
 Orb    RealNorm   Nodes     ImagNorm   Nodes     Timing
------------------------------------------------------------
  0    1.00000e+00   840    0.00000e+00     0   1.03263e+02
  4    1.00000e+00   680    0.00000e+00     0   7.71573e+01
  8    9.99949e-01   808    0.00000e+00     0   9.42927e+01
------------------------------------------------------------
                 Wall time: 2.74730e+02 sec 
============================================================


============================================================
                 Lowdin orthonormalization
------------------------------------------------------------
 Computing Lowdin matrix                        1.17156e+02
 Rotating orbitals                              2.58443e+00
------------------------------------------------------------
                 Wall time: 1.19740e+02 sec 
============================================================


============================================================
               Iterative subspace accelerator
------------------------------------------------------------
 Push back orbitals                             2.47106e-01
 Setup linear system                            4.64727e-01
 Solve linear system                            1.14320e-05
 Expand solution                                1.46294e+00
------------------------------------------------------------
                 Wall time: 2.17489e+00 sec 
============================================================


============================================================
                 Lowdin orthonormalization
------------------------------------------------------------
 Computing Lowdin matrix                        1.05460e+00
 Rotating orbitals                              2.78330e+00
------------------------------------------------------------
                 Wall time: 3.83800e+00 sec 
============================================================


============================================================
                  Setting up Fock operator
------------------------------------------------------------
 Precision                                      1.00000e-07
------------------------------------------------------------
 Coulomb density                      1160      2.23484e+00
 Coulomb potential                     728      7.88092e+01
 Allreduce potential                   744      2.29472e+00
 XC total density                     1608      4.05274e+00
 XC evaluate xcfun                    8040      2.64369e+01
 XC energy                            1608      1.61084e-04
 XC potential                         1608      9.29897e-01
------------------------------------------------------------
                 Wall time: 1.15364e+02 sec 
============================================================


============================================================
                  Calculating Fock matrix
------------------------------------------------------------
 Kinetic part                         9.456856744000000e+00
 Potential part                       3.782736537900000e+01
------------------------------------------------------------
                 Wall time: 4.72843e+01 sec 
============================================================


============================================================
                          Orbitals
------------------------------------------------------------
 Orb    F(i,i)        Error         nNodes  Spin  Occ  Done 
------------------------------------------------------------
  0  -5.53885e+01   2.52804e-06        840    p    2    0
  1  -2.42176e+01   2.46307e-06          0    p    2    0
  2  -3.94382e+00   4.40771e-05          0    p    2    0
  3  -2.54793e+00   2.64988e-05          0    p    2    0
  4  -2.54793e+00   2.65003e-05        680    p    2    0
  5  -2.54242e+00   5.71528e-05          0    p    2    0
  6  -1.04167e+00   6.85311e-05          0    p    2    0
  7  -3.99653e-01   9.86184e-05          0    p    2    0
  8  -3.50434e-01   1.68397e-04        808    p    2    0
  9  -3.50434e-01   1.68389e-04          0    p    2    0
 10  -2.26376e-01   5.83241e-04          0    p    2    0
------------------------------------------------------------
 Total error:                            6.46475e-04    0
============================================================


============================================================
                    Energy                 Update      Done 
------------------------------------------------------------
 Orbital      -1.871200993057538e+02    -1.78021e-03    1
 Kinetic       3.415416702020837e+02    -3.28578e-03    1
 N-E          -8.930912911255463e+02     4.74897e-03    1
 Coulomb       2.008261302873672e+02    -1.92242e-03    1
 Exchange      0.000000000000000e+00     0.00000e+00    1
 X-C          -2.887270579788198e+01     4.64348e-04    1
------------------------------------------------------------
 Electronic   -3.795964881261411e+02    -1.82340e-06    1
 Nuclear       3.742339930300271e+01     0.00000e+00    1
------------------------------------------------------------
 Total        -3.421730888231384e+02    -1.82340e-06    1
============================================================


################ Wall time: 6.03660e+02 sec ################




####################### SCF cycle  4 #######################


============================================================
 Current precision                              1.00000e-07
------------------------------------------------------------
 Orbital threshold                              1.00000e-06
 Property threshold                            -1.00000e+00
============================================================


============================================================
                   Calculating SCF energy
------------------------------------------------------------
 Nuclear energy                       3.742339930300271e+01
 Electronic energy                   -3.795964885191245e+02
------------------------------------------------------------
 Total energy                        -3.421730892161218e+02
------------------------------------------------------------
                 Wall time: 3.99218e+01 sec 
============================================================


============================================================
                Rotating Helmholtz argument
------------------------------------------------------------
 Rotating orbitals                              3.18146e+00
------------------------------------------------------------
                 Wall time: 3.18156e+00 sec 
============================================================


============================================================
                Applying Helmholtz operators
------------------------------------------------------------
 Orb    RealNorm   Nodes     ImagNorm   Nodes     Timing
------------------------------------------------------------
  0    1.00000e+00   840    0.00000e+00     0   1.05396e+02
  4    9.99999e-01   680    0.00000e+00     0   7.93979e+01
  8    1.00010e+00   808    0.00000e+00     0   9.55734e+01
------------------------------------------------------------
                 Wall time: 2.80379e+02 sec 
============================================================


============================================================
                 Lowdin orthonormalization
------------------------------------------------------------
 Computing Lowdin matrix                        1.18610e+02
 Rotating orbitals                              2.60690e+00
------------------------------------------------------------
                 Wall time: 1.21217e+02 sec 
============================================================


============================================================
               Iterative subspace accelerator
------------------------------------------------------------
 Push back orbitals                             3.46956e-01
 Setup linear system                            1.43964e+00
 Solve linear system                            1.36960e-05
 Expand solution                                2.53452e+00
------------------------------------------------------------
                 Wall time: 4.32125e+00 sec 
============================================================


============================================================
                 Lowdin orthonormalization
------------------------------------------------------------
 Computing Lowdin matrix                        1.25230e+00
 Rotating orbitals                              2.89685e+00
------------------------------------------------------------
                 Wall time: 4.14924e+00 sec 
============================================================


============================================================
                  Setting up Fock operator
------------------------------------------------------------
 Precision                                      1.00000e-07
------------------------------------------------------------
 Coulomb density                      1160      2.32632e+00
 Coulomb potential                     728      7.84073e+01
 Allreduce potential                   744      1.43900e+00
 XC total density                     1608      3.91991e+00
 XC evaluate xcfun                    8040      2.61628e+01
 XC energy                            1608      1.70156e-04
 XC potential                         1608      9.15984e-01
------------------------------------------------------------
                 Wall time: 1.13783e+02 sec 
============================================================


============================================================
                  Calculating Fock matrix
------------------------------------------------------------
 Kinetic part                         9.629218885000000e+00
 Potential part                       3.852841870600000e+01
------------------------------------------------------------
                 Wall time: 4.81578e+01 sec 
============================================================


============================================================
                          Orbitals
------------------------------------------------------------
 Orb    F(i,i)        Error         nNodes  Spin  Occ  Done 
------------------------------------------------------------
  0  -5.53885e+01   3.77874e-07        840    p    2    1
  1  -2.42181e+01   2.20981e-06          0    p    2    0
  2  -3.94384e+00   7.71021e-06          0    p    2    0
  3  -2.54795e+00   4.50038e-06          0    p    2    0
  4  -2.54795e+00   4.50052e-06        680    p    2    0
  5  -2.54244e+00   1.33023e-05          0    p    2    0
  6  -1.04192e+00   4.88119e-05          0    p    2    0
  7  -3.99869e-01   9.73985e-05          0    p    2    0
  8  -3.50669e-01   1.19114e-04        808    p    2    0
  9  -3.50669e-01   1.19114e-04          0    p    2    0
 10  -2.26413e-01   7.11163e-05          0    p    2    0
------------------------------------------------------------
 Total error:                            2.13506e-04    0
============================================================


============================================================
                    Energy                 Update      Done 
------------------------------------------------------------
 Orbital      -1.871134734773284e+02     6.62583e-03    1
 Kinetic       3.415459407971193e+02     4.27060e-03    1
 N-E          -8.931017346873849e+02    -1.04436e-02    1
 Coulomb       2.008329574138193e+02     6.82713e-03    1
 Exchange      0.000000000000000e+00     0.00000e+00    1
 X-C          -2.887335633129143e+01    -6.50533e-04    1
------------------------------------------------------------
 Electronic   -3.795964885191245e+02    -3.92983e-07    1
 Nuclear       3.742339930300271e+01     0.00000e+00    1
------------------------------------------------------------
 Total        -3.421730892161218e+02    -3.92983e-07    1
============================================================


################ Wall time: 6.15802e+02 sec ################




####################### SCF cycle  5 #######################


============================================================
 Current precision                              1.00000e-07
------------------------------------------------------------
 Orbital threshold                              1.00000e-06
 Property threshold                            -1.00000e+00
============================================================


============================================================
                   Calculating SCF energy
------------------------------------------------------------
 Nuclear energy                       3.742339930300271e+01
 Electronic energy                   -3.795964886577292e+02
------------------------------------------------------------
 Total energy                        -3.421730893547265e+02
------------------------------------------------------------
                 Wall time: 3.95195e+01 sec 
============================================================


============================================================
                Rotating Helmholtz argument
------------------------------------------------------------
 Rotating orbitals                              3.23702e+00
------------------------------------------------------------
                 Wall time: 3.23711e+00 sec 
============================================================


============================================================
                Applying Helmholtz operators
------------------------------------------------------------
 Orb    RealNorm   Nodes     ImagNorm   Nodes     Timing
------------------------------------------------------------
  0    1.00000e+00   840    0.00000e+00     0   1.03796e+02
  4    1.00000e+00   680    0.00000e+00     0   7.84309e+01
  8    9.99992e-01   808    0.00000e+00     0   9.38230e+01
------------------------------------------------------------
                 Wall time: 2.76061e+02 sec 
============================================================


============================================================
                 Lowdin orthonormalization
------------------------------------------------------------
 Computing Lowdin matrix                        1.31081e+02
 Rotating orbitals                              2.66771e+00
------------------------------------------------------------
                 Wall time: 1.33749e+02 sec 
============================================================


============================================================
               Iterative subspace accelerator
------------------------------------------------------------
 Push back orbitals                             2.96701e-01
 Setup linear system                            2.81870e+00
 Solve linear system                            9.38800e-06
 Expand solution                                3.28348e+00
------------------------------------------------------------
                 Wall time: 6.39902e+00 sec 
============================================================


============================================================
                 Lowdin orthonormalization
------------------------------------------------------------
 Computing Lowdin matrix                        1.31899e+00
 Rotating orbitals                              2.75012e+00
------------------------------------------------------------
                 Wall time: 4.06920e+00 sec 
============================================================


============================================================
                  Setting up Fock operator
------------------------------------------------------------
 Precision                                      1.00000e-07
------------------------------------------------------------
 Coulomb density                      1160      2.33965e+00
 Coulomb potential                     728      7.82392e+01
 Allreduce potential                   744      1.40190e+00
 XC total density                     1608      4.04861e+00
 XC evaluate xcfun                    8040      2.62272e+01
 XC energy                            1608      1.56542e-04
 XC potential                         1608      9.07384e-01
------------------------------------------------------------
                 Wall time: 1.13775e+02 sec 
============================================================


============================================================
                  Calculating Fock matrix
------------------------------------------------------------
 Kinetic part                         9.938398441000000e+00
 Potential part                       3.827554358000000e+01
------------------------------------------------------------
                 Wall time: 4.82141e+01 sec 
============================================================


============================================================
                          Orbitals
------------------------------------------------------------
 Orb    F(i,i)        Error         nNodes  Spin  Occ  Done 
------------------------------------------------------------
  0  -5.53885e+01   4.87016e-07        840    p    2    1
  1  -2.42180e+01   3.13506e-07          0    p    2    1
  2  -3.94384e+00   1.27291e-05          0    p    2    0
  3  -2.54795e+00   8.58532e-06          0    p    2    0
  4  -2.54795e+00   8.58602e-06        680    p    2    0
  5  -2.54244e+00   2.41627e-05          0    p    2    0
  6  -1.04187e+00   9.71641e-06          0    p    2    0
  7  -3.99824e-01   2.93518e-05          0    p    2    0
  8  -3.50621e-01   2.48329e-05        808    p    2    0
  9  -3.50621e-01   2.48296e-05          0    p    2    0
 10  -2.26415e-01   1.17844e-04          0    p    2    0
------------------------------------------------------------
 Total error:                            1.30268e-04    0
============================================================


============================================================
                    Energy                 Update      Done 
------------------------------------------------------------
 Orbital      -1.871167302410400e+02    -3.25676e-03    1
 Kinetic       3.415431911567230e+02    -2.74964e-03    1
 N-E          -8.930960110820675e+02     5.72361e-03    1
 Coulomb       2.008295743769703e+02    -3.38304e-03    1
 Exchange      0.000000000000000e+00     0.00000e+00    1
 X-C          -2.887294710592313e+01     4.09225e-04    1
------------------------------------------------------------
 Electronic   -3.795964886577292e+02    -1.38605e-07    1
 Nuclear       3.742339930300271e+01     0.00000e+00    1
------------------------------------------------------------
 Total        -3.421730893547265e+02    -1.38605e-07    1
============================================================


################ Wall time: 6.25683e+02 sec ################




####################### SCF cycle  6 #######################


============================================================
 Current precision                              1.00000e-07
------------------------------------------------------------
 Orbital threshold                              1.00000e-06
 Property threshold                            -1.00000e+00
============================================================


============================================================
                   Calculating SCF energy
------------------------------------------------------------
 Nuclear energy                       3.742339930300271e+01
 Electronic energy                   -3.795964886885017e+02
------------------------------------------------------------
 Total energy                        -3.421730893854990e+02
------------------------------------------------------------
                 Wall time: 3.94697e+01 sec 
============================================================


============================================================
                Rotating Helmholtz argument
------------------------------------------------------------
 Rotating orbitals                              3.13656e+00
------------------------------------------------------------
                 Wall time: 3.13666e+00 sec 
============================================================


============================================================
                Applying Helmholtz operators
------------------------------------------------------------
 Orb    RealNorm   Nodes     ImagNorm   Nodes     Timing
------------------------------------------------------------
  0    1.00000e+00   840    0.00000e+00     0   1.09455e+02
  4    1.00000e+00   680    0.00000e+00     0   8.07087e+01
  8    1.00000e+00   808    0.00000e+00     0   9.63517e+01
------------------------------------------------------------
                 Wall time: 2.86530e+02 sec 
============================================================


============================================================
                 Lowdin orthonormalization
------------------------------------------------------------
 Computing Lowdin matrix                        1.24323e+02
 Rotating orbitals                              2.56128e+00
------------------------------------------------------------
                 Wall time: 1.26885e+02 sec 
============================================================


============================================================
               Iterative subspace accelerator
------------------------------------------------------------
 Push back orbitals                             3.99427e-01
 Setup linear system                            2.92238e+00
 Solve linear system                            8.93600e-06
 Expand solution                                3.68073e+00
------------------------------------------------------------
                 Wall time: 7.00267e+00 sec 
============================================================


============================================================
                 Lowdin orthonormalization
------------------------------------------------------------
 Computing Lowdin matrix                        1.75957e+00
 Rotating orbitals                              3.04344e+00
------------------------------------------------------------
                 Wall time: 4.80310e+00 sec 
============================================================


============================================================
                  Setting up Fock operator
------------------------------------------------------------
 Precision                                      1.00000e-07
------------------------------------------------------------
 Coulomb density                      1160      2.30898e+00
 Coulomb potential                     728      7.88689e+01
 Allreduce potential                   744      3.87201e+00
 XC total density                     1608      4.21489e+00
 XC evaluate xcfun                    8040      2.62618e+01
 XC energy                            1608      1.76324e-04
 XC potential                         1608      8.94343e-01
------------------------------------------------------------
                 Wall time: 1.17035e+02 sec 
============================================================


============================================================
                  Calculating Fock matrix
------------------------------------------------------------
 Kinetic part                         9.495026192999999e+00
 Potential part                       3.935533093300000e+01
------------------------------------------------------------
                 Wall time: 4.88505e+01 sec 
============================================================


============================================================
                          Orbitals
------------------------------------------------------------
 Orb    F(i,i)        Error         nNodes  Spin  Occ  Done 
------------------------------------------------------------
  0  -5.53885e+01   7.49756e-08        840    p    2    1
  1  -2.42180e+01   3.98667e-08          0    p    2    1
  2  -3.94384e+00   1.83351e-06          0    p    2    0
  3  -2.54795e+00   9.10947e-07          0    p    2    1
  4  -2.54795e+00   9.11104e-07        680    p    2    1
  5  -2.54244e+00   5.00391e-06          0    p    2    0
  6  -1.04187e+00   2.31611e-06          0    p    2    0
  7  -3.99822e-01   4.79456e-06          0    p    2    0
  8  -3.50619e-01   1.99743e-06        808    p    2    0
  9  -3.50619e-01   1.99751e-06          0    p    2    0
 10  -2.26416e-01   1.81440e-05          0    p    2    0
------------------------------------------------------------
 Total error:                            1.98898e-05    0
============================================================


============================================================
                    Energy                 Update      Done 
------------------------------------------------------------
 Orbital      -1.871161982113015e+02     5.32030e-04    1
 Kinetic       3.415435236984315e+02     3.32542e-04    1
 N-E          -8.930968436049226e+02    -8.32523e-04    1
 Coulomb       2.008301208250526e+02     5.46448e-04    1
 Exchange      0.000000000000000e+00     0.00000e+00    1
 X-C          -2.887299318391939e+01    -4.60780e-05    1
------------------------------------------------------------
 Electronic   -3.795964886885017e+02    -3.07725e-08    1
 Nuclear       3.742339930300271e+01     0.00000e+00    1
------------------------------------------------------------
 Total        -3.421730893854990e+02    -3.07725e-08    1
============================================================


################ Wall time: 6.34487e+02 sec ################




####################### SCF cycle  7 #######################


============================================================
 Current precision                              1.00000e-07
------------------------------------------------------------
 Orbital threshold                              1.00000e-06
 Property threshold                            -1.00000e+00
============================================================


============================================================
                   Calculating SCF energy
------------------------------------------------------------
 Nuclear energy                       3.742339930300271e+01
 Electronic energy                   -3.795964886901027e+02
------------------------------------------------------------
 Total energy                        -3.421730893870999e+02
------------------------------------------------------------
                 Wall time: 4.06009e+01 sec 
============================================================


============================================================
                Rotating Helmholtz argument
------------------------------------------------------------
 Rotating orbitals                              3.22018e+00
------------------------------------------------------------
                 Wall time: 3.22028e+00 sec 
============================================================


============================================================
                Applying Helmholtz operators
------------------------------------------------------------
 Orb    RealNorm   Nodes     ImagNorm   Nodes     Timing
------------------------------------------------------------
  0    1.00000e+00   840    0.00000e+00     0   1.08127e+02
  4    1.00000e+00   680    0.00000e+00     0   8.23042e+01
  8    1.00000e+00   808    0.00000e+00     0   9.77029e+01
------------------------------------------------------------
                 Wall time: 2.88146e+02 sec 
============================================================


============================================================
                 Lowdin orthonormalization
------------------------------------------------------------
 Computing Lowdin matrix                        1.34917e+02
 Rotating orbitals                              2.49207e+00
------------------------------------------------------------
                 Wall time: 1.37409e+02 sec 
============================================================


============================================================
               Iterative subspace accelerator
------------------------------------------------------------
 Push back orbitals                             4.30588e-01
 Setup linear system                            2.71958e+00
 Solve linear system                            9.21100e-06
 Expand solution                                3.46720e+00
------------------------------------------------------------
                 Wall time: 6.61751e+00 sec 
============================================================


============================================================
                 Lowdin orthonormalization
------------------------------------------------------------
 Computing Lowdin matrix                        1.34815e+00
 Rotating orbitals                              2.48316e+00
------------------------------------------------------------
                 Wall time: 3.83141e+00 sec 
============================================================


============================================================
                  Setting up Fock operator
------------------------------------------------------------
 Precision                                      1.00000e-07
------------------------------------------------------------
 Coulomb density                      1160      2.35306e+00
 Coulomb potential                     728      8.10280e+01
 Allreduce potential                   744      6.69087e+00
 XC total density                     1608      4.45803e+00
 XC evaluate xcfun                    8040      2.66427e+01
 XC energy                            1608      1.68985e-04
 XC potential                         1608      8.96497e-01
------------------------------------------------------------
                 Wall time: 1.22689e+02 sec 
============================================================


============================================================
                  Calculating Fock matrix
------------------------------------------------------------
 Kinetic part                         1.030981955100000e+01
 Potential part                       4.189714154400000e+01
------------------------------------------------------------
                 Wall time: 5.22071e+01 sec 
============================================================


============================================================
                          Orbitals
------------------------------------------------------------
 Orb    F(i,i)        Error         nNodes  Spin  Occ  Done 
------------------------------------------------------------
  0  -5.53885e+01   4.69088e-08        840    p    2    1
  1  -2.42180e+01   3.98354e-08          0    p    2    1
  2  -3.94384e+00   7.31508e-07          0    p    2    1
  3  -2.54795e+00   2.69151e-07          0    p    2    1
  4  -2.54795e+00   2.69086e-07        680    p    2    1
  5  -2.54244e+00   2.61063e-06          0    p    2    0
  6  -1.04187e+00   1.34813e-06          0    p    2    0
  7  -3.99822e-01   2.46523e-06          0    p    2    0
  8  -3.50619e-01   1.89883e-06        808    p    2    0
  9  -3.50619e-01   1.89950e-06          0    p    2    0
 10  -2.26417e-01   8.19882e-06          0    p    2    0
------------------------------------------------------------
 Total error:                            9.47778e-06    0
============================================================


============================================================
                    Energy                 Update      Done 
------------------------------------------------------------
 Orbital      -1.871161885700417e+02     9.64126e-06    1
 Kinetic       3.415435332757618e+02     9.57733e-06    1
 N-E          -8.930968628606097e+02    -1.92557e-05    1
 Coulomb       2.008301304996334e+02     9.67458e-06    1
 Exchange      0.000000000000000e+00     0.00000e+00    1
 X-C          -2.887299315235217e+01     3.15672e-08    1
------------------------------------------------------------
 Electronic   -3.795964886901027e+02    -1.60094e-09    1
 Nuclear       3.742339930300271e+01     0.00000e+00    1
------------------------------------------------------------
 Total        -3.421730893870999e+02    -1.60094e-09    1
============================================================


################ Wall time: 6.55402e+02 sec ################




####################### SCF cycle  8 #######################


============================================================
 Current precision                              1.00000e-07
------------------------------------------------------------
 Orbital threshold                              1.00000e-06
 Property threshold                            -1.00000e+00
============================================================


============================================================
                   Calculating SCF energy
------------------------------------------------------------
 Nuclear energy                       3.742339930300271e+01
 Electronic energy                   -3.795964886903926e+02
------------------------------------------------------------
 Total energy                        -3.421730893873898e+02
------------------------------------------------------------
                 Wall time: 4.31185e+01 sec 
============================================================


============================================================
                Rotating Helmholtz argument
------------------------------------------------------------
 Rotating orbitals                              3.25900e+00
------------------------------------------------------------
                 Wall time: 3.25910e+00 sec 
============================================================


============================================================
                Applying Helmholtz operators
------------------------------------------------------------
 Orb    RealNorm   Nodes     ImagNorm   Nodes     Timing
------------------------------------------------------------
  0    1.00000e+00   840    0.00000e+00     0   1.09950e+02
  4    1.00000e+00   680    0.00000e+00     0   8.26295e+01
  8    1.00000e+00   808    0.00000e+00     0   9.85415e+01
------------------------------------------------------------
                 Wall time: 2.91133e+02 sec 
============================================================


============================================================
                 Lowdin orthonormalization
------------------------------------------------------------
 Computing Lowdin matrix                        1.52575e+02
 Rotating orbitals                              2.42206e+00
------------------------------------------------------------
                 Wall time: 1.54997e+02 sec 
============================================================


============================================================
               Iterative subspace accelerator
------------------------------------------------------------
 Push back orbitals                             5.33333e-01
 Setup linear system                            3.04564e+00
 Solve linear system                            9.11600e-06
 Expand solution                                3.29384e+00
------------------------------------------------------------
                 Wall time: 6.87296e+00 sec 
============================================================


============================================================
                 Lowdin orthonormalization
------------------------------------------------------------
 Computing Lowdin matrix                        1.48165e+00
 Rotating orbitals                              2.39745e+00
------------------------------------------------------------
                 Wall time: 3.87919e+00 sec 
============================================================


============================================================
                  Setting up Fock operator
------------------------------------------------------------
 Precision                                      1.00000e-07
------------------------------------------------------------
 Coulomb density                      1160      2.42811e+00
 Coulomb potential                     728      8.17088e+01
 Allreduce potential                   744      6.41417e+00
 XC total density                     1608      4.52935e+00
 XC evaluate xcfun                    8040      2.66897e+01
 XC energy                            1608      1.80251e-04
 XC potential                         1608      9.04699e-01
------------------------------------------------------------
                 Wall time: 1.23313e+02 sec 
============================================================


============================================================
                  Calculating Fock matrix
------------------------------------------------------------
 Kinetic part                         1.083110913000000e+01
 Potential part                       4.260465435300000e+01
------------------------------------------------------------
                 Wall time: 5.34359e+01 sec 
============================================================


============================================================
                          Orbitals
------------------------------------------------------------
 Orb    F(i,i)        Error         nNodes  Spin  Occ  Done 
------------------------------------------------------------
  0  -5.53885e+01   2.43543e-08        840    p    2    1
  1  -2.42180e+01   4.44536e-08          0    p    2    1
  2  -3.94384e+00   1.26982e-07          0    p    2    1
  3  -2.54795e+00   2.55027e-07          0    p    2    1
  4  -2.54795e+00   2.54968e-07        680    p    2    1
  5  -2.54244e+00   4.52151e-07          0    p    2    1
  6  -1.04187e+00   3.33168e-07          0    p    2    1
  7  -3.99823e-01   6.27290e-07          0    p    2    1
  8  -3.50620e-01   1.26377e-06        808    p    2    0
  9  -3.50620e-01   1.26406e-06          0    p    2    0
 10  -2.26417e-01   1.30134e-06          0    p    2    0
------------------------------------------------------------
 Total error:                            2.39711e-06    0
============================================================


============================================================
                    Energy                 Update      Done 
------------------------------------------------------------
 Orbital      -1.871161810890597e+02     7.48098e-06    1
 Kinetic       3.415435420454513e+02     8.76969e-06    1
 N-E          -8.930968788519980e+02    -1.59914e-05    1
 Coulomb       2.008301381269842e+02     7.62735e-06    1
 Exchange      0.000000000000000e+00     0.00000e+00    1
 X-C          -2.887299355398276e+01    -4.01631e-07    1
------------------------------------------------------------
 Electronic   -3.795964886903926e+02    -2.89901e-10    1
 Nuclear       3.742339930300271e+01     0.00000e+00    1
------------------------------------------------------------
 Total        -3.421730893873898e+02    -2.89901e-10    1
============================================================


################ Wall time: 6.80618e+02 sec ################




####################### SCF cycle  9 #######################


============================================================
 Current precision                              1.00000e-07
------------------------------------------------------------
 Orbital threshold                              1.00000e-06
 Property threshold                            -1.00000e+00
============================================================


============================================================
                   Calculating SCF energy
------------------------------------------------------------
 Nuclear energy                       3.742339930300271e+01
 Electronic energy                   -3.795964886904029e+02
------------------------------------------------------------
 Total energy                        -3.421730893874001e+02
------------------------------------------------------------
                 Wall time: 4.29420e+01 sec 
============================================================


============================================================
                Rotating Helmholtz argument
------------------------------------------------------------
 Rotating orbitals                              3.32266e+00
------------------------------------------------------------
                 Wall time: 3.32275e+00 sec 
============================================================


============================================================
                Applying Helmholtz operators
------------------------------------------------------------
 Orb    RealNorm   Nodes     ImagNorm   Nodes     Timing
------------------------------------------------------------
  0    1.00000e+00   840    0.00000e+00     0   1.11283e+02
  4    1.00000e+00   680    0.00000e+00     0   8.65491e+01
  8    1.00000e+00   808    0.00000e+00     0   1.04580e+02
------------------------------------------------------------
                 Wall time: 3.02424e+02 sec 
============================================================


============================================================
                 Lowdin orthonormalization
------------------------------------------------------------
 Computing Lowdin matrix                        1.57919e+02
 Rotating orbitals                              2.57166e+00
------------------------------------------------------------
                 Wall time: 1.60491e+02 sec 
============================================================


============================================================
               Iterative subspace accelerator
------------------------------------------------------------
 Push back orbitals                             3.97255e-01
 Setup linear system                            3.01883e+00
 Solve linear system                            9.22700e-06
 Expand solution                                3.20051e+00
------------------------------------------------------------
                 Wall time: 6.61675e+00 sec 
============================================================


============================================================
                 Lowdin orthonormalization
------------------------------------------------------------
 Computing Lowdin matrix                        1.40253e+00
 Rotating orbitals                              2.35218e+00
------------------------------------------------------------
                 Wall time: 3.75480e+00 sec 
============================================================


============================================================
                  Setting up Fock operator
------------------------------------------------------------
 Precision                                      1.00000e-07
------------------------------------------------------------
 Coulomb density                      1160      2.49258e+00
 Coulomb potential                     728      8.42498e+01
 Allreduce potential                   744      5.27036e+00
 XC total density                     1608      4.46104e+00
 XC evaluate xcfun                    8040      2.69576e+01
 XC energy                            1608      1.82604e-04
 XC potential                         1608      9.55576e-01
------------------------------------------------------------
                 Wall time: 1.25049e+02 sec 
============================================================


============================================================
                  Calculating Fock matrix
------------------------------------------------------------
 Kinetic part                         9.570304267999999e+00
 Potential part                       4.275764986300000e+01
------------------------------------------------------------
                 Wall time: 5.23281e+01 sec 
============================================================


============================================================
                          Orbitals
------------------------------------------------------------
 Orb    F(i,i)        Error         nNodes  Spin  Occ  Done 
------------------------------------------------------------
  0  -5.53885e+01   2.26346e-08        840    p    2    1
  1  -2.42180e+01   3.61162e-08          0    p    2    1
  2  -3.94384e+00   7.07370e-08          0    p    2    1
  3  -2.54795e+00   5.73767e-08          0    p    2    1
  4  -2.54795e+00   5.73621e-08        680    p    2    1
  5  -2.54244e+00   6.99614e-08          0    p    2    1
  6  -1.04187e+00   2.21423e-07          0    p    2    1
  7  -3.99822e-01   3.33646e-07          0    p    2    1
  8  -3.50619e-01   4.29914e-07        808    p    2    1
  9  -3.50619e-01   4.29930e-07          0    p    2    1
 10  -2.26417e-01   3.55549e-07          0    p    2    1
------------------------------------------------------------
 Total error:                            8.21417e-07    1
============================================================


============================================================
                    Energy                 Update      Done 
------------------------------------------------------------
 Orbital      -1.871161917033263e+02    -1.06143e-05    1
 Kinetic       3.415435335579984e+02    -8.48745e-06    1
 N-E          -8.930968608007120e+02     1.80513e-05    1
 Coulomb       2.008301270494118e+02    -1.10776e-05    1
 Exchange      0.000000000000000e+00     0.00000e+00    1
 X-C          -2.887299204135629e+01     1.51263e-06    1
------------------------------------------------------------
 Electronic   -3.795964886904029e+02    -1.02887e-11    1
 Nuclear       3.742339930300271e+01     0.00000e+00    1
------------------------------------------------------------
 Total        -3.421730893874001e+02    -1.02887e-11    1
============================================================


################ Wall time: 6.97554e+02 sec ################


============================================================
                      Convergence rate
------------------------------------------------------------
Iter    OrbError       Property                   Update  
------------------------------------------------------------
  1    3.83767e-03    -3.421730704777468e+02   -3.42173e+02
  2    1.10720e-03    -3.421730869997398e+02   -1.65220e-05
  3    6.46475e-04    -3.421730888231384e+02   -1.82340e-06
  4    2.13506e-04    -3.421730892161218e+02   -3.92983e-07
  5    1.30268e-04    -3.421730893547265e+02   -1.38605e-07
  6    1.98898e-05    -3.421730893854990e+02   -3.07725e-08
  7    9.47778e-06    -3.421730893870999e+02   -1.60094e-09
  8    2.39711e-06    -3.421730893873898e+02   -2.89901e-10
  9    8.21417e-07    -3.421730893874001e+02   -1.02887e-11
------------------------------------------------------------
                      SCF converged!!!                      
============================================================


============================================================
                  Digonalizing Fock matrix
------------------------------------------------------------
 Computing Lowdin matrix                        5.83387e-01
 Diagonalizing matrix                           2.47060e-05
 Rotating orbitals                              3.37407e+00
------------------------------------------------------------
                 Wall time: 3.95757e+00 sec 
============================================================


============================================================
                  Setting up Fock operator
------------------------------------------------------------
 Precision                                      1.00000e-07
------------------------------------------------------------
 Coulomb density                      1160      2.60378e+00
 Coulomb potential                     728      7.36142e+01
 Allreduce potential                   744      3.08293e-01
 XC total density                     1608      4.10870e+00
 XC evaluate xcfun                    8040      2.62909e+01
 XC energy                            1608      1.55326e-04
 XC potential                         1608      7.42996e-01
------------------------------------------------------------
                 Wall time: 1.08253e+02 sec 
============================================================


============================================================
                   Calculating SCF energy
------------------------------------------------------------
------------------------------------------------------------
                 Wall time: 4.13705e+01 sec 
============================================================


============================================================
                 Calculating dipole moment
------------------------------------------------------------
------------------------------------------------------------
                 Wall time: 1.56289e+01 sec 
============================================================


============================================================
                        Fock matrix
------------------------------------------------------------
-5.53885e+01  0.00000e+00  0.00000e+00  0.00000e+00  0.00000e+00  0.00000e+00  0.00000e+00  0.00000e+00  0.00000e+00  0.00000e+00  0.00000e+00
 0.00000e+00 -2.42180e+01  0.00000e+00  0.00000e+00  0.00000e+00  0.00000e+00  0.00000e+00  0.00000e+00  0.00000e+00  0.00000e+00  0.00000e+00
 0.00000e+00  0.00000e+00 -3.94384e+00  0.00000e+00  0.00000e+00  0.00000e+00  0.00000e+00  0.00000e+00  0.00000e+00  0.00000e+00  0.00000e+00
 0.00000e+00  0.00000e+00  0.00000e+00 -2.54795e+00  0.00000e+00  0.00000e+00  0.00000e+00  0.00000e+00  0.00000e+00  0.00000e+00  0.00000e+00
 0.00000e+00  0.00000e+00  0.00000e+00  0.00000e+00 -2.54795e+00  0.00000e+00  0.00000e+00  0.00000e+00  0.00000e+00  0.00000e+00  0.00000e+00
 0.00000e+00  0.00000e+00  0.00000e+00  0.00000e+00  0.00000e+00 -2.54244e+00  0.00000e+00  0.00000e+00  0.00000e+00  0.00000e+00  0.00000e+00
 0.00000e+00  0.00000e+00  0.00000e+00  0.00000e+00  0.00000e+00  0.00000e+00 -1.04187e+00  0.00000e+00  0.00000e+00  0.00000e+00  0.00000e+00
 0.00000e+00  0.00000e+00  0.00000e+00  0.00000e+00  0.00000e+00  0.00000e+00  0.00000e+00 -3.99822e-01  0.00000e+00  0.00000e+00  0.00000e+00
 0.00000e+00  0.00000e+00  0.00000e+00  0.00000e+00  0.00000e+00  0.00000e+00  0.00000e+00  0.00000e+00 -3.50619e-01  0.00000e+00  0.00000e+00
 0.00000e+00  0.00000e+00  0.00000e+00  0.00000e+00  0.00000e+00  0.00000e+00  0.00000e+00  0.00000e+00  0.00000e+00 -3.50619e-01  0.00000e+00
 0.00000e+00  0.00000e+00  0.00000e+00  0.00000e+00  0.00000e+00  0.00000e+00  0.00000e+00  0.00000e+00  0.00000e+00  0.00000e+00 -2.26416e-01
============================================================


============================================================
                      Orbital energies
------------------------------------------------------------
    n  spin  occ                            epsilon  
------------------------------------------------------------
    0    p    2                      -5.538851972678981e+01
    1    p    2                      -2.421804230701501e+01
    2    p    2                      -3.943842304109397e+00
    3    p    2                      -2.547949260578678e+00
    4    p    2                      -2.547949260413419e+00
    5    p    2                      -2.542441026026591e+00
    6    p    2                      -1.041869961959753e+00
    7    p    2                      -3.998217775531597e-01
    8    p    2                      -3.506187244718539e-01
    9    p    2                      -3.506187239616866e-01
   10    p    2                      -2.264164495594323e-01
============================================================


============================================================
                          Molecule
------------------------------------------------------------
 Nr  Element             x             y             z      
------------------------------------------------------------
  1     Al          0.00000e+00   0.00000e+00   0.00000e+00
  2     F           0.00000e+00   0.00000e+00   3.12636e+00
------------------------------------------------------------
 Center of mass:    0.00000e+00   0.00000e+00   1.29178e+00
============================================================


                                                            
============================================================
                         SCF Energy                         
------------------------------------------------------------
                                                            
 Sum orbital energy:                 -1.871161790448776e+02
 Kinetic energy:                      3.415435437567975e+02
 E-N energy:                         -8.930968826478897e+02
 Coulomb energy:                      2.008301401593995e+02
 Exchange energy:                     0.000000000000000e+00
 X-C energy:                         -2.887299350133102e+01
 El. external field energy:          -2.964565006401253e-04
 Nuc. external field energy:         -2.818619125502554e-04
                                                            
------------------------------------------------------------
                                                            
 Electronic energy:                  -3.795964886895243e+02
 Nuclear energy:                      3.742339930300271e+01
                                                            
------------------------------------------------------------
                                                            
 Total energy       (au)             -3.421730893865216e+02
                    (kJ/mol)         -8.983753161585386e+05
                    (kcal/mol)       -2.147168536270257e+05
                    (eV)             -9.311003689044708e+03
                                                            
============================================================
                                                            

                                                            
============================================================
                         Dipole moment                      
------------------------------------------------------------
                                                            
 Length of vector:   (au)                  5.7831841319e-01
                     (Debye)               1.4699386471e+00
                                                            
-------------------------- Total ---------------------------
                                                            
 [ 4.6554304599e-10, -4.0891487514e-09, -5.7831841319e-01] 
                                                            
------------------------- Nuclear --------------------------
                                                            
 [-1.4310684174e-11, -1.4658692171e-11, -2.8186191255e-01] 
                                                            
------------------------ Electronic ------------------------
                                                            
 [ 4.7985373017e-10, -4.0744900592e-09, -2.9645650064e-01] 
                                                            
============================================================
                                                            



************************************************************
***                                                      ***
***                    Exiting MRChem                    ***
***                                                      ***
***               Wall time: 6.015378e+03                ***
***                                                      ***
************************************************************


