


************************************************************
***     __  __ ____   ____ _                             ***
***    |  \/  |  _ \ / ___| |__   ___ _ __ ___           ***
***    | |\/| | |_) | |   | '_ \ / _ \ '_ ` _ \          ***
***    | |  | |  _ <| |___| | | |  __/ | | | | |         ***
***    |_|  |_|_| \_\\____|_| |_|\___|_| |_| |_|         ***
***                                                      ***
***    VERSION 0.0.1 (rev. 1c6f79f)                     ***
***                                                      ***
***    Stig Rune Jensen <stig.r.jensen@uit.no>           ***
***    Luca Frediani    <luca.frediani@uit.no>           ***
***    Peter Wind       <peter.wind@uit.no>              ***
***                                                      ***
************************************************************


+++ Parallel execution: 
  MPI hosts available     : 4
  Threads/host            : 2
  Total used CPUs         : 8


------------------------------------------------------------

 MRCPP version   : X.Y.Z
 Git revision    : bbc2aed

 Linear algebra  : EIGEN
 Parallelization : MPI/OpenMP

------------------------------------------------------------




============================================================
                  MultiResolution Analysis                  
------------------------------------------------------------
 polynomial order = 11
 polynomial type  = Interpolating
------------------------------------------------------------
 total boxes      = 8
 boxes            = [           2           2           2 ]
 unit lengths     = [    32.00000    32.00000    32.00000 ]
 scaling factor   = [     1.00000     1.00000     1.00000 ]
 lower bounds     = [   -32.00000   -32.00000   -32.00000 ]
 upper bounds     = [    32.00000    32.00000    32.00000 ]
 total length     = [    64.00000    64.00000    64.00000 ]
============================================================


============================================================
                          Molecule
------------------------------------------------------------
 Nr  Element             x             y             z      
------------------------------------------------------------
  1     Be          0.00000e+00   0.00000e+00   0.00000e+00
------------------------------------------------------------
 Center of mass:    0.00000e+00   0.00000e+00   0.00000e+00
============================================================


============================================================
                Setting up nuclear potential
------------------------------------------------------------
 Nr  Element         Charge        Precision     Smoothing 
------------------------------------------------------------
  1     Be          4.00000e+00   1.00000e-07   7.51732e-05
------------------------------------------------------------
 Nuclear potential                    1224      1.02978e+00
 Allreduce potential                  1224      3.20795e-01
------------------------------------------------------------
                 Wall time: 1.35069e+00 sec 
============================================================


============================================================
 OrbitalVector:   2 orbitals     2 occupied     4 electrons
------------------------------------------------------------
   n  RankID           Norm          Spin Occ      Error    
------------------------------------------------------------
   0     0       1.000000000000e+00    p   2    1.00000e+00
   1     1      -1.000000000000e+00    p   2    1.00000e+00
============================================================


============================================================
                  Setting up Fock operator
------------------------------------------------------------
 Precision                                      1.00000e-07
------------------------------------------------------------
 Coulomb density                       776      8.37860e-01
 Coulomb potential                     456      3.43170e+01
 Allreduce potential                   392      1.09169e-01
 XC total density                      776      1.10282e+00
 XC evaluate xcfun                    3880      1.14956e+01
 XC energy                             776      1.98165e-04
 XC potential                          776      4.11451e-01
------------------------------------------------------------
                 Wall time: 4.85661e+01 sec 
============================================================


============================================================
                  Calculating Fock matrix
------------------------------------------------------------
 Kinetic part                         1.982512136000000e+00
 Potential part                       9.707697883000000e+00
------------------------------------------------------------
                 Wall time: 1.16904e+01 sec 
============================================================




####################### SCF cycle  1 #######################


============================================================
 Current precision                              1.00000e-07
------------------------------------------------------------
 Orbital threshold                              1.00000e-06
 Property threshold                            -1.00000e+00
============================================================


============================================================
                  Digonalizing Fock matrix
------------------------------------------------------------
 Computing Lowdin matrix                        9.96145e-02
 Diagonalizing matrix                           8.04500e-06
 Rotating orbitals                              2.92511e-01
------------------------------------------------------------
                 Wall time: 3.92224e-01 sec 
============================================================


============================================================
                   Calculating SCF energy
------------------------------------------------------------
 Nuclear energy                       2.563660601081347e-15
 Electronic energy                   -1.462994932872963e+01
------------------------------------------------------------
 Total energy                        -1.462994932872962e+01
------------------------------------------------------------
                 Wall time: 8.20644e+00 sec 
============================================================


============================================================
                Rotating Helmholtz argument
------------------------------------------------------------
 Rotating orbitals                              1.29170e-01
------------------------------------------------------------
                 Wall time: 1.29267e-01 sec 
============================================================


============================================================
                Applying Helmholtz operators
------------------------------------------------------------
 Orb    RealNorm   Nodes     ImagNorm   Nodes     Timing
------------------------------------------------------------
  0    1.00000e+00   712    0.00000e+00     0   7.86710e+01
------------------------------------------------------------
                 Wall time: 7.86864e+01 sec 
============================================================


============================================================
                 Lowdin orthonormalization
------------------------------------------------------------
 Computing Lowdin matrix                        7.86938e-02
 Rotating orbitals                              2.72891e-01
------------------------------------------------------------
                 Wall time: 3.51677e-01 sec 
============================================================


============================================================
               Iterative subspace accelerator
------------------------------------------------------------
 Push back orbitals                             8.02862e-02
 Copy orbitals                                  3.55054e-02
 Copy orbital updates                           3.50070e-02
------------------------------------------------------------
                 Wall time: 1.50931e-01 sec 
============================================================


============================================================
                 Lowdin orthonormalization
------------------------------------------------------------
 Computing Lowdin matrix                        7.83709e-02
 Rotating orbitals                              2.09262e-01
------------------------------------------------------------
                 Wall time: 2.87723e-01 sec 
============================================================


============================================================
                  Setting up Fock operator
------------------------------------------------------------
 Precision                                      1.00000e-07
------------------------------------------------------------
 Coulomb density                       776      6.63827e-01
 Coulomb potential                     456      3.47504e+01
 Allreduce potential                   392      1.08780e-01
 XC total density                      776      1.00175e+00
 XC evaluate xcfun                    3880      1.14618e+01
 XC energy                             776      1.68164e-04
 XC potential                          776      4.17546e-01
------------------------------------------------------------
                 Wall time: 4.86684e+01 sec 
============================================================


============================================================
                  Calculating Fock matrix
------------------------------------------------------------
 Kinetic part                         1.657136820000000e+00
 Potential part                       8.232871068000000e+00
------------------------------------------------------------
                 Wall time: 9.89045e+00 sec 
============================================================


============================================================
                          Orbitals
------------------------------------------------------------
 Orb    F(i,i)        Error         nNodes  Spin  Occ  Done 
------------------------------------------------------------
  0  -3.90262e+00   3.90736e-05        712    p    2    0
  1  -2.06132e-01   4.65966e-03          0    p    2    0
------------------------------------------------------------
 Total error:                            4.65983e-03    0
============================================================


============================================================
                    Energy                 Update      Done 
------------------------------------------------------------
 Orbital      -8.217463555961780e+00    -8.21746e+00    1
 Kinetic       1.455833531727119e+01     1.45583e+01    1
 N-E          -3.363805607562382e+01    -3.36381e+01    1
 Coulomb       7.168779186628946e+00     7.16878e+00    1
 Exchange      0.000000000000000e+00     0.00000e+00    1
 X-C          -2.719007757005946e+00    -2.71901e+00    1
------------------------------------------------------------
 Electronic   -1.462994932872963e+01    -1.46299e+01    1
 Nuclear       2.563660601081347e-15     2.56366e-15    1
------------------------------------------------------------
 Total        -1.462994932872962e+01    -1.46299e+01    1
============================================================


################ Wall time: 1.46848e+02 sec ################




####################### SCF cycle  2 #######################


============================================================
 Current precision                              1.00000e-07
------------------------------------------------------------
 Orbital threshold                              1.00000e-06
 Property threshold                            -1.00000e+00
============================================================


============================================================
                  Digonalizing Fock matrix
------------------------------------------------------------
 Computing Lowdin matrix                        7.19163e-02
 Diagonalizing matrix                           5.60300e-06
 Rotating orbitals                              2.72864e-01
------------------------------------------------------------
                 Wall time: 3.44881e-01 sec 
============================================================


============================================================
                   Calculating SCF energy
------------------------------------------------------------
 Nuclear energy                       2.563660601081347e-15
 Electronic energy                   -1.462996815889481e+01
------------------------------------------------------------
 Total energy                        -1.462996815889481e+01
------------------------------------------------------------
                 Wall time: 8.13310e+00 sec 
============================================================


============================================================
                Rotating Helmholtz argument
------------------------------------------------------------
 Rotating orbitals                              1.28085e-01
------------------------------------------------------------
                 Wall time: 1.28171e-01 sec 
============================================================


============================================================
                Applying Helmholtz operators
------------------------------------------------------------
 Orb    RealNorm   Nodes     ImagNorm   Nodes     Timing
------------------------------------------------------------
  0    1.00000e+00   712    0.00000e+00     0   7.77414e+01
------------------------------------------------------------
                 Wall time: 7.77487e+01 sec 
============================================================


============================================================
                 Lowdin orthonormalization
------------------------------------------------------------
 Computing Lowdin matrix                        7.88577e-02
 Rotating orbitals                              2.74450e-01
------------------------------------------------------------
                 Wall time: 3.53398e-01 sec 
============================================================


============================================================
               Iterative subspace accelerator
------------------------------------------------------------
 Push back orbitals                             9.52162e-02
 Copy orbitals                                  3.47476e-02
 Copy orbital updates                           3.40848e-02
------------------------------------------------------------
                 Wall time: 1.64185e-01 sec 
============================================================


============================================================
                 Lowdin orthonormalization
------------------------------------------------------------
 Computing Lowdin matrix                        7.78432e-02
 Rotating orbitals                              2.08311e-01
------------------------------------------------------------
                 Wall time: 2.86246e-01 sec 
============================================================


============================================================
                  Setting up Fock operator
------------------------------------------------------------
 Precision                                      1.00000e-07
------------------------------------------------------------
 Coulomb density                       776      6.58719e-01
 Coulomb potential                     456      3.43979e+01
 Allreduce potential                   392      1.08713e-01
 XC total density                      776      1.00295e+00
 XC evaluate xcfun                    3880      1.15089e+01
 XC energy                             776      1.64340e-04
 XC potential                          776      4.12366e-01
------------------------------------------------------------
                 Wall time: 4.83568e+01 sec 
============================================================


============================================================
                  Calculating Fock matrix
------------------------------------------------------------
 Kinetic part                         1.636210516000000e+00
 Potential part                       8.307695928999999e+00
------------------------------------------------------------
                 Wall time: 9.94404e+00 sec 
============================================================


============================================================
                          Orbitals
------------------------------------------------------------
 Orb    F(i,i)        Error         nNodes  Spin  Occ  Done 
------------------------------------------------------------
  0  -3.90264e+00   3.18084e-05        712    p    2    0
  1  -2.06138e-01   1.29296e-03          0    p    2    0
------------------------------------------------------------
 Total error:                            1.29335e-03    0
============================================================


============================================================
                    Energy                 Update      Done 
------------------------------------------------------------
 Orbital      -8.217506505505986e+00    -4.29495e-05    1
 Kinetic       1.455831488406816e+01    -2.04332e-05    1
 N-E          -3.363800358207672e+01     5.24935e-05    1
 Coulomb       7.168754150217396e+00    -2.50364e-05    1
 Exchange      0.000000000000000e+00     0.00000e+00    1
 X-C          -2.719004319870507e+00     3.43714e-06    1
------------------------------------------------------------
 Electronic   -1.462996815889481e+01    -1.88302e-05    1
 Nuclear       2.563660601081347e-15     0.00000e+00    1
------------------------------------------------------------
 Total        -1.462996815889481e+01    -1.88302e-05    1
============================================================


################ Wall time: 1.45552e+02 sec ################




####################### SCF cycle  3 #######################


============================================================
 Current precision                              1.00000e-07
------------------------------------------------------------
 Orbital threshold                              1.00000e-06
 Property threshold                            -1.00000e+00
============================================================


============================================================
                   Calculating SCF energy
------------------------------------------------------------
 Nuclear energy                       2.563660601081347e-15
 Electronic energy                   -1.462997005091534e+01
------------------------------------------------------------
 Total energy                        -1.462997005091534e+01
------------------------------------------------------------
                 Wall time: 8.27606e+00 sec 
============================================================


============================================================
                Rotating Helmholtz argument
------------------------------------------------------------
 Rotating orbitals                              2.31620e-01
------------------------------------------------------------
                 Wall time: 2.31705e-01 sec 
============================================================


============================================================
                Applying Helmholtz operators
------------------------------------------------------------
 Orb    RealNorm   Nodes     ImagNorm   Nodes     Timing
------------------------------------------------------------
  0    1.00000e+00   712    0.00000e+00     0   7.93153e+01
------------------------------------------------------------
                 Wall time: 7.93247e+01 sec 
============================================================


============================================================
                 Lowdin orthonormalization
------------------------------------------------------------
 Computing Lowdin matrix                        7.59212e-02
 Rotating orbitals                              2.77759e-01
------------------------------------------------------------
                 Wall time: 3.53771e-01 sec 
============================================================


============================================================
               Iterative subspace accelerator
------------------------------------------------------------
 Push back orbitals                             9.99880e-02
 Setup linear system                            9.49530e-02
 Solve linear system                            1.91630e-05
 Expand solution                                2.55173e-01
------------------------------------------------------------
                 Wall time: 4.50270e-01 sec 
============================================================


============================================================
                 Lowdin orthonormalization
------------------------------------------------------------
 Computing Lowdin matrix                        1.34339e-01
 Rotating orbitals                              3.34428e-01
------------------------------------------------------------
                 Wall time: 4.68858e-01 sec 
============================================================


============================================================
                  Setting up Fock operator
------------------------------------------------------------
 Precision                                      1.00000e-07
------------------------------------------------------------
 Coulomb density                       776      6.74001e-01
 Coulomb potential                     456      3.42810e+01
 Allreduce potential                   392      1.06961e-01
 XC total density                      776      1.01642e+00
 XC evaluate xcfun                    3880      1.15246e+01
 XC energy                             776      1.80402e-04
 XC potential                          776      4.10566e-01
------------------------------------------------------------
                 Wall time: 4.82814e+01 sec 
============================================================


============================================================
                  Calculating Fock matrix
------------------------------------------------------------
 Kinetic part                         1.647561686000000e+00
 Potential part                       8.133168845000000e+00
------------------------------------------------------------
                 Wall time: 9.78087e+00 sec 
============================================================


============================================================
                          Orbitals
------------------------------------------------------------
 Orb    F(i,i)        Error         nNodes  Spin  Occ  Done 
------------------------------------------------------------
  0  -3.90265e+00   3.49660e-05        712    p    2    0
  1  -2.06140e-01   6.50176e-04          0    p    2    0
------------------------------------------------------------
 Total error:                            6.51116e-04    0
============================================================


============================================================
                    Energy                 Update      Done 
------------------------------------------------------------
 Orbital      -8.217552492967036e+00    -4.59875e-05    1
 Kinetic       1.455827890350003e+01    -3.59806e-05    1
 N-E          -3.363792317566745e+01     8.04064e-05    1
 Coulomb       7.168707537435884e+00    -4.66128e-05    1
 Exchange      0.000000000000000e+00     0.00000e+00    1
 X-C          -2.718995653635269e+00     8.66624e-06    1
------------------------------------------------------------
 Electronic   -1.462997005091534e+01    -1.89202e-06    1
 Nuclear       2.563660601081347e-15     0.00000e+00    1
------------------------------------------------------------
 Total        -1.462997005091534e+01    -1.89202e-06    1
============================================================


################ Wall time: 1.47300e+02 sec ################




####################### SCF cycle  4 #######################


============================================================
 Current precision                              1.00000e-07
------------------------------------------------------------
 Orbital threshold                              1.00000e-06
 Property threshold                            -1.00000e+00
============================================================


============================================================
                   Calculating SCF energy
------------------------------------------------------------
 Nuclear energy                       2.563660601081347e-15
 Electronic energy                   -1.462997057142526e+01
------------------------------------------------------------
 Total energy                        -1.462997057142526e+01
------------------------------------------------------------
                 Wall time: 8.23407e+00 sec 
============================================================


============================================================
                Rotating Helmholtz argument
------------------------------------------------------------
 Rotating orbitals                              2.29174e-01
------------------------------------------------------------
                 Wall time: 2.29260e-01 sec 
============================================================


============================================================
                Applying Helmholtz operators
------------------------------------------------------------
 Orb    RealNorm   Nodes     ImagNorm   Nodes     Timing
------------------------------------------------------------
  0    1.00000e+00   712    0.00000e+00     0   7.83668e+01
------------------------------------------------------------
                 Wall time: 7.83790e+01 sec 
============================================================


============================================================
                 Lowdin orthonormalization
------------------------------------------------------------
 Computing Lowdin matrix                        5.27085e-01
 Rotating orbitals                              2.72150e-01
------------------------------------------------------------
                 Wall time: 7.99325e-01 sec 
============================================================


============================================================
               Iterative subspace accelerator
------------------------------------------------------------
 Push back orbitals                             1.04487e-01
 Setup linear system                            2.84297e-01
 Solve linear system                            1.41310e-05
 Expand solution                                4.29521e-01
------------------------------------------------------------
                 Wall time: 8.18466e-01 sec 
============================================================


============================================================
                 Lowdin orthonormalization
------------------------------------------------------------
 Computing Lowdin matrix                        1.32842e-01
 Rotating orbitals                              3.35276e-01
------------------------------------------------------------
                 Wall time: 4.68216e-01 sec 
============================================================


============================================================
                  Setting up Fock operator
------------------------------------------------------------
 Precision                                      1.00000e-07
------------------------------------------------------------
 Coulomb density                       776      6.83549e-01
 Coulomb potential                     456      3.45781e+01
 Allreduce potential                   392      1.10261e-01
 XC total density                      776      1.03008e+00
 XC evaluate xcfun                    3880      1.14092e+01
 XC energy                             776      1.63372e-04
 XC potential                          776      4.00371e-01
------------------------------------------------------------
                 Wall time: 4.84771e+01 sec 
============================================================


============================================================
                  Calculating Fock matrix
------------------------------------------------------------
 Kinetic part                         1.694138182000000e+00
 Potential part                       8.266018920000000e+00
------------------------------------------------------------
                 Wall time: 9.96030e+00 sec 
============================================================


============================================================
                          Orbitals
------------------------------------------------------------
 Orb    F(i,i)        Error         nNodes  Spin  Occ  Done 
------------------------------------------------------------
  0  -3.90264e+00   2.62101e-05        712    p    2    0
  1  -2.06140e-01   3.84743e-04          0    p    2    0
------------------------------------------------------------
 Total error:                            3.85635e-04    0
============================================================


============================================================
                    Energy                 Update      Done 
------------------------------------------------------------
 Orbital      -8.217571182302640e+00    -1.86893e-05    1
 Kinetic       1.455826770326232e+01    -1.12002e-05    1
 N-E          -3.363789257249912e+01     3.06032e-05    1
 Coulomb       7.168688433872354e+00    -1.91036e-05    1
 Exchange      0.000000000000000e+00     0.00000e+00    1
 X-C          -2.718992440979748e+00     3.21266e-06    1
------------------------------------------------------------
 Electronic   -1.462997057142526e+01    -5.20510e-07    1
 Nuclear       2.563660601081347e-15     0.00000e+00    1
------------------------------------------------------------
 Total        -1.462997057142526e+01    -5.20510e-07    1
============================================================


################ Wall time: 1.47498e+02 sec ################




####################### SCF cycle  5 #######################


============================================================
 Current precision                              1.00000e-07
------------------------------------------------------------
 Orbital threshold                              1.00000e-06
 Property threshold                            -1.00000e+00
============================================================


============================================================
                   Calculating SCF energy
------------------------------------------------------------
 Nuclear energy                       2.563660601081347e-15
 Electronic energy                   -1.462997077209613e+01
------------------------------------------------------------
 Total energy                        -1.462997077209613e+01
------------------------------------------------------------
                 Wall time: 8.37682e+00 sec 
============================================================


============================================================
                Rotating Helmholtz argument
------------------------------------------------------------
 Rotating orbitals                              2.30589e-01
------------------------------------------------------------
                 Wall time: 2.30673e-01 sec 
============================================================


============================================================
                Applying Helmholtz operators
------------------------------------------------------------
 Orb    RealNorm   Nodes     ImagNorm   Nodes     Timing
------------------------------------------------------------
  0    1.00000e+00   712    0.00000e+00     0   7.92377e+01
------------------------------------------------------------
                 Wall time: 7.92483e+01 sec 
============================================================


============================================================
                 Lowdin orthonormalization
------------------------------------------------------------
 Computing Lowdin matrix                        7.89205e-02
 Rotating orbitals                              2.84787e-01
------------------------------------------------------------
                 Wall time: 3.63794e-01 sec 
============================================================


============================================================
               Iterative subspace accelerator
------------------------------------------------------------
 Push back orbitals                             1.22006e-01
 Setup linear system                            5.70983e-01
 Solve linear system                            9.23700e-06
 Expand solution                                8.48347e-01
------------------------------------------------------------
                 Wall time: 1.54149e+00 sec 
============================================================


============================================================
                 Lowdin orthonormalization
------------------------------------------------------------
 Computing Lowdin matrix                        2.24178e-01
 Rotating orbitals                              4.87893e-01
------------------------------------------------------------
                 Wall time: 7.12158e-01 sec 
============================================================


============================================================
                  Setting up Fock operator
------------------------------------------------------------
 Precision                                      1.00000e-07
------------------------------------------------------------
 Coulomb density                       776      6.85718e-01
 Coulomb potential                     456      3.47383e+01
 Allreduce potential                   392      1.10622e-01
 XC total density                      776      1.03890e+00
 XC evaluate xcfun                    3880      1.15329e+01
 XC energy                             776      1.87212e-04
 XC potential                          776      4.18072e-01
------------------------------------------------------------
                 Wall time: 4.87918e+01 sec 
============================================================


============================================================
                  Calculating Fock matrix
------------------------------------------------------------
 Kinetic part                         1.645257994000000e+00
 Potential part                       8.262910435000000e+00
------------------------------------------------------------
                 Wall time: 9.90831e+00 sec 
============================================================


============================================================
                          Orbitals
------------------------------------------------------------
 Orb    F(i,i)        Error         nNodes  Spin  Occ  Done 
------------------------------------------------------------
  0  -3.90264e+00   3.00108e-06        712    p    2    0
  1  -2.06139e-01   5.88285e-05          0    p    2    0
------------------------------------------------------------
 Total error:                            5.89050e-05    0
============================================================


============================================================
                    Energy                 Update      Done 
------------------------------------------------------------
 Orbital      -8.217567197007449e+00     3.98530e-06    1
 Kinetic       1.455827185810909e+01     4.15485e-06    1
 N-E          -3.363789920807660e+01    -6.63558e-06    1
 Coulomb       7.168692977989373e+00     4.54412e-06    1
 Exchange      0.000000000000000e+00     0.00000e+00    1
 X-C          -2.718993616532227e+00    -1.17555e-06    1
------------------------------------------------------------
 Electronic   -1.462997077209613e+01    -2.00671e-07    1
 Nuclear       2.563660601081347e-15     0.00000e+00    1
------------------------------------------------------------
 Total        -1.462997077209613e+01    -2.00671e-07    1
============================================================


################ Wall time: 1.49401e+02 sec ################




####################### SCF cycle  6 #######################


============================================================
 Current precision                              1.00000e-07
------------------------------------------------------------
 Orbital threshold                              1.00000e-06
 Property threshold                            -1.00000e+00
============================================================


============================================================
                   Calculating SCF energy
------------------------------------------------------------
 Nuclear energy                       2.563660601081347e-15
 Electronic energy                   -1.462997077872256e+01
------------------------------------------------------------
 Total energy                        -1.462997077872256e+01
------------------------------------------------------------
                 Wall time: 8.50331e+00 sec 
============================================================


============================================================
                Rotating Helmholtz argument
------------------------------------------------------------
 Rotating orbitals                              2.32016e-01
------------------------------------------------------------
                 Wall time: 2.32102e-01 sec 
============================================================


============================================================
                Applying Helmholtz operators
------------------------------------------------------------
 Orb    RealNorm   Nodes     ImagNorm   Nodes     Timing
------------------------------------------------------------
  0    1.00000e+00   712    0.00000e+00     0   7.93303e+01
------------------------------------------------------------
                 Wall time: 7.93432e+01 sec 
============================================================


============================================================
                 Lowdin orthonormalization
------------------------------------------------------------
 Computing Lowdin matrix                        7.38479e-02
 Rotating orbitals                              2.78623e-01
------------------------------------------------------------
                 Wall time: 3.52562e-01 sec 
============================================================


============================================================
               Iterative subspace accelerator
------------------------------------------------------------
 Push back orbitals                             1.03971e-01
 Setup linear system                            5.78094e-01
 Solve linear system                            1.39670e-05
 Expand solution                                1.05547e+00
------------------------------------------------------------
                 Wall time: 1.73770e+00 sec 
============================================================


============================================================
                 Lowdin orthonormalization
------------------------------------------------------------
 Computing Lowdin matrix                        2.31954e-01
 Rotating orbitals                              4.96819e-01
------------------------------------------------------------
                 Wall time: 7.28860e-01 sec 
============================================================


============================================================
                  Setting up Fock operator
------------------------------------------------------------
 Precision                                      1.00000e-07
------------------------------------------------------------
 Coulomb density                       776      6.93398e-01
 Coulomb potential                     456      3.52096e+01
 Allreduce potential                   392      1.06839e-01
 XC total density                      776      1.04213e+00
 XC evaluate xcfun                    3880      1.14271e+01
 XC energy                             776      1.76905e-04
 XC potential                          776      3.79720e-01
------------------------------------------------------------
                 Wall time: 4.91268e+01 sec 
============================================================


============================================================
                  Calculating Fock matrix
------------------------------------------------------------
 Kinetic part                         1.640553221000000e+00
 Potential part                       8.319092803000000e+00
------------------------------------------------------------
                 Wall time: 9.95979e+00 sec 
============================================================


============================================================
                          Orbitals
------------------------------------------------------------
 Orb    F(i,i)        Error         nNodes  Spin  Occ  Done 
------------------------------------------------------------
  0  -3.90264e+00   6.77732e-07        712    p    2    1
  1  -2.06139e-01   4.78174e-06          0    p    2    0
------------------------------------------------------------
 Total error:                            4.82953e-06    0
============================================================


============================================================
                    Energy                 Update      Done 
------------------------------------------------------------
 Orbital      -8.217567192231140e+00     4.77631e-09    1
 Kinetic       1.455826918276432e+01    -2.67534e-06    1
 N-E          -3.363789649768732e+01     2.71039e-06    1
 Coulomb       7.168692986666688e+00     8.67731e-09    1
 Exchange      0.000000000000000e+00     0.00000e+00    1
 X-C          -2.718993562254079e+00     5.42781e-08    1
------------------------------------------------------------
 Electronic   -1.462997077872256e+01    -6.62642e-09    1
 Nuclear       2.563660601081347e-15     0.00000e+00    1
------------------------------------------------------------
 Total        -1.462997077872256e+01    -6.62642e-09    1
============================================================


################ Wall time: 1.50204e+02 sec ################




####################### SCF cycle  7 #######################


============================================================
 Current precision                              1.00000e-07
------------------------------------------------------------
 Orbital threshold                              1.00000e-06
 Property threshold                            -1.00000e+00
============================================================


============================================================
                   Calculating SCF energy
------------------------------------------------------------
 Nuclear energy                       2.563660601081347e-15
 Electronic energy                   -1.462997077884359e+01
------------------------------------------------------------
 Total energy                        -1.462997077884359e+01
------------------------------------------------------------
                 Wall time: 8.50881e+00 sec 
============================================================


============================================================
                Rotating Helmholtz argument
------------------------------------------------------------
 Rotating orbitals                              2.34139e-01
------------------------------------------------------------
                 Wall time: 2.34228e-01 sec 
============================================================


============================================================
                Applying Helmholtz operators
------------------------------------------------------------
 Orb    RealNorm   Nodes     ImagNorm   Nodes     Timing
------------------------------------------------------------
  0    1.00000e+00   712    0.00000e+00     0   7.86090e+01
------------------------------------------------------------
                 Wall time: 7.86178e+01 sec 
============================================================


============================================================
                 Lowdin orthonormalization
------------------------------------------------------------
 Computing Lowdin matrix                        7.75544e-02
 Rotating orbitals                              2.76945e-01
------------------------------------------------------------
                 Wall time: 3.54581e-01 sec 
============================================================


============================================================
               Iterative subspace accelerator
------------------------------------------------------------
 Push back orbitals                             9.87319e-02
 Setup linear system                            5.77234e-01
 Solve linear system                            8.77700e-06
 Expand solution                                1.02957e+00
------------------------------------------------------------
                 Wall time: 1.70569e+00 sec 
============================================================


============================================================
                 Lowdin orthonormalization
------------------------------------------------------------
 Computing Lowdin matrix                        1.94875e-01
 Rotating orbitals                              4.48361e-01
------------------------------------------------------------
                 Wall time: 6.43323e-01 sec 
============================================================


============================================================
                  Setting up Fock operator
------------------------------------------------------------
 Precision                                      1.00000e-07
------------------------------------------------------------
 Coulomb density                       776      6.74128e-01
 Coulomb potential                     456      3.54087e+01
 Allreduce potential                   392      1.06683e-01
 XC total density                      776      1.03730e+00
 XC evaluate xcfun                    3880      1.15275e+01
 XC energy                             776      1.67637e-04
 XC potential                          776      3.71313e-01
------------------------------------------------------------
                 Wall time: 4.93995e+01 sec 
============================================================


============================================================
                  Calculating Fock matrix
------------------------------------------------------------
 Kinetic part                         4.067732405000000e+00
 Potential part                       8.315559348000001e+00
------------------------------------------------------------
                 Wall time: 1.23834e+01 sec 
============================================================


============================================================
                          Orbitals
------------------------------------------------------------
 Orb    F(i,i)        Error         nNodes  Spin  Occ  Done 
------------------------------------------------------------
  0  -3.90264e+00   2.19630e-07        712    p    2    1
  1  -2.06139e-01   1.89172e-06          0    p    2    0
------------------------------------------------------------
 Total error:                            1.90443e-06    0
============================================================


============================================================
                    Energy                 Update      Done 
------------------------------------------------------------
 Orbital      -8.217567439223419e+00    -2.46992e-07    1
 Kinetic       1.455826894511019e+01    -2.37654e-07    1
 N-E          -3.363789603506660e+01     4.62621e-07    1
 Coulomb       7.168692728012169e+00    -2.58655e-07    1
 Exchange      0.000000000000000e+00     0.00000e+00    1
 X-C          -2.718993518001193e+00     4.42529e-08    1
------------------------------------------------------------
 Electronic   -1.462997077884359e+01    -1.21030e-10    1
 Nuclear       2.563660601081347e-15     0.00000e+00    1
------------------------------------------------------------
 Total        -1.462997077884359e+01    -1.21030e-10    1
============================================================


################ Wall time: 1.52029e+02 sec ################




####################### SCF cycle  8 #######################


============================================================
 Current precision                              1.00000e-07
------------------------------------------------------------
 Orbital threshold                              1.00000e-06
 Property threshold                            -1.00000e+00
============================================================


============================================================
                   Calculating SCF energy
------------------------------------------------------------
 Nuclear energy                       2.563660601081347e-15
 Electronic energy                   -1.462997077885579e+01
------------------------------------------------------------
 Total energy                        -1.462997077885579e+01
------------------------------------------------------------
                 Wall time: 8.59306e+00 sec 
============================================================


============================================================
                Rotating Helmholtz argument
------------------------------------------------------------
 Rotating orbitals                              2.35178e-01
------------------------------------------------------------
                 Wall time: 2.35265e-01 sec 
============================================================


============================================================
                Applying Helmholtz operators
------------------------------------------------------------
 Orb    RealNorm   Nodes     ImagNorm   Nodes     Timing
------------------------------------------------------------
  0    1.00000e+00   712    0.00000e+00     0   8.50694e+01
------------------------------------------------------------
                 Wall time: 8.50790e+01 sec 
============================================================


============================================================
                 Lowdin orthonormalization
------------------------------------------------------------
 Computing Lowdin matrix                        7.62584e-02
 Rotating orbitals                              2.74758e-01
------------------------------------------------------------
                 Wall time: 3.51106e-01 sec 
============================================================


============================================================
               Iterative subspace accelerator
------------------------------------------------------------
 Push back orbitals                             8.57105e-02
 Setup linear system                            5.77885e-01
 Solve linear system                            9.07700e-06
 Expand solution                                1.08484e+00
------------------------------------------------------------
                 Wall time: 1.74859e+00 sec 
============================================================


============================================================
                 Lowdin orthonormalization
------------------------------------------------------------
 Computing Lowdin matrix                        2.59506e-01
 Rotating orbitals                              5.13766e-01
------------------------------------------------------------
                 Wall time: 7.73359e-01 sec 
============================================================


============================================================
                  Setting up Fock operator
------------------------------------------------------------
 Precision                                      1.00000e-07
------------------------------------------------------------
 Coulomb density                       776      6.68029e-01
 Coulomb potential                     456      3.52835e+01
 Allreduce potential                   392      1.10194e-01
 XC total density                      776      1.04196e+00
 XC evaluate xcfun                    3880      1.16951e+01
 XC energy                             776      1.89350e-04
 XC potential                          776      3.75885e-01
------------------------------------------------------------
                 Wall time: 4.94497e+01 sec 
============================================================


============================================================
                  Calculating Fock matrix
------------------------------------------------------------
 Kinetic part                         3.856487191000000e+00
 Potential part                       8.586422192000001e+00
------------------------------------------------------------
                 Wall time: 1.24431e+01 sec 
============================================================


============================================================
                          Orbitals
------------------------------------------------------------
 Orb    F(i,i)        Error         nNodes  Spin  Occ  Done 
------------------------------------------------------------
  0  -3.90264e+00   1.52037e-08        712    p    2    1
  1  -2.06139e-01   1.10903e-07          0    p    2    1
------------------------------------------------------------
 Total error:                            1.11940e-07    1
============================================================


============================================================
                    Energy                 Update      Done 
------------------------------------------------------------
 Orbital      -8.217567468311577e+00    -2.90882e-08    1
 Kinetic       1.455826897211843e+01     2.70082e-08    1
 N-E          -3.363789602915787e+01     5.90874e-09    1
 Coulomb       7.168692698900252e+00    -2.91119e-08    1
 Exchange      0.000000000000000e+00     0.00000e+00    1
 X-C          -2.718993516971531e+00     1.02966e-09    1
------------------------------------------------------------
 Electronic   -1.462997077885579e+01    -1.22036e-11    1
 Nuclear       2.563660601081347e-15     0.00000e+00    1
------------------------------------------------------------
 Total        -1.462997077885579e+01    -1.22036e-11    1
============================================================


################ Wall time: 1.58902e+02 sec ################


============================================================
                      Convergence rate
------------------------------------------------------------
Iter    OrbError       Property                   Update  
------------------------------------------------------------
  1    4.65983e-03    -1.462994932872962e+01   -1.46299e+01
  2    1.29335e-03    -1.462996815889481e+01   -1.88302e-05
  3    6.51116e-04    -1.462997005091534e+01   -1.89202e-06
  4    3.85635e-04    -1.462997057142526e+01   -5.20510e-07
  5    5.89050e-05    -1.462997077209613e+01   -2.00671e-07
  6    4.82953e-06    -1.462997077872256e+01   -6.62642e-09
  7    1.90443e-06    -1.462997077884359e+01   -1.21030e-10
  8    1.11940e-07    -1.462997077885579e+01   -1.22036e-11
------------------------------------------------------------
                      SCF converged!!!                      
============================================================


============================================================
                  Digonalizing Fock matrix
------------------------------------------------------------
 Computing Lowdin matrix                        7.26372e-02
 Diagonalizing matrix                           5.92900e-06
 Rotating orbitals                              3.64926e-01
------------------------------------------------------------
                 Wall time: 4.37664e-01 sec 
============================================================


============================================================
                  Setting up Fock operator
------------------------------------------------------------
 Precision                                      1.00000e-07
------------------------------------------------------------
 Coulomb density                       776      8.27249e-01
 Coulomb potential                     456      3.44176e+01
 Allreduce potential                   392      1.09657e-01
 XC total density                      776      1.04923e+00
 XC evaluate xcfun                    3880      1.15947e+01
 XC energy                             776      1.65086e-04
 XC potential                          776      3.53970e-01
------------------------------------------------------------
                 Wall time: 4.86202e+01 sec 
============================================================


============================================================
                   Calculating SCF energy
------------------------------------------------------------
------------------------------------------------------------
                 Wall time: 1.11626e+01 sec 
============================================================


============================================================
                 Calculating dipole moment
------------------------------------------------------------
------------------------------------------------------------
                 Wall time: 3.44110e+00 sec 
============================================================


============================================================
                        Fock matrix
------------------------------------------------------------
-3.90264e+00  0.00000e+00
 0.00000e+00 -2.06139e-01
============================================================


============================================================
                      Orbital energies
------------------------------------------------------------
    n  spin  occ                            epsilon  
------------------------------------------------------------
    0    p    2                      -3.902644331380426e+00
    1    p    2                      -2.061393963865282e-01
============================================================


============================================================
                          Molecule
------------------------------------------------------------
 Nr  Element             x             y             z      
------------------------------------------------------------
  1     Be          0.00000e+00   0.00000e+00   0.00000e+00
------------------------------------------------------------
 Center of mass:    0.00000e+00   0.00000e+00   0.00000e+00
============================================================


                                                            
============================================================
                         SCF Energy                         
------------------------------------------------------------
                                                            
 Sum orbital energy:                 -8.217567455533908e+00
 Kinetic energy:                      1.455826898724504e+01
 E-N energy:                         -3.363789605583357e+01
 Coulomb energy:                      7.168692712373477e+00
 Exchange energy:                     0.000000000000000e+00
 X-C energy:                         -2.718993519513256e+00
 El. external field energy:          -4.290407702515711e-05
 Nuc. external field energy:          2.563660601081347e-15
                                                            
------------------------------------------------------------
                                                            
 Electronic energy:                  -1.462997077980533e+01
 Nuclear energy:                      2.563660601081347e-15
                                                            
------------------------------------------------------------
                                                            
 Total energy       (au)             -1.462997077980533e+01
                    (kJ/mol)         -3.841098272299000e+04
                    (kcal/mol)       -9.180445195521159e+03
                    (eV)             -3.981017681595317e+02
                                                            
============================================================
                                                            

                                                            
============================================================
                         Dipole moment                      
------------------------------------------------------------
                                                            
 Length of vector:   (au)                  4.2904077023e-02
                     (Debye)               1.0905127607e-01
                                                            
-------------------------- Total ---------------------------
                                                            
 [-2.5869588415e-12, -2.7163501128e-12,  4.2904077023e-02] 
                                                            
------------------------- Nuclear --------------------------
                                                            
 [-2.5497891288e-12, -2.6739447787e-12, -2.5636606011e-12] 
                                                            
------------------------ Electronic ------------------------
                                                            
 [-3.7169712747e-14, -4.2405334121e-14,  4.2904077025e-02] 
                                                            
============================================================
                                                            



************************************************************
***                                                      ***
***                    Exiting MRChem                    ***
***                                                      ***
***               Wall time: 1.324738e+03                ***
***                                                      ***
************************************************************


