


************************************************************
***     __  __ ____   ____ _                             ***
***    |  \/  |  _ \ / ___| |__   ___ _ __ ___           ***
***    | |\/| | |_) | |   | '_ \ / _ \ '_ ` _ \          ***
***    | |  | |  _ <| |___| | | |  __/ | | | | |         ***
***    |_|  |_|_| \_\\____|_| |_|\___|_| |_| |_|         ***
***                                                      ***
***    VERSION 0.0.1 (rev. 1c6f79f)                     ***
***                                                      ***
***    Stig Rune Jensen <stig.r.jensen@uit.no>           ***
***    Luca Frediani    <luca.frediani@uit.no>           ***
***    Peter Wind       <peter.wind@uit.no>              ***
***                                                      ***
************************************************************


+++ Parallel execution: 
  MPI hosts available     : 4
  Threads/host            : 2
  Total used CPUs         : 8


------------------------------------------------------------

 MRCPP version   : X.Y.Z
 Git revision    : bbc2aed

 Linear algebra  : EIGEN
 Parallelization : MPI/OpenMP

------------------------------------------------------------




============================================================
                  MultiResolution Analysis                  
------------------------------------------------------------
 polynomial order = 11
 polynomial type  = Interpolating
------------------------------------------------------------
 total boxes      = 8
 boxes            = [           2           2           2 ]
 unit lengths     = [    32.00000    32.00000    32.00000 ]
 scaling factor   = [     1.00000     1.00000     1.00000 ]
 lower bounds     = [   -32.00000   -32.00000   -32.00000 ]
 upper bounds     = [    32.00000    32.00000    32.00000 ]
 total length     = [    64.00000    64.00000    64.00000 ]
============================================================


============================================================
                          Molecule
------------------------------------------------------------
 Nr  Element             x             y             z      
------------------------------------------------------------
  1     H           0.00000e+00   0.00000e+00   0.00000e+00
  2     Be          0.00000e+00   0.00000e+00   2.53715e+00
------------------------------------------------------------
 Center of mass:    0.00000e+00   0.00000e+00   2.28193e+00
============================================================


============================================================
                Setting up nuclear potential
------------------------------------------------------------
 Nr  Element         Charge        Precision     Smoothing 
------------------------------------------------------------
  1     H           1.00000e+00   1.00000e-07   7.57698e-04
  2     Be          4.00000e+00   1.00000e-07   7.51732e-05
------------------------------------------------------------
 Nuclear potential                    1032      9.70466e-01
 Allreduce potential                  1928      8.77637e-01
------------------------------------------------------------
                 Wall time: 1.84823e+00 sec 
============================================================


============================================================
 OrbitalVector:   5 orbitals     5 occupied     5 electrons
------------------------------------------------------------
   n  RankID           Norm          Spin Occ      Error    
------------------------------------------------------------
   0     0       1.000000000000e+00    a   1    1.00000e+00
   1     1      -1.000000000000e+00    a   1    1.00000e+00
   2     2      -1.000000000000e+00    a   1    1.00000e+00
   3     3      -1.000000000000e+00    b   1    1.00000e+00
   4     0       1.000000000000e+00    b   1    1.00000e+00
============================================================


============================================================
                  Setting up Fock operator
------------------------------------------------------------
 Precision                                      1.00000e-07
------------------------------------------------------------
 Coulomb density                      1096      2.01769e+00
 Coulomb potential                     424      3.69181e+01
 Allreduce potential                   424      1.27733e-01
 XC alpha density                     1160      1.47735e+00
 XC beta density                      1096      1.46227e+00
 XC evaluate xcfun                   10440      3.92130e+01
 XC energy                            1160      1.69581e-04
 XC potential                         2320      1.18700e+00
------------------------------------------------------------
                 Wall time: 8.32859e+01 sec 
============================================================


============================================================
                  Calculating Fock matrix
------------------------------------------------------------
 Kinetic part                         5.237482364000000e+00
 Potential part                       2.346298446600000e+01
------------------------------------------------------------
                 Wall time: 2.87006e+01 sec 
============================================================




####################### SCF cycle  1 #######################


============================================================
 Current precision                              1.00000e-07
------------------------------------------------------------
 Orbital threshold                              1.00000e-06
 Property threshold                            -1.00000e+00
============================================================


============================================================
                  Digonalizing Fock matrix
------------------------------------------------------------
 Computing Lowdin matrix                        2.97529e-01
 Diagonalizing matrix                           1.13420e-05
 Rotating orbitals                              8.60990e-01
------------------------------------------------------------
                 Wall time: 1.15862e+00 sec 
============================================================


============================================================
                   Calculating SCF energy
------------------------------------------------------------
 Nuclear energy                       1.576574553518947e+00
 Electronic energy                   -1.679507768082166e+01
------------------------------------------------------------
 Total energy                        -1.521850312730271e+01
------------------------------------------------------------
                 Wall time: 1.80127e+01 sec 
============================================================


============================================================
                Rotating Helmholtz argument
------------------------------------------------------------
 Rotating orbitals                              3.92566e-01
------------------------------------------------------------
                 Wall time: 3.92648e-01 sec 
============================================================


============================================================
                Applying Helmholtz operators
------------------------------------------------------------
 Orb    RealNorm   Nodes     ImagNorm   Nodes     Timing
------------------------------------------------------------
  0    1.00000e+00   744    0.00000e+00     0   7.40431e+01
  4    1.00000e+00   872    0.00000e+00     0   1.01808e+02
------------------------------------------------------------
                 Wall time: 1.75876e+02 sec 
============================================================


============================================================
                 Lowdin orthonormalization
------------------------------------------------------------
 Computing Lowdin matrix                        2.20383e-01
 Rotating orbitals                              8.96499e-01
------------------------------------------------------------
                 Wall time: 1.11697e+00 sec 
============================================================


============================================================
               Iterative subspace accelerator
------------------------------------------------------------
 Push back orbitals                             3.42360e-05
 Copy orbitals                                  7.74474e-02
 Copy orbital updates                           7.71930e-02
------------------------------------------------------------
                 Wall time: 1.54795e-01 sec 
============================================================


============================================================
                 Lowdin orthonormalization
------------------------------------------------------------
 Computing Lowdin matrix                        2.18621e-01
 Rotating orbitals                              5.58825e-01
------------------------------------------------------------
                 Wall time: 7.77524e-01 sec 
============================================================


============================================================
                  Setting up Fock operator
------------------------------------------------------------
 Precision                                      1.00000e-07
------------------------------------------------------------
 Coulomb density                      1096      1.66877e+00
 Coulomb potential                     424      3.82435e+01
 Allreduce potential                   424      1.33807e-01
 XC alpha density                     1160      1.39046e+00
 XC beta density                      1096      1.23345e+00
 XC evaluate xcfun                   10440      3.94218e+01
 XC energy                            1160      1.60528e-04
 XC potential                         2320      1.23149e+00
------------------------------------------------------------
                 Wall time: 8.41177e+01 sec 
============================================================


============================================================
                  Calculating Fock matrix
------------------------------------------------------------
 Kinetic part                         4.315095032000000e+00
 Potential part                       1.883554831100000e+01
------------------------------------------------------------
                 Wall time: 2.31508e+01 sec 
============================================================


============================================================
                          Orbitals
------------------------------------------------------------
 Orb    F(i,i)        Error         nNodes  Spin  Occ  Done 
------------------------------------------------------------
  0  -3.88604e+00   3.92363e-05        744    a    1    0
  1  -3.06044e-01   2.21703e-03          0    a    1    0
  2  -1.72808e-01   4.38819e-03          0    a    1    0
  3  -3.87708e+00   3.92598e-05          0    b    1    0
  4  -2.94964e-01   2.19432e-03        872    b    1    0
------------------------------------------------------------
 Total error:                            5.38419e-03    0
============================================================


============================================================
                    Energy                 Update      Done 
------------------------------------------------------------
 Orbital      -8.536903323315862e+00    -8.53690e+00    1
 Kinetic       1.513795434008605e+01     1.51380e+01    1
 N-E          -3.793526656519238e+01    -3.79353e+01    1
 Coulomb       9.134691779104674e+00     9.13469e+00    1
 Exchange      0.000000000000000e+00     0.00000e+00    1
 X-C          -3.132457234820000e+00    -3.13246e+00    1
------------------------------------------------------------
 Electronic   -1.679507768082166e+01    -1.67951e+01    1
 Nuclear       1.576574553518947e+00     1.57657e+00    1
------------------------------------------------------------
 Total        -1.521850312730271e+01    -1.52185e+01    1
============================================================


################ Wall time: 3.04935e+02 sec ################




####################### SCF cycle  2 #######################


============================================================
 Current precision                              1.00000e-07
------------------------------------------------------------
 Orbital threshold                              1.00000e-06
 Property threshold                            -1.00000e+00
============================================================


============================================================
                  Digonalizing Fock matrix
------------------------------------------------------------
 Computing Lowdin matrix                        2.25435e-01
 Diagonalizing matrix                           9.43700e-06
 Rotating orbitals                              9.17683e-01
------------------------------------------------------------
                 Wall time: 1.14321e+00 sec 
============================================================


============================================================
                   Calculating SCF energy
------------------------------------------------------------
 Nuclear energy                       1.576574553518947e+00
 Electronic energy                   -1.679509195055293e+01
------------------------------------------------------------
 Total energy                        -1.521851739703398e+01
------------------------------------------------------------
                 Wall time: 1.79741e+01 sec 
============================================================


============================================================
                Rotating Helmholtz argument
------------------------------------------------------------
 Rotating orbitals                              3.95741e-01
------------------------------------------------------------
                 Wall time: 3.95820e-01 sec 
============================================================


============================================================
                Applying Helmholtz operators
------------------------------------------------------------
 Orb    RealNorm   Nodes     ImagNorm   Nodes     Timing
------------------------------------------------------------
  0    1.00000e+00   744    0.00000e+00     0   7.38378e+01
  4    1.00000e+00   872    0.00000e+00     0   1.01504e+02
------------------------------------------------------------
                 Wall time: 1.75352e+02 sec 
============================================================


============================================================
                 Lowdin orthonormalization
------------------------------------------------------------
 Computing Lowdin matrix                        2.19000e-01
 Rotating orbitals                              9.25578e-01
------------------------------------------------------------
                 Wall time: 1.14466e+00 sec 
============================================================


============================================================
               Iterative subspace accelerator
------------------------------------------------------------
 Push back orbitals                             3.13830e-05
 Copy orbitals                                  7.73637e-02
 Copy orbital updates                           7.72139e-02
------------------------------------------------------------
                 Wall time: 1.54722e-01 sec 
============================================================


============================================================
                 Lowdin orthonormalization
------------------------------------------------------------
 Computing Lowdin matrix                        2.19796e-01
 Rotating orbitals                              5.61223e-01
------------------------------------------------------------
                 Wall time: 7.81094e-01 sec 
============================================================


============================================================
                  Setting up Fock operator
------------------------------------------------------------
 Precision                                      1.00000e-07
------------------------------------------------------------
 Coulomb density                      1096      1.66927e+00
 Coulomb potential                     424      3.77826e+01
 Allreduce potential                   424      1.30789e-01
 XC alpha density                     1160      1.39363e+00
 XC beta density                      1096      1.24068e+00
 XC evaluate xcfun                   10440      3.91928e+01
 XC energy                            1160      1.57128e-04
 XC potential                         2320      1.25409e+00
------------------------------------------------------------
                 Wall time: 8.34617e+01 sec 
============================================================


============================================================
                  Calculating Fock matrix
------------------------------------------------------------
 Kinetic part                         4.261338671000000e+00
 Potential part                       1.872213807600000e+01
------------------------------------------------------------
                 Wall time: 2.29836e+01 sec 
============================================================


============================================================
                          Orbitals
------------------------------------------------------------
 Orb    F(i,i)        Error         nNodes  Spin  Occ  Done 
------------------------------------------------------------
  0  -3.88605e+00   2.12522e-05        744    a    1    0
  1  -3.06050e-01   5.42052e-04          0    a    1    0
  2  -1.72815e-01   1.74376e-03          0    a    1    0
  3  -3.87709e+00   2.10014e-05          0    b    1    0
  4  -2.94970e-01   4.23548e-04        872    b    1    0
------------------------------------------------------------
 Total error:                            1.87479e-03    0
============================================================


============================================================
                    Energy                 Update      Done 
------------------------------------------------------------
 Orbital      -8.536937248226039e+00    -3.39249e-05    1
 Kinetic       1.513794320090572e+01    -1.11392e-05    1
 N-E          -3.793523070586217e+01     3.58593e-05    1
 Coulomb       9.134671166305075e+00    -2.06128e-05    1
 Exchange      0.000000000000000e+00     0.00000e+00    1
 X-C          -3.132453799660892e+00     3.43516e-06    1
------------------------------------------------------------
 Electronic   -1.679509195055293e+01    -1.42697e-05    1
 Nuclear       1.576574553518947e+00     0.00000e+00    1
------------------------------------------------------------
 Total        -1.521851739703398e+01    -1.42697e-05    1
============================================================


################ Wall time: 3.03590e+02 sec ################




####################### SCF cycle  3 #######################


============================================================
 Current precision                              1.00000e-07
------------------------------------------------------------
 Orbital threshold                              1.00000e-06
 Property threshold                            -1.00000e+00
============================================================


============================================================
                   Calculating SCF energy
------------------------------------------------------------
 Nuclear energy                       1.576574553518947e+00
 Electronic energy                   -1.679509411186538e+01
------------------------------------------------------------
 Total energy                        -1.521851955834643e+01
------------------------------------------------------------
                 Wall time: 1.83732e+01 sec 
============================================================


============================================================
                Rotating Helmholtz argument
------------------------------------------------------------
 Rotating orbitals                              7.32001e-01
------------------------------------------------------------
                 Wall time: 7.32090e-01 sec 
============================================================


============================================================
                Applying Helmholtz operators
------------------------------------------------------------
 Orb    RealNorm   Nodes     ImagNorm   Nodes     Timing
------------------------------------------------------------
  0    1.00000e+00   744    0.00000e+00     0   7.48800e+01
  4    1.00000e+00   872    0.00000e+00     0   1.02620e+02
------------------------------------------------------------
                 Wall time: 1.77510e+02 sec 
============================================================


============================================================
                 Lowdin orthonormalization
------------------------------------------------------------
 Computing Lowdin matrix                        2.19290e-01
 Rotating orbitals                              9.34482e-01
------------------------------------------------------------
                 Wall time: 1.15387e+00 sec 
============================================================


============================================================
               Iterative subspace accelerator
------------------------------------------------------------
 Push back orbitals                             3.24780e-05
 Setup linear system                            2.17515e-01
 Solve linear system                            1.19800e-05
 Expand solution                                5.49380e-01
------------------------------------------------------------
                 Wall time: 7.67069e-01 sec 
============================================================


============================================================
                 Lowdin orthonormalization
------------------------------------------------------------
 Computing Lowdin matrix                        3.24181e-01
 Rotating orbitals                              1.02956e+00
------------------------------------------------------------
                 Wall time: 1.35383e+00 sec 
============================================================


============================================================
                  Setting up Fock operator
------------------------------------------------------------
 Precision                                      1.00000e-07
------------------------------------------------------------
 Coulomb density                      1096      1.73183e+00
 Coulomb potential                     424      3.80643e+01
 Allreduce potential                   424      1.29804e-01
 XC alpha density                     1160      1.42441e+00
 XC beta density                      1096      1.24176e+00
 XC evaluate xcfun                   10440      3.90784e+01
 XC energy                            1160      1.74130e-04
 XC potential                         2320      1.28499e+00
------------------------------------------------------------
                 Wall time: 8.37481e+01 sec 
============================================================


============================================================
                  Calculating Fock matrix
------------------------------------------------------------
 Kinetic part                         4.289286220000000e+00
 Potential part                       1.886795453700000e+01
------------------------------------------------------------
                 Wall time: 2.31574e+01 sec 
============================================================


============================================================
                          Orbitals
------------------------------------------------------------
 Orb    F(i,i)        Error         nNodes  Spin  Occ  Done 
------------------------------------------------------------
  0  -3.88606e+00   3.46554e-05        760    a    1    0
  1  -3.06053e-01   4.22911e-04          0    a    1    0
  2  -1.72819e-01   1.95625e-03          0    a    1    0
  3  -3.87710e+00   3.50997e-05          0    b    1    0
  4  -2.94972e-01   1.83768e-04        872    b    1    0
------------------------------------------------------------
 Total error:                            2.01047e-03    0
============================================================


============================================================
                    Energy                 Update      Done 
------------------------------------------------------------
 Orbital      -8.536978616923165e+00    -4.13687e-05    1
 Kinetic       1.513791748016939e+01    -2.57207e-05    1
 N-E          -3.793516717175385e+01     6.35341e-05    1
 Coulomb       9.134629346002640e+00    -4.18203e-05    1
 Exchange      0.000000000000000e+00     0.00000e+00    1
 X-C          -3.132445217884939e+00     8.58178e-06    1
------------------------------------------------------------
 Electronic   -1.679509411186538e+01    -2.16131e-06    1
 Nuclear       1.576574553518947e+00     0.00000e+00    1
------------------------------------------------------------
 Total        -1.521851955834643e+01    -2.16131e-06    1
============================================================


################ Wall time: 3.07078e+02 sec ################




####################### SCF cycle  4 #######################


============================================================
 Current precision                              1.00000e-07
------------------------------------------------------------
 Orbital threshold                              1.00000e-06
 Property threshold                            -1.00000e+00
============================================================


============================================================
                   Calculating SCF energy
------------------------------------------------------------
 Nuclear energy                       1.576574553518947e+00
 Electronic energy                   -1.679509557408168e+01
------------------------------------------------------------
 Total energy                        -1.521852102056273e+01
------------------------------------------------------------
                 Wall time: 1.91338e+01 sec 
============================================================


============================================================
                Rotating Helmholtz argument
------------------------------------------------------------
 Rotating orbitals                              7.19993e-01
------------------------------------------------------------
                 Wall time: 7.20085e-01 sec 
============================================================


============================================================
                Applying Helmholtz operators
------------------------------------------------------------
 Orb    RealNorm   Nodes     ImagNorm   Nodes     Timing
------------------------------------------------------------
  0    1.00000e+00   744    0.00000e+00     0   7.75289e+01
  4    1.00000e+00   872    0.00000e+00     0   1.04590e+02
------------------------------------------------------------
                 Wall time: 1.82120e+02 sec 
============================================================


============================================================
                 Lowdin orthonormalization
------------------------------------------------------------
 Computing Lowdin matrix                        2.23456e-01
 Rotating orbitals                              9.67729e-01
------------------------------------------------------------
                 Wall time: 1.19127e+00 sec 
============================================================


============================================================
               Iterative subspace accelerator
------------------------------------------------------------
 Push back orbitals                             2.02309e-02
 Setup linear system                            6.74526e-01
 Solve linear system                            1.45130e-05
 Expand solution                                9.61035e-01
------------------------------------------------------------
                 Wall time: 1.65596e+00 sec 
============================================================


============================================================
                 Lowdin orthonormalization
------------------------------------------------------------
 Computing Lowdin matrix                        3.85809e-01
 Rotating orbitals                              1.10156e+00
------------------------------------------------------------
                 Wall time: 1.48746e+00 sec 
============================================================


============================================================
                  Setting up Fock operator
------------------------------------------------------------
 Precision                                      1.00000e-07
------------------------------------------------------------
 Coulomb density                      1096      1.76382e+00
 Coulomb potential                     424      3.89848e+01
 Allreduce potential                   424      1.28810e-01
 XC alpha density                     1160      1.44527e+00
 XC beta density                      1096      1.27194e+00
 XC evaluate xcfun                   10440      3.99946e+01
 XC energy                            1160      1.63475e-04
 XC potential                         2320      1.31095e+00
------------------------------------------------------------
                 Wall time: 8.57160e+01 sec 
============================================================


============================================================
                  Calculating Fock matrix
------------------------------------------------------------
 Kinetic part                         4.344036663000000e+00
 Potential part                       1.934225192900000e+01
------------------------------------------------------------
                 Wall time: 2.36864e+01 sec 
============================================================


============================================================
                          Orbitals
------------------------------------------------------------
 Orb    F(i,i)        Error         nNodes  Spin  Occ  Done 
------------------------------------------------------------
  0  -3.88606e+00   2.56630e-05        760    a    1    0
  1  -3.06052e-01   2.76113e-04          0    a    1    0
  2  -1.72820e-01   1.97046e-03          0    a    1    0
  3  -3.87710e+00   2.87528e-05          0    b    1    0
  4  -2.94971e-01   2.77681e-04        872    b    1    0
------------------------------------------------------------
 Total error:                            2.00937e-03    0
============================================================


============================================================
                    Energy                 Update      Done 
------------------------------------------------------------
 Orbital      -8.537007081837631e+00    -2.84649e-05    1
 Kinetic       1.513790179618174e+01    -1.56840e-05    1
 N-E          -3.793512400087842e+01     4.31709e-05    1
 Coulomb       9.134600668982825e+00    -2.86770e-05    1
 Exchange      0.000000000000000e+00     0.00000e+00    1
 X-C          -3.132439866265457e+00     5.35162e-06    1
------------------------------------------------------------
 Electronic   -1.679509557408168e+01    -1.46222e-06    1
 Nuclear       1.576574553518947e+00     0.00000e+00    1
------------------------------------------------------------
 Total        -1.521852102056273e+01    -1.46222e-06    1
============================================================


################ Wall time: 3.16059e+02 sec ################




####################### SCF cycle  5 #######################


============================================================
 Current precision                              1.00000e-07
------------------------------------------------------------
 Orbital threshold                              1.00000e-06
 Property threshold                            -1.00000e+00
============================================================


============================================================
                   Calculating SCF energy
------------------------------------------------------------
 Nuclear energy                       1.576574553518947e+00
 Electronic energy                   -1.679509654759673e+01
------------------------------------------------------------
 Total energy                        -1.521852199407778e+01
------------------------------------------------------------
                 Wall time: 1.95931e+01 sec 
============================================================


============================================================
                Rotating Helmholtz argument
------------------------------------------------------------
 Rotating orbitals                              7.33799e-01
------------------------------------------------------------
                 Wall time: 7.33887e-01 sec 
============================================================


============================================================
                Applying Helmholtz operators
------------------------------------------------------------
 Orb    RealNorm   Nodes     ImagNorm   Nodes     Timing
------------------------------------------------------------
  0    1.00000e+00   744    0.00000e+00     0   7.68935e+01
  4    1.00000e+00   872    0.00000e+00     0   1.03619e+02
------------------------------------------------------------
                 Wall time: 1.80513e+02 sec 
============================================================


============================================================
                 Lowdin orthonormalization
------------------------------------------------------------
 Computing Lowdin matrix                        2.18863e-01
 Rotating orbitals                              9.54128e-01
------------------------------------------------------------
                 Wall time: 1.17308e+00 sec 
============================================================


============================================================
               Iterative subspace accelerator
------------------------------------------------------------
 Push back orbitals                             2.05136e-02
 Setup linear system                            1.33423e+00
 Solve linear system                            9.74100e-06
 Expand solution                                1.49926e+00
------------------------------------------------------------
                 Wall time: 2.85418e+00 sec 
============================================================


============================================================
                 Lowdin orthonormalization
------------------------------------------------------------
 Computing Lowdin matrix                        4.91959e-01
 Rotating orbitals                              1.27699e+00
------------------------------------------------------------
                 Wall time: 1.76903e+00 sec 
============================================================


============================================================
                  Setting up Fock operator
------------------------------------------------------------
 Precision                                      1.00000e-07
------------------------------------------------------------
 Coulomb density                      1096      1.78151e+00
 Coulomb potential                     424      3.91785e+01
 Allreduce potential                   424      1.32552e-01
 XC alpha density                     1160      1.45278e+00
 XC beta density                      1096      1.24662e+00
 XC evaluate xcfun                   10440      4.00643e+01
 XC energy                            1160      1.58629e-04
 XC potential                         2320      1.32436e+00
------------------------------------------------------------
                 Wall time: 8.59980e+01 sec 
============================================================


============================================================
                  Calculating Fock matrix
------------------------------------------------------------
 Kinetic part                         4.380812556000000e+00
 Potential part                       1.946177912000000e+01
------------------------------------------------------------
                 Wall time: 2.38427e+01 sec 
============================================================


============================================================
                          Orbitals
------------------------------------------------------------
 Orb    F(i,i)        Error         nNodes  Spin  Occ  Done 
------------------------------------------------------------
  0  -3.88606e+00   4.88826e-06        760    a    1    0
  1  -3.06052e-01   4.63748e-05          0    a    1    0
  2  -1.72820e-01   1.09238e-03          0    a    1    0
  3  -3.87710e+00   3.91960e-06          0    b    1    0
  4  -2.94971e-01   2.11693e-04        872    b    1    0
------------------------------------------------------------
 Total error:                            1.11369e-03    0
============================================================


============================================================
                    Energy                 Update      Done 
------------------------------------------------------------
 Orbital      -8.537008641404025e+00    -1.55957e-06    1
 Kinetic       1.513789848386217e+01    -3.31232e-06    1
 N-E          -3.793511822392536e+01     5.77695e-06    1
 Coulomb       9.134600103288262e+00    -5.65695e-07    1
 Exchange      0.000000000000000e+00     0.00000e+00    1
 X-C          -3.132439986426583e+00    -1.20161e-07    1
------------------------------------------------------------
 Electronic   -1.679509654759673e+01    -9.73515e-07    1
 Nuclear       1.576574553518947e+00     0.00000e+00    1
------------------------------------------------------------
 Total        -1.521852199407778e+01    -9.73515e-07    1
============================================================


################ Wall time: 3.16919e+02 sec ################




####################### SCF cycle  6 #######################


============================================================
 Current precision                              1.00000e-07
------------------------------------------------------------
 Orbital threshold                              1.00000e-06
 Property threshold                            -1.00000e+00
============================================================


============================================================
                   Calculating SCF energy
------------------------------------------------------------
 Nuclear energy                       1.576574553518947e+00
 Electronic energy                   -1.679509681224409e+01
------------------------------------------------------------
 Total energy                        -1.521852225872514e+01
------------------------------------------------------------
                 Wall time: 1.98757e+01 sec 
============================================================


============================================================
                Rotating Helmholtz argument
------------------------------------------------------------
 Rotating orbitals                              7.41309e-01
------------------------------------------------------------
                 Wall time: 7.41402e-01 sec 
============================================================


============================================================
                Applying Helmholtz operators
------------------------------------------------------------
 Orb    RealNorm   Nodes     ImagNorm   Nodes     Timing
------------------------------------------------------------
  0    1.00000e+00   744    0.00000e+00     0   7.89784e+01
  4    1.00000e+00   872    0.00000e+00     0   1.07579e+02
------------------------------------------------------------
                 Wall time: 1.86558e+02 sec 
============================================================


============================================================
                 Lowdin orthonormalization
------------------------------------------------------------
 Computing Lowdin matrix                        2.21453e-01
 Rotating orbitals                              9.50635e-01
------------------------------------------------------------
                 Wall time: 1.17217e+00 sec 
============================================================


============================================================
               Iterative subspace accelerator
------------------------------------------------------------
 Push back orbitals                             2.92243e-02
 Setup linear system                            1.33546e+00
 Solve linear system                            9.78800e-06
 Expand solution                                1.74735e+00
------------------------------------------------------------
                 Wall time: 3.11220e+00 sec 
============================================================


============================================================
                 Lowdin orthonormalization
------------------------------------------------------------
 Computing Lowdin matrix                        5.27871e-01
 Rotating orbitals                              1.28414e+00
------------------------------------------------------------
                 Wall time: 1.81212e+00 sec 
============================================================


============================================================
                  Setting up Fock operator
------------------------------------------------------------
 Precision                                      1.00000e-07
------------------------------------------------------------
 Coulomb density                      1096      1.73813e+00
 Coulomb potential                     424      3.91076e+01
 Allreduce potential                   424      1.31993e-01
 XC alpha density                     1160      1.49291e+00
 XC beta density                      1096      1.28192e+00
 XC evaluate xcfun                   10440      3.92610e+01
 XC energy                            1160      1.69928e-04
 XC potential                         2320      1.30651e+00
------------------------------------------------------------
                 Wall time: 8.51551e+01 sec 
============================================================


============================================================
                  Calculating Fock matrix
------------------------------------------------------------
 Kinetic part                         4.408679196000000e+00
 Potential part                       2.019060760800000e+01
------------------------------------------------------------
                 Wall time: 2.45994e+01 sec 
============================================================


============================================================
                          Orbitals
------------------------------------------------------------
 Orb    F(i,i)        Error         nNodes  Spin  Occ  Done 
------------------------------------------------------------
  0  -3.88606e+00   1.04796e-06        760    a    1    0
  1  -3.06051e-01   3.24346e-05          0    a    1    0
  2  -1.72820e-01   2.22925e-04          0    a    1    0
  3  -3.87710e+00   1.98125e-06          0    b    1    0
  4  -2.94970e-01   8.91603e-05        872    b    1    0
------------------------------------------------------------
 Total error:                            2.42285e-04    0
============================================================


============================================================
                    Energy                 Update      Done 
------------------------------------------------------------
 Orbital      -8.537006937608336e+00     1.70380e-06    1
 Kinetic       1.513789408362251e+01    -4.40024e-06    1
 N-E          -3.793511458286951e+01     3.64106e-06    1
 Coulomb       9.134602231846292e+00     2.12856e-06    1
 Exchange      0.000000000000000e+00     0.00000e+00    1
 X-C          -3.132440370953122e+00    -3.84527e-07    1
------------------------------------------------------------
 Electronic   -1.679509681224409e+01    -2.64647e-07    1
 Nuclear       1.576574553518947e+00     0.00000e+00    1
------------------------------------------------------------
 Total        -1.521852225872514e+01    -2.64647e-07    1
============================================================


################ Wall time: 3.23498e+02 sec ################




####################### SCF cycle  7 #######################


============================================================
 Current precision                              1.00000e-07
------------------------------------------------------------
 Orbital threshold                              1.00000e-06
 Property threshold                            -1.00000e+00
============================================================


============================================================
                   Calculating SCF energy
------------------------------------------------------------
 Nuclear energy                       1.576574553518947e+00
 Electronic energy                   -1.679509683682161e+01
------------------------------------------------------------
 Total energy                        -1.521852228330266e+01
------------------------------------------------------------
                 Wall time: 2.02049e+01 sec 
============================================================


============================================================
                Rotating Helmholtz argument
------------------------------------------------------------
 Rotating orbitals                              7.54175e-01
------------------------------------------------------------
                 Wall time: 7.54266e-01 sec 
============================================================


============================================================
                Applying Helmholtz operators
------------------------------------------------------------
 Orb    RealNorm   Nodes     ImagNorm   Nodes     Timing
------------------------------------------------------------
  0    1.00000e+00   744    0.00000e+00     0   8.07401e+01
  4    1.00000e+00   872    0.00000e+00     0   1.07894e+02
------------------------------------------------------------
                 Wall time: 1.88634e+02 sec 
============================================================


============================================================
                 Lowdin orthonormalization
------------------------------------------------------------
 Computing Lowdin matrix                        2.22002e-01
 Rotating orbitals                              9.53956e-01
------------------------------------------------------------
                 Wall time: 1.17604e+00 sec 
============================================================


============================================================
               Iterative subspace accelerator
------------------------------------------------------------
 Push back orbitals                             2.98279e-02
 Setup linear system                            1.34307e+00
 Solve linear system                            9.49500e-06
 Expand solution                                1.87094e+00
------------------------------------------------------------
                 Wall time: 3.24401e+00 sec 
============================================================


============================================================
                 Lowdin orthonormalization
------------------------------------------------------------
 Computing Lowdin matrix                        4.78890e-01
 Rotating orbitals                              1.19618e+00
------------------------------------------------------------
                 Wall time: 1.67515e+00 sec 
============================================================


============================================================
                  Setting up Fock operator
------------------------------------------------------------
 Precision                                      1.00000e-07
------------------------------------------------------------
 Coulomb density                      1096      1.90750e+00
 Coulomb potential                     424      4.09957e+01
 Allreduce potential                   424      1.38239e-01
 XC alpha density                     1160      1.42282e+00
 XC beta density                      1096      1.36893e+00
 XC evaluate xcfun                   10440      4.01622e+01
 XC energy                            1160      1.67083e-04
 XC potential                         2320      1.31224e+00
------------------------------------------------------------
                 Wall time: 8.81570e+01 sec 
============================================================


============================================================
                  Calculating Fock matrix
------------------------------------------------------------
 Kinetic part                         4.507777318000000e+00
 Potential part                       2.057516288000000e+01
------------------------------------------------------------
                 Wall time: 2.50831e+01 sec 
============================================================


============================================================
                          Orbitals
------------------------------------------------------------
 Orb    F(i,i)        Error         nNodes  Spin  Occ  Done 
------------------------------------------------------------
  0  -3.88606e+00   5.80271e-07        760    a    1    1
  1  -3.06051e-01   6.76271e-05          0    a    1    0
  2  -1.72820e-01   1.52593e-04          0    a    1    0
  3  -3.87711e+00   1.26809e-06          0    b    1    0
  4  -2.94970e-01   1.28213e-04        872    b    1    0
------------------------------------------------------------
 Total error:                            2.10472e-04    0
============================================================


============================================================
                    Energy                 Update      Done 
------------------------------------------------------------
 Orbital      -8.537006948262224e+00    -1.06539e-08    1
 Kinetic       1.513789424860603e+01     1.64984e-07    1
 N-E          -3.793511441008030e+01     1.72789e-07    1
 Coulomb       9.134602307893369e+00     7.60471e-08    1
 Exchange      0.000000000000000e+00     0.00000e+00    1
 X-C          -3.132440584836221e+00    -2.13883e-07    1
------------------------------------------------------------
 Electronic   -1.679509683682161e+01    -2.45775e-08    1
 Nuclear       1.576574553518947e+00     0.00000e+00    1
------------------------------------------------------------
 Total        -1.521852228330266e+01    -2.45775e-08    1
============================================================


################ Wall time: 3.29373e+02 sec ################




####################### SCF cycle  8 #######################


============================================================
 Current precision                              1.00000e-07
------------------------------------------------------------
 Orbital threshold                              1.00000e-06
 Property threshold                            -1.00000e+00
============================================================


============================================================
                   Calculating SCF energy
------------------------------------------------------------
 Nuclear energy                       1.576574553518947e+00
 Electronic energy                   -1.679509684585853e+01
------------------------------------------------------------
 Total energy                        -1.521852229233958e+01
------------------------------------------------------------
                 Wall time: 2.04205e+01 sec 
============================================================


============================================================
                Rotating Helmholtz argument
------------------------------------------------------------
 Rotating orbitals                              7.50390e-01
------------------------------------------------------------
                 Wall time: 7.50486e-01 sec 
============================================================


============================================================
                Applying Helmholtz operators
------------------------------------------------------------
 Orb    RealNorm   Nodes     ImagNorm   Nodes     Timing
------------------------------------------------------------
  0    1.00000e+00   744    0.00000e+00     0   8.12022e+01
  4    1.00000e+00   872    0.00000e+00     0   1.10569e+02
------------------------------------------------------------
                 Wall time: 1.91772e+02 sec 
============================================================


============================================================
                 Lowdin orthonormalization
------------------------------------------------------------
 Computing Lowdin matrix                        2.21589e-01
 Rotating orbitals                              9.66511e-01
------------------------------------------------------------
                 Wall time: 1.18818e+00 sec 
============================================================


============================================================
               Iterative subspace accelerator
------------------------------------------------------------
 Push back orbitals                             2.97018e-02
 Setup linear system                            1.36019e+00
 Solve linear system                            9.28700e-06
 Expand solution                                2.13319e+00
------------------------------------------------------------
                 Wall time: 3.52325e+00 sec 
============================================================


============================================================
                 Lowdin orthonormalization
------------------------------------------------------------
 Computing Lowdin matrix                        5.56670e-01
 Rotating orbitals                              1.34229e+00
------------------------------------------------------------
                 Wall time: 1.89906e+00 sec 
============================================================


============================================================
                  Setting up Fock operator
------------------------------------------------------------
 Precision                                      1.00000e-07
------------------------------------------------------------
 Coulomb density                      1096      1.93451e+00
 Coulomb potential                     424      4.17709e+01
 Allreduce potential                   424      1.36847e-01
 XC alpha density                     1160      1.49884e+00
 XC beta density                      1096      1.36577e+00
 XC evaluate xcfun                   10440      4.02444e+01
 XC energy                            1160      1.63776e-04
 XC potential                         2320      1.32630e+00
------------------------------------------------------------
                 Wall time: 8.91282e+01 sec 
============================================================


============================================================
                  Calculating Fock matrix
------------------------------------------------------------
 Kinetic part                         4.408791869000000e+00
 Potential part                       2.051488333800000e+01
------------------------------------------------------------
                 Wall time: 2.49238e+01 sec 
============================================================


============================================================
                          Orbitals
------------------------------------------------------------
 Orb    F(i,i)        Error         nNodes  Spin  Occ  Done 
------------------------------------------------------------
  0  -3.88606e+00   8.99336e-07        760    a    1    1
  1  -3.06051e-01   8.68715e-06          0    a    1    0
  2  -1.72820e-01   8.67929e-05          0    a    1    0
  3  -3.87711e+00   1.40026e-06          0    b    1    0
  4  -2.94970e-01   4.19160e-06        872    b    1    0
------------------------------------------------------------
 Total error:                            8.73430e-05    0
============================================================


============================================================
                    Energy                 Update      Done 
------------------------------------------------------------
 Orbital      -8.537007602851009e+00    -6.54589e-07    1
 Kinetic       1.513789482276982e+01     5.74164e-07    1
 N-E          -3.793511419173250e+01     2.18348e-07    1
 Coulomb       9.134601686161940e+00    -6.21731e-07    1
 Exchange      0.000000000000000e+00     0.00000e+00    1
 X-C          -3.132440679118820e+00    -9.42826e-08    1
------------------------------------------------------------
 Electronic   -1.679509684585853e+01    -9.03692e-09    1
 Nuclear       1.576574553518947e+00     0.00000e+00    1
------------------------------------------------------------
 Total        -1.521852229233958e+01    -9.03692e-09    1
============================================================


################ Wall time: 3.34089e+02 sec ################




####################### SCF cycle  9 #######################


============================================================
 Current precision                              1.00000e-07
------------------------------------------------------------
 Orbital threshold                              1.00000e-06
 Property threshold                            -1.00000e+00
============================================================


============================================================
                   Calculating SCF energy
------------------------------------------------------------
 Nuclear energy                       1.576574553518947e+00
 Electronic energy                   -1.679509684781502e+01
------------------------------------------------------------
 Total energy                        -1.521852229429607e+01
------------------------------------------------------------
                 Wall time: 2.03219e+01 sec 
============================================================


============================================================
                Rotating Helmholtz argument
------------------------------------------------------------
 Rotating orbitals                              7.54605e-01
------------------------------------------------------------
                 Wall time: 7.54694e-01 sec 
============================================================


============================================================
                Applying Helmholtz operators
------------------------------------------------------------
 Orb    RealNorm   Nodes     ImagNorm   Nodes     Timing
------------------------------------------------------------
  0    1.00000e+00   744    0.00000e+00     0   8.37762e+01
  4    1.00000e+00   872    0.00000e+00     0   1.13517e+02
------------------------------------------------------------
                 Wall time: 1.97305e+02 sec 
============================================================


============================================================
                 Lowdin orthonormalization
------------------------------------------------------------
 Computing Lowdin matrix                        2.21372e-01
 Rotating orbitals                              9.20204e-01
------------------------------------------------------------
                 Wall time: 1.14166e+00 sec 
============================================================


============================================================
               Iterative subspace accelerator
------------------------------------------------------------
 Push back orbitals                             2.96591e-02
 Setup linear system                            1.38722e+00
 Solve linear system                            9.44000e-06
 Expand solution                                2.03410e+00
------------------------------------------------------------
                 Wall time: 3.45115e+00 sec 
============================================================


============================================================
                 Lowdin orthonormalization
------------------------------------------------------------
 Computing Lowdin matrix                        5.54771e-01
 Rotating orbitals                              1.33877e+00
------------------------------------------------------------
                 Wall time: 1.89363e+00 sec 
============================================================


============================================================
                  Setting up Fock operator
------------------------------------------------------------
 Precision                                      1.00000e-07
------------------------------------------------------------
 Coulomb density                      1096      1.90834e+00
 Coulomb potential                     424      4.24432e+01
 Allreduce potential                   424      1.35983e-01
 XC alpha density                     1160      1.46998e+00
 XC beta density                      1096      1.40797e+00
 XC evaluate xcfun                   10440      4.06872e+01
 XC energy                            1160      1.59269e-04
 XC potential                         2320      1.34223e+00
------------------------------------------------------------
                 Wall time: 9.02427e+01 sec 
============================================================


============================================================
                  Calculating Fock matrix
------------------------------------------------------------
 Kinetic part                         4.480606241000000e+00
 Potential part                       2.103488720700000e+01
------------------------------------------------------------
                 Wall time: 2.55156e+01 sec 
============================================================


============================================================
                          Orbitals
------------------------------------------------------------
 Orb    F(i,i)        Error         nNodes  Spin  Occ  Done 
------------------------------------------------------------
  0  -3.88606e+00   2.34433e-07        760    a    1    1
  1  -3.06051e-01   1.63471e-06          0    a    1    0
  2  -1.72820e-01   8.94756e-06          0    a    1    0
  3  -3.87711e+00   2.66633e-07          0    b    1    1
  4  -2.94970e-01   2.29420e-06        872    b    1    0
------------------------------------------------------------
 Total error:                            9.38725e-06    0
============================================================


============================================================
                    Energy                 Update      Done 
------------------------------------------------------------
 Orbital      -8.537007676368342e+00    -7.35173e-08    1
 Kinetic       1.513789473494607e+01    -8.78237e-08    1
 N-E          -3.793511422570149e+01    -3.39690e-08    1
 Coulomb       9.134601589681889e+00    -9.64801e-08    1
 Exchange      0.000000000000000e+00     0.00000e+00    1
 X-C          -3.132440586169341e+00     9.29495e-08    1
------------------------------------------------------------
 Electronic   -1.679509684781502e+01    -1.95649e-09    1
 Nuclear       1.576574553518947e+00     0.00000e+00    1
------------------------------------------------------------
 Total        -1.521852229429607e+01    -1.95649e-09    1
============================================================


################ Wall time: 3.41115e+02 sec ################




####################### SCF cycle 10 #######################


============================================================
 Current precision                              1.00000e-07
------------------------------------------------------------
 Orbital threshold                              1.00000e-06
 Property threshold                            -1.00000e+00
============================================================


============================================================
                   Calculating SCF energy
------------------------------------------------------------
 Nuclear energy                       1.576574553518947e+00
 Electronic energy                   -1.679509684783104e+01
------------------------------------------------------------
 Total energy                        -1.521852229431209e+01
------------------------------------------------------------
                 Wall time: 2.13431e+01 sec 
============================================================


============================================================
                Rotating Helmholtz argument
------------------------------------------------------------
 Rotating orbitals                              7.77084e-01
------------------------------------------------------------
                 Wall time: 7.77186e-01 sec 
============================================================


============================================================
                Applying Helmholtz operators
------------------------------------------------------------
 Orb    RealNorm   Nodes     ImagNorm   Nodes     Timing
------------------------------------------------------------
  0    1.00000e+00   744    0.00000e+00     0   8.35980e+01
  4    1.00000e+00   872    0.00000e+00     0   1.11158e+02
------------------------------------------------------------
                 Wall time: 1.94767e+02 sec 
============================================================


============================================================
                 Lowdin orthonormalization
------------------------------------------------------------
 Computing Lowdin matrix                        2.21042e-01
 Rotating orbitals                              9.31192e-01
------------------------------------------------------------
                 Wall time: 1.15232e+00 sec 
============================================================


============================================================
               Iterative subspace accelerator
------------------------------------------------------------
 Push back orbitals                             2.92223e-02
 Setup linear system                            1.39181e+00
 Solve linear system                            9.50700e-06
 Expand solution                                1.90626e+00
------------------------------------------------------------
                 Wall time: 3.32746e+00 sec 
============================================================


============================================================
                 Lowdin orthonormalization
------------------------------------------------------------
 Computing Lowdin matrix                        5.15258e-01
 Rotating orbitals                              1.30987e+00
------------------------------------------------------------
                 Wall time: 1.82523e+00 sec 
============================================================


============================================================
                  Setting up Fock operator
------------------------------------------------------------
 Precision                                      1.00000e-07
------------------------------------------------------------
 Coulomb density                      1096      1.88320e+00
 Coulomb potential                     424      4.08236e+01
 Allreduce potential                   424      1.35660e-01
 XC alpha density                     1160      1.49887e+00
 XC beta density                      1096      1.36523e+00
 XC evaluate xcfun                   10440      3.89345e+01
 XC energy                            1160      1.85069e-04
 XC potential                         2320      1.34146e+00
------------------------------------------------------------
                 Wall time: 8.68045e+01 sec 
============================================================


============================================================
                  Calculating Fock matrix
------------------------------------------------------------
 Kinetic part                         4.480770090000000e+00
 Potential part                       2.075532870900000e+01
------------------------------------------------------------
                 Wall time: 2.52362e+01 sec 
============================================================


============================================================
                          Orbitals
------------------------------------------------------------
 Orb    F(i,i)        Error         nNodes  Spin  Occ  Done 
------------------------------------------------------------
  0  -3.88606e+00   7.37970e-08        760    a    1    1
  1  -3.06051e-01   9.18613e-07          0    a    1    1
  2  -1.72820e-01   4.33244e-06          0    a    1    0
  3  -3.87711e+00   5.76794e-08          0    b    1    1
  4  -2.94970e-01   3.02839e-06        872    b    1    0
------------------------------------------------------------
 Total error:                            5.36598e-06    0
============================================================


============================================================
                    Energy                 Update      Done 
------------------------------------------------------------
 Orbital      -8.537007657375328e+00     1.89930e-08    1
 Kinetic       1.513789467336924e+01    -6.15768e-08    1
 N-E          -3.793511420875706e+01     1.69444e-08    1
 Coulomb       9.134601606120579e+00     1.64387e-08    1
 Exchange      0.000000000000000e+00     0.00000e+00    1
 X-C          -3.132440575960118e+00     1.02092e-08    1
------------------------------------------------------------
 Electronic   -1.679509684783104e+01    -1.60227e-11    1
 Nuclear       1.576574553518947e+00     0.00000e+00    1
------------------------------------------------------------
 Total        -1.521852229431209e+01    -1.60227e-11    1
============================================================


################ Wall time: 3.35676e+02 sec ################




####################### SCF cycle 11 #######################


============================================================
 Current precision                              1.00000e-07
------------------------------------------------------------
 Orbital threshold                              1.00000e-06
 Property threshold                            -1.00000e+00
============================================================


============================================================
                   Calculating SCF energy
------------------------------------------------------------
 Nuclear energy                       1.576574553518947e+00
 Electronic energy                   -1.679509684784411e+01
------------------------------------------------------------
 Total energy                        -1.521852229432516e+01
------------------------------------------------------------
                 Wall time: 2.03223e+01 sec 
============================================================


============================================================
                Rotating Helmholtz argument
------------------------------------------------------------
 Rotating orbitals                              7.49595e-01
------------------------------------------------------------
                 Wall time: 7.49691e-01 sec 
============================================================


============================================================
                Applying Helmholtz operators
------------------------------------------------------------
 Orb    RealNorm   Nodes     ImagNorm   Nodes     Timing
------------------------------------------------------------
  0    1.00000e+00   744    0.00000e+00     0   8.37186e+01
  4    1.00000e+00   872    0.00000e+00     0   1.12960e+02
------------------------------------------------------------
                 Wall time: 1.96687e+02 sec 
============================================================


============================================================
                 Lowdin orthonormalization
------------------------------------------------------------
 Computing Lowdin matrix                        2.23262e-01
 Rotating orbitals                              9.48594e-01
------------------------------------------------------------
                 Wall time: 1.17194e+00 sec 
============================================================


============================================================
               Iterative subspace accelerator
------------------------------------------------------------
 Push back orbitals                             2.96748e-02
 Setup linear system                            1.37138e+00
 Solve linear system                            9.72100e-06
 Expand solution                                1.91409e+00
------------------------------------------------------------
                 Wall time: 3.31530e+00 sec 
============================================================


============================================================
                 Lowdin orthonormalization
------------------------------------------------------------
 Computing Lowdin matrix                        4.90808e-01
 Rotating orbitals                              1.24536e+00
------------------------------------------------------------
                 Wall time: 1.73626e+00 sec 
============================================================


============================================================
                  Setting up Fock operator
------------------------------------------------------------
 Precision                                      1.00000e-07
------------------------------------------------------------
 Coulomb density                      1096      1.87715e+00
 Coulomb potential                     424      4.00634e+01
 Allreduce potential                   424      1.35861e-01
 XC alpha density                     1160      1.42957e+00
 XC beta density                      1096      1.33847e+00
 XC evaluate xcfun                   10440      3.95091e+01
 XC energy                            1160      1.68283e-04
 XC potential                         2320      1.32605e+00
------------------------------------------------------------
                 Wall time: 8.65081e+01 sec 
============================================================


============================================================
                  Calculating Fock matrix
------------------------------------------------------------
 Kinetic part                         4.438258513000000e+00
 Potential part                       2.021122905900000e+01
------------------------------------------------------------
                 Wall time: 2.46496e+01 sec 
============================================================


============================================================
                          Orbitals
------------------------------------------------------------
 Orb    F(i,i)        Error         nNodes  Spin  Occ  Done 
------------------------------------------------------------
  0  -3.88606e+00   1.60243e-08        760    a    1    1
  1  -3.06051e-01   4.76563e-07          0    a    1    1
  2  -1.72820e-01   1.61118e-06          0    a    1    0
  3  -3.87711e+00   1.94140e-08          0    b    1    1
  4  -2.94970e-01   1.43673e-06        872    b    1    0
------------------------------------------------------------
 Total error:                            2.21085e-06    0
============================================================


============================================================
                    Energy                 Update      Done 
------------------------------------------------------------
 Orbital      -8.537007623747318e+00     3.36280e-08    1
 Kinetic       1.513789467928999e+01     5.92075e-09    1
 N-E          -3.793511424253478e+01    -3.37777e-08    1
 Coulomb       9.134601641781407e+00     3.56608e-08    1
 Exchange      0.000000000000000e+00     0.00000e+00    1
 X-C          -3.132440582620135e+00    -6.66002e-09    1
------------------------------------------------------------
 Electronic   -1.679509684784411e+01    -1.30669e-11    1
 Nuclear       1.576574553518947e+00     0.00000e+00    1
------------------------------------------------------------
 Total        -1.521852229432516e+01    -1.30669e-11    1
============================================================


################ Wall time: 3.35568e+02 sec ################




####################### SCF cycle 12 #######################


============================================================
 Current precision                              1.00000e-07
------------------------------------------------------------
 Orbital threshold                              1.00000e-06
 Property threshold                            -1.00000e+00
============================================================


============================================================
                   Calculating SCF energy
------------------------------------------------------------
 Nuclear energy                       1.576574553518947e+00
 Electronic energy                   -1.679509684784566e+01
------------------------------------------------------------
 Total energy                        -1.521852229432671e+01
------------------------------------------------------------
                 Wall time: 2.02554e+01 sec 
============================================================


============================================================
                Rotating Helmholtz argument
------------------------------------------------------------
 Rotating orbitals                              7.55601e-01
------------------------------------------------------------
                 Wall time: 7.55709e-01 sec 
============================================================


============================================================
                Applying Helmholtz operators
------------------------------------------------------------
 Orb    RealNorm   Nodes     ImagNorm   Nodes     Timing
------------------------------------------------------------
  0    1.00000e+00   744    0.00000e+00     0   8.04095e+01
  4    1.00000e+00   872    0.00000e+00     0   1.06703e+02
------------------------------------------------------------
                 Wall time: 1.87125e+02 sec 
============================================================


============================================================
                 Lowdin orthonormalization
------------------------------------------------------------
 Computing Lowdin matrix                        2.20846e-01
 Rotating orbitals                              9.26932e-01
------------------------------------------------------------
                 Wall time: 1.14787e+00 sec 
============================================================


============================================================
               Iterative subspace accelerator
------------------------------------------------------------
 Push back orbitals                             2.95730e-02
 Setup linear system                            1.37766e+00
 Solve linear system                            9.47900e-06
 Expand solution                                1.86499e+00
------------------------------------------------------------
                 Wall time: 3.27240e+00 sec 
============================================================


============================================================
                 Lowdin orthonormalization
------------------------------------------------------------
 Computing Lowdin matrix                        4.72014e-01
 Rotating orbitals                              1.16478e+00
------------------------------------------------------------
                 Wall time: 1.63688e+00 sec 
============================================================


============================================================
                  Setting up Fock operator
------------------------------------------------------------
 Precision                                      1.00000e-07
------------------------------------------------------------
 Coulomb density                      1096      1.85454e+00
 Coulomb potential                     424      3.85444e+01
 Allreduce potential                   424      1.35616e-01
 XC alpha density                     1160      1.42601e+00
 XC beta density                      1096      1.34191e+00
 XC evaluate xcfun                   10440      3.94035e+01
 XC energy                            1160      1.69435e-04
 XC potential                         2320      1.30709e+00
------------------------------------------------------------
                 Wall time: 8.48310e+01 sec 
============================================================


============================================================
                  Calculating Fock matrix
------------------------------------------------------------
 Kinetic part                         4.405931845000000e+00
 Potential part                       1.971237126900000e+01
------------------------------------------------------------
                 Wall time: 2.41184e+01 sec 
============================================================


============================================================
                          Orbitals
------------------------------------------------------------
 Orb    F(i,i)        Error         nNodes  Spin  Occ  Done 
------------------------------------------------------------
  0  -3.88606e+00   1.67174e-08        760    a    1    1
  1  -3.06051e-01   7.08377e-07          0    a    1    1
  2  -1.72820e-01   5.32004e-07          0    a    1    1
  3  -3.87711e+00   1.28389e-08          0    b    1    1
  4  -2.94970e-01   6.86547e-07        872    b    1    1
------------------------------------------------------------
 Total error:                            1.12099e-06    1
============================================================


============================================================
                    Energy                 Update      Done 
------------------------------------------------------------
 Orbital      -8.537007608631434e+00     1.51159e-08    1
 Kinetic       1.513789469185253e+01     1.25625e-08    1
 N-E          -3.793511426660476e+01    -2.40700e-08    1
 Coulomb       9.134601657978470e+00     1.61971e-08    1
 Exchange      0.000000000000000e+00     0.00000e+00    1
 X-C          -3.132440586073381e+00    -3.45325e-09    1
------------------------------------------------------------
 Electronic   -1.679509684784566e+01    -1.54898e-12    1
 Nuclear       1.576574553518947e+00     0.00000e+00    1
------------------------------------------------------------
 Total        -1.521852229432671e+01    -1.54898e-12    1
============================================================


################ Wall time: 3.23534e+02 sec ################


============================================================
                      Convergence rate
------------------------------------------------------------
Iter    OrbError       Property                   Update  
------------------------------------------------------------
  1    5.38419e-03    -1.521850312730271e+01   -1.52185e+01
  2    1.87479e-03    -1.521851739703398e+01   -1.42697e-05
  3    2.01047e-03    -1.521851955834643e+01   -2.16131e-06
  4    2.00937e-03    -1.521852102056273e+01   -1.46222e-06
  5    1.11369e-03    -1.521852199407778e+01   -9.73515e-07
  6    2.42285e-04    -1.521852225872514e+01   -2.64647e-07
  7    2.10472e-04    -1.521852228330266e+01   -2.45775e-08
  8    8.73430e-05    -1.521852229233958e+01   -9.03692e-09
  9    9.38725e-06    -1.521852229429607e+01   -1.95649e-09
 10    5.36598e-06    -1.521852229431209e+01   -1.60227e-11
 11    2.21085e-06    -1.521852229432516e+01   -1.30669e-11
 12    1.12099e-06    -1.521852229432671e+01   -1.54898e-12
------------------------------------------------------------
                      SCF converged!!!                      
============================================================


============================================================
                  Digonalizing Fock matrix
------------------------------------------------------------
 Computing Lowdin matrix                        2.05915e-01
 Diagonalizing matrix                           9.25900e-06
 Rotating orbitals                              1.13815e+00
------------------------------------------------------------
                 Wall time: 1.34417e+00 sec 
============================================================


============================================================
                  Setting up Fock operator
------------------------------------------------------------
 Precision                                      1.00000e-07
------------------------------------------------------------
 Coulomb density                      1096      1.93465e+00
 Coulomb potential                     424      3.70696e+01
 Allreduce potential                   424      1.30100e-01
 XC alpha density                     1160      1.39602e+00
 XC beta density                      1096      1.40775e+00
 XC evaluate xcfun                   10440      3.88929e+01
 XC energy                            1160      1.54314e-04
 XC potential                         2320      1.08776e+00
------------------------------------------------------------
                 Wall time: 8.27038e+01 sec 
============================================================


============================================================
                   Calculating SCF energy
------------------------------------------------------------
------------------------------------------------------------
                 Wall time: 2.27050e+01 sec 
============================================================


============================================================
                 Calculating dipole moment
------------------------------------------------------------
------------------------------------------------------------
                 Wall time: 8.30705e+00 sec 
============================================================


============================================================
                        Fock matrix
------------------------------------------------------------
-3.88606e+00  0.00000e+00  0.00000e+00  0.00000e+00  0.00000e+00
 0.00000e+00 -3.06051e-01  0.00000e+00  0.00000e+00  0.00000e+00
 0.00000e+00  0.00000e+00 -1.72820e-01  0.00000e+00  0.00000e+00
 0.00000e+00  0.00000e+00  0.00000e+00 -3.87711e+00  0.00000e+00
 0.00000e+00  0.00000e+00  0.00000e+00  0.00000e+00 -2.94970e-01
============================================================


============================================================
                      Orbital energies
------------------------------------------------------------
    n  spin  occ                            epsilon  
------------------------------------------------------------
    0    a    1                      -3.886061054262753e+00
    1    a    1                      -3.877105078682697e+00
    2    a    1                      -3.060512543703559e-01
    3    b    1                      -2.949702108280295e-01
    4    b    1                      -1.728200106458141e-01
============================================================


============================================================
                          Molecule
------------------------------------------------------------
 Nr  Element             x             y             z      
------------------------------------------------------------
  1     H           0.00000e+00   0.00000e+00   0.00000e+00
  2     Be          0.00000e+00   0.00000e+00   2.53715e+00
------------------------------------------------------------
 Center of mass:    0.00000e+00   0.00000e+00   2.28193e+00
============================================================


                                                            
============================================================
                         SCF Energy                         
------------------------------------------------------------
                                                            
 Sum orbital energy:                 -8.537007608789649e+00
 Kinetic energy:                      1.513789469035749e+01
 E-N energy:                         -3.793511426718565e+01
 Coulomb energy:                      9.134601657775043e+00
 Exchange energy:                     0.000000000000000e+00
 X-C energy:                         -3.132440585770442e+00
 El. external field energy:          -3.834459037377231e-05
 Nuc. external field energy:         -3.304295856029760e-15
                                                            
------------------------------------------------------------
                                                            
 Electronic energy:                  -1.679509684941393e+01
 Nuclear energy:                      1.576574553518947e+00
                                                            
------------------------------------------------------------
                                                            
 Total energy       (au)             -1.521852229589499e+01
                    (kJ/mol)         -3.995622450483382e+04
                    (kcal/mol)       -9.549766844861724e+03
                    (eV)             -4.141170700856085e+02
                                                            
============================================================
                                                            

                                                            
============================================================
                         Dipole moment                      
------------------------------------------------------------
                                                            
 Length of vector:   (au)                  1.0313454764e-01
                     (Debye)               2.6214184776e-01
                                                            
-------------------------- Total ---------------------------
                                                            
 [-3.4158200309e-12, -3.8344590377e-02,  9.5741460746e-02] 
                                                            
------------------------- Nuclear --------------------------
                                                            
 [-3.2826241793e-12, -3.3042958560e-12, -1.2610683101e+00] 
                                                            
------------------------ Electronic ------------------------
                                                            
 [-1.3319585159e-13, -3.8344590374e-02,  1.3568097708e+00] 
                                                            
============================================================
                                                            



************************************************************
***                                                      ***
***                    Exiting MRChem                    ***
***                                                      ***
***               Wall time: 4.103789e+03                ***
***                                                      ***
************************************************************


