


************************************************************
***     __  __ ____   ____ _                             ***
***    |  \/  |  _ \ / ___| |__   ___ _ __ ___           ***
***    | |\/| | |_) | |   | '_ \ / _ \ '_ ` _ \          ***
***    | |  | |  _ <| |___| | | |  __/ | | | | |         ***
***    |_|  |_|_| \_\\____|_| |_|\___|_| |_| |_|         ***
***                                                      ***
***    VERSION 0.0.1 (rev. 1c6f79f)                     ***
***                                                      ***
***    Stig Rune Jensen <stig.r.jensen@uit.no>           ***
***    Luca Frediani    <luca.frediani@uit.no>           ***
***    Peter Wind       <peter.wind@uit.no>              ***
***                                                      ***
************************************************************


+++ Parallel execution: 
  MPI hosts available     : 4
  Threads/host            : 2
  Total used CPUs         : 8


------------------------------------------------------------

 MRCPP version   : X.Y.Z
 Git revision    : bbc2aed

 Linear algebra  : EIGEN
 Parallelization : MPI/OpenMP

------------------------------------------------------------




============================================================
                  MultiResolution Analysis                  
------------------------------------------------------------
 polynomial order = 11
 polynomial type  = Interpolating
------------------------------------------------------------
 total boxes      = 8
 boxes            = [           2           2           2 ]
 unit lengths     = [    32.00000    32.00000    32.00000 ]
 scaling factor   = [     1.00000     1.00000     1.00000 ]
 lower bounds     = [   -32.00000   -32.00000   -32.00000 ]
 upper bounds     = [    32.00000    32.00000    32.00000 ]
 total length     = [    64.00000    64.00000    64.00000 ]
============================================================


============================================================
                          Molecule
------------------------------------------------------------
 Nr  Element             x             y             z      
------------------------------------------------------------
  1     B           0.00000e+00   0.00000e+00   0.00000e+00
  2     F           0.00000e+00   0.00000e+00   2.39409e+00
------------------------------------------------------------
 Center of mass:    0.00000e+00   0.00000e+00   1.52583e+00
============================================================


============================================================
                Setting up nuclear potential
------------------------------------------------------------
 Nr  Element         Charge        Precision     Smoothing 
------------------------------------------------------------
  1     B           5.00000e+00   1.00000e-07   5.18258e-05
  2     F           9.00000e+00   1.00000e-07   1.94577e-05
------------------------------------------------------------
 Nuclear potential                    1288      1.23454e+00
 Allreduce potential                  2376      1.01829e+00
------------------------------------------------------------
                 Wall time: 2.25296e+00 sec 
============================================================


============================================================
 OrbitalVector:   7 orbitals     7 occupied    14 electrons
------------------------------------------------------------
   n  RankID           Norm          Spin Occ      Error    
------------------------------------------------------------
   0     0       1.000000000000e+00    p   2    1.00000e+00
   1     1      -1.000000000000e+00    p   2    1.00000e+00
   2     2      -1.000000000000e+00    p   2    1.00000e+00
   3     3      -1.000000000000e+00    p   2    1.00000e+00
   4     0       1.000000000000e+00    p   2    1.00000e+00
   5     1      -1.000000000000e+00    p   2    1.00000e+00
   6     2      -1.000000000000e+00    p   2    1.00000e+00
============================================================


============================================================
                  Setting up Fock operator
------------------------------------------------------------
 Precision                                      1.00000e-07
------------------------------------------------------------
 Coulomb density                      1000      1.55333e+00
 Coulomb potential                     552      4.83353e+01
 Allreduce potential                   648      5.89985e+00
 XC total density                     1416      2.70464e+00
 XC evaluate xcfun                    7080      2.30023e+01
 XC energy                            1416      1.71015e-04
 XC potential                         1416      7.44377e-01
------------------------------------------------------------
                 Wall time: 8.27960e+01 sec 
============================================================


============================================================
                  Calculating Fock matrix
------------------------------------------------------------
 Kinetic part                         6.815843119000000e+00
 Potential part                       2.728868225800000e+01
------------------------------------------------------------
                 Wall time: 3.41047e+01 sec 
============================================================




####################### SCF cycle  1 #######################


============================================================
 Current precision                              1.00000e-07
------------------------------------------------------------
 Orbital threshold                              1.00000e-06
 Property threshold                            -1.00000e+00
============================================================


============================================================
                  Digonalizing Fock matrix
------------------------------------------------------------
 Computing Lowdin matrix                        4.30223e-01
 Diagonalizing matrix                           1.56300e-05
 Rotating orbitals                              1.64410e+00
------------------------------------------------------------
                 Wall time: 2.07443e+00 sec 
============================================================


============================================================
                   Calculating SCF energy
------------------------------------------------------------
 Nuclear energy                       1.879644086565124e+01
 Electronic energy                   -1.433823127987710e+02
------------------------------------------------------------
 Total energy                        -1.245858719331198e+02
------------------------------------------------------------
                 Wall time: 2.16357e+01 sec 
============================================================


============================================================
                Rotating Helmholtz argument
------------------------------------------------------------
 Rotating orbitals                              4.82296e-01
------------------------------------------------------------
                 Wall time: 4.82382e-01 sec 
============================================================


============================================================
                Applying Helmholtz operators
------------------------------------------------------------
 Orb    RealNorm   Nodes     ImagNorm   Nodes     Timing
------------------------------------------------------------
  0    1.00000e+00   744    0.00000e+00     0   6.40807e+01
  4    9.99932e-01   680    0.00000e+00     0   7.58683e+01
------------------------------------------------------------
                 Wall time: 1.39949e+02 sec 
============================================================


============================================================
                 Lowdin orthonormalization
------------------------------------------------------------
 Computing Lowdin matrix                        9.56370e+01
 Rotating orbitals                              1.60536e+00
------------------------------------------------------------
                 Wall time: 9.72424e+01 sec 
============================================================


============================================================
               Iterative subspace accelerator
------------------------------------------------------------
 Push back orbitals                             3.00691e-02
 Copy orbitals                                  6.22687e-02
 Copy orbital updates                           6.35064e-02
------------------------------------------------------------
                 Wall time: 1.55980e-01 sec 
============================================================


============================================================
                 Lowdin orthonormalization
------------------------------------------------------------
 Computing Lowdin matrix                        3.78982e-01
 Rotating orbitals                              9.00982e-01
------------------------------------------------------------
                 Wall time: 1.28005e+00 sec 
============================================================


============================================================
                  Setting up Fock operator
------------------------------------------------------------
 Precision                                      1.00000e-07
------------------------------------------------------------
 Coulomb density                       968      1.31534e+00
 Coulomb potential                     552      4.89671e+01
 Allreduce potential                   648      7.18499e+00
 XC total density                     1384      2.52173e+00
 XC evaluate xcfun                    6920      2.23628e+01
 XC energy                            1384      1.57628e-04
 XC potential                         1384      6.80749e-01
------------------------------------------------------------
                 Wall time: 8.35302e+01 sec 
============================================================


============================================================
                  Calculating Fock matrix
------------------------------------------------------------
 Kinetic part                         6.365064356000000e+00
 Potential part                       2.299594693200000e+01
------------------------------------------------------------
                 Wall time: 2.93611e+01 sec 
============================================================


============================================================
                          Orbitals
------------------------------------------------------------
 Orb    F(i,i)        Error         nNodes  Spin  Occ  Done 
------------------------------------------------------------
  0  -2.43461e+01   9.53040e-06        616    p    2    0
  1  -6.61394e+00   5.71064e-05          0    p    2    0
  2  -1.19810e+00   2.59820e-04          0    p    2    0
  3  -5.59121e-01   4.66083e-04          0    p    2    0
  4  -4.74106e-01   6.31854e-04        680    p    2    0
  5  -4.74106e-01   6.31838e-04          0    p    2    0
  6  -2.47658e-01   2.32183e-03          0    p    2    0
------------------------------------------------------------
 Total error:                            2.54508e-03    0
============================================================


============================================================
                    Energy                 Update      Done 
------------------------------------------------------------
 Orbital      -6.783348035869011e+01    -6.78335e+01    1
 Kinetic       1.242199235776339e+02     1.24220e+02    1
 N-E          -3.329434890759895e+02    -3.32943e+02    1
 Coulomb       7.962501946168638e+01     7.96250e+01    1
 Exchange      0.000000000000000e+00     0.00000e+00    1
 X-C          -1.428399396182428e+01    -1.42840e+01    1
------------------------------------------------------------
 Electronic   -1.433823127987710e+02    -1.43382e+02    1
 Nuclear       1.879644086565124e+01     1.87964e+01    1
------------------------------------------------------------
 Total        -1.245858719331198e+02    -1.24586e+02    1
============================================================


################ Wall time: 3.75933e+02 sec ################




####################### SCF cycle  2 #######################


============================================================
 Current precision                              1.00000e-07
------------------------------------------------------------
 Orbital threshold                              1.00000e-06
 Property threshold                            -1.00000e+00
============================================================


============================================================
                  Digonalizing Fock matrix
------------------------------------------------------------
 Computing Lowdin matrix                        3.29741e-01
 Diagonalizing matrix                           1.36800e-05
 Rotating orbitals                              1.65779e+00
------------------------------------------------------------
                 Wall time: 1.98764e+00 sec 
============================================================


============================================================
                   Calculating SCF energy
------------------------------------------------------------
 Nuclear energy                       1.879644086565124e+01
 Electronic energy                   -1.433823216675581e+02
------------------------------------------------------------
 Total energy                        -1.245858808019068e+02
------------------------------------------------------------
                 Wall time: 2.15261e+01 sec 
============================================================


============================================================
                Rotating Helmholtz argument
------------------------------------------------------------
 Rotating orbitals                              4.83652e-01
------------------------------------------------------------
                 Wall time: 4.83735e-01 sec 
============================================================


============================================================
                Applying Helmholtz operators
------------------------------------------------------------
 Orb    RealNorm   Nodes     ImagNorm   Nodes     Timing
------------------------------------------------------------
  0    1.00000e+00   744    0.00000e+00     0   6.40954e+01
  4    1.00004e+00   680    0.00000e+00     0   7.64103e+01
------------------------------------------------------------
                 Wall time: 1.40506e+02 sec 
============================================================


============================================================
                 Lowdin orthonormalization
------------------------------------------------------------
 Computing Lowdin matrix                        9.14968e+01
 Rotating orbitals                              1.57786e+00
------------------------------------------------------------
                 Wall time: 9.30748e+01 sec 
============================================================


============================================================
               Iterative subspace accelerator
------------------------------------------------------------
 Push back orbitals                             1.07884e-02
 Copy orbitals                                  6.26921e-02
 Copy orbital updates                           6.29856e-02
------------------------------------------------------------
                 Wall time: 1.36583e-01 sec 
============================================================


============================================================
                 Lowdin orthonormalization
------------------------------------------------------------
 Computing Lowdin matrix                        3.71578e-01
 Rotating orbitals                              8.37000e-01
------------------------------------------------------------
                 Wall time: 1.20867e+00 sec 
============================================================


============================================================
                  Setting up Fock operator
------------------------------------------------------------
 Precision                                      1.00000e-07
------------------------------------------------------------
 Coulomb density                       968      1.30329e+00
 Coulomb potential                     552      4.90120e+01
 Allreduce potential                   648      7.18437e+00
 XC total density                     1384      2.47538e+00
 XC evaluate xcfun                    6920      2.24998e+01
 XC energy                            1384      1.56320e-04
 XC potential                         1384      6.82333e-01
------------------------------------------------------------
                 Wall time: 8.36611e+01 sec 
============================================================


============================================================
                  Calculating Fock matrix
------------------------------------------------------------
 Kinetic part                         6.100521807000000e+00
 Potential part                       2.274486574200000e+01
------------------------------------------------------------
                 Wall time: 2.88455e+01 sec 
============================================================


============================================================
                          Orbitals
------------------------------------------------------------
 Orb    F(i,i)        Error         nNodes  Spin  Occ  Done 
------------------------------------------------------------
  0  -2.43463e+01   3.40817e-06        584    p    2    0
  1  -6.61397e+00   2.16295e-05          0    p    2    0
  2  -1.19815e+00   9.03051e-05          0    p    2    0
  3  -5.59157e-01   1.79708e-04          0    p    2    0
  4  -4.74147e-01   1.82045e-04        680    p    2    0
  5  -4.74147e-01   1.82037e-04          0    p    2    0
  6  -2.47719e-01   5.23174e-04          0    p    2    0
------------------------------------------------------------
 Total error:                            6.17186e-04    0
============================================================


============================================================
                    Energy                 Update      Done 
------------------------------------------------------------
 Orbital      -6.782616950742155e+01     7.31085e-03    1
 Kinetic       1.242233984284017e+02     3.47485e-03    1
 N-E          -3.329538834342150e+02    -1.03944e-02    1
 Coulomb       7.963251083597437e+01     7.49137e-03    1
 Exchange      0.000000000000000e+00     0.00000e+00    1
 X-C          -1.428456028686046e+01    -5.66325e-04    1
------------------------------------------------------------
 Electronic   -1.433823216675581e+02    -8.86879e-06    1
 Nuclear       1.879644086565124e+01     0.00000e+00    1
------------------------------------------------------------
 Total        -1.245858808019068e+02    -8.86879e-06    1
============================================================


################ Wall time: 3.71650e+02 sec ################




####################### SCF cycle  3 #######################


============================================================
 Current precision                              1.00000e-07
------------------------------------------------------------
 Orbital threshold                              1.00000e-06
 Property threshold                            -1.00000e+00
============================================================


============================================================
                   Calculating SCF energy
------------------------------------------------------------
 Nuclear energy                       1.879644086565124e+01
 Electronic energy                   -1.433823224599366e+02
------------------------------------------------------------
 Total energy                        -1.245858815942854e+02
------------------------------------------------------------
                 Wall time: 2.31350e+01 sec 
============================================================


============================================================
                Rotating Helmholtz argument
------------------------------------------------------------
 Rotating orbitals                              1.66668e+00
------------------------------------------------------------
                 Wall time: 1.66678e+00 sec 
============================================================


============================================================
                Applying Helmholtz operators
------------------------------------------------------------
 Orb    RealNorm   Nodes     ImagNorm   Nodes     Timing
------------------------------------------------------------
  0    1.00000e+00   744    0.00000e+00     0   6.61188e+01
  4    9.99981e-01   680    0.00000e+00     0   7.62383e+01
------------------------------------------------------------
                 Wall time: 1.42367e+02 sec 
============================================================


============================================================
                 Lowdin orthonormalization
------------------------------------------------------------
 Computing Lowdin matrix                        9.32820e+01
 Rotating orbitals                              1.58595e+00
------------------------------------------------------------
                 Wall time: 9.48680e+01 sec 
============================================================


============================================================
               Iterative subspace accelerator
------------------------------------------------------------
 Push back orbitals                             3.77009e-02
 Setup linear system                            2.75362e-01
 Solve linear system                            1.22850e-05
 Expand solution                                7.33874e-01
------------------------------------------------------------
                 Wall time: 1.04709e+00 sec 
============================================================


============================================================
                 Lowdin orthonormalization
------------------------------------------------------------
 Computing Lowdin matrix                        6.19886e-01
 Rotating orbitals                              1.47584e+00
------------------------------------------------------------
                 Wall time: 2.09581e+00 sec 
============================================================


============================================================
                  Setting up Fock operator
------------------------------------------------------------
 Precision                                      1.00000e-07
------------------------------------------------------------
 Coulomb density                       968      1.31874e+00
 Coulomb potential                     552      4.92085e+01
 Allreduce potential                   648      7.62760e+00
 XC total density                     1384      2.60252e+00
 XC evaluate xcfun                    6920      2.26765e+01
 XC energy                            1384      1.62999e-04
 XC potential                         1384      7.55361e-01
------------------------------------------------------------
                 Wall time: 8.46876e+01 sec 
============================================================


============================================================
                  Calculating Fock matrix
------------------------------------------------------------
 Kinetic part                         6.072835764000000e+00
 Potential part                       2.322869313000000e+01
------------------------------------------------------------
                 Wall time: 2.93017e+01 sec 
============================================================


============================================================
                          Orbitals
------------------------------------------------------------
 Orb    F(i,i)        Error         nNodes  Spin  Occ  Done 
------------------------------------------------------------
  0  -2.43459e+01   2.24943e-06        584    p    2    0
  1  -6.61400e+00   1.84658e-05          0    p    2    0
  2  -1.19795e+00   3.47523e-05          0    p    2    0
  3  -5.58963e-01   5.15106e-05          0    p    2    0
  4  -4.73950e-01   1.04630e-04        680    p    2    0
  5  -4.73950e-01   1.04611e-04          0    p    2    0
  6  -2.47741e-01   2.34347e-04          0    p    2    0
------------------------------------------------------------
 Total error:                            2.84634e-04    0
============================================================


============================================================
                    Energy                 Update      Done 
------------------------------------------------------------
 Orbital      -6.782720036350406e+01    -1.03086e-03    1
 Kinetic       1.242215905626513e+02    -1.80787e-03    1
 N-E          -3.329511945324214e+02     2.68890e-03    1
 Coulomb       7.963141204579902e+01    -1.09879e-03    1
 Exchange      0.000000000000000e+00     0.00000e+00    1
 X-C          -1.428434000624633e+01     2.20281e-04    1
------------------------------------------------------------
 Electronic   -1.433823224599366e+02    -7.92379e-07    1
 Nuclear       1.879644086565124e+01     0.00000e+00    1
------------------------------------------------------------
 Total        -1.245858815942854e+02    -7.92379e-07    1
============================================================


################ Wall time: 3.79517e+02 sec ################




####################### SCF cycle  4 #######################


============================================================
 Current precision                              1.00000e-07
------------------------------------------------------------
 Orbital threshold                              1.00000e-06
 Property threshold                            -1.00000e+00
============================================================


============================================================
                   Calculating SCF energy
------------------------------------------------------------
 Nuclear energy                       1.879644086565124e+01
 Electronic energy                   -1.433823226779433e+02
------------------------------------------------------------
 Total energy                        -1.245858818122920e+02
------------------------------------------------------------
                 Wall time: 2.38900e+01 sec 
============================================================


============================================================
                Rotating Helmholtz argument
------------------------------------------------------------
 Rotating orbitals                              1.68258e+00
------------------------------------------------------------
                 Wall time: 1.68268e+00 sec 
============================================================


============================================================
                Applying Helmholtz operators
------------------------------------------------------------
 Orb    RealNorm   Nodes     ImagNorm   Nodes     Timing
------------------------------------------------------------
  0    1.00000e+00   744    0.00000e+00     0   6.84095e+01
  4    1.00002e+00   680    0.00000e+00     0   7.82890e+01
------------------------------------------------------------
                 Wall time: 1.46707e+02 sec 
============================================================


============================================================
                 Lowdin orthonormalization
------------------------------------------------------------
 Computing Lowdin matrix                        9.58191e+01
 Rotating orbitals                              1.56695e+00
------------------------------------------------------------
                 Wall time: 9.73861e+01 sec 
============================================================


============================================================
               Iterative subspace accelerator
------------------------------------------------------------
 Push back orbitals                             1.05623e-01
 Setup linear system                            8.25409e-01
 Solve linear system                            1.33960e-05
 Expand solution                                1.18321e+00
------------------------------------------------------------
                 Wall time: 2.11440e+00 sec 
============================================================


============================================================
                 Lowdin orthonormalization
------------------------------------------------------------
 Computing Lowdin matrix                        6.43610e-01
 Rotating orbitals                              1.47739e+00
------------------------------------------------------------
                 Wall time: 2.12109e+00 sec 
============================================================


============================================================
                  Setting up Fock operator
------------------------------------------------------------
 Precision                                      1.00000e-07
------------------------------------------------------------
 Coulomb density                       968      1.35967e+00
 Coulomb potential                     552      5.00451e+01
 Allreduce potential                   648      8.47324e+00
 XC total density                     1384      2.57430e+00
 XC evaluate xcfun                    6920      2.26595e+01
 XC energy                            1384      1.67619e-04
 XC potential                         1384      7.83615e-01
------------------------------------------------------------
                 Wall time: 8.64021e+01 sec 
============================================================


============================================================
                  Calculating Fock matrix
------------------------------------------------------------
 Kinetic part                         5.712036881000000e+00
 Potential part                       2.357390321800000e+01
------------------------------------------------------------
                 Wall time: 2.92861e+01 sec 
============================================================


============================================================
                          Orbitals
------------------------------------------------------------
 Orb    F(i,i)        Error         nNodes  Spin  Occ  Done 
------------------------------------------------------------
  0  -2.43461e+01   1.75960e-06        584    p    2    0
  1  -6.61404e+00   6.81941e-06          0    p    2    0
  2  -1.19802e+00   2.48631e-05          0    p    2    0
  3  -5.59024e-01   4.47435e-05          0    p    2    0
  4  -4.74012e-01   5.57317e-05        680    p    2    0
  5  -4.74012e-01   5.57287e-05          0    p    2    0
  6  -2.47760e-01   5.27024e-05          0    p    2    0
------------------------------------------------------------
 Total error:                            1.07977e-04    0
============================================================


============================================================
                    Energy                 Update      Done 
------------------------------------------------------------
 Orbital      -6.782491081851070e+01     2.28954e-03    1
 Kinetic       1.242232163633779e+02     1.62580e-03    1
 N-E          -3.329549412038465e+02    -3.74667e-03    1
 Coulomb       7.963377734889198e+01     2.36530e-03    1
 Exchange      0.000000000000000e+00     0.00000e+00    1
 X-C          -1.428458303205047e+01    -2.43026e-04    1
------------------------------------------------------------
 Electronic   -1.433823226779433e+02    -2.18007e-07    1
 Nuclear       1.879644086565124e+01     0.00000e+00    1
------------------------------------------------------------
 Total        -1.245858818122920e+02    -2.18007e-07    1
============================================================


################ Wall time: 3.89991e+02 sec ################




####################### SCF cycle  5 #######################


============================================================
 Current precision                              1.00000e-07
------------------------------------------------------------
 Orbital threshold                              1.00000e-06
 Property threshold                            -1.00000e+00
============================================================


============================================================
                   Calculating SCF energy
------------------------------------------------------------
 Nuclear energy                       1.879644086565124e+01
 Electronic energy                   -1.433823227364379e+02
------------------------------------------------------------
 Total energy                        -1.245858818707866e+02
------------------------------------------------------------
                 Wall time: 2.43325e+01 sec 
============================================================


============================================================
                Rotating Helmholtz argument
------------------------------------------------------------
 Rotating orbitals                              1.71756e+00
------------------------------------------------------------
                 Wall time: 1.71766e+00 sec 
============================================================


============================================================
                Applying Helmholtz operators
------------------------------------------------------------
 Orb    RealNorm   Nodes     ImagNorm   Nodes     Timing
------------------------------------------------------------
  0    1.00000e+00   744    0.00000e+00     0   6.99106e+01
  4    9.99992e-01   680    0.00000e+00     0   7.96834e+01
------------------------------------------------------------
                 Wall time: 1.49603e+02 sec 
============================================================


============================================================
                 Lowdin orthonormalization
------------------------------------------------------------
 Computing Lowdin matrix                        9.10397e+01
 Rotating orbitals                              1.55456e+00
------------------------------------------------------------
                 Wall time: 9.25944e+01 sec 
============================================================


============================================================
               Iterative subspace accelerator
------------------------------------------------------------
 Push back orbitals                             1.28212e-01
 Setup linear system                            1.68677e+00
 Solve linear system                            1.07080e-05
 Expand solution                                1.66783e+00
------------------------------------------------------------
                 Wall time: 3.48296e+00 sec 
============================================================


============================================================
                 Lowdin orthonormalization
------------------------------------------------------------
 Computing Lowdin matrix                        6.24997e-01
 Rotating orbitals                              1.50305e+00
------------------------------------------------------------
                 Wall time: 2.12814e+00 sec 
============================================================


============================================================
                  Setting up Fock operator
------------------------------------------------------------
 Precision                                      1.00000e-07
------------------------------------------------------------
 Coulomb density                       968      1.33544e+00
 Coulomb potential                     552      5.08260e+01
 Allreduce potential                   648      8.74199e+00
 XC total density                     1384      2.71014e+00
 XC evaluate xcfun                    6920      2.30652e+01
 XC energy                            1384      1.71255e-04
 XC potential                         1384      8.01972e-01
------------------------------------------------------------
                 Wall time: 8.79952e+01 sec 
============================================================


============================================================
                  Calculating Fock matrix
------------------------------------------------------------
 Kinetic part                         5.625357902000000e+00
 Potential part                       2.450690186100000e+01
------------------------------------------------------------
                 Wall time: 3.01324e+01 sec 
============================================================


============================================================
                          Orbitals
------------------------------------------------------------
 Orb    F(i,i)        Error         nNodes  Spin  Occ  Done 
------------------------------------------------------------
  0  -2.43460e+01   1.88464e-06        584    p    2    0
  1  -6.61407e+00   1.14767e-05          0    p    2    0
  2  -1.19796e+00   1.24532e-05          0    p    2    0
  3  -5.58973e-01   2.91524e-05          0    p    2    0
  4  -4.73958e-01   5.44152e-05        680    p    2    0
  5  -4.73958e-01   5.43971e-05          0    p    2    0
  6  -2.47773e-01   8.79157e-05          0    p    2    0
------------------------------------------------------------
 Total error:                            1.21612e-04    0
============================================================


============================================================
                    Energy                 Update      Done 
------------------------------------------------------------
 Orbital      -6.782584776730961e+01    -9.36949e-04    1
 Kinetic       1.242222787360211e+02    -9.37627e-04    1
 N-E          -3.329531535999866e+02     1.78760e-03    1
 Coulomb       7.963280213883333e+01    -9.75210e-04    1
 Exchange      0.000000000000000e+00     0.00000e+00    1
 X-C          -1.428445763871425e+01     1.25393e-04    1
------------------------------------------------------------
 Electronic   -1.433823227364379e+02    -5.84946e-08    1
 Nuclear       1.879644086565124e+01     0.00000e+00    1
------------------------------------------------------------
 Total        -1.245858818707866e+02    -5.84946e-08    1
============================================================


################ Wall time: 3.92297e+02 sec ################




####################### SCF cycle  6 #######################


============================================================
 Current precision                              1.00000e-07
------------------------------------------------------------
 Orbital threshold                              1.00000e-06
 Property threshold                            -1.00000e+00
============================================================


============================================================
                   Calculating SCF energy
------------------------------------------------------------
 Nuclear energy                       1.879644086565124e+01
 Electronic energy                   -1.433823227748869e+02
------------------------------------------------------------
 Total energy                        -1.245858819092356e+02
------------------------------------------------------------
                 Wall time: 2.50101e+01 sec 
============================================================


============================================================
                Rotating Helmholtz argument
------------------------------------------------------------
 Rotating orbitals                              1.72700e+00
------------------------------------------------------------
                 Wall time: 1.72710e+00 sec 
============================================================


============================================================
                Applying Helmholtz operators
------------------------------------------------------------
 Orb    RealNorm   Nodes     ImagNorm   Nodes     Timing
------------------------------------------------------------
  0    1.00000e+00   744    0.00000e+00     0   7.12308e+01
  4    9.99999e-01   664    0.00000e+00     0   7.76219e+01
------------------------------------------------------------
                 Wall time: 1.48860e+02 sec 
============================================================


============================================================
                 Lowdin orthonormalization
------------------------------------------------------------
 Computing Lowdin matrix                        9.77951e+01
 Rotating orbitals                              1.59359e+00
------------------------------------------------------------
                 Wall time: 9.93888e+01 sec 
============================================================


============================================================
               Iterative subspace accelerator
------------------------------------------------------------
 Push back orbitals                             1.33749e-01
 Setup linear system                            1.72735e+00
 Solve linear system                            1.03880e-05
 Expand solution                                1.68556e+00
------------------------------------------------------------
                 Wall time: 3.54681e+00 sec 
============================================================


============================================================
                 Lowdin orthonormalization
------------------------------------------------------------
 Computing Lowdin matrix                        9.01144e-01
 Rotating orbitals                              1.69457e+00
------------------------------------------------------------
                 Wall time: 2.59580e+00 sec 
============================================================


============================================================
                  Setting up Fock operator
------------------------------------------------------------
 Precision                                      1.00000e-07
------------------------------------------------------------
 Coulomb density                       968      1.36496e+00
 Coulomb potential                     552      5.12652e+01
 Allreduce potential                   648      9.70739e+00
 XC total density                     1384      2.75887e+00
 XC evaluate xcfun                    6920      2.23136e+01
 XC energy                            1384      1.68502e-04
 XC potential                         1384      7.64070e-01
------------------------------------------------------------
                 Wall time: 8.86767e+01 sec 
============================================================


============================================================
                  Calculating Fock matrix
------------------------------------------------------------
 Kinetic part                         6.516626677000000e+00
 Potential part                       2.470552697400000e+01
------------------------------------------------------------
                 Wall time: 3.12223e+01 sec 
============================================================


============================================================
                          Orbitals
------------------------------------------------------------
 Orb    F(i,i)        Error         nNodes  Spin  Occ  Done 
------------------------------------------------------------
  0  -2.43459e+01   3.21012e-07        584    p    2    1
  1  -6.61408e+00   2.19654e-06          0    p    2    0
  2  -1.19796e+00   3.70191e-06          0    p    2    0
  3  -5.58970e-01   6.48937e-06          0    p    2    0
  4  -4.73954e-01   7.23472e-06        680    p    2    0
  5  -4.73954e-01   7.22934e-06          0    p    2    0
  6  -2.47775e-01   1.49728e-05          0    p    2    0
------------------------------------------------------------
 Total error:                            1.97366e-05    0
============================================================


============================================================
                    Energy                 Update      Done 
------------------------------------------------------------
 Orbital      -6.782529397928381e+01     5.53788e-04    1
 Kinetic       1.242226579826757e+02     3.79247e-04    1
 N-E          -3.329540460408220e+02    -8.92441e-04    1
 Coulomb       7.963337512237011e+01     5.72984e-04    1
 Exchange      0.000000000000000e+00     0.00000e+00    1
 X-C          -1.428451712770035e+01    -5.94890e-05    1
------------------------------------------------------------
 Electronic   -1.433823227748869e+02    -3.84490e-08    1
 Nuclear       1.879644086565124e+01     0.00000e+00    1
------------------------------------------------------------
 Total        -1.245858819092356e+02    -3.84490e-08    1
============================================================


################ Wall time: 4.01482e+02 sec ################




####################### SCF cycle  7 #######################


============================================================
 Current precision                              1.00000e-07
------------------------------------------------------------
 Orbital threshold                              1.00000e-06
 Property threshold                            -1.00000e+00
============================================================


============================================================
                   Calculating SCF energy
------------------------------------------------------------
 Nuclear energy                       1.879644086565124e+01
 Electronic energy                   -1.433823227771527e+02
------------------------------------------------------------
 Total energy                        -1.245858819115015e+02
------------------------------------------------------------
                 Wall time: 2.59459e+01 sec 
============================================================


============================================================
                Rotating Helmholtz argument
------------------------------------------------------------
 Rotating orbitals                              1.70333e+00
------------------------------------------------------------
                 Wall time: 1.70343e+00 sec 
============================================================


============================================================
                Applying Helmholtz operators
------------------------------------------------------------
 Orb    RealNorm   Nodes     ImagNorm   Nodes     Timing
------------------------------------------------------------
  0    1.00000e+00   744    0.00000e+00     0   7.28338e+01
  4    9.99999e-01   664    0.00000e+00     0   7.78923e+01
------------------------------------------------------------
                 Wall time: 1.50735e+02 sec 
============================================================


============================================================
                 Lowdin orthonormalization
------------------------------------------------------------
 Computing Lowdin matrix                        1.04298e+02
 Rotating orbitals                              1.56590e+00
------------------------------------------------------------
                 Wall time: 1.05864e+02 sec 
============================================================


============================================================
               Iterative subspace accelerator
------------------------------------------------------------
 Push back orbitals                             1.71799e-01
 Setup linear system                            1.73638e+00
 Solve linear system                            1.04520e-05
 Expand solution                                1.64249e+00
------------------------------------------------------------
                 Wall time: 3.55083e+00 sec 
============================================================


============================================================
                 Lowdin orthonormalization
------------------------------------------------------------
 Computing Lowdin matrix                        8.10606e-01
 Rotating orbitals                              1.58379e+00
------------------------------------------------------------
                 Wall time: 2.39449e+00 sec 
============================================================


============================================================
                  Setting up Fock operator
------------------------------------------------------------
 Precision                                      1.00000e-07
------------------------------------------------------------
 Coulomb density                       968      1.35017e+00
 Coulomb potential                     552      5.11978e+01
 Allreduce potential                   648      9.53847e+00
 XC total density                     1384      2.80120e+00
 XC evaluate xcfun                    6920      2.23859e+01
 XC energy                            1384      1.92866e-04
 XC potential                         1384      7.83070e-01
------------------------------------------------------------
                 Wall time: 8.85755e+01 sec 
============================================================


============================================================
                  Calculating Fock matrix
------------------------------------------------------------
 Kinetic part                         6.781195786000000e+00
 Potential part                       2.485696040000000e+01
------------------------------------------------------------
                 Wall time: 3.16383e+01 sec 
============================================================


============================================================
                          Orbitals
------------------------------------------------------------
 Orb    F(i,i)        Error         nNodes  Spin  Occ  Done 
------------------------------------------------------------
  0  -2.43459e+01   2.97539e-07        584    p    2    1
  1  -6.61408e+00   1.87939e-06          0    p    2    0
  2  -1.19795e+00   3.86395e-06          0    p    2    0
  3  -5.58968e-01   7.92255e-06          0    p    2    0
  4  -4.73952e-01   3.92929e-06        680    p    2    0
  5  -4.73952e-01   3.92332e-06          0    p    2    0
  6  -2.47776e-01   1.24579e-05          0    p    2    0
------------------------------------------------------------
 Total error:                            1.63508e-05    0
============================================================


============================================================
                    Energy                 Update      Done 
------------------------------------------------------------
 Orbital      -6.782527023682951e+01     2.37425e-05    1
 Kinetic       1.242226734475071e+02     1.54648e-05    1
 N-E          -3.329540839604437e+02    -3.79196e-05    1
 Coulomb       7.963339962262548e+01     2.45003e-05    1
 Exchange      0.000000000000000e+00     0.00000e+00    1
 X-C          -1.428451914957218e+01    -2.02187e-06    1
------------------------------------------------------------
 Electronic   -1.433823227771527e+02    -2.26584e-09    1
 Nuclear       1.879644086565124e+01     0.00000e+00    1
------------------------------------------------------------
 Total        -1.245858819115015e+02    -2.26584e-09    1
============================================================


################ Wall time: 4.10907e+02 sec ################




####################### SCF cycle  8 #######################


============================================================
 Current precision                              1.00000e-07
------------------------------------------------------------
 Orbital threshold                              1.00000e-06
 Property threshold                            -1.00000e+00
============================================================


============================================================
                   Calculating SCF energy
------------------------------------------------------------
 Nuclear energy                       1.879644086565124e+01
 Electronic energy                   -1.433823227779787e+02
------------------------------------------------------------
 Total energy                        -1.245858819123274e+02
------------------------------------------------------------
                 Wall time: 2.54328e+01 sec 
============================================================


============================================================
                Rotating Helmholtz argument
------------------------------------------------------------
 Rotating orbitals                              1.70701e+00
------------------------------------------------------------
                 Wall time: 1.70712e+00 sec 
============================================================


============================================================
                Applying Helmholtz operators
------------------------------------------------------------
 Orb    RealNorm   Nodes     ImagNorm   Nodes     Timing
------------------------------------------------------------
  0    1.00000e+00   744    0.00000e+00     0   7.37772e+01
  4    1.00000e+00   664    0.00000e+00     0   7.79224e+01
------------------------------------------------------------
                 Wall time: 1.51709e+02 sec 
============================================================


============================================================
                 Lowdin orthonormalization
------------------------------------------------------------
 Computing Lowdin matrix                        1.06446e+02
 Rotating orbitals                              1.54527e+00
------------------------------------------------------------
                 Wall time: 1.07991e+02 sec 
============================================================


============================================================
               Iterative subspace accelerator
------------------------------------------------------------
 Push back orbitals                             1.73254e-01
 Setup linear system                            1.76798e+00
 Solve linear system                            1.05870e-05
 Expand solution                                1.68458e+00
------------------------------------------------------------
                 Wall time: 3.62597e+00 sec 
============================================================


============================================================
                 Lowdin orthonormalization
------------------------------------------------------------
 Computing Lowdin matrix                        9.12899e-01
 Rotating orbitals                              1.55521e+00
------------------------------------------------------------
                 Wall time: 2.46820e+00 sec 
============================================================


============================================================
                  Setting up Fock operator
------------------------------------------------------------
 Precision                                      1.00000e-07
------------------------------------------------------------
 Coulomb density                       968      1.34878e+00
 Coulomb potential                     552      5.17840e+01
 Allreduce potential                   648      9.93151e+00
 XC total density                     1384      2.86756e+00
 XC evaluate xcfun                    6920      2.25975e+01
 XC energy                            1384      1.65313e-04
 XC potential                         1384      7.84898e-01
------------------------------------------------------------
                 Wall time: 8.98401e+01 sec 
============================================================


============================================================
                  Calculating Fock matrix
------------------------------------------------------------
 Kinetic part                         6.186837557000000e+00
 Potential part                       2.492877239600000e+01
------------------------------------------------------------
                 Wall time: 3.11157e+01 sec 
============================================================


============================================================
                          Orbitals
------------------------------------------------------------
 Orb    F(i,i)        Error         nNodes  Spin  Occ  Done 
------------------------------------------------------------
  0  -2.43459e+01   1.23157e-07        584    p    2    1
  1  -6.61408e+00   3.91447e-07          0    p    2    1
  2  -1.19796e+00   1.14661e-06          0    p    2    0
  3  -5.58970e-01   3.54467e-06          0    p    2    0
  4  -4.73953e-01   1.59504e-06        680    p    2    0
  5  -4.73953e-01   1.59693e-06          0    p    2    0
  6  -2.47776e-01   3.02209e-06          0    p    2    0
------------------------------------------------------------
 Total error:                            5.31744e-06    0
============================================================


============================================================
                    Energy                 Update      Done 
------------------------------------------------------------
 Orbital      -6.782524535599582e+01     2.48808e-05    1
 Kinetic       1.242226972805204e+02     2.38330e-05    1
 N-E          -3.329541312149403e+02    -4.72545e-05    1
 Coulomb       7.963342526835895e+01     2.56457e-05    1
 Exchange      0.000000000000000e+00     0.00000e+00    1
 X-C          -1.428452136317497e+01    -2.21360e-06    1
------------------------------------------------------------
 Electronic   -1.433823227779787e+02    -8.25963e-10    1
 Nuclear       1.879644086565124e+01     0.00000e+00    1
------------------------------------------------------------
 Total        -1.245858819123274e+02    -8.25963e-10    1
============================================================


################ Wall time: 4.14571e+02 sec ################




####################### SCF cycle  9 #######################


============================================================
 Current precision                              1.00000e-07
------------------------------------------------------------
 Orbital threshold                              1.00000e-06
 Property threshold                            -1.00000e+00
============================================================


============================================================
                   Calculating SCF energy
------------------------------------------------------------
 Nuclear energy                       1.879644086565124e+01
 Electronic energy                   -1.433823227780907e+02
------------------------------------------------------------
 Total energy                        -1.245858819124394e+02
------------------------------------------------------------
                 Wall time: 2.55407e+01 sec 
============================================================


============================================================
                Rotating Helmholtz argument
------------------------------------------------------------
 Rotating orbitals                              1.71582e+00
------------------------------------------------------------
                 Wall time: 1.71592e+00 sec 
============================================================


============================================================
                Applying Helmholtz operators
------------------------------------------------------------
 Orb    RealNorm   Nodes     ImagNorm   Nodes     Timing
------------------------------------------------------------
  0    1.00000e+00   744    0.00000e+00     0   7.38713e+01
  4    1.00000e+00   664    0.00000e+00     0   7.94365e+01
------------------------------------------------------------
                 Wall time: 1.53316e+02 sec 
============================================================


============================================================
                 Lowdin orthonormalization
------------------------------------------------------------
 Computing Lowdin matrix                        1.02534e+02
 Rotating orbitals                              1.45231e+00
------------------------------------------------------------
                 Wall time: 1.03987e+02 sec 
============================================================


============================================================
               Iterative subspace accelerator
------------------------------------------------------------
 Push back orbitals                             1.94601e-01
 Setup linear system                            1.72737e+00
 Solve linear system                            1.03610e-05
 Expand solution                                1.64596e+00
------------------------------------------------------------
                 Wall time: 3.56809e+00 sec 
============================================================


============================================================
                 Lowdin orthonormalization
------------------------------------------------------------
 Computing Lowdin matrix                        9.17217e-01
 Rotating orbitals                              1.51192e+00
------------------------------------------------------------
                 Wall time: 2.42923e+00 sec 
============================================================


============================================================
                  Setting up Fock operator
------------------------------------------------------------
 Precision                                      1.00000e-07
------------------------------------------------------------
 Coulomb density                       968      1.36026e+00
 Coulomb potential                     552      5.06971e+01
 Allreduce potential                   648      1.09891e+01
 XC total density                     1384      2.68997e+00
 XC evaluate xcfun                    6920      2.28733e+01
 XC energy                            1384      1.68479e-04
 XC potential                         1384      7.95947e-01
------------------------------------------------------------
                 Wall time: 8.99238e+01 sec 
============================================================


============================================================
                  Calculating Fock matrix
------------------------------------------------------------
 Kinetic part                         5.825656522000000e+00
 Potential part                       2.492240448400000e+01
------------------------------------------------------------
                 Wall time: 3.07482e+01 sec 
============================================================


============================================================
                          Orbitals
------------------------------------------------------------
 Orb    F(i,i)        Error         nNodes  Spin  Occ  Done 
------------------------------------------------------------
  0  -2.43459e+01   6.64845e-08        584    p    2    1
  1  -6.61408e+00   1.49375e-07          0    p    2    1
  2  -1.19795e+00   4.67462e-07          0    p    2    1
  3  -5.58969e-01   1.07464e-06          0    p    2    0
  4  -4.73953e-01   7.93754e-07        680    p    2    1
  5  -4.73953e-01   7.94079e-07          0    p    2    1
  6  -2.47776e-01   1.18027e-06          0    p    2    0
------------------------------------------------------------
 Total error:                            2.01340e-06    0
============================================================


============================================================
                    Energy                 Update      Done 
------------------------------------------------------------
 Orbital      -6.782526239761427e+01    -1.70416e-05    1
 Kinetic       1.242226848685406e+02    -1.24120e-05    1
 N-E          -3.329541035126101e+02     2.77023e-05    1
 Coulomb       7.963340743502080e+01    -1.78333e-05    1
 Exchange      0.000000000000000e+00     0.00000e+00    1
 X-C          -1.428451882354714e+01     2.53963e-06    1
------------------------------------------------------------
 Electronic   -1.433823227780907e+02    -1.11982e-10    1
 Nuclear       1.879644086565124e+01     0.00000e+00    1
------------------------------------------------------------
 Total        -1.245858819124394e+02    -1.11982e-10    1
============================================================


################ Wall time: 4.11823e+02 sec ################




####################### SCF cycle 10 #######################


============================================================
 Current precision                              1.00000e-07
------------------------------------------------------------
 Orbital threshold                              1.00000e-06
 Property threshold                            -1.00000e+00
============================================================


============================================================
                   Calculating SCF energy
------------------------------------------------------------
 Nuclear energy                       1.879644086565124e+01
 Electronic energy                   -1.433823227781023e+02
------------------------------------------------------------
 Total energy                        -1.245858819124511e+02
------------------------------------------------------------
                 Wall time: 2.59379e+01 sec 
============================================================


============================================================
                Rotating Helmholtz argument
------------------------------------------------------------
 Rotating orbitals                              1.70757e+00
------------------------------------------------------------
                 Wall time: 1.70768e+00 sec 
============================================================


============================================================
                Applying Helmholtz operators
------------------------------------------------------------
 Orb    RealNorm   Nodes     ImagNorm   Nodes     Timing
------------------------------------------------------------
  0    1.00000e+00   744    0.00000e+00     0   7.25884e+01
  4    1.00000e+00   664    0.00000e+00     0   7.88830e+01
------------------------------------------------------------
                 Wall time: 1.51480e+02 sec 
============================================================


============================================================
                 Lowdin orthonormalization
------------------------------------------------------------
 Computing Lowdin matrix                        1.08544e+02
 Rotating orbitals                              1.46760e+00
------------------------------------------------------------
                 Wall time: 1.10012e+02 sec 
============================================================


============================================================
               Iterative subspace accelerator
------------------------------------------------------------
 Push back orbitals                             1.94257e-01
 Setup linear system                            1.75389e+00
 Solve linear system                            1.06400e-05
 Expand solution                                1.49946e+00
------------------------------------------------------------
                 Wall time: 3.44775e+00 sec 
============================================================


============================================================
                 Lowdin orthonormalization
------------------------------------------------------------
 Computing Lowdin matrix                        8.87087e-01
 Rotating orbitals                              1.44712e+00
------------------------------------------------------------
                 Wall time: 2.33429e+00 sec 
============================================================


============================================================
                  Setting up Fock operator
------------------------------------------------------------
 Precision                                      1.00000e-07
------------------------------------------------------------
 Coulomb density                       968      1.30801e+00
 Coulomb potential                     552      5.18564e+01
 Allreduce potential                   648      7.30116e+00
 XC total density                     1384      2.64914e+00
 XC evaluate xcfun                    6920      2.24876e+01
 XC energy                            1384      1.73969e-04
 XC potential                         1384      7.63112e-01
------------------------------------------------------------
                 Wall time: 8.68917e+01 sec 
============================================================


============================================================
                  Calculating Fock matrix
------------------------------------------------------------
 Kinetic part                         6.721931839000000e+00
 Potential part                       2.482393965600000e+01
------------------------------------------------------------
                 Wall time: 3.15460e+01 sec 
============================================================


============================================================
                          Orbitals
------------------------------------------------------------
 Orb    F(i,i)        Error         nNodes  Spin  Occ  Done 
------------------------------------------------------------
  0  -2.43459e+01   4.16370e-08        584    p    2    1
  1  -6.61408e+00   3.64074e-08          0    p    2    1
  2  -1.19795e+00   2.08243e-07          0    p    2    1
  3  -5.58969e-01   1.84664e-07          0    p    2    1
  4  -4.73953e-01   3.56824e-07        680    p    2    1
  5  -4.73953e-01   3.56945e-07          0    p    2    1
  6  -2.47776e-01   2.23994e-07          0    p    2    1
------------------------------------------------------------
 Total error:                            6.20831e-07    1
============================================================


============================================================
                    Energy                 Update      Done 
------------------------------------------------------------
 Orbital      -6.782524886542407e+01     1.35322e-05    1
 Kinetic       1.242226978301188e+02     1.29616e-05    1
 N-E          -3.329541289351070e+02    -2.54225e-05    1
 Coulomb       7.963342144598271e+01     1.40110e-05    1
 Exchange      0.000000000000000e+00     0.00000e+00    1
 X-C          -1.428452037341355e+01    -1.54987e-06    1
------------------------------------------------------------
 Electronic   -1.433823227781023e+02    -1.16529e-11    1
 Nuclear       1.879644086565124e+01     0.00000e+00    1
------------------------------------------------------------
 Total        -1.245858819124511e+02    -1.16529e-11    1
============================================================


################ Wall time: 4.13938e+02 sec ################


============================================================
                      Convergence rate
------------------------------------------------------------
Iter    OrbError       Property                   Update  
------------------------------------------------------------
  1    2.54508e-03    -1.245858719331198e+02   -1.24586e+02
  2    6.17186e-04    -1.245858808019068e+02   -8.86879e-06
  3    2.84634e-04    -1.245858815942854e+02   -7.92379e-07
  4    1.07977e-04    -1.245858818122920e+02   -2.18007e-07
  5    1.21612e-04    -1.245858818707866e+02   -5.84946e-08
  6    1.97366e-05    -1.245858819092356e+02   -3.84490e-08
  7    1.63508e-05    -1.245858819115015e+02   -2.26584e-09
  8    5.31744e-06    -1.245858819123274e+02   -8.25963e-10
  9    2.01340e-06    -1.245858819124394e+02   -1.11982e-10
 10    6.20831e-07    -1.245858819124511e+02   -1.16529e-11
------------------------------------------------------------
                      SCF converged!!!                      
============================================================


============================================================
                  Digonalizing Fock matrix
------------------------------------------------------------
 Computing Lowdin matrix                        3.44365e-01
 Diagonalizing matrix                           1.35590e-05
 Rotating orbitals                              1.96004e+00
------------------------------------------------------------
                 Wall time: 2.30451e+00 sec 
============================================================


============================================================
                  Setting up Fock operator
------------------------------------------------------------
 Precision                                      1.00000e-07
------------------------------------------------------------
 Coulomb density                      1000      1.60208e+00
 Coulomb potential                     552      4.81315e+01
 Allreduce potential                   648      5.71124e+00
 XC total density                     1416      2.66396e+00
 XC evaluate xcfun                    7080      2.30344e+01
 XC energy                            1416      1.58299e-04
 XC potential                         1416      6.47922e-01
------------------------------------------------------------
                 Wall time: 8.22895e+01 sec 
============================================================


============================================================
                   Calculating SCF energy
------------------------------------------------------------
------------------------------------------------------------
                 Wall time: 2.67249e+01 sec 
============================================================


============================================================
                 Calculating dipole moment
------------------------------------------------------------
------------------------------------------------------------
                 Wall time: 9.72486e+00 sec 
============================================================


============================================================
                        Fock matrix
------------------------------------------------------------
-2.43459e+01  0.00000e+00  0.00000e+00  0.00000e+00  0.00000e+00  0.00000e+00  0.00000e+00
 0.00000e+00 -6.61408e+00  0.00000e+00  0.00000e+00  0.00000e+00  0.00000e+00  0.00000e+00
 0.00000e+00  0.00000e+00 -1.19795e+00  0.00000e+00  0.00000e+00  0.00000e+00  0.00000e+00
 0.00000e+00  0.00000e+00  0.00000e+00 -5.58969e-01  0.00000e+00  0.00000e+00  0.00000e+00
 0.00000e+00  0.00000e+00  0.00000e+00  0.00000e+00 -4.73953e-01  0.00000e+00  0.00000e+00
 0.00000e+00  0.00000e+00  0.00000e+00  0.00000e+00  0.00000e+00 -4.73953e-01  0.00000e+00
 0.00000e+00  0.00000e+00  0.00000e+00  0.00000e+00  0.00000e+00  0.00000e+00 -2.47776e-01
============================================================


============================================================
                      Orbital energies
------------------------------------------------------------
    n  spin  occ                            epsilon  
------------------------------------------------------------
    0    p    2                      -2.434594422671993e+01
    1    p    2                      -6.614077052530012e+00
    2    p    2                      -1.197954824053845e+00
    3    p    2                      -5.589690120827155e-01
    4    p    2                      -4.739529560814994e-01
    5    p    2                      -4.739529560565629e-01
    6    p    2                      -2.477760104544882e-01
============================================================


============================================================
                          Molecule
------------------------------------------------------------
 Nr  Element             x             y             z      
------------------------------------------------------------
  1     B           0.00000e+00   0.00000e+00   0.00000e+00
  2     F           0.00000e+00   0.00000e+00   2.39409e+00
------------------------------------------------------------
 Center of mass:    0.00000e+00   0.00000e+00   1.52583e+00
============================================================


                                                            
============================================================
                         SCF Energy                         
------------------------------------------------------------
                                                            
 Sum orbital energy:                 -6.782525407595810e+01
 Kinetic energy:                      1.242226933004569e+02
 E-N energy:                         -3.329541196501393e+02
 Coulomb energy:                      7.963341603041380e+01
 Exchange energy:                     0.000000000000000e+00
 X-C energy:                         -1.428451971720089e+01
 El. external field energy:           2.072548808039216e-04
 Nuc. external field energy:          1.852816771233997e-04
                                                            
------------------------------------------------------------
                                                            
 Electronic energy:                  -1.433823227815886e+02
 Nuclear energy:                      1.879644086565124e+01
                                                            
------------------------------------------------------------
                                                            
 Total energy       (au)             -1.245858819159374e+02
                    (kJ/mol)         -3.271001856276585e+05
                    (kcal/mol)       -7.817882060596657e+04
                    (eV)             -3.390154404608404e+03
                                                            
============================================================
                                                            

                                                            
============================================================
                         Dipole moment                      
------------------------------------------------------------
                                                            
 Length of vector:   (au)                  3.9253655793e-01
                     (Debye)               9.9772831666e-01
                                                            
-------------------------- Total ---------------------------
                                                            
 [-9.2183971703e-09, -4.2952293294e-08,  3.9253655793e-01] 
                                                            
------------------------- Nuclear --------------------------
                                                            
 [-9.1306618502e-12, -9.2673594899e-12,  1.8528167712e-01] 
                                                            
------------------------ Electronic ------------------------
                                                            
 [-9.2092665085e-09, -4.2943025934e-08,  2.0725488080e-01] 
                                                            
============================================================
                                                            



************************************************************
***                                                      ***
***                    Exiting MRChem                    ***
***                                                      ***
***               Wall time: 4.211805e+03                ***
***                                                      ***
************************************************************


