


************************************************************
***     __  __ ____   ____ _                             ***
***    |  \/  |  _ \ / ___| |__   ___ _ __ ___           ***
***    | |\/| | |_) | |   | '_ \ / _ \ '_ ` _ \          ***
***    | |  | |  _ <| |___| | | |  __/ | | | | |         ***
***    |_|  |_|_| \_\\____|_| |_|\___|_| |_| |_|         ***
***                                                      ***
***    VERSION 0.0.1 (rev. 1c6f79f)                     ***
***                                                      ***
***    Stig Rune Jensen <stig.r.jensen@uit.no>           ***
***    Luca Frediani    <luca.frediani@uit.no>           ***
***    Peter Wind       <peter.wind@uit.no>              ***
***                                                      ***
************************************************************


+++ Parallel execution: 
  MPI hosts available     : 4
  Threads/host            : 2
  Total used CPUs         : 8


------------------------------------------------------------

 MRCPP version   : X.Y.Z
 Git revision    : bbc2aed

 Linear algebra  : EIGEN
 Parallelization : MPI/OpenMP

------------------------------------------------------------




============================================================
                  MultiResolution Analysis                  
------------------------------------------------------------
 polynomial order = 11
 polynomial type  = Interpolating
------------------------------------------------------------
 total boxes      = 8
 boxes            = [           2           2           2 ]
 unit lengths     = [    32.00000    32.00000    32.00000 ]
 scaling factor   = [     1.00000     1.00000     1.00000 ]
 lower bounds     = [   -32.00000   -32.00000   -32.00000 ]
 upper bounds     = [    32.00000    32.00000    32.00000 ]
 total length     = [    64.00000    64.00000    64.00000 ]
============================================================


============================================================
                          Molecule
------------------------------------------------------------
 Nr  Element             x             y             z      
------------------------------------------------------------
  1     B           0.00000e+00   0.00000e+00   0.00000e+00
  2     H           0.00000e+00   9.24076e-01   2.02957e+00
  3     H           0.00000e+00   9.24076e-01  -2.02957e+00
------------------------------------------------------------
 Center of mass:    0.00000e+00   1.45228e-01   0.00000e+00
============================================================


============================================================
                Setting up nuclear potential
------------------------------------------------------------
 Nr  Element         Charge        Precision     Smoothing 
------------------------------------------------------------
  1     B           5.00000e+00   1.00000e-07   5.18258e-05
  2     H           1.00000e+00   1.00000e-07   7.57698e-04
  3     H           1.00000e+00   1.00000e-07   7.57698e-04
------------------------------------------------------------
 Nuclear potential                    1288      1.23519e+00
 Allreduce potential                  2408      9.17599e-01
------------------------------------------------------------
                 Wall time: 2.15291e+00 sec 
============================================================


============================================================
 OrbitalVector:   7 orbitals     7 occupied     7 electrons
------------------------------------------------------------
   n  RankID           Norm          Spin Occ      Error    
------------------------------------------------------------
   0     0       1.000000000000e+00    a   1    1.00000e+00
   1     1      -1.000000000000e+00    a   1    1.00000e+00
   2     2      -1.000000000000e+00    a   1    1.00000e+00
   3     3      -1.000000000000e+00    a   1    1.00000e+00
   4     0       1.000000000000e+00    b   1    1.00000e+00
   5     1      -1.000000000000e+00    b   1    1.00000e+00
   6     2      -1.000000000000e+00    b   1    1.00000e+00
============================================================


============================================================
                  Setting up Fock operator
------------------------------------------------------------
 Precision                                      1.00000e-07
------------------------------------------------------------
 Coulomb density                       776      1.72576e+00
 Coulomb potential                     456      3.96304e+01
 Allreduce potential                   488      8.39240e-01
 XC alpha density                     1288      1.65368e+00
 XC beta density                      1288      1.68670e+00
 XC evaluate xcfun                    3864      9.33542e+00
 XC energy                            1288      1.67181e-04
 XC potential                         2576      1.65924e-01
------------------------------------------------------------
                 Wall time: 5.50697e+01 sec 
============================================================


============================================================
                  Calculating Fock matrix
------------------------------------------------------------
 Kinetic part                         8.043122983000000e+00
 Potential part                       2.043540526700000e+01
------------------------------------------------------------
                 Wall time: 2.84786e+01 sec 
============================================================




####################### SCF cycle  1 #######################


============================================================
 Current precision                              1.00000e-07
------------------------------------------------------------
 Orbital threshold                              1.00000e-06
 Property threshold                            -1.00000e+00
============================================================


============================================================
                  Digonalizing Fock matrix
------------------------------------------------------------
 Computing Lowdin matrix                        4.06915e-01
 Diagonalizing matrix                           1.47190e-05
 Rotating orbitals                              1.27603e+00
------------------------------------------------------------
                 Wall time: 1.68304e+00 sec 
============================================================


============================================================
                   Calculating SCF energy
------------------------------------------------------------
 Nuclear energy                       4.731425424802901e+00
 Electronic energy                   -3.034278235245972e+01
------------------------------------------------------------
 Total energy                        -2.561135692765682e+01
------------------------------------------------------------
                 Wall time: 1.67137e+01 sec 
============================================================


============================================================
                Rotating Helmholtz argument
------------------------------------------------------------
 Rotating orbitals                              5.08306e-01
------------------------------------------------------------
                 Wall time: 5.08389e-01 sec 
============================================================


============================================================
                Applying Helmholtz operators
------------------------------------------------------------
 Orb    RealNorm   Nodes     ImagNorm   Nodes     Timing
------------------------------------------------------------
  0    1.00000e+00   744    0.00000e+00     0   8.33424e+01
  4    1.00000e+00   744    0.00000e+00     0   8.33964e+01
------------------------------------------------------------
                 Wall time: 1.66739e+02 sec 
============================================================


============================================================
                 Lowdin orthonormalization
------------------------------------------------------------
 Computing Lowdin matrix                        5.94712e+01
 Rotating orbitals                              1.13524e+00
------------------------------------------------------------
                 Wall time: 6.06066e+01 sec 
============================================================


============================================================
               Iterative subspace accelerator
------------------------------------------------------------
 Push back orbitals                             1.15687e-01
 Copy orbitals                                  7.73671e-02
 Copy orbital updates                           7.74102e-02
------------------------------------------------------------
                 Wall time: 2.70592e-01 sec 
============================================================


============================================================
                 Lowdin orthonormalization
------------------------------------------------------------
 Computing Lowdin matrix                        3.65877e-01
 Rotating orbitals                              6.62771e-01
------------------------------------------------------------
                 Wall time: 1.02871e+00 sec 
============================================================


============================================================
                  Setting up Fock operator
------------------------------------------------------------
 Precision                                      1.00000e-07
------------------------------------------------------------
 Coulomb density                       776      1.46818e+00
 Coulomb potential                     456      4.00015e+01
 Allreduce potential                   488      1.66145e+00
 XC alpha density                     1288      1.51104e+00
 XC beta density                      1288      1.52228e+00
 XC evaluate xcfun                    3864      9.29807e+00
 XC energy                            1288      1.58113e-04
 XC potential                         2576      1.23438e-01
------------------------------------------------------------
                 Wall time: 5.56121e+01 sec 
============================================================


============================================================
                  Calculating Fock matrix
------------------------------------------------------------
 Kinetic part                         6.521407838000000e+00
 Potential part                       1.759473730500000e+01
------------------------------------------------------------
                 Wall time: 2.41163e+01 sec 
============================================================


============================================================
                          Orbitals
------------------------------------------------------------
 Orb    F(i,i)        Error         nNodes  Spin  Occ  Done 
------------------------------------------------------------
  0  -6.48803e+00   1.86354e-05        744    a    1    0
  1  -4.59801e-01   6.01495e-04          0    a    1    0
  2  -3.42344e-01   1.16767e-03          0    a    1    0
  3  -1.76391e-01   3.96442e-03          0    a    1    0
  4  -6.47629e+00   4.73078e-05        744    b    1    0
  5  -4.38830e-01   1.36624e-03          0    b    1    0
  6  -3.29771e-01   1.18524e-03          0    b    1    0
------------------------------------------------------------
 Total error:                            4.55147e-03    0
============================================================


============================================================
                    Energy                 Update      Done 
------------------------------------------------------------
 Orbital      -1.471166427885914e+01    -1.47117e+01    1
 Kinetic       2.540866797856188e+01     2.54087e+01    1
 N-E          -6.839353524168922e+01    -6.83935e+01    1
 Coulomb       1.700429724822628e+01     1.70043e+01    1
 Exchange      0.000000000000000e+00     0.00000e+00    1
 X-C          -4.361592272746126e+00    -4.36159e+00    1
------------------------------------------------------------
 Electronic   -3.034278235245972e+01    -3.03428e+01    1
 Nuclear       4.731425424802901e+00     4.73143e+00    1
------------------------------------------------------------
 Total        -2.561135692765682e+01    -2.56114e+01    1
============================================================


################ Wall time: 3.27497e+02 sec ################




####################### SCF cycle  2 #######################


============================================================
 Current precision                              1.00000e-07
------------------------------------------------------------
 Orbital threshold                              1.00000e-06
 Property threshold                            -1.00000e+00
============================================================


============================================================
                  Digonalizing Fock matrix
------------------------------------------------------------
 Computing Lowdin matrix                        3.14299e-01
 Diagonalizing matrix                           1.19580e-05
 Rotating orbitals                              1.18473e+00
------------------------------------------------------------
                 Wall time: 1.49912e+00 sec 
============================================================


============================================================
                   Calculating SCF energy
------------------------------------------------------------
 Nuclear energy                       4.731425424802901e+00
 Electronic energy                   -3.034279318620683e+01
------------------------------------------------------------
 Total energy                        -2.561136776140393e+01
------------------------------------------------------------
                 Wall time: 1.66923e+01 sec 
============================================================


============================================================
                Rotating Helmholtz argument
------------------------------------------------------------
 Rotating orbitals                              5.03517e-01
------------------------------------------------------------
                 Wall time: 5.03596e-01 sec 
============================================================


============================================================
                Applying Helmholtz operators
------------------------------------------------------------
 Orb    RealNorm   Nodes     ImagNorm   Nodes     Timing
------------------------------------------------------------
  0    1.00000e+00   744    0.00000e+00     0   8.39122e+01
  4    1.00000e+00   744    0.00000e+00     0   8.35901e+01
------------------------------------------------------------
                 Wall time: 1.67503e+02 sec 
============================================================


============================================================
                 Lowdin orthonormalization
------------------------------------------------------------
 Computing Lowdin matrix                        5.80153e+01
 Rotating orbitals                              1.14220e+00
------------------------------------------------------------
                 Wall time: 5.91575e+01 sec 
============================================================


============================================================
               Iterative subspace accelerator
------------------------------------------------------------
 Push back orbitals                             1.08503e-01
 Copy orbitals                                  7.74780e-02
 Copy orbital updates                           7.68359e-02
------------------------------------------------------------
                 Wall time: 2.62938e-01 sec 
============================================================


============================================================
                 Lowdin orthonormalization
------------------------------------------------------------
 Computing Lowdin matrix                        3.64552e-01
 Rotating orbitals                              6.63291e-01
------------------------------------------------------------
                 Wall time: 1.02791e+00 sec 
============================================================


============================================================
                  Setting up Fock operator
------------------------------------------------------------
 Precision                                      1.00000e-07
------------------------------------------------------------
 Coulomb density                       776      1.46688e+00
 Coulomb potential                     456      4.00891e+01
 Allreduce potential                   488      2.11134e+00
 XC alpha density                     1288      1.54314e+00
 XC beta density                      1288      1.54378e+00
 XC evaluate xcfun                    3864      9.32659e+00
 XC energy                            1288      1.60940e-04
 XC potential                         2576      1.23272e-01
------------------------------------------------------------
                 Wall time: 5.62302e+01 sec 
============================================================


============================================================
                  Calculating Fock matrix
------------------------------------------------------------
 Kinetic part                         6.470112278000000e+00
 Potential part                       1.759272010100000e+01
------------------------------------------------------------
                 Wall time: 2.40629e+01 sec 
============================================================


============================================================
                          Orbitals
------------------------------------------------------------
 Orb    F(i,i)        Error         nNodes  Spin  Occ  Done 
------------------------------------------------------------
  0  -6.48803e+00   1.07197e-05        744    a    1    0
  1  -4.59765e-01   2.57986e-04          0    a    1    0
  2  -3.42308e-01   1.92811e-04          0    a    1    0
  3  -1.76419e-01   1.19748e-03          0    a    1    0
  4  -6.47627e+00   2.06008e-05        744    b    1    0
  5  -4.38786e-01   2.91106e-04          0    b    1    0
  6  -3.29732e-01   1.95447e-04          0    b    1    0
------------------------------------------------------------
 Total error:                            1.28887e-03    0
============================================================


============================================================
                    Energy                 Update      Done 
------------------------------------------------------------
 Orbital      -1.471144974870709e+01     2.14530e-04    1
 Kinetic       2.540887173904279e+01     2.03760e-04    1
 N-E          -6.839389443494548e+01    -3.59193e-04    1
 Coulomb       1.700455367536274e+01     2.56427e-04    1
 Exchange      0.000000000000000e+00     0.00000e+00    1
 X-C          -4.361686761910222e+00    -9.44892e-05    1
------------------------------------------------------------
 Electronic   -3.034279318620683e+01    -1.08337e-05    1
 Nuclear       4.731425424802901e+00     0.00000e+00    1
------------------------------------------------------------
 Total        -2.561136776140393e+01    -1.08337e-05    1
============================================================


################ Wall time: 3.27171e+02 sec ################




####################### SCF cycle  3 #######################


============================================================
 Current precision                              1.00000e-07
------------------------------------------------------------
 Orbital threshold                              1.00000e-06
 Property threshold                            -1.00000e+00
============================================================


============================================================
                   Calculating SCF energy
------------------------------------------------------------
 Nuclear energy                       4.731425424802901e+00
 Electronic energy                   -3.034279414102026e+01
------------------------------------------------------------
 Total energy                        -2.561136871621736e+01
------------------------------------------------------------
                 Wall time: 1.78552e+01 sec 
============================================================


============================================================
                Rotating Helmholtz argument
------------------------------------------------------------
 Rotating orbitals                              1.29643e+00
------------------------------------------------------------
                 Wall time: 1.29653e+00 sec 
============================================================


============================================================
                Applying Helmholtz operators
------------------------------------------------------------
 Orb    RealNorm   Nodes     ImagNorm   Nodes     Timing
------------------------------------------------------------
  0    1.00000e+00   744    0.00000e+00     0   8.54726e+01
  4    1.00000e+00   744    0.00000e+00     0   8.62655e+01
------------------------------------------------------------
                 Wall time: 1.71741e+02 sec 
============================================================


============================================================
                 Lowdin orthonormalization
------------------------------------------------------------
 Computing Lowdin matrix                        5.03042e+01
 Rotating orbitals                              1.13585e+00
------------------------------------------------------------
                 Wall time: 5.14401e+01 sec 
============================================================


============================================================
               Iterative subspace accelerator
------------------------------------------------------------
 Push back orbitals                             1.24381e-01
 Setup linear system                            2.72805e-01
 Solve linear system                            1.23550e-05
 Expand solution                                1.04748e+00
------------------------------------------------------------
                 Wall time: 1.44481e+00 sec 
============================================================


============================================================
                 Lowdin orthonormalization
------------------------------------------------------------
 Computing Lowdin matrix                        5.02349e-01
 Rotating orbitals                              1.14383e+00
------------------------------------------------------------
                 Wall time: 1.64626e+00 sec 
============================================================


============================================================
                  Setting up Fock operator
------------------------------------------------------------
 Precision                                      1.00000e-07
------------------------------------------------------------
 Coulomb density                       776      1.48057e+00
 Coulomb potential                     456      4.07273e+01
 Allreduce potential                   488      2.30008e+00
 XC alpha density                     1288      1.50779e+00
 XC beta density                      1288      1.51649e+00
 XC evaluate xcfun                    3864      9.43683e+00
 XC energy                            1288      1.73082e-04
 XC potential                         2576      1.23959e-01
------------------------------------------------------------
                 Wall time: 5.71194e+01 sec 
============================================================


============================================================
                  Calculating Fock matrix
------------------------------------------------------------
 Kinetic part                         6.557116922000000e+00
 Potential part                       1.830493020800000e+01
------------------------------------------------------------
                 Wall time: 2.48622e+01 sec 
============================================================


============================================================
                          Orbitals
------------------------------------------------------------
 Orb    F(i,i)        Error         nNodes  Spin  Occ  Done 
------------------------------------------------------------
  0  -6.48803e+00   1.08669e-05        744    a    1    0
  1  -4.59743e-01   1.58150e-04          0    a    1    0
  2  -3.42284e-01   7.67465e-05          0    a    1    0
  3  -1.76433e-01   6.39660e-04          0    a    1    0
  4  -6.47627e+00   1.92500e-05        744    b    1    0
  5  -4.38761e-01   2.03735e-04          0    b    1    0
  6  -3.29707e-01   9.35959e-05          0    b    1    0
------------------------------------------------------------
 Total error:                            7.00588e-04    0
============================================================


============================================================
                    Energy                 Update      Done 
------------------------------------------------------------
 Orbital      -1.471130992907492e+01     1.39820e-04    1
 Kinetic       2.540902817648916e+01     1.56437e-04    1
 N-E          -6.839415747065634e+01    -2.63036e-04    1
 Coulomb       1.700470955821237e+01     1.55883e-04    1
 Exchange      0.000000000000000e+00     0.00000e+00    1
 X-C          -4.361732670562089e+00    -4.59087e-05    1
------------------------------------------------------------
 Electronic   -3.034279414102026e+01    -9.54813e-07    1
 Nuclear       4.731425424802901e+00     0.00000e+00    1
------------------------------------------------------------
 Total        -2.561136871621736e+01    -9.54813e-07    1
============================================================


################ Wall time: 3.27828e+02 sec ################




####################### SCF cycle  4 #######################


============================================================
 Current precision                              1.00000e-07
------------------------------------------------------------
 Orbital threshold                              1.00000e-06
 Property threshold                            -1.00000e+00
============================================================


============================================================
                   Calculating SCF energy
------------------------------------------------------------
 Nuclear energy                       4.731425424802901e+00
 Electronic energy                   -3.034279435746588e+01
------------------------------------------------------------
 Total energy                        -2.561136893266298e+01
------------------------------------------------------------
                 Wall time: 1.87916e+01 sec 
============================================================


============================================================
                Rotating Helmholtz argument
------------------------------------------------------------
 Rotating orbitals                              1.28782e+00
------------------------------------------------------------
                 Wall time: 1.28791e+00 sec 
============================================================


============================================================
                Applying Helmholtz operators
------------------------------------------------------------
 Orb    RealNorm   Nodes     ImagNorm   Nodes     Timing
------------------------------------------------------------
  0    1.00000e+00   744    0.00000e+00     0   8.76452e+01
  4    1.00000e+00   744    0.00000e+00     0   8.68808e+01
------------------------------------------------------------
                 Wall time: 1.74532e+02 sec 
============================================================


============================================================
                 Lowdin orthonormalization
------------------------------------------------------------
 Computing Lowdin matrix                        5.18382e+01
 Rotating orbitals                              1.16182e+00
------------------------------------------------------------
                 Wall time: 5.30001e+01 sec 
============================================================


============================================================
               Iterative subspace accelerator
------------------------------------------------------------
 Push back orbitals                             1.36827e-01
 Setup linear system                            7.98727e-01
 Solve linear system                            1.55040e-05
 Expand solution                                1.88228e+00
------------------------------------------------------------
                 Wall time: 2.81799e+00 sec 
============================================================


============================================================
                 Lowdin orthonormalization
------------------------------------------------------------
 Computing Lowdin matrix                        5.73466e-01
 Rotating orbitals                              1.25997e+00
------------------------------------------------------------
                 Wall time: 1.83352e+00 sec 
============================================================


============================================================
                  Setting up Fock operator
------------------------------------------------------------
 Precision                                      1.00000e-07
------------------------------------------------------------
 Coulomb density                       776      1.50026e+00
 Coulomb potential                     456      4.23753e+01
 Allreduce potential                   488      1.21450e+00
 XC alpha density                     1288      1.63937e+00
 XC beta density                      1288      1.65065e+00
 XC evaluate xcfun                    3864      9.55480e+00
 XC energy                            1288      1.68885e-04
 XC potential                         2576      1.26612e-01
------------------------------------------------------------
                 Wall time: 5.80888e+01 sec 
============================================================


============================================================
                  Calculating Fock matrix
------------------------------------------------------------
 Kinetic part                         6.133053186000000e+00
 Potential part                       1.828059630600000e+01
------------------------------------------------------------
                 Wall time: 2.44138e+01 sec 
============================================================


============================================================
                          Orbitals
------------------------------------------------------------
 Orb    F(i,i)        Error         nNodes  Spin  Occ  Done 
------------------------------------------------------------
  0  -6.48804e+00   5.65653e-06        744    a    1    0
  1  -4.59737e-01   3.06818e-05          0    a    1    0
  2  -3.42277e-01   3.95145e-05          0    a    1    0
  3  -1.76439e-01   8.70048e-05          0    a    1    0
  4  -6.47628e+00   1.13940e-05        744    b    1    0
  5  -4.38756e-01   1.27437e-04          0    b    1    0
  6  -3.29700e-01   4.41606e-05          0    b    1    0
------------------------------------------------------------
 Total error:                            1.68596e-04    0
============================================================


============================================================
                    Energy                 Update      Done 
------------------------------------------------------------
 Orbital      -1.471123074179051e+01     7.91873e-05    1
 Kinetic       2.540912330020159e+01     9.51237e-05    1
 N-E          -6.839430759588579e+01    -1.50125e-04    1
 Coulomb       1.700480015220778e+01     9.05940e-05    1
 Exchange      0.000000000000000e+00     0.00000e+00    1
 X-C          -4.361766367616221e+00    -3.36971e-05    1
------------------------------------------------------------
 Electronic   -3.034279435746588e+01    -2.16446e-07    1
 Nuclear       4.731425424802901e+00     0.00000e+00    1
------------------------------------------------------------
 Total        -2.561136893266298e+01    -2.16446e-07    1
============================================================


################ Wall time: 3.35257e+02 sec ################




####################### SCF cycle  5 #######################


============================================================
 Current precision                              1.00000e-07
------------------------------------------------------------
 Orbital threshold                              1.00000e-06
 Property threshold                            -1.00000e+00
============================================================


============================================================
                   Calculating SCF energy
------------------------------------------------------------
 Nuclear energy                       4.731425424802901e+00
 Electronic energy                   -3.034279439579725e+01
------------------------------------------------------------
 Total energy                        -2.561136897099435e+01
------------------------------------------------------------
                 Wall time: 1.80223e+01 sec 
============================================================


============================================================
                Rotating Helmholtz argument
------------------------------------------------------------
 Rotating orbitals                              1.30215e+00
------------------------------------------------------------
                 Wall time: 1.30224e+00 sec 
============================================================


============================================================
                Applying Helmholtz operators
------------------------------------------------------------
 Orb    RealNorm   Nodes     ImagNorm   Nodes     Timing
------------------------------------------------------------
  0    1.00000e+00   744    0.00000e+00     0   9.00811e+01
  4    1.00000e+00   744    0.00000e+00     0   8.86421e+01
------------------------------------------------------------
                 Wall time: 1.78724e+02 sec 
============================================================


============================================================
                 Lowdin orthonormalization
------------------------------------------------------------
 Computing Lowdin matrix                        4.81480e+01
 Rotating orbitals                              1.16788e+00
------------------------------------------------------------
                 Wall time: 4.93159e+01 sec 
============================================================


============================================================
               Iterative subspace accelerator
------------------------------------------------------------
 Push back orbitals                             1.33664e-01
 Setup linear system                            1.67629e+00
 Solve linear system                            1.08830e-05
 Expand solution                                2.48258e+00
------------------------------------------------------------
                 Wall time: 4.29267e+00 sec 
============================================================


============================================================
                 Lowdin orthonormalization
------------------------------------------------------------
 Computing Lowdin matrix                        5.87086e-01
 Rotating orbitals                              1.28503e+00
------------------------------------------------------------
                 Wall time: 1.87221e+00 sec 
============================================================


============================================================
                  Setting up Fock operator
------------------------------------------------------------
 Precision                                      1.00000e-07
------------------------------------------------------------
 Coulomb density                       776      1.51710e+00
 Coulomb potential                     456      4.06456e+01
 Allreduce potential                   488      4.29266e+00
 XC alpha density                     1288      1.69169e+00
 XC beta density                      1288      1.72231e+00
 XC evaluate xcfun                    3864      9.46860e+00
 XC energy                            1288      1.77941e-04
 XC potential                         2576      1.27776e-01
------------------------------------------------------------
                 Wall time: 5.94923e+01 sec 
============================================================


============================================================
                  Calculating Fock matrix
------------------------------------------------------------
 Kinetic part                         6.628611541000000e+00
 Potential part                       1.780146918000000e+01
------------------------------------------------------------
                 Wall time: 2.44302e+01 sec 
============================================================


============================================================
                          Orbitals
------------------------------------------------------------
 Orb    F(i,i)        Error         nNodes  Spin  Occ  Done 
------------------------------------------------------------
  0  -6.48805e+00   3.38966e-06        744    a    1    0
  1  -4.59731e-01   1.74983e-05          0    a    1    0
  2  -3.42271e-01   2.15990e-05          0    a    1    0
  3  -1.76445e-01   4.86685e-05          0    a    1    0
  4  -6.47628e+00   9.90978e-06        744    b    1    0
  5  -4.38752e-01   1.41748e-04          0    b    1    0
  6  -3.29696e-01   3.11922e-05          0    b    1    0
------------------------------------------------------------
 Total error:                            1.55938e-04    0
============================================================


============================================================
                    Energy                 Update      Done 
------------------------------------------------------------
 Orbital      -1.471122688512126e+01     3.85667e-06    1
 Kinetic       2.540913659469593e+01     1.32945e-05    1
 N-E          -6.839431648160765e+01    -8.88572e-06    1
 Coulomb       1.700480834988440e+01     8.19768e-06    1
 Exchange      0.000000000000000e+00     0.00000e+00    1
 X-C          -4.361778805646169e+00    -1.24380e-05    1
------------------------------------------------------------
 Electronic   -3.034279439579725e+01    -3.83314e-08    1
 Nuclear       4.731425424802901e+00     0.00000e+00    1
------------------------------------------------------------
 Total        -2.561136897099435e+01    -3.83314e-08    1
============================================================


################ Wall time: 3.37955e+02 sec ################




####################### SCF cycle  6 #######################


============================================================
 Current precision                              1.00000e-07
------------------------------------------------------------
 Orbital threshold                              1.00000e-06
 Property threshold                            -1.00000e+00
============================================================


============================================================
                   Calculating SCF energy
------------------------------------------------------------
 Nuclear energy                       4.731425424802901e+00
 Electronic energy                   -3.034279440992733e+01
------------------------------------------------------------
 Total energy                        -2.561136898512443e+01
------------------------------------------------------------
                 Wall time: 1.91027e+01 sec 
============================================================


============================================================
                Rotating Helmholtz argument
------------------------------------------------------------
 Rotating orbitals                              1.31417e+00
------------------------------------------------------------
                 Wall time: 1.31426e+00 sec 
============================================================


============================================================
                Applying Helmholtz operators
------------------------------------------------------------
 Orb    RealNorm   Nodes     ImagNorm   Nodes     Timing
------------------------------------------------------------
  0    1.00000e+00   744    0.00000e+00     0   9.25210e+01
  4    1.00000e+00   744    0.00000e+00     0   9.05529e+01
------------------------------------------------------------
                 Wall time: 1.83077e+02 sec 
============================================================


============================================================
                 Lowdin orthonormalization
------------------------------------------------------------
 Computing Lowdin matrix                        4.92164e+01
 Rotating orbitals                              1.08579e+00
------------------------------------------------------------
                 Wall time: 5.03022e+01 sec 
============================================================


============================================================
               Iterative subspace accelerator
------------------------------------------------------------
 Push back orbitals                             1.92831e-01
 Setup linear system                            1.71841e+00
 Solve linear system                            1.11430e-05
 Expand solution                                2.61168e+00
------------------------------------------------------------
                 Wall time: 4.52306e+00 sec 
============================================================


============================================================
                 Lowdin orthonormalization
------------------------------------------------------------
 Computing Lowdin matrix                        6.75678e-01
 Rotating orbitals                              1.39751e+00
------------------------------------------------------------
                 Wall time: 2.07327e+00 sec 
============================================================


============================================================
                  Setting up Fock operator
------------------------------------------------------------
 Precision                                      1.00000e-07
------------------------------------------------------------
 Coulomb density                       776      1.50952e+00
 Coulomb potential                     456      4.19227e+01
 Allreduce potential                   488      4.78555e+00
 XC alpha density                     1288      1.66641e+00
 XC beta density                      1288      1.69663e+00
 XC evaluate xcfun                    3864      9.50533e+00
 XC energy                            1288      1.76192e-04
 XC potential                         2576      1.26804e-01
------------------------------------------------------------
                 Wall time: 6.12401e+01 sec 
============================================================


============================================================
                  Calculating Fock matrix
------------------------------------------------------------
 Kinetic part                         6.197643183000000e+00
 Potential part                       1.891048987000000e+01
------------------------------------------------------------
                 Wall time: 2.51082e+01 sec 
============================================================


============================================================
                          Orbitals
------------------------------------------------------------
 Orb    F(i,i)        Error         nNodes  Spin  Occ  Done 
------------------------------------------------------------
  0  -6.48805e+00   4.54575e-07        744    a    1    1
  1  -4.59730e-01   3.39171e-06          0    a    1    0
  2  -3.42271e-01   5.30381e-06          0    a    1    0
  3  -1.76445e-01   1.18243e-05          0    a    1    0
  4  -6.47628e+00   5.86965e-07        744    b    1    1
  5  -4.38752e-01   1.83458e-05          0    b    1    0
  6  -3.29696e-01   2.35197e-06          0    b    1    0
------------------------------------------------------------
 Total error:                            2.28495e-05    0
============================================================


============================================================
                    Energy                 Update      Done 
------------------------------------------------------------
 Orbital      -1.471122474548236e+01     2.13964e-06    1
 Kinetic       2.540914119383089e+01     4.59913e-06    1
 N-E          -6.839431694727602e+01    -4.65668e-07    1
 Coulomb       1.700481398166265e+01     5.63178e-06    1
 Exchange      0.000000000000000e+00     0.00000e+00    1
 X-C          -4.361788448829594e+00    -9.64318e-06    1
------------------------------------------------------------
 Electronic   -3.034279440992733e+01    -1.41301e-08    1
 Nuclear       4.731425424802901e+00     0.00000e+00    1
------------------------------------------------------------
 Total        -2.561136898512443e+01    -1.41301e-08    1
============================================================


################ Wall time: 3.47321e+02 sec ################




####################### SCF cycle  7 #######################


============================================================
 Current precision                              1.00000e-07
------------------------------------------------------------
 Orbital threshold                              1.00000e-06
 Property threshold                            -1.00000e+00
============================================================


============================================================
                   Calculating SCF energy
------------------------------------------------------------
 Nuclear energy                       4.731425424802901e+00
 Electronic energy                   -3.034279441062332e+01
------------------------------------------------------------
 Total energy                        -2.561136898582042e+01
------------------------------------------------------------
                 Wall time: 1.88929e+01 sec 
============================================================


============================================================
                Rotating Helmholtz argument
------------------------------------------------------------
 Rotating orbitals                              1.32364e+00
------------------------------------------------------------
                 Wall time: 1.32374e+00 sec 
============================================================


============================================================
                Applying Helmholtz operators
------------------------------------------------------------
 Orb    RealNorm   Nodes     ImagNorm   Nodes     Timing
------------------------------------------------------------
  0    1.00000e+00   744    0.00000e+00     0   9.38245e+01
  4    1.00000e+00   744    0.00000e+00     0   9.03509e+01
------------------------------------------------------------
                 Wall time: 1.84176e+02 sec 
============================================================


============================================================
                 Lowdin orthonormalization
------------------------------------------------------------
 Computing Lowdin matrix                        4.67585e+01
 Rotating orbitals                              1.17419e+00
------------------------------------------------------------
                 Wall time: 4.79327e+01 sec 
============================================================


============================================================
               Iterative subspace accelerator
------------------------------------------------------------
 Push back orbitals                             1.48990e-01
 Setup linear system                            1.73134e+00
 Solve linear system                            1.07560e-05
 Expand solution                                2.45918e+00
------------------------------------------------------------
                 Wall time: 4.33966e+00 sec 
============================================================


============================================================
                 Lowdin orthonormalization
------------------------------------------------------------
 Computing Lowdin matrix                        6.24121e-01
 Rotating orbitals                              1.32015e+00
------------------------------------------------------------
                 Wall time: 1.94436e+00 sec 
============================================================


============================================================
                  Setting up Fock operator
------------------------------------------------------------
 Precision                                      1.00000e-07
------------------------------------------------------------
 Coulomb density                       776      1.56725e+00
 Coulomb potential                     456      4.24483e+01
 Allreduce potential                   488      1.57417e+00
 XC alpha density                     1288      1.66498e+00
 XC beta density                      1288      1.66935e+00
 XC evaluate xcfun                    3864      9.57274e+00
 XC energy                            1288      1.74165e-04
 XC potential                         2576      1.28692e-01
------------------------------------------------------------
                 Wall time: 5.86524e+01 sec 
============================================================


============================================================
                  Calculating Fock matrix
------------------------------------------------------------
 Kinetic part                         6.433224484000000e+00
 Potential part                       1.920207986500000e+01
------------------------------------------------------------
                 Wall time: 2.56354e+01 sec 
============================================================


============================================================
                          Orbitals
------------------------------------------------------------
 Orb    F(i,i)        Error         nNodes  Spin  Occ  Done 
------------------------------------------------------------
  0  -6.48805e+00   3.06203e-07        744    a    1    1
  1  -4.59730e-01   3.47374e-06          0    a    1    0
  2  -3.42272e-01   4.99874e-06          0    a    1    0
  3  -1.76445e-01   5.74298e-06          0    a    1    0
  4  -6.47628e+00   1.62222e-07        744    b    1    1
  5  -4.38752e-01   7.60441e-06          0    b    1    0
  6  -3.29696e-01   3.31984e-06          0    b    1    0
------------------------------------------------------------
 Total error:                            1.17900e-05    0
============================================================


============================================================
                    Energy                 Update      Done 
------------------------------------------------------------
 Orbital      -1.471122031920118e+01     4.42628e-06    1
 Kinetic       2.540913978228347e+01    -1.41155e-06    1
 N-E          -6.839431982538099e+01    -2.87810e-06    1
 Coulomb       1.700481854902144e+01     4.56736e-06    1
 Exchange      0.000000000000000e+00     0.00000e+00    1
 X-C          -4.361788731585512e+00    -2.82756e-07    1
------------------------------------------------------------
 Electronic   -3.034279441062332e+01    -6.95994e-10    1
 Nuclear       4.731425424802901e+00     0.00000e+00    1
------------------------------------------------------------
 Total        -2.561136898582042e+01    -6.95994e-10    1
============================================================


################ Wall time: 3.43459e+02 sec ################




####################### SCF cycle  8 #######################


============================================================
 Current precision                              1.00000e-07
------------------------------------------------------------
 Orbital threshold                              1.00000e-06
 Property threshold                            -1.00000e+00
============================================================


============================================================
                   Calculating SCF energy
------------------------------------------------------------
 Nuclear energy                       4.731425424802901e+00
 Electronic energy                   -3.034279441081051e+01
------------------------------------------------------------
 Total energy                        -2.561136898600761e+01
------------------------------------------------------------
                 Wall time: 1.95592e+01 sec 
============================================================


============================================================
                Rotating Helmholtz argument
------------------------------------------------------------
 Rotating orbitals                              1.32075e+00
------------------------------------------------------------
                 Wall time: 1.32085e+00 sec 
============================================================


============================================================
                Applying Helmholtz operators
------------------------------------------------------------
 Orb    RealNorm   Nodes     ImagNorm   Nodes     Timing
------------------------------------------------------------
  0    1.00000e+00   744    0.00000e+00     0   9.35256e+01
  4    1.00000e+00   744    0.00000e+00     0   9.19873e+01
------------------------------------------------------------
                 Wall time: 1.85513e+02 sec 
============================================================


============================================================
                 Lowdin orthonormalization
------------------------------------------------------------
 Computing Lowdin matrix                        4.89669e+01
 Rotating orbitals                              1.17008e+00
------------------------------------------------------------
                 Wall time: 5.01370e+01 sec 
============================================================


============================================================
               Iterative subspace accelerator
------------------------------------------------------------
 Push back orbitals                             1.58644e-01
 Setup linear system                            1.71603e+00
 Solve linear system                            1.09540e-05
 Expand solution                                2.14603e+00
------------------------------------------------------------
                 Wall time: 4.02085e+00 sec 
============================================================


============================================================
                 Lowdin orthonormalization
------------------------------------------------------------
 Computing Lowdin matrix                        6.10366e-01
 Rotating orbitals                              1.29573e+00
------------------------------------------------------------
                 Wall time: 1.90617e+00 sec 
============================================================


============================================================
                  Setting up Fock operator
------------------------------------------------------------
 Precision                                      1.00000e-07
------------------------------------------------------------
 Coulomb density                       776      1.54409e+00
 Coulomb potential                     456      4.21967e+01
 Allreduce potential                   488      1.04478e+00
 XC alpha density                     1288      1.65027e+00
 XC beta density                      1288      1.67489e+00
 XC evaluate xcfun                    3864      9.65783e+00
 XC energy                            1288      1.73720e-04
 XC potential                         2576      1.31685e-01
------------------------------------------------------------
                 Wall time: 5.79277e+01 sec 
============================================================


============================================================
                  Calculating Fock matrix
------------------------------------------------------------
 Kinetic part                         6.176150684000000e+00
 Potential part                       1.891398288800000e+01
------------------------------------------------------------
                 Wall time: 2.50902e+01 sec 
============================================================


============================================================
                          Orbitals
------------------------------------------------------------
 Orb    F(i,i)        Error         nNodes  Spin  Occ  Done 
------------------------------------------------------------
  0  -6.48805e+00   2.44147e-07        744    a    1    1
  1  -4.59730e-01   1.34108e-06          0    a    1    0
  2  -3.42272e-01   1.72862e-06          0    a    1    0
  3  -1.76445e-01   2.49272e-06          0    a    1    0
  4  -6.47628e+00   7.32548e-08        744    b    1    1
  5  -4.38752e-01   1.99354e-06          0    b    1    0
  6  -3.29696e-01   1.66898e-06          0    b    1    0
------------------------------------------------------------
 Total error:                            4.22196e-06    0
============================================================


============================================================
                    Energy                 Update      Done 
------------------------------------------------------------
 Orbital      -1.471121619553078e+01     4.12367e-06    1
 Kinetic       2.540913788580082e+01    -1.89648e-06    1
 N-E          -6.839432228705405e+01    -2.46167e-06    1
 Coulomb       1.700482258291969e+01     4.03390e-06    1
 Exchange      0.000000000000000e+00     0.00000e+00    1
 X-C          -4.361788414332555e+00     3.17253e-07    1
------------------------------------------------------------
 Electronic   -3.034279441081051e+01    -1.87192e-10    1
 Nuclear       4.731425424802901e+00     0.00000e+00    1
------------------------------------------------------------
 Total        -2.561136898600761e+01    -1.87192e-10    1
============================================================


################ Wall time: 3.46010e+02 sec ################




####################### SCF cycle  9 #######################


============================================================
 Current precision                              1.00000e-07
------------------------------------------------------------
 Orbital threshold                              1.00000e-06
 Property threshold                            -1.00000e+00
============================================================


============================================================
                   Calculating SCF energy
------------------------------------------------------------
 Nuclear energy                       4.731425424802901e+00
 Electronic energy                   -3.034279441082874e+01
------------------------------------------------------------
 Total energy                        -2.561136898602584e+01
------------------------------------------------------------
                 Wall time: 1.97360e+01 sec 
============================================================


============================================================
                Rotating Helmholtz argument
------------------------------------------------------------
 Rotating orbitals                              1.33277e+00
------------------------------------------------------------
                 Wall time: 1.33286e+00 sec 
============================================================


============================================================
                Applying Helmholtz operators
------------------------------------------------------------
 Orb    RealNorm   Nodes     ImagNorm   Nodes     Timing
------------------------------------------------------------
  0    1.00000e+00   744    0.00000e+00     0   9.32362e+01
  4    1.00000e+00   744    0.00000e+00     0   9.53244e+01
------------------------------------------------------------
                 Wall time: 1.88561e+02 sec 
============================================================


============================================================
                 Lowdin orthonormalization
------------------------------------------------------------
 Computing Lowdin matrix                        5.25400e+01
 Rotating orbitals                              1.13081e+00
------------------------------------------------------------
                 Wall time: 5.36709e+01 sec 
============================================================


============================================================
               Iterative subspace accelerator
------------------------------------------------------------
 Push back orbitals                             9.77619e-02
 Setup linear system                            1.71019e+00
 Solve linear system                            1.07660e-05
 Expand solution                                1.82004e+00
------------------------------------------------------------
                 Wall time: 3.62815e+00 sec 
============================================================


============================================================
                 Lowdin orthonormalization
------------------------------------------------------------
 Computing Lowdin matrix                        5.53426e-01
 Rotating orbitals                              1.10510e+00
------------------------------------------------------------
                 Wall time: 1.65859e+00 sec 
============================================================


============================================================
                  Setting up Fock operator
------------------------------------------------------------
 Precision                                      1.00000e-07
------------------------------------------------------------
 Coulomb density                       776      1.53056e+00
 Coulomb potential                     456      4.22569e+01
 Allreduce potential                   488      1.44602e+00
 XC alpha density                     1288      1.64443e+00
 XC beta density                      1288      1.68410e+00
 XC evaluate xcfun                    3864      9.66797e+00
 XC energy                            1288      1.77251e-04
 XC potential                         2576      1.29119e-01
------------------------------------------------------------
                 Wall time: 5.83867e+01 sec 
============================================================


============================================================
                  Calculating Fock matrix
------------------------------------------------------------
 Kinetic part                         6.152489163000000e+00
 Potential part                       1.837980138700000e+01
------------------------------------------------------------
                 Wall time: 2.45324e+01 sec 
============================================================


============================================================
                          Orbitals
------------------------------------------------------------
 Orb    F(i,i)        Error         nNodes  Spin  Occ  Done 
------------------------------------------------------------
  0  -6.48805e+00   1.32103e-07        744    a    1    1
  1  -4.59730e-01   3.69895e-07          0    a    1    1
  2  -3.42272e-01   3.64181e-07          0    a    1    1
  3  -1.76445e-01   9.75713e-07          0    a    1    1
  4  -6.47628e+00   4.17433e-08        744    b    1    1
  5  -4.38752e-01   4.54690e-07          0    b    1    1
  6  -3.29696e-01   5.03187e-07          0    b    1    1
------------------------------------------------------------
 Total error:                            1.30407e-06    1
============================================================


============================================================
                    Energy                 Update      Done 
------------------------------------------------------------
 Orbital      -1.471121514140900e+01     1.05412e-06    1
 Kinetic       2.540913722093349e+01    -6.64867e-07    1
 N-E          -6.839432274824020e+01    -4.61186e-07    1
 Coulomb       1.700482360259893e+01     1.01968e-06    1
 Exchange      0.000000000000000e+00     0.00000e+00    1
 X-C          -4.361788307942698e+00     1.06390e-07    1
------------------------------------------------------------
 Electronic   -3.034279441082874e+01    -1.82254e-11    1
 Nuclear       4.731425424802901e+00     0.00000e+00    1
------------------------------------------------------------
 Total        -2.561136898602584e+01    -1.82254e-11    1
============================================================


################ Wall time: 3.51988e+02 sec ################


============================================================
                      Convergence rate
------------------------------------------------------------
Iter    OrbError       Property                   Update  
------------------------------------------------------------
  1    4.55147e-03    -2.561135692765682e+01   -2.56114e+01
  2    1.28887e-03    -2.561136776140393e+01   -1.08337e-05
  3    7.00588e-04    -2.561136871621736e+01   -9.54813e-07
  4    1.68596e-04    -2.561136893266298e+01   -2.16446e-07
  5    1.55938e-04    -2.561136897099435e+01   -3.83314e-08
  6    2.28495e-05    -2.561136898512443e+01   -1.41301e-08
  7    1.17900e-05    -2.561136898582042e+01   -6.95994e-10
  8    4.22196e-06    -2.561136898600761e+01   -1.87192e-10
  9    1.30407e-06    -2.561136898602584e+01   -1.82254e-11
------------------------------------------------------------
                      SCF converged!!!                      
============================================================


============================================================
                  Digonalizing Fock matrix
------------------------------------------------------------
 Computing Lowdin matrix                        3.25811e-01
 Diagonalizing matrix                           1.43930e-05
 Rotating orbitals                              1.32138e+00
------------------------------------------------------------
                 Wall time: 1.64728e+00 sec 
============================================================


============================================================
                  Setting up Fock operator
------------------------------------------------------------
 Precision                                      1.00000e-07
------------------------------------------------------------
 Coulomb density                       776      1.51688e+00
 Coulomb potential                     456      3.89351e+01
 Allreduce potential                   488      1.83043e+00
 XC alpha density                     1288      1.60665e+00
 XC beta density                      1288      1.59944e+00
 XC evaluate xcfun                    3864      9.29208e+00
 XC energy                            1288      1.69018e-04
 XC potential                         2576      1.22295e-01
------------------------------------------------------------
                 Wall time: 5.49287e+01 sec 
============================================================


============================================================
                   Calculating SCF energy
------------------------------------------------------------
------------------------------------------------------------
                 Wall time: 2.03260e+01 sec 
============================================================


============================================================
                 Calculating dipole moment
------------------------------------------------------------
------------------------------------------------------------
                 Wall time: 9.86555e+00 sec 
============================================================


============================================================
                        Fock matrix
------------------------------------------------------------
-6.48805e+00  0.00000e+00  0.00000e+00  0.00000e+00  0.00000e+00  0.00000e+00  0.00000e+00
 0.00000e+00 -4.59730e-01  0.00000e+00  0.00000e+00  0.00000e+00  0.00000e+00  0.00000e+00
 0.00000e+00  0.00000e+00 -3.42272e-01  0.00000e+00  0.00000e+00  0.00000e+00  0.00000e+00
 0.00000e+00  0.00000e+00  0.00000e+00 -1.76445e-01  0.00000e+00  0.00000e+00  0.00000e+00
 0.00000e+00  0.00000e+00  0.00000e+00  0.00000e+00 -6.47628e+00  0.00000e+00  0.00000e+00
 0.00000e+00  0.00000e+00  0.00000e+00  0.00000e+00  0.00000e+00 -4.38752e-01  0.00000e+00
 0.00000e+00  0.00000e+00  0.00000e+00  0.00000e+00  0.00000e+00  0.00000e+00 -3.29696e-01
============================================================


============================================================
                      Orbital energies
------------------------------------------------------------
    n  spin  occ                            epsilon  
------------------------------------------------------------
    0    a    1                      -6.488045172380458e+00
    1    a    1                      -6.476275982979712e+00
    2    a    1                      -4.597299372563031e-01
    3    a    1                      -4.387521282392187e-01
    4    b    1                      -3.422716811183429e-01
    5    b    1                      -3.296956410595093e-01
    6    b    1                      -1.764446599724925e-01
============================================================


============================================================
                          Molecule
------------------------------------------------------------
 Nr  Element             x             y             z      
------------------------------------------------------------
  1     B           0.00000e+00   0.00000e+00   0.00000e+00
  2     H           0.00000e+00   9.24076e-01   2.02957e+00
  3     H           0.00000e+00   9.24076e-01  -2.02957e+00
------------------------------------------------------------
 Center of mass:    0.00000e+00   1.45228e-01   0.00000e+00
============================================================


                                                            
============================================================
                         SCF Energy                         
------------------------------------------------------------
                                                            
 Sum orbital energy:                 -1.471121520300604e+01
 Kinetic energy:                      2.540913717020809e+01
 E-N energy:                         -6.839432263468325e+01
 Coulomb energy:                      1.700482354108118e+01
 Exchange energy:                     0.000000000000000e+00
 X-C energy:                         -4.361788308907578e+00
 El. external field energy:          -6.441785304561866e-04
 Nuc. external field energy:          8.315537166267842e-04
                                                            
------------------------------------------------------------
                                                            
 Electronic energy:                  -3.034279441083202e+01
 Nuclear energy:                      4.731425424802901e+00
                                                            
------------------------------------------------------------
                                                            
 Total energy       (au)             -2.561136898602912e+01
                    (kJ/mol)         -6.724263954049925e+04
                    (kcal/mol)       -1.607137655278620e+04
                    (eV)             -6.969208231364665e+02
                                                            
============================================================
                                                            

                                                            
============================================================
                         Dipole moment                      
------------------------------------------------------------
                                                            
 Length of vector:   (au)                  1.8737518617e-01
                     (Debye)               4.7626017324e-01
                                                            
-------------------------- Total ---------------------------
                                                            
 [-4.6652458025e-12,  1.8737518617e-01, -3.4576417831e-12] 
                                                            
------------------------- Nuclear --------------------------
                                                            
 [-4.5151132548e-12,  8.3155371663e-01, -3.1805669209e-12] 
                                                            
------------------------ Electronic ------------------------
                                                            
 [-1.5013254766e-13, -6.4417853046e-01, -2.7707486211e-13] 
                                                            
============================================================
                                                            



************************************************************
***                                                      ***
***                    Exiting MRChem                    ***
***                                                      ***
***               Wall time: 3.222101e+03                ***
***                                                      ***
************************************************************


