


************************************************************
***     __  __ ____   ____ _                             ***
***    |  \/  |  _ \ / ___| |__   ___ _ __ ___           ***
***    | |\/| | |_) | |   | '_ \ / _ \ '_ ` _ \          ***
***    | |  | |  _ <| |___| | | |  __/ | | | | |         ***
***    |_|  |_|_| \_\\____|_| |_|\___|_| |_| |_|         ***
***                                                      ***
***    VERSION 0.0.1 (rev. 1c6f79f)                     ***
***                                                      ***
***    Stig Rune Jensen <stig.r.jensen@uit.no>           ***
***    Luca Frediani    <luca.frediani@uit.no>           ***
***    Peter Wind       <peter.wind@uit.no>              ***
***                                                      ***
************************************************************


+++ Parallel execution: 
  MPI hosts available     : 4
  Threads/host            : 2
  Total used CPUs         : 8


------------------------------------------------------------

 MRCPP version   : X.Y.Z
 Git revision    : bbc2aed

 Linear algebra  : EIGEN
 Parallelization : MPI/OpenMP

------------------------------------------------------------




============================================================
                  MultiResolution Analysis                  
------------------------------------------------------------
 polynomial order = 11
 polynomial type  = Interpolating
------------------------------------------------------------
 total boxes      = 8
 boxes            = [           2           2           2 ]
 unit lengths     = [    32.00000    32.00000    32.00000 ]
 scaling factor   = [     1.00000     1.00000     1.00000 ]
 lower bounds     = [   -32.00000   -32.00000   -32.00000 ]
 upper bounds     = [    32.00000    32.00000    32.00000 ]
 total length     = [    64.00000    64.00000    64.00000 ]
============================================================


============================================================
                          Molecule
------------------------------------------------------------
 Nr  Element             x             y             z      
------------------------------------------------------------
  1     B           0.00000e+00   0.00000e+00   0.00000e+00
  2     Cl          0.00000e+00   0.00000e+00   3.27924e+00
  3     H           0.00000e+00   1.99026e+00  -1.05333e+00
  4     H           0.00000e+00  -1.99026e+00  -1.05333e+00
------------------------------------------------------------
 Center of mass:    0.00000e+00   0.00000e+00   2.36403e+00
============================================================


============================================================
                Setting up nuclear potential
------------------------------------------------------------
 Nr  Element         Charge        Precision     Smoothing 
------------------------------------------------------------
  1     B           5.00000e+00   1.00000e-07   5.18258e-05
  2     Cl          1.70000e+01   1.00000e-07   6.74137e-06
  3     H           1.00000e+00   1.00000e-07   7.57698e-04
  4     H           1.00000e+00   1.00000e-07   7.57698e-04
------------------------------------------------------------
 Nuclear potential                    1288      1.08793e+00
 Allreduce potential                  3688      1.65569e+00
------------------------------------------------------------
                 Wall time: 2.74373e+00 sec 
============================================================


============================================================
 OrbitalVector:  12 orbitals    12 occupied    24 electrons
------------------------------------------------------------
   n  RankID           Norm          Spin Occ      Error    
------------------------------------------------------------
   0     0       1.000000000000e+00    p   2    1.00000e+00
   1     1      -1.000000000000e+00    p   2    1.00000e+00
   2     2      -1.000000000000e+00    p   2    1.00000e+00
   3     3      -1.000000000000e+00    p   2    1.00000e+00
   4     0       1.000000000000e+00    p   2    1.00000e+00
   5     1      -1.000000000000e+00    p   2    1.00000e+00
   6     2      -1.000000000000e+00    p   2    1.00000e+00
   7     3      -1.000000000000e+00    p   2    1.00000e+00
   8     0       1.000000000000e+00    p   2    1.00000e+00
   9     1      -1.000000000000e+00    p   2    1.00000e+00
  10     2      -1.000000000000e+00    p   2    1.00000e+00
  11     3      -1.000000000000e+00    p   2    1.00000e+00
============================================================


============================================================
                  Setting up Fock operator
------------------------------------------------------------
 Precision                                      1.00000e-07
------------------------------------------------------------
 Coulomb density                      1544      2.63689e+00
 Coulomb potential                     680      6.02823e+01
 Allreduce potential                   808      1.17610e+01
 XC total density                     2024      4.10807e+00
 XC evaluate xcfun                    4048      9.47960e+00
 XC energy                            2024      1.76604e-04
 XC potential                         2024      1.21400e-01
------------------------------------------------------------
                 Wall time: 8.84160e+01 sec 
============================================================


============================================================
                  Calculating Fock matrix
------------------------------------------------------------
 Kinetic part                         1.396478520300000e+01
 Potential part                       3.133112108100000e+01
------------------------------------------------------------
                 Wall time: 4.52960e+01 sec 
============================================================




####################### SCF cycle  1 #######################


============================================================
 Current precision                              1.00000e-07
------------------------------------------------------------
 Orbital threshold                              1.00000e-06
 Property threshold                            -1.00000e+00
============================================================


============================================================
                  Digonalizing Fock matrix
------------------------------------------------------------
 Computing Lowdin matrix                        8.22050e-01
 Diagonalizing matrix                           2.89010e-05
 Rotating orbitals                              3.42252e+00
------------------------------------------------------------
                 Wall time: 4.24468e+00 sec 
============================================================


============================================================
                   Calculating SCF energy
------------------------------------------------------------
 Nuclear energy                       3.774073523279390e+01
 Electronic energy                   -5.222567572053671e+02
------------------------------------------------------------
 Total energy                        -4.845160219725732e+02
------------------------------------------------------------
                 Wall time: 2.45358e+01 sec 
============================================================


============================================================
                Rotating Helmholtz argument
------------------------------------------------------------
 Rotating orbitals                              1.01075e+00
------------------------------------------------------------
                 Wall time: 1.01084e+00 sec 
============================================================


============================================================
                Applying Helmholtz operators
------------------------------------------------------------
 Orb    RealNorm   Nodes     ImagNorm   Nodes     Timing
------------------------------------------------------------
  0    1.00000e+00   808    0.00000e+00     0   6.15302e+01
  4    1.00000e+00   584    0.00000e+00     0   4.92008e+01
  8    1.00001e+00  1192    0.00000e+00     0   1.15280e+02
------------------------------------------------------------
                 Wall time: 2.26022e+02 sec 
============================================================


============================================================
                 Lowdin orthonormalization
------------------------------------------------------------
 Computing Lowdin matrix                        8.89281e+01
 Rotating orbitals                              3.35221e+00
------------------------------------------------------------
                 Wall time: 9.22804e+01 sec 
============================================================


============================================================
               Iterative subspace accelerator
------------------------------------------------------------
 Push back orbitals                             1.93158e-02
 Copy orbitals                                  1.09345e-01
 Copy orbital updates                           1.07817e-01
------------------------------------------------------------
                 Wall time: 2.36591e-01 sec 
============================================================


============================================================
                 Lowdin orthonormalization
------------------------------------------------------------
 Computing Lowdin matrix                        7.12138e-01
 Rotating orbitals                              2.03895e+00
------------------------------------------------------------
                 Wall time: 2.75116e+00 sec 
============================================================


============================================================
                  Setting up Fock operator
------------------------------------------------------------
 Precision                                      1.00000e-07
------------------------------------------------------------
 Coulomb density                      1480      2.39181e+00
 Coulomb potential                     680      6.24600e+01
 Allreduce potential                   808      1.37969e+01
 XC total density                     1928      3.75727e+00
 XC evaluate xcfun                    3856      9.09843e+00
 XC energy                            1928      1.74204e-04
 XC potential                         1928      8.99514e-02
------------------------------------------------------------
                 Wall time: 9.16183e+01 sec 
============================================================


============================================================
                  Calculating Fock matrix
------------------------------------------------------------
 Kinetic part                         1.111467416900000e+01
 Potential part                       2.712991464800000e+01
------------------------------------------------------------
                 Wall time: 3.82447e+01 sec 
============================================================


============================================================
                          Orbitals
------------------------------------------------------------
 Orb    F(i,i)        Error         nNodes  Spin  Occ  Done 
------------------------------------------------------------
  0  -1.00334e+02   1.76956e-06        712    p    2    0
  1  -9.15776e+00   2.42248e-05          0    p    2    0
  2  -7.01232e+00   3.33088e-05          0    p    2    0
  3  -7.00962e+00   2.36703e-05          0    p    2    0
  4  -7.00538e+00   1.54028e-05        520    p    2    0
  5  -6.48506e+00   7.47831e-05          0    p    2    0
  6  -7.80802e-01   1.75518e-04          0    p    2    0
  7  -4.71918e-01   5.46736e-04          0    p    2    0
  8  -3.65604e-01   4.11423e-04       1192    p    2    0
  9  -3.62856e-01   1.78891e-03          0    p    2    0
 10  -3.32571e-01   1.56193e-03          0    p    2    0
 11  -2.69900e-01   1.71688e-03          0    p    2    0
------------------------------------------------------------
 Total error:                            3.01572e-03    0
============================================================


============================================================
                    Energy                 Update      Done 
------------------------------------------------------------
 Orbital      -2.791855634897518e+02    -2.79186e+02    1
 Kinetic       4.833411805045993e+02     4.83341e+02    1
 N-E          -1.227506711223338e+03    -1.22751e+03    1
 Coulomb       2.530718519444189e+02     2.53072e+02    1
 Exchange      0.000000000000000e+00     0.00000e+00    1
 X-C          -3.116600657658450e+01    -3.11660e+01    1
------------------------------------------------------------
 Electronic   -5.222567572053671e+02    -5.22257e+02    1
 Nuclear       3.774073523279390e+01     3.77407e+01    1
------------------------------------------------------------
 Total        -4.845160219725732e+02    -4.84516e+02    1
============================================================


################ Wall time: 4.81287e+02 sec ################




####################### SCF cycle  2 #######################


============================================================
 Current precision                              1.00000e-07
------------------------------------------------------------
 Orbital threshold                              1.00000e-06
 Property threshold                            -1.00000e+00
============================================================


============================================================
                  Digonalizing Fock matrix
------------------------------------------------------------
 Computing Lowdin matrix                        6.20847e-01
 Diagonalizing matrix                           2.58470e-05
 Rotating orbitals                              3.79387e+00
------------------------------------------------------------
                 Wall time: 4.41482e+00 sec 
============================================================


============================================================
                   Calculating SCF energy
------------------------------------------------------------
 Nuclear energy                       3.774073523279390e+01
 Electronic energy                   -5.222567741540003e+02
------------------------------------------------------------
 Total energy                        -4.845160389212064e+02
------------------------------------------------------------
                 Wall time: 2.41616e+01 sec 
============================================================


============================================================
                Rotating Helmholtz argument
------------------------------------------------------------
 Rotating orbitals                              1.01184e+00
------------------------------------------------------------
                 Wall time: 1.01192e+00 sec 
============================================================


============================================================
                Applying Helmholtz operators
------------------------------------------------------------
 Orb    RealNorm   Nodes     ImagNorm   Nodes     Timing
------------------------------------------------------------
  0    1.00000e+00   808    0.00000e+00     0   6.08833e+01
  4    1.00000e+00   584    0.00000e+00     0   4.85389e+01
  8    9.99986e-01  1192    0.00000e+00     0   1.14850e+02
------------------------------------------------------------
                 Wall time: 2.24275e+02 sec 
============================================================


============================================================
                 Lowdin orthonormalization
------------------------------------------------------------
 Computing Lowdin matrix                        8.45912e+01
 Rotating orbitals                              3.32644e+00
------------------------------------------------------------
                 Wall time: 8.79177e+01 sec 
============================================================


============================================================
               Iterative subspace accelerator
------------------------------------------------------------
 Push back orbitals                             8.88448e-02
 Copy orbitals                                  1.07183e-01
 Copy orbital updates                           1.08762e-01
------------------------------------------------------------
                 Wall time: 3.04899e-01 sec 
============================================================


============================================================
                 Lowdin orthonormalization
------------------------------------------------------------
 Computing Lowdin matrix                        7.16635e-01
 Rotating orbitals                              1.91365e+00
------------------------------------------------------------
                 Wall time: 2.63037e+00 sec 
============================================================


============================================================
                  Setting up Fock operator
------------------------------------------------------------
 Precision                                      1.00000e-07
------------------------------------------------------------
 Coulomb density                      1480      2.31579e+00
 Coulomb potential                     680      6.14679e+01
 Allreduce potential                   808      1.58926e+01
 XC total density                     1928      3.70050e+00
 XC evaluate xcfun                    3856      9.02320e+00
 XC energy                            1928      1.64360e-04
 XC potential                         1928      9.10304e-02
------------------------------------------------------------
                 Wall time: 9.25133e+01 sec 
============================================================


============================================================
                  Calculating Fock matrix
------------------------------------------------------------
 Kinetic part                         1.102597260500000e+01
 Potential part                       2.646226923600000e+01
------------------------------------------------------------
                 Wall time: 3.74884e+01 sec 
============================================================


============================================================
                          Orbitals
------------------------------------------------------------
 Orb    F(i,i)        Error         nNodes  Spin  Occ  Done 
------------------------------------------------------------
  0  -1.00334e+02   4.98111e-07        712    p    2    1
  1  -9.15770e+00   1.17327e-05          0    p    2    0
  2  -7.01226e+00   1.54460e-05          0    p    2    0
  3  -7.00957e+00   9.76529e-06          0    p    2    0
  4  -7.00534e+00   6.78308e-06        520    p    2    0
  5  -6.48503e+00   3.21312e-05          0    p    2    0
  6  -7.80716e-01   1.28145e-04          0    p    2    0
  7  -4.71909e-01   2.34490e-04          0    p    2    0
  8  -3.65615e-01   2.41092e-04       1192    p    2    0
  9  -3.62855e-01   4.57090e-04          0    p    2    0
 10  -3.32481e-01   3.93564e-04          0    p    2    0
 11  -2.69871e-01   4.43549e-04          0    p    2    0
------------------------------------------------------------
 Total error:                            8.31650e-04    0
============================================================


============================================================
                    Energy                 Update      Done 
------------------------------------------------------------
 Orbital      -2.791761905177345e+02     9.37297e-03    1
 Kinetic       4.833433990757965e+02     2.21857e-03    1
 N-E          -1.227518089375485e+03    -1.13782e-02    1
 Coulomb       2.530813453868333e+02     9.49344e-03    1
 Exchange      0.000000000000000e+00     0.00000e+00    1
 X-C          -3.116633012393765e+01    -3.23547e-04    1
------------------------------------------------------------
 Electronic   -5.222567741540003e+02    -1.69486e-05    1
 Nuclear       3.774073523279390e+01     0.00000e+00    1
------------------------------------------------------------
 Total        -4.845160389212064e+02    -1.69486e-05    1
============================================================


################ Wall time: 4.75053e+02 sec ################




####################### SCF cycle  3 #######################


============================================================
 Current precision                              1.00000e-07
------------------------------------------------------------
 Orbital threshold                              1.00000e-06
 Property threshold                            -1.00000e+00
============================================================


============================================================
                   Calculating SCF energy
------------------------------------------------------------
 Nuclear energy                       3.774073523279390e+01
 Electronic energy                   -5.222567760922427e+02
------------------------------------------------------------
 Total energy                        -4.845160408594488e+02
------------------------------------------------------------
                 Wall time: 2.66485e+01 sec 
============================================================


============================================================
                Rotating Helmholtz argument
------------------------------------------------------------
 Rotating orbitals                              3.88002e+00
------------------------------------------------------------
                 Wall time: 3.88010e+00 sec 
============================================================


============================================================
                Applying Helmholtz operators
------------------------------------------------------------
 Orb    RealNorm   Nodes     ImagNorm   Nodes     Timing
------------------------------------------------------------
  0    1.00000e+00   808    0.00000e+00     0   6.33647e+01
  4    1.00000e+00   584    0.00000e+00     0   5.07743e+01
  8    9.99995e-01  1192    0.00000e+00     0   1.13166e+02
------------------------------------------------------------
                 Wall time: 2.27313e+02 sec 
============================================================


============================================================
                 Lowdin orthonormalization
------------------------------------------------------------
 Computing Lowdin matrix                        8.92361e+01
 Rotating orbitals                              3.24938e+00
------------------------------------------------------------
                 Wall time: 9.24855e+01 sec 
============================================================


============================================================
               Iterative subspace accelerator
------------------------------------------------------------
 Push back orbitals                             2.03703e-01
 Setup linear system                            4.09307e-01
 Solve linear system                            1.06660e-05
 Expand solution                                1.23899e+00
------------------------------------------------------------
                 Wall time: 1.85213e+00 sec 
============================================================


============================================================
                 Lowdin orthonormalization
------------------------------------------------------------
 Computing Lowdin matrix                        1.24644e+00
 Rotating orbitals                              2.87290e+00
------------------------------------------------------------
                 Wall time: 4.11942e+00 sec 
============================================================


============================================================
                  Setting up Fock operator
------------------------------------------------------------
 Precision                                      1.00000e-07
------------------------------------------------------------
 Coulomb density                      1480      2.41870e+00
 Coulomb potential                     680      6.36406e+01
 Allreduce potential                   808      1.79467e+01
 XC total density                     1928      3.90874e+00
 XC evaluate xcfun                    3856      8.98707e+00
 XC energy                            1928      1.77199e-04
 XC potential                         1928      8.47257e-02
------------------------------------------------------------
                 Wall time: 9.70099e+01 sec 
============================================================


============================================================
                  Calculating Fock matrix
------------------------------------------------------------
 Kinetic part                         1.060706611000000e+01
 Potential part                       2.684522797000000e+01
------------------------------------------------------------
                 Wall time: 3.74524e+01 sec 
============================================================


============================================================
                          Orbitals
------------------------------------------------------------
 Orb    F(i,i)        Error         nNodes  Spin  Occ  Done 
------------------------------------------------------------
  0  -1.00334e+02   4.07533e-07        712    p    2    1
  1  -9.15749e+00   1.15067e-05          0    p    2    0
  2  -7.01205e+00   1.76680e-05          0    p    2    0
  3  -7.00936e+00   1.26044e-05          0    p    2    0
  4  -7.00513e+00   5.74530e-06        520    p    2    0
  5  -6.48512e+00   2.78129e-05          0    p    2    0
  6  -7.80596e-01   6.43115e-05          0    p    2    0
  7  -4.71907e-01   1.20386e-04          0    p    2    0
  8  -3.65630e-01   1.37989e-04       1192    p    2    0
  9  -3.62856e-01   2.69659e-04          0    p    2    0
 10  -3.32365e-01   3.50393e-04          0    p    2    0
 11  -2.69832e-01   2.73733e-04          0    p    2    0
------------------------------------------------------------
 Total error:                            5.56328e-04    0
============================================================


============================================================
                    Energy                 Update      Done 
------------------------------------------------------------
 Orbital      -2.791752528844447e+02     9.37633e-04    1
 Kinetic       4.833423796252820e+02    -1.01945e-03    1
 N-E          -1.227518018075756e+03     7.12997e-05    1
 Coulomb       2.530822780080749e+02     9.32621e-04    1
 Exchange      0.000000000000000e+00     0.00000e+00    1
 X-C          -3.116630991220865e+01     2.02117e-05    1
------------------------------------------------------------
 Electronic   -5.222567760922427e+02    -1.93824e-06    1
 Nuclear       3.774073523279390e+01     0.00000e+00    1
------------------------------------------------------------
 Total        -4.845160408594488e+02    -1.93824e-06    1
============================================================


################ Wall time: 4.91373e+02 sec ################




####################### SCF cycle  4 #######################


============================================================
 Current precision                              1.00000e-07
------------------------------------------------------------
 Orbital threshold                              1.00000e-06
 Property threshold                            -1.00000e+00
============================================================


============================================================
                   Calculating SCF energy
------------------------------------------------------------
 Nuclear energy                       3.774073523279390e+01
 Electronic energy                   -5.222567769282172e+02
------------------------------------------------------------
 Total energy                        -4.845160416954233e+02
------------------------------------------------------------
                 Wall time: 2.74089e+01 sec 
============================================================


============================================================
                Rotating Helmholtz argument
------------------------------------------------------------
 Rotating orbitals                              3.89538e+00
------------------------------------------------------------
                 Wall time: 3.89546e+00 sec 
============================================================


============================================================
                Applying Helmholtz operators
------------------------------------------------------------
 Orb    RealNorm   Nodes     ImagNorm   Nodes     Timing
------------------------------------------------------------
  0    1.00000e+00   808    0.00000e+00     0   6.65893e+01
  4    1.00000e+00   584    0.00000e+00     0   5.18879e+01
  8    9.99998e-01  1192    0.00000e+00     0   1.18083e+02
------------------------------------------------------------
                 Wall time: 2.36564e+02 sec 
============================================================


============================================================
                 Lowdin orthonormalization
------------------------------------------------------------
 Computing Lowdin matrix                        9.07118e+01
 Rotating orbitals                              3.35263e+00
------------------------------------------------------------
                 Wall time: 9.40645e+01 sec 
============================================================


============================================================
               Iterative subspace accelerator
------------------------------------------------------------
 Push back orbitals                             1.54911e-01
 Setup linear system                            1.23229e+00
 Solve linear system                            1.36440e-05
 Expand solution                                2.13692e+00
------------------------------------------------------------
                 Wall time: 3.52425e+00 sec 
============================================================


============================================================
                 Lowdin orthonormalization
------------------------------------------------------------
 Computing Lowdin matrix                        1.32383e+00
 Rotating orbitals                              3.20601e+00
------------------------------------------------------------
                 Wall time: 4.52993e+00 sec 
============================================================


============================================================
                  Setting up Fock operator
------------------------------------------------------------
 Precision                                      1.00000e-07
------------------------------------------------------------
 Coulomb density                      1480      2.51000e+00
 Coulomb potential                     680      6.74374e+01
 Allreduce potential                   808      1.32608e+01
 XC total density                     1928      3.79349e+00
 XC evaluate xcfun                    3856      9.18225e+00
 XC energy                            1928      1.81888e-04
 XC potential                         1928      9.03821e-02
------------------------------------------------------------
                 Wall time: 9.62992e+01 sec 
============================================================


============================================================
                  Calculating Fock matrix
------------------------------------------------------------
 Kinetic part                         1.038504413300000e+01
 Potential part                       2.718392367000000e+01
------------------------------------------------------------
                 Wall time: 3.75691e+01 sec 
============================================================


============================================================
                          Orbitals
------------------------------------------------------------
 Orb    F(i,i)        Error         nNodes  Spin  Occ  Done 
------------------------------------------------------------
  0  -1.00334e+02   2.18331e-07        712    p    2    1
  1  -9.15744e+00   8.10470e-06          0    p    2    0
  2  -7.01199e+00   1.40589e-05          0    p    2    0
  3  -7.00930e+00   1.17442e-05          0    p    2    0
  4  -7.00508e+00   4.45448e-06        552    p    2    0
  5  -6.48520e+00   1.47367e-05          0    p    2    0
  6  -7.80559e-01   4.02533e-05          0    p    2    0
  7  -4.71919e-01   7.24918e-05          0    p    2    0
  8  -3.65650e-01   9.20625e-05       1192    p    2    0
  9  -3.62870e-01   1.29716e-04          0    p    2    0
 10  -3.32325e-01   2.66755e-04          0    p    2    0
 11  -2.69827e-01   1.64613e-04          0    p    2    0
------------------------------------------------------------
 Total error:                            3.62037e-04    0
============================================================


============================================================
                    Energy                 Update      Done 
------------------------------------------------------------
 Orbital      -2.791727870716273e+02     2.46581e-03    1
 Kinetic       4.833429565081500e+02     5.76883e-04    1
 N-E          -1.227521005286303e+03    -2.98721e-03    1
 Coulomb       2.530847697813810e+02     2.49177e-03    1
 Exchange      0.000000000000000e+00     0.00000e+00    1
 X-C          -3.116638795544229e+01    -7.80432e-05    1
------------------------------------------------------------
 Electronic   -5.222567769282172e+02    -8.35974e-07    1
 Nuclear       3.774073523279390e+01     0.00000e+00    1
------------------------------------------------------------
 Total        -4.845160416954233e+02    -8.35974e-07    1
============================================================


################ Wall time: 5.04446e+02 sec ################




####################### SCF cycle  5 #######################


============================================================
 Current precision                              1.00000e-07
------------------------------------------------------------
 Orbital threshold                              1.00000e-06
 Property threshold                            -1.00000e+00
============================================================


============================================================
                   Calculating SCF energy
------------------------------------------------------------
 Nuclear energy                       3.774073523279390e+01
 Electronic energy                   -5.222567772242674e+02
------------------------------------------------------------
 Total energy                        -4.845160419914735e+02
------------------------------------------------------------
                 Wall time: 2.91945e+01 sec 
============================================================


============================================================
                Rotating Helmholtz argument
------------------------------------------------------------
 Rotating orbitals                              3.94879e+00
------------------------------------------------------------
                 Wall time: 3.94887e+00 sec 
============================================================


============================================================
                Applying Helmholtz operators
------------------------------------------------------------
 Orb    RealNorm   Nodes     ImagNorm   Nodes     Timing
------------------------------------------------------------
  0    1.00000e+00   808    0.00000e+00     0   6.99693e+01
  4    1.00000e+00   584    0.00000e+00     0   5.40779e+01
  8    9.99996e-01  1192    0.00000e+00     0   1.21468e+02
------------------------------------------------------------
                 Wall time: 2.45517e+02 sec 
============================================================


============================================================
                 Lowdin orthonormalization
------------------------------------------------------------
 Computing Lowdin matrix                        9.15760e+01
 Rotating orbitals                              3.36756e+00
------------------------------------------------------------
                 Wall time: 9.49437e+01 sec 
============================================================


============================================================
               Iterative subspace accelerator
------------------------------------------------------------
 Push back orbitals                             1.56803e-01
 Setup linear system                            2.49466e+00
 Solve linear system                            9.20200e-06
 Expand solution                                3.01200e+00
------------------------------------------------------------
                 Wall time: 5.66361e+00 sec 
============================================================


============================================================
                 Lowdin orthonormalization
------------------------------------------------------------
 Computing Lowdin matrix                        1.56833e+00
 Rotating orbitals                              3.23140e+00
------------------------------------------------------------
                 Wall time: 4.79981e+00 sec 
============================================================


============================================================
                  Setting up Fock operator
------------------------------------------------------------
 Precision                                      1.00000e-07
------------------------------------------------------------
 Coulomb density                      1480      2.54919e+00
 Coulomb potential                     680      6.78561e+01
 Allreduce potential                   808      1.43630e+01
 XC total density                     1928      4.07670e+00
 XC evaluate xcfun                    3856      9.29549e+00
 XC energy                            1928      1.73018e-04
 XC potential                         1928      8.30913e-02
------------------------------------------------------------
                 Wall time: 9.82488e+01 sec 
============================================================


============================================================
                  Calculating Fock matrix
------------------------------------------------------------
 Kinetic part                         1.085336415800000e+01
 Potential part                       2.908218068800000e+01
------------------------------------------------------------
                 Wall time: 3.99357e+01 sec 
============================================================


============================================================
                          Orbitals
------------------------------------------------------------
 Orb    F(i,i)        Error         nNodes  Spin  Occ  Done 
------------------------------------------------------------
  0  -1.00334e+02   7.02657e-08        712    p    2    1
  1  -9.15738e+00   1.37400e-06          0    p    2    0
  2  -7.01193e+00   3.67274e-06          0    p    2    0
  3  -7.00923e+00   4.78165e-06          0    p    2    0
  4  -7.00502e+00   8.92141e-07        552    p    2    1
  5  -6.48522e+00   2.30020e-06          0    p    2    0
  6  -7.80531e-01   7.72916e-06          0    p    2    0
  7  -4.71915e-01   1.90298e-05          0    p    2    0
  8  -3.65648e-01   2.04789e-05       1192    p    2    0
  9  -3.62866e-01   2.96538e-05          0    p    2    0
 10  -3.32299e-01   9.11003e-05          0    p    2    0
 11  -2.69815e-01   3.11403e-05          0    p    2    0
------------------------------------------------------------
 Total error:                            1.05043e-04    0
============================================================


============================================================
                    Energy                 Update      Done 
------------------------------------------------------------
 Orbital      -2.791722862005086e+02     5.00871e-04    1
 Kinetic       4.833426744518584e+02    -2.82056e-04    1
 N-E          -1.227521234105170e+03    -2.28819e-04    1
 Coulomb       2.530852658756424e+02     4.96094e-04    1
 Exchange      0.000000000000000e+00     0.00000e+00    1
 X-C          -3.116637186473914e+01     1.60907e-05    1
------------------------------------------------------------
 Electronic   -5.222567772242674e+02    -2.96050e-07    1
 Nuclear       3.774073523279390e+01     0.00000e+00    1
------------------------------------------------------------
 Total        -4.845160419914735e+02    -2.96050e-07    1
============================================================


################ Wall time: 5.22929e+02 sec ################




####################### SCF cycle  6 #######################


============================================================
 Current precision                              1.00000e-07
------------------------------------------------------------
 Orbital threshold                              1.00000e-06
 Property threshold                            -1.00000e+00
============================================================


============================================================
                   Calculating SCF energy
------------------------------------------------------------
 Nuclear energy                       3.774073523279390e+01
 Electronic energy                   -5.222567772637248e+02
------------------------------------------------------------
 Total energy                        -4.845160420309309e+02
------------------------------------------------------------
                 Wall time: 3.04634e+01 sec 
============================================================


============================================================
                Rotating Helmholtz argument
------------------------------------------------------------
 Rotating orbitals                              4.00661e+00
------------------------------------------------------------
                 Wall time: 4.00669e+00 sec 
============================================================


============================================================
                Applying Helmholtz operators
------------------------------------------------------------
 Orb    RealNorm   Nodes     ImagNorm   Nodes     Timing
------------------------------------------------------------
  0    1.00000e+00   808    0.00000e+00     0   7.13172e+01
  4    1.00000e+00   584    0.00000e+00     0   5.45283e+01
  8    9.99999e-01  1192    0.00000e+00     0   1.20913e+02
------------------------------------------------------------
                 Wall time: 2.46770e+02 sec 
============================================================


============================================================
                 Lowdin orthonormalization
------------------------------------------------------------
 Computing Lowdin matrix                        1.04740e+02
 Rotating orbitals                              3.34585e+00
------------------------------------------------------------
                 Wall time: 1.08086e+02 sec 
============================================================


============================================================
               Iterative subspace accelerator
------------------------------------------------------------
 Push back orbitals                             2.37133e-01
 Setup linear system                            2.54555e+00
 Solve linear system                            8.96200e-06
 Expand solution                                3.05951e+00
------------------------------------------------------------
                 Wall time: 5.84233e+00 sec 
============================================================


============================================================
                 Lowdin orthonormalization
------------------------------------------------------------
 Computing Lowdin matrix                        1.32172e+00
 Rotating orbitals                              2.87437e+00
------------------------------------------------------------
                 Wall time: 4.19618e+00 sec 
============================================================


============================================================
                  Setting up Fock operator
------------------------------------------------------------
 Precision                                      1.00000e-07
------------------------------------------------------------
 Coulomb density                      1480      2.62735e+00
 Coulomb potential                     680      6.99115e+01
 Allreduce potential                   808      1.13665e+01
 XC total density                     1928      4.03771e+00
 XC evaluate xcfun                    3856      9.27089e+00
 XC energy                            1928      1.86982e-04
 XC potential                         1928      9.53628e-02
------------------------------------------------------------
                 Wall time: 9.73343e+01 sec 
============================================================


============================================================
                  Calculating Fock matrix
------------------------------------------------------------
 Kinetic part                         1.031778501500000e+01
 Potential part                       2.887179290300000e+01
------------------------------------------------------------
                 Wall time: 3.91897e+01 sec 
============================================================


============================================================
                          Orbitals
------------------------------------------------------------
 Orb    F(i,i)        Error         nNodes  Spin  Occ  Done 
------------------------------------------------------------
  0  -1.00334e+02   4.56691e-08        712    p    2    1
  1  -9.15738e+00   1.00670e-06          0    p    2    0
  2  -7.01193e+00   2.05997e-06          0    p    2    0
  3  -7.00923e+00   3.65029e-06          0    p    2    0
  4  -7.00502e+00   8.02869e-07        552    p    2    1
  5  -6.48524e+00   2.90058e-06          0    p    2    0
  6  -7.80530e-01   1.08453e-05          0    p    2    0
  7  -4.71919e-01   1.90547e-05          0    p    2    0
  8  -3.65652e-01   1.43894e-05       1192    p    2    0
  9  -3.62870e-01   1.86792e-05          0    p    2    0
 10  -3.32296e-01   7.08441e-05          0    p    2    0
 11  -2.69816e-01   1.98030e-05          0    p    2    0
------------------------------------------------------------
 Total error:                            8.04696e-05    0
============================================================


============================================================
                    Energy                 Update      Done 
------------------------------------------------------------
 Orbital      -2.791715655028584e+02     7.20698e-04    1
 Kinetic       4.833430501910767e+02     3.75739e-04    1
 N-E          -1.227522301735412e+03    -1.06763e-03    1
 Coulomb       2.530860001361366e+02     7.34260e-04    1
 Exchange      0.000000000000000e+00     0.00000e+00    1
 X-C          -3.116641398616913e+01    -4.21214e-05    1
------------------------------------------------------------
 Electronic   -5.222567772637248e+02    -3.94574e-08    1
 Nuclear       3.774073523279390e+01     0.00000e+00    1
------------------------------------------------------------
 Total        -4.845160420309309e+02    -3.94574e-08    1
============================================================


################ Wall time: 5.36476e+02 sec ################




####################### SCF cycle  7 #######################


============================================================
 Current precision                              1.00000e-07
------------------------------------------------------------
 Orbital threshold                              1.00000e-06
 Property threshold                            -1.00000e+00
============================================================


============================================================
                   Calculating SCF energy
------------------------------------------------------------
 Nuclear energy                       3.774073523279390e+01
 Electronic energy                   -5.222567772763547e+02
------------------------------------------------------------
 Total energy                        -4.845160420435608e+02
------------------------------------------------------------
                 Wall time: 3.09225e+01 sec 
============================================================


============================================================
                Rotating Helmholtz argument
------------------------------------------------------------
 Rotating orbitals                              4.08098e+00
------------------------------------------------------------
                 Wall time: 4.08106e+00 sec 
============================================================


============================================================
                Applying Helmholtz operators
------------------------------------------------------------
 Orb    RealNorm   Nodes     ImagNorm   Nodes     Timing
------------------------------------------------------------
  0    1.00000e+00   808    0.00000e+00     0   7.01403e+01
  4    1.00000e+00   584    0.00000e+00     0   5.96621e+01
  8    9.99999e-01  1192    0.00000e+00     0   1.22682e+02
------------------------------------------------------------
                 Wall time: 2.52486e+02 sec 
============================================================


============================================================
                 Lowdin orthonormalization
------------------------------------------------------------
 Computing Lowdin matrix                        9.72193e+01
 Rotating orbitals                              3.19848e+00
------------------------------------------------------------
                 Wall time: 1.00418e+02 sec 
============================================================


============================================================
               Iterative subspace accelerator
------------------------------------------------------------
 Push back orbitals                             3.17234e-01
 Setup linear system                            2.66873e+00
 Solve linear system                            8.88600e-06
 Expand solution                                3.31993e+00
------------------------------------------------------------
                 Wall time: 6.30603e+00 sec 
============================================================


============================================================
                 Lowdin orthonormalization
------------------------------------------------------------
 Computing Lowdin matrix                        1.24344e+00
 Rotating orbitals                              3.02253e+00
------------------------------------------------------------
                 Wall time: 4.26604e+00 sec 
============================================================


============================================================
                  Setting up Fock operator
------------------------------------------------------------
 Precision                                      1.00000e-07
------------------------------------------------------------
 Coulomb density                      1480      2.81136e+00
 Coulomb potential                     680      7.22530e+01
 Allreduce potential                   808      1.53947e+01
 XC total density                     1928      4.40096e+00
 XC evaluate xcfun                    3856      9.23533e+00
 XC energy                            1928      1.85900e-04
 XC potential                         1928      8.91375e-02
------------------------------------------------------------
                 Wall time: 1.04211e+02 sec 
============================================================


============================================================
                  Calculating Fock matrix
------------------------------------------------------------
 Kinetic part                         1.066659865000000e+01
 Potential part                       3.068567449200000e+01
------------------------------------------------------------
                 Wall time: 4.13524e+01 sec 
============================================================


============================================================
                          Orbitals
------------------------------------------------------------
 Orb    F(i,i)        Error         nNodes  Spin  Occ  Done 
------------------------------------------------------------
  0  -1.00334e+02   3.78819e-08        712    p    2    1
  1  -9.15737e+00   1.38565e-06          0    p    2    0
  2  -7.01192e+00   2.21748e-06          0    p    2    0
  3  -7.00922e+00   2.34511e-06          0    p    2    0
  4  -7.00501e+00   5.17234e-07        552    p    2    1
  5  -6.48524e+00   3.68064e-06          0    p    2    0
  6  -7.80525e-01   8.34154e-06          0    p    2    0
  7  -4.71918e-01   1.75856e-05          0    p    2    0
  8  -3.65650e-01   6.52489e-06       1192    p    2    0
  9  -3.62869e-01   2.25804e-05          0    p    2    0
 10  -3.32291e-01   4.43283e-05          0    p    2    0
 11  -2.69813e-01   1.57625e-05          0    p    2    0
------------------------------------------------------------
 Total error:                            5.63107e-05    0
============================================================


============================================================
                    Energy                 Update      Done 
------------------------------------------------------------
 Orbital      -2.791716181706019e+02    -5.26677e-05    1
 Kinetic       4.833429585076564e+02    -9.16834e-05    1
 N-E          -1.227522161227072e+03     1.40508e-04    1
 Coulomb       2.530859455975882e+02    -5.45385e-05    1
 Exchange      0.000000000000000e+00     0.00000e+00    1
 X-C          -3.116640810993928e+01     5.87623e-06    1
------------------------------------------------------------
 Electronic   -5.222567772763547e+02    -1.26299e-08    1
 Nuclear       3.774073523279390e+01     0.00000e+00    1
------------------------------------------------------------
 Total        -4.845160420435608e+02    -1.26299e-08    1
============================================================


################ Wall time: 5.44676e+02 sec ################




####################### SCF cycle  8 #######################


============================================================
 Current precision                              1.00000e-07
------------------------------------------------------------
 Orbital threshold                              1.00000e-06
 Property threshold                            -1.00000e+00
============================================================


============================================================
                   Calculating SCF energy
------------------------------------------------------------
 Nuclear energy                       3.774073523279390e+01
 Electronic energy                   -5.222567772799850e+02
------------------------------------------------------------
 Total energy                        -4.845160420471911e+02
------------------------------------------------------------
                 Wall time: 3.28354e+01 sec 
============================================================


============================================================
                Rotating Helmholtz argument
------------------------------------------------------------
 Rotating orbitals                              4.08494e+00
------------------------------------------------------------
                 Wall time: 4.08503e+00 sec 
============================================================


============================================================
                Applying Helmholtz operators
------------------------------------------------------------
 Orb    RealNorm   Nodes     ImagNorm   Nodes     Timing
------------------------------------------------------------
  0    1.00000e+00   808    0.00000e+00     0   7.15774e+01
  4    1.00000e+00   584    0.00000e+00     0   6.17320e+01
  8    1.00000e+00  1192    0.00000e+00     0   1.22677e+02
------------------------------------------------------------
                 Wall time: 2.55996e+02 sec 
============================================================


============================================================
                 Lowdin orthonormalization
------------------------------------------------------------
 Computing Lowdin matrix                        1.14810e+02
 Rotating orbitals                              3.08520e+00
------------------------------------------------------------
                 Wall time: 1.17895e+02 sec 
============================================================


============================================================
               Iterative subspace accelerator
------------------------------------------------------------
 Push back orbitals                             1.11562e-01
 Setup linear system                            2.76846e+00
 Solve linear system                            8.88400e-06
 Expand solution                                3.34284e+00
------------------------------------------------------------
                 Wall time: 6.22301e+00 sec 
============================================================


============================================================
                 Lowdin orthonormalization
------------------------------------------------------------
 Computing Lowdin matrix                        1.42218e+00
 Rotating orbitals                              3.11632e+00
------------------------------------------------------------
                 Wall time: 4.53858e+00 sec 
============================================================


============================================================
                  Setting up Fock operator
------------------------------------------------------------
 Precision                                      1.00000e-07
------------------------------------------------------------
 Coulomb density                      1480      2.71416e+00
 Coulomb potential                     680      7.19343e+01
 Allreduce potential                   808      1.58292e+01
 XC total density                     1928      4.09634e+00
 XC evaluate xcfun                    3856      9.30827e+00
 XC energy                            1928      1.71219e-04
 XC potential                         1928      9.16036e-02
------------------------------------------------------------
                 Wall time: 1.04000e+02 sec 
============================================================


============================================================
                  Calculating Fock matrix
------------------------------------------------------------
 Kinetic part                         1.013285486500000e+01
 Potential part                       3.044025275200000e+01
------------------------------------------------------------
                 Wall time: 4.05732e+01 sec 
============================================================


============================================================
                          Orbitals
------------------------------------------------------------
 Orb    F(i,i)        Error         nNodes  Spin  Occ  Done 
------------------------------------------------------------
  0  -1.00334e+02   2.68026e-08        712    p    2    1
  1  -9.15737e+00   6.17875e-07          0    p    2    1
  2  -7.01193e+00   1.51240e-06          0    p    2    0
  3  -7.00923e+00   1.80494e-07          0    p    2    1
  4  -7.00502e+00   2.29797e-07        552    p    2    1
  5  -6.48524e+00   9.26354e-07          0    p    2    1
  6  -7.80528e-01   1.56173e-06          0    p    2    0
  7  -4.71918e-01   4.21097e-06          0    p    2    0
  8  -3.65650e-01   2.81154e-06       1192    p    2    0
  9  -3.62869e-01   1.15744e-05          0    p    2    0
 10  -3.32293e-01   6.45400e-06          0    p    2    0
 11  -2.69814e-01   9.10995e-06          0    p    2    0
------------------------------------------------------------
 Total error:                            1.70382e-05    0
============================================================


============================================================
                    Energy                 Update      Done 
------------------------------------------------------------
 Orbital      -2.791714864729097e+02     1.31698e-04    1
 Kinetic       4.833430608367337e+02     1.02329e-04    1
 N-E          -1.227522386137020e+03    -2.24910e-04    1
 Coulomb       2.530860815786486e+02     1.35981e-04    1
 Exchange      0.000000000000000e+00     0.00000e+00    1
 X-C          -3.116642151875894e+01    -1.34088e-05    1
------------------------------------------------------------
 Electronic   -5.222567772799850e+02    -3.63036e-09    1
 Nuclear       3.774073523279390e+01     0.00000e+00    1
------------------------------------------------------------
 Total        -4.845160420471911e+02    -3.63036e-09    1
============================================================


################ Wall time: 5.66906e+02 sec ################




####################### SCF cycle  9 #######################


============================================================
 Current precision                              1.00000e-07
------------------------------------------------------------
 Orbital threshold                              1.00000e-06
 Property threshold                            -1.00000e+00
============================================================


============================================================
                   Calculating SCF energy
------------------------------------------------------------
 Nuclear energy                       3.774073523279390e+01
 Electronic energy                   -5.222567772812008e+02
------------------------------------------------------------
 Total energy                        -4.845160420484069e+02
------------------------------------------------------------
                 Wall time: 3.12102e+01 sec 
============================================================


============================================================
                Rotating Helmholtz argument
------------------------------------------------------------
 Rotating orbitals                              3.95098e+00
------------------------------------------------------------
                 Wall time: 3.95107e+00 sec 
============================================================


============================================================
                Applying Helmholtz operators
------------------------------------------------------------
 Orb    RealNorm   Nodes     ImagNorm   Nodes     Timing
------------------------------------------------------------
  0    1.00000e+00   808    0.00000e+00     0   7.08767e+01
  4    1.00000e+00   584    0.00000e+00     0   5.61732e+01
  8    1.00000e+00  1192    0.00000e+00     0   1.26778e+02
------------------------------------------------------------
                 Wall time: 2.53833e+02 sec 
============================================================


============================================================
                 Lowdin orthonormalization
------------------------------------------------------------
 Computing Lowdin matrix                        1.23969e+02
 Rotating orbitals                              3.00794e+00
------------------------------------------------------------
                 Wall time: 1.26977e+02 sec 
============================================================


============================================================
               Iterative subspace accelerator
------------------------------------------------------------
 Push back orbitals                             4.19741e-01
 Setup linear system                            2.65542e+00
 Solve linear system                            8.74600e-06
 Expand solution                                3.28956e+00
------------------------------------------------------------
                 Wall time: 6.36483e+00 sec 
============================================================


============================================================
                 Lowdin orthonormalization
------------------------------------------------------------
 Computing Lowdin matrix                        1.44986e+00
 Rotating orbitals                              2.75508e+00
------------------------------------------------------------
                 Wall time: 4.20502e+00 sec 
============================================================


============================================================
                  Setting up Fock operator
------------------------------------------------------------
 Precision                                      1.00000e-07
------------------------------------------------------------
 Coulomb density                      1480      2.75722e+00
 Coulomb potential                     680      6.99895e+01
 Allreduce potential                   808      1.62658e+01
 XC total density                     1928      4.10255e+00
 XC evaluate xcfun                    3856      9.32675e+00
 XC energy                            1928      1.73567e-04
 XC potential                         1928      9.55366e-02
------------------------------------------------------------
                 Wall time: 1.02563e+02 sec 
============================================================


============================================================
                  Calculating Fock matrix
------------------------------------------------------------
 Kinetic part                         1.007676988600000e+01
 Potential part                       2.986649493400000e+01
------------------------------------------------------------
                 Wall time: 3.99434e+01 sec 
============================================================


============================================================
                          Orbitals
------------------------------------------------------------
 Orb    F(i,i)        Error         nNodes  Spin  Occ  Done 
------------------------------------------------------------
  0  -1.00334e+02   2.71366e-08        712    p    2    1
  1  -9.15737e+00   2.38819e-07          0    p    2    1
  2  -7.01193e+00   7.55107e-07          0    p    2    1
  3  -7.00923e+00   7.87264e-08          0    p    2    1
  4  -7.00502e+00   9.40060e-08        552    p    2    1
  5  -6.48524e+00   1.21127e-07          0    p    2    1
  6  -7.80528e-01   7.66993e-07          0    p    2    1
  7  -4.71918e-01   9.60495e-07          0    p    2    1
  8  -3.65650e-01   1.62887e-06       1192    p    2    0
  9  -3.62869e-01   6.46009e-06          0    p    2    0
 10  -3.32293e-01   2.66387e-06          0    p    2    0
 11  -2.69814e-01   4.12928e-06          0    p    2    0
------------------------------------------------------------
 Total error:                            8.40843e-06    0
============================================================


============================================================
                    Energy                 Update      Done 
------------------------------------------------------------
 Orbital      -2.791715518402231e+02    -6.53673e-05    1
 Kinetic       4.833430338672237e+02    -2.69695e-05    1
 N-E          -1.227522295649110e+03     9.04879e-05    1
 Coulomb       2.530860153519879e+02    -6.62267e-05    1
 Exchange      0.000000000000000e+00     0.00000e+00    1
 X-C          -3.116641885047051e+01     2.66829e-06    1
------------------------------------------------------------
 Electronic   -5.222567772812008e+02    -1.21577e-09    1
 Nuclear       3.774073523279390e+01     0.00000e+00    1
------------------------------------------------------------
 Total        -4.845160420484069e+02    -1.21577e-09    1
============================================================


################ Wall time: 5.69678e+02 sec ################




####################### SCF cycle 10 #######################


============================================================
 Current precision                              1.00000e-07
------------------------------------------------------------
 Orbital threshold                              1.00000e-06
 Property threshold                            -1.00000e+00
============================================================


============================================================
                   Calculating SCF energy
------------------------------------------------------------
 Nuclear energy                       3.774073523279390e+01
 Electronic energy                   -5.222567772815066e+02
------------------------------------------------------------
 Total energy                        -4.845160420487127e+02
------------------------------------------------------------
                 Wall time: 3.14828e+01 sec 
============================================================


============================================================
                Rotating Helmholtz argument
------------------------------------------------------------
 Rotating orbitals                              4.00812e+00
------------------------------------------------------------
                 Wall time: 4.00821e+00 sec 
============================================================


============================================================
                Applying Helmholtz operators
------------------------------------------------------------
 Orb    RealNorm   Nodes     ImagNorm   Nodes     Timing
------------------------------------------------------------
  0    1.00000e+00   808    0.00000e+00     0   7.30586e+01
  4    1.00000e+00   584    0.00000e+00     0   5.87589e+01
  8    1.00000e+00  1192    0.00000e+00     0   1.22965e+02
------------------------------------------------------------
                 Wall time: 2.54791e+02 sec 
============================================================


============================================================
                 Lowdin orthonormalization
------------------------------------------------------------
 Computing Lowdin matrix                        1.13418e+02
 Rotating orbitals                              2.97694e+00
------------------------------------------------------------
                 Wall time: 1.16395e+02 sec 
============================================================


============================================================
               Iterative subspace accelerator
------------------------------------------------------------
 Push back orbitals                             3.11730e-01
 Setup linear system                            2.59864e+00
 Solve linear system                            8.95300e-06
 Expand solution                                3.19113e+00
------------------------------------------------------------
                 Wall time: 6.10164e+00 sec 
============================================================


============================================================
                 Lowdin orthonormalization
------------------------------------------------------------
 Computing Lowdin matrix                        1.38581e+00
 Rotating orbitals                              2.73428e+00
------------------------------------------------------------
                 Wall time: 4.12018e+00 sec 
============================================================


============================================================
                  Setting up Fock operator
------------------------------------------------------------
 Precision                                      1.00000e-07
------------------------------------------------------------
 Coulomb density                      1480      2.78972e+00
 Coulomb potential                     680      7.33514e+01
 Allreduce potential                   808      1.30750e+01
 XC total density                     1928      4.13153e+00
 XC evaluate xcfun                    3856      9.27993e+00
 XC energy                            1928      1.79274e-04
 XC potential                         1928      9.57153e-02
------------------------------------------------------------
                 Wall time: 1.02749e+02 sec 
============================================================


============================================================
                  Calculating Fock matrix
------------------------------------------------------------
 Kinetic part                         1.013317258000000e+01
 Potential part                       2.970512188200000e+01
------------------------------------------------------------
                 Wall time: 3.98384e+01 sec 
============================================================


============================================================
                          Orbitals
------------------------------------------------------------
 Orb    F(i,i)        Error         nNodes  Spin  Occ  Done 
------------------------------------------------------------
  0  -1.00334e+02   1.94897e-08        712    p    2    1
  1  -9.15737e+00   6.53356e-08          0    p    2    1
  2  -7.01193e+00   1.90814e-07          0    p    2    1
  3  -7.00923e+00   1.77866e-08          0    p    2    1
  4  -7.00502e+00   2.37527e-08        552    p    2    1
  5  -6.48524e+00   2.23541e-07          0    p    2    1
  6  -7.80528e-01   5.70486e-07          0    p    2    1
  7  -4.71918e-01   8.50149e-07          0    p    2    1
  8  -3.65650e-01   6.97352e-07       1192    p    2    1
  9  -3.62869e-01   2.63485e-06          0    p    2    0
 10  -3.32294e-01   7.47734e-07          0    p    2    1
 11  -2.69814e-01   8.96151e-07          0    p    2    1
------------------------------------------------------------
 Total error:                            3.15136e-06    0
============================================================


============================================================
                    Energy                 Update      Done 
------------------------------------------------------------
 Orbital      -2.791715544606167e+02    -2.62039e-06    1
 Kinetic       4.833430345337613e+02     6.66538e-07    1
 N-E          -1.227522293526316e+03     2.12279e-06    1
 Coulomb       2.530860128145729e+02    -2.53741e-06    1
 Exchange      0.000000000000000e+00     0.00000e+00    1
 X-C          -3.116641911890095e+01    -2.68430e-07    1
------------------------------------------------------------
 Electronic   -5.222567772815066e+02    -3.05818e-10    1
 Nuclear       3.774073523279390e+01     0.00000e+00    1
------------------------------------------------------------
 Total        -4.845160420487127e+02    -3.05818e-10    1
============================================================


################ Wall time: 5.60104e+02 sec ################




####################### SCF cycle 11 #######################


============================================================
 Current precision                              1.00000e-07
------------------------------------------------------------
 Orbital threshold                              1.00000e-06
 Property threshold                            -1.00000e+00
============================================================


============================================================
                   Calculating SCF energy
------------------------------------------------------------
 Nuclear energy                       3.774073523279390e+01
 Electronic energy                   -5.222567772815496e+02
------------------------------------------------------------
 Total energy                        -4.845160420487557e+02
------------------------------------------------------------
                 Wall time: 3.17907e+01 sec 
============================================================


============================================================
                Rotating Helmholtz argument
------------------------------------------------------------
 Rotating orbitals                              4.03793e+00
------------------------------------------------------------
                 Wall time: 4.03802e+00 sec 
============================================================


============================================================
                Applying Helmholtz operators
------------------------------------------------------------
 Orb    RealNorm   Nodes     ImagNorm   Nodes     Timing
------------------------------------------------------------
  0    1.00000e+00   808    0.00000e+00     0   7.34560e+01
  4    1.00000e+00   584    0.00000e+00     0   5.96474e+01
  8    1.00000e+00  1192    0.00000e+00     0   1.27820e+02
------------------------------------------------------------
                 Wall time: 2.60935e+02 sec 
============================================================


============================================================
                 Lowdin orthonormalization
------------------------------------------------------------
 Computing Lowdin matrix                        9.58056e+01
 Rotating orbitals                              2.89944e+00
------------------------------------------------------------
                 Wall time: 9.87052e+01 sec 
============================================================


============================================================
               Iterative subspace accelerator
------------------------------------------------------------
 Push back orbitals                             2.17494e-01
 Setup linear system                            2.56563e+00
 Solve linear system                            8.60900e-06
 Expand solution                                3.14081e+00
------------------------------------------------------------
                 Wall time: 5.92404e+00 sec 
============================================================


============================================================
                 Lowdin orthonormalization
------------------------------------------------------------
 Computing Lowdin matrix                        1.33913e+00
 Rotating orbitals                              2.60856e+00
------------------------------------------------------------
                 Wall time: 3.94777e+00 sec 
============================================================


============================================================
                  Setting up Fock operator
------------------------------------------------------------
 Precision                                      1.00000e-07
------------------------------------------------------------
 Coulomb density                      1480      2.88354e+00
 Coulomb potential                     680      7.27094e+01
 Allreduce potential                   808      1.30995e+01
 XC total density                     1928      4.19587e+00
 XC evaluate xcfun                    3856      9.35614e+00
 XC energy                            1928      1.92090e-04
 XC potential                         1928      1.00755e-01
------------------------------------------------------------
                 Wall time: 1.02372e+02 sec 
============================================================


============================================================
                  Calculating Fock matrix
------------------------------------------------------------
 Kinetic part                         1.002103046100000e+01
 Potential part                       2.994029794200000e+01
------------------------------------------------------------
                 Wall time: 3.99615e+01 sec 
============================================================


============================================================
                          Orbitals
------------------------------------------------------------
 Orb    F(i,i)        Error         nNodes  Spin  Occ  Done 
------------------------------------------------------------
  0  -1.00334e+02   1.27588e-08        712    p    2    1
  1  -9.15737e+00   4.05220e-08          0    p    2    1
  2  -7.01193e+00   6.54508e-08          0    p    2    1
  3  -7.00923e+00   3.28626e-08          0    p    2    1
  4  -7.00502e+00   9.23724e-09        552    p    2    1
  5  -6.48524e+00   5.94527e-08          0    p    2    1
  6  -7.80528e-01   2.16620e-07          0    p    2    1
  7  -4.71918e-01   3.66978e-07          0    p    2    1
  8  -3.65650e-01   1.79693e-07       1192    p    2    1
  9  -3.62869e-01   9.37138e-07          0    p    2    1
 10  -3.32293e-01   6.98386e-07          0    p    2    1
 11  -2.69814e-01   4.05502e-07          0    p    2    1
------------------------------------------------------------
 Total error:                            1.32479e-06    1
============================================================


============================================================
                    Energy                 Update      Done 
------------------------------------------------------------
 Orbital      -2.791715675972137e+02    -1.31366e-05    1
 Kinetic       4.833430230282366e+02    -1.15055e-05    1
 N-E          -1.227522269700866e+03     2.38254e-05    1
 Coulomb       2.530859992937223e+02    -1.35209e-05    1
 Exchange      0.000000000000000e+00     0.00000e+00    1
 X-C          -3.116641791768748e+01     1.20121e-06    1
------------------------------------------------------------
 Electronic   -5.222567772815496e+02    -4.29736e-11    1
 Nuclear       3.774073523279390e+01     0.00000e+00    1
------------------------------------------------------------
 Total        -4.845160420487557e+02    -4.29736e-11    1
============================================================


################ Wall time: 5.48270e+02 sec ################


============================================================
                      Convergence rate
------------------------------------------------------------
Iter    OrbError       Property                   Update  
------------------------------------------------------------
  1    3.01572e-03    -4.845160219725732e+02   -4.84516e+02
  2    8.31650e-04    -4.845160389212064e+02   -1.69486e-05
  3    5.56328e-04    -4.845160408594488e+02   -1.93824e-06
  4    3.62037e-04    -4.845160416954233e+02   -8.35974e-07
  5    1.05043e-04    -4.845160419914735e+02   -2.96050e-07
  6    8.04696e-05    -4.845160420309309e+02   -3.94574e-08
  7    5.63107e-05    -4.845160420435608e+02   -1.26299e-08
  8    1.70382e-05    -4.845160420471911e+02   -3.63036e-09
  9    8.40843e-06    -4.845160420484069e+02   -1.21577e-09
 10    3.15136e-06    -4.845160420487127e+02   -3.05818e-10
 11    1.32479e-06    -4.845160420487557e+02   -4.29736e-11
------------------------------------------------------------
                      SCF converged!!!                      
============================================================


============================================================
                  Digonalizing Fock matrix
------------------------------------------------------------
 Computing Lowdin matrix                        5.93569e-01
 Diagonalizing matrix                           2.57270e-05
 Rotating orbitals                              4.00328e+00
------------------------------------------------------------
                 Wall time: 4.59696e+00 sec 
============================================================


============================================================
                  Setting up Fock operator
------------------------------------------------------------
 Precision                                      1.00000e-07
------------------------------------------------------------
 Coulomb density                      1544      2.55042e+00
 Coulomb potential                     680      6.01736e+01
 Allreduce potential                   808      1.15354e+01
 XC total density                     2024      3.81828e+00
 XC evaluate xcfun                    4048      9.49306e+00
 XC energy                            2024      1.64135e-04
 XC potential                         2024      8.72942e-02
------------------------------------------------------------
                 Wall time: 8.76823e+01 sec 
============================================================


============================================================
                   Calculating SCF energy
------------------------------------------------------------
------------------------------------------------------------
                 Wall time: 2.87433e+01 sec 
============================================================


============================================================
                 Calculating dipole moment
------------------------------------------------------------
------------------------------------------------------------
                 Wall time: 1.40508e+01 sec 
============================================================


============================================================
                        Fock matrix
------------------------------------------------------------
-1.00334e+02  0.00000e+00  0.00000e+00  0.00000e+00  0.00000e+00  0.00000e+00  0.00000e+00  0.00000e+00  0.00000e+00  0.00000e+00  0.00000e+00  0.00000e+00
 0.00000e+00 -9.15737e+00  0.00000e+00  0.00000e+00  0.00000e+00  0.00000e+00  0.00000e+00  0.00000e+00  0.00000e+00  0.00000e+00  0.00000e+00  0.00000e+00
 0.00000e+00  0.00000e+00 -7.01193e+00  0.00000e+00  0.00000e+00  0.00000e+00  0.00000e+00  0.00000e+00  0.00000e+00  0.00000e+00  0.00000e+00  0.00000e+00
 0.00000e+00  0.00000e+00  0.00000e+00 -7.00923e+00  0.00000e+00  0.00000e+00  0.00000e+00  0.00000e+00  0.00000e+00  0.00000e+00  0.00000e+00  0.00000e+00
 0.00000e+00  0.00000e+00  0.00000e+00  0.00000e+00 -7.00502e+00  0.00000e+00  0.00000e+00  0.00000e+00  0.00000e+00  0.00000e+00  0.00000e+00  0.00000e+00
 0.00000e+00  0.00000e+00  0.00000e+00  0.00000e+00  0.00000e+00 -6.48524e+00  0.00000e+00  0.00000e+00  0.00000e+00  0.00000e+00  0.00000e+00  0.00000e+00
 0.00000e+00  0.00000e+00  0.00000e+00  0.00000e+00  0.00000e+00  0.00000e+00 -7.80528e-01  0.00000e+00  0.00000e+00  0.00000e+00  0.00000e+00  0.00000e+00
 0.00000e+00  0.00000e+00  0.00000e+00  0.00000e+00  0.00000e+00  0.00000e+00  0.00000e+00 -4.71919e-01  0.00000e+00  0.00000e+00  0.00000e+00  0.00000e+00
 0.00000e+00  0.00000e+00  0.00000e+00  0.00000e+00  0.00000e+00  0.00000e+00  0.00000e+00  0.00000e+00 -3.65651e-01  0.00000e+00  0.00000e+00  0.00000e+00
 0.00000e+00  0.00000e+00  0.00000e+00  0.00000e+00  0.00000e+00  0.00000e+00  0.00000e+00  0.00000e+00  0.00000e+00 -3.62868e-01  0.00000e+00  0.00000e+00
 0.00000e+00  0.00000e+00  0.00000e+00  0.00000e+00  0.00000e+00  0.00000e+00  0.00000e+00  0.00000e+00  0.00000e+00  0.00000e+00 -3.32293e-01  0.00000e+00
 0.00000e+00  0.00000e+00  0.00000e+00  0.00000e+00  0.00000e+00  0.00000e+00  0.00000e+00  0.00000e+00  0.00000e+00  0.00000e+00  0.00000e+00 -2.69813e-01
============================================================


============================================================
                      Orbital energies
------------------------------------------------------------
    n  spin  occ                            epsilon  
------------------------------------------------------------
    0    p    2                      -1.003339215417973e+02
    1    p    2                      -9.157372924786682e+00
    2    p    2                      -7.011931272828642e+00
    3    p    2                      -7.009227436288625e+00
    4    p    2                      -7.005016643132029e+00
    5    p    2                      -6.485236031444788e+00
    6    p    2                      -7.805281848066445e-01
    7    p    2                      -4.719187992787426e-01
    8    p    2                      -3.656506313244207e-01
    9    p    2                      -3.628678371909692e-01
   10    p    2                      -3.322934687696697e-01
   11    p    2                      -2.698134229506305e-01
============================================================


============================================================
                          Molecule
------------------------------------------------------------
 Nr  Element             x             y             z      
------------------------------------------------------------
  1     B           0.00000e+00   0.00000e+00   0.00000e+00
  2     Cl          0.00000e+00   0.00000e+00   3.27924e+00
  3     H           0.00000e+00   1.99026e+00  -1.05333e+00
  4     H           0.00000e+00  -1.99026e+00  -1.05333e+00
------------------------------------------------------------
 Center of mass:    0.00000e+00   0.00000e+00   2.36403e+00
============================================================


                                                            
============================================================
                         SCF Energy                         
------------------------------------------------------------
                                                            
 Sum orbital energy:                 -2.791715563891983e+02
 Kinetic energy:                      4.833430293014719e+02
 E-N energy:                         -1.227522286681215e+03
 Coulomb energy:                      2.530860107369644e+02
 Exchange energy:                     0.000000000000000e+00
 X-C energy:                         -3.116641865249653e+01
 El. external field energy:           2.888013737609378e-03
 Nuc. external field energy:         -3.096378547357231e-03
                                                            
------------------------------------------------------------
                                                            
 Electronic energy:                  -5.222567772815376e+02
 Nuclear energy:                      3.774073523279390e+01
                                                            
------------------------------------------------------------
                                                            
 Total energy       (au)             -4.845160420487437e+02
                    (kJ/mol)         -1.272096684282881e+06
                    (kcal/mol)       -3.040384042679888e+05
                    (eV)             -1.318435258309035e+04
                                                            
============================================================
                                                            

                                                            
============================================================
                         Dipole moment                      
------------------------------------------------------------
                                                            
 Length of vector:   (au)                  2.0836480975e-01
                     (Debye)               5.2961046986e-01
                                                            
-------------------------- Total ---------------------------
                                                            
 [-1.0731797551e-11, -1.0045709882e-11, -2.0836480975e-01] 
                                                            
------------------------- Nuclear --------------------------
                                                            
 [-1.5951326929e-11, -1.4473311438e-11, -3.0963785474e+00] 
                                                            
------------------------ Electronic ------------------------
                                                            
 [5.2195293775e-12, 4.4276015559e-12, 2.8880137376e+00] 
                                                            
============================================================
                                                            



************************************************************
***                                                      ***
***                    Exiting MRChem                    ***
***                                                      ***
***               Wall time: 6.076925e+03                ***
***                                                      ***
************************************************************


