


************************************************************
***     __  __ ____   ____ _                             ***
***    |  \/  |  _ \ / ___| |__   ___ _ __ ___           ***
***    | |\/| | |_) | |   | '_ \ / _ \ '_ ` _ \          ***
***    | |  | |  _ <| |___| | | |  __/ | | | | |         ***
***    |_|  |_|_| \_\\____|_| |_|\___|_| |_| |_|         ***
***                                                      ***
***    VERSION 0.0.1 (rev. 1c6f79f)                     ***
***                                                      ***
***    Stig Rune Jensen <stig.r.jensen@uit.no>           ***
***    Luca Frediani    <luca.frediani@uit.no>           ***
***    Peter Wind       <peter.wind@uit.no>              ***
***                                                      ***
************************************************************


+++ Parallel execution: 
  MPI hosts available     : 4
  Threads/host            : 2
  Total used CPUs         : 8


------------------------------------------------------------

 MRCPP version   : X.Y.Z
 Git revision    : bbc2aed

 Linear algebra  : EIGEN
 Parallelization : MPI/OpenMP

------------------------------------------------------------




============================================================
                  MultiResolution Analysis                  
------------------------------------------------------------
 polynomial order = 11
 polynomial type  = Interpolating
------------------------------------------------------------
 total boxes      = 8
 boxes            = [           2           2           2 ]
 unit lengths     = [    32.00000    32.00000    32.00000 ]
 scaling factor   = [     1.00000     1.00000     1.00000 ]
 lower bounds     = [   -32.00000   -32.00000   -32.00000 ]
 upper bounds     = [    32.00000    32.00000    32.00000 ]
 total length     = [    64.00000    64.00000    64.00000 ]
============================================================


============================================================
                          Molecule
------------------------------------------------------------
 Nr  Element             x             y             z      
------------------------------------------------------------
  1     B           0.00000e+00   0.00000e+00   0.00000e+00
  2     Cl          0.00000e+00   0.00000e+00   3.27924e+00
  3     H           0.00000e+00   1.99026e+00  -1.05333e+00
  4     H           0.00000e+00  -1.99026e+00  -1.05333e+00
------------------------------------------------------------
 Center of mass:    0.00000e+00   0.00000e+00   2.36403e+00
============================================================


============================================================
                Setting up nuclear potential
------------------------------------------------------------
 Nr  Element         Charge        Precision     Smoothing 
------------------------------------------------------------
  1     B           5.00000e+00   1.00000e-07   5.18258e-05
  2     Cl          1.70000e+01   1.00000e-07   6.74137e-06
  3     H           1.00000e+00   1.00000e-07   7.57698e-04
  4     H           1.00000e+00   1.00000e-07   7.57698e-04
------------------------------------------------------------
 Nuclear potential                    1288      1.22575e+00
 Allreduce potential                  3688      1.76204e+00
------------------------------------------------------------
                 Wall time: 2.98791e+00 sec 
============================================================


============================================================
 OrbitalVector:  12 orbitals    12 occupied    24 electrons
------------------------------------------------------------
   n  RankID           Norm          Spin Occ      Error    
------------------------------------------------------------
   0     0       1.000000000000e+00    p   2    1.00000e+00
   1     1      -1.000000000000e+00    p   2    1.00000e+00
   2     2      -1.000000000000e+00    p   2    1.00000e+00
   3     3      -1.000000000000e+00    p   2    1.00000e+00
   4     0       1.000000000000e+00    p   2    1.00000e+00
   5     1      -1.000000000000e+00    p   2    1.00000e+00
   6     2      -1.000000000000e+00    p   2    1.00000e+00
   7     3      -1.000000000000e+00    p   2    1.00000e+00
   8     0       1.000000000000e+00    p   2    1.00000e+00
   9     1      -1.000000000000e+00    p   2    1.00000e+00
  10     2      -1.000000000000e+00    p   2    1.00000e+00
  11     3      -1.000000000000e+00    p   2    1.00000e+00
============================================================


============================================================
                  Setting up Fock operator
------------------------------------------------------------
 Precision                                      1.00000e-07
------------------------------------------------------------
 Coulomb density                      1544      3.08329e+00
 Coulomb potential                     680      6.58494e+01
 Allreduce potential                   808      1.31634e+01
 XC total density                     2024      4.92382e+00
 XC evaluate xcfun                   10120      3.28494e+01
 XC energy                            2024      1.69611e-04
 XC potential                         2024      1.06155e+00
------------------------------------------------------------
                 Wall time: 1.21742e+02 sec 
============================================================


============================================================
                  Calculating Fock matrix
------------------------------------------------------------
 Kinetic part                         1.432991214800000e+01
 Potential part                       4.794789221700000e+01
------------------------------------------------------------
                 Wall time: 6.22779e+01 sec 
============================================================




####################### SCF cycle  1 #######################


============================================================
 Current precision                              1.00000e-07
------------------------------------------------------------
 Orbital threshold                              1.00000e-06
 Property threshold                            -1.00000e+00
============================================================


============================================================
                  Digonalizing Fock matrix
------------------------------------------------------------
 Computing Lowdin matrix                        9.90437e-01
 Diagonalizing matrix                           3.34990e-05
 Rotating orbitals                              3.87805e+00
------------------------------------------------------------
                 Wall time: 4.86861e+00 sec 
============================================================


============================================================
                   Calculating SCF energy
------------------------------------------------------------
 Nuclear energy                       3.774073523279390e+01
 Electronic energy                   -5.238081126115485e+02
------------------------------------------------------------
 Total energy                        -4.860673773787546e+02
------------------------------------------------------------
                 Wall time: 3.47381e+01 sec 
============================================================


============================================================
                Rotating Helmholtz argument
------------------------------------------------------------
 Rotating orbitals                              1.05677e+00
------------------------------------------------------------
                 Wall time: 1.05685e+00 sec 
============================================================


============================================================
                Applying Helmholtz operators
------------------------------------------------------------
 Orb    RealNorm   Nodes     ImagNorm   Nodes     Timing
------------------------------------------------------------
  0    1.00000e+00   808    0.00000e+00     0   7.06075e+01
  4    1.00000e+00   584    0.00000e+00     0   5.61039e+01
  8    1.00001e+00  1224    0.00000e+00     0   1.34556e+02
------------------------------------------------------------
                 Wall time: 2.61274e+02 sec 
============================================================


============================================================
                 Lowdin orthonormalization
------------------------------------------------------------
 Computing Lowdin matrix                        1.04194e+02
 Rotating orbitals                              3.61992e+00
------------------------------------------------------------
                 Wall time: 1.07814e+02 sec 
============================================================


============================================================
               Iterative subspace accelerator
------------------------------------------------------------
 Push back orbitals                             8.04784e-02
 Copy orbitals                                  1.19166e-01
 Copy orbital updates                           1.20580e-01
------------------------------------------------------------
                 Wall time: 3.20366e-01 sec 
============================================================


============================================================
                 Lowdin orthonormalization
------------------------------------------------------------
 Computing Lowdin matrix                        7.47367e-01
 Rotating orbitals                              2.11357e+00
------------------------------------------------------------
                 Wall time: 2.86103e+00 sec 
============================================================


============================================================
                  Setting up Fock operator
------------------------------------------------------------
 Precision                                      1.00000e-07
------------------------------------------------------------
 Coulomb density                      1480      2.57414e+00
 Coulomb potential                     680      6.85076e+01
 Allreduce potential                   808      1.65535e+01
 XC total density                     1960      4.08722e+00
 XC evaluate xcfun                    9800      3.22410e+01
 XC energy                            1960      1.60725e-04
 XC potential                         1960      1.00708e+00
------------------------------------------------------------
                 Wall time: 1.25711e+02 sec 
============================================================


============================================================
                  Calculating Fock matrix
------------------------------------------------------------
 Kinetic part                         1.046016122300000e+01
 Potential part                       3.873107147600000e+01
------------------------------------------------------------
                 Wall time: 4.91914e+01 sec 
============================================================


============================================================
                          Orbitals
------------------------------------------------------------
 Orb    F(i,i)        Error         nNodes  Spin  Occ  Done 
------------------------------------------------------------
  0  -1.00675e+02   1.77372e-06        712    p    2    0
  1  -9.19181e+00   2.39456e-05          0    p    2    0
  2  -7.01127e+00   3.32799e-05          0    p    2    0
  3  -7.00848e+00   2.29338e-05          0    p    2    0
  4  -7.00452e+00   1.52089e-05        520    p    2    0
  5  -6.56141e+00   7.45938e-05          0    p    2    0
  6  -7.79173e-01   1.74775e-04          0    p    2    0
  7  -4.70901e-01   5.33690e-04          0    p    2    0
  8  -3.62740e-01   4.29777e-04       1224    p    2    0
  9  -3.59839e-01   1.79576e-03          0    p    2    0
 10  -3.26715e-01   1.56033e-03          0    p    2    0
 11  -2.67806e-01   1.70203e-03          0    p    2    0
------------------------------------------------------------
 Total error:                            3.01071e-03    0
============================================================


============================================================
                    Energy                 Update      Done 
------------------------------------------------------------
 Orbital      -2.800481608819288e+02    -2.80048e+02    1
 Kinetic       4.853513119285694e+02     4.85351e+02    1
 N-E          -1.229690532952357e+03    -1.22969e+03    1
 Coulomb       2.533184852890950e+02     2.53318e+02    1
 Exchange      0.000000000000000e+00     0.00000e+00    1
 X-C          -3.279030083106554e+01    -3.27903e+01    1
------------------------------------------------------------
 Electronic   -5.238081126115485e+02    -5.23808e+02    1
 Nuclear       3.774073523279390e+01     3.77407e+01    1
------------------------------------------------------------
 Total        -4.860673773787546e+02    -4.86067e+02    1
============================================================


################ Wall time: 5.88188e+02 sec ################




####################### SCF cycle  2 #######################


============================================================
 Current precision                              1.00000e-07
------------------------------------------------------------
 Orbital threshold                              1.00000e-06
 Property threshold                            -1.00000e+00
============================================================


============================================================
                  Digonalizing Fock matrix
------------------------------------------------------------
 Computing Lowdin matrix                        6.81971e-01
 Diagonalizing matrix                           2.99390e-05
 Rotating orbitals                              3.63028e+00
------------------------------------------------------------
                 Wall time: 4.31237e+00 sec 
============================================================


============================================================
                   Calculating SCF energy
------------------------------------------------------------
 Nuclear energy                       3.774073523279390e+01
 Electronic energy                   -5.238081293769951e+02
------------------------------------------------------------
 Total energy                        -4.860673941442012e+02
------------------------------------------------------------
                 Wall time: 3.50749e+01 sec 
============================================================


============================================================
                Rotating Helmholtz argument
------------------------------------------------------------
 Rotating orbitals                              1.07075e+00
------------------------------------------------------------
                 Wall time: 1.07083e+00 sec 
============================================================


============================================================
                Applying Helmholtz operators
------------------------------------------------------------
 Orb    RealNorm   Nodes     ImagNorm   Nodes     Timing
------------------------------------------------------------
  0    1.00000e+00   808    0.00000e+00     0   7.04391e+01
  4    1.00000e+00   584    0.00000e+00     0   5.56571e+01
  8    9.99981e-01  1224    0.00000e+00     0   1.34649e+02
------------------------------------------------------------
                 Wall time: 2.60752e+02 sec 
============================================================


============================================================
                 Lowdin orthonormalization
------------------------------------------------------------
 Computing Lowdin matrix                        1.03560e+02
 Rotating orbitals                              3.58976e+00
------------------------------------------------------------
                 Wall time: 1.07150e+02 sec 
============================================================


============================================================
               Iterative subspace accelerator
------------------------------------------------------------
 Push back orbitals                             5.84831e-02
 Copy orbitals                                  1.20147e-01
 Copy orbital updates                           1.20778e-01
------------------------------------------------------------
                 Wall time: 2.99547e-01 sec 
============================================================


============================================================
                 Lowdin orthonormalization
------------------------------------------------------------
 Computing Lowdin matrix                        7.47219e-01
 Rotating orbitals                              2.03080e+00
------------------------------------------------------------
                 Wall time: 2.77812e+00 sec 
============================================================


============================================================
                  Setting up Fock operator
------------------------------------------------------------
 Precision                                      1.00000e-07
------------------------------------------------------------
 Coulomb density                      1480      2.53956e+00
 Coulomb potential                     680      6.85458e+01
 Allreduce potential                   808      1.41777e+01
 XC total density                     1960      4.05190e+00
 XC evaluate xcfun                    9800      3.19973e+01
 XC energy                            1960      1.64410e-04
 XC potential                         1960      1.01409e+00
------------------------------------------------------------
                 Wall time: 1.23052e+02 sec 
============================================================


============================================================
                  Calculating Fock matrix
------------------------------------------------------------
 Kinetic part                         1.040341505100000e+01
 Potential part                       3.820151555500000e+01
------------------------------------------------------------
                 Wall time: 4.86051e+01 sec 
============================================================


============================================================
                          Orbitals
------------------------------------------------------------
 Orb    F(i,i)        Error         nNodes  Spin  Occ  Done 
------------------------------------------------------------
  0  -1.00675e+02   5.21828e-07        712    p    2    1
  1  -9.19173e+00   1.17748e-05          0    p    2    0
  2  -7.01119e+00   1.57230e-05          0    p    2    0
  3  -7.00841e+00   9.56089e-06          0    p    2    0
  4  -7.00446e+00   6.76902e-06        520    p    2    0
  5  -6.56138e+00   3.23806e-05          0    p    2    0
  6  -7.79080e-01   1.27081e-04          0    p    2    0
  7  -4.70896e-01   2.25387e-04          0    p    2    0
  8  -3.62756e-01   2.41345e-04       1224    p    2    0
  9  -3.59832e-01   4.48453e-04          0    p    2    0
 10  -3.26619e-01   3.87667e-04          0    p    2    0
 11  -2.67769e-01   4.31106e-04          0    p    2    0
------------------------------------------------------------
 Total error:                            8.14872e-04    0
============================================================


============================================================
                    Energy                 Update      Done 
------------------------------------------------------------
 Orbital      -2.800391809792022e+02     8.97990e-03    1
 Kinetic       4.853534059204826e+02     2.09399e-03    1
 N-E          -1.229701395591884e+03    -1.08626e-02    1
 Coulomb       2.533275777467306e+02     9.09246e-03    1
 Exchange      0.000000000000000e+00     0.00000e+00    1
 X-C          -3.279061440146706e+01    -3.13570e-04    1
------------------------------------------------------------
 Electronic   -5.238081293769951e+02    -1.67654e-05    1
 Nuclear       3.774073523279390e+01     0.00000e+00    1
------------------------------------------------------------
 Total        -4.860673941442012e+02    -1.67654e-05    1
============================================================


################ Wall time: 5.83460e+02 sec ################




####################### SCF cycle  3 #######################


============================================================
 Current precision                              1.00000e-07
------------------------------------------------------------
 Orbital threshold                              1.00000e-06
 Property threshold                            -1.00000e+00
============================================================


============================================================
                   Calculating SCF energy
------------------------------------------------------------
 Nuclear energy                       3.774073523279390e+01
 Electronic energy                   -5.238081312814418e+02
------------------------------------------------------------
 Total energy                        -4.860673960486479e+02
------------------------------------------------------------
                 Wall time: 3.88139e+01 sec 
============================================================


============================================================
                Rotating Helmholtz argument
------------------------------------------------------------
 Rotating orbitals                              4.10817e+00
------------------------------------------------------------
                 Wall time: 4.10826e+00 sec 
============================================================


============================================================
                Applying Helmholtz operators
------------------------------------------------------------
 Orb    RealNorm   Nodes     ImagNorm   Nodes     Timing
------------------------------------------------------------
  0    1.00000e+00   808    0.00000e+00     0   7.67898e+01
  4    1.00000e+00   584    0.00000e+00     0   5.98076e+01
  8    9.99993e-01  1224    0.00000e+00     0   1.39520e+02
------------------------------------------------------------
                 Wall time: 2.76124e+02 sec 
============================================================


============================================================
                 Lowdin orthonormalization
------------------------------------------------------------
 Computing Lowdin matrix                        9.88195e+01
 Rotating orbitals                              3.52956e+00
------------------------------------------------------------
                 Wall time: 1.02349e+02 sec 
============================================================


============================================================
               Iterative subspace accelerator
------------------------------------------------------------
 Push back orbitals                             2.39609e-01
 Setup linear system                            4.30696e-01
 Solve linear system                            1.26320e-05
 Expand solution                                1.57274e+00
------------------------------------------------------------
                 Wall time: 2.24319e+00 sec 
============================================================


============================================================
                 Lowdin orthonormalization
------------------------------------------------------------
 Computing Lowdin matrix                        1.50666e+00
 Rotating orbitals                              3.48975e+00
------------------------------------------------------------
                 Wall time: 4.99651e+00 sec 
============================================================


============================================================
                  Setting up Fock operator
------------------------------------------------------------
 Precision                                      1.00000e-07
------------------------------------------------------------
 Coulomb density                      1480      2.70223e+00
 Coulomb potential                     680      7.15415e+01
 Allreduce potential                   808      1.28364e+01
 XC total density                     1960      4.26791e+00
 XC evaluate xcfun                    9800      3.22453e+01
 XC energy                            1960      1.64828e-04
 XC potential                         1960      1.12999e+00
------------------------------------------------------------
                 Wall time: 1.25470e+02 sec 
============================================================


============================================================
                  Calculating Fock matrix
------------------------------------------------------------
 Kinetic part                         1.087149927900000e+01
 Potential part                       3.963513150400000e+01
------------------------------------------------------------
                 Wall time: 5.05068e+01 sec 
============================================================


============================================================
                          Orbitals
------------------------------------------------------------
 Orb    F(i,i)        Error         nNodes  Spin  Occ  Done 
------------------------------------------------------------
  0  -1.00675e+02   4.32446e-07        712    p    2    1
  1  -9.19153e+00   1.16260e-05          0    p    2    0
  2  -7.01099e+00   1.77849e-05          0    p    2    0
  3  -7.00820e+00   1.20527e-05          0    p    2    0
  4  -7.00426e+00   5.69752e-06        520    p    2    0
  5  -6.56147e+00   2.80980e-05          0    p    2    0
  6  -7.78961e-01   6.66228e-05          0    p    2    0
  7  -4.70899e-01   1.17953e-04          0    p    2    0
  8  -3.62779e-01   1.41101e-04       1224    p    2    0
  9  -3.59830e-01   2.68466e-04          0    p    2    0
 10  -3.26504e-01   3.47934e-04          0    p    2    0
 11  -2.67727e-01   2.68424e-04          0    p    2    0
------------------------------------------------------------
 Total error:                            5.52145e-04    0
============================================================


============================================================
                    Energy                 Update      Done 
------------------------------------------------------------
 Orbital      -2.800380520733405e+02     1.12891e-03    1
 Kinetic       4.853525336059845e+02    -8.72314e-04    1
 N-E          -1.229701654673080e+03    -2.59081e-04    1
 Coulomb       2.533287061490380e+02     1.12840e-03    1
 Exchange      0.000000000000000e+00     0.00000e+00    1
 X-C          -3.279060680503799e+01     7.59643e-06    1
------------------------------------------------------------
 Electronic   -5.238081312814418e+02    -1.90445e-06    1
 Nuclear       3.774073523279390e+01     0.00000e+00    1
------------------------------------------------------------
 Total        -4.860673960486479e+02    -1.90445e-06    1
============================================================


################ Wall time: 6.05286e+02 sec ################




####################### SCF cycle  4 #######################


============================================================
 Current precision                              1.00000e-07
------------------------------------------------------------
 Orbital threshold                              1.00000e-06
 Property threshold                            -1.00000e+00
============================================================


============================================================
                   Calculating SCF energy
------------------------------------------------------------
 Nuclear energy                       3.774073523279390e+01
 Electronic energy                   -5.238081321093088e+02
------------------------------------------------------------
 Total energy                        -4.860673968765149e+02
------------------------------------------------------------
                 Wall time: 4.06130e+01 sec 
============================================================


============================================================
                Rotating Helmholtz argument
------------------------------------------------------------
 Rotating orbitals                              4.23232e+00
------------------------------------------------------------
                 Wall time: 4.23241e+00 sec 
============================================================


============================================================
                Applying Helmholtz operators
------------------------------------------------------------
 Orb    RealNorm   Nodes     ImagNorm   Nodes     Timing
------------------------------------------------------------
  0    1.00000e+00   808    0.00000e+00     0   8.02080e+01
  4    1.00000e+00   584    0.00000e+00     0   6.33293e+01
  8    9.99997e-01  1224    0.00000e+00     0   1.40786e+02
------------------------------------------------------------
                 Wall time: 2.84342e+02 sec 
============================================================


============================================================
                 Lowdin orthonormalization
------------------------------------------------------------
 Computing Lowdin matrix                        9.71384e+01
 Rotating orbitals                              3.64076e+00
------------------------------------------------------------
                 Wall time: 1.00779e+02 sec 
============================================================


============================================================
               Iterative subspace accelerator
------------------------------------------------------------
 Push back orbitals                             1.07695e-01
 Setup linear system                            1.29849e+00
 Solve linear system                            1.60260e-05
 Expand solution                                2.64437e+00
------------------------------------------------------------
                 Wall time: 4.05073e+00 sec 
============================================================


============================================================
                 Lowdin orthonormalization
------------------------------------------------------------
 Computing Lowdin matrix                        1.66496e+00
 Rotating orbitals                              3.79867e+00
------------------------------------------------------------
                 Wall time: 5.46371e+00 sec 
============================================================


============================================================
                  Setting up Fock operator
------------------------------------------------------------
 Precision                                      1.00000e-07
------------------------------------------------------------
 Coulomb density                      1480      2.75750e+00
 Coulomb potential                     680      7.18549e+01
 Allreduce potential                   808      1.35044e+01
 XC total density                     1960      4.38858e+00
 XC evaluate xcfun                    9800      3.25355e+01
 XC energy                            1960      1.68545e-04
 XC potential                         1960      1.14269e+00
------------------------------------------------------------
                 Wall time: 1.26922e+02 sec 
============================================================


============================================================
                  Calculating Fock matrix
------------------------------------------------------------
 Kinetic part                         1.046620730600000e+01
 Potential part                       4.043486501500000e+01
------------------------------------------------------------
                 Wall time: 5.09012e+01 sec 
============================================================


============================================================
                          Orbitals
------------------------------------------------------------
 Orb    F(i,i)        Error         nNodes  Spin  Occ  Done 
------------------------------------------------------------
  0  -1.00675e+02   2.20930e-07        712    p    2    1
  1  -9.19147e+00   7.97706e-06          0    p    2    0
  2  -7.01092e+00   1.39535e-05          0    p    2    0
  3  -7.00814e+00   1.10977e-05          0    p    2    0
  4  -7.00420e+00   4.29296e-06        552    p    2    0
  5  -6.56154e+00   1.45568e-05          0    p    2    0
  6  -7.78921e-01   3.86971e-05          0    p    2    0
  7  -4.70913e-01   7.03899e-05          0    p    2    0
  8  -3.62801e-01   9.36608e-05       1224    p    2    0
  9  -3.59840e-01   1.29374e-04          0    p    2    0
 10  -3.26461e-01   2.64143e-04          0    p    2    0
 11  -2.67718e-01   1.60672e-04          0    p    2    0
------------------------------------------------------------
 Total error:                            3.57996e-04    0
============================================================


============================================================
                    Energy                 Update      Done 
------------------------------------------------------------
 Orbital      -2.800356661695039e+02     2.38590e-03    1
 Kinetic       4.853530235283168e+02     4.89922e-04    1
 N-E          -1.229704481984992e+03    -2.82731e-03    1
 Coulomb       2.533311167257159e+02     2.41058e-03    1
 Exchange      0.000000000000000e+00     0.00000e+00    1
 X-C          -3.279067664675445e+01    -6.98417e-05    1
------------------------------------------------------------
 Electronic   -5.238081321093088e+02    -8.27867e-07    1
 Nuclear       3.774073523279390e+01     0.00000e+00    1
------------------------------------------------------------
 Total        -4.860673968765149e+02    -8.27867e-07    1
============================================================


################ Wall time: 6.18000e+02 sec ################




####################### SCF cycle  5 #######################


============================================================
 Current precision                              1.00000e-07
------------------------------------------------------------
 Orbital threshold                              1.00000e-06
 Property threshold                            -1.00000e+00
============================================================


============================================================
                   Calculating SCF energy
------------------------------------------------------------
 Nuclear energy                       3.774073523279390e+01
 Electronic energy                   -5.238081323949611e+02
------------------------------------------------------------
 Total energy                        -4.860673971621673e+02
------------------------------------------------------------
                 Wall time: 4.12141e+01 sec 
============================================================


============================================================
                Rotating Helmholtz argument
------------------------------------------------------------
 Rotating orbitals                              4.38511e+00
------------------------------------------------------------
                 Wall time: 4.38521e+00 sec 
============================================================


============================================================
                Applying Helmholtz operators
------------------------------------------------------------
 Orb    RealNorm   Nodes     ImagNorm   Nodes     Timing
------------------------------------------------------------
  0    1.00000e+00   808    0.00000e+00     0   8.03994e+01
  4    1.00000e+00   584    0.00000e+00     0   6.28810e+01
  8    9.99997e-01  1224    0.00000e+00     0   1.42565e+02
------------------------------------------------------------
                 Wall time: 2.85865e+02 sec 
============================================================


============================================================
                 Lowdin orthonormalization
------------------------------------------------------------
 Computing Lowdin matrix                        9.74015e+01
 Rotating orbitals                              3.66451e+00
------------------------------------------------------------
                 Wall time: 1.01066e+02 sec 
============================================================


============================================================
               Iterative subspace accelerator
------------------------------------------------------------
 Push back orbitals                             1.10046e-01
 Setup linear system                            2.79462e+00
 Solve linear system                            1.05600e-05
 Expand solution                                3.88951e+00
------------------------------------------------------------
                 Wall time: 6.79433e+00 sec 
============================================================


============================================================
                 Lowdin orthonormalization
------------------------------------------------------------
 Computing Lowdin matrix                        1.91922e+00
 Rotating orbitals                              3.96466e+00
------------------------------------------------------------
                 Wall time: 5.88397e+00 sec 
============================================================


============================================================
                  Setting up Fock operator
------------------------------------------------------------
 Precision                                      1.00000e-07
------------------------------------------------------------
 Coulomb density                      1480      2.82939e+00
 Coulomb potential                     680      7.33071e+01
 Allreduce potential                   808      8.96369e+00
 XC total density                     1960      4.19146e+00
 XC evaluate xcfun                    9800      3.25929e+01
 XC energy                            1960      1.78536e-04
 XC potential                         1960      1.14115e+00
------------------------------------------------------------
                 Wall time: 1.23795e+02 sec 
============================================================


============================================================
                  Calculating Fock matrix
------------------------------------------------------------
 Kinetic part                         1.001870876000000e+01
 Potential part                       3.950471236700000e+01
------------------------------------------------------------
                 Wall time: 4.95235e+01 sec 
============================================================


============================================================
                          Orbitals
------------------------------------------------------------
 Orb    F(i,i)        Error         nNodes  Spin  Occ  Done 
------------------------------------------------------------
  0  -1.00675e+02   6.65220e-08        712    p    2    1
  1  -9.19142e+00   1.22963e-06          0    p    2    0
  2  -7.01087e+00   3.43924e-06          0    p    2    0
  3  -7.00808e+00   4.44569e-06          0    p    2    0
  4  -7.00415e+00   8.70028e-07        552    p    2    1
  5  -6.56156e+00   1.97417e-06          0    p    2    0
  6  -7.78896e-01   7.39891e-06          0    p    2    0
  7  -4.70910e-01   1.76532e-05          0    p    2    0
  8  -3.62800e-01   2.05999e-05       1224    p    2    0
  9  -3.59835e-01   2.84789e-05          0    p    2    0
 10  -3.26437e-01   8.85351e-05          0    p    2    0
 11  -2.67706e-01   2.95595e-05          0    p    2    0
------------------------------------------------------------
 Total error:                            1.01744e-04    0
============================================================


============================================================
                    Energy                 Update      Done 
------------------------------------------------------------
 Orbital      -2.800350661055082e+02     6.00064e-04    1
 Kinetic       4.853528099992781e+02    -2.13529e-04    1
 N-E          -1.229704876530678e+03    -3.94546e-04    1
 Coulomb       2.533317155328701e+02     5.98807e-04    1
 Exchange      0.000000000000000e+00     0.00000e+00    1
 X-C          -3.279066607038205e+01     1.05764e-05    1
------------------------------------------------------------
 Electronic   -5.238081323949611e+02    -2.85652e-07    1
 Nuclear       3.774073523279390e+01     0.00000e+00    1
------------------------------------------------------------
 Total        -4.860673971621673e+02    -2.85652e-07    1
============================================================


################ Wall time: 6.19389e+02 sec ################




####################### SCF cycle  6 #######################


============================================================
 Current precision                              1.00000e-07
------------------------------------------------------------
 Orbital threshold                              1.00000e-06
 Property threshold                            -1.00000e+00
============================================================


============================================================
                   Calculating SCF energy
------------------------------------------------------------
 Nuclear energy                       3.774073523279390e+01
 Electronic energy                   -5.238081324323205e+02
------------------------------------------------------------
 Total energy                        -4.860673971995266e+02
------------------------------------------------------------
                 Wall time: 4.19803e+01 sec 
============================================================


============================================================
                Rotating Helmholtz argument
------------------------------------------------------------
 Rotating orbitals                              4.38819e+00
------------------------------------------------------------
                 Wall time: 4.38829e+00 sec 
============================================================


============================================================
                Applying Helmholtz operators
------------------------------------------------------------
 Orb    RealNorm   Nodes     ImagNorm   Nodes     Timing
------------------------------------------------------------
  0    1.00000e+00   808    0.00000e+00     0   8.30265e+01
  4    1.00000e+00   584    0.00000e+00     0   6.34538e+01
  8    9.99999e-01  1224    0.00000e+00     0   1.46023e+02
------------------------------------------------------------
                 Wall time: 2.92517e+02 sec 
============================================================


============================================================
                 Lowdin orthonormalization
------------------------------------------------------------
 Computing Lowdin matrix                        1.00341e+02
 Rotating orbitals                              3.58904e+00
------------------------------------------------------------
                 Wall time: 1.03930e+02 sec 
============================================================


============================================================
               Iterative subspace accelerator
------------------------------------------------------------
 Push back orbitals                             2.14966e-01
 Setup linear system                            2.70293e+00
 Solve linear system                            1.06300e-05
 Expand solution                                3.66438e+00
------------------------------------------------------------
                 Wall time: 6.58242e+00 sec 
============================================================


============================================================
                 Lowdin orthonormalization
------------------------------------------------------------
 Computing Lowdin matrix                        1.66518e+00
 Rotating orbitals                              3.47266e+00
------------------------------------------------------------
                 Wall time: 5.13792e+00 sec 
============================================================


============================================================
                  Setting up Fock operator
------------------------------------------------------------
 Precision                                      1.00000e-07
------------------------------------------------------------
 Coulomb density                      1480      2.95167e+00
 Coulomb potential                     680      7.55936e+01
 Allreduce potential                   808      1.13040e+01
 XC total density                     1960      4.50001e+00
 XC evaluate xcfun                    9800      3.27583e+01
 XC energy                            1960      2.05155e-04
 XC potential                         1960      1.10038e+00
------------------------------------------------------------
                 Wall time: 1.28973e+02 sec 
============================================================


============================================================
                  Calculating Fock matrix
------------------------------------------------------------
 Kinetic part                         1.017173206400000e+01
 Potential part                       4.122903958700000e+01
------------------------------------------------------------
                 Wall time: 5.14009e+01 sec 
============================================================


============================================================
                          Orbitals
------------------------------------------------------------
 Orb    F(i,i)        Error         nNodes  Spin  Occ  Done 
------------------------------------------------------------
  0  -1.00675e+02   4.48885e-08        712    p    2    1
  1  -9.19142e+00   9.88372e-07          0    p    2    1
  2  -7.01087e+00   1.95466e-06          0    p    2    0
  3  -7.00808e+00   3.51040e-06          0    p    2    0
  4  -7.00415e+00   8.21361e-07        552    p    2    1
  5  -6.56158e+00   2.86171e-06          0    p    2    0
  6  -7.78895e-01   1.06526e-05          0    p    2    0
  7  -4.70914e-01   1.79711e-05          0    p    2    0
  8  -3.62805e-01   1.53182e-05       1224    p    2    0
  9  -3.59839e-01   1.94848e-05          0    p    2    0
 10  -3.26434e-01   7.19906e-05          0    p    2    0
 11  -2.67707e-01   1.99726e-05          0    p    2    0
------------------------------------------------------------
 Total error:                            8.15983e-05    0
============================================================


============================================================
                    Energy                 Update      Done 
------------------------------------------------------------
 Orbital      -2.800344169447512e+02     6.49161e-04    1
 Kinetic       4.853531386355468e+02     3.28636e-04    1
 N-E          -1.229705827987005e+03    -9.51456e-04    1
 Coulomb       2.533323769911397e+02     6.61458e-04    1
 Exchange      0.000000000000000e+00     0.00000e+00    1
 X-C          -3.279070448524896e+01    -3.84149e-05    1
------------------------------------------------------------
 Electronic   -5.238081324323205e+02    -3.73593e-08    1
 Nuclear       3.774073523279390e+01     0.00000e+00    1
------------------------------------------------------------
 Total        -4.860673971995266e+02    -3.73593e-08    1
============================================================


################ Wall time: 6.35589e+02 sec ################




####################### SCF cycle  7 #######################


============================================================
 Current precision                              1.00000e-07
------------------------------------------------------------
 Orbital threshold                              1.00000e-06
 Property threshold                            -1.00000e+00
============================================================


============================================================
                   Calculating SCF energy
------------------------------------------------------------
 Nuclear energy                       3.774073523279390e+01
 Electronic energy                   -5.238081324442795e+02
------------------------------------------------------------
 Total energy                        -4.860673972114856e+02
------------------------------------------------------------
                 Wall time: 4.21953e+01 sec 
============================================================


============================================================
                Rotating Helmholtz argument
------------------------------------------------------------
 Rotating orbitals                              4.41010e+00
------------------------------------------------------------
                 Wall time: 4.41020e+00 sec 
============================================================


============================================================
                Applying Helmholtz operators
------------------------------------------------------------
 Orb    RealNorm   Nodes     ImagNorm   Nodes     Timing
------------------------------------------------------------
  0    1.00000e+00   808    0.00000e+00     0   8.34390e+01
  4    1.00000e+00   584    0.00000e+00     0   6.46068e+01
  8    9.99999e-01  1224    0.00000e+00     0   1.41177e+02
------------------------------------------------------------
                 Wall time: 2.89230e+02 sec 
============================================================


============================================================
                 Lowdin orthonormalization
------------------------------------------------------------
 Computing Lowdin matrix                        1.07178e+02
 Rotating orbitals                              3.49735e+00
------------------------------------------------------------
                 Wall time: 1.10676e+02 sec 
============================================================


============================================================
               Iterative subspace accelerator
------------------------------------------------------------
 Push back orbitals                             3.46427e-01
 Setup linear system                            2.75816e+00
 Solve linear system                            1.08450e-05
 Expand solution                                3.86076e+00
------------------------------------------------------------
                 Wall time: 6.96549e+00 sec 
============================================================


============================================================
                 Lowdin orthonormalization
------------------------------------------------------------
 Computing Lowdin matrix                        1.59099e+00
 Rotating orbitals                              3.60820e+00
------------------------------------------------------------
                 Wall time: 5.19928e+00 sec 
============================================================


============================================================
                  Setting up Fock operator
------------------------------------------------------------
 Precision                                      1.00000e-07
------------------------------------------------------------
 Coulomb density                      1480      2.92139e+00
 Coulomb potential                     680      7.36000e+01
 Allreduce potential                   808      1.79854e+01
 XC total density                     1960      4.51480e+00
 XC evaluate xcfun                    9800      3.27229e+01
 XC energy                            1960      1.81714e-04
 XC potential                         1960      1.08156e+00
------------------------------------------------------------
                 Wall time: 1.33588e+02 sec 
============================================================


============================================================
                  Calculating Fock matrix
------------------------------------------------------------
 Kinetic part                         1.084726698500000e+01
 Potential part                       4.227946596900000e+01
------------------------------------------------------------
                 Wall time: 5.31269e+01 sec 
============================================================


============================================================
                          Orbitals
------------------------------------------------------------
 Orb    F(i,i)        Error         nNodes  Spin  Occ  Done 
------------------------------------------------------------
  0  -1.00675e+02   3.53250e-08        712    p    2    1
  1  -9.19141e+00   1.33304e-06          0    p    2    0
  2  -7.01086e+00   2.10303e-06          0    p    2    0
  3  -7.00807e+00   2.12037e-06          0    p    2    0
  4  -7.00414e+00   4.64307e-07        552    p    2    1
  5  -6.56158e+00   3.52979e-06          0    p    2    0
  6  -7.78890e-01   7.88101e-06          0    p    2    0
  7  -4.70912e-01   1.52649e-05          0    p    2    0
  8  -3.62803e-01   6.00719e-06       1224    p    2    0
  9  -3.59838e-01   2.28410e-05          0    p    2    0
 10  -3.26430e-01   4.10661e-05          0    p    2    0
 11  -2.67704e-01   1.48210e-05          0    p    2    0
------------------------------------------------------------
 Total error:                            5.27483e-05    0
============================================================


============================================================
                    Energy                 Update      Done 
------------------------------------------------------------
 Orbital      -2.800344715097932e+02    -5.45650e-05    1
 Kinetic       4.853530479248552e+02    -9.07107e-05    1
 N-E          -1.229705686137940e+03     1.41849e-04    1
 Coulomb       2.533323206877658e+02    -5.63034e-05    1
 Exchange      0.000000000000000e+00     0.00000e+00    1
 X-C          -3.279069915810506e+01     5.32714e-06    1
------------------------------------------------------------
 Electronic   -5.238081324442795e+02    -1.19591e-08    1
 Nuclear       3.774073523279390e+01     0.00000e+00    1
------------------------------------------------------------
 Total        -4.860673972114856e+02    -1.19591e-08    1
============================================================


################ Wall time: 6.46106e+02 sec ################




####################### SCF cycle  8 #######################


============================================================
 Current precision                              1.00000e-07
------------------------------------------------------------
 Orbital threshold                              1.00000e-06
 Property threshold                            -1.00000e+00
============================================================


============================================================
                   Calculating SCF energy
------------------------------------------------------------
 Nuclear energy                       3.774073523279390e+01
 Electronic energy                   -5.238081324475479e+02
------------------------------------------------------------
 Total energy                        -4.860673972147540e+02
------------------------------------------------------------
                 Wall time: 4.43539e+01 sec 
============================================================


============================================================
                Rotating Helmholtz argument
------------------------------------------------------------
 Rotating orbitals                              4.44726e+00
------------------------------------------------------------
                 Wall time: 4.44737e+00 sec 
============================================================


============================================================
                Applying Helmholtz operators
------------------------------------------------------------
 Orb    RealNorm   Nodes     ImagNorm   Nodes     Timing
------------------------------------------------------------
  0    1.00000e+00   808    0.00000e+00     0   7.97385e+01
  4    1.00000e+00   584    0.00000e+00     0   6.50689e+01
  8    1.00000e+00  1224    0.00000e+00     0   1.44889e+02
------------------------------------------------------------
                 Wall time: 2.89714e+02 sec 
============================================================


============================================================
                 Lowdin orthonormalization
------------------------------------------------------------
 Computing Lowdin matrix                        1.26757e+02
 Rotating orbitals                              3.48127e+00
------------------------------------------------------------
                 Wall time: 1.30238e+02 sec 
============================================================


============================================================
               Iterative subspace accelerator
------------------------------------------------------------
 Push back orbitals                             2.70661e-01
 Setup linear system                            2.79184e+00
 Solve linear system                            1.07010e-05
 Expand solution                                4.00178e+00
------------------------------------------------------------
                 Wall time: 7.06444e+00 sec 
============================================================


============================================================
                 Lowdin orthonormalization
------------------------------------------------------------
 Computing Lowdin matrix                        1.88954e+00
 Rotating orbitals                              3.72612e+00
------------------------------------------------------------
                 Wall time: 5.61575e+00 sec 
============================================================


============================================================
                  Setting up Fock operator
------------------------------------------------------------
 Precision                                      1.00000e-07
------------------------------------------------------------
 Coulomb density                      1480      2.89956e+00
 Coulomb potential                     680      7.43480e+01
 Allreduce potential                   808      1.87870e+01
 XC total density                     1960      4.56576e+00
 XC evaluate xcfun                    9800      3.27320e+01
 XC energy                            1960      1.76237e-04
 XC potential                         1960      1.04074e+00
------------------------------------------------------------
                 Wall time: 1.35133e+02 sec 
============================================================


============================================================
                  Calculating Fock matrix
------------------------------------------------------------
 Kinetic part                         1.093685366500000e+01
 Potential part                       4.284365603700000e+01
------------------------------------------------------------
                 Wall time: 5.37806e+01 sec 
============================================================


============================================================
                          Orbitals
------------------------------------------------------------
 Orb    F(i,i)        Error         nNodes  Spin  Occ  Done 
------------------------------------------------------------
  0  -1.00675e+02   2.72325e-08        712    p    2    1
  1  -9.19141e+00   5.98651e-07          0    p    2    1
  2  -7.01087e+00   1.50264e-06          0    p    2    0
  3  -7.00807e+00   2.24071e-07          0    p    2    1
  4  -7.00414e+00   2.18707e-07        552    p    2    1
  5  -6.56158e+00   9.28934e-07          0    p    2    1
  6  -7.78893e-01   1.52019e-06          0    p    2    0
  7  -4.70913e-01   3.68409e-06          0    p    2    0
  8  -3.62803e-01   2.87395e-06       1224    p    2    0
  9  -3.59838e-01   1.16414e-05          0    p    2    0
 10  -3.26432e-01   6.44820e-06          0    p    2    0
 11  -2.67705e-01   8.85354e-06          0    p    2    0
------------------------------------------------------------
 Total error:                            1.68288e-05    0
============================================================


============================================================
                    Energy                 Update      Done 
------------------------------------------------------------
 Orbital      -2.800343465916895e+02     1.24918e-04    1
 Kinetic       4.853531456762777e+02     9.77514e-05    1
 N-E          -1.229705898899648e+03    -2.12762e-04    1
 Coulomb       2.533324496508915e+02     1.28963e-04    1
 Exchange      0.000000000000000e+00     0.00000e+00    1
 X-C          -3.279071312761491e+01    -1.39695e-05    1
------------------------------------------------------------
 Electronic   -5.238081324475479e+02    -3.26838e-09    1
 Nuclear       3.774073523279390e+01     0.00000e+00    1
------------------------------------------------------------
 Total        -4.860673972147540e+02    -3.26838e-09    1
============================================================


################ Wall time: 6.71132e+02 sec ################




####################### SCF cycle  9 #######################


============================================================
 Current precision                              1.00000e-07
------------------------------------------------------------
 Orbital threshold                              1.00000e-06
 Property threshold                            -1.00000e+00
============================================================


============================================================
                   Calculating SCF energy
------------------------------------------------------------
 Nuclear energy                       3.774073523279390e+01
 Electronic energy                   -5.238081324487423e+02
------------------------------------------------------------
 Total energy                        -4.860673972159484e+02
------------------------------------------------------------
                 Wall time: 4.56991e+01 sec 
============================================================


============================================================
                Rotating Helmholtz argument
------------------------------------------------------------
 Rotating orbitals                              4.45514e+00
------------------------------------------------------------
                 Wall time: 4.45523e+00 sec 
============================================================


============================================================
                Applying Helmholtz operators
------------------------------------------------------------
 Orb    RealNorm   Nodes     ImagNorm   Nodes     Timing
------------------------------------------------------------
  0    1.00000e+00   808    0.00000e+00     0   7.97030e+01
  4    1.00000e+00   584    0.00000e+00     0   6.57567e+01
  8    1.00000e+00  1224    0.00000e+00     0   1.42594e+02
------------------------------------------------------------
                 Wall time: 2.88075e+02 sec 
============================================================


============================================================
                 Lowdin orthonormalization
------------------------------------------------------------
 Computing Lowdin matrix                        1.35193e+02
 Rotating orbitals                              3.27590e+00
------------------------------------------------------------
                 Wall time: 1.38469e+02 sec 
============================================================


============================================================
               Iterative subspace accelerator
------------------------------------------------------------
 Push back orbitals                             4.53010e-01
 Setup linear system                            2.86865e+00
 Solve linear system                            1.05860e-05
 Expand solution                                3.89650e+00
------------------------------------------------------------
                 Wall time: 7.21830e+00 sec 
============================================================


============================================================
                 Lowdin orthonormalization
------------------------------------------------------------
 Computing Lowdin matrix                        1.93112e+00
 Rotating orbitals                              3.55438e+00
------------------------------------------------------------
                 Wall time: 5.48560e+00 sec 
============================================================


============================================================
                  Setting up Fock operator
------------------------------------------------------------
 Precision                                      1.00000e-07
------------------------------------------------------------
 Coulomb density                      1480      2.91443e+00
 Coulomb potential                     680      7.41701e+01
 Allreduce potential                   808      1.91925e+01
 XC total density                     1960      4.48894e+00
 XC evaluate xcfun                    9800      3.25745e+01
 XC energy                            1960      1.69175e-04
 XC potential                         1960      1.06382e+00
------------------------------------------------------------
                 Wall time: 1.35165e+02 sec 
============================================================


============================================================
                  Calculating Fock matrix
------------------------------------------------------------
 Kinetic part                         1.143632455100000e+01
 Potential part                       4.375664709900000e+01
------------------------------------------------------------
                 Wall time: 5.51931e+01 sec 
============================================================


============================================================
                          Orbitals
------------------------------------------------------------
 Orb    F(i,i)        Error         nNodes  Spin  Occ  Done 
------------------------------------------------------------
  0  -1.00675e+02   2.65929e-08        712    p    2    1
  1  -9.19141e+00   2.19342e-07          0    p    2    1
  2  -7.01087e+00   7.19830e-07          0    p    2    1
  3  -7.00807e+00   6.94452e-08          0    p    2    1
  4  -7.00414e+00   9.22133e-08        552    p    2    1
  5  -6.56158e+00   1.10232e-07          0    p    2    1
  6  -7.78893e-01   6.97133e-07          0    p    2    1
  7  -4.70912e-01   7.15125e-07          0    p    2    1
  8  -3.62802e-01   1.64839e-06       1224    p    2    0
  9  -3.59838e-01   6.25687e-06          0    p    2    0
 10  -3.26432e-01   2.54163e-06          0    p    2    0
 11  -2.67705e-01   3.88077e-06          0    p    2    0
------------------------------------------------------------
 Total error:                            8.06075e-06    0
============================================================


============================================================
                    Energy                 Update      Done 
------------------------------------------------------------
 Orbital      -2.800344111165119e+02    -6.45248e-05    1
 Kinetic       4.853531195510213e+02    -2.61253e-05    1
 N-E          -1.229705809805322e+03     8.90943e-05    1
 Coulomb       2.533323842531579e+02    -6.53977e-05    1
 Exchange      0.000000000000000e+00     0.00000e+00    1
 X-C          -3.279071073768596e+01     2.38993e-06    1
------------------------------------------------------------
 Electronic   -5.238081324487423e+02    -1.19439e-09    1
 Nuclear       3.774073523279390e+01     0.00000e+00    1
------------------------------------------------------------
 Total        -4.860673972159484e+02    -1.19439e-09    1
============================================================


################ Wall time: 6.80792e+02 sec ################




####################### SCF cycle 10 #######################


============================================================
 Current precision                              1.00000e-07
------------------------------------------------------------
 Orbital threshold                              1.00000e-06
 Property threshold                            -1.00000e+00
============================================================


============================================================
                   Calculating SCF energy
------------------------------------------------------------
 Nuclear energy                       3.774073523279390e+01
 Electronic energy                   -5.238081324490242e+02
------------------------------------------------------------
 Total energy                        -4.860673972162303e+02
------------------------------------------------------------
                 Wall time: 4.51380e+01 sec 
============================================================


============================================================
                Rotating Helmholtz argument
------------------------------------------------------------
 Rotating orbitals                              4.42645e+00
------------------------------------------------------------
                 Wall time: 4.42655e+00 sec 
============================================================


============================================================
                Applying Helmholtz operators
------------------------------------------------------------
 Orb    RealNorm   Nodes     ImagNorm   Nodes     Timing
------------------------------------------------------------
  0    1.00000e+00   808    0.00000e+00     0   8.12057e+01
  4    1.00000e+00   584    0.00000e+00     0   6.47262e+01
  8    1.00000e+00  1224    0.00000e+00     0   1.48433e+02
------------------------------------------------------------
                 Wall time: 2.94386e+02 sec 
============================================================


============================================================
                 Lowdin orthonormalization
------------------------------------------------------------
 Computing Lowdin matrix                        1.34274e+02
 Rotating orbitals                              3.29033e+00
------------------------------------------------------------
                 Wall time: 1.37565e+02 sec 
============================================================


============================================================
               Iterative subspace accelerator
------------------------------------------------------------
 Push back orbitals                             3.00896e-01
 Setup linear system                            2.82148e+00
 Solve linear system                            1.11230e-05
 Expand solution                                3.98497e+00
------------------------------------------------------------
                 Wall time: 7.10749e+00 sec 
============================================================


============================================================
                 Lowdin orthonormalization
------------------------------------------------------------
 Computing Lowdin matrix                        1.87464e+00
 Rotating orbitals                              3.48653e+00
------------------------------------------------------------
                 Wall time: 5.36125e+00 sec 
============================================================


============================================================
                  Setting up Fock operator
------------------------------------------------------------
 Precision                                      1.00000e-07
------------------------------------------------------------
 Coulomb density                      1480      2.89429e+00
 Coulomb potential                     680      7.39845e+01
 Allreduce potential                   808      1.75166e+01
 XC total density                     1960      4.50174e+00
 XC evaluate xcfun                    9800      3.26822e+01
 XC energy                            1960      1.70056e-04
 XC potential                         1960      1.10374e+00
------------------------------------------------------------
                 Wall time: 1.33451e+02 sec 
============================================================


============================================================
                  Calculating Fock matrix
------------------------------------------------------------
 Kinetic part                         1.095019983900000e+01
 Potential part                       4.238943272900000e+01
------------------------------------------------------------
                 Wall time: 5.33398e+01 sec 
============================================================


============================================================
                          Orbitals
------------------------------------------------------------
 Orb    F(i,i)        Error         nNodes  Spin  Occ  Done 
------------------------------------------------------------
  0  -1.00675e+02   1.98461e-08        712    p    2    1
  1  -9.19141e+00   6.66639e-08          0    p    2    1
  2  -7.01087e+00   1.89307e-07          0    p    2    1
  3  -7.00808e+00   1.65660e-08          0    p    2    1
  4  -7.00414e+00   2.20987e-08        552    p    2    1
  5  -6.56158e+00   2.37284e-07          0    p    2    1
  6  -7.78893e-01   5.84299e-07          0    p    2    1
  7  -4.70913e-01   8.52942e-07          0    p    2    1
  8  -3.62802e-01   7.38986e-07       1224    p    2    1
  9  -3.59838e-01   2.75992e-06          0    p    2    0
 10  -3.26432e-01   7.78583e-07          0    p    2    1
 11  -2.67705e-01   8.67239e-07          0    p    2    1
------------------------------------------------------------
 Total error:                            3.26928e-06    0
============================================================


============================================================
                    Energy                 Update      Done 
------------------------------------------------------------
 Orbital      -2.800344139687202e+02    -2.85221e-06    1
 Kinetic       4.853531195934472e+02     4.24259e-08    1
 N-E          -1.229705806825285e+03     2.98004e-06    1
 Coulomb       2.533323814600633e+02    -2.79309e-06    1
 Exchange      0.000000000000000e+00     0.00000e+00    1
 X-C          -3.279071098234931e+01    -2.44663e-07    1
------------------------------------------------------------
 Electronic   -5.238081324490242e+02    -2.81943e-10    1
 Nuclear       3.774073523279390e+01     0.00000e+00    1
------------------------------------------------------------
 Total        -4.860673972162303e+02    -2.81943e-10    1
============================================================


################ Wall time: 6.81514e+02 sec ################




####################### SCF cycle 11 #######################


============================================================
 Current precision                              1.00000e-07
------------------------------------------------------------
 Orbital threshold                              1.00000e-06
 Property threshold                            -1.00000e+00
============================================================


============================================================
                   Calculating SCF energy
------------------------------------------------------------
 Nuclear energy                       3.774073523279390e+01
 Electronic energy                   -5.238081324490661e+02
------------------------------------------------------------
 Total energy                        -4.860673972162722e+02
------------------------------------------------------------
                 Wall time: 4.50022e+01 sec 
============================================================


============================================================
                Rotating Helmholtz argument
------------------------------------------------------------
 Rotating orbitals                              4.23162e+00
------------------------------------------------------------
                 Wall time: 4.23172e+00 sec 
============================================================


============================================================
                Applying Helmholtz operators
------------------------------------------------------------
 Orb    RealNorm   Nodes     ImagNorm   Nodes     Timing
------------------------------------------------------------
  0    1.00000e+00   808    0.00000e+00     0   7.97598e+01
  4    1.00000e+00   584    0.00000e+00     0   6.68250e+01
  8    1.00000e+00  1224    0.00000e+00     0   1.45745e+02
------------------------------------------------------------
                 Wall time: 2.92351e+02 sec 
============================================================


============================================================
                 Lowdin orthonormalization
------------------------------------------------------------
 Computing Lowdin matrix                        1.24793e+02
 Rotating orbitals                              3.10245e+00
------------------------------------------------------------
                 Wall time: 1.27895e+02 sec 
============================================================


============================================================
               Iterative subspace accelerator
------------------------------------------------------------
 Push back orbitals                             2.86336e-01
 Setup linear system                            2.83995e+00
 Solve linear system                            1.06730e-05
 Expand solution                                3.97629e+00
------------------------------------------------------------
                 Wall time: 7.10271e+00 sec 
============================================================


============================================================
                 Lowdin orthonormalization
------------------------------------------------------------
 Computing Lowdin matrix                        1.77520e+00
 Rotating orbitals                              3.36925e+00
------------------------------------------------------------
                 Wall time: 5.14452e+00 sec 
============================================================


============================================================
                  Setting up Fock operator
------------------------------------------------------------
 Precision                                      1.00000e-07
------------------------------------------------------------
 Coulomb density                      1480      2.91036e+00
 Coulomb potential                     680      7.46830e+01
 Allreduce potential                   808      2.26332e+01
 XC total density                     1960      4.58010e+00
 XC evaluate xcfun                    9800      3.23168e+01
 XC energy                            1960      1.73990e-04
 XC potential                         1960      1.10200e+00
------------------------------------------------------------
                 Wall time: 1.38997e+02 sec 
============================================================


============================================================
                  Calculating Fock matrix
------------------------------------------------------------
 Kinetic part                         1.208614747800000e+01
 Potential part                       4.342361722600000e+01
------------------------------------------------------------
                 Wall time: 5.55099e+01 sec 
============================================================


============================================================
                          Orbitals
------------------------------------------------------------
 Orb    F(i,i)        Error         nNodes  Spin  Occ  Done 
------------------------------------------------------------
  0  -1.00675e+02   1.23917e-08        712    p    2    1
  1  -9.19141e+00   3.79558e-08          0    p    2    1
  2  -7.01087e+00   5.78952e-08          0    p    2    1
  3  -7.00807e+00   3.23635e-08          0    p    2    1
  4  -7.00414e+00   7.93012e-09        552    p    2    1
  5  -6.56158e+00   6.02198e-08          0    p    2    1
  6  -7.78893e-01   2.00045e-07          0    p    2    1
  7  -4.70913e-01   3.50151e-07          0    p    2    1
  8  -3.62802e-01   1.81982e-07       1224    p    2    1
  9  -3.59838e-01   9.04568e-07          0    p    2    1
 10  -3.26432e-01   7.03270e-07          0    p    2    1
 11  -2.67705e-01   3.71792e-07          0    p    2    1
------------------------------------------------------------
 Total error:                            1.28705e-06    1
============================================================


============================================================
                    Energy                 Update      Done 
------------------------------------------------------------
 Orbital      -2.800344264956933e+02    -1.25270e-05    1
 Kinetic       4.853531087496233e+02    -1.08438e-05    1
 N-E          -1.229705784320584e+03     2.25047e-05    1
 Coulomb       2.533323685715384e+02    -1.28885e-05    1
 Exchange      0.000000000000000e+00     0.00000e+00    1
 X-C          -3.279070975449308e+01     1.22786e-06    1
------------------------------------------------------------
 Electronic   -5.238081324490661e+02    -4.18368e-11    1
 Nuclear       3.774073523279390e+01     0.00000e+00    1
------------------------------------------------------------
 Total        -4.860673972162722e+02    -4.18368e-11    1
============================================================


################ Wall time: 6.76981e+02 sec ################


============================================================
                      Convergence rate
------------------------------------------------------------
Iter    OrbError       Property                   Update  
------------------------------------------------------------
  1    3.01071e-03    -4.860673773787546e+02   -4.86067e+02
  2    8.14872e-04    -4.860673941442012e+02   -1.67654e-05
  3    5.52145e-04    -4.860673960486479e+02   -1.90445e-06
  4    3.57996e-04    -4.860673968765149e+02   -8.27867e-07
  5    1.01744e-04    -4.860673971621673e+02   -2.85652e-07
  6    8.15983e-05    -4.860673971995266e+02   -3.73593e-08
  7    5.27483e-05    -4.860673972114856e+02   -1.19591e-08
  8    1.68288e-05    -4.860673972147540e+02   -3.26838e-09
  9    8.06075e-06    -4.860673972159484e+02   -1.19439e-09
 10    3.26928e-06    -4.860673972162303e+02   -2.81943e-10
 11    1.28705e-06    -4.860673972162722e+02   -4.18368e-11
------------------------------------------------------------
                      SCF converged!!!                      
============================================================


============================================================
                  Digonalizing Fock matrix
------------------------------------------------------------
 Computing Lowdin matrix                        6.98874e-01
 Diagonalizing matrix                           3.03150e-05
 Rotating orbitals                              4.95199e+00
------------------------------------------------------------
                 Wall time: 5.65098e+00 sec 
============================================================


============================================================
                  Setting up Fock operator
------------------------------------------------------------
 Precision                                      1.00000e-07
------------------------------------------------------------
 Coulomb density                      1544      3.05654e+00
 Coulomb potential                     680      6.61769e+01
 Allreduce potential                   808      1.24877e+01
 XC total density                     2024      4.69342e+00
 XC evaluate xcfun                   10120      3.30313e+01
 XC energy                            2024      1.54669e-04
 XC potential                         2024      9.31943e-01
------------------------------------------------------------
                 Wall time: 1.21098e+02 sec 
============================================================


============================================================
                   Calculating SCF energy
------------------------------------------------------------
------------------------------------------------------------
                 Wall time: 4.43256e+01 sec 
============================================================


============================================================
                 Calculating dipole moment
------------------------------------------------------------
------------------------------------------------------------
                 Wall time: 1.77078e+01 sec 
============================================================


============================================================
                        Fock matrix
------------------------------------------------------------
-1.00675e+02  0.00000e+00  0.00000e+00  0.00000e+00  0.00000e+00  0.00000e+00  0.00000e+00  0.00000e+00  0.00000e+00  0.00000e+00  0.00000e+00  0.00000e+00
 0.00000e+00 -9.19141e+00  0.00000e+00  0.00000e+00  0.00000e+00  0.00000e+00  0.00000e+00  0.00000e+00  0.00000e+00  0.00000e+00  0.00000e+00  0.00000e+00
 0.00000e+00  0.00000e+00 -7.01087e+00  0.00000e+00  0.00000e+00  0.00000e+00  0.00000e+00  0.00000e+00  0.00000e+00  0.00000e+00  0.00000e+00  0.00000e+00
 0.00000e+00  0.00000e+00  0.00000e+00 -7.00807e+00  0.00000e+00  0.00000e+00  0.00000e+00  0.00000e+00  0.00000e+00  0.00000e+00  0.00000e+00  0.00000e+00
 0.00000e+00  0.00000e+00  0.00000e+00  0.00000e+00 -7.00414e+00  0.00000e+00  0.00000e+00  0.00000e+00  0.00000e+00  0.00000e+00  0.00000e+00  0.00000e+00
 0.00000e+00  0.00000e+00  0.00000e+00  0.00000e+00  0.00000e+00 -6.56158e+00  0.00000e+00  0.00000e+00  0.00000e+00  0.00000e+00  0.00000e+00  0.00000e+00
 0.00000e+00  0.00000e+00  0.00000e+00  0.00000e+00  0.00000e+00  0.00000e+00 -7.78893e-01  0.00000e+00  0.00000e+00  0.00000e+00  0.00000e+00  0.00000e+00
 0.00000e+00  0.00000e+00  0.00000e+00  0.00000e+00  0.00000e+00  0.00000e+00  0.00000e+00 -4.70913e-01  0.00000e+00  0.00000e+00  0.00000e+00  0.00000e+00
 0.00000e+00  0.00000e+00  0.00000e+00  0.00000e+00  0.00000e+00  0.00000e+00  0.00000e+00  0.00000e+00 -3.62803e-01  0.00000e+00  0.00000e+00  0.00000e+00
 0.00000e+00  0.00000e+00  0.00000e+00  0.00000e+00  0.00000e+00  0.00000e+00  0.00000e+00  0.00000e+00  0.00000e+00 -3.59837e-01  0.00000e+00  0.00000e+00
 0.00000e+00  0.00000e+00  0.00000e+00  0.00000e+00  0.00000e+00  0.00000e+00  0.00000e+00  0.00000e+00  0.00000e+00  0.00000e+00 -3.26432e-01  0.00000e+00
 0.00000e+00  0.00000e+00  0.00000e+00  0.00000e+00  0.00000e+00  0.00000e+00  0.00000e+00  0.00000e+00  0.00000e+00  0.00000e+00  0.00000e+00 -2.67704e-01
============================================================


============================================================
                      Orbital energies
------------------------------------------------------------
    n  spin  occ                            epsilon  
------------------------------------------------------------
    0    p    2                      -1.006745476494747e+02
    1    p    2                      -9.191413570485317e+00
    2    p    2                      -7.010868759828806e+00
    3    p    2                      -7.008074412431607e+00
    4    p    2                      -7.004142764295698e+00
    5    p    2                      -6.561578193343664e+00
    6    p    2                      -7.788931739823179e-01
    7    p    2                      -4.709132537528858e-01
    8    p    2                      -3.628030276139452e-01
    9    p    2                      -3.598369555069041e-01
   10    p    2                      -3.264317704598517e-01
   11    p    2                      -2.677043309094132e-01
============================================================


============================================================
                          Molecule
------------------------------------------------------------
 Nr  Element             x             y             z      
------------------------------------------------------------
  1     B           0.00000e+00   0.00000e+00   0.00000e+00
  2     Cl          0.00000e+00   0.00000e+00   3.27924e+00
  3     H           0.00000e+00   1.99026e+00  -1.05333e+00
  4     H           0.00000e+00  -1.99026e+00  -1.05333e+00
------------------------------------------------------------
 Center of mass:    0.00000e+00   0.00000e+00   2.36403e+00
============================================================


                                                            
============================================================
                         SCF Energy                         
------------------------------------------------------------
                                                            
 Sum orbital energy:                 -2.800344157241702e+02
 Kinetic energy:                      4.853531145913910e+02
 E-N energy:                         -1.229705800485348e+03
 Coulomb energy:                      2.533323795682049e+02
 Exchange energy:                     0.000000000000000e+00
 X-C energy:                         -3.279071046033632e+01
 El. external field energy:           2.884303530691186e-03
 Nuc. external field energy:         -3.096378547357231e-03
                                                            
------------------------------------------------------------
                                                            
 Electronic energy:                  -5.238081324825582e+02
 Nuclear energy:                      3.774073523279390e+01
                                                            
------------------------------------------------------------
                                                            
 Total energy       (au)             -4.860673972497643e+02
                    (kJ/mol)         -1.276169766773645e+06
                    (kcal/mol)       -3.050118943464116e+05
                    (eV)             -1.322656710681465e+04
                                                            
============================================================
                                                            

                                                            
============================================================
                         Dipole moment                      
------------------------------------------------------------
                                                            
 Length of vector:   (au)                  2.1207501667e-01
                     (Debye)               5.3904087431e-01
                                                            
-------------------------- Total ---------------------------
                                                            
 [-1.3581294900e-11, -2.1883842295e-11, -2.1207501667e-01] 
                                                            
------------------------- Nuclear --------------------------
                                                            
 [-1.5951326929e-11, -1.4473311438e-11, -3.0963785474e+00] 
                                                            
------------------------ Electronic ------------------------
                                                            
 [ 2.3700320293e-12, -7.4105308563e-12,  2.8843035307e+00] 
                                                            
============================================================
                                                            



************************************************************
***                                                      ***
***                    Exiting MRChem                    ***
***                                                      ***
***               Wall time: 7.389293e+03                ***
***                                                      ***
************************************************************


