


************************************************************
***     __  __ ____   ____ _                             ***
***    |  \/  |  _ \ / ___| |__   ___ _ __ ___           ***
***    | |\/| | |_) | |   | '_ \ / _ \ '_ ` _ \          ***
***    | |  | |  _ <| |___| | | |  __/ | | | | |         ***
***    |_|  |_|_| \_\\____|_| |_|\___|_| |_| |_|         ***
***                                                      ***
***    VERSION 0.0.1 (rev. 1c6f79f)                     ***
***                                                      ***
***    Stig Rune Jensen <stig.r.jensen@uit.no>           ***
***    Luca Frediani    <luca.frediani@uit.no>           ***
***    Peter Wind       <peter.wind@uit.no>              ***
***                                                      ***
************************************************************


+++ Parallel execution: 
  MPI hosts available     : 4
  Threads/host            : 2
  Total used CPUs         : 8


------------------------------------------------------------

 MRCPP version   : X.Y.Z
 Git revision    : bbc2aed

 Linear algebra  : EIGEN
 Parallelization : MPI/OpenMP

------------------------------------------------------------




============================================================
                  MultiResolution Analysis                  
------------------------------------------------------------
 polynomial order = 11
 polynomial type  = Interpolating
------------------------------------------------------------
 total boxes      = 8
 boxes            = [           2           2           2 ]
 unit lengths     = [    32.00000    32.00000    32.00000 ]
 scaling factor   = [     1.00000     1.00000     1.00000 ]
 lower bounds     = [   -32.00000   -32.00000   -32.00000 ]
 upper bounds     = [    32.00000    32.00000    32.00000 ]
 total length     = [    64.00000    64.00000    64.00000 ]
============================================================


============================================================
                          Molecule
------------------------------------------------------------
 Nr  Element             x             y             z      
------------------------------------------------------------
  1     C           0.00000e+00   0.00000e+00   1.13629e+00
  2     C           0.00000e+00   0.00000e+00  -1.13629e+00
  3     H           0.00000e+00   0.00000e+00   3.14526e+00
  4     H           0.00000e+00   0.00000e+00  -3.14526e+00
------------------------------------------------------------
 Center of mass:    0.00000e+00   0.00000e+00   0.00000e+00
============================================================


============================================================
                Setting up nuclear potential
------------------------------------------------------------
 Nr  Element         Charge        Precision     Smoothing 
------------------------------------------------------------
  1     C           6.00000e+00   1.00000e-07   3.82453e-05
  2     C           6.00000e+00   1.00000e-07   3.82453e-05
  3     H           1.00000e+00   1.00000e-07   7.57698e-04
  4     H           1.00000e+00   1.00000e-07   7.57698e-04
------------------------------------------------------------
 Nuclear potential                    1320      1.34294e+00
 Allreduce potential                  3272      1.40391e+00
------------------------------------------------------------
                 Wall time: 2.74697e+00 sec 
============================================================


============================================================
 OrbitalVector:   7 orbitals     7 occupied    14 electrons
------------------------------------------------------------
   n  RankID           Norm          Spin Occ      Error    
------------------------------------------------------------
   0     0       1.000000000000e+00    p   2    1.00000e+00
   1     1      -1.000000000000e+00    p   2    1.00000e+00
   2     2      -1.000000000000e+00    p   2    1.00000e+00
   3     3      -1.000000000000e+00    p   2    1.00000e+00
   4     0       1.000000000000e+00    p   2    1.00000e+00
   5     1      -1.000000000000e+00    p   2    1.00000e+00
   6     2      -1.000000000000e+00    p   2    1.00000e+00
============================================================


============================================================
                  Setting up Fock operator
------------------------------------------------------------
 Precision                                      1.00000e-07
------------------------------------------------------------
 Coulomb density                      1800      2.85494e+00
 Coulomb potential                     712      6.75180e+01
 Allreduce potential                   648      2.04797e-01
 XC total density                     1800      3.42102e+00
 XC evaluate xcfun                    3600      9.78031e+00
 XC energy                            1800      1.68502e-04
 XC potential                         1800      1.14936e-01
------------------------------------------------------------
                 Wall time: 8.39223e+01 sec 
============================================================


============================================================
                  Calculating Fock matrix
------------------------------------------------------------
 Kinetic part                         9.679840367000001e+00
 Potential part                       2.464761215200000e+01
------------------------------------------------------------
                 Wall time: 3.43276e+01 sec 
============================================================




####################### SCF cycle  1 #######################


============================================================
 Current precision                              1.00000e-07
------------------------------------------------------------
 Orbital threshold                              1.00000e-06
 Property threshold                            -1.00000e+00
============================================================


============================================================
                  Digonalizing Fock matrix
------------------------------------------------------------
 Computing Lowdin matrix                        5.25123e-01
 Diagonalizing matrix                           1.60980e-05
 Rotating orbitals                              1.85580e+00
------------------------------------------------------------
                 Wall time: 2.38103e+00 sec 
============================================================


============================================================
                   Calculating SCF energy
------------------------------------------------------------
 Nuclear energy                       2.477590356720235e+01
 Electronic energy                   -1.014069133389473e+02
------------------------------------------------------------
 Total energy                        -7.663100977174491e+01
------------------------------------------------------------
                 Wall time: 1.87358e+01 sec 
============================================================


============================================================
                Rotating Helmholtz argument
------------------------------------------------------------
 Rotating orbitals                              6.67082e-01
------------------------------------------------------------
                 Wall time: 6.67170e-01 sec 
============================================================


============================================================
                Applying Helmholtz operators
------------------------------------------------------------
 Orb    RealNorm   Nodes     ImagNorm   Nodes     Timing
------------------------------------------------------------
  0    1.00000e+00  1096    0.00000e+00     0   1.07604e+02
  4    1.00000e+00  1096    0.00000e+00     0   1.13577e+02
------------------------------------------------------------
                 Wall time: 2.21192e+02 sec 
============================================================


============================================================
                 Lowdin orthonormalization
------------------------------------------------------------
 Computing Lowdin matrix                        3.76363e-01
 Rotating orbitals                              1.47185e+00
------------------------------------------------------------
                 Wall time: 1.84855e+00 sec 
============================================================


============================================================
               Iterative subspace accelerator
------------------------------------------------------------
 Push back orbitals                             2.18420e-01
 Copy orbitals                                  1.11048e-01
 Copy orbital updates                           1.07744e-01
------------------------------------------------------------
                 Wall time: 4.37340e-01 sec 
============================================================


============================================================
                 Lowdin orthonormalization
------------------------------------------------------------
 Computing Lowdin matrix                        4.22424e-01
 Rotating orbitals                              9.21477e-01
------------------------------------------------------------
                 Wall time: 1.34398e+00 sec 
============================================================


============================================================
                  Setting up Fock operator
------------------------------------------------------------
 Precision                                      1.00000e-07
------------------------------------------------------------
 Coulomb density                      1800      2.38149e+00
 Coulomb potential                     712      6.91747e+01
 Allreduce potential                   648      2.08400e-01
 XC total density                     1800      2.78779e+00
 XC evaluate xcfun                    3600      9.83151e+00
 XC energy                            1800      1.70739e-04
 XC potential                         1800      8.76681e-02
------------------------------------------------------------
                 Wall time: 8.44945e+01 sec 
============================================================


============================================================
                  Calculating Fock matrix
------------------------------------------------------------
 Kinetic part                         7.209982319000000e+00
 Potential part                       1.918585489900000e+01
------------------------------------------------------------
                 Wall time: 2.63960e+01 sec 
============================================================


============================================================
                          Orbitals
------------------------------------------------------------
 Orb    F(i,i)        Error         nNodes  Spin  Occ  Done 
------------------------------------------------------------
  0  -9.79641e+00   1.37753e-05       1096    p    2    0
  1  -9.79410e+00   1.01269e-05          0    p    2    0
  2  -6.80290e-01   3.02602e-04          0    p    2    0
  3  -5.14472e-01   8.25965e-04          0    p    2    0
  4  -4.49885e-01   6.21155e-04       1096    p    2    0
  5  -2.70898e-01   1.22436e-03          0    p    2    0
  6  -2.70900e-01   2.20074e-03          0    p    2    0
------------------------------------------------------------
 Total error:                            2.73902e-03    0
============================================================


============================================================
                    Energy                 Update      Done 
------------------------------------------------------------
 Orbital      -4.355386302222072e+01    -4.35539e+01    1
 Kinetic       7.609832776545518e+01     7.60983e+01    1
 N-E          -2.280300023947293e+02    -2.28030e+02    1
 Coulomb       6.123899781918378e+01     6.12390e+01    1
 Exchange      0.000000000000000e+00     0.00000e+00    1
 X-C          -1.071423652885689e+01    -1.07142e+01    1
------------------------------------------------------------
 Electronic   -1.014069133389473e+02    -1.01407e+02    1
 Nuclear       2.477590356720235e+01     2.47759e+01    1
------------------------------------------------------------
 Total        -7.663100977174491e+01    -7.66310e+01    1
============================================================


################ Wall time: 3.57744e+02 sec ################




####################### SCF cycle  2 #######################


============================================================
 Current precision                              1.00000e-07
------------------------------------------------------------
 Orbital threshold                              1.00000e-06
 Property threshold                            -1.00000e+00
============================================================


============================================================
                  Digonalizing Fock matrix
------------------------------------------------------------
 Computing Lowdin matrix                        4.25508e-01
 Diagonalizing matrix                           1.28370e-05
 Rotating orbitals                              1.71566e+00
------------------------------------------------------------
                 Wall time: 2.14127e+00 sec 
============================================================


============================================================
                   Calculating SCF energy
------------------------------------------------------------
 Nuclear energy                       2.477590356720235e+01
 Electronic energy                   -1.014069230470579e+02
------------------------------------------------------------
 Total energy                        -7.663101947985558e+01
------------------------------------------------------------
                 Wall time: 1.83994e+01 sec 
============================================================


============================================================
                Rotating Helmholtz argument
------------------------------------------------------------
 Rotating orbitals                              6.78704e-01
------------------------------------------------------------
                 Wall time: 6.78785e-01 sec 
============================================================


============================================================
                Applying Helmholtz operators
------------------------------------------------------------
 Orb    RealNorm   Nodes     ImagNorm   Nodes     Timing
------------------------------------------------------------
  0    1.00000e+00  1096    0.00000e+00     0   1.07174e+02
  4    1.00000e+00  1096    0.00000e+00     0   1.12594e+02
------------------------------------------------------------
                 Wall time: 2.19781e+02 sec 
============================================================


============================================================
                 Lowdin orthonormalization
------------------------------------------------------------
 Computing Lowdin matrix                        3.75451e-01
 Rotating orbitals                              1.64979e+00
------------------------------------------------------------
                 Wall time: 2.02533e+00 sec 
============================================================


============================================================
               Iterative subspace accelerator
------------------------------------------------------------
 Push back orbitals                             4.49818e-02
 Copy orbitals                                  1.08898e-01
 Copy orbital updates                           1.06235e-01
------------------------------------------------------------
                 Wall time: 2.60245e-01 sec 
============================================================


============================================================
                 Lowdin orthonormalization
------------------------------------------------------------
 Computing Lowdin matrix                        4.16351e-01
 Rotating orbitals                              9.17531e-01
------------------------------------------------------------
                 Wall time: 1.33396e+00 sec 
============================================================


============================================================
                  Setting up Fock operator
------------------------------------------------------------
 Precision                                      1.00000e-07
------------------------------------------------------------
 Coulomb density                      1800      2.33822e+00
 Coulomb potential                     712      6.84357e+01
 Allreduce potential                   648      2.05052e-01
 XC total density                     1800      2.81750e+00
 XC evaluate xcfun                    3600      9.74558e+00
 XC energy                            1800      1.61898e-04
 XC potential                         1800      8.74297e-02
------------------------------------------------------------
                 Wall time: 8.36527e+01 sec 
============================================================


============================================================
                  Calculating Fock matrix
------------------------------------------------------------
 Kinetic part                         7.230186439000000e+00
 Potential part                       1.921160300900000e+01
------------------------------------------------------------
                 Wall time: 2.64419e+01 sec 
============================================================


============================================================
                          Orbitals
------------------------------------------------------------
 Orb    F(i,i)        Error         nNodes  Spin  Occ  Done 
------------------------------------------------------------
  0  -9.79641e+00   4.42599e-06       1096    p    2    0
  1  -9.79411e+00   4.27980e-06          0    p    2    0
  2  -6.80295e-01   1.30171e-04          0    p    2    0
  3  -5.14476e-01   7.00004e-05          0    p    2    0
  4  -4.49889e-01   6.30486e-05       1096    p    2    0
  5  -2.70903e-01   3.34649e-04          0    p    2    0
  6  -2.70902e-01   1.01961e-04          0    p    2    0
------------------------------------------------------------
 Total error:                            3.85024e-04    0
============================================================


============================================================
                    Energy                 Update      Done 
------------------------------------------------------------
 Orbital      -4.355390555334942e+01    -4.25311e-05    1
 Kinetic       7.609831910597363e+01    -8.65948e-06    1
 N-E          -2.280299548168969e+02     4.75778e-05    1
 Coulomb       6.123896409688963e+01    -3.37223e-05    1
 Exchange      0.000000000000000e+00     0.00000e+00    1
 X-C          -1.071423367897294e+01     2.84988e-06    1
------------------------------------------------------------
 Electronic   -1.014069230470579e+02    -9.70811e-06    1
 Nuclear       2.477590356720235e+01     0.00000e+00    1
------------------------------------------------------------
 Total        -7.663101947985558e+01    -9.70811e-06    1
============================================================


################ Wall time: 3.54976e+02 sec ################




####################### SCF cycle  3 #######################


============================================================
 Current precision                              1.00000e-07
------------------------------------------------------------
 Orbital threshold                              1.00000e-06
 Property threshold                            -1.00000e+00
============================================================


============================================================
                   Calculating SCF energy
------------------------------------------------------------
 Nuclear energy                       2.477590356720235e+01
 Electronic energy                   -1.014069232815966e+02
------------------------------------------------------------
 Total energy                        -7.663101971439430e+01
------------------------------------------------------------
                 Wall time: 1.93436e+01 sec 
============================================================


============================================================
                Rotating Helmholtz argument
------------------------------------------------------------
 Rotating orbitals                              2.25980e+00
------------------------------------------------------------
                 Wall time: 2.25989e+00 sec 
============================================================


============================================================
                Applying Helmholtz operators
------------------------------------------------------------
 Orb    RealNorm   Nodes     ImagNorm   Nodes     Timing
------------------------------------------------------------
  0    1.00000e+00  1096    0.00000e+00     0   1.08112e+02
  4    1.00000e+00  1096    0.00000e+00     0   1.12958e+02
------------------------------------------------------------
                 Wall time: 2.21076e+02 sec 
============================================================


============================================================
                 Lowdin orthonormalization
------------------------------------------------------------
 Computing Lowdin matrix                        3.78378e-01
 Rotating orbitals                              1.74607e+00
------------------------------------------------------------
                 Wall time: 2.12454e+00 sec 
============================================================


============================================================
               Iterative subspace accelerator
------------------------------------------------------------
 Push back orbitals                             3.37180e-05
 Setup linear system                            3.05668e-01
 Solve linear system                            1.20030e-05
 Expand solution                                8.46074e-01
------------------------------------------------------------
                 Wall time: 1.15193e+00 sec 
============================================================


============================================================
                 Lowdin orthonormalization
------------------------------------------------------------
 Computing Lowdin matrix                        5.46976e-01
 Rotating orbitals                              1.50453e+00
------------------------------------------------------------
                 Wall time: 2.05160e+00 sec 
============================================================


============================================================
                  Setting up Fock operator
------------------------------------------------------------
 Precision                                      1.00000e-07
------------------------------------------------------------
 Coulomb density                      1800      2.44923e+00
 Coulomb potential                     712      7.01241e+01
 Allreduce potential                   648      2.08265e-01
 XC total density                     1800      2.88153e+00
 XC evaluate xcfun                    3600      9.79805e+00
 XC energy                            1800      1.67921e-04
 XC potential                         1800      8.77041e-02
------------------------------------------------------------
                 Wall time: 8.55721e+01 sec 
============================================================


============================================================
                  Calculating Fock matrix
------------------------------------------------------------
 Kinetic part                         6.706145189000000e+00
 Potential part                       1.939283060700000e+01
------------------------------------------------------------
                 Wall time: 2.60991e+01 sec 
============================================================


============================================================
                          Orbitals
------------------------------------------------------------
 Orb    F(i,i)        Error         nNodes  Spin  Occ  Done 
------------------------------------------------------------
  0  -9.79641e+00   1.57115e-06       1096    p    2    0
  1  -9.79411e+00   1.25358e-06          0    p    2    0
  2  -6.80294e-01   3.60607e-05          0    p    2    0
  3  -5.14475e-01   4.25578e-05          0    p    2    0
  4  -4.49888e-01   2.35371e-05       1096    p    2    0
  5  -2.70903e-01   1.03986e-04          0    p    2    0
  6  -2.70902e-01   1.96979e-05          0    p    2    0
------------------------------------------------------------
 Total error:                            1.21945e-04    0
============================================================


============================================================
                    Energy                 Update      Done 
------------------------------------------------------------
 Orbital      -4.355397119254643e+01    -6.56392e-05    1
 Kinetic       7.609829609099272e+01    -2.30150e-05    1
 N-E          -2.280298700189805e+02     8.47979e-05    1
 Coulomb       6.123889638980843e+01    -6.77071e-05    1
 Exchange      0.000000000000000e+00     0.00000e+00    1
 X-C          -1.071422632948481e+01     7.34949e-06    1
------------------------------------------------------------
 Electronic   -1.014069232815966e+02    -2.34539e-07    1
 Nuclear       2.477590356720235e+01     0.00000e+00    1
------------------------------------------------------------
 Total        -7.663101971439430e+01    -2.34539e-07    1
============================================================


################ Wall time: 3.60093e+02 sec ################




####################### SCF cycle  4 #######################


============================================================
 Current precision                              1.00000e-07
------------------------------------------------------------
 Orbital threshold                              1.00000e-06
 Property threshold                            -1.00000e+00
============================================================


============================================================
                   Calculating SCF energy
------------------------------------------------------------
 Nuclear energy                       2.477590356720235e+01
 Electronic energy                   -1.014069233172202e+02
------------------------------------------------------------
 Total energy                        -7.663101975001781e+01
------------------------------------------------------------
                 Wall time: 1.98764e+01 sec 
============================================================


============================================================
                Rotating Helmholtz argument
------------------------------------------------------------
 Rotating orbitals                              2.20874e+00
------------------------------------------------------------
                 Wall time: 2.20884e+00 sec 
============================================================


============================================================
                Applying Helmholtz operators
------------------------------------------------------------
 Orb    RealNorm   Nodes     ImagNorm   Nodes     Timing
------------------------------------------------------------
  0    1.00000e+00  1096    0.00000e+00     0   1.10323e+02
  4    1.00000e+00  1096    0.00000e+00     0   1.12594e+02
------------------------------------------------------------
                 Wall time: 2.22923e+02 sec 
============================================================


============================================================
                 Lowdin orthonormalization
------------------------------------------------------------
 Computing Lowdin matrix                        7.42509e+00
 Rotating orbitals                              1.67006e+00
------------------------------------------------------------
                 Wall time: 9.09525e+00 sec 
============================================================


============================================================
               Iterative subspace accelerator
------------------------------------------------------------
 Push back orbitals                             7.22605e-02
 Setup linear system                            9.27590e-01
 Solve linear system                            1.57760e-05
 Expand solution                                1.40994e+00
------------------------------------------------------------
                 Wall time: 2.40996e+00 sec 
============================================================


============================================================
                 Lowdin orthonormalization
------------------------------------------------------------
 Computing Lowdin matrix                        6.17463e-01
 Rotating orbitals                              1.66807e+00
------------------------------------------------------------
                 Wall time: 2.28562e+00 sec 
============================================================


============================================================
                  Setting up Fock operator
------------------------------------------------------------
 Precision                                      1.00000e-07
------------------------------------------------------------
 Coulomb density                      1800      2.50174e+00
 Coulomb potential                     712      7.17716e+01
 Allreduce potential                   648      2.15627e-01
 XC total density                     1800      3.09762e+00
 XC evaluate xcfun                    3600      9.83270e+00
 XC energy                            1800      1.88358e-04
 XC potential                         1800      9.41171e-02
------------------------------------------------------------
                 Wall time: 8.75367e+01 sec 
============================================================


============================================================
                  Calculating Fock matrix
------------------------------------------------------------
 Kinetic part                         6.927636333000000e+00
 Potential part                       2.006100402000000e+01
------------------------------------------------------------
                 Wall time: 2.69888e+01 sec 
============================================================


============================================================
                          Orbitals
------------------------------------------------------------
 Orb    F(i,i)        Error         nNodes  Spin  Occ  Done 
------------------------------------------------------------
  0  -9.79641e+00   1.76747e-06       1096    p    2    0
  1  -9.79411e+00   4.12572e-07          0    p    2    1
  2  -6.80295e-01   8.90253e-06          0    p    2    0
  3  -5.14476e-01   5.23855e-05          0    p    2    0
  4  -4.49890e-01   1.39507e-05       1096    p    2    0
  5  -2.70904e-01   3.00967e-05          0    p    2    0
  6  -2.70903e-01   1.02770e-05          0    p    2    0
------------------------------------------------------------
 Total error:                            6.35047e-05    0
============================================================


============================================================
                    Energy                 Update      Done 
------------------------------------------------------------
 Orbital      -4.355395681090924e+01     1.43816e-05    1
 Kinetic       7.609831075450420e+01     1.46635e-05    1
 N-E          -2.280298975531367e+02    -2.75342e-05    1
 Coulomb       6.123891133924884e+01     1.49494e-05    1
 Exchange      0.000000000000000e+00     0.00000e+00    1
 X-C          -1.071422796796085e+01    -1.63848e-06    1
------------------------------------------------------------
 Electronic   -1.014069233172202e+02    -3.56235e-08    1
 Nuclear       2.477590356720235e+01     0.00000e+00    1
------------------------------------------------------------
 Total        -7.663101975001781e+01    -3.56235e-08    1
============================================================


################ Wall time: 3.73762e+02 sec ################




####################### SCF cycle  5 #######################


============================================================
 Current precision                              1.00000e-07
------------------------------------------------------------
 Orbital threshold                              1.00000e-06
 Property threshold                            -1.00000e+00
============================================================


============================================================
                   Calculating SCF energy
------------------------------------------------------------
 Nuclear energy                       2.477590356720235e+01
 Electronic energy                   -1.014069233338390e+02
------------------------------------------------------------
 Total energy                        -7.663101976663664e+01
------------------------------------------------------------
                 Wall time: 2.09260e+01 sec 
============================================================


============================================================
                Rotating Helmholtz argument
------------------------------------------------------------
 Rotating orbitals                              2.25431e+00
------------------------------------------------------------
                 Wall time: 2.25441e+00 sec 
============================================================


============================================================
                Applying Helmholtz operators
------------------------------------------------------------
 Orb    RealNorm   Nodes     ImagNorm   Nodes     Timing
------------------------------------------------------------
  0    1.00000e+00  1096    0.00000e+00     0   1.09926e+02
  4    1.00000e+00  1096    0.00000e+00     0   1.14352e+02
------------------------------------------------------------
                 Wall time: 2.24284e+02 sec 
============================================================


============================================================
                 Lowdin orthonormalization
------------------------------------------------------------
 Computing Lowdin matrix                        6.83038e+00
 Rotating orbitals                              1.73539e+00
------------------------------------------------------------
                 Wall time: 8.56586e+00 sec 
============================================================


============================================================
               Iterative subspace accelerator
------------------------------------------------------------
 Push back orbitals                             6.71636e-02
 Setup linear system                            1.84349e+00
 Solve linear system                            1.05880e-05
 Expand solution                                1.89997e+00
------------------------------------------------------------
                 Wall time: 3.81079e+00 sec 
============================================================


============================================================
                 Lowdin orthonormalization
------------------------------------------------------------
 Computing Lowdin matrix                        6.83699e-01
 Rotating orbitals                              1.69910e+00
------------------------------------------------------------
                 Wall time: 2.38290e+00 sec 
============================================================


============================================================
                  Setting up Fock operator
------------------------------------------------------------
 Precision                                      1.00000e-07
------------------------------------------------------------
 Coulomb density                      1800      2.31541e+00
 Coulomb potential                     712      7.21556e+01
 Allreduce potential                   648      2.03706e-01
 XC total density                     1800      3.05407e+00
 XC evaluate xcfun                    3600      1.01221e+01
 XC energy                            1800      1.74046e-04
 XC potential                         1800      9.67065e-02
------------------------------------------------------------
                 Wall time: 8.79703e+01 sec 
============================================================


============================================================
                  Calculating Fock matrix
------------------------------------------------------------
 Kinetic part                         6.633092615000000e+00
 Potential part                       2.035992074800000e+01
------------------------------------------------------------
                 Wall time: 2.69931e+01 sec 
============================================================


============================================================
                          Orbitals
------------------------------------------------------------
 Orb    F(i,i)        Error         nNodes  Spin  Occ  Done 
------------------------------------------------------------
  0  -9.79641e+00   1.29722e-06       1096    p    2    0
  1  -9.79410e+00   3.19173e-07          0    p    2    1
  2  -6.80293e-01   3.16079e-06          0    p    2    0
  3  -5.14475e-01   3.92179e-05          0    p    2    0
  4  -4.49888e-01   5.66320e-06       1096    p    2    0
  5  -2.70902e-01   1.56423e-05          0    p    2    0
  6  -2.70901e-01   5.08416e-06          0    p    2    0
------------------------------------------------------------
 Total error:                            4.30397e-05    0
============================================================


============================================================
                    Energy                 Update      Done 
------------------------------------------------------------
 Orbital      -4.355397675209948e+01    -1.99412e-05    1
 Kinetic       7.609829829782237e+01    -1.24567e-05    1
 N-E          -2.280298668522452e+02     3.07009e-05    1
 Coulomb       6.123889061255300e+01    -2.07267e-05    1
 Exchange      0.000000000000000e+00     0.00000e+00    1
 X-C          -1.071422543417760e+01     2.53378e-06    1
------------------------------------------------------------
 Electronic   -1.014069233338390e+02    -1.66188e-08    1
 Nuclear       2.477590356720235e+01     0.00000e+00    1
------------------------------------------------------------
 Total        -7.663101976663664e+01    -1.66188e-08    1
============================================================


################ Wall time: 3.77626e+02 sec ################




####################### SCF cycle  6 #######################


============================================================
 Current precision                              1.00000e-07
------------------------------------------------------------
 Orbital threshold                              1.00000e-06
 Property threshold                            -1.00000e+00
============================================================


============================================================
                   Calculating SCF energy
------------------------------------------------------------
 Nuclear energy                       2.477590356720235e+01
 Electronic energy                   -1.014069233381831e+02
------------------------------------------------------------
 Total energy                        -7.663101977098071e+01
------------------------------------------------------------
                 Wall time: 2.05973e+01 sec 
============================================================


============================================================
                Rotating Helmholtz argument
------------------------------------------------------------
 Rotating orbitals                              2.28638e+00
------------------------------------------------------------
                 Wall time: 2.28649e+00 sec 
============================================================


============================================================
                Applying Helmholtz operators
------------------------------------------------------------
 Orb    RealNorm   Nodes     ImagNorm   Nodes     Timing
------------------------------------------------------------
  0    1.00000e+00  1096    0.00000e+00     0   1.13522e+02
  4    1.00000e+00  1096    0.00000e+00     0   1.15502e+02
------------------------------------------------------------
                 Wall time: 2.29037e+02 sec 
============================================================


============================================================
                 Lowdin orthonormalization
------------------------------------------------------------
 Computing Lowdin matrix                        1.01678e+01
 Rotating orbitals                              1.75942e+00
------------------------------------------------------------
                 Wall time: 1.19273e+01 sec 
============================================================


============================================================
               Iterative subspace accelerator
------------------------------------------------------------
 Push back orbitals                             1.75422e-01
 Setup linear system                            1.87261e+00
 Solve linear system                            1.02200e-05
 Expand solution                                2.12257e+00
------------------------------------------------------------
                 Wall time: 4.17076e+00 sec 
============================================================


============================================================
                 Lowdin orthonormalization
------------------------------------------------------------
 Computing Lowdin matrix                        7.72504e-01
 Rotating orbitals                              1.56687e+00
------------------------------------------------------------
                 Wall time: 2.33947e+00 sec 
============================================================


============================================================
                  Setting up Fock operator
------------------------------------------------------------
 Precision                                      1.00000e-07
------------------------------------------------------------
 Coulomb density                      1800      2.43850e+00
 Coulomb potential                     712      7.47261e+01
 Allreduce potential                   648      2.08565e-01
 XC total density                     1800      3.11153e+00
 XC evaluate xcfun                    3600      9.72207e+00
 XC energy                            1800      1.87160e-04
 XC potential                         1800      8.80685e-02
------------------------------------------------------------
                 Wall time: 9.03187e+01 sec 
============================================================


============================================================
                  Calculating Fock matrix
------------------------------------------------------------
 Kinetic part                         7.110531311000000e+00
 Potential part                       2.103321980000000e+01
------------------------------------------------------------
                 Wall time: 2.81439e+01 sec 
============================================================


============================================================
                          Orbitals
------------------------------------------------------------
 Orb    F(i,i)        Error         nNodes  Spin  Occ  Done 
------------------------------------------------------------
  0  -9.79641e+00   5.44738e-08       1096    p    2    1
  1  -9.79411e+00   6.52158e-08          0    p    2    1
  2  -6.80295e-01   1.14540e-06          0    p    2    0
  3  -5.14476e-01   6.37842e-06          0    p    2    0
  4  -4.49889e-01   1.40160e-06       1096    p    2    0
  5  -2.70904e-01   2.81937e-06          0    p    2    0
  6  -2.70902e-01   1.63819e-06          0    p    2    0
------------------------------------------------------------
 Total error:                            7.38921e-06    0
============================================================


============================================================
                    Energy                 Update      Done 
------------------------------------------------------------
 Orbital      -4.355394262324898e+01     3.41289e-05    1
 Kinetic       7.609831854217853e+01     2.02444e-05    1
 N-E          -2.280299185045576e+02    -5.16523e-05    1
 Coulomb       6.123892599731522e+01     3.53848e-05    1
 Exchange      0.000000000000000e+00     0.00000e+00    1
 X-C          -1.071422937962209e+01    -3.94544e-06    1
------------------------------------------------------------
 Electronic   -1.014069233381831e+02    -4.34407e-09    1
 Nuclear       2.477590356720235e+01     0.00000e+00    1
------------------------------------------------------------
 Total        -7.663101977098071e+01    -4.34407e-09    1
============================================================


################ Wall time: 3.89300e+02 sec ################




####################### SCF cycle  7 #######################


============================================================
 Current precision                              1.00000e-07
------------------------------------------------------------
 Orbital threshold                              1.00000e-06
 Property threshold                            -1.00000e+00
============================================================


============================================================
                   Calculating SCF energy
------------------------------------------------------------
 Nuclear energy                       2.477590356720235e+01
 Electronic energy                   -1.014069233384239e+02
------------------------------------------------------------
 Total energy                        -7.663101977122157e+01
------------------------------------------------------------
                 Wall time: 2.20558e+01 sec 
============================================================


============================================================
                Rotating Helmholtz argument
------------------------------------------------------------
 Rotating orbitals                              2.33512e+00
------------------------------------------------------------
                 Wall time: 2.33522e+00 sec 
============================================================


============================================================
                Applying Helmholtz operators
------------------------------------------------------------
 Orb    RealNorm   Nodes     ImagNorm   Nodes     Timing
------------------------------------------------------------
  0    1.00000e+00  1096    0.00000e+00     0   1.20704e+02
  4    1.00000e+00  1096    0.00000e+00     0   1.26379e+02
------------------------------------------------------------
                 Wall time: 2.47098e+02 sec 
============================================================


============================================================
                 Lowdin orthonormalization
------------------------------------------------------------
 Computing Lowdin matrix                        3.78012e-01
 Rotating orbitals                              1.70386e+00
------------------------------------------------------------
                 Wall time: 2.08196e+00 sec 
============================================================


============================================================
               Iterative subspace accelerator
------------------------------------------------------------
 Push back orbitals                             1.55494e-01
 Setup linear system                            1.93356e+00
 Solve linear system                            1.05350e-05
 Expand solution                                1.95248e+00
------------------------------------------------------------
                 Wall time: 4.04170e+00 sec 
============================================================


============================================================
                 Lowdin orthonormalization
------------------------------------------------------------
 Computing Lowdin matrix                        6.69930e-01
 Rotating orbitals                              1.66084e+00
------------------------------------------------------------
                 Wall time: 2.33086e+00 sec 
============================================================


============================================================
                  Setting up Fock operator
------------------------------------------------------------
 Precision                                      1.00000e-07
------------------------------------------------------------
 Coulomb density                      1800      2.74021e+00
 Coulomb potential                     712      7.46195e+01
 Allreduce potential                   648      2.16699e-01
 XC total density                     1800      3.18488e+00
 XC evaluate xcfun                    3600      1.00818e+01
 XC energy                            1800      1.83859e-04
 XC potential                         1800      9.55179e-02
------------------------------------------------------------
                 Wall time: 9.09645e+01 sec 
============================================================


============================================================
                  Calculating Fock matrix
------------------------------------------------------------
 Kinetic part                         6.669918584000000e+00
 Potential part                       2.136563788600000e+01
------------------------------------------------------------
                 Wall time: 2.80357e+01 sec 
============================================================


============================================================
                          Orbitals
------------------------------------------------------------
 Orb    F(i,i)        Error         nNodes  Spin  Occ  Done 
------------------------------------------------------------
  0  -9.79641e+00   1.52016e-07       1096    p    2    1
  1  -9.79411e+00   2.55791e-08          0    p    2    1
  2  -6.80294e-01   7.60211e-07          0    p    2    1
  3  -5.14475e-01   2.76090e-06          0    p    2    0
  4  -4.49889e-01   1.08643e-06       1096    p    2    0
  5  -2.70903e-01   2.46901e-06          0    p    2    0
  6  -2.70902e-01   7.17038e-07          0    p    2    1
------------------------------------------------------------
 Total error:                            4.00184e-06    0
============================================================


============================================================
                    Energy                 Update      Done 
------------------------------------------------------------
 Orbital      -4.355397095279470e+01    -2.83295e-05    1
 Kinetic       7.609830124948132e+01    -1.72927e-05    1
 N-E          -2.280298751251683e+02     4.33794e-05    1
 Coulomb       6.123889662403496e+01    -2.93733e-05    1
 Exchange      0.000000000000000e+00     0.00000e+00    1
 X-C          -1.071422609065271e+01     3.28897e-06    1
------------------------------------------------------------
 Electronic   -1.014069233384239e+02    -2.40860e-10    1
 Nuclear       2.477590356720235e+01     0.00000e+00    1
------------------------------------------------------------
 Total        -7.663101977122157e+01    -2.40860e-10    1
============================================================


################ Wall time: 3.99403e+02 sec ################




####################### SCF cycle  8 #######################


============================================================
 Current precision                              1.00000e-07
------------------------------------------------------------
 Orbital threshold                              1.00000e-06
 Property threshold                            -1.00000e+00
============================================================


============================================================
                   Calculating SCF energy
------------------------------------------------------------
 Nuclear energy                       2.477590356720235e+01
 Electronic energy                   -1.014069233384895e+02
------------------------------------------------------------
 Total energy                        -7.663101977128717e+01
------------------------------------------------------------
                 Wall time: 2.22176e+01 sec 
============================================================


============================================================
                Rotating Helmholtz argument
------------------------------------------------------------
 Rotating orbitals                              2.25029e+00
------------------------------------------------------------
                 Wall time: 2.25038e+00 sec 
============================================================


============================================================
                Applying Helmholtz operators
------------------------------------------------------------
 Orb    RealNorm   Nodes     ImagNorm   Nodes     Timing
------------------------------------------------------------
  0    1.00000e+00  1096    0.00000e+00     0   1.19409e+02
  4    1.00000e+00  1096    0.00000e+00     0   1.23609e+02
------------------------------------------------------------
                 Wall time: 2.43039e+02 sec 
============================================================


============================================================
                 Lowdin orthonormalization
------------------------------------------------------------
 Computing Lowdin matrix                        3.77974e-01
 Rotating orbitals                              1.81871e+00
------------------------------------------------------------
                 Wall time: 2.19678e+00 sec 
============================================================


============================================================
               Iterative subspace accelerator
------------------------------------------------------------
 Push back orbitals                             8.66499e-02
 Setup linear system                            1.91856e+00
 Solve linear system                            1.03310e-05
 Expand solution                                2.15615e+00
------------------------------------------------------------
                 Wall time: 4.16152e+00 sec 
============================================================


============================================================
                 Lowdin orthonormalization
------------------------------------------------------------
 Computing Lowdin matrix                        6.31879e-01
 Rotating orbitals                              1.66031e+00
------------------------------------------------------------
                 Wall time: 2.29228e+00 sec 
============================================================


============================================================
                  Setting up Fock operator
------------------------------------------------------------
 Precision                                      1.00000e-07
------------------------------------------------------------
 Coulomb density                      1800      2.69127e+00
 Coulomb potential                     712      7.51887e+01
 Allreduce potential                   648      2.11133e-01
 XC total density                     1800      3.17045e+00
 XC evaluate xcfun                    3600      1.00290e+01
 XC energy                            1800      1.73961e-04
 XC potential                         1800      9.36402e-02
------------------------------------------------------------
                 Wall time: 9.14100e+01 sec 
============================================================


============================================================
                  Calculating Fock matrix
------------------------------------------------------------
 Kinetic part                         6.662173679000000e+00
 Potential part                       2.143351911400000e+01
------------------------------------------------------------
                 Wall time: 2.80958e+01 sec 
============================================================


============================================================
                          Orbitals
------------------------------------------------------------
 Orb    F(i,i)        Error         nNodes  Spin  Occ  Done 
------------------------------------------------------------
  0  -9.79641e+00   2.38222e-07       1096    p    2    1
  1  -9.79411e+00   5.34243e-09          0    p    2    1
  2  -6.80294e-01   5.60155e-07          0    p    2    1
  3  -5.14476e-01   1.68494e-06          0    p    2    0
  4  -4.49889e-01   1.09276e-06       1096    p    2    0
  5  -2.70903e-01   2.95214e-06          0    p    2    0
  6  -2.70902e-01   2.86844e-07          0    p    2    1
------------------------------------------------------------
 Total error:                            3.63333e-06    0
============================================================


============================================================
                    Energy                 Update      Done 
------------------------------------------------------------
 Orbital      -4.355395774439723e+01     1.32084e-05    1
 Kinetic       7.609830944332271e+01     8.19384e-06    1
 N-E          -2.280298954595559e+02    -2.03344e-05    1
 Coulomb       6.123891032901562e+01     1.37050e-05    1
 Exchange      0.000000000000000e+00     0.00000e+00    1
 X-C          -1.071422765523627e+01    -1.56458e-06    1
------------------------------------------------------------
 Electronic   -1.014069233384895e+02    -6.55973e-11    1
 Nuclear       2.477590356720235e+01     0.00000e+00    1
------------------------------------------------------------
 Total        -7.663101977128717e+01    -6.55973e-11    1
============================================================


################ Wall time: 3.96139e+02 sec ################




####################### SCF cycle  9 #######################


============================================================
 Current precision                              1.00000e-07
------------------------------------------------------------
 Orbital threshold                              1.00000e-06
 Property threshold                            -1.00000e+00
============================================================


============================================================
                   Calculating SCF energy
------------------------------------------------------------
 Nuclear energy                       2.477590356720235e+01
 Electronic energy                   -1.014069233385108e+02
------------------------------------------------------------
 Total energy                        -7.663101977130843e+01
------------------------------------------------------------
                 Wall time: 2.24825e+01 sec 
============================================================


============================================================
                Rotating Helmholtz argument
------------------------------------------------------------
 Rotating orbitals                              2.26970e+00
------------------------------------------------------------
                 Wall time: 2.26978e+00 sec 
============================================================


============================================================
                Applying Helmholtz operators
------------------------------------------------------------
 Orb    RealNorm   Nodes     ImagNorm   Nodes     Timing
------------------------------------------------------------
  0    1.00000e+00  1096    0.00000e+00     0   1.20715e+02
  4    1.00000e+00  1096    0.00000e+00     0   1.29701e+02
------------------------------------------------------------
                 Wall time: 2.50432e+02 sec 
============================================================


============================================================
                 Lowdin orthonormalization
------------------------------------------------------------
 Computing Lowdin matrix                        3.77706e-01
 Rotating orbitals                              1.68562e+00
------------------------------------------------------------
                 Wall time: 2.06342e+00 sec 
============================================================


============================================================
               Iterative subspace accelerator
------------------------------------------------------------
 Push back orbitals                             1.85517e-01
 Setup linear system                            1.89913e+00
 Solve linear system                            1.02680e-05
 Expand solution                                2.16097e+00
------------------------------------------------------------
                 Wall time: 4.24578e+00 sec 
============================================================


============================================================
                 Lowdin orthonormalization
------------------------------------------------------------
 Computing Lowdin matrix                        6.24550e-01
 Rotating orbitals                              1.35925e+00
------------------------------------------------------------
                 Wall time: 1.98387e+00 sec 
============================================================


============================================================
                  Setting up Fock operator
------------------------------------------------------------
 Precision                                      1.00000e-07
------------------------------------------------------------
 Coulomb density                      1800      2.75125e+00
 Coulomb potential                     712      7.48065e+01
 Allreduce potential                   648      2.14197e-01
 XC total density                     1800      3.14902e+00
 XC evaluate xcfun                    3600      1.01257e+01
 XC energy                            1800      1.77249e-04
 XC potential                         1800      9.61353e-02
------------------------------------------------------------
                 Wall time: 9.11692e+01 sec 
============================================================


============================================================
                  Calculating Fock matrix
------------------------------------------------------------
 Kinetic part                         6.698289217000000e+00
 Potential part                       2.127476109900000e+01
------------------------------------------------------------
                 Wall time: 2.79732e+01 sec 
============================================================


============================================================
                          Orbitals
------------------------------------------------------------
 Orb    F(i,i)        Error         nNodes  Spin  Occ  Done 
------------------------------------------------------------
  0  -9.79641e+00   8.45900e-08       1096    p    2    1
  1  -9.79411e+00   9.90777e-09          0    p    2    1
  2  -6.80294e-01   1.33802e-07          0    p    2    1
  3  -5.14476e-01   1.44994e-07          0    p    2    1
  4  -4.49889e-01   2.26163e-07       1096    p    2    1
  5  -2.70903e-01   8.92449e-07          0    p    2    1
  6  -2.70902e-01   7.76722e-08          0    p    2    1
------------------------------------------------------------
 Total error:                            9.48593e-07    1
============================================================


============================================================
                    Energy                 Update      Done 
------------------------------------------------------------
 Orbital      -4.355396330434094e+01    -5.55994e-06    1
 Kinetic       7.609830609933205e+01    -3.34399e-06    1
 N-E          -2.280298869904273e+02     8.46913e-06    1
 Coulomb       6.123890456702775e+01    -5.76199e-06    1
 Exchange      0.000000000000000e+00     0.00000e+00    1
 X-C          -1.071422701873825e+01     6.36498e-07    1
------------------------------------------------------------
 Electronic   -1.014069233385108e+02    -2.12594e-11    1
 Nuclear       2.477590356720235e+01     0.00000e+00    1
------------------------------------------------------------
 Total        -7.663101977130843e+01    -2.12594e-11    1
============================================================


################ Wall time: 4.03093e+02 sec ################


============================================================
                      Convergence rate
------------------------------------------------------------
Iter    OrbError       Property                   Update  
------------------------------------------------------------
  1    2.73902e-03    -7.663100977174491e+01   -7.66310e+01
  2    3.85024e-04    -7.663101947985558e+01   -9.70811e-06
  3    1.21945e-04    -7.663101971439430e+01   -2.34539e-07
  4    6.35047e-05    -7.663101975001781e+01   -3.56235e-08
  5    4.30397e-05    -7.663101976663664e+01   -1.66188e-08
  6    7.38921e-06    -7.663101977098071e+01   -4.34407e-09
  7    4.00184e-06    -7.663101977122157e+01   -2.40860e-10
  8    3.63333e-06    -7.663101977128717e+01   -6.55973e-11
  9    9.48593e-07    -7.663101977130843e+01   -2.12594e-11
------------------------------------------------------------
                      SCF converged!!!                      
============================================================


============================================================
                  Digonalizing Fock matrix
------------------------------------------------------------
 Computing Lowdin matrix                        3.80361e-01
 Diagonalizing matrix                           1.29670e-05
 Rotating orbitals                              2.13519e+00
------------------------------------------------------------
                 Wall time: 2.51565e+00 sec 
============================================================


============================================================
                  Setting up Fock operator
------------------------------------------------------------
 Precision                                      1.00000e-07
------------------------------------------------------------
 Coulomb density                      1800      2.40290e+00
 Coulomb potential                     712      6.67933e+01
 Allreduce potential                   648      2.05397e-01
 XC total density                     1800      2.98703e+00
 XC evaluate xcfun                    3600      9.79830e+00
 XC energy                            1800      1.54110e-04
 XC potential                         1800      8.43275e-02
------------------------------------------------------------
                 Wall time: 8.22960e+01 sec 
============================================================


============================================================
                   Calculating SCF energy
------------------------------------------------------------
------------------------------------------------------------
                 Wall time: 2.12279e+01 sec 
============================================================


============================================================
                 Calculating dipole moment
------------------------------------------------------------
------------------------------------------------------------
                 Wall time: 1.02054e+01 sec 
============================================================


============================================================
                        Fock matrix
------------------------------------------------------------
-9.79641e+00  0.00000e+00  0.00000e+00  0.00000e+00  0.00000e+00  0.00000e+00  0.00000e+00
 0.00000e+00 -9.79411e+00  0.00000e+00  0.00000e+00  0.00000e+00  0.00000e+00  0.00000e+00
 0.00000e+00  0.00000e+00 -6.80294e-01  0.00000e+00  0.00000e+00  0.00000e+00  0.00000e+00
 0.00000e+00  0.00000e+00  0.00000e+00 -5.14476e-01  0.00000e+00  0.00000e+00  0.00000e+00
 0.00000e+00  0.00000e+00  0.00000e+00  0.00000e+00 -4.49889e-01  0.00000e+00  0.00000e+00
 0.00000e+00  0.00000e+00  0.00000e+00  0.00000e+00  0.00000e+00 -2.70903e-01  0.00000e+00
 0.00000e+00  0.00000e+00  0.00000e+00  0.00000e+00  0.00000e+00  0.00000e+00 -2.70902e-01
============================================================


============================================================
                      Orbital energies
------------------------------------------------------------
    n  spin  occ                            epsilon  
------------------------------------------------------------
    0    p    2                      -9.796411183702501e+00
    1    p    2                      -9.794106563405537e+00
    2    p    2                      -6.802940414998445e-01
    3    p    2                      -5.144756042183315e-01
    4    p    2                      -4.498888503352151e-01
    5    p    2                      -2.709030420816830e-01
    6    p    2                      -2.709019429482010e-01
============================================================


============================================================
                          Molecule
------------------------------------------------------------
 Nr  Element             x             y             z      
------------------------------------------------------------
  1     C           0.00000e+00   0.00000e+00   1.13629e+00
  2     C           0.00000e+00   0.00000e+00  -1.13629e+00
  3     H           0.00000e+00   0.00000e+00   3.14526e+00
  4     H           0.00000e+00   0.00000e+00  -3.14526e+00
------------------------------------------------------------
 Center of mass:    0.00000e+00   0.00000e+00   0.00000e+00
============================================================


                                                            
============================================================
                         SCF Energy                         
------------------------------------------------------------
                                                            
 Sum orbital energy:                 -4.355396245638263e+01
 Kinetic energy:                      7.609830661319279e+01
 E-N energy:                         -2.280298882859511e+02
 Coulomb energy:                      6.123890544566795e+01
 Exchange energy:                     0.000000000000000e+00
 X-C energy:                         -1.071422711536026e+01
 El. external field energy:          -1.999606308164953e-05
 Nuc. external field energy:         -9.295672004965763e-15
                                                            
------------------------------------------------------------
                                                            
 Electronic energy:                  -1.014069233385137e+02
 Nuclear energy:                      2.477590356720235e+01
                                                            
------------------------------------------------------------
                                                            
 Total energy       (au)             -7.663101977131134e+01
                    (kJ/mol)         -2.011947132897904e+05
                    (kcal/mol)       -4.808669052562408e+04
                    (eV)             -2.085236185771316e+03
                                                            
============================================================
                                                            

                                                            
============================================================
                         Dipole moment                      
------------------------------------------------------------
                                                            
 Length of vector:   (au)                  1.9996063091e-02
                     (Debye)               5.0824917997e-02
                                                            
-------------------------- Total ---------------------------
                                                            
 [-9.0062206602e-12, -1.9996063091e-02,  7.2996682178e-11] 
                                                            
------------------------- Nuclear --------------------------
                                                            
 [-9.2541191317e-12, -9.2956720050e-12,  9.7433172641e-13] 
                                                            
------------------------ Electronic ------------------------
                                                            
 [ 2.4789847150e-13, -1.9996063082e-02,  7.2022350451e-11] 
                                                            
============================================================
                                                            



************************************************************
***                                                      ***
***                    Exiting MRChem                    ***
***                                                      ***
***               Wall time: 3.658124e+03                ***
***                                                      ***
************************************************************


