


************************************************************
***     __  __ ____   ____ _                             ***
***    |  \/  |  _ \ / ___| |__   ___ _ __ ___           ***
***    | |\/| | |_) | |   | '_ \ / _ \ '_ ` _ \          ***
***    | |  | |  _ <| |___| | | |  __/ | | | | |         ***
***    |_|  |_|_| \_\\____|_| |_|\___|_| |_| |_|         ***
***                                                      ***
***    VERSION 0.0.1 (rev. 1c6f79f)                     ***
***                                                      ***
***    Stig Rune Jensen <stig.r.jensen@uit.no>           ***
***    Luca Frediani    <luca.frediani@uit.no>           ***
***    Peter Wind       <peter.wind@uit.no>              ***
***                                                      ***
************************************************************


+++ Parallel execution: 
  MPI hosts available     : 4
  Threads/host            : 2
  Total used CPUs         : 8


------------------------------------------------------------

 MRCPP version   : X.Y.Z
 Git revision    : bbc2aed

 Linear algebra  : EIGEN
 Parallelization : MPI/OpenMP

------------------------------------------------------------




============================================================
                  MultiResolution Analysis                  
------------------------------------------------------------
 polynomial order = 11
 polynomial type  = Interpolating
------------------------------------------------------------
 total boxes      = 8
 boxes            = [           2           2           2 ]
 unit lengths     = [    32.00000    32.00000    32.00000 ]
 scaling factor   = [     1.00000     1.00000     1.00000 ]
 lower bounds     = [   -32.00000   -32.00000   -32.00000 ]
 upper bounds     = [    32.00000    32.00000    32.00000 ]
 total length     = [    64.00000    64.00000    64.00000 ]
============================================================


============================================================
                          Molecule
------------------------------------------------------------
 Nr  Element             x             y             z      
------------------------------------------------------------
  1     C           0.00000e+00   0.00000e+00   1.12250e+00
  2     B           0.00000e+00   0.00000e+00  -1.49024e+00
  3     H           0.00000e+00   1.73345e+00   2.20852e+00
  4     H           0.00000e+00  -1.73345e+00   2.20852e+00
  5     H           0.00000e+00   0.00000e+00  -3.70122e+00
------------------------------------------------------------
 Center of mass:    0.00000e+00   0.00000e+00  -7.37889e-02
============================================================


============================================================
                Setting up nuclear potential
------------------------------------------------------------
 Nr  Element         Charge        Precision     Smoothing 
------------------------------------------------------------
  1     C           6.00000e+00   1.00000e-07   3.82453e-05
  2     B           5.00000e+00   1.00000e-07   5.18258e-05
  3     H           1.00000e+00   1.00000e-07   7.57698e-04
  4     H           1.00000e+00   1.00000e-07   7.57698e-04
  5     H           1.00000e+00   1.00000e-07   7.57698e-04
------------------------------------------------------------
 Nuclear potential                    2024      2.50461e+00
 Allreduce potential                  3816      1.40778e+00
------------------------------------------------------------
                 Wall time: 3.91252e+00 sec 
============================================================


============================================================
 OrbitalVector:   7 orbitals     7 occupied    14 electrons
------------------------------------------------------------
   n  RankID           Norm          Spin Occ      Error    
------------------------------------------------------------
   0     0       1.000000000000e+00    p   2    1.00000e+00
   1     1      -1.000000000000e+00    p   2    1.00000e+00
   2     2      -1.000000000000e+00    p   2    1.00000e+00
   3     3      -1.000000000000e+00    p   2    1.00000e+00
   4     0       1.000000000000e+00    p   2    1.00000e+00
   5     1      -1.000000000000e+00    p   2    1.00000e+00
   6     2      -1.000000000000e+00    p   2    1.00000e+00
============================================================


============================================================
                  Setting up Fock operator
------------------------------------------------------------
 Precision                                      1.00000e-07
------------------------------------------------------------
 Coulomb density                      1416      1.93830e+00
 Coulomb potential                     552      4.61101e+01
 Allreduce potential                   680      2.43823e+00
 XC total density                     2184      3.26584e+00
 XC evaluate xcfun                    4368      1.02855e+01
 XC energy                            2184      1.77657e-04
 XC potential                         2184      1.34045e-01
------------------------------------------------------------
                 Wall time: 6.41967e+01 sec 
============================================================


============================================================
                  Calculating Fock matrix
------------------------------------------------------------
 Kinetic part                         9.166839211999999e+00
 Potential part                       2.246042369500000e+01
------------------------------------------------------------
                 Wall time: 3.16274e+01 sec 
============================================================




####################### SCF cycle  1 #######################


============================================================
 Current precision                              1.00000e-07
------------------------------------------------------------
 Orbital threshold                              1.00000e-06
 Property threshold                            -1.00000e+00
============================================================


============================================================
                  Digonalizing Fock matrix
------------------------------------------------------------
 Computing Lowdin matrix                        5.49376e-01
 Diagonalizing matrix                           1.43170e-05
 Rotating orbitals                              1.65255e+00
------------------------------------------------------------
                 Wall time: 2.20203e+00 sec 
============================================================


============================================================
                   Calculating SCF energy
------------------------------------------------------------
 Nuclear energy                       2.391518198505604e+01
 Electronic energy                   -8.794954553045378e+01
------------------------------------------------------------
 Total energy                        -6.403436354539774e+01
------------------------------------------------------------
                 Wall time: 1.81811e+01 sec 
============================================================


============================================================
                Rotating Helmholtz argument
------------------------------------------------------------
 Rotating orbitals                              6.22491e-01
------------------------------------------------------------
                 Wall time: 6.22577e-01 sec 
============================================================


============================================================
                Applying Helmholtz operators
------------------------------------------------------------
 Orb    RealNorm   Nodes     ImagNorm   Nodes     Timing
------------------------------------------------------------
  0    1.00000e+00   872    0.00000e+00     0   6.89840e+01
  4    1.00000e+00   936    0.00000e+00     0   8.81471e+01
------------------------------------------------------------
                 Wall time: 1.57131e+02 sec 
============================================================


============================================================
                 Lowdin orthonormalization
------------------------------------------------------------
 Computing Lowdin matrix                        6.09433e+01
 Rotating orbitals                              1.69561e+00
------------------------------------------------------------
                 Wall time: 6.26390e+01 sec 
============================================================


============================================================
               Iterative subspace accelerator
------------------------------------------------------------
 Push back orbitals                             2.93290e-01
 Copy orbitals                                  8.32664e-02
 Copy orbital updates                           8.10081e-02
------------------------------------------------------------
                 Wall time: 4.57693e-01 sec 
============================================================


============================================================
                 Lowdin orthonormalization
------------------------------------------------------------
 Computing Lowdin matrix                        4.77938e-01
 Rotating orbitals                              8.78921e-01
------------------------------------------------------------
                 Wall time: 1.35696e+00 sec 
============================================================


============================================================
                  Setting up Fock operator
------------------------------------------------------------
 Precision                                      1.00000e-07
------------------------------------------------------------
 Coulomb density                      1384      1.69426e+00
 Coulomb potential                     552      4.59676e+01
 Allreduce potential                   680      4.58496e+00
 XC total density                     2088      2.82441e+00
 XC evaluate xcfun                    4176      9.75862e+00
 XC energy                            2088      1.71355e-04
 XC potential                         2088      9.25243e-02
------------------------------------------------------------
                 Wall time: 6.49448e+01 sec 
============================================================


============================================================
                  Calculating Fock matrix
------------------------------------------------------------
 Kinetic part                         7.462000973000000e+00
 Potential part                       1.919149319100000e+01
------------------------------------------------------------
                 Wall time: 2.66536e+01 sec 
============================================================


============================================================
                          Orbitals
------------------------------------------------------------
 Orb    F(i,i)        Error         nNodes  Spin  Occ  Done 
------------------------------------------------------------
  0  -9.75756e+00   1.66253e-05        872    p    2    0
  1  -6.45504e+00   2.74691e-05          0    p    2    0
  2  -6.09579e-01   5.10917e-04          0    p    2    0
  3  -4.26048e-01   1.08373e-03          0    p    2    0
  4  -3.78999e-01   9.11879e-04        936    p    2    0
  5  -3.53752e-01   8.13439e-04          0    p    2    0
  6  -2.13892e-01   3.35137e-03          0    p    2    0
------------------------------------------------------------
 Total error:                            3.76317e-03    0
============================================================


============================================================
                    Energy                 Update      Done 
------------------------------------------------------------
 Orbital      -3.638966140658912e+01    -3.63897e+01    1
 Kinetic       6.351934755210552e+01     6.35193e+01    1
 N-E          -1.963199272010665e+02    -1.96320e+02    1
 Coulomb       5.464893658177579e+01     5.46489e+01    1
 Exchange      0.000000000000000e+00     0.00000e+00    1
 X-C          -9.797902463268601e+00    -9.79790e+00    1
------------------------------------------------------------
 Electronic   -8.794954553045378e+01    -8.79495e+01    1
 Nuclear       2.391518198505604e+01     2.39152e+01    1
------------------------------------------------------------
 Total        -6.403436354539774e+01    -6.40344e+01    1
============================================================


################ Wall time: 3.34424e+02 sec ################




####################### SCF cycle  2 #######################


============================================================
 Current precision                              1.00000e-07
------------------------------------------------------------
 Orbital threshold                              1.00000e-06
 Property threshold                            -1.00000e+00
============================================================


============================================================
                  Digonalizing Fock matrix
------------------------------------------------------------
 Computing Lowdin matrix                        4.14176e-01
 Diagonalizing matrix                           1.24470e-05
 Rotating orbitals                              1.87147e+00
------------------------------------------------------------
                 Wall time: 2.28575e+00 sec 
============================================================


============================================================
                   Calculating SCF energy
------------------------------------------------------------
 Nuclear energy                       2.391518198505604e+01
 Electronic energy                   -8.794955987203689e+01
------------------------------------------------------------
 Total energy                        -6.403437788698085e+01
------------------------------------------------------------
                 Wall time: 1.83622e+01 sec 
============================================================


============================================================
                Rotating Helmholtz argument
------------------------------------------------------------
 Rotating orbitals                              6.28799e-01
------------------------------------------------------------
                 Wall time: 6.28886e-01 sec 
============================================================


============================================================
                Applying Helmholtz operators
------------------------------------------------------------
 Orb    RealNorm   Nodes     ImagNorm   Nodes     Timing
------------------------------------------------------------
  0    1.00000e+00   872    0.00000e+00     0   6.94030e+01
  4    1.00000e+00   936    0.00000e+00     0   8.67959e+01
------------------------------------------------------------
                 Wall time: 1.56199e+02 sec 
============================================================


============================================================
                 Lowdin orthonormalization
------------------------------------------------------------
 Computing Lowdin matrix                        6.63172e+01
 Rotating orbitals                              1.70380e+00
------------------------------------------------------------
                 Wall time: 6.80211e+01 sec 
============================================================


============================================================
               Iterative subspace accelerator
------------------------------------------------------------
 Push back orbitals                             2.81582e-01
 Copy orbitals                                  8.10187e-02
 Copy orbital updates                           8.16419e-02
------------------------------------------------------------
                 Wall time: 4.44366e-01 sec 
============================================================


============================================================
                 Lowdin orthonormalization
------------------------------------------------------------
 Computing Lowdin matrix                        4.65916e-01
 Rotating orbitals                              8.96143e-01
------------------------------------------------------------
                 Wall time: 1.36215e+00 sec 
============================================================


============================================================
                  Setting up Fock operator
------------------------------------------------------------
 Precision                                      1.00000e-07
------------------------------------------------------------
 Coulomb density                      1384      1.72772e+00
 Coulomb potential                     552      4.64453e+01
 Allreduce potential                   680      4.13532e+00
 XC total density                     2088      2.82588e+00
 XC evaluate xcfun                    4176      9.77229e+00
 XC energy                            2088      1.71721e-04
 XC potential                         2088      8.91561e-02
------------------------------------------------------------
                 Wall time: 6.50176e+01 sec 
============================================================


============================================================
                  Calculating Fock matrix
------------------------------------------------------------
 Kinetic part                         7.391275481000000e+00
 Potential part                       1.945700516200000e+01
------------------------------------------------------------
                 Wall time: 2.68484e+01 sec 
============================================================


============================================================
                          Orbitals
------------------------------------------------------------
 Orb    F(i,i)        Error         nNodes  Spin  Occ  Done 
------------------------------------------------------------
  0  -9.75757e+00   4.69958e-06        872    p    2    0
  1  -6.45505e+00   1.12877e-05          0    p    2    0
  2  -6.09587e-01   1.64806e-04          0    p    2    0
  3  -4.26053e-01   1.40124e-04          0    p    2    0
  4  -3.79005e-01   5.94104e-05        936    p    2    0
  5  -3.53759e-01   6.67731e-05          0    p    2    0
  6  -2.13899e-01   5.62324e-04          0    p    2    0
------------------------------------------------------------
 Total error:                            6.09214e-04    0
============================================================


============================================================
                    Energy                 Update      Done 
------------------------------------------------------------
 Orbital      -3.638973057327736e+01    -6.91667e-05    1
 Kinetic       6.351933752624536e+01    -1.00259e-05    1
 N-E          -1.963198537854306e+02     7.34156e-05    1
 Coulomb       5.464888029082967e+01    -5.62909e-05    1
 Exchange      0.000000000000000e+00     0.00000e+00    1
 X-C          -9.797897791605601e+00     4.67166e-06    1
------------------------------------------------------------
 Electronic   -8.794955987203689e+01    -1.43416e-05    1
 Nuclear       2.391518198505604e+01     0.00000e+00    1
------------------------------------------------------------
 Total        -6.403437788698085e+01    -1.43416e-05    1
============================================================


################ Wall time: 3.39422e+02 sec ################




####################### SCF cycle  3 #######################


============================================================
 Current precision                              1.00000e-07
------------------------------------------------------------
 Orbital threshold                              1.00000e-06
 Property threshold                            -1.00000e+00
============================================================


============================================================
                   Calculating SCF energy
------------------------------------------------------------
 Nuclear energy                       2.391518198505604e+01
 Electronic energy                   -8.794956032579069e+01
------------------------------------------------------------
 Total energy                        -6.403437834073465e+01
------------------------------------------------------------
                 Wall time: 1.98054e+01 sec 
============================================================


============================================================
                Rotating Helmholtz argument
------------------------------------------------------------
 Rotating orbitals                              2.31690e+00
------------------------------------------------------------
                 Wall time: 2.31698e+00 sec 
============================================================


============================================================
                Applying Helmholtz operators
------------------------------------------------------------
 Orb    RealNorm   Nodes     ImagNorm   Nodes     Timing
------------------------------------------------------------
  0    1.00000e+00   872    0.00000e+00     0   7.07506e+01
  4    9.99999e-01   936    0.00000e+00     0   8.76253e+01
------------------------------------------------------------
                 Wall time: 1.58386e+02 sec 
============================================================


============================================================
                 Lowdin orthonormalization
------------------------------------------------------------
 Computing Lowdin matrix                        6.03063e+01
 Rotating orbitals                              1.83019e+00
------------------------------------------------------------
                 Wall time: 6.21366e+01 sec 
============================================================


============================================================
               Iterative subspace accelerator
------------------------------------------------------------
 Push back orbitals                             2.35936e-01
 Setup linear system                            3.04244e-01
 Solve linear system                            1.14610e-05
 Expand solution                                7.81151e-01
------------------------------------------------------------
                 Wall time: 1.32147e+00 sec 
============================================================


============================================================
                 Lowdin orthonormalization
------------------------------------------------------------
 Computing Lowdin matrix                        6.72609e-01
 Rotating orbitals                              1.33009e+00
------------------------------------------------------------
                 Wall time: 2.00279e+00 sec 
============================================================


============================================================
                  Setting up Fock operator
------------------------------------------------------------
 Precision                                      1.00000e-07
------------------------------------------------------------
 Coulomb density                      1384      1.72791e+00
 Coulomb potential                     552      4.76666e+01
 Allreduce potential                   680      4.09531e+00
 XC total density                     2088      2.89155e+00
 XC evaluate xcfun                    4176      9.87698e+00
 XC energy                            2088      1.83378e-04
 XC potential                         2088      9.42709e-02
------------------------------------------------------------
                 Wall time: 6.63757e+01 sec 
============================================================


============================================================
                  Calculating Fock matrix
------------------------------------------------------------
 Kinetic part                         7.027007293000000e+00
 Potential part                       1.992720214000000e+01
------------------------------------------------------------
                 Wall time: 2.69544e+01 sec 
============================================================


============================================================
                          Orbitals
------------------------------------------------------------
 Orb    F(i,i)        Error         nNodes  Spin  Occ  Done 
------------------------------------------------------------
  0  -9.75756e+00   2.23404e-06        872    p    2    0
  1  -6.45505e+00   8.08876e-06          0    p    2    0
  2  -6.09586e-01   4.69404e-05          0    p    2    0
  3  -4.26054e-01   7.25088e-05          0    p    2    0
  4  -3.79004e-01   1.90052e-05        936    p    2    0
  5  -3.53759e-01   2.84339e-05          0    p    2    0
  6  -2.13898e-01   2.21868e-04          0    p    2    0
------------------------------------------------------------
 Total error:                            2.40679e-04    0
============================================================


============================================================
                    Energy                 Update      Done 
------------------------------------------------------------
 Orbital      -3.638983575596510e+01    -1.05183e-04    1
 Kinetic       6.351930667996653e+01    -3.08463e-05    1
 N-E          -1.963197241743815e+02     1.29611e-04    1
 Coulomb       5.464877190086730e+01    -1.08390e-04    1
 Exchange      0.000000000000000e+00     0.00000e+00    1
 X-C          -9.797886045887868e+00     1.17457e-05    1
------------------------------------------------------------
 Electronic   -8.794956032579069e+01    -4.53754e-07    1
 Nuclear       2.391518198505604e+01     0.00000e+00    1
------------------------------------------------------------
 Total        -6.403437834073465e+01    -4.53754e-07    1
============================================================


################ Wall time: 3.39661e+02 sec ################




####################### SCF cycle  4 #######################


============================================================
 Current precision                              1.00000e-07
------------------------------------------------------------
 Orbital threshold                              1.00000e-06
 Property threshold                            -1.00000e+00
============================================================


============================================================
                   Calculating SCF energy
------------------------------------------------------------
 Nuclear energy                       2.391518198505604e+01
 Electronic energy                   -8.794956040096409e+01
------------------------------------------------------------
 Total energy                        -6.403437841590805e+01
------------------------------------------------------------
                 Wall time: 2.04462e+01 sec 
============================================================


============================================================
                Rotating Helmholtz argument
------------------------------------------------------------
 Rotating orbitals                              2.29098e+00
------------------------------------------------------------
                 Wall time: 2.29107e+00 sec 
============================================================


============================================================
                Applying Helmholtz operators
------------------------------------------------------------
 Orb    RealNorm   Nodes     ImagNorm   Nodes     Timing
------------------------------------------------------------
  0    1.00000e+00   872    0.00000e+00     0   7.10044e+01
  4    1.00000e+00   936    0.00000e+00     0   8.80669e+01
------------------------------------------------------------
                 Wall time: 1.59072e+02 sec 
============================================================


============================================================
                 Lowdin orthonormalization
------------------------------------------------------------
 Computing Lowdin matrix                        6.43692e+01
 Rotating orbitals                              1.72187e+00
------------------------------------------------------------
                 Wall time: 6.60912e+01 sec 
============================================================


============================================================
               Iterative subspace accelerator
------------------------------------------------------------
 Push back orbitals                             3.06167e-01
 Setup linear system                            9.32080e-01
 Solve linear system                            1.27740e-05
 Expand solution                                1.26737e+00
------------------------------------------------------------
                 Wall time: 2.50577e+00 sec 
============================================================


============================================================
                 Lowdin orthonormalization
------------------------------------------------------------
 Computing Lowdin matrix                        7.25621e-01
 Rotating orbitals                              1.36162e+00
------------------------------------------------------------
                 Wall time: 2.08733e+00 sec 
============================================================


============================================================
                  Setting up Fock operator
------------------------------------------------------------
 Precision                                      1.00000e-07
------------------------------------------------------------
 Coulomb density                      1384      1.83380e+00
 Coulomb potential                     552      4.96915e+01
 Allreduce potential                   680      4.68142e+00
 XC total density                     2088      3.07201e+00
 XC evaluate xcfun                    4176      1.00867e+01
 XC energy                            2088      1.94434e-04
 XC potential                         2088      9.25448e-02
------------------------------------------------------------
                 Wall time: 6.94814e+01 sec 
============================================================


============================================================
                  Calculating Fock matrix
------------------------------------------------------------
 Kinetic part                         7.023892613000000e+00
 Potential part                       2.074666406800000e+01
------------------------------------------------------------
                 Wall time: 2.77707e+01 sec 
============================================================


============================================================
                          Orbitals
------------------------------------------------------------
 Orb    F(i,i)        Error         nNodes  Spin  Occ  Done 
------------------------------------------------------------
  0  -9.75757e+00   2.55567e-06        872    p    2    0
  1  -6.45505e+00   7.47176e-06          0    p    2    0
  2  -6.09588e-01   1.41866e-05          0    p    2    0
  3  -4.26054e-01   5.69947e-05          0    p    2    0
  4  -3.79006e-01   9.88670e-06        936    p    2    0
  5  -3.53760e-01   1.84105e-05          0    p    2    0
  6  -2.13900e-01   7.15961e-05          0    p    2    0
------------------------------------------------------------
 Total error:                            9.52612e-05    0
============================================================


============================================================
                    Energy                 Update      Done 
------------------------------------------------------------
 Orbital      -3.638982120735042e+01     1.45486e-05    1
 Kinetic       6.351932770181068e+01     2.10218e-05    1
 N-E          -1.963197577143631e+02    -3.35400e-05    1
 Coulomb       5.464878713297857e+01     1.52321e-05    1
 Exchange      0.000000000000000e+00     0.00000e+00    1
 X-C          -9.797887875216515e+00    -1.82933e-06    1
------------------------------------------------------------
 Electronic   -8.794956040096409e+01    -7.51734e-08    1
 Nuclear       2.391518198505604e+01     0.00000e+00    1
------------------------------------------------------------
 Total        -6.403437841590805e+01    -7.51734e-08    1
============================================================


################ Wall time: 3.50169e+02 sec ################




####################### SCF cycle  5 #######################


============================================================
 Current precision                              1.00000e-07
------------------------------------------------------------
 Orbital threshold                              1.00000e-06
 Property threshold                            -1.00000e+00
============================================================


============================================================
                   Calculating SCF energy
------------------------------------------------------------
 Nuclear energy                       2.391518198505604e+01
 Electronic energy                   -8.794956042464091e+01
------------------------------------------------------------
 Total energy                        -6.403437843958487e+01
------------------------------------------------------------
                 Wall time: 2.10101e+01 sec 
============================================================


============================================================
                Rotating Helmholtz argument
------------------------------------------------------------
 Rotating orbitals                              2.22313e+00
------------------------------------------------------------
                 Wall time: 2.22322e+00 sec 
============================================================


============================================================
                Applying Helmholtz operators
------------------------------------------------------------
 Orb    RealNorm   Nodes     ImagNorm   Nodes     Timing
------------------------------------------------------------
  0    1.00000e+00   872    0.00000e+00     0   7.47642e+01
  4    1.00000e+00   936    0.00000e+00     0   8.90177e+01
------------------------------------------------------------
                 Wall time: 1.63786e+02 sec 
============================================================


============================================================
                 Lowdin orthonormalization
------------------------------------------------------------
 Computing Lowdin matrix                        5.94411e+01
 Rotating orbitals                              1.73408e+00
------------------------------------------------------------
                 Wall time: 6.11753e+01 sec 
============================================================


============================================================
               Iterative subspace accelerator
------------------------------------------------------------
 Push back orbitals                             3.27108e-01
 Setup linear system                            1.88765e+00
 Solve linear system                            9.42800e-06
 Expand solution                                1.90600e+00
------------------------------------------------------------
                 Wall time: 4.12091e+00 sec 
============================================================


============================================================
                 Lowdin orthonormalization
------------------------------------------------------------
 Computing Lowdin matrix                        7.46018e-01
 Rotating orbitals                              1.40055e+00
------------------------------------------------------------
                 Wall time: 2.14666e+00 sec 
============================================================


============================================================
                  Setting up Fock operator
------------------------------------------------------------
 Precision                                      1.00000e-07
------------------------------------------------------------
 Coulomb density                      1384      1.95929e+00
 Coulomb potential                     552      4.97853e+01
 Allreduce potential                   680      5.45576e+00
 XC total density                     2088      3.12959e+00
 XC evaluate xcfun                    4176      9.99689e+00
 XC energy                            2088      1.88292e-04
 XC potential                         2088      9.27416e-02
------------------------------------------------------------
                 Wall time: 7.04422e+01 sec 
============================================================


============================================================
                  Calculating Fock matrix
------------------------------------------------------------
 Kinetic part                         6.892180986000000e+00
 Potential part                       2.081871658500000e+01
------------------------------------------------------------
                 Wall time: 2.77110e+01 sec 
============================================================


============================================================
                          Orbitals
------------------------------------------------------------
 Orb    F(i,i)        Error         nNodes  Spin  Occ  Done 
------------------------------------------------------------
  0  -9.75756e+00   1.20684e-06        872    p    2    0
  1  -6.45504e+00   4.17170e-06          0    p    2    0
  2  -6.09585e-01   7.47367e-06          0    p    2    0
  3  -4.26053e-01   3.71757e-05          0    p    2    0
  4  -3.79004e-01   2.27466e-06        936    p    2    0
  5  -3.53758e-01   6.31738e-06          0    p    2    0
  6  -2.13897e-01   3.14832e-05          0    p    2    0
------------------------------------------------------------
 Total error:                            4.99302e-05    0
============================================================


============================================================
                    Energy                 Update      Done 
------------------------------------------------------------
 Orbital      -3.638984994127576e+01    -2.87339e-05    1
 Kinetic       6.351931088070958e+01    -1.68211e-05    1
 N-E          -1.963197147557750e+02     4.29586e-05    1
 Coulomb       5.464875720623539e+01    -2.99267e-05    1
 Exchange      0.000000000000000e+00     0.00000e+00    1
 X-C          -9.797884020660964e+00     3.85456e-06    1
------------------------------------------------------------
 Electronic   -8.794956042464091e+01    -2.36768e-08    1
 Nuclear       2.391518198505604e+01     0.00000e+00    1
------------------------------------------------------------
 Total        -6.403437843958487e+01    -2.36768e-08    1
============================================================


################ Wall time: 3.53030e+02 sec ################




####################### SCF cycle  6 #######################


============================================================
 Current precision                              1.00000e-07
------------------------------------------------------------
 Orbital threshold                              1.00000e-06
 Property threshold                            -1.00000e+00
============================================================


============================================================
                   Calculating SCF energy
------------------------------------------------------------
 Nuclear energy                       2.391518198505604e+01
 Electronic energy                   -8.794956042988086e+01
------------------------------------------------------------
 Total energy                        -6.403437844482482e+01
------------------------------------------------------------
                 Wall time: 2.17456e+01 sec 
============================================================


============================================================
                Rotating Helmholtz argument
------------------------------------------------------------
 Rotating orbitals                              2.27600e+00
------------------------------------------------------------
                 Wall time: 2.27609e+00 sec 
============================================================


============================================================
                Applying Helmholtz operators
------------------------------------------------------------
 Orb    RealNorm   Nodes     ImagNorm   Nodes     Timing
------------------------------------------------------------
  0    1.00000e+00   872    0.00000e+00     0   7.41028e+01
  4    1.00000e+00   936    0.00000e+00     0   9.26498e+01
------------------------------------------------------------
                 Wall time: 1.66758e+02 sec 
============================================================


============================================================
                 Lowdin orthonormalization
------------------------------------------------------------
 Computing Lowdin matrix                        6.48530e+01
 Rotating orbitals                              1.93326e+00
------------------------------------------------------------
                 Wall time: 6.67864e+01 sec 
============================================================


============================================================
               Iterative subspace accelerator
------------------------------------------------------------
 Push back orbitals                             2.55711e-01
 Setup linear system                            1.87176e+00
 Solve linear system                            9.08800e-06
 Expand solution                                2.06056e+00
------------------------------------------------------------
                 Wall time: 4.18817e+00 sec 
============================================================


============================================================
                 Lowdin orthonormalization
------------------------------------------------------------
 Computing Lowdin matrix                        8.47154e-01
 Rotating orbitals                              1.44355e+00
------------------------------------------------------------
                 Wall time: 2.29078e+00 sec 
============================================================


============================================================
                  Setting up Fock operator
------------------------------------------------------------
 Precision                                      1.00000e-07
------------------------------------------------------------
 Coulomb density                      1384      1.83425e+00
 Coulomb potential                     552      4.99887e+01
 Allreduce potential                   680      4.81394e+00
 XC total density                     2088      3.16239e+00
 XC evaluate xcfun                    4176      9.81238e+00
 XC energy                            2088      1.85757e-04
 XC potential                         2088      9.03195e-02
------------------------------------------------------------
                 Wall time: 6.97262e+01 sec 
============================================================


============================================================
                  Calculating Fock matrix
------------------------------------------------------------
 Kinetic part                         6.809744481000000e+00
 Potential part                       2.067636820000000e+01
------------------------------------------------------------
                 Wall time: 2.74863e+01 sec 
============================================================


============================================================
                          Orbitals
------------------------------------------------------------
 Orb    F(i,i)        Error         nNodes  Spin  Occ  Done 
------------------------------------------------------------
  0  -9.75757e+00   1.08805e-07        872    p    2    1
  1  -6.45505e+00   4.73821e-07          0    p    2    1
  2  -6.09588e-01   2.40952e-06          0    p    2    0
  3  -4.26054e-01   1.05079e-05          0    p    2    0
  4  -3.79006e-01   1.52729e-06        936    p    2    0
  5  -3.53760e-01   1.66765e-06          0    p    2    0
  6  -2.13899e-01   5.51699e-06          0    p    2    0
------------------------------------------------------------
 Total error:                            1.23292e-05    0
============================================================


============================================================
                    Energy                 Update      Done 
------------------------------------------------------------
 Orbital      -3.638980960716932e+01     4.03341e-05    1
 Kinetic       6.351933298910893e+01     2.21084e-05    1
 N-E          -1.963197739134698e+02    -5.91577e-05    1
 Coulomb       5.464879904455827e+01     4.18383e-05    1
 Exchange      0.000000000000000e+00     0.00000e+00    1
 X-C          -9.797888755134002e+00    -4.73447e-06    1
------------------------------------------------------------
 Electronic   -8.794956042988086e+01    -5.23995e-09    1
 Nuclear       2.391518198505604e+01     0.00000e+00    1
------------------------------------------------------------
 Total        -6.403437844482482e+01    -5.23995e-09    1
============================================================


################ Wall time: 3.61714e+02 sec ################




####################### SCF cycle  7 #######################


============================================================
 Current precision                              1.00000e-07
------------------------------------------------------------
 Orbital threshold                              1.00000e-06
 Property threshold                            -1.00000e+00
============================================================


============================================================
                   Calculating SCF energy
------------------------------------------------------------
 Nuclear energy                       2.391518198505604e+01
 Electronic energy                   -8.794956043038178e+01
------------------------------------------------------------
 Total energy                        -6.403437844532574e+01
------------------------------------------------------------
                 Wall time: 2.15605e+01 sec 
============================================================


============================================================
                Rotating Helmholtz argument
------------------------------------------------------------
 Rotating orbitals                              2.27952e+00
------------------------------------------------------------
                 Wall time: 2.27961e+00 sec 
============================================================


============================================================
                Applying Helmholtz operators
------------------------------------------------------------
 Orb    RealNorm   Nodes     ImagNorm   Nodes     Timing
------------------------------------------------------------
  0    1.00000e+00   872    0.00000e+00     0   7.51952e+01
  4    1.00000e+00   936    0.00000e+00     0   9.42933e+01
------------------------------------------------------------
                 Wall time: 1.69496e+02 sec 
============================================================


============================================================
                 Lowdin orthonormalization
------------------------------------------------------------
 Computing Lowdin matrix                        6.79942e+01
 Rotating orbitals                              1.91862e+00
------------------------------------------------------------
                 Wall time: 6.99129e+01 sec 
============================================================


============================================================
               Iterative subspace accelerator
------------------------------------------------------------
 Push back orbitals                             1.96271e-01
 Setup linear system                            1.92893e+00
 Solve linear system                            9.34400e-06
 Expand solution                                1.99789e+00
------------------------------------------------------------
                 Wall time: 4.12323e+00 sec 
============================================================


============================================================
                 Lowdin orthonormalization
------------------------------------------------------------
 Computing Lowdin matrix                        7.68103e-01
 Rotating orbitals                              1.45966e+00
------------------------------------------------------------
                 Wall time: 2.22785e+00 sec 
============================================================


============================================================
                  Setting up Fock operator
------------------------------------------------------------
 Precision                                      1.00000e-07
------------------------------------------------------------
 Coulomb density                      1384      1.95283e+00
 Coulomb potential                     552      5.16555e+01
 Allreduce potential                   680      3.92230e+00
 XC total density                     2088      3.26573e+00
 XC evaluate xcfun                    4176      9.74582e+00
 XC energy                            2088      1.91484e-04
 XC potential                         2088      1.01675e-01
------------------------------------------------------------
                 Wall time: 7.06684e+01 sec 
============================================================


============================================================
                  Calculating Fock matrix
------------------------------------------------------------
 Kinetic part                         7.214776495000000e+00
 Potential part                       2.151247296500000e+01
------------------------------------------------------------
                 Wall time: 2.87274e+01 sec 
============================================================


============================================================
                          Orbitals
------------------------------------------------------------
 Orb    F(i,i)        Error         nNodes  Spin  Occ  Done 
------------------------------------------------------------
  0  -9.75757e+00   1.17861e-07        872    p    2    1
  1  -6.45505e+00   2.00542e-07          0    p    2    1
  2  -6.09586e-01   1.12791e-06          0    p    2    0
  3  -4.26054e-01   4.81060e-06          0    p    2    0
  4  -3.79005e-01   7.56221e-07        936    p    2    1
  5  -3.53759e-01   8.49605e-07          0    p    2    1
  6  -2.13898e-01   2.93311e-06          0    p    2    0
------------------------------------------------------------
 Total error:                            5.86217e-06    0
============================================================


============================================================
                    Energy                 Update      Done 
------------------------------------------------------------
 Orbital      -3.638984197604999e+01    -3.23689e-05    1
 Kinetic       6.351931418294395e+01    -1.88062e-05    1
 N-E          -1.963197253830031e+02     4.85305e-05    1
 Coulomb       5.464876544732636e+01    -3.35972e-05    1
 Exchange      0.000000000000000e+00     0.00000e+00    1
 X-C          -9.797884877891498e+00     3.87724e-06    1
------------------------------------------------------------
 Electronic   -8.794956043038178e+01    -5.00918e-10    1
 Nuclear       2.391518198505604e+01     0.00000e+00    1
------------------------------------------------------------
 Total        -6.403437844532574e+01    -5.00918e-10    1
============================================================


################ Wall time: 3.69396e+02 sec ################




####################### SCF cycle  8 #######################


============================================================
 Current precision                              1.00000e-07
------------------------------------------------------------
 Orbital threshold                              1.00000e-06
 Property threshold                            -1.00000e+00
============================================================


============================================================
                   Calculating SCF energy
------------------------------------------------------------
 Nuclear energy                       2.391518198505604e+01
 Electronic energy                   -8.794956043050531e+01
------------------------------------------------------------
 Total energy                        -6.403437844544928e+01
------------------------------------------------------------
                 Wall time: 2.28035e+01 sec 
============================================================


============================================================
                Rotating Helmholtz argument
------------------------------------------------------------
 Rotating orbitals                              2.36467e+00
------------------------------------------------------------
                 Wall time: 2.36476e+00 sec 
============================================================


============================================================
                Applying Helmholtz operators
------------------------------------------------------------
 Orb    RealNorm   Nodes     ImagNorm   Nodes     Timing
------------------------------------------------------------
  0    1.00000e+00   872    0.00000e+00     0   8.04096e+01
  4    1.00000e+00   936    0.00000e+00     0   9.63300e+01
------------------------------------------------------------
                 Wall time: 1.76740e+02 sec 
============================================================


============================================================
                 Lowdin orthonormalization
------------------------------------------------------------
 Computing Lowdin matrix                        5.62509e+01
 Rotating orbitals                              1.84472e+00
------------------------------------------------------------
                 Wall time: 5.80957e+01 sec 
============================================================


============================================================
               Iterative subspace accelerator
------------------------------------------------------------
 Push back orbitals                             3.53014e-01
 Setup linear system                            1.95512e+00
 Solve linear system                            9.13800e-06
 Expand solution                                1.82757e+00
------------------------------------------------------------
                 Wall time: 4.13584e+00 sec 
============================================================


============================================================
                 Lowdin orthonormalization
------------------------------------------------------------
 Computing Lowdin matrix                        7.12477e-01
 Rotating orbitals                              1.36239e+00
------------------------------------------------------------
                 Wall time: 2.07495e+00 sec 
============================================================


============================================================
                  Setting up Fock operator
------------------------------------------------------------
 Precision                                      1.00000e-07
------------------------------------------------------------
 Coulomb density                      1384      1.95489e+00
 Coulomb potential                     552      5.19209e+01
 Allreduce potential                   680      5.61460e+00
 XC total density                     2088      3.13050e+00
 XC evaluate xcfun                    4176      1.00820e+01
 XC energy                            2088      1.86562e-04
 XC potential                         2088      1.01709e-01
------------------------------------------------------------
                 Wall time: 7.28292e+01 sec 
============================================================


============================================================
                  Calculating Fock matrix
------------------------------------------------------------
 Kinetic part                         6.994001630000000e+00
 Potential part                       2.147361076700000e+01
------------------------------------------------------------
                 Wall time: 2.84678e+01 sec 
============================================================


============================================================
                          Orbitals
------------------------------------------------------------
 Orb    F(i,i)        Error         nNodes  Spin  Occ  Done 
------------------------------------------------------------
  0  -9.75757e+00   1.50185e-07        872    p    2    1
  1  -6.45505e+00   4.32144e-07          0    p    2    1
  2  -6.09587e-01   6.97393e-07          0    p    2    1
  3  -4.26054e-01   3.49153e-06          0    p    2    0
  4  -3.79005e-01   4.07166e-07        936    p    2    1
  5  -3.53759e-01   7.35284e-07          0    p    2    1
  6  -2.13899e-01   3.49180e-06          0    p    2    0
------------------------------------------------------------
 Total error:                            5.07795e-06    0
============================================================


============================================================
                    Energy                 Update      Done 
------------------------------------------------------------
 Orbital      -3.638982528661862e+01     1.66894e-05    1
 Kinetic       6.351932391539995e+01     9.73246e-06    1
 N-E          -1.963197504069602e+02    -2.50240e-05    1
 Coulomb       5.464878278429549e+01     1.73370e-05    1
 Exchange      0.000000000000000e+00     0.00000e+00    1
 X-C          -9.797886921815079e+00    -2.04392e-06    1
------------------------------------------------------------
 Electronic   -8.794956043050531e+01    -1.23535e-10    1
 Nuclear       2.391518198505604e+01     0.00000e+00    1
------------------------------------------------------------
 Total        -6.403437844544928e+01    -1.23535e-10    1
============================================================


################ Wall time: 3.67904e+02 sec ################




####################### SCF cycle  9 #######################


============================================================
 Current precision                              1.00000e-07
------------------------------------------------------------
 Orbital threshold                              1.00000e-06
 Property threshold                            -1.00000e+00
============================================================


============================================================
                   Calculating SCF energy
------------------------------------------------------------
 Nuclear energy                       2.391518198505604e+01
 Electronic energy                   -8.794956043055143e+01
------------------------------------------------------------
 Total energy                        -6.403437844549539e+01
------------------------------------------------------------
                 Wall time: 2.19213e+01 sec 
============================================================


============================================================
                Rotating Helmholtz argument
------------------------------------------------------------
 Rotating orbitals                              2.23416e+00
------------------------------------------------------------
                 Wall time: 2.23425e+00 sec 
============================================================


============================================================
                Applying Helmholtz operators
------------------------------------------------------------
 Orb    RealNorm   Nodes     ImagNorm   Nodes     Timing
------------------------------------------------------------
  0    1.00000e+00   872    0.00000e+00     0   7.97214e+01
  4    1.00000e+00   936    0.00000e+00     0   9.65680e+01
------------------------------------------------------------
                 Wall time: 1.76296e+02 sec 
============================================================


============================================================
                 Lowdin orthonormalization
------------------------------------------------------------
 Computing Lowdin matrix                        6.58097e+01
 Rotating orbitals                              1.64548e+00
------------------------------------------------------------
                 Wall time: 6.74552e+01 sec 
============================================================


============================================================
               Iterative subspace accelerator
------------------------------------------------------------
 Push back orbitals                             3.87264e-01
 Setup linear system                            1.94439e+00
 Solve linear system                            9.74000e-06
 Expand solution                                1.94081e+00
------------------------------------------------------------
                 Wall time: 4.27262e+00 sec 
============================================================


============================================================
                 Lowdin orthonormalization
------------------------------------------------------------
 Computing Lowdin matrix                        6.95912e-01
 Rotating orbitals                              1.43185e+00
------------------------------------------------------------
                 Wall time: 2.12785e+00 sec 
============================================================


============================================================
                  Setting up Fock operator
------------------------------------------------------------
 Precision                                      1.00000e-07
------------------------------------------------------------
 Coulomb density                      1384      1.78827e+00
 Coulomb potential                     552      5.02057e+01
 Allreduce potential                   680      6.73997e+00
 XC total density                     2088      3.04117e+00
 XC evaluate xcfun                    4176      1.00022e+01
 XC energy                            2088      1.91667e-04
 XC potential                         2088      1.01271e-01
------------------------------------------------------------
                 Wall time: 7.19036e+01 sec 
============================================================


============================================================
                  Calculating Fock matrix
------------------------------------------------------------
 Kinetic part                         6.727099153000000e+00
 Potential part                       2.048375739200000e+01
------------------------------------------------------------
                 Wall time: 2.72110e+01 sec 
============================================================


============================================================
                          Orbitals
------------------------------------------------------------
 Orb    F(i,i)        Error         nNodes  Spin  Occ  Done 
------------------------------------------------------------
  0  -9.75757e+00   4.37498e-08        872    p    2    1
  1  -6.45505e+00   2.08335e-07          0    p    2    1
  2  -6.09587e-01   1.39695e-07          0    p    2    1
  3  -4.26054e-01   9.90893e-07          0    p    2    1
  4  -3.79005e-01   1.97093e-07        936    p    2    1
  5  -3.53759e-01   3.05780e-07          0    p    2    1
  6  -2.13899e-01   1.42703e-06          0    p    2    0
------------------------------------------------------------
 Total error:                            1.79317e-06    0
============================================================


============================================================
                    Energy                 Update      Done 
------------------------------------------------------------
 Orbital      -3.638983194197068e+01    -6.65535e-06    1
 Kinetic       6.351932017524572e+01    -3.74015e-06    1
 N-E          -1.963197405444103e+02     9.86255e-06    1
 Coulomb       5.464877588161580e+01    -6.90268e-06    1
 Exchange      0.000000000000000e+00     0.00000e+00    1
 X-C          -9.797886141152382e+00     7.80663e-07    1
------------------------------------------------------------
 Electronic   -8.794956043055143e+01    -4.61142e-11    1
 Nuclear       2.391518198505604e+01     0.00000e+00    1
------------------------------------------------------------
 Total        -6.403437844549539e+01    -4.61142e-11    1
============================================================


################ Wall time: 3.73835e+02 sec ################




####################### SCF cycle 10 #######################


============================================================
 Current precision                              1.00000e-07
------------------------------------------------------------
 Orbital threshold                              1.00000e-06
 Property threshold                            -1.00000e+00
============================================================


============================================================
                   Calculating SCF energy
------------------------------------------------------------
 Nuclear energy                       2.391518198505604e+01
 Electronic energy                   -8.794956043055726e+01
------------------------------------------------------------
 Total energy                        -6.403437844550122e+01
------------------------------------------------------------
                 Wall time: 2.09349e+01 sec 
============================================================


============================================================
                Rotating Helmholtz argument
------------------------------------------------------------
 Rotating orbitals                              2.30013e+00
------------------------------------------------------------
                 Wall time: 2.30023e+00 sec 
============================================================


============================================================
                Applying Helmholtz operators
------------------------------------------------------------
 Orb    RealNorm   Nodes     ImagNorm   Nodes     Timing
------------------------------------------------------------
  0    1.00000e+00   872    0.00000e+00     0   7.72357e+01
  4    1.00000e+00   936    0.00000e+00     0   9.72596e+01
------------------------------------------------------------
                 Wall time: 1.74503e+02 sec 
============================================================


============================================================
                 Lowdin orthonormalization
------------------------------------------------------------
 Computing Lowdin matrix                        7.22707e+01
 Rotating orbitals                              1.62606e+00
------------------------------------------------------------
                 Wall time: 7.38969e+01 sec 
============================================================


============================================================
               Iterative subspace accelerator
------------------------------------------------------------
 Push back orbitals                             4.25478e-01
 Setup linear system                            1.84434e+00
 Solve linear system                            1.19000e-05
 Expand solution                                1.85936e+00
------------------------------------------------------------
                 Wall time: 4.12934e+00 sec 
============================================================


============================================================
                 Lowdin orthonormalization
------------------------------------------------------------
 Computing Lowdin matrix                        7.05093e-01
 Rotating orbitals                              1.16822e+00
------------------------------------------------------------
                 Wall time: 1.87340e+00 sec 
============================================================


============================================================
                  Setting up Fock operator
------------------------------------------------------------
 Precision                                      1.00000e-07
------------------------------------------------------------
 Coulomb density                      1384      1.91895e+00
 Coulomb potential                     552      5.29660e+01
 Allreduce potential                   680      3.62316e+00
 XC total density                     2088      2.98649e+00
 XC evaluate xcfun                    4176      1.00259e+01
 XC energy                            2088      1.70925e-04
 XC potential                         2088      9.26840e-02
------------------------------------------------------------
                 Wall time: 7.16370e+01 sec 
============================================================


============================================================
                  Calculating Fock matrix
------------------------------------------------------------
 Kinetic part                         6.945223190000000e+00
 Potential part                       2.207435692500000e+01
------------------------------------------------------------
                 Wall time: 2.90197e+01 sec 
============================================================


============================================================
                          Orbitals
------------------------------------------------------------
 Orb    F(i,i)        Error         nNodes  Spin  Occ  Done 
------------------------------------------------------------
  0  -9.75757e+00   1.46642e-08        872    p    2    1
  1  -6.45505e+00   4.23692e-08          0    p    2    1
  2  -6.09587e-01   1.22070e-07          0    p    2    1
  3  -4.26054e-01   2.78277e-07          0    p    2    1
  4  -3.79005e-01   6.35404e-08        936    p    2    1
  5  -3.53759e-01   1.27641e-07          0    p    2    1
  6  -2.13899e-01   4.05457e-07          0    p    2    1
------------------------------------------------------------
 Total error:                            5.28275e-07    1
============================================================


============================================================
                    Energy                 Update      Done 
------------------------------------------------------------
 Orbital      -3.638983041893447e+01     1.52304e-06    1
 Kinetic       6.351932107816130e+01     9.02916e-07    1
 N-E          -1.963197428443869e+02    -2.29998e-06    1
 Coulomb       5.464877746271609e+01     1.58110e-06    1
 Exchange      0.000000000000000e+00     0.00000e+00    1
 X-C          -9.797886324259332e+00    -1.83107e-07    1
------------------------------------------------------------
 Electronic   -8.794956043055726e+01    -5.82645e-12    1
 Nuclear       2.391518198505604e+01     0.00000e+00    1
------------------------------------------------------------
 Total        -6.403437844550122e+01    -5.82645e-12    1
============================================================


################ Wall time: 3.78670e+02 sec ################


============================================================
                      Convergence rate
------------------------------------------------------------
Iter    OrbError       Property                   Update  
------------------------------------------------------------
  1    3.76317e-03    -6.403436354539774e+01   -6.40344e+01
  2    6.09214e-04    -6.403437788698085e+01   -1.43416e-05
  3    2.40679e-04    -6.403437834073465e+01   -4.53754e-07
  4    9.52612e-05    -6.403437841590805e+01   -7.51734e-08
  5    4.99302e-05    -6.403437843958487e+01   -2.36768e-08
  6    1.23292e-05    -6.403437844482482e+01   -5.23995e-09
  7    5.86217e-06    -6.403437844532574e+01   -5.00918e-10
  8    5.07795e-06    -6.403437844544928e+01   -1.23535e-10
  9    1.79317e-06    -6.403437844549539e+01   -4.61142e-11
 10    5.28275e-07    -6.403437844550122e+01   -5.82645e-12
------------------------------------------------------------
                      SCF converged!!!                      
============================================================


============================================================
                  Digonalizing Fock matrix
------------------------------------------------------------
 Computing Lowdin matrix                        4.02540e-01
 Diagonalizing matrix                           1.27610e-05
 Rotating orbitals                              2.23212e+00
------------------------------------------------------------
                 Wall time: 2.63477e+00 sec 
============================================================


============================================================
                  Setting up Fock operator
------------------------------------------------------------
 Precision                                      1.00000e-07
------------------------------------------------------------
 Coulomb density                      1416      1.84983e+00
 Coulomb potential                     552      4.59465e+01
 Allreduce potential                   680      2.71114e+00
 XC total density                     2184      3.13438e+00
 XC evaluate xcfun                    4368      1.01785e+01
 XC energy                            2184      1.63460e-04
 XC potential                         2184      9.40395e-02
------------------------------------------------------------
                 Wall time: 6.39381e+01 sec 
============================================================


============================================================
                   Calculating SCF energy
------------------------------------------------------------
------------------------------------------------------------
                 Wall time: 2.19950e+01 sec 
============================================================


============================================================
                 Calculating dipole moment
------------------------------------------------------------
------------------------------------------------------------
                 Wall time: 1.06344e+01 sec 
============================================================


============================================================
                        Fock matrix
------------------------------------------------------------
-9.75757e+00  0.00000e+00  0.00000e+00  0.00000e+00  0.00000e+00  0.00000e+00  0.00000e+00
 0.00000e+00 -6.45505e+00  0.00000e+00  0.00000e+00  0.00000e+00  0.00000e+00  0.00000e+00
 0.00000e+00  0.00000e+00 -6.09587e-01  0.00000e+00  0.00000e+00  0.00000e+00  0.00000e+00
 0.00000e+00  0.00000e+00  0.00000e+00 -4.26054e-01  0.00000e+00  0.00000e+00  0.00000e+00
 0.00000e+00  0.00000e+00  0.00000e+00  0.00000e+00 -3.79005e-01  0.00000e+00  0.00000e+00
 0.00000e+00  0.00000e+00  0.00000e+00  0.00000e+00  0.00000e+00 -3.53759e-01  0.00000e+00
 0.00000e+00  0.00000e+00  0.00000e+00  0.00000e+00  0.00000e+00  0.00000e+00 -2.13899e-01
============================================================


============================================================
                      Orbital energies
------------------------------------------------------------
    n  spin  occ                            epsilon  
------------------------------------------------------------
    0    p    2                      -9.757566218594713e+00
    1    p    2                      -6.455045533331091e+00
    2    p    2                      -6.095867699100522e-01
    3    p    2                      -4.260539397288153e-01
    4    p    2                      -3.790050784808394e-01
    5    p    2                      -3.537592541827257e-01
    6    p    2                      -2.138986219382661e-01
============================================================


============================================================
                          Molecule
------------------------------------------------------------
 Nr  Element             x             y             z      
------------------------------------------------------------
  1     C           0.00000e+00   0.00000e+00   1.12250e+00
  2     B           0.00000e+00   0.00000e+00  -1.49024e+00
  3     H           0.00000e+00   1.73345e+00   2.20852e+00
  4     H           0.00000e+00  -1.73345e+00   2.20852e+00
  5     H           0.00000e+00   0.00000e+00  -3.70122e+00
------------------------------------------------------------
 Center of mass:    0.00000e+00   0.00000e+00  -7.37889e-02
============================================================


                                                            
============================================================
                         SCF Energy                         
------------------------------------------------------------
                                                            
 Sum orbital energy:                 -3.638983083233302e+01
 Kinetic energy:                      6.351932083044738e+01
 E-N energy:                         -1.963197422202406e+02
 Coulomb energy:                      5.464877703190135e+01
 Exchange energy:                     0.000000000000000e+00
 X-C energy:                         -9.797886269172865e+00
 El. external field energy:          -2.980349330370063e-05
 Nuc. external field energy:         -9.237961424690259e-15
                                                            
------------------------------------------------------------
                                                            
 Electronic energy:                  -8.794956043055802e+01
 Nuclear energy:                      2.391518198505604e+01
                                                            
------------------------------------------------------------
                                                            
 Total energy       (au)             -6.403437844550199e+01
                    (kJ/mol)         -1.681222362756017e+05
                    (kcal/mol)       -4.018217881608199e+04
                    (eV)             -1.742464128317975e+03
                                                            
============================================================
                                                            

                                                            
============================================================
                         Dipole moment                      
------------------------------------------------------------
                                                            
 Length of vector:   (au)                  1.9409709337e-01
                     (Debye)               4.9334555552e-01
                                                            
-------------------------- Total ---------------------------
                                                            
 [-2.9803493313e-02, -7.7337707151e-12, -1.9179529045e-01] 
                                                            
------------------------- Nuclear --------------------------
                                                            
 [-9.2379614247e-12, -7.7895804566e-12,  1.0326673432e+00] 
                                                            
------------------------ Electronic ------------------------
                                                            
 [-2.9803493304e-02,  5.5809741522e-14, -1.2244626336e+00] 
                                                            
============================================================
                                                            



************************************************************
***                                                      ***
***                    Exiting MRChem                    ***
***                                                      ***
***               Wall time: 3.770089e+03                ***
***                                                      ***
************************************************************


