


************************************************************
***     __  __ ____   ____ _                             ***
***    |  \/  |  _ \ / ___| |__   ___ _ __ ___           ***
***    | |\/| | |_) | |   | '_ \ / _ \ '_ ` _ \          ***
***    | |  | |  _ <| |___| | | |  __/ | | | | |         ***
***    |_|  |_|_| \_\\____|_| |_|\___|_| |_| |_|         ***
***                                                      ***
***    VERSION 0.0.1 (rev. 1c6f79f)                     ***
***                                                      ***
***    Stig Rune Jensen <stig.r.jensen@uit.no>           ***
***    Luca Frediani    <luca.frediani@uit.no>           ***
***    Peter Wind       <peter.wind@uit.no>              ***
***                                                      ***
************************************************************


+++ Parallel execution: 
  MPI hosts available     : 4
  Threads/host            : 2
  Total used CPUs         : 8


------------------------------------------------------------

 MRCPP version   : X.Y.Z
 Git revision    : bbc2aed

 Linear algebra  : EIGEN
 Parallelization : MPI/OpenMP

------------------------------------------------------------




============================================================
                  MultiResolution Analysis                  
------------------------------------------------------------
 polynomial order = 11
 polynomial type  = Interpolating
------------------------------------------------------------
 total boxes      = 8
 boxes            = [           2           2           2 ]
 unit lengths     = [    32.00000    32.00000    32.00000 ]
 scaling factor   = [     1.00000     1.00000     1.00000 ]
 lower bounds     = [   -32.00000   -32.00000   -32.00000 ]
 upper bounds     = [    32.00000    32.00000    32.00000 ]
 total length     = [    64.00000    64.00000    64.00000 ]
============================================================


============================================================
                          Molecule
------------------------------------------------------------
 Nr  Element             x             y             z      
------------------------------------------------------------
  1     C           1.11116e-01   0.00000e+00   1.11021e+00
  2     N           1.11116e-01   0.00000e+00  -1.29541e+00
  3     H          -1.62913e+00   0.00000e+00   2.25747e+00
  4     H           1.88538e+00   0.00000e+00   2.12235e+00
  5     H          -1.69981e+00   0.00000e+00  -1.97250e+00
------------------------------------------------------------
 Center of mass:    4.94450e-02   0.00000e+00  -8.20622e-02
============================================================


============================================================
                Setting up nuclear potential
------------------------------------------------------------
 Nr  Element         Charge        Precision     Smoothing 
------------------------------------------------------------
  1     C           6.00000e+00   1.00000e-07   3.82453e-05
  2     N           7.00000e+00   1.00000e-07   2.95801e-05
  3     H           1.00000e+00   1.00000e-07   7.57698e-04
  4     H           1.00000e+00   1.00000e-07   7.57698e-04
  5     H           1.00000e+00   1.00000e-07   7.57698e-04
------------------------------------------------------------
 Nuclear potential                    1960      2.49391e+00
 Allreduce potential                  3880      1.45136e+00
------------------------------------------------------------
                 Wall time: 3.94538e+00 sec 
============================================================


============================================================
 OrbitalVector:   8 orbitals     8 occupied    16 electrons
------------------------------------------------------------
   n  RankID           Norm          Spin Occ      Error    
------------------------------------------------------------
   0     0       1.000000000000e+00    p   2    1.00000e+00
   1     1      -1.000000000000e+00    p   2    1.00000e+00
   2     2      -1.000000000000e+00    p   2    1.00000e+00
   3     3      -1.000000000000e+00    p   2    1.00000e+00
   4     0       1.000000000000e+00    p   2    1.00000e+00
   5     1      -1.000000000000e+00    p   2    1.00000e+00
   6     2      -1.000000000000e+00    p   2    1.00000e+00
   7     3      -1.000000000000e+00    p   2    1.00000e+00
============================================================


============================================================
                  Setting up Fock operator
------------------------------------------------------------
 Precision                                      1.00000e-07
------------------------------------------------------------
 Coulomb density                      1624      2.40602e+00
 Coulomb potential                     584      4.94202e+01
 Allreduce potential                   696      3.49747e+00
 XC total density                     2088      3.95959e+00
 XC evaluate xcfun                   10440      3.09798e+01
 XC energy                            2088      1.76054e-04
 XC potential                         2088      1.00586e+00
------------------------------------------------------------
                 Wall time: 9.20003e+01 sec 
============================================================


============================================================
                  Calculating Fock matrix
------------------------------------------------------------
 Kinetic part                         1.050007337200000e+01
 Potential part                       3.798979822500000e+01
------------------------------------------------------------
                 Wall time: 4.84900e+01 sec 
============================================================




####################### SCF cycle  1 #######################


============================================================
 Current precision                              1.00000e-07
------------------------------------------------------------
 Orbital threshold                              1.00000e-06
 Property threshold                            -1.00000e+00
============================================================


============================================================
                  Digonalizing Fock matrix
------------------------------------------------------------
 Computing Lowdin matrix                        6.70623e-01
 Diagonalizing matrix                           1.66910e-05
 Rotating orbitals                              2.35792e+00
------------------------------------------------------------
                 Wall time: 3.02865e+00 sec 
============================================================


============================================================
                   Calculating SCF energy
------------------------------------------------------------
 Nuclear energy                       3.286622882210277e+01
 Electronic energy                   -1.274209729000086e+02
------------------------------------------------------------
 Total energy                        -9.455474407790588e+01
------------------------------------------------------------
                 Wall time: 2.67612e+01 sec 
============================================================


============================================================
                Rotating Helmholtz argument
------------------------------------------------------------
 Rotating orbitals                              7.49198e-01
------------------------------------------------------------
                 Wall time: 7.49291e-01 sec 
============================================================


============================================================
                Applying Helmholtz operators
------------------------------------------------------------
 Orb    RealNorm   Nodes     ImagNorm   Nodes     Timing
------------------------------------------------------------
  0    1.00000e+00   712    0.00000e+00     0   5.56355e+01
  4    1.00014e+00  1240    0.00000e+00     0   1.14350e+02
------------------------------------------------------------
                 Wall time: 1.69986e+02 sec 
============================================================


============================================================
                 Lowdin orthonormalization
------------------------------------------------------------
 Computing Lowdin matrix                        8.37033e+01
 Rotating orbitals                              2.13850e+00
------------------------------------------------------------
                 Wall time: 8.58419e+01 sec 
============================================================


============================================================
               Iterative subspace accelerator
------------------------------------------------------------
 Push back orbitals                             1.34606e-02
 Copy orbitals                                  8.84660e-02
 Copy orbital updates                           8.48264e-02
------------------------------------------------------------
                 Wall time: 1.86878e-01 sec 
============================================================


============================================================
                 Lowdin orthonormalization
------------------------------------------------------------
 Computing Lowdin matrix                        5.27089e-01
 Rotating orbitals                              1.18571e+00
------------------------------------------------------------
                 Wall time: 1.71289e+00 sec 
============================================================


============================================================
                  Setting up Fock operator
------------------------------------------------------------
 Precision                                      1.00000e-07
------------------------------------------------------------
 Coulomb density                      1512      1.86532e+00
 Coulomb potential                     584      5.01256e+01
 Allreduce potential                   696      4.34093e+00
 XC total density                     1944      3.21358e+00
 XC evaluate xcfun                    9720      2.85734e+01
 XC energy                            1944      1.67496e-04
 XC potential                         1944      8.59691e-01
------------------------------------------------------------
                 Wall time: 8.96081e+01 sec 
============================================================


============================================================
                  Calculating Fock matrix
------------------------------------------------------------
 Kinetic part                         7.760453959000000e+00
 Potential part                       2.923359469000000e+01
------------------------------------------------------------
                 Wall time: 3.69942e+01 sec 
============================================================


============================================================
                          Orbitals
------------------------------------------------------------
 Orb    F(i,i)        Error         nNodes  Spin  Occ  Done 
------------------------------------------------------------
  0  -1.39868e+01   1.30522e-05        696    p    2    0
  1  -9.93358e+00   3.57998e-05          0    p    2    0
  2  -8.29908e-01   1.85896e-04          0    p    2    0
  3  -5.66096e-01   3.04409e-04          0    p    2    0
  4  -4.54038e-01   1.04448e-03       1240    p    2    0
  5  -3.86651e-01   1.11311e-03          0    p    2    0
  6  -3.06352e-01   1.06105e-03          0    p    2    0
  7  -2.32613e-01   1.69616e-03          0    p    2    0
------------------------------------------------------------
 Total error:                            2.54193e-03    0
============================================================


============================================================
                    Energy                 Update      Done 
------------------------------------------------------------
 Orbital      -5.339077239199538e+01    -5.33908e+01    1
 Kinetic       9.417791064386805e+01     9.41779e+01    1
 N-E          -2.861326157740740e+02    -2.86133e+02    1
 Coulomb       7.780906123488060e+01     7.78091e+01    1
 Exchange      0.000000000000000e+00     0.00000e+00    1
 X-C          -1.327505600934938e+01    -1.32751e+01    1
------------------------------------------------------------
 Electronic   -1.274209729000086e+02    -1.27421e+02    1
 Nuclear       3.286622882210277e+01     3.28662e+01    1
------------------------------------------------------------
 Total        -9.455474407790588e+01    -9.45547e+01    1
============================================================


################ Wall time: 4.15133e+02 sec ################




####################### SCF cycle  2 #######################


============================================================
 Current precision                              1.00000e-07
------------------------------------------------------------
 Orbital threshold                              1.00000e-06
 Property threshold                            -1.00000e+00
============================================================


============================================================
                  Digonalizing Fock matrix
------------------------------------------------------------
 Computing Lowdin matrix                        4.53000e-01
 Diagonalizing matrix                           1.45000e-05
 Rotating orbitals                              2.18729e+00
------------------------------------------------------------
                 Wall time: 2.64040e+00 sec 
============================================================


============================================================
                   Calculating SCF energy
------------------------------------------------------------
 Nuclear energy                       3.286622882210277e+01
 Electronic energy                   -1.274209835793953e+02
------------------------------------------------------------
 Total energy                        -9.455475475729253e+01
------------------------------------------------------------
                 Wall time: 2.75739e+01 sec 
============================================================


============================================================
                Rotating Helmholtz argument
------------------------------------------------------------
 Rotating orbitals                              7.58307e-01
------------------------------------------------------------
                 Wall time: 7.58391e-01 sec 
============================================================


============================================================
                Applying Helmholtz operators
------------------------------------------------------------
 Orb    RealNorm   Nodes     ImagNorm   Nodes     Timing
------------------------------------------------------------
  0    1.00000e+00   712    0.00000e+00     0   5.61380e+01
  4    1.00006e+00  1240    0.00000e+00     0   1.15503e+02
------------------------------------------------------------
                 Wall time: 1.71642e+02 sec 
============================================================


============================================================
                 Lowdin orthonormalization
------------------------------------------------------------
 Computing Lowdin matrix                        7.50976e+01
 Rotating orbitals                              2.18599e+00
------------------------------------------------------------
                 Wall time: 7.72837e+01 sec 
============================================================


============================================================
               Iterative subspace accelerator
------------------------------------------------------------
 Push back orbitals                             1.54945e-02
 Copy orbitals                                  8.75962e-02
 Copy orbital updates                           8.76907e-02
------------------------------------------------------------
                 Wall time: 1.90904e-01 sec 
============================================================


============================================================
                 Lowdin orthonormalization
------------------------------------------------------------
 Computing Lowdin matrix                        5.25737e-01
 Rotating orbitals                              1.13898e+00
------------------------------------------------------------
                 Wall time: 1.66482e+00 sec 
============================================================


============================================================
                  Setting up Fock operator
------------------------------------------------------------
 Precision                                      1.00000e-07
------------------------------------------------------------
 Coulomb density                      1512      1.86001e+00
 Coulomb potential                     584      4.99370e+01
 Allreduce potential                   696      3.15765e+00
 XC total density                     1944      3.15969e+00
 XC evaluate xcfun                    9720      2.87373e+01
 XC energy                            1944      1.71023e-04
 XC potential                         1944      8.95419e-01
------------------------------------------------------------
                 Wall time: 8.83756e+01 sec 
============================================================


============================================================
                  Calculating Fock matrix
------------------------------------------------------------
 Kinetic part                         7.330493859000000e+00
 Potential part                       2.869887740600000e+01
------------------------------------------------------------
                 Wall time: 3.60295e+01 sec 
============================================================


============================================================
                          Orbitals
------------------------------------------------------------
 Orb    F(i,i)        Error         nNodes  Spin  Occ  Done 
------------------------------------------------------------
  0  -1.39868e+01   5.46152e-06        696    p    2    0
  1  -9.93358e+00   1.59043e-05          0    p    2    0
  2  -8.29918e-01   7.93474e-05          0    p    2    0
  3  -5.66111e-01   1.30639e-04          0    p    2    0
  4  -4.54020e-01   1.91599e-04       1240    p    2    0
  5  -3.86682e-01   2.42270e-04          0    p    2    0
  6  -3.06365e-01   1.03111e-04          0    p    2    0
  7  -2.32623e-01   3.69227e-04          0    p    2    0
------------------------------------------------------------
 Total error:                            5.15762e-04    0
============================================================


============================================================
                    Energy                 Update      Done 
------------------------------------------------------------
 Orbital      -5.339197667789183e+01    -1.20429e-03    1
 Kinetic       9.417841724408206e+01     5.06600e-04    1
 N-E          -2.861319356720204e+02     6.80102e-04    1
 Coulomb       7.780785605541254e+01    -1.20518e-03    1
 Exchange      0.000000000000000e+00     0.00000e+00    1
 X-C          -1.327502987552725e+01     2.61338e-05    1
------------------------------------------------------------
 Electronic   -1.274209835793953e+02    -1.06794e-05    1
 Nuclear       3.286622882210277e+01     0.00000e+00    1
------------------------------------------------------------
 Total        -9.455475475729253e+01    -1.06794e-05    1
============================================================


################ Wall time: 4.06423e+02 sec ################




####################### SCF cycle  3 #######################


============================================================
 Current precision                              1.00000e-07
------------------------------------------------------------
 Orbital threshold                              1.00000e-06
 Property threshold                            -1.00000e+00
============================================================


============================================================
                   Calculating SCF energy
------------------------------------------------------------
 Nuclear energy                       3.286622882210277e+01
 Electronic energy                   -1.274209842507170e+02
------------------------------------------------------------
 Total energy                        -9.455475542861424e+01
------------------------------------------------------------
                 Wall time: 2.84697e+01 sec 
============================================================


============================================================
                Rotating Helmholtz argument
------------------------------------------------------------
 Rotating orbitals                              2.26721e+00
------------------------------------------------------------
                 Wall time: 2.26731e+00 sec 
============================================================


============================================================
                Applying Helmholtz operators
------------------------------------------------------------
 Orb    RealNorm   Nodes     ImagNorm   Nodes     Timing
------------------------------------------------------------
  0    1.00000e+00   712    0.00000e+00     0   5.94821e+01
  4    1.00003e+00  1240    0.00000e+00     0   1.18142e+02
------------------------------------------------------------
                 Wall time: 1.77642e+02 sec 
============================================================


============================================================
                 Lowdin orthonormalization
------------------------------------------------------------
 Computing Lowdin matrix                        7.80539e+01
 Rotating orbitals                              2.19107e+00
------------------------------------------------------------
                 Wall time: 8.02451e+01 sec 
============================================================


============================================================
               Iterative subspace accelerator
------------------------------------------------------------
 Push back orbitals                             6.74669e-03
 Setup linear system                            3.27314e-01
 Solve linear system                            1.15630e-05
 Expand solution                                9.06286e-01
------------------------------------------------------------
                 Wall time: 1.24049e+00 sec 
============================================================


============================================================
                 Lowdin orthonormalization
------------------------------------------------------------
 Computing Lowdin matrix                        8.42775e-01
 Rotating orbitals                              1.99529e+00
------------------------------------------------------------
                 Wall time: 2.83815e+00 sec 
============================================================


============================================================
                  Setting up Fock operator
------------------------------------------------------------
 Precision                                      1.00000e-07
------------------------------------------------------------
 Coulomb density                      1512      1.84822e+00
 Coulomb potential                     584      5.24585e+01
 Allreduce potential                   696      3.27028e+00
 XC total density                     1944      3.33091e+00
 XC evaluate xcfun                    9720      2.85461e+01
 XC energy                            1944      1.74427e-04
 XC potential                         1944      9.62924e-01
------------------------------------------------------------
                 Wall time: 9.10645e+01 sec 
============================================================


============================================================
                  Calculating Fock matrix
------------------------------------------------------------
 Kinetic part                         8.049285781000000e+00
 Potential part                       2.956988440800000e+01
------------------------------------------------------------
                 Wall time: 3.76193e+01 sec 
============================================================


============================================================
                          Orbitals
------------------------------------------------------------
 Orb    F(i,i)        Error         nNodes  Spin  Occ  Done 
------------------------------------------------------------
  0  -1.39868e+01   4.88500e-06        696    p    2    0
  1  -9.93359e+00   1.34648e-05          0    p    2    0
  2  -8.29927e-01   2.90954e-05          0    p    2    0
  3  -5.66122e-01   6.44743e-05          0    p    2    0
  4  -4.54010e-01   9.63463e-05       1240    p    2    0
  5  -3.86706e-01   1.35165e-04          0    p    2    0
  6  -3.06376e-01   3.46696e-05          0    p    2    0
  7  -2.32631e-01   2.16741e-04          0    p    2    0
------------------------------------------------------------
 Total error:                            2.84498e-04    0
============================================================


============================================================
                    Energy                 Update      Done 
------------------------------------------------------------
 Orbital      -5.339218379869933e+01    -2.07121e-04    1
 Kinetic       9.417858001133229e+01     1.62767e-04    1
 N-E          -2.861318864938181e+02     4.91782e-05    1
 Coulomb       7.780764875202760e+01    -2.07303e-04    1
 Exchange      0.000000000000000e+00     0.00000e+00    1
 X-C          -1.327503217646858e+01    -2.30094e-06    1
------------------------------------------------------------
 Electronic   -1.274209842507170e+02    -6.71322e-07    1
 Nuclear       3.286622882210277e+01     0.00000e+00    1
------------------------------------------------------------
 Total        -9.455475542861424e+01    -6.71322e-07    1
============================================================


################ Wall time: 4.21836e+02 sec ################




####################### SCF cycle  4 #######################


============================================================
 Current precision                              1.00000e-07
------------------------------------------------------------
 Orbital threshold                              1.00000e-06
 Property threshold                            -1.00000e+00
============================================================


============================================================
                   Calculating SCF energy
------------------------------------------------------------
 Nuclear energy                       3.286622882210277e+01
 Electronic energy                   -1.274209844515294e+02
------------------------------------------------------------
 Total energy                        -9.455475562942665e+01
------------------------------------------------------------
                 Wall time: 2.98681e+01 sec 
============================================================


============================================================
                Rotating Helmholtz argument
------------------------------------------------------------
 Rotating orbitals                              2.23350e+00
------------------------------------------------------------
                 Wall time: 2.23359e+00 sec 
============================================================


============================================================
                Applying Helmholtz operators
------------------------------------------------------------
 Orb    RealNorm   Nodes     ImagNorm   Nodes     Timing
------------------------------------------------------------
  0    1.00000e+00   712    0.00000e+00     0   6.24195e+01
  4    1.00001e+00  1240    0.00000e+00     0   1.24039e+02
------------------------------------------------------------
                 Wall time: 1.86487e+02 sec 
============================================================


============================================================
                 Lowdin orthonormalization
------------------------------------------------------------
 Computing Lowdin matrix                        8.20165e+01
 Rotating orbitals                              2.13444e+00
------------------------------------------------------------
                 Wall time: 8.41511e+01 sec 
============================================================


============================================================
               Iterative subspace accelerator
------------------------------------------------------------
 Push back orbitals                             1.10115e-01
 Setup linear system                            1.04545e+00
 Solve linear system                            1.37100e-05
 Expand solution                                1.53411e+00
------------------------------------------------------------
                 Wall time: 2.68984e+00 sec 
============================================================


============================================================
                 Lowdin orthonormalization
------------------------------------------------------------
 Computing Lowdin matrix                        8.78003e-01
 Rotating orbitals                              1.96342e+00
------------------------------------------------------------
                 Wall time: 2.84152e+00 sec 
============================================================


============================================================
                  Setting up Fock operator
------------------------------------------------------------
 Precision                                      1.00000e-07
------------------------------------------------------------
 Coulomb density                      1512      1.90327e+00
 Coulomb potential                     584      5.33184e+01
 Allreduce potential                   696      5.58761e+00
 XC total density                     1944      3.53653e+00
 XC evaluate xcfun                    9720      2.85274e+01
 XC energy                            1944      1.67561e-04
 XC potential                         1944      1.03453e+00
------------------------------------------------------------
                 Wall time: 9.45674e+01 sec 
============================================================


============================================================
                  Calculating Fock matrix
------------------------------------------------------------
 Kinetic part                         8.488556102000000e+00
 Potential part                       3.047586200600000e+01
------------------------------------------------------------
                 Wall time: 3.89646e+01 sec 
============================================================


============================================================
                          Orbitals
------------------------------------------------------------
 Orb    F(i,i)        Error         nNodes  Spin  Occ  Done 
------------------------------------------------------------
  0  -1.39868e+01   3.25243e-06        696    p    2    0
  1  -9.93360e+00   7.92051e-06          0    p    2    0
  2  -8.29924e-01   1.15157e-05          0    p    2    0
  3  -5.66124e-01   2.28766e-05          0    p    2    0
  4  -4.54001e-01   3.86443e-05       1240    p    2    0
  5  -3.86714e-01   5.83289e-05          0    p    2    0
  6  -3.06375e-01   3.42342e-05          0    p    2    0
  7  -2.32628e-01   1.08573e-04          0    p    2    0
------------------------------------------------------------
 Total error:                            1.36327e-04    0
============================================================


============================================================
                    Energy                 Update      Done 
------------------------------------------------------------
 Orbital      -5.339238455353951e+01    -2.00755e-04    1
 Kinetic       9.417863369799734e+01     5.36867e-05    1
 N-E          -2.861317392289029e+02     1.47265e-04    1
 Coulomb       7.780744585983153e+01    -2.02892e-04    1
 Exchange      0.000000000000000e+00     0.00000e+00    1
 X-C          -1.327502900411506e+01     3.17235e-06    1
------------------------------------------------------------
 Electronic   -1.274209844515294e+02    -2.00812e-07    1
 Nuclear       3.286622882210277e+01     0.00000e+00    1
------------------------------------------------------------
 Total        -9.455475562942665e+01    -2.00812e-07    1
============================================================


################ Wall time: 4.42250e+02 sec ################




####################### SCF cycle  5 #######################


============================================================
 Current precision                              1.00000e-07
------------------------------------------------------------
 Orbital threshold                              1.00000e-06
 Property threshold                            -1.00000e+00
============================================================


============================================================
                   Calculating SCF energy
------------------------------------------------------------
 Nuclear energy                       3.286622882210277e+01
 Electronic energy                   -1.274209844978618e+02
------------------------------------------------------------
 Total energy                        -9.455475567575907e+01
------------------------------------------------------------
                 Wall time: 3.12320e+01 sec 
============================================================


============================================================
                Rotating Helmholtz argument
------------------------------------------------------------
 Rotating orbitals                              2.32130e+00
------------------------------------------------------------
                 Wall time: 2.32138e+00 sec 
============================================================


============================================================
                Applying Helmholtz operators
------------------------------------------------------------
 Orb    RealNorm   Nodes     ImagNorm   Nodes     Timing
------------------------------------------------------------
  0    1.00000e+00   712    0.00000e+00     0   6.35622e+01
  4    1.00000e+00  1240    0.00000e+00     0   1.25691e+02
------------------------------------------------------------
                 Wall time: 1.89264e+02 sec 
============================================================


============================================================
                 Lowdin orthonormalization
------------------------------------------------------------
 Computing Lowdin matrix                        8.61316e+01
 Rotating orbitals                              2.23207e+00
------------------------------------------------------------
                 Wall time: 8.83637e+01 sec 
============================================================


============================================================
               Iterative subspace accelerator
------------------------------------------------------------
 Push back orbitals                             7.30349e-02
 Setup linear system                            2.09376e+00
 Solve linear system                            9.13800e-06
 Expand solution                                2.27300e+00
------------------------------------------------------------
                 Wall time: 4.43993e+00 sec 
============================================================


============================================================
                 Lowdin orthonormalization
------------------------------------------------------------
 Computing Lowdin matrix                        9.76494e-01
 Rotating orbitals                              2.04433e+00
------------------------------------------------------------
                 Wall time: 3.02092e+00 sec 
============================================================


============================================================
                  Setting up Fock operator
------------------------------------------------------------
 Precision                                      1.00000e-07
------------------------------------------------------------
 Coulomb density                      1512      2.08599e+00
 Coulomb potential                     584      5.50720e+01
 Allreduce potential                   696      5.14128e+00
 XC total density                     1944      3.50777e+00
 XC evaluate xcfun                    9720      2.86764e+01
 XC energy                            1944      1.75228e-04
 XC potential                         1944      1.02181e+00
------------------------------------------------------------
                 Wall time: 9.61417e+01 sec 
============================================================


============================================================
                  Calculating Fock matrix
------------------------------------------------------------
 Kinetic part                         9.070112087000000e+00
 Potential part                       3.146106770500000e+01
------------------------------------------------------------
                 Wall time: 4.05313e+01 sec 
============================================================


============================================================
                          Orbitals
------------------------------------------------------------
 Orb    F(i,i)        Error         nNodes  Spin  Occ  Done 
------------------------------------------------------------
  0  -1.39868e+01   7.75642e-07        696    p    2    1
  1  -9.93361e+00   1.68079e-06          0    p    2    0
  2  -8.29930e-01   4.18231e-06          0    p    2    0
  3  -5.66128e-01   6.39122e-06          0    p    2    0
  4  -4.54005e-01   8.62405e-06       1240    p    2    0
  5  -3.86719e-01   1.26095e-05          0    p    2    0
  6  -3.06380e-01   1.19469e-05          0    p    2    0
  7  -2.32633e-01   3.13533e-05          0    p    2    0
------------------------------------------------------------
 Total error:                            3.76948e-05    0
============================================================


============================================================
                    Energy                 Update      Done 
------------------------------------------------------------
 Orbital      -5.339239312429237e+01    -8.57075e-06    1
 Kinetic       9.417871051234665e+01     7.68143e-05    1
 N-E          -2.861317987193991e+02    -5.94905e-05    1
 Coulomb       7.780743987491881e+01    -5.98491e-06    1
 Exchange      0.000000000000000e+00     0.00000e+00    1
 X-C          -1.327504002926852e+01    -1.10252e-05    1
------------------------------------------------------------
 Electronic   -1.274209844978618e+02    -4.63324e-08    1
 Nuclear       3.286622882210277e+01     0.00000e+00    1
------------------------------------------------------------
 Total        -9.455475567575907e+01    -4.63324e-08    1
============================================================


################ Wall time: 4.55782e+02 sec ################




####################### SCF cycle  6 #######################


============================================================
 Current precision                              1.00000e-07
------------------------------------------------------------
 Orbital threshold                              1.00000e-06
 Property threshold                            -1.00000e+00
============================================================


============================================================
                   Calculating SCF energy
------------------------------------------------------------
 Nuclear energy                       3.286622882210277e+01
 Electronic energy                   -1.274209845028087e+02
------------------------------------------------------------
 Total energy                        -9.455475568070595e+01
------------------------------------------------------------
                 Wall time: 3.20987e+01 sec 
============================================================


============================================================
                Rotating Helmholtz argument
------------------------------------------------------------
 Rotating orbitals                              2.29668e+00
------------------------------------------------------------
                 Wall time: 2.29678e+00 sec 
============================================================


============================================================
                Applying Helmholtz operators
------------------------------------------------------------
 Orb    RealNorm   Nodes     ImagNorm   Nodes     Timing
------------------------------------------------------------
  0    1.00000e+00   712    0.00000e+00     0   6.35727e+01
  4    9.99999e-01  1240    0.00000e+00     0   1.27746e+02
------------------------------------------------------------
                 Wall time: 1.91331e+02 sec 
============================================================


============================================================
                 Lowdin orthonormalization
------------------------------------------------------------
 Computing Lowdin matrix                        9.08743e+01
 Rotating orbitals                              2.28959e+00
------------------------------------------------------------
                 Wall time: 9.31640e+01 sec 
============================================================


============================================================
               Iterative subspace accelerator
------------------------------------------------------------
 Push back orbitals                             8.13184e-02
 Setup linear system                            2.14475e+00
 Solve linear system                            9.16000e-06
 Expand solution                                2.29398e+00
------------------------------------------------------------
                 Wall time: 4.52021e+00 sec 
============================================================


============================================================
                 Lowdin orthonormalization
------------------------------------------------------------
 Computing Lowdin matrix                        9.20092e-01
 Rotating orbitals                              1.92087e+00
------------------------------------------------------------
                 Wall time: 2.84106e+00 sec 
============================================================


============================================================
                  Setting up Fock operator
------------------------------------------------------------
 Precision                                      1.00000e-07
------------------------------------------------------------
 Coulomb density                      1512      1.90784e+00
 Coulomb potential                     584      5.40847e+01
 Allreduce potential                   696      6.62657e+00
 XC total density                     1944      3.52442e+00
 XC evaluate xcfun                    9720      2.87054e+01
 XC energy                            1944      1.88705e-04
 XC potential                         1944      1.01565e+00
------------------------------------------------------------
                 Wall time: 9.65346e+01 sec 
============================================================


============================================================
                  Calculating Fock matrix
------------------------------------------------------------
 Kinetic part                         9.016857256000000e+00
 Potential part                       3.305374389600000e+01
------------------------------------------------------------
                 Wall time: 4.20708e+01 sec 
============================================================


============================================================
                          Orbitals
------------------------------------------------------------
 Orb    F(i,i)        Error         nNodes  Spin  Occ  Done 
------------------------------------------------------------
  0  -1.39868e+01   4.21906e-07        696    p    2    1
  1  -9.93361e+00   9.76980e-07          0    p    2    1
  2  -8.29925e-01   2.44381e-06          0    p    2    0
  3  -5.66126e-01   3.54028e-06          0    p    2    0
  4  -4.54002e-01   4.60088e-06       1240    p    2    0
  5  -3.86716e-01   7.32968e-06          0    p    2    0
  6  -3.06376e-01   7.94921e-06          0    p    2    0
  7  -2.32628e-01   1.19485e-05          0    p    2    0
------------------------------------------------------------
 Total error:                            1.73346e-05    0
============================================================


============================================================
                    Energy                 Update      Done 
------------------------------------------------------------
 Orbital      -5.339249868198033e+01    -1.05558e-04    1
 Kinetic       9.417866516866047e+01    -4.53437e-05    1
 N-E          -2.861316539567823e+02     1.44763e-04    1
 Coulomb       7.780733129582944e+01    -1.08579e-04    1
 Exchange      0.000000000000000e+00     0.00000e+00    1
 X-C          -1.327503082079077e+01     9.20848e-06    1
------------------------------------------------------------
 Electronic   -1.274209845028087e+02    -4.94688e-09    1
 Nuclear       3.286622882210277e+01     0.00000e+00    1
------------------------------------------------------------
 Total        -9.455475568070595e+01    -4.94688e-09    1
============================================================


################ Wall time: 4.65360e+02 sec ################




####################### SCF cycle  7 #######################


============================================================
 Current precision                              1.00000e-07
------------------------------------------------------------
 Orbital threshold                              1.00000e-06
 Property threshold                            -1.00000e+00
============================================================


============================================================
                   Calculating SCF energy
------------------------------------------------------------
 Nuclear energy                       3.286622882210277e+01
 Electronic energy                   -1.274209845038916e+02
------------------------------------------------------------
 Total energy                        -9.455475568178882e+01
------------------------------------------------------------
                 Wall time: 3.19805e+01 sec 
============================================================


============================================================
                Rotating Helmholtz argument
------------------------------------------------------------
 Rotating orbitals                              2.35083e+00
------------------------------------------------------------
                 Wall time: 2.35093e+00 sec 
============================================================


============================================================
                Applying Helmholtz operators
------------------------------------------------------------
 Orb    RealNorm   Nodes     ImagNorm   Nodes     Timing
------------------------------------------------------------
  0    1.00000e+00   712    0.00000e+00     0   6.30997e+01
  4    1.00000e+00  1240    0.00000e+00     0   1.28823e+02
------------------------------------------------------------
                 Wall time: 1.91933e+02 sec 
============================================================


============================================================
                 Lowdin orthonormalization
------------------------------------------------------------
 Computing Lowdin matrix                        9.90268e+01
 Rotating orbitals                              2.25852e+00
------------------------------------------------------------
                 Wall time: 1.01285e+02 sec 
============================================================


============================================================
               Iterative subspace accelerator
------------------------------------------------------------
 Push back orbitals                             8.70733e-02
 Setup linear system                            2.19179e+00
 Solve linear system                            9.19900e-06
 Expand solution                                2.16443e+00
------------------------------------------------------------
                 Wall time: 4.44345e+00 sec 
============================================================


============================================================
                 Lowdin orthonormalization
------------------------------------------------------------
 Computing Lowdin matrix                        8.00815e-01
 Rotating orbitals                              1.73478e+00
------------------------------------------------------------
                 Wall time: 2.53568e+00 sec 
============================================================


============================================================
                  Setting up Fock operator
------------------------------------------------------------
 Precision                                      1.00000e-07
------------------------------------------------------------
 Coulomb density                      1512      2.08348e+00
 Coulomb potential                     584      5.38982e+01
 Allreduce potential                   696      6.11255e+00
 XC total density                     1944      3.50412e+00
 XC evaluate xcfun                    9720      2.92985e+01
 XC energy                            1944      1.74004e-04
 XC potential                         1944      1.03671e+00
------------------------------------------------------------
                 Wall time: 9.65797e+01 sec 
============================================================


============================================================
                  Calculating Fock matrix
------------------------------------------------------------
 Kinetic part                         8.687952940000001e+00
 Potential part                       3.296712689500000e+01
------------------------------------------------------------
                 Wall time: 4.16552e+01 sec 
============================================================


============================================================
                          Orbitals
------------------------------------------------------------
 Orb    F(i,i)        Error         nNodes  Spin  Occ  Done 
------------------------------------------------------------
  0  -1.39868e+01   3.30299e-07        696    p    2    1
  1  -9.93361e+00   9.10310e-07          0    p    2    1
  2  -8.29928e-01   1.34111e-06          0    p    2    0
  3  -5.66128e-01   2.54064e-06          0    p    2    0
  4  -4.54005e-01   3.19437e-06       1240    p    2    0
  5  -3.86718e-01   6.30193e-06          0    p    2    0
  6  -3.06378e-01   5.14161e-06          0    p    2    0
  7  -2.32630e-01   8.93866e-06          0    p    2    0
------------------------------------------------------------
 Total error:                            1.28626e-05    0
============================================================


============================================================
                    Energy                 Update      Done 
------------------------------------------------------------
 Orbital      -5.339242066656516e+01     7.80154e-05    1
 Kinetic       9.417872351842010e+01     5.83498e-05    1
 N-E          -2.861317834100082e+02    -1.29453e-04    1
 Coulomb       7.780741231243593e+01     8.10166e-05    1
 Exchange      0.000000000000000e+00     0.00000e+00    1
 X-C          -1.327504072614060e+01    -9.90535e-06    1
------------------------------------------------------------
 Electronic   -1.274209845038916e+02    -1.08287e-09    1
 Nuclear       3.286622882210277e+01     0.00000e+00    1
------------------------------------------------------------
 Total        -9.455475568178882e+01    -1.08287e-09    1
============================================================


################ Wall time: 4.73160e+02 sec ################




####################### SCF cycle  8 #######################


============================================================
 Current precision                              1.00000e-07
------------------------------------------------------------
 Orbital threshold                              1.00000e-06
 Property threshold                            -1.00000e+00
============================================================


============================================================
                   Calculating SCF energy
------------------------------------------------------------
 Nuclear energy                       3.286622882210277e+01
 Electronic energy                   -1.274209845042801e+02
------------------------------------------------------------
 Total energy                        -9.455475568217730e+01
------------------------------------------------------------
                 Wall time: 3.23716e+01 sec 
============================================================


============================================================
                Rotating Helmholtz argument
------------------------------------------------------------
 Rotating orbitals                              2.33358e+00
------------------------------------------------------------
                 Wall time: 2.33367e+00 sec 
============================================================


============================================================
                Applying Helmholtz operators
------------------------------------------------------------
 Orb    RealNorm   Nodes     ImagNorm   Nodes     Timing
------------------------------------------------------------
  0    1.00000e+00   712    0.00000e+00     0   6.35076e+01
  4    9.99999e-01  1240    0.00000e+00     0   1.25020e+02
------------------------------------------------------------
                 Wall time: 1.88528e+02 sec 
============================================================


============================================================
                 Lowdin orthonormalization
------------------------------------------------------------
 Computing Lowdin matrix                        1.12814e+02
 Rotating orbitals                              2.14200e+00
------------------------------------------------------------
                 Wall time: 1.14956e+02 sec 
============================================================


============================================================
               Iterative subspace accelerator
------------------------------------------------------------
 Push back orbitals                             1.22205e-01
 Setup linear system                            2.17530e+00
 Solve linear system                            9.27300e-06
 Expand solution                                2.13428e+00
------------------------------------------------------------
                 Wall time: 4.43194e+00 sec 
============================================================


============================================================
                 Lowdin orthonormalization
------------------------------------------------------------
 Computing Lowdin matrix                        8.99987e-01
 Rotating orbitals                              1.81492e+00
------------------------------------------------------------
                 Wall time: 2.71500e+00 sec 
============================================================


============================================================
                  Setting up Fock operator
------------------------------------------------------------
 Precision                                      1.00000e-07
------------------------------------------------------------
 Coulomb density                      1512      2.00516e+00
 Coulomb potential                     584      5.40373e+01
 Allreduce potential                   696      8.54498e+00
 XC total density                     1944      3.75136e+00
 XC evaluate xcfun                    9720      2.88525e+01
 XC energy                            1944      1.78560e-04
 XC potential                         1944      1.01259e+00
------------------------------------------------------------
                 Wall time: 9.88515e+01 sec 
============================================================


============================================================
                  Calculating Fock matrix
------------------------------------------------------------
 Kinetic part                         8.570514177000000e+00
 Potential part                       3.206099318700000e+01
------------------------------------------------------------
                 Wall time: 4.06317e+01 sec 
============================================================


============================================================
                          Orbitals
------------------------------------------------------------
 Orb    F(i,i)        Error         nNodes  Spin  Occ  Done 
------------------------------------------------------------
  0  -1.39868e+01   2.44149e-07        696    p    2    1
  1  -9.93361e+00   6.02520e-07          0    p    2    1
  2  -8.29927e-01   8.32085e-07          0    p    2    1
  3  -5.66127e-01   1.01588e-06          0    p    2    0
  4  -4.54005e-01   2.48686e-06       1240    p    2    0
  5  -3.86717e-01   3.00328e-06          0    p    2    0
  6  -3.06378e-01   3.21294e-06          0    p    2    0
  7  -2.32629e-01   3.46649e-06          0    p    2    0
------------------------------------------------------------
 Total error:                            6.30006e-06    0
============================================================


============================================================
                    Energy                 Update      Done 
------------------------------------------------------------
 Orbital      -5.339246956966470e+01    -4.89031e-05    1
 Kinetic       9.417869562049128e+01    -2.78979e-05    1
 N-E          -2.861317103960284e+02     7.30140e-05    1
 Coulomb       7.780736172504137e+01    -5.05874e-05    1
 Exchange      0.000000000000000e+00     0.00000e+00    1
 X-C          -1.327503525700130e+01     5.46914e-06    1
------------------------------------------------------------
 Electronic   -1.274209845042801e+02    -3.88482e-10    1
 Nuclear       3.286622882210277e+01     0.00000e+00    1
------------------------------------------------------------
 Total        -9.455475568217730e+01    -3.88482e-10    1
============================================================


################ Wall time: 4.85239e+02 sec ################




####################### SCF cycle  9 #######################


============================================================
 Current precision                              1.00000e-07
------------------------------------------------------------
 Orbital threshold                              1.00000e-06
 Property threshold                            -1.00000e+00
============================================================


============================================================
                   Calculating SCF energy
------------------------------------------------------------
 Nuclear energy                       3.286622882210277e+01
 Electronic energy                   -1.274209845043961e+02
------------------------------------------------------------
 Total energy                        -9.455475568229330e+01
------------------------------------------------------------
                 Wall time: 3.22140e+01 sec 
============================================================


============================================================
                Rotating Helmholtz argument
------------------------------------------------------------
 Rotating orbitals                              2.42473e+00
------------------------------------------------------------
                 Wall time: 2.42482e+00 sec 
============================================================


============================================================
                Applying Helmholtz operators
------------------------------------------------------------
 Orb    RealNorm   Nodes     ImagNorm   Nodes     Timing
------------------------------------------------------------
  0    1.00000e+00   712    0.00000e+00     0   6.60996e+01
  4    1.00000e+00  1240    0.00000e+00     0   1.26874e+02
------------------------------------------------------------
                 Wall time: 1.92984e+02 sec 
============================================================


============================================================
                 Lowdin orthonormalization
------------------------------------------------------------
 Computing Lowdin matrix                        9.47424e+01
 Rotating orbitals                              2.19795e+00
------------------------------------------------------------
                 Wall time: 9.69404e+01 sec 
============================================================


============================================================
               Iterative subspace accelerator
------------------------------------------------------------
 Push back orbitals                             5.80689e-02
 Setup linear system                            2.08843e+00
 Solve linear system                            9.94200e-06
 Expand solution                                2.12885e+00
------------------------------------------------------------
                 Wall time: 4.27550e+00 sec 
============================================================


============================================================
                 Lowdin orthonormalization
------------------------------------------------------------
 Computing Lowdin matrix                        9.13769e-01
 Rotating orbitals                              1.75290e+00
------------------------------------------------------------
                 Wall time: 2.66676e+00 sec 
============================================================


============================================================
                  Setting up Fock operator
------------------------------------------------------------
 Precision                                      1.00000e-07
------------------------------------------------------------
 Coulomb density                      1512      1.92961e+00
 Coulomb potential                     584      5.66913e+01
 Allreduce potential                   696      4.44497e+00
 XC total density                     1944      3.51448e+00
 XC evaluate xcfun                    9720      2.86823e+01
 XC energy                            1944      1.68835e-04
 XC potential                         1944      1.02000e+00
------------------------------------------------------------
                 Wall time: 9.69712e+01 sec 
============================================================


============================================================
                  Calculating Fock matrix
------------------------------------------------------------
 Kinetic part                         8.926781320000000e+00
 Potential part                       3.104982929400000e+01
------------------------------------------------------------
                 Wall time: 3.99768e+01 sec 
============================================================


============================================================
                          Orbitals
------------------------------------------------------------
 Orb    F(i,i)        Error         nNodes  Spin  Occ  Done 
------------------------------------------------------------
  0  -1.39868e+01   8.01215e-08        696    p    2    1
  1  -9.93361e+00   1.53138e-07          0    p    2    1
  2  -8.29926e-01   5.73569e-07          0    p    2    1
  3  -5.66128e-01   3.46942e-07          0    p    2    1
  4  -4.54005e-01   7.73759e-07       1240    p    2    1
  5  -3.86717e-01   7.15720e-07          0    p    2    1
  6  -3.06378e-01   1.17606e-06          0    p    2    0
  7  -2.32629e-01   1.16313e-06          0    p    2    0
------------------------------------------------------------
 Total error:                            2.07995e-06    0
============================================================


============================================================
                    Energy                 Update      Done 
------------------------------------------------------------
 Orbital      -5.339245632993823e+01     1.32397e-05    1
 Kinetic       9.417870206059166e+01     6.44010e-06    1
 N-E          -2.861317293141380e+02    -1.89181e-05    1
 Coulomb       7.780737535162390e+01     1.36266e-05    1
 Exchange      0.000000000000000e+00     0.00000e+00    1
 X-C          -1.327503641140603e+01    -1.15440e-06    1
------------------------------------------------------------
 Electronic   -1.274209845043961e+02    -1.16003e-10    1
 Nuclear       3.286622882210277e+01     0.00000e+00    1
------------------------------------------------------------
 Total        -9.455475568229330e+01    -1.16003e-10    1
============================================================


################ Wall time: 4.68895e+02 sec ################




####################### SCF cycle 10 #######################


============================================================
 Current precision                              1.00000e-07
------------------------------------------------------------
 Orbital threshold                              1.00000e-06
 Property threshold                            -1.00000e+00
============================================================


============================================================
                   Calculating SCF energy
------------------------------------------------------------
 Nuclear energy                       3.286622882210277e+01
 Electronic energy                   -1.274209845044162e+02
------------------------------------------------------------
 Total energy                        -9.455475568231340e+01
------------------------------------------------------------
                 Wall time: 3.23498e+01 sec 
============================================================


============================================================
                Rotating Helmholtz argument
------------------------------------------------------------
 Rotating orbitals                              2.35676e+00
------------------------------------------------------------
                 Wall time: 2.35685e+00 sec 
============================================================


============================================================
                Applying Helmholtz operators
------------------------------------------------------------
 Orb    RealNorm   Nodes     ImagNorm   Nodes     Timing
------------------------------------------------------------
  0    1.00000e+00   712    0.00000e+00     0   6.72704e+01
  4    1.00000e+00  1240    0.00000e+00     0   1.25168e+02
------------------------------------------------------------
                 Wall time: 1.92440e+02 sec 
============================================================


============================================================
                 Lowdin orthonormalization
------------------------------------------------------------
 Computing Lowdin matrix                        9.69782e+01
 Rotating orbitals                              2.15599e+00
------------------------------------------------------------
                 Wall time: 9.91343e+01 sec 
============================================================


============================================================
               Iterative subspace accelerator
------------------------------------------------------------
 Push back orbitals                             7.78317e-02
 Setup linear system                            2.06418e+00
 Solve linear system                            9.00300e-06
 Expand solution                                2.10156e+00
------------------------------------------------------------
                 Wall time: 4.24372e+00 sec 
============================================================


============================================================
                 Lowdin orthonormalization
------------------------------------------------------------
 Computing Lowdin matrix                        8.66202e-01
 Rotating orbitals                              1.56023e+00
------------------------------------------------------------
                 Wall time: 2.42654e+00 sec 
============================================================


============================================================
                  Setting up Fock operator
------------------------------------------------------------
 Precision                                      1.00000e-07
------------------------------------------------------------
 Coulomb density                      1512      2.12730e+00
 Coulomb potential                     584      5.41295e+01
 Allreduce potential                   696      8.00105e+00
 XC total density                     1944      3.53278e+00
 XC evaluate xcfun                    9720      2.89603e+01
 XC energy                            1944      1.77439e-04
 XC potential                         1944      1.02319e+00
------------------------------------------------------------
                 Wall time: 9.84248e+01 sec 
============================================================


============================================================
                  Calculating Fock matrix
------------------------------------------------------------
 Kinetic part                         8.560874255000000e+00
 Potential part                       3.166065664600000e+01
------------------------------------------------------------
                 Wall time: 4.02217e+01 sec 
============================================================


============================================================
                          Orbitals
------------------------------------------------------------
 Orb    F(i,i)        Error         nNodes  Spin  Occ  Done 
------------------------------------------------------------
  0  -1.39868e+01   5.16655e-08        696    p    2    1
  1  -9.93361e+00   1.28493e-07          0    p    2    1
  2  -8.29926e-01   5.21995e-07          0    p    2    1
  3  -5.66128e-01   3.91798e-07          0    p    2    1
  4  -4.54004e-01   7.43904e-07       1240    p    2    1
  5  -3.86717e-01   8.56146e-07          0    p    2    1
  6  -3.06377e-01   1.19608e-06          0    p    2    0
  7  -2.32629e-01   7.03291e-07          0    p    2    1
------------------------------------------------------------
 Total error:                            1.91227e-06    0
============================================================


============================================================
                    Energy                 Update      Done 
------------------------------------------------------------
 Orbital      -5.339245590174612e+01     4.28192e-07    1
 Kinetic       9.417870067575586e+01    -1.38484e-06    1
 N-E          -2.861317284519589e+02     8.62179e-07    1
 Coulomb       7.780737575519481e+01     4.03571e-07    1
 Exchange      0.000000000000000e+00     0.00000e+00    1
 X-C          -1.327503629235760e+01     1.19048e-07    1
------------------------------------------------------------
 Electronic   -1.274209845044162e+02    -2.00941e-11    1
 Nuclear       3.286622882210277e+01     0.00000e+00    1
------------------------------------------------------------
 Total        -9.455475568231340e+01    -2.00941e-11    1
============================================================


################ Wall time: 4.72008e+02 sec ################




####################### SCF cycle 11 #######################


============================================================
 Current precision                              1.00000e-07
------------------------------------------------------------
 Orbital threshold                              1.00000e-06
 Property threshold                            -1.00000e+00
============================================================


============================================================
                   Calculating SCF energy
------------------------------------------------------------
 Nuclear energy                       3.286622882210277e+01
 Electronic energy                   -1.274209845044272e+02
------------------------------------------------------------
 Total energy                        -9.455475568232438e+01
------------------------------------------------------------
                 Wall time: 3.24673e+01 sec 
============================================================


============================================================
                Rotating Helmholtz argument
------------------------------------------------------------
 Rotating orbitals                              2.45984e+00
------------------------------------------------------------
                 Wall time: 2.45993e+00 sec 
============================================================


============================================================
                Applying Helmholtz operators
------------------------------------------------------------
 Orb    RealNorm   Nodes     ImagNorm   Nodes     Timing
------------------------------------------------------------
  0    1.00000e+00   712    0.00000e+00     0   6.62035e+01
  4    1.00000e+00  1240    0.00000e+00     0   1.25302e+02
------------------------------------------------------------
                 Wall time: 1.91521e+02 sec 
============================================================


============================================================
                 Lowdin orthonormalization
------------------------------------------------------------
 Computing Lowdin matrix                        1.00895e+02
 Rotating orbitals                              2.08269e+00
------------------------------------------------------------
                 Wall time: 1.02978e+02 sec 
============================================================


============================================================
               Iterative subspace accelerator
------------------------------------------------------------
 Push back orbitals                             7.30724e-02
 Setup linear system                            2.21246e+00
 Solve linear system                            9.35800e-06
 Expand solution                                2.08635e+00
------------------------------------------------------------
                 Wall time: 4.37204e+00 sec 
============================================================


============================================================
                 Lowdin orthonormalization
------------------------------------------------------------
 Computing Lowdin matrix                        8.71816e-01
 Rotating orbitals                              1.55808e+00
------------------------------------------------------------
                 Wall time: 2.42998e+00 sec 
============================================================


============================================================
                  Setting up Fock operator
------------------------------------------------------------
 Precision                                      1.00000e-07
------------------------------------------------------------
 Coulomb density                      1512      2.08021e+00
 Coulomb potential                     584      5.51970e+01
 Allreduce potential                   696      5.08671e+00
 XC total density                     1944      3.51382e+00
 XC evaluate xcfun                    9720      2.84031e+01
 XC energy                            1944      1.91397e-04
 XC potential                         1944      1.02708e+00
------------------------------------------------------------
                 Wall time: 9.59724e+01 sec 
============================================================


============================================================
                  Calculating Fock matrix
------------------------------------------------------------
 Kinetic part                         8.990821515000000e+00
 Potential part                       3.223188842400000e+01
------------------------------------------------------------
                 Wall time: 4.12229e+01 sec 
============================================================


============================================================
                          Orbitals
------------------------------------------------------------
 Orb    F(i,i)        Error         nNodes  Spin  Occ  Done 
------------------------------------------------------------
  0  -1.39868e+01   1.65823e-08        696    p    2    1
  1  -9.93361e+00   4.26663e-08          0    p    2    1
  2  -8.29926e-01   1.95729e-07          0    p    2    1
  3  -5.66128e-01   2.01183e-07          0    p    2    1
  4  -4.54005e-01   3.29318e-07       1240    p    2    1
  5  -3.86718e-01   3.80635e-07          0    p    2    1
  6  -3.06378e-01   6.42065e-07          0    p    2    1
  7  -2.32629e-01   3.60593e-07          0    p    2    1
------------------------------------------------------------
 Total error:                            9.36209e-07    1
============================================================


============================================================
                    Energy                 Update      Done 
------------------------------------------------------------
 Orbital      -5.339245289183945e+01     3.00991e-06    1
 Kinetic       9.417870123823718e+01     5.62481e-07    1
 N-E          -2.861317318409831e+02    -3.38902e-06    1
 Coulomb       7.780737885298606e+01     3.09779e-06    1
 Exchange      0.000000000000000e+00     0.00000e+00    1
 X-C          -1.327503656186297e+01    -2.69505e-07    1
------------------------------------------------------------
 Electronic   -1.274209845044272e+02    -1.09850e-11    1
 Nuclear       3.286622882210277e+01     0.00000e+00    1
------------------------------------------------------------
 Total        -9.455475568232438e+01    -1.09850e-11    1
============================================================


################ Wall time: 4.73843e+02 sec ################


============================================================
                      Convergence rate
------------------------------------------------------------
Iter    OrbError       Property                   Update  
------------------------------------------------------------
  1    2.54193e-03    -9.455474407790588e+01   -9.45547e+01
  2    5.15762e-04    -9.455475475729253e+01   -1.06794e-05
  3    2.84498e-04    -9.455475542861424e+01   -6.71322e-07
  4    1.36327e-04    -9.455475562942665e+01   -2.00812e-07
  5    3.76948e-05    -9.455475567575907e+01   -4.63324e-08
  6    1.73346e-05    -9.455475568070595e+01   -4.94688e-09
  7    1.28626e-05    -9.455475568178882e+01   -1.08287e-09
  8    6.30006e-06    -9.455475568217730e+01   -3.88482e-10
  9    2.07995e-06    -9.455475568229330e+01   -1.16003e-10
 10    1.91227e-06    -9.455475568231340e+01   -2.00941e-11
 11    9.36209e-07    -9.455475568232438e+01   -1.09850e-11
------------------------------------------------------------
                      SCF converged!!!                      
============================================================


============================================================
                  Digonalizing Fock matrix
------------------------------------------------------------
 Computing Lowdin matrix                        4.55903e-01
 Diagonalizing matrix                           1.53710e-05
 Rotating orbitals                              3.05630e+00
------------------------------------------------------------
                 Wall time: 3.51232e+00 sec 
============================================================


============================================================
                  Setting up Fock operator
------------------------------------------------------------
 Precision                                      1.00000e-07
------------------------------------------------------------
 Coulomb density                      1624      2.17491e+00
 Coulomb potential                     584      4.93608e+01
 Allreduce potential                   696      4.08166e+00
 XC total density                     2072      3.65133e+00
 XC evaluate xcfun                   10360      3.03775e+01
 XC energy                            2072      1.64904e-04
 XC potential                         2072      8.50317e-01
------------------------------------------------------------
                 Wall time: 9.11468e+01 sec 
============================================================


============================================================
                   Calculating SCF energy
------------------------------------------------------------
------------------------------------------------------------
                 Wall time: 3.62472e+01 sec 
============================================================


============================================================
                 Calculating dipole moment
------------------------------------------------------------
------------------------------------------------------------
                 Wall time: 1.32566e+01 sec 
============================================================


============================================================
                        Fock matrix
------------------------------------------------------------
-1.39868e+01  0.00000e+00  0.00000e+00  0.00000e+00  0.00000e+00  0.00000e+00  0.00000e+00  0.00000e+00
 0.00000e+00 -9.93361e+00  0.00000e+00  0.00000e+00  0.00000e+00  0.00000e+00  0.00000e+00  0.00000e+00
 0.00000e+00  0.00000e+00 -8.29926e-01  0.00000e+00  0.00000e+00  0.00000e+00  0.00000e+00  0.00000e+00
 0.00000e+00  0.00000e+00  0.00000e+00 -5.66128e-01  0.00000e+00  0.00000e+00  0.00000e+00  0.00000e+00
 0.00000e+00  0.00000e+00  0.00000e+00  0.00000e+00 -4.54005e-01  0.00000e+00  0.00000e+00  0.00000e+00
 0.00000e+00  0.00000e+00  0.00000e+00  0.00000e+00  0.00000e+00 -3.86718e-01  0.00000e+00  0.00000e+00
 0.00000e+00  0.00000e+00  0.00000e+00  0.00000e+00  0.00000e+00  0.00000e+00 -3.06378e-01  0.00000e+00
 0.00000e+00  0.00000e+00  0.00000e+00  0.00000e+00  0.00000e+00  0.00000e+00  0.00000e+00 -2.32629e-01
============================================================


============================================================
                      Orbital energies
------------------------------------------------------------
    n  spin  occ                            epsilon  
------------------------------------------------------------
    0    p    2                      -1.398683211238614e+01
    1    p    2                      -9.933613364538401e+00
    2    p    2                      -8.299264531960495e-01
    3    p    2                      -5.661277147236021e-01
    4    p    2                      -4.540045690602713e-01
    5    p    2                      -3.867175754445040e-01
    6    p    2                      -3.063775214744092e-01
    7    p    2                      -2.326290878184573e-01
============================================================


============================================================
                          Molecule
------------------------------------------------------------
 Nr  Element             x             y             z      
------------------------------------------------------------
  1     C           1.11116e-01   0.00000e+00   1.11021e+00
  2     N           1.11116e-01   0.00000e+00  -1.29541e+00
  3     H          -1.62913e+00   0.00000e+00   2.25747e+00
  4     H           1.88538e+00   0.00000e+00   2.12235e+00
  5     H          -1.69981e+00   0.00000e+00  -1.97250e+00
------------------------------------------------------------
 Center of mass:    4.94450e-02   0.00000e+00  -8.20622e-02
============================================================


                                                            
============================================================
                         SCF Energy                         
------------------------------------------------------------
                                                            
 Sum orbital energy:                 -5.339245679728367e+01
 Kinetic energy:                      9.417869851278931e+01
 E-N energy:                         -2.861317255025085e+02
 Coulomb energy:                      7.780737481107613e+01
 Exchange energy:                     0.000000000000000e+00
 X-C energy:                         -1.327503612077560e+01
 El. external field energy:          -2.961939701658124e-04
 Nuc. external field energy:          7.901755727654306e-04
                                                            
------------------------------------------------------------
                                                            
 Electronic energy:                  -1.274209844933888e+02
 Nuclear energy:                      3.286622882210277e+01
                                                            
------------------------------------------------------------
                                                            
 Total energy       (au)             -9.455475567128606e+01
                    (kJ/mol)         -2.482534750841544e+05
                    (kcal/mol)       -5.933400452271345e+04
                    (eV)             -2.572965864880036e+03
                                                            
============================================================
                                                            

                                                            
============================================================
                         Dipole moment                      
------------------------------------------------------------
                                                            
 Length of vector:   (au)                  7.4993558685e-01
                     (Debye)               1.9061459514e+00
                                                            
-------------------------- Total ---------------------------
                                                            
 [-4.9398160260e-01, -3.7526874482e-08,  5.6425664437e-01] 
                                                            
------------------------- Nuclear --------------------------
                                                            
 [-7.9017557277e-01, -1.0549200989e-11,  1.3137513138e+00] 
                                                            
------------------------ Electronic ------------------------
                                                            
 [ 2.9619397017e-01, -3.7516325281e-08, -7.4949466946e-01] 
                                                            
============================================================
                                                            



************************************************************
***                                                      ***
***                    Exiting MRChem                    ***
***                                                      ***
***               Wall time: 5.272628e+03                ***
***                                                      ***
************************************************************


