


************************************************************
***     __  __ ____   ____ _                             ***
***    |  \/  |  _ \ / ___| |__   ___ _ __ ___           ***
***    | |\/| | |_) | |   | '_ \ / _ \ '_ ` _ \          ***
***    | |  | |  _ <| |___| | | |  __/ | | | | |         ***
***    |_|  |_|_| \_\\____|_| |_|\___|_| |_| |_|         ***
***                                                      ***
***    VERSION 0.0.1 (rev. 1c6f79f)                     ***
***                                                      ***
***    Stig Rune Jensen <stig.r.jensen@uit.no>           ***
***    Luca Frediani    <luca.frediani@uit.no>           ***
***    Peter Wind       <peter.wind@uit.no>              ***
***                                                      ***
************************************************************


+++ Parallel execution: 
  MPI hosts available     : 4
  Threads/host            : 2
  Total used CPUs         : 8


------------------------------------------------------------

 MRCPP version   : X.Y.Z
 Git revision    : bbc2aed

 Linear algebra  : EIGEN
 Parallelization : MPI/OpenMP

------------------------------------------------------------




============================================================
                  MultiResolution Analysis                  
------------------------------------------------------------
 polynomial order = 11
 polynomial type  = Interpolating
------------------------------------------------------------
 total boxes      = 8
 boxes            = [           2           2           2 ]
 unit lengths     = [    32.00000    32.00000    32.00000 ]
 scaling factor   = [     1.00000     1.00000     1.00000 ]
 lower bounds     = [   -32.00000   -32.00000   -32.00000 ]
 upper bounds     = [    32.00000    32.00000    32.00000 ]
 total length     = [    64.00000    64.00000    64.00000 ]
============================================================


============================================================
                          Molecule
------------------------------------------------------------
 Nr  Element             x             y             z      
------------------------------------------------------------
  1     C          -3.60130e-02  -1.29355e+00  -1.58500e-07
  2     B          -3.93012e-02   1.64964e+00  -1.24000e-07
  3     H           1.98660e+00  -1.77552e+00   2.04580e-06
  4     H          -8.24468e-01  -2.16015e+00   1.68704e+00
  5     H          -8.24465e-01  -2.16015e+00  -1.68704e+00
  6     H           2.86932e-02   2.80344e+00  -1.93298e+00
  7     H           2.86989e-02   2.80344e+00   1.93298e+00
------------------------------------------------------------
 Center of mass:   -1.64830e-02   6.47688e-02  -1.06223e-07
============================================================


============================================================
                Setting up nuclear potential
------------------------------------------------------------
 Nr  Element         Charge        Precision     Smoothing 
------------------------------------------------------------
  1     C           6.00000e+00   1.00000e-07   3.82453e-05
  2     B           5.00000e+00   1.00000e-07   5.18258e-05
  3     H           1.00000e+00   1.00000e-07   7.57698e-04
  4     H           1.00000e+00   1.00000e-07   7.57698e-04
  5     H           1.00000e+00   1.00000e-07   7.57698e-04
  6     H           1.00000e+00   1.00000e-07   7.57698e-04
  7     H           1.00000e+00   1.00000e-07   7.57698e-04
------------------------------------------------------------
 Nuclear potential                    1880      2.45233e+00
 Allreduce potential                  4608      3.07868e+00
------------------------------------------------------------
                 Wall time: 5.53112e+00 sec 
============================================================


============================================================
 OrbitalVector:   8 orbitals     8 occupied    16 electrons
------------------------------------------------------------
   n  RankID           Norm          Spin Occ      Error    
------------------------------------------------------------
   0     0       1.000000000000e+00    p   2    1.00000e+00
   1     1      -1.000000000000e+00    p   2    1.00000e+00
   2     2      -1.000000000000e+00    p   2    1.00000e+00
   3     3      -1.000000000000e+00    p   2    1.00000e+00
   4     0       1.000000000000e+00    p   2    1.00000e+00
   5     1      -1.000000000000e+00    p   2    1.00000e+00
   6     2      -1.000000000000e+00    p   2    1.00000e+00
   7     3      -1.000000000000e+00    p   2    1.00000e+00
============================================================


============================================================
                  Setting up Fock operator
------------------------------------------------------------
 Precision                                      1.00000e-07
------------------------------------------------------------
 Coulomb density                      1560      2.45737e+00
 Coulomb potential                     616      5.15315e+01
 Allreduce potential                   712      1.20327e+00
 XC total density                     2456      4.32428e+00
 XC evaluate xcfun                   12280      3.62415e+01
 XC energy                            2456      1.74576e-04
 XC potential                         2456      1.17713e+00
------------------------------------------------------------
                 Wall time: 9.77802e+01 sec 
============================================================


============================================================
                  Calculating Fock matrix
------------------------------------------------------------
 Kinetic part                         1.124074576400000e+01
 Potential part                       3.989440628900000e+01
------------------------------------------------------------
                 Wall time: 5.11353e+01 sec 
============================================================




####################### SCF cycle  1 #######################


============================================================
 Current precision                              1.00000e-07
------------------------------------------------------------
 Orbital threshold                              1.00000e-06
 Property threshold                            -1.00000e+00
============================================================


============================================================
                  Digonalizing Fock matrix
------------------------------------------------------------
 Computing Lowdin matrix                        7.56568e-01
 Diagonalizing matrix                           1.73950e-05
 Rotating orbitals                              2.55702e+00
------------------------------------------------------------
                 Wall time: 3.31369e+00 sec 
============================================================


============================================================
                   Calculating SCF energy
------------------------------------------------------------
 Nuclear energy                       3.187927556038662e+01
 Electronic energy                   -9.773314618537519e+01
------------------------------------------------------------
 Total energy                        -6.585387062498856e+01
------------------------------------------------------------
                 Wall time: 2.98402e+01 sec 
============================================================


============================================================
                Rotating Helmholtz argument
------------------------------------------------------------
 Rotating orbitals                              8.47267e-01
------------------------------------------------------------
                 Wall time: 8.47343e-01 sec 
============================================================


============================================================
                Applying Helmholtz operators
------------------------------------------------------------
 Orb    RealNorm   Nodes     ImagNorm   Nodes     Timing
------------------------------------------------------------
  0    1.00000e+00   696    0.00000e+00     0   5.86742e+01
  4    1.00000e+00  1232    0.00000e+00     0   1.18014e+02
------------------------------------------------------------
                 Wall time: 1.76689e+02 sec 
============================================================


============================================================
                 Lowdin orthonormalization
------------------------------------------------------------
 Computing Lowdin matrix                        9.84917e+01
 Rotating orbitals                              2.31522e+00
------------------------------------------------------------
                 Wall time: 1.00807e+02 sec 
============================================================


============================================================
               Iterative subspace accelerator
------------------------------------------------------------
 Push back orbitals                             4.36270e-05
 Copy orbitals                                  8.66330e-02
 Copy orbital updates                           8.88105e-02
------------------------------------------------------------
                 Wall time: 1.75588e-01 sec 
============================================================


============================================================
                 Lowdin orthonormalization
------------------------------------------------------------
 Computing Lowdin matrix                        5.96747e-01
 Rotating orbitals                              1.30742e+00
------------------------------------------------------------
                 Wall time: 1.90425e+00 sec 
============================================================


============================================================
                  Setting up Fock operator
------------------------------------------------------------
 Precision                                      1.00000e-07
------------------------------------------------------------
 Coulomb density                      1624      1.93372e+00
 Coulomb potential                     616      5.34175e+01
 Allreduce potential                   712      1.49177e+00
 XC total density                     2336      3.50830e+00
 XC evaluate xcfun                   11680      3.44735e+01
 XC energy                            2336      1.69764e-04
 XC potential                         2336      1.05493e+00
------------------------------------------------------------
                 Wall time: 9.66249e+01 sec 
============================================================


============================================================
                  Calculating Fock matrix
------------------------------------------------------------
 Kinetic part                         8.768384427000001e+00
 Potential part                       3.235343718100000e+01
------------------------------------------------------------
                 Wall time: 4.11220e+01 sec 
============================================================


============================================================
                          Orbitals
------------------------------------------------------------
 Orb    F(i,i)        Error         nNodes  Spin  Occ  Done 
------------------------------------------------------------
  0  -9.86432e+00   2.89278e-05        712    p    2    0
  1  -6.50824e+00   5.96543e-05          0    p    2    0
  2  -6.39064e-01   2.33558e-04          0    p    2    0
  3  -4.32220e-01   3.69210e-04          0    p    2    0
  4  -3.73529e-01   1.57373e-03       1240    p    2    0
  5  -3.62926e-01   1.04150e-03          0    p    2    0
  6  -2.94380e-01   1.16377e-03          0    p    2    0
  7  -2.80139e-01   1.79853e-03          0    p    2    0
------------------------------------------------------------
 Total error:                            2.88889e-03    0
============================================================


============================================================
                    Energy                 Update      Done 
------------------------------------------------------------
 Orbital      -3.750961664158683e+01    -3.75096e+01    1
 Kinetic       6.553419000353794e+01     6.55342e+01    1
 N-E          -2.154609063032738e+02    -2.15461e+02    1
 Coulomb       6.340582224315877e+01     6.34058e+01    1
 Exchange      0.000000000000000e+00     0.00000e+00    1
 X-C          -1.121225212857715e+01    -1.12123e+01    1
------------------------------------------------------------
 Electronic   -9.773314618537519e+01    -9.77331e+01    1
 Nuclear       3.187927556038662e+01     3.18793e+01    1
------------------------------------------------------------
 Total        -6.585387062498856e+01    -6.58539e+01    1
============================================================


################ Wall time: 4.51621e+02 sec ################




####################### SCF cycle  2 #######################


============================================================
 Current precision                              1.00000e-07
------------------------------------------------------------
 Orbital threshold                              1.00000e-06
 Property threshold                            -1.00000e+00
============================================================


============================================================
                  Digonalizing Fock matrix
------------------------------------------------------------
 Computing Lowdin matrix                        5.15058e-01
 Diagonalizing matrix                           1.49640e-05
 Rotating orbitals                              2.30492e+00
------------------------------------------------------------
                 Wall time: 2.82007e+00 sec 
============================================================


============================================================
                   Calculating SCF energy
------------------------------------------------------------
 Nuclear energy                       3.187927556038662e+01
 Electronic energy                   -9.773316019555548e+01
------------------------------------------------------------
 Total energy                        -6.585388463516887e+01
------------------------------------------------------------
                 Wall time: 2.97568e+01 sec 
============================================================


============================================================
                Rotating Helmholtz argument
------------------------------------------------------------
 Rotating orbitals                              8.51530e-01
------------------------------------------------------------
                 Wall time: 8.51613e-01 sec 
============================================================


============================================================
                Applying Helmholtz operators
------------------------------------------------------------
 Orb    RealNorm   Nodes     ImagNorm   Nodes     Timing
------------------------------------------------------------
  0    1.00000e+00   696    0.00000e+00     0   5.72490e+01
  4    1.00000e+00  1216    0.00000e+00     0   1.14065e+02
------------------------------------------------------------
                 Wall time: 1.71314e+02 sec 
============================================================


============================================================
                 Lowdin orthonormalization
------------------------------------------------------------
 Computing Lowdin matrix                        9.53173e+01
 Rotating orbitals                              2.28245e+00
------------------------------------------------------------
                 Wall time: 9.75998e+01 sec 
============================================================


============================================================
               Iterative subspace accelerator
------------------------------------------------------------
 Push back orbitals                             3.49056e-02
 Copy orbitals                                  8.71441e-02
 Copy orbital updates                           8.51415e-02
------------------------------------------------------------
                 Wall time: 2.07300e-01 sec 
============================================================


============================================================
                 Lowdin orthonormalization
------------------------------------------------------------
 Computing Lowdin matrix                        6.03512e-01
 Rotating orbitals                              1.26900e+00
------------------------------------------------------------
                 Wall time: 1.87258e+00 sec 
============================================================


============================================================
                  Setting up Fock operator
------------------------------------------------------------
 Precision                                      1.00000e-07
------------------------------------------------------------
 Coulomb density                      1600      1.85888e+00
 Coulomb potential                     616      5.21837e+01
 Allreduce potential                   712      2.73984e+00
 XC total density                     2336      3.36475e+00
 XC evaluate xcfun                   11680      3.43685e+01
 XC energy                            2336      1.66581e-04
 XC potential                         2336      1.03315e+00
------------------------------------------------------------
                 Wall time: 9.62736e+01 sec 
============================================================


============================================================
                  Calculating Fock matrix
------------------------------------------------------------
 Kinetic part                         8.765905662000000e+00
 Potential part                       3.119559811300000e+01
------------------------------------------------------------
                 Wall time: 3.99616e+01 sec 
============================================================


============================================================
                          Orbitals
------------------------------------------------------------
 Orb    F(i,i)        Error         nNodes  Spin  Occ  Done 
------------------------------------------------------------
  0  -9.86433e+00   1.14524e-05        712    p    2    0
  1  -6.50824e+00   2.42980e-05          0    p    2    0
  2  -6.39068e-01   1.13600e-04          0    p    2    0
  3  -4.32224e-01   1.60542e-04          0    p    2    0
  4  -3.73534e-01   2.84754e-04       1224    p    2    0
  5  -3.62928e-01   1.38938e-04          0    p    2    0
  6  -2.94384e-01   2.17125e-04          0    p    2    0
  7  -2.80143e-01   4.19418e-04          0    p    2    0
------------------------------------------------------------
 Total error:                            6.02365e-04    0
============================================================


============================================================
                    Energy                 Update      Done 
------------------------------------------------------------
 Orbital      -3.750963911199249e+01    -2.24704e-05    1
 Kinetic       6.553419415656982e+01     4.15303e-06    1
 N-E          -2.154608929159393e+02     1.33873e-05    1
 Coulomb       6.340581362476426e+01    -8.61839e-06    1
 Exchange      0.000000000000000e+00     0.00000e+00    1
 X-C          -1.121225132173544e+01     8.06842e-07    1
------------------------------------------------------------
 Electronic   -9.773316019555548e+01    -1.40102e-05    1
 Nuclear       3.187927556038662e+01     0.00000e+00    1
------------------------------------------------------------
 Total        -6.585388463516887e+01    -1.40102e-05    1
============================================================


################ Wall time: 4.40944e+02 sec ################




####################### SCF cycle  3 #######################


============================================================
 Current precision                              1.00000e-07
------------------------------------------------------------
 Orbital threshold                              1.00000e-06
 Property threshold                            -1.00000e+00
============================================================


============================================================
                   Calculating SCF energy
------------------------------------------------------------
 Nuclear energy                       3.187927556038662e+01
 Electronic energy                   -9.773316111939872e+01
------------------------------------------------------------
 Total energy                        -6.585388555901210e+01
------------------------------------------------------------
                 Wall time: 3.17957e+01 sec 
============================================================


============================================================
                Rotating Helmholtz argument
------------------------------------------------------------
 Rotating orbitals                              2.42692e+00
------------------------------------------------------------
                 Wall time: 2.42700e+00 sec 
============================================================


============================================================
                Applying Helmholtz operators
------------------------------------------------------------
 Orb    RealNorm   Nodes     ImagNorm   Nodes     Timing
------------------------------------------------------------
  0    1.00000e+00   696    0.00000e+00     0   5.95488e+01
  4    1.00000e+00  1216    0.00000e+00     0   1.16259e+02
------------------------------------------------------------
                 Wall time: 1.75829e+02 sec 
============================================================


============================================================
                 Lowdin orthonormalization
------------------------------------------------------------
 Computing Lowdin matrix                        1.05303e+02
 Rotating orbitals                              2.38597e+00
------------------------------------------------------------
                 Wall time: 1.07689e+02 sec 
============================================================


============================================================
               Iterative subspace accelerator
------------------------------------------------------------
 Push back orbitals                             1.43040e-02
 Setup linear system                            3.62651e-01
 Solve linear system                            1.12960e-05
 Expand solution                                8.76515e-01
------------------------------------------------------------
                 Wall time: 1.25360e+00 sec 
============================================================


============================================================
                 Lowdin orthonormalization
------------------------------------------------------------
 Computing Lowdin matrix                        9.22009e-01
 Rotating orbitals                              2.06470e+00
------------------------------------------------------------
                 Wall time: 2.98679e+00 sec 
============================================================


============================================================
                  Setting up Fock operator
------------------------------------------------------------
 Precision                                      1.00000e-07
------------------------------------------------------------
 Coulomb density                      1600      1.96951e+00
 Coulomb potential                     616      5.30453e+01
 Allreduce potential                   712      3.35457e+00
 XC total density                     2336      3.60342e+00
 XC evaluate xcfun                   11680      3.40700e+01
 XC energy                            2336      1.70305e-04
 XC potential                         2336      1.09518e+00
------------------------------------------------------------
                 Wall time: 9.78844e+01 sec 
============================================================


============================================================
                  Calculating Fock matrix
------------------------------------------------------------
 Kinetic part                         9.350376769000000e+00
 Potential part                       3.266536568600000e+01
------------------------------------------------------------
                 Wall time: 4.20159e+01 sec 
============================================================


============================================================
                          Orbitals
------------------------------------------------------------
 Orb    F(i,i)        Error         nNodes  Spin  Occ  Done 
------------------------------------------------------------
  0  -9.86433e+00   8.45226e-06        712    p    2    0
  1  -6.50824e+00   1.73102e-05          0    p    2    0
  2  -6.39068e-01   4.26515e-05          0    p    2    0
  3  -4.32224e-01   7.46743e-05          0    p    2    0
  4  -3.73533e-01   1.33296e-04       1224    p    2    0
  5  -3.62928e-01   7.10743e-05          0    p    2    0
  6  -2.94383e-01   1.23279e-04          0    p    2    0
  7  -2.80144e-01   2.18294e-04          0    p    2    0
------------------------------------------------------------
 Total error:                            3.05673e-04    0
============================================================


============================================================
                    Energy                 Update      Done 
------------------------------------------------------------
 Orbital      -3.750970897996449e+01    -6.98680e-05    1
 Kinetic       6.553416916019384e+01    -2.49964e-05    1
 N-E          -2.154608018707473e+02     9.10452e-05    1
 Coulomb       6.340574192015114e+01    -7.17046e-05    1
 Exchange      0.000000000000000e+00     0.00000e+00    1
 X-C          -1.121224230832614e+01     9.01341e-06    1
------------------------------------------------------------
 Electronic   -9.773316111939872e+01    -9.23843e-07    1
 Nuclear       3.187927556038662e+01     0.00000e+00    1
------------------------------------------------------------
 Total        -6.585388555901210e+01    -9.23843e-07    1
============================================================


################ Wall time: 4.62424e+02 sec ################




####################### SCF cycle  4 #######################


============================================================
 Current precision                              1.00000e-07
------------------------------------------------------------
 Orbital threshold                              1.00000e-06
 Property threshold                            -1.00000e+00
============================================================


============================================================
                   Calculating SCF energy
------------------------------------------------------------
 Nuclear energy                       3.187927556038662e+01
 Electronic energy                   -9.773316136735791e+01
------------------------------------------------------------
 Total energy                        -6.585388580697128e+01
------------------------------------------------------------
                 Wall time: 3.32423e+01 sec 
============================================================


============================================================
                Rotating Helmholtz argument
------------------------------------------------------------
 Rotating orbitals                              2.41855e+00
------------------------------------------------------------
                 Wall time: 2.41863e+00 sec 
============================================================


============================================================
                Applying Helmholtz operators
------------------------------------------------------------
 Orb    RealNorm   Nodes     ImagNorm   Nodes     Timing
------------------------------------------------------------
  0    1.00000e+00   696    0.00000e+00     0   6.08703e+01
  4    1.00000e+00  1224    0.00000e+00     0   1.19005e+02
------------------------------------------------------------
                 Wall time: 1.79876e+02 sec 
============================================================


============================================================
                 Lowdin orthonormalization
------------------------------------------------------------
 Computing Lowdin matrix                        1.13009e+02
 Rotating orbitals                              2.50420e+00
------------------------------------------------------------
                 Wall time: 1.15514e+02 sec 
============================================================


============================================================
               Iterative subspace accelerator
------------------------------------------------------------
 Push back orbitals                             3.15262e-02
 Setup linear system                            1.16413e+00
 Solve linear system                            1.23280e-05
 Expand solution                                1.50649e+00
------------------------------------------------------------
                 Wall time: 2.70229e+00 sec 
============================================================


============================================================
                 Lowdin orthonormalization
------------------------------------------------------------
 Computing Lowdin matrix                        1.03454e+00
 Rotating orbitals                              2.17904e+00
------------------------------------------------------------
                 Wall time: 3.21365e+00 sec 
============================================================


============================================================
                  Setting up Fock operator
------------------------------------------------------------
 Precision                                      1.00000e-07
------------------------------------------------------------
 Coulomb density                      1600      2.11188e+00
 Coulomb potential                     616      5.45785e+01
 Allreduce potential                   712      5.58579e+00
 XC total density                     2336      3.68646e+00
 XC evaluate xcfun                   11680      3.42793e+01
 XC energy                            2336      1.75037e-04
 XC potential                         2336      1.19654e+00
------------------------------------------------------------
                 Wall time: 1.02190e+02 sec 
============================================================


============================================================
                  Calculating Fock matrix
------------------------------------------------------------
 Kinetic part                         9.672177782000000e+00
 Potential part                       3.414128275900000e+01
------------------------------------------------------------
                 Wall time: 4.38136e+01 sec 
============================================================


============================================================
                          Orbitals
------------------------------------------------------------
 Orb    F(i,i)        Error         nNodes  Spin  Occ  Done 
------------------------------------------------------------
  0  -9.86433e+00   3.93851e-06        712    p    2    0
  1  -6.50825e+00   6.65975e-06          0    p    2    0
  2  -6.39069e-01   8.06318e-06          0    p    2    0
  3  -4.32224e-01   1.97192e-05          0    p    2    0
  4  -3.73533e-01   5.54607e-05       1224    p    2    0
  5  -3.62929e-01   4.00390e-05          0    p    2    0
  6  -2.94383e-01   6.51622e-05          0    p    2    0
  7  -2.80145e-01   8.23379e-05          0    p    2    0
------------------------------------------------------------
 Total error:                            1.27351e-04    0
============================================================


============================================================
                    Energy                 Update      Done 
------------------------------------------------------------
 Orbital      -3.750970322000239e+01     5.75996e-06    1
 Kinetic       6.553417907603702e+01     9.91584e-06    1
 N-E          -2.154608157146939e+02    -1.38439e-05    1
 Coulomb       6.340574808254701e+01     6.16240e-06    1
 Exchange      0.000000000000000e+00     0.00000e+00    1
 X-C          -1.121224284877077e+01    -5.40445e-07    1
------------------------------------------------------------
 Electronic   -9.773316136735791e+01    -2.47959e-07    1
 Nuclear       3.187927556038662e+01     0.00000e+00    1
------------------------------------------------------------
 Total        -6.585388580697128e+01    -2.47959e-07    1
============================================================


################ Wall time: 4.83636e+02 sec ################




####################### SCF cycle  5 #######################


============================================================
 Current precision                              1.00000e-07
------------------------------------------------------------
 Orbital threshold                              1.00000e-06
 Property threshold                            -1.00000e+00
============================================================


============================================================
                   Calculating SCF energy
------------------------------------------------------------
 Nuclear energy                       3.187927556038662e+01
 Electronic energy                   -9.773316141674192e+01
------------------------------------------------------------
 Total energy                        -6.585388585635530e+01
------------------------------------------------------------
                 Wall time: 3.51961e+01 sec 
============================================================


============================================================
                Rotating Helmholtz argument
------------------------------------------------------------
 Rotating orbitals                              2.54283e+00
------------------------------------------------------------
                 Wall time: 2.54291e+00 sec 
============================================================


============================================================
                Applying Helmholtz operators
------------------------------------------------------------
 Orb    RealNorm   Nodes     ImagNorm   Nodes     Timing
------------------------------------------------------------
  0    1.00000e+00   696    0.00000e+00     0   6.18940e+01
  4    1.00000e+00  1224    0.00000e+00     0   1.23559e+02
------------------------------------------------------------
                 Wall time: 1.85459e+02 sec 
============================================================


============================================================
                 Lowdin orthonormalization
------------------------------------------------------------
 Computing Lowdin matrix                        1.19298e+02
 Rotating orbitals                              2.40974e+00
------------------------------------------------------------
                 Wall time: 1.21708e+02 sec 
============================================================


============================================================
               Iterative subspace accelerator
------------------------------------------------------------
 Push back orbitals                             7.88271e-02
 Setup linear system                            2.28680e+00
 Solve linear system                            9.36300e-06
 Expand solution                                2.25442e+00
------------------------------------------------------------
                 Wall time: 4.62017e+00 sec 
============================================================


============================================================
                 Lowdin orthonormalization
------------------------------------------------------------
 Computing Lowdin matrix                        1.18159e+00
 Rotating orbitals                              2.42286e+00
------------------------------------------------------------
                 Wall time: 3.60454e+00 sec 
============================================================


============================================================
                  Setting up Fock operator
------------------------------------------------------------
 Precision                                      1.00000e-07
------------------------------------------------------------
 Coulomb density                      1600      1.97020e+00
 Coulomb potential                     616      5.56443e+01
 Allreduce potential                   712      7.76001e+00
 XC total density                     2336      3.71422e+00
 XC evaluate xcfun                   11680      3.46669e+01
 XC energy                            2336      1.71808e-04
 XC potential                         2336      1.21585e+00
------------------------------------------------------------
                 Wall time: 1.05721e+02 sec 
============================================================


============================================================
                  Calculating Fock matrix
------------------------------------------------------------
 Kinetic part                         9.721070121000000e+00
 Potential part                       3.546265122000000e+01
------------------------------------------------------------
                 Wall time: 4.51839e+01 sec 
============================================================


============================================================
                          Orbitals
------------------------------------------------------------
 Orb    F(i,i)        Error         nNodes  Spin  Occ  Done 
------------------------------------------------------------
  0  -9.86433e+00   1.01514e-06        712    p    2    0
  1  -6.50824e+00   1.41494e-06          0    p    2    0
  2  -6.39068e-01   3.29888e-06          0    p    2    0
  3  -4.32224e-01   4.64450e-06          0    p    2    0
  4  -3.73532e-01   1.77558e-05       1224    p    2    0
  5  -3.62928e-01   1.35496e-05          0    p    2    0
  6  -2.94382e-01   2.42380e-05          0    p    2    0
  7  -2.80145e-01   2.69855e-05          0    p    2    0
------------------------------------------------------------
 Total error:                            4.30122e-05    0
============================================================


============================================================
                    Energy                 Update      Done 
------------------------------------------------------------
 Orbital      -3.750971767521114e+01    -1.44552e-05    1
 Kinetic       6.553417153573508e+01    -7.54030e-06    1
 N-E          -2.154607945656668e+02     2.11490e-05    1
 Coulomb       6.340573315130823e+01    -1.49312e-05    1
 Exchange      0.000000000000000e+00     0.00000e+00    1
 X-C          -1.121224112792079e+01     1.72085e-06    1
------------------------------------------------------------
 Electronic   -9.773316141674192e+01    -4.93840e-08    1
 Nuclear       3.187927556038662e+01     0.00000e+00    1
------------------------------------------------------------
 Total        -6.585388585635530e+01    -4.93840e-08    1
============================================================


################ Wall time: 5.04826e+02 sec ################




####################### SCF cycle  6 #######################


============================================================
 Current precision                              1.00000e-07
------------------------------------------------------------
 Orbital threshold                              1.00000e-06
 Property threshold                            -1.00000e+00
============================================================


============================================================
                   Calculating SCF energy
------------------------------------------------------------
 Nuclear energy                       3.187927556038662e+01
 Electronic energy                   -9.773316142169895e+01
------------------------------------------------------------
 Total energy                        -6.585388586131234e+01
------------------------------------------------------------
                 Wall time: 3.67184e+01 sec 
============================================================


============================================================
                Rotating Helmholtz argument
------------------------------------------------------------
 Rotating orbitals                              2.49029e+00
------------------------------------------------------------
                 Wall time: 2.49038e+00 sec 
============================================================


============================================================
                Applying Helmholtz operators
------------------------------------------------------------
 Orb    RealNorm   Nodes     ImagNorm   Nodes     Timing
------------------------------------------------------------
  0    1.00000e+00   696    0.00000e+00     0   6.43405e+01
  4    1.00000e+00  1224    0.00000e+00     0   1.28330e+02
------------------------------------------------------------
                 Wall time: 1.92671e+02 sec 
============================================================


============================================================
                 Lowdin orthonormalization
------------------------------------------------------------
 Computing Lowdin matrix                        1.16765e+02
 Rotating orbitals                              2.46739e+00
------------------------------------------------------------
                 Wall time: 1.19232e+02 sec 
============================================================


============================================================
               Iterative subspace accelerator
------------------------------------------------------------
 Push back orbitals                             1.21965e-01
 Setup linear system                            2.24819e+00
 Solve linear system                            9.29500e-06
 Expand solution                                2.30994e+00
------------------------------------------------------------
                 Wall time: 4.68024e+00 sec 
============================================================


============================================================
                 Lowdin orthonormalization
------------------------------------------------------------
 Computing Lowdin matrix                        1.23313e+00
 Rotating orbitals                              2.39709e+00
------------------------------------------------------------
                 Wall time: 3.63031e+00 sec 
============================================================


============================================================
                  Setting up Fock operator
------------------------------------------------------------
 Precision                                      1.00000e-07
------------------------------------------------------------
 Coulomb density                      1600      2.10641e+00
 Coulomb potential                     616      5.78467e+01
 Allreduce potential                   712      3.83666e+00
 XC total density                     2336      3.63676e+00
 XC evaluate xcfun                   11680      3.44380e+01
 XC energy                            2336      1.98810e-04
 XC potential                         2336      1.20921e+00
------------------------------------------------------------
                 Wall time: 1.03816e+02 sec 
============================================================


============================================================
                  Calculating Fock matrix
------------------------------------------------------------
 Kinetic part                         9.559828151000000e+00
 Potential part                       3.509698702100000e+01
------------------------------------------------------------
                 Wall time: 4.46570e+01 sec 
============================================================


============================================================
                          Orbitals
------------------------------------------------------------
 Orb    F(i,i)        Error         nNodes  Spin  Occ  Done 
------------------------------------------------------------
  0  -9.86433e+00   7.90133e-07        712    p    2    1
  1  -6.50825e+00   1.56396e-06          0    p    2    0
  2  -6.39069e-01   1.04087e-06          0    p    2    0
  3  -4.32224e-01   2.37879e-06          0    p    2    0
  4  -3.73533e-01   6.44813e-06       1224    p    2    0
  5  -3.62929e-01   3.14899e-06          0    p    2    0
  6  -2.94383e-01   6.66556e-06          0    p    2    0
  7  -2.80145e-01   1.39440e-05          0    p    2    0
------------------------------------------------------------
 Total error:                            1.73254e-05    0
============================================================


============================================================
                    Energy                 Update      Done 
------------------------------------------------------------
 Orbital      -3.750969802155647e+01     1.96537e-05    1
 Kinetic       6.553418227555404e+01     1.07398e-05    1
 N-E          -2.154608231998841e+02    -2.86342e-05    1
 Coulomb       6.340575356699809e+01     2.04157e-05    1
 Exchange      0.000000000000000e+00     0.00000e+00    1
 X-C          -1.121224358975330e+01    -2.46183e-06    1
------------------------------------------------------------
 Electronic   -9.773316142169895e+01    -4.95703e-09    1
 Nuclear       3.187927556038662e+01     0.00000e+00    1
------------------------------------------------------------
 Total        -6.585388586131234e+01    -4.95703e-09    1
============================================================


################ Wall time: 5.08772e+02 sec ################




####################### SCF cycle  7 #######################


============================================================
 Current precision                              1.00000e-07
------------------------------------------------------------
 Orbital threshold                              1.00000e-06
 Property threshold                            -1.00000e+00
============================================================


============================================================
                   Calculating SCF energy
------------------------------------------------------------
 Nuclear energy                       3.187927556038662e+01
 Electronic energy                   -9.773316142286139e+01
------------------------------------------------------------
 Total energy                        -6.585388586247475e+01
------------------------------------------------------------
                 Wall time: 3.78241e+01 sec 
============================================================


============================================================
                Rotating Helmholtz argument
------------------------------------------------------------
 Rotating orbitals                              2.53250e+00
------------------------------------------------------------
                 Wall time: 2.53259e+00 sec 
============================================================


============================================================
                Applying Helmholtz operators
------------------------------------------------------------
 Orb    RealNorm   Nodes     ImagNorm   Nodes     Timing
------------------------------------------------------------
  0    1.00000e+00   696    0.00000e+00     0   6.57333e+01
  4    1.00000e+00  1224    0.00000e+00     0   1.27611e+02
------------------------------------------------------------
                 Wall time: 1.93345e+02 sec 
============================================================


============================================================
                 Lowdin orthonormalization
------------------------------------------------------------
 Computing Lowdin matrix                        1.20824e+02
 Rotating orbitals                              2.38238e+00
------------------------------------------------------------
                 Wall time: 1.23206e+02 sec 
============================================================


============================================================
               Iterative subspace accelerator
------------------------------------------------------------
 Push back orbitals                             3.20021e-02
 Setup linear system                            2.28854e+00
 Solve linear system                            9.24600e-06
 Expand solution                                2.34394e+00
------------------------------------------------------------
                 Wall time: 4.66463e+00 sec 
============================================================


============================================================
                 Lowdin orthonormalization
------------------------------------------------------------
 Computing Lowdin matrix                        1.14993e+00
 Rotating orbitals                              2.17853e+00
------------------------------------------------------------
                 Wall time: 3.32854e+00 sec 
============================================================


============================================================
                  Setting up Fock operator
------------------------------------------------------------
 Precision                                      1.00000e-07
------------------------------------------------------------
 Coulomb density                      1600      2.17185e+00
 Coulomb potential                     616      5.68396e+01
 Allreduce potential                   712      5.25306e+00
 XC total density                     2336      3.93572e+00
 XC evaluate xcfun                   11680      3.49933e+01
 XC energy                            2336      1.95734e-04
 XC potential                         2336      1.24821e+00
------------------------------------------------------------
                 Wall time: 1.05235e+02 sec 
============================================================


============================================================
                  Calculating Fock matrix
------------------------------------------------------------
 Kinetic part                         9.658617292000001e+00
 Potential part                       3.479270286200000e+01
------------------------------------------------------------
                 Wall time: 4.44514e+01 sec 
============================================================


============================================================
                          Orbitals
------------------------------------------------------------
 Orb    F(i,i)        Error         nNodes  Spin  Occ  Done 
------------------------------------------------------------
  0  -9.86433e+00   3.71497e-07        712    p    2    1
  1  -6.50824e+00   7.03995e-07          0    p    2    1
  2  -6.39068e-01   8.63813e-07          0    p    2    1
  3  -4.32224e-01   1.57050e-06          0    p    2    0
  4  -3.73532e-01   3.16586e-06       1224    p    2    0
  5  -3.62929e-01   1.10534e-06          0    p    2    0
  6  -2.94382e-01   1.78722e-06          0    p    2    0
  7  -2.80145e-01   6.76867e-06          0    p    2    0
------------------------------------------------------------
 Total error:                            8.00624e-06    0
============================================================


============================================================
                    Energy                 Update      Done 
------------------------------------------------------------
 Orbital      -3.750971672588558e+01    -1.87043e-05    1
 Kinetic       6.553417203124044e+01    -1.02443e-05    1
 N-E          -2.154607958067466e+02     2.73931e-05    1
 Coulomb       6.340573416326060e+01    -1.94037e-05    1
 Exchange      0.000000000000000e+00     0.00000e+00    1
 X-C          -1.121224132824532e+01     2.26151e-06    1
------------------------------------------------------------
 Electronic   -9.773316142286139e+01    -1.16243e-09    1
 Nuclear       3.187927556038662e+01     0.00000e+00    1
------------------------------------------------------------
 Total        -6.585388586247475e+01    -1.16243e-09    1
============================================================


################ Wall time: 5.15450e+02 sec ################




####################### SCF cycle  8 #######################


============================================================
 Current precision                              1.00000e-07
------------------------------------------------------------
 Orbital threshold                              1.00000e-06
 Property threshold                            -1.00000e+00
============================================================


============================================================
                   Calculating SCF energy
------------------------------------------------------------
 Nuclear energy                       3.187927556038662e+01
 Electronic energy                   -9.773316142268482e+01
------------------------------------------------------------
 Total energy                        -6.585388586229820e+01
------------------------------------------------------------
                 Wall time: 3.73913e+01 sec 
============================================================


============================================================
                Rotating Helmholtz argument
------------------------------------------------------------
 Rotating orbitals                              2.60387e+00
------------------------------------------------------------
                 Wall time: 2.60396e+00 sec 
============================================================


============================================================
                Applying Helmholtz operators
------------------------------------------------------------
 Orb    RealNorm   Nodes     ImagNorm   Nodes     Timing
------------------------------------------------------------
  0    1.00000e+00   696    0.00000e+00     0   6.62380e+01
  4    1.00000e+00  1224    0.00000e+00     0   1.31376e+02
------------------------------------------------------------
                 Wall time: 1.97631e+02 sec 
============================================================


============================================================
                 Lowdin orthonormalization
------------------------------------------------------------
 Computing Lowdin matrix                        1.23203e+02
 Rotating orbitals                              2.46880e+00
------------------------------------------------------------
                 Wall time: 1.25672e+02 sec 
============================================================


============================================================
               Iterative subspace accelerator
------------------------------------------------------------
 Push back orbitals                             3.22157e-02
 Setup linear system                            2.18418e+00
 Solve linear system                            9.38000e-06
 Expand solution                                2.44019e+00
------------------------------------------------------------
                 Wall time: 4.65673e+00 sec 
============================================================


============================================================
                 Lowdin orthonormalization
------------------------------------------------------------
 Computing Lowdin matrix                        1.14912e+00
 Rotating orbitals                              2.28754e+00
------------------------------------------------------------
                 Wall time: 3.43674e+00 sec 
============================================================


============================================================
                  Setting up Fock operator
------------------------------------------------------------
 Precision                                      1.00000e-07
------------------------------------------------------------
 Coulomb density                      1600      2.05524e+00
 Coulomb potential                     616      6.07687e+01
 Allreduce potential                   712      2.77812e+00
 XC total density                     2336      3.92774e+00
 XC evaluate xcfun                   11680      3.54178e+01
 XC energy                            2336      1.78548e-04
 XC potential                         2336      1.24657e+00
------------------------------------------------------------
                 Wall time: 1.06999e+02 sec 
============================================================


============================================================
                  Calculating Fock matrix
------------------------------------------------------------
 Kinetic part                         8.883187553000001e+00
 Potential part                       3.576754213300000e+01
------------------------------------------------------------
                 Wall time: 4.46509e+01 sec 
============================================================


============================================================
                          Orbitals
------------------------------------------------------------
 Orb    F(i,i)        Error         nNodes  Spin  Occ  Done 
------------------------------------------------------------
  0  -9.86433e+00   6.17152e-08        712    p    2    1
  1  -6.50824e+00   9.02793e-08          0    p    2    1
  2  -6.39069e-01   3.53088e-07          0    p    2    1
  3  -4.32224e-01   4.76362e-07          0    p    2    1
  4  -3.73533e-01   1.25304e-06       1224    p    2    0
  5  -3.62929e-01   8.37136e-07          0    p    2    1
  6  -2.94383e-01   1.11248e-06          0    p    2    0
  7  -2.80145e-01   2.55477e-06          0    p    2    0
------------------------------------------------------------
 Total error:                            3.22474e-06    0
============================================================


============================================================
                    Energy                 Update      Done 
------------------------------------------------------------
 Orbital      -3.750970428192530e+01     1.24440e-05    1
 Kinetic       6.553417904672040e+01     7.01548e-06    1
 N-E          -2.154608142242095e+02    -1.84175e-05    1
 Coulomb       6.340574707665286e+01     1.29134e-05    1
 Exchange      0.000000000000000e+00     0.00000e+00    1
 X-C          -1.121224284345901e+01    -1.51521e-06    1
------------------------------------------------------------
 Electronic   -9.773316142268482e+01     1.76570e-10    1
 Nuclear       3.187927556038662e+01     0.00000e+00    1
------------------------------------------------------------
 Total        -6.585388586229820e+01     1.76570e-10    1
============================================================


################ Wall time: 5.23860e+02 sec ################




####################### SCF cycle  9 #######################


============================================================
 Current precision                              1.00000e-07
------------------------------------------------------------
 Orbital threshold                              1.00000e-06
 Property threshold                            -1.00000e+00
============================================================


============================================================
                   Calculating SCF energy
------------------------------------------------------------
 Nuclear energy                       3.187927556038662e+01
 Electronic energy                   -9.773316142307297e+01
------------------------------------------------------------
 Total energy                        -6.585388586268635e+01
------------------------------------------------------------
                 Wall time: 3.69512e+01 sec 
============================================================


============================================================
                Rotating Helmholtz argument
------------------------------------------------------------
 Rotating orbitals                              2.49606e+00
------------------------------------------------------------
                 Wall time: 2.49615e+00 sec 
============================================================


============================================================
                Applying Helmholtz operators
------------------------------------------------------------
 Orb    RealNorm   Nodes     ImagNorm   Nodes     Timing
------------------------------------------------------------
  0    1.00000e+00   696    0.00000e+00     0   7.07559e+01
  4    1.00000e+00  1224    0.00000e+00     0   1.38867e+02
------------------------------------------------------------
                 Wall time: 2.09643e+02 sec 
============================================================


============================================================
                 Lowdin orthonormalization
------------------------------------------------------------
 Computing Lowdin matrix                        9.73459e+01
 Rotating orbitals                              2.38834e+00
------------------------------------------------------------
                 Wall time: 9.97343e+01 sec 
============================================================


============================================================
               Iterative subspace accelerator
------------------------------------------------------------
 Push back orbitals                             7.61291e-02
 Setup linear system                            2.38783e+00
 Solve linear system                            9.20900e-06
 Expand solution                                2.33476e+00
------------------------------------------------------------
                 Wall time: 4.79886e+00 sec 
============================================================


============================================================
                 Lowdin orthonormalization
------------------------------------------------------------
 Computing Lowdin matrix                        1.15741e+00
 Rotating orbitals                              2.25609e+00
------------------------------------------------------------
                 Wall time: 3.41358e+00 sec 
============================================================


============================================================
                  Setting up Fock operator
------------------------------------------------------------
 Precision                                      1.00000e-07
------------------------------------------------------------
 Coulomb density                      1600      2.09913e+00
 Coulomb potential                     616      6.02433e+01
 Allreduce potential                   712      4.50943e+00
 XC total density                     2336      3.95268e+00
 XC evaluate xcfun                   11680      3.48259e+01
 XC energy                            2336      1.89298e-04
 XC potential                         2336      1.26971e+00
------------------------------------------------------------
                 Wall time: 1.07705e+02 sec 
============================================================


============================================================
                  Calculating Fock matrix
------------------------------------------------------------
 Kinetic part                         1.037280195600000e+01
 Potential part                       3.511800843500000e+01
------------------------------------------------------------
                 Wall time: 4.54909e+01 sec 
============================================================


============================================================
                          Orbitals
------------------------------------------------------------
 Orb    F(i,i)        Error         nNodes  Spin  Occ  Done 
------------------------------------------------------------
  0  -9.86433e+00   6.71151e-08        712    p    2    1
  1  -6.50824e+00   7.17451e-08          0    p    2    1
  2  -6.39068e-01   1.95507e-07          0    p    2    1
  3  -4.32224e-01   2.41715e-07          0    p    2    1
  4  -3.73532e-01   9.19284e-07       1224    p    2    1
  5  -3.62929e-01   7.86154e-07          0    p    2    1
  6  -2.94383e-01   1.22113e-06          0    p    2    0
  7  -2.80145e-01   2.28139e-06          0    p    2    0
------------------------------------------------------------
 Total error:                            2.87494e-06    0
============================================================


============================================================
                    Energy                 Update      Done 
------------------------------------------------------------
 Orbital      -3.750971287795688e+01    -8.59603e-06    1
 Kinetic       6.553417420223617e+01    -4.84448e-06    1
 N-E          -2.154608015147429e+02     1.27095e-05    1
 Coulomb       6.340573815175729e+01    -8.92490e-06    1
 Exchange      0.000000000000000e+00     0.00000e+00    1
 X-C          -1.121224178712275e+01     1.05634e-06    1
------------------------------------------------------------
 Electronic   -9.773316142307297e+01    -3.88155e-10    1
 Nuclear       3.187927556038662e+01     0.00000e+00    1
------------------------------------------------------------
 Total        -6.585388586268635e+01    -3.88155e-10    1
============================================================


################ Wall time: 5.11012e+02 sec ################




####################### SCF cycle 10 #######################


============================================================
 Current precision                              1.00000e-07
------------------------------------------------------------
 Orbital threshold                              1.00000e-06
 Property threshold                            -1.00000e+00
============================================================


============================================================
                   Calculating SCF energy
------------------------------------------------------------
 Nuclear energy                       3.187927556038662e+01
 Electronic energy                   -9.773316142284317e+01
------------------------------------------------------------
 Total energy                        -6.585388586245654e+01
------------------------------------------------------------
                 Wall time: 3.81268e+01 sec 
============================================================


============================================================
                Rotating Helmholtz argument
------------------------------------------------------------
 Rotating orbitals                              2.64030e+00
------------------------------------------------------------
                 Wall time: 2.64039e+00 sec 
============================================================


============================================================
                Applying Helmholtz operators
------------------------------------------------------------
 Orb    RealNorm   Nodes     ImagNorm   Nodes     Timing
------------------------------------------------------------
  0    1.00000e+00   696    0.00000e+00     0   6.78938e+01
  4    1.00000e+00  1224    0.00000e+00     0   1.28160e+02
------------------------------------------------------------
                 Wall time: 1.96055e+02 sec 
============================================================


============================================================
                 Lowdin orthonormalization
------------------------------------------------------------
 Computing Lowdin matrix                        1.20310e+02
 Rotating orbitals                              2.40483e+00
------------------------------------------------------------
                 Wall time: 1.22715e+02 sec 
============================================================


============================================================
               Iterative subspace accelerator
------------------------------------------------------------
 Push back orbitals                             1.04762e-01
 Setup linear system                            2.22990e+00
 Solve linear system                            9.15700e-06
 Expand solution                                2.29343e+00
------------------------------------------------------------
                 Wall time: 4.62823e+00 sec 
============================================================


============================================================
                 Lowdin orthonormalization
------------------------------------------------------------
 Computing Lowdin matrix                        1.13801e+00
 Rotating orbitals                              2.06971e+00
------------------------------------------------------------
                 Wall time: 3.20780e+00 sec 
============================================================


============================================================
                  Setting up Fock operator
------------------------------------------------------------
 Precision                                      1.00000e-07
------------------------------------------------------------
 Coulomb density                      1600      2.18120e+00
 Coulomb potential                     616      5.73197e+01
 Allreduce potential                   712      6.84157e+00
 XC total density                     2336      3.88134e+00
 XC evaluate xcfun                   11680      3.55409e+01
 XC energy                            2336      2.02425e-04
 XC potential                         2336      1.28428e+00
------------------------------------------------------------
                 Wall time: 1.07837e+02 sec 
============================================================


============================================================
                  Calculating Fock matrix
------------------------------------------------------------
 Kinetic part                         8.743675008000000e+00
 Potential part                       3.496026705500000e+01
------------------------------------------------------------
                 Wall time: 4.37041e+01 sec 
============================================================


============================================================
                          Orbitals
------------------------------------------------------------
 Orb    F(i,i)        Error         nNodes  Spin  Occ  Done 
------------------------------------------------------------
  0  -9.86433e+00   6.11917e-08        712    p    2    1
  1  -6.50824e+00   8.87998e-08          0    p    2    1
  2  -6.39068e-01   1.28035e-07          0    p    2    1
  3  -4.32224e-01   1.67965e-07          0    p    2    1
  4  -3.73532e-01   4.90216e-07       1224    p    2    1
  5  -3.62929e-01   3.97262e-07          0    p    2    1
  6  -2.94383e-01   5.84282e-07          0    p    2    1
  7  -2.80145e-01   1.71866e-06          0    p    2    0
------------------------------------------------------------
 Total error:                            1.93637e-06    0
============================================================


============================================================
                    Energy                 Update      Done 
------------------------------------------------------------
 Orbital      -3.750970852806910e+01     4.34989e-06    1
 Kinetic       6.553417659149923e+01     2.38926e-06    1
 N-E          -2.154608078995082e+02    -6.38477e-06    1
 Coulomb       6.340574266858098e+01     4.51682e-06    1
 Exchange      0.000000000000000e+00     0.00000e+00    1
 X-C          -1.121224231069483e+01    -5.23572e-07    1
------------------------------------------------------------
 Electronic   -9.773316142284317e+01     2.29804e-10    1
 Nuclear       3.187927556038662e+01     0.00000e+00    1
------------------------------------------------------------
 Total        -6.585388586245654e+01     2.29804e-10    1
============================================================


################ Wall time: 5.19536e+02 sec ################




####################### SCF cycle 11 #######################


============================================================
 Current precision                              1.00000e-07
------------------------------------------------------------
 Orbital threshold                              1.00000e-06
 Property threshold                            -1.00000e+00
============================================================


============================================================
                   Calculating SCF energy
------------------------------------------------------------
 Nuclear energy                       3.187927556038662e+01
 Electronic energy                   -9.773316142309730e+01
------------------------------------------------------------
 Total energy                        -6.585388586271068e+01
------------------------------------------------------------
                 Wall time: 3.76941e+01 sec 
============================================================


============================================================
                Rotating Helmholtz argument
------------------------------------------------------------
 Rotating orbitals                              2.38816e+00
------------------------------------------------------------
                 Wall time: 2.38824e+00 sec 
============================================================


============================================================
                Applying Helmholtz operators
------------------------------------------------------------
 Orb    RealNorm   Nodes     ImagNorm   Nodes     Timing
------------------------------------------------------------
  0    1.00000e+00   696    0.00000e+00     0   6.78295e+01
  4    1.00000e+00  1224    0.00000e+00     0   1.26646e+02
------------------------------------------------------------
                 Wall time: 1.94482e+02 sec 
============================================================


============================================================
                 Lowdin orthonormalization
------------------------------------------------------------
 Computing Lowdin matrix                        1.27976e+02
 Rotating orbitals                              2.16815e+00
------------------------------------------------------------
                 Wall time: 1.30144e+02 sec 
============================================================


============================================================
               Iterative subspace accelerator
------------------------------------------------------------
 Push back orbitals                             1.97781e-01
 Setup linear system                            2.39312e+00
 Solve linear system                            9.02300e-06
 Expand solution                                2.26132e+00
------------------------------------------------------------
                 Wall time: 4.85236e+00 sec 
============================================================


============================================================
                 Lowdin orthonormalization
------------------------------------------------------------
 Computing Lowdin matrix                        1.12568e+00
 Rotating orbitals                              2.05282e+00
------------------------------------------------------------
                 Wall time: 3.17858e+00 sec 
============================================================


============================================================
                  Setting up Fock operator
------------------------------------------------------------
 Precision                                      1.00000e-07
------------------------------------------------------------
 Coulomb density                      1600      2.19299e+00
 Coulomb potential                     616      5.71519e+01
 Allreduce potential                   712      8.42265e+00
 XC total density                     2336      4.10398e+00
 XC evaluate xcfun                   11680      3.45394e+01
 XC energy                            2336      2.08750e-04
 XC potential                         2336      1.25273e+00
------------------------------------------------------------
                 Wall time: 1.08464e+02 sec 
============================================================


============================================================
                  Calculating Fock matrix
------------------------------------------------------------
 Kinetic part                         9.331607787999999e+00
 Potential part                       3.753303486100000e+01
------------------------------------------------------------
                 Wall time: 4.68648e+01 sec 
============================================================


============================================================
                          Orbitals
------------------------------------------------------------
 Orb    F(i,i)        Error         nNodes  Spin  Occ  Done 
------------------------------------------------------------
  0  -9.86433e+00   3.32641e-08        712    p    2    1
  1  -6.50824e+00   4.38954e-08          0    p    2    1
  2  -6.39068e-01   1.00977e-07          0    p    2    1
  3  -4.32224e-01   1.26647e-07          0    p    2    1
  4  -3.73532e-01   3.31649e-07       1224    p    2    1
  5  -3.62929e-01   2.30688e-07          0    p    2    1
  6  -2.94383e-01   2.41929e-07          0    p    2    1
  7  -2.80145e-01   8.23397e-07          0    p    2    1
------------------------------------------------------------
 Total error:                            9.63841e-07    1
============================================================


============================================================
                    Energy                 Update      Done 
------------------------------------------------------------
 Orbital      -3.750971043005605e+01    -1.90199e-06    1
 Kinetic       6.553417551910846e+01    -1.07239e-06    1
 N-E          -2.154608050818909e+02     2.81762e-06    1
 Coulomb       6.340574068865310e+01    -1.97993e-06    1
 Exchange      0.000000000000000e+00     0.00000e+00    1
 X-C          -1.121224207646435e+01     2.34230e-07    1
------------------------------------------------------------
 Electronic   -9.773316142309730e+01    -2.54133e-10    1
 Nuclear       3.187927556038662e+01     0.00000e+00    1
------------------------------------------------------------
 Total        -6.585388586271068e+01    -2.54133e-10    1
============================================================


################ Wall time: 5.28793e+02 sec ################


============================================================
                      Convergence rate
------------------------------------------------------------
Iter    OrbError       Property                   Update  
------------------------------------------------------------
  1    2.88889e-03    -6.585387062498856e+01   -6.58539e+01
  2    6.02365e-04    -6.585388463516887e+01   -1.40102e-05
  3    3.05673e-04    -6.585388555901210e+01   -9.23843e-07
  4    1.27351e-04    -6.585388580697128e+01   -2.47959e-07
  5    4.30122e-05    -6.585388585635530e+01   -4.93840e-08
  6    1.73254e-05    -6.585388586131234e+01   -4.95703e-09
  7    8.00624e-06    -6.585388586247475e+01   -1.16242e-09
  8    3.22474e-06    -6.585388586229820e+01    1.76556e-10
  9    2.87494e-06    -6.585388586268635e+01   -3.88155e-10
 10    1.93637e-06    -6.585388586245654e+01    2.29818e-10
 11    9.63841e-07    -6.585388586271068e+01   -2.54147e-10
------------------------------------------------------------
                      SCF converged!!!                      
============================================================


============================================================
                  Digonalizing Fock matrix
------------------------------------------------------------
 Computing Lowdin matrix                        5.16206e-01
 Diagonalizing matrix                           1.52860e-05
 Rotating orbitals                              3.37844e+00
------------------------------------------------------------
                 Wall time: 3.89474e+00 sec 
============================================================


============================================================
                  Setting up Fock operator
------------------------------------------------------------
 Precision                                      1.00000e-07
------------------------------------------------------------
 Coulomb density                      1624      2.37572e+00
 Coulomb potential                     616      5.18146e+01
 Allreduce potential                   712      4.46507e-01
 XC total density                     2456      4.01908e+00
 XC evaluate xcfun                   12280      3.58995e+01
 XC energy                            2456      1.64760e-04
 XC potential                         2456      1.01348e+00
------------------------------------------------------------
                 Wall time: 9.63172e+01 sec 
============================================================


============================================================
                   Calculating SCF energy
------------------------------------------------------------
------------------------------------------------------------
                 Wall time: 3.90896e+01 sec 
============================================================


============================================================
                 Calculating dipole moment
------------------------------------------------------------
------------------------------------------------------------
                 Wall time: 1.43819e+01 sec 
============================================================


============================================================
                        Fock matrix
------------------------------------------------------------
-9.86433e+00  0.00000e+00  0.00000e+00  0.00000e+00  0.00000e+00  0.00000e+00  0.00000e+00  0.00000e+00
 0.00000e+00 -6.50824e+00  0.00000e+00  0.00000e+00  0.00000e+00  0.00000e+00  0.00000e+00  0.00000e+00
 0.00000e+00  0.00000e+00 -6.39068e-01  0.00000e+00  0.00000e+00  0.00000e+00  0.00000e+00  0.00000e+00
 0.00000e+00  0.00000e+00  0.00000e+00 -4.32224e-01  0.00000e+00  0.00000e+00  0.00000e+00  0.00000e+00
 0.00000e+00  0.00000e+00  0.00000e+00  0.00000e+00 -3.73533e-01  0.00000e+00  0.00000e+00  0.00000e+00
 0.00000e+00  0.00000e+00  0.00000e+00  0.00000e+00  0.00000e+00 -3.62929e-01  0.00000e+00  0.00000e+00
 0.00000e+00  0.00000e+00  0.00000e+00  0.00000e+00  0.00000e+00  0.00000e+00 -2.94383e-01  0.00000e+00
 0.00000e+00  0.00000e+00  0.00000e+00  0.00000e+00  0.00000e+00  0.00000e+00  0.00000e+00 -2.80145e-01
============================================================


============================================================
                      Orbital energies
------------------------------------------------------------
    n  spin  occ                            epsilon  
------------------------------------------------------------
    0    p    2                      -9.864328580466042e+00
    1    p    2                      -6.508244754962552e+00
    2    p    2                      -6.390683997599110e-01
    3    p    2                      -4.322242032929859e-01
    4    p    2                      -3.735326498632690e-01
    5    p    2                      -3.629289008946783e-01
    6    p    2                      -2.943827431187176e-01
    7    p    2                      -2.801446867128390e-01
============================================================


============================================================
                          Molecule
------------------------------------------------------------
 Nr  Element             x             y             z      
------------------------------------------------------------
  1     C          -3.60130e-02  -1.29355e+00  -1.58500e-07
  2     B          -3.93012e-02   1.64964e+00  -1.24000e-07
  3     H           1.98660e+00  -1.77552e+00   2.04580e-06
  4     H          -8.24468e-01  -2.16015e+00   1.68704e+00
  5     H          -8.24465e-01  -2.16015e+00  -1.68704e+00
  6     H           2.86932e-02   2.80344e+00  -1.93298e+00
  7     H           2.86989e-02   2.80344e+00   1.93298e+00
------------------------------------------------------------
 Center of mass:   -1.64830e-02   6.47688e-02  -1.06223e-07
============================================================


                                                            
============================================================
                         SCF Energy                         
------------------------------------------------------------
                                                            
 Sum orbital energy:                 -3.750970983814199e+01
 Kinetic energy:                      6.553417586158227e+01
 E-N energy:                         -2.154608059624344e+02
 Coulomb energy:                      6.340574131042987e+01
 Exchange energy:                     0.000000000000000e+00
 X-C energy:                         -1.121224215038097e+01
 El. external field energy:          -3.047398806550129e-05
 Nuc. external field energy:          4.110884720739255e-10
                                                            
------------------------------------------------------------
                                                            
 Electronic energy:                  -9.773316141479125e+01
 Nuclear energy:                      3.187927556038662e+01
                                                            
------------------------------------------------------------
                                                            
 Total energy       (au)             -6.585388585440464e+01
                    (kJ/mol)         -1.728993522862628e+05
                    (kcal/mol)       -4.132393694408406e+04
                    (eV)             -1.791975445022953e+03
                                                            
============================================================
                                                            

                                                            
============================================================
                         Dipole moment                      
------------------------------------------------------------
                                                            
 Length of vector:   (au)                  2.8725160986e-01
                     (Debye)               7.3012069673e-01
                                                            
-------------------------- Total ---------------------------
                                                            
 [ 3.9239279900e-02, -2.8292247593e-01, -3.0473576977e-02] 
                                                            
------------------------- Nuclear --------------------------
                                                            
 [ 2.4620010571e-01, -1.0383571348e+00,  4.1108847193e-07] 
                                                            
------------------------ Electronic ------------------------
                                                            
 [-2.0696082581e-01,  7.5543465883e-01, -3.0473988066e-02] 
                                                            
============================================================
                                                            



************************************************************
***                                                      ***
***                    Exiting MRChem                    ***
***                                                      ***
***               Wall time: 5.764494e+03                ***
***                                                      ***
************************************************************


