


************************************************************
***     __  __ ____   ____ _                             ***
***    |  \/  |  _ \ / ___| |__   ___ _ __ ___           ***
***    | |\/| | |_) | |   | '_ \ / _ \ '_ ` _ \          ***
***    | |  | |  _ <| |___| | | |  __/ | | | | |         ***
***    |_|  |_|_| \_\\____|_| |_|\___|_| |_| |_|         ***
***                                                      ***
***    VERSION 0.0.1 (rev. 1c6f79f)                     ***
***                                                      ***
***    Stig Rune Jensen <stig.r.jensen@uit.no>           ***
***    Luca Frediani    <luca.frediani@uit.no>           ***
***    Peter Wind       <peter.wind@uit.no>              ***
***                                                      ***
************************************************************


+++ Parallel execution: 
  MPI hosts available     : 4
  Threads/host            : 2
  Total used CPUs         : 8


------------------------------------------------------------

 MRCPP version   : X.Y.Z
 Git revision    : bbc2aed

 Linear algebra  : EIGEN
 Parallelization : MPI/OpenMP

------------------------------------------------------------




============================================================
                  MultiResolution Analysis                  
------------------------------------------------------------
 polynomial order = 11
 polynomial type  = Interpolating
------------------------------------------------------------
 total boxes      = 8
 boxes            = [           2           2           2 ]
 unit lengths     = [    32.00000    32.00000    32.00000 ]
 scaling factor   = [     1.00000     1.00000     1.00000 ]
 lower bounds     = [   -32.00000   -32.00000   -32.00000 ]
 upper bounds     = [    32.00000    32.00000    32.00000 ]
 total length     = [    64.00000    64.00000    64.00000 ]
============================================================


============================================================
                          Molecule
------------------------------------------------------------
 Nr  Element             x             y             z      
------------------------------------------------------------
  1     N           1.41824e+00  -2.38721e-01  -2.60000e-09
  2     H           2.14897e+00   6.55396e-01  -1.52293e+00
  3     H           2.14897e+00   6.55396e-01   1.52293e+00
  4     C          -1.33255e+00   3.40982e-02  -2.60000e-09
  5     H          -2.10252e+00  -9.12908e-01   1.65370e+00
  6     H          -2.10252e+00  -9.12908e-01  -1.65370e+00
  7     H          -2.02530e+00   1.98148e+00   0.00000e+00
------------------------------------------------------------
 Center of mass:    6.15617e-02  -4.68824e-02  -2.17810e-09
============================================================


============================================================
                Setting up nuclear potential
------------------------------------------------------------
 Nr  Element         Charge        Precision     Smoothing 
------------------------------------------------------------
  1     N           7.00000e+00   1.00000e-07   2.95801e-05
  2     H           1.00000e+00   1.00000e-07   7.57698e-04
  3     H           1.00000e+00   1.00000e-07   7.57698e-04
  4     C           6.00000e+00   1.00000e-07   3.82453e-05
  5     H           1.00000e+00   1.00000e-07   7.57698e-04
  6     H           1.00000e+00   1.00000e-07   7.57698e-04
  7     H           1.00000e+00   1.00000e-07   7.57698e-04
------------------------------------------------------------
 Nuclear potential                    1912      2.48246e+00
 Allreduce potential                  4728      1.84213e+00
------------------------------------------------------------
                 Wall time: 4.32471e+00 sec 
============================================================


============================================================
 OrbitalVector:   9 orbitals     9 occupied    18 electrons
------------------------------------------------------------
   n  RankID           Norm          Spin Occ      Error    
------------------------------------------------------------
   0     0       1.000000000000e+00    p   2    1.00000e+00
   1     1      -1.000000000000e+00    p   2    1.00000e+00
   2     2      -1.000000000000e+00    p   2    1.00000e+00
   3     3      -1.000000000000e+00    p   2    1.00000e+00
   4     0       1.000000000000e+00    p   2    1.00000e+00
   5     1      -1.000000000000e+00    p   2    1.00000e+00
   6     2      -1.000000000000e+00    p   2    1.00000e+00
   7     3      -1.000000000000e+00    p   2    1.00000e+00
   8     0       1.000000000000e+00    p   2    1.00000e+00
============================================================


============================================================
                  Setting up Fock operator
------------------------------------------------------------
 Precision                                      1.00000e-07
------------------------------------------------------------
 Coulomb density                      1880      3.78439e+00
 Coulomb potential                     600      5.16447e+01
 Allreduce potential                   680      4.28754e-01
 XC total density                     2344      4.44909e+00
 XC evaluate xcfun                   11720      3.43477e+01
 XC energy                            2344      1.73687e-04
 XC potential                         2344      1.10060e+00
------------------------------------------------------------
                 Wall time: 9.65479e+01 sec 
============================================================


============================================================
                  Calculating Fock matrix
------------------------------------------------------------
 Kinetic part                         1.263534169000000e+01
 Potential part                       4.194426344000000e+01
------------------------------------------------------------
                 Wall time: 5.45797e+01 sec 
============================================================




####################### SCF cycle  1 #######################


============================================================
 Current precision                              1.00000e-07
------------------------------------------------------------
 Orbital threshold                              1.00000e-06
 Property threshold                            -1.00000e+00
============================================================


============================================================
                  Digonalizing Fock matrix
------------------------------------------------------------
 Computing Lowdin matrix                        9.01143e-01
 Diagonalizing matrix                           1.91910e-05
 Rotating orbitals                              3.11696e+00
------------------------------------------------------------
                 Wall time: 4.01822e+00 sec 
============================================================


============================================================
                   Calculating SCF energy
------------------------------------------------------------
 Nuclear energy                       4.209673961247318e+01
 Electronic energy                   -1.378727343110323e+02
------------------------------------------------------------
 Total energy                        -9.577599469855915e+01
------------------------------------------------------------
                 Wall time: 3.16635e+01 sec 
============================================================


============================================================
                Rotating Helmholtz argument
------------------------------------------------------------
 Rotating orbitals                              9.40383e-01
------------------------------------------------------------
                 Wall time: 9.40472e-01 sec 
============================================================


============================================================
                Applying Helmholtz operators
------------------------------------------------------------
 Orb    RealNorm   Nodes     ImagNorm   Nodes     Timing
------------------------------------------------------------
  0    1.00000e+00   680    0.00000e+00     0   5.60401e+01
  4    1.00003e+00  1048    0.00000e+00     0   1.05315e+02
  8    9.99900e-01  1368    0.00000e+00     0   1.31267e+02
------------------------------------------------------------
                 Wall time: 2.92644e+02 sec 
============================================================


============================================================
                 Lowdin orthonormalization
------------------------------------------------------------
 Computing Lowdin matrix                        5.49796e-01
 Rotating orbitals                              2.81512e+00
------------------------------------------------------------
                 Wall time: 3.36500e+00 sec 
============================================================


============================================================
               Iterative subspace accelerator
------------------------------------------------------------
 Push back orbitals                             4.94800e-05
 Copy orbitals                                  1.42014e-01
 Copy orbital updates                           1.44970e-01
------------------------------------------------------------
                 Wall time: 2.87150e-01 sec 
============================================================


============================================================
                 Lowdin orthonormalization
------------------------------------------------------------
 Computing Lowdin matrix                        6.38206e-01
 Rotating orbitals                              1.39846e+00
------------------------------------------------------------
                 Wall time: 2.03675e+00 sec 
============================================================


============================================================
                  Setting up Fock operator
------------------------------------------------------------
 Precision                                      1.00000e-07
------------------------------------------------------------
 Coulomb density                      1832      3.13363e+00
 Coulomb potential                     584      5.42872e+01
 Allreduce potential                   680      2.35898e-01
 XC total density                     2232      3.62777e+00
 XC evaluate xcfun                   11160      3.33830e+01
 XC energy                            2232      1.71118e-04
 XC potential                         2232      1.03159e+00
------------------------------------------------------------
                 Wall time: 9.64160e+01 sec 
============================================================


============================================================
                  Calculating Fock matrix
------------------------------------------------------------
 Kinetic part                         9.270780594000000e+00
 Potential part                       3.441914102500000e+01
------------------------------------------------------------
                 Wall time: 4.36901e+01 sec 
============================================================


============================================================
                          Orbitals
------------------------------------------------------------
 Orb    F(i,i)        Error         nNodes  Spin  Occ  Done 
------------------------------------------------------------
  0  -1.39653e+01   1.12938e-05        680    p    2    0
  1  -9.89546e+00   2.92076e-05          0    p    2    0
  2  -8.01031e-01   2.90923e-04          0    p    2    0
  3  -5.96752e-01   2.89777e-04          0    p    2    0
  4  -4.41495e-01   7.80968e-04       1048    p    2    0
  5  -3.95944e-01   1.10347e-03          0    p    2    0
  6  -3.58180e-01   1.24977e-03          0    p    2    0
  7  -3.23767e-01   9.25110e-04          0    p    2    0
  8  -2.01031e-01   2.19366e-03       1368    p    2    0
------------------------------------------------------------
 Total error:                            3.03760e-03    0
============================================================


============================================================
                    Energy                 Update      Done 
------------------------------------------------------------
 Orbital      -5.395670406381514e+01    -5.39567e+01    1
 Kinetic       9.540338035946867e+01     9.54034e+01    1
 N-E          -3.071285764367879e+02    -3.07129e+02    1
 Coulomb       8.793277240328221e+01     8.79328e+01    1
 Exchange      0.000000000000000e+00     0.00000e+00    1
 X-C          -1.407997544156719e+01    -1.40800e+01    1
------------------------------------------------------------
 Electronic   -1.378727343110323e+02    -1.37873e+02    1
 Nuclear       4.209673961247318e+01     4.20967e+01    1
------------------------------------------------------------
 Total        -9.577599469855915e+01    -9.57760e+01    1
============================================================


################ Wall time: 4.75383e+02 sec ################




####################### SCF cycle  2 #######################


============================================================
 Current precision                              1.00000e-07
------------------------------------------------------------
 Orbital threshold                              1.00000e-06
 Property threshold                            -1.00000e+00
============================================================


============================================================
                  Digonalizing Fock matrix
------------------------------------------------------------
 Computing Lowdin matrix                        5.98863e-01
 Diagonalizing matrix                           1.73370e-05
 Rotating orbitals                              2.81537e+00
------------------------------------------------------------
                 Wall time: 3.41435e+00 sec 
============================================================


============================================================
                   Calculating SCF energy
------------------------------------------------------------
 Nuclear energy                       4.209673961247318e+01
 Electronic energy                   -1.378727468474082e+02
------------------------------------------------------------
 Total energy                        -9.577600723493501e+01
------------------------------------------------------------
                 Wall time: 3.18745e+01 sec 
============================================================


============================================================
                Rotating Helmholtz argument
------------------------------------------------------------
 Rotating orbitals                              9.36652e-01
------------------------------------------------------------
                 Wall time: 9.36744e-01 sec 
============================================================


============================================================
                Applying Helmholtz operators
------------------------------------------------------------
 Orb    RealNorm   Nodes     ImagNorm   Nodes     Timing
------------------------------------------------------------
  0    1.00000e+00   680    0.00000e+00     0   5.48145e+01
  4    1.00001e+00  1048    0.00000e+00     0   1.05938e+02
  8    1.00000e+00  1368    0.00000e+00     0   1.32182e+02
------------------------------------------------------------
                 Wall time: 2.92963e+02 sec 
============================================================


============================================================
                 Lowdin orthonormalization
------------------------------------------------------------
 Computing Lowdin matrix                        5.53235e-01
 Rotating orbitals                              2.82525e+00
------------------------------------------------------------
                 Wall time: 3.37857e+00 sec 
============================================================


============================================================
               Iterative subspace accelerator
------------------------------------------------------------
 Push back orbitals                             4.72560e-05
 Copy orbitals                                  1.48573e-01
 Copy orbital updates                           1.46066e-01
------------------------------------------------------------
                 Wall time: 2.94795e-01 sec 
============================================================


============================================================
                 Lowdin orthonormalization
------------------------------------------------------------
 Computing Lowdin matrix                        6.25528e-01
 Rotating orbitals                              1.45905e+00
------------------------------------------------------------
                 Wall time: 2.08467e+00 sec 
============================================================


============================================================
                  Setting up Fock operator
------------------------------------------------------------
 Precision                                      1.00000e-07
------------------------------------------------------------
 Coulomb density                      1832      3.08816e+00
 Coulomb potential                     584      5.34019e+01
 Allreduce potential                   680      2.27181e-01
 XC total density                     2232      3.70104e+00
 XC evaluate xcfun                   11160      3.31467e+01
 XC energy                            2232      1.73259e-04
 XC potential                         2232      1.02230e+00
------------------------------------------------------------
                 Wall time: 9.53100e+01 sec 
============================================================


============================================================
                  Calculating Fock matrix
------------------------------------------------------------
 Kinetic part                         9.192791794000000e+00
 Potential part                       3.443277054200000e+01
------------------------------------------------------------
                 Wall time: 4.36257e+01 sec 
============================================================


============================================================
                          Orbitals
------------------------------------------------------------
 Orb    F(i,i)        Error         nNodes  Spin  Occ  Done 
------------------------------------------------------------
  0  -1.39653e+01   3.07879e-06        664    p    2    0
  1  -9.89547e+00   1.11803e-05          0    p    2    0
  2  -8.01051e-01   8.93456e-05          0    p    2    0
  3  -5.96765e-01   1.14552e-04          0    p    2    0
  4  -4.41508e-01   6.26916e-05       1048    p    2    0
  5  -3.95937e-01   1.80646e-04          0    p    2    0
  6  -3.58194e-01   1.94268e-04          0    p    2    0
  7  -3.23786e-01   1.28195e-04          0    p    2    0
  8  -2.01033e-01   3.83866e-04       1368    p    2    0
------------------------------------------------------------
 Total error:                            5.09244e-04    0
============================================================


============================================================
                    Energy                 Update      Done 
------------------------------------------------------------
 Orbital      -5.395790055289377e+01    -1.19649e-03    1
 Kinetic       9.540389811587983e+01     5.17756e-04    1
 N-E          -3.071279216430935e+02     6.54794e-04    1
 Coulomb       8.793157526356725e+01    -1.19714e-03    1
 Exchange      0.000000000000000e+00     0.00000e+00    1
 X-C          -1.407994063587909e+01     3.48057e-05    1
------------------------------------------------------------
 Electronic   -1.378727468474082e+02    -1.25364e-05    1
 Nuclear       4.209673961247318e+01     0.00000e+00    1
------------------------------------------------------------
 Total        -9.577600723493501e+01    -1.25364e-05    1
============================================================


################ Wall time: 4.74233e+02 sec ################




####################### SCF cycle  3 #######################


============================================================
 Current precision                              1.00000e-07
------------------------------------------------------------
 Orbital threshold                              1.00000e-06
 Property threshold                            -1.00000e+00
============================================================


============================================================
                   Calculating SCF energy
------------------------------------------------------------
 Nuclear energy                       4.209673961247318e+01
 Electronic energy                   -1.378727473702529e+02
------------------------------------------------------------
 Total energy                        -9.577600775777972e+01
------------------------------------------------------------
                 Wall time: 3.52510e+01 sec 
============================================================


============================================================
                Rotating Helmholtz argument
------------------------------------------------------------
 Rotating orbitals                              3.06339e+00
------------------------------------------------------------
                 Wall time: 3.06348e+00 sec 
============================================================


============================================================
                Applying Helmholtz operators
------------------------------------------------------------
 Orb    RealNorm   Nodes     ImagNorm   Nodes     Timing
------------------------------------------------------------
  0    1.00000e+00   680    0.00000e+00     0   5.94592e+01
  4    1.00000e+00  1048    0.00000e+00     0   1.12053e+02
  8    1.00001e+00  1368    0.00000e+00     0   1.40688e+02
------------------------------------------------------------
                 Wall time: 3.12236e+02 sec 
============================================================


============================================================
                 Lowdin orthonormalization
------------------------------------------------------------
 Computing Lowdin matrix                        5.56413e-01
 Rotating orbitals                              2.90578e+00
------------------------------------------------------------
                 Wall time: 3.46229e+00 sec 
============================================================


============================================================
               Iterative subspace accelerator
------------------------------------------------------------
 Push back orbitals                             4.79840e-05
 Setup linear system                            4.02565e-01
 Solve linear system                            1.15800e-05
 Expand solution                                1.31171e+00
------------------------------------------------------------
                 Wall time: 1.71445e+00 sec 
============================================================


============================================================
                 Lowdin orthonormalization
------------------------------------------------------------
 Computing Lowdin matrix                        9.47234e-01
 Rotating orbitals                              2.53507e+00
------------------------------------------------------------
                 Wall time: 3.48240e+00 sec 
============================================================


============================================================
                  Setting up Fock operator
------------------------------------------------------------
 Precision                                      1.00000e-07
------------------------------------------------------------
 Coulomb density                      1832      3.32877e+00
 Coulomb potential                     584      5.62005e+01
 Allreduce potential                   680      4.63205e-01
 XC total density                     2232      4.04307e+00
 XC evaluate xcfun                   11160      3.36304e+01
 XC energy                            2232      1.80672e-04
 XC potential                         2232      1.15020e+00
------------------------------------------------------------
                 Wall time: 9.95392e+01 sec 
============================================================


============================================================
                  Calculating Fock matrix
------------------------------------------------------------
 Kinetic part                         9.493690304999999e+00
 Potential part                       3.643158805600000e+01
------------------------------------------------------------
                 Wall time: 4.59254e+01 sec 
============================================================


============================================================
                          Orbitals
------------------------------------------------------------
 Orb    F(i,i)        Error         nNodes  Spin  Occ  Done 
------------------------------------------------------------
  0  -1.39654e+01   3.17726e-06        664    p    2    0
  1  -9.89547e+00   8.97090e-06          0    p    2    0
  2  -8.01066e-01   2.18122e-05          0    p    2    0
  3  -5.96771e-01   4.01193e-05          0    p    2    0
  4  -4.41519e-01   3.16734e-05       1048    p    2    0
  5  -3.95932e-01   8.63231e-05          0    p    2    0
  6  -3.58202e-01   9.25846e-05          0    p    2    0
  7  -3.23802e-01   7.93612e-05          0    p    2    0
  8  -2.01047e-01   1.86086e-04       1368    p    2    0
------------------------------------------------------------
 Total error:                            2.45212e-04    0
============================================================


============================================================
                    Energy                 Update      Done 
------------------------------------------------------------
 Orbital      -5.395812672457804e+01    -2.26172e-04    1
 Kinetic       9.540398538649897e+01     8.72706e-05    1
 N-E          -3.071277837426369e+02     1.37900e-04    1
 Coulomb       8.793134680520124e+01    -2.28458e-04    1
 Exchange      0.000000000000000e+00     0.00000e+00    1
 X-C          -1.407993555281790e+01     5.08306e-06    1
------------------------------------------------------------
 Electronic   -1.378727473702529e+02    -5.22845e-07    1
 Nuclear       4.209673961247318e+01     0.00000e+00    1
------------------------------------------------------------
 Total        -9.577600775777972e+01    -5.22845e-07    1
============================================================


################ Wall time: 5.05259e+02 sec ################




####################### SCF cycle  4 #######################


============================================================
 Current precision                              1.00000e-07
------------------------------------------------------------
 Orbital threshold                              1.00000e-06
 Property threshold                            -1.00000e+00
============================================================


============================================================
                   Calculating SCF energy
------------------------------------------------------------
 Nuclear energy                       4.209673961247318e+01
 Electronic energy                   -1.378727475106224e+02
------------------------------------------------------------
 Total energy                        -9.577600789814926e+01
------------------------------------------------------------
                 Wall time: 3.68659e+01 sec 
============================================================


============================================================
                Rotating Helmholtz argument
------------------------------------------------------------
 Rotating orbitals                              3.24994e+00
------------------------------------------------------------
                 Wall time: 3.25004e+00 sec 
============================================================


============================================================
                Applying Helmholtz operators
------------------------------------------------------------
 Orb    RealNorm   Nodes     ImagNorm   Nodes     Timing
------------------------------------------------------------
  0    1.00000e+00   680    0.00000e+00     0   6.29447e+01
  4    1.00000e+00  1048    0.00000e+00     0   1.16663e+02
  8    1.00001e+00  1368    0.00000e+00     0   1.45299e+02
------------------------------------------------------------
                 Wall time: 3.24929e+02 sec 
============================================================


============================================================
                 Lowdin orthonormalization
------------------------------------------------------------
 Computing Lowdin matrix                        5.52669e-01
 Rotating orbitals                              2.85870e+00
------------------------------------------------------------
                 Wall time: 3.41146e+00 sec 
============================================================


============================================================
               Iterative subspace accelerator
------------------------------------------------------------
 Push back orbitals                             4.01658e-02
 Setup linear system                            1.26350e+00
 Solve linear system                            1.42480e-05
 Expand solution                                2.12217e+00
------------------------------------------------------------
                 Wall time: 3.42601e+00 sec 
============================================================


============================================================
                 Lowdin orthonormalization
------------------------------------------------------------
 Computing Lowdin matrix                        9.49443e-01
 Rotating orbitals                              2.48147e+00
------------------------------------------------------------
                 Wall time: 3.43100e+00 sec 
============================================================


============================================================
                  Setting up Fock operator
------------------------------------------------------------
 Precision                                      1.00000e-07
------------------------------------------------------------
 Coulomb density                      1832      3.48393e+00
 Coulomb potential                     584      5.89344e+01
 Allreduce potential                   680      2.44620e-01
 XC total density                     2232      4.14672e+00
 XC evaluate xcfun                   11160      3.41340e+01
 XC energy                            2232      1.99607e-04
 XC potential                         2232      1.17811e+00
------------------------------------------------------------
                 Wall time: 1.02896e+02 sec 
============================================================


============================================================
                  Calculating Fock matrix
------------------------------------------------------------
 Kinetic part                         9.583015522000000e+00
 Potential part                       3.740734546400000e+01
------------------------------------------------------------
                 Wall time: 4.69905e+01 sec 
============================================================


============================================================
                          Orbitals
------------------------------------------------------------
 Orb    F(i,i)        Error         nNodes  Spin  Occ  Done 
------------------------------------------------------------
  0  -1.39654e+01   3.15249e-06        664    p    2    0
  1  -9.89547e+00   5.43187e-06          0    p    2    0
  2  -8.01062e-01   1.41977e-05          0    p    2    0
  3  -5.96770e-01   1.39247e-05          0    p    2    0
  4  -4.41516e-01   1.84795e-05       1048    p    2    0
  5  -3.95923e-01   4.00291e-05          0    p    2    0
  6  -3.58202e-01   4.07275e-05          0    p    2    0
  7  -3.23807e-01   4.69968e-05          0    p    2    0
  8  -2.01042e-01   8.65104e-05       1368    p    2    0
------------------------------------------------------------
 Total error:                            1.17176e-04    0
============================================================


============================================================
                    Energy                 Update      Done 
------------------------------------------------------------
 Orbital      -5.395835098241177e+01    -2.24258e-04    1
 Kinetic       9.540398660592746e+01     1.21943e-06    1
 N-E          -3.071275646483836e+02     2.19094e-04    1
 Coulomb       8.793111889591358e+01    -2.27909e-04    1
 Exchange      0.000000000000000e+00     0.00000e+00    1
 X-C          -1.407992700226979e+01     8.55055e-06    1
------------------------------------------------------------
 Electronic   -1.378727475106224e+02    -1.40370e-07    1
 Nuclear       4.209673961247318e+01     0.00000e+00    1
------------------------------------------------------------
 Total        -9.577600789814926e+01    -1.40370e-07    1
============================================================


################ Wall time: 5.25805e+02 sec ################




####################### SCF cycle  5 #######################


============================================================
 Current precision                              1.00000e-07
------------------------------------------------------------
 Orbital threshold                              1.00000e-06
 Property threshold                            -1.00000e+00
============================================================


============================================================
                   Calculating SCF energy
------------------------------------------------------------
 Nuclear energy                       4.209673961247318e+01
 Electronic energy                   -1.378727475480641e+02
------------------------------------------------------------
 Total energy                        -9.577600793559088e+01
------------------------------------------------------------
                 Wall time: 3.77713e+01 sec 
============================================================


============================================================
                Rotating Helmholtz argument
------------------------------------------------------------
 Rotating orbitals                              3.20722e+00
------------------------------------------------------------
                 Wall time: 3.20730e+00 sec 
============================================================


============================================================
                Applying Helmholtz operators
------------------------------------------------------------
 Orb    RealNorm   Nodes     ImagNorm   Nodes     Timing
------------------------------------------------------------
  0    1.00000e+00   680    0.00000e+00     0   6.46427e+01
  4    1.00000e+00  1048    0.00000e+00     0   1.19152e+02
  8    1.00001e+00  1368    0.00000e+00     0   1.46587e+02
------------------------------------------------------------
                 Wall time: 3.30428e+02 sec 
============================================================


============================================================
                 Lowdin orthonormalization
------------------------------------------------------------
 Computing Lowdin matrix                        5.55116e-01
 Rotating orbitals                              2.83260e+00
------------------------------------------------------------
                 Wall time: 3.38781e+00 sec 
============================================================


============================================================
               Iterative subspace accelerator
------------------------------------------------------------
 Push back orbitals                             3.94183e-02
 Setup linear system                            2.56665e+00
 Solve linear system                            9.48700e-06
 Expand solution                                3.00034e+00
------------------------------------------------------------
                 Wall time: 5.60657e+00 sec 
============================================================


============================================================
                 Lowdin orthonormalization
------------------------------------------------------------
 Computing Lowdin matrix                        1.04347e+00
 Rotating orbitals                              2.55536e+00
------------------------------------------------------------
                 Wall time: 3.59891e+00 sec 
============================================================


============================================================
                  Setting up Fock operator
------------------------------------------------------------
 Precision                                      1.00000e-07
------------------------------------------------------------
 Coulomb density                      1832      3.12689e+00
 Coulomb potential                     584      5.87926e+01
 Allreduce potential                   680      9.71025e-01
 XC total density                     2232      3.86732e+00
 XC evaluate xcfun                   11160      3.41103e+01
 XC energy                            2232      1.86941e-04
 XC potential                         2232      1.18368e+00
------------------------------------------------------------
                 Wall time: 1.02835e+02 sec 
============================================================


============================================================
                  Calculating Fock matrix
------------------------------------------------------------
 Kinetic part                         9.645590613000000e+00
 Potential part                       3.796561735100000e+01
------------------------------------------------------------
                 Wall time: 4.76114e+01 sec 
============================================================


============================================================
                          Orbitals
------------------------------------------------------------
 Orb    F(i,i)        Error         nNodes  Spin  Occ  Done 
------------------------------------------------------------
  0  -1.39654e+01   1.04601e-06        664    p    2    0
  1  -9.89547e+00   1.18163e-06          0    p    2    0
  2  -8.01071e-01   4.09619e-06          0    p    2    0
  3  -5.96774e-01   3.40061e-06          0    p    2    0
  4  -4.41523e-01   5.73250e-06       1048    p    2    0
  5  -3.95927e-01   1.03451e-05          0    p    2    0
  6  -3.58206e-01   8.80061e-06          0    p    2    0
  7  -3.23812e-01   1.36868e-05          0    p    2    0
  8  -2.01050e-01   2.61818e-05       1368    p    2    0
------------------------------------------------------------
 Total error:                            3.34811e-05    0
============================================================


============================================================
                    Energy                 Update      Done 
------------------------------------------------------------
 Orbital      -5.395831097924369e+01     4.00032e-05    1
 Kinetic       9.540408130242035e+01     9.46965e-05    1
 N-E          -3.071276880030761e+02    -1.23355e-04    1
 Coulomb       8.793116281640523e+01     4.39205e-05    1
 Exchange      0.000000000000000e+00     0.00000e+00    1
 X-C          -1.407994205786882e+01    -1.50556e-05    1
------------------------------------------------------------
 Electronic   -1.378727475480641e+02    -3.74416e-08    1
 Nuclear       4.209673961247318e+01     0.00000e+00    1
------------------------------------------------------------
 Total        -9.577600793559088e+01    -3.74416e-08    1
============================================================


################ Wall time: 5.35066e+02 sec ################




####################### SCF cycle  6 #######################


============================================================
 Current precision                              1.00000e-07
------------------------------------------------------------
 Orbital threshold                              1.00000e-06
 Property threshold                            -1.00000e+00
============================================================


============================================================
                   Calculating SCF energy
------------------------------------------------------------
 Nuclear energy                       4.209673961247318e+01
 Electronic energy                   -1.378727475524862e+02
------------------------------------------------------------
 Total energy                        -9.577600794001302e+01
------------------------------------------------------------
                 Wall time: 3.93513e+01 sec 
============================================================


============================================================
                Rotating Helmholtz argument
------------------------------------------------------------
 Rotating orbitals                              3.27754e+00
------------------------------------------------------------
                 Wall time: 3.27763e+00 sec 
============================================================


============================================================
                Applying Helmholtz operators
------------------------------------------------------------
 Orb    RealNorm   Nodes     ImagNorm   Nodes     Timing
------------------------------------------------------------
  0    1.00000e+00   680    0.00000e+00     0   6.70177e+01
  4    9.99999e-01  1048    0.00000e+00     0   1.19160e+02
  8    1.00000e+00  1368    0.00000e+00     0   1.41703e+02
------------------------------------------------------------
                 Wall time: 3.27934e+02 sec 
============================================================


============================================================
                 Lowdin orthonormalization
------------------------------------------------------------
 Computing Lowdin matrix                        5.53035e-01
 Rotating orbitals                              2.99596e+00
------------------------------------------------------------
                 Wall time: 3.54908e+00 sec 
============================================================


============================================================
               Iterative subspace accelerator
------------------------------------------------------------
 Push back orbitals                             5.68419e-02
 Setup linear system                            2.50930e+00
 Solve linear system                            9.17800e-06
 Expand solution                                2.90598e+00
------------------------------------------------------------
                 Wall time: 5.47227e+00 sec 
============================================================


============================================================
                 Lowdin orthonormalization
------------------------------------------------------------
 Computing Lowdin matrix                        1.01583e+00
 Rotating orbitals                              2.43970e+00
------------------------------------------------------------
                 Wall time: 3.45562e+00 sec 
============================================================


============================================================
                  Setting up Fock operator
------------------------------------------------------------
 Precision                                      1.00000e-07
------------------------------------------------------------
 Coulomb density                      1832      3.35728e+00
 Coulomb potential                     584      5.77848e+01
 Allreduce potential                   680      1.51519e+00
 XC total density                     2232      4.03653e+00
 XC evaluate xcfun                   11160      3.34143e+01
 XC energy                            2232      1.70132e-04
 XC potential                         2232      1.06743e+00
------------------------------------------------------------
                 Wall time: 1.01936e+02 sec 
============================================================


============================================================
                  Calculating Fock matrix
------------------------------------------------------------
 Kinetic part                         9.681351135000000e+00
 Potential part                       3.624954446600000e+01
------------------------------------------------------------
                 Wall time: 4.59310e+01 sec 
============================================================


============================================================
                          Orbitals
------------------------------------------------------------
 Orb    F(i,i)        Error         nNodes  Spin  Occ  Done 
------------------------------------------------------------
  0  -1.39654e+01   6.01639e-07        664    p    2    1
  1  -9.89547e+00   6.30621e-07          0    p    2    1
  2  -8.01067e-01   3.51044e-06          0    p    2    0
  3  -5.96771e-01   2.47521e-06          0    p    2    0
  4  -4.41520e-01   2.69881e-06       1048    p    2    0
  5  -3.95924e-01   5.08530e-06          0    p    2    0
  6  -3.58204e-01   4.90877e-06          0    p    2    0
  7  -3.23810e-01   6.24049e-06          0    p    2    0
  8  -2.01046e-01   1.31204e-05       1368    p    2    0
------------------------------------------------------------
 Total error:                            1.69570e-05    0
============================================================


============================================================
                    Energy                 Update      Done 
------------------------------------------------------------
 Orbital      -5.395845028224220e+01    -1.39303e-04    1
 Kinetic       9.540401715832888e+01    -6.41441e-05    1
 N-E          -3.071274931442898e+02     1.94859e-04    1
 Coulomb       8.793101940154739e+01    -1.43415e-04    1
 Exchange      0.000000000000000e+00     0.00000e+00    1
 X-C          -1.407992930538072e+01     1.27525e-05    1
------------------------------------------------------------
 Electronic   -1.378727475524862e+02    -4.42213e-09    1
 Nuclear       4.209673961247318e+01     0.00000e+00    1
------------------------------------------------------------
 Total        -9.577600794001302e+01    -4.42213e-09    1
============================================================


################ Wall time: 5.31502e+02 sec ################




####################### SCF cycle  7 #######################


============================================================
 Current precision                              1.00000e-07
------------------------------------------------------------
 Orbital threshold                              1.00000e-06
 Property threshold                            -1.00000e+00
============================================================


============================================================
                   Calculating SCF energy
------------------------------------------------------------
 Nuclear energy                       4.209673961247318e+01
 Electronic energy                   -1.378727475535031e+02
------------------------------------------------------------
 Total energy                        -9.577600794102995e+01
------------------------------------------------------------
                 Wall time: 3.81098e+01 sec 
============================================================


============================================================
                Rotating Helmholtz argument
------------------------------------------------------------
 Rotating orbitals                              3.17097e+00
------------------------------------------------------------
                 Wall time: 3.17106e+00 sec 
============================================================


============================================================
                Applying Helmholtz operators
------------------------------------------------------------
 Orb    RealNorm   Nodes     ImagNorm   Nodes     Timing
------------------------------------------------------------
  0    1.00000e+00   680    0.00000e+00     0   6.48979e+01
  4    1.00000e+00  1048    0.00000e+00     0   1.17386e+02
  8    1.00000e+00  1368    0.00000e+00     0   1.42369e+02
------------------------------------------------------------
                 Wall time: 3.24678e+02 sec 
============================================================


============================================================
                 Lowdin orthonormalization
------------------------------------------------------------
 Computing Lowdin matrix                        5.52837e-01
 Rotating orbitals                              2.86684e+00
------------------------------------------------------------
                 Wall time: 3.41977e+00 sec 
============================================================


============================================================
               Iterative subspace accelerator
------------------------------------------------------------
 Push back orbitals                             4.98141e-02
 Setup linear system                            2.38791e+00
 Solve linear system                            9.63900e-06
 Expand solution                                2.95128e+00
------------------------------------------------------------
                 Wall time: 5.38916e+00 sec 
============================================================


============================================================
                 Lowdin orthonormalization
------------------------------------------------------------
 Computing Lowdin matrix                        9.85533e-01
 Rotating orbitals                              2.50952e+00
------------------------------------------------------------
                 Wall time: 3.49514e+00 sec 
============================================================


============================================================
                  Setting up Fock operator
------------------------------------------------------------
 Precision                                      1.00000e-07
------------------------------------------------------------
 Coulomb density                      1832      3.41707e+00
 Coulomb potential                     584      6.10771e+01
 Allreduce potential                   680      2.38271e-01
 XC total density                     2232      4.06889e+00
 XC evaluate xcfun                   11160      3.27489e+01
 XC energy                            2232      1.68303e-04
 XC potential                         2232      1.07576e+00
------------------------------------------------------------
                 Wall time: 1.03376e+02 sec 
============================================================


============================================================
                  Calculating Fock matrix
------------------------------------------------------------
 Kinetic part                         1.107897644800000e+01
 Potential part                       3.707941101500000e+01
------------------------------------------------------------
                 Wall time: 4.81585e+01 sec 
============================================================


============================================================
                          Orbitals
------------------------------------------------------------
 Orb    F(i,i)        Error         nNodes  Spin  Occ  Done 
------------------------------------------------------------
  0  -1.39654e+01   3.76887e-07        664    p    2    1
  1  -9.89547e+00   8.81496e-07          0    p    2    1
  2  -8.01069e-01   2.15328e-06          0    p    2    0
  3  -5.96773e-01   1.85473e-06          0    p    2    0
  4  -4.41522e-01   1.14051e-06       1048    p    2    0
  5  -3.95926e-01   4.44089e-06          0    p    2    0
  6  -3.58205e-01   5.60908e-06          0    p    2    0
  7  -3.23811e-01   3.32760e-06          0    p    2    0
  8  -2.01048e-01   1.08663e-05       1368    p    2    0
------------------------------------------------------------
 Total error:                            1.38069e-05    0
============================================================


============================================================
                    Energy                 Update      Done 
------------------------------------------------------------
 Orbital      -5.395838305195390e+01     6.72303e-05    1
 Kinetic       9.540406776363267e+01     5.06053e-05    1
 N-E          -3.071276047964702e+02    -1.11652e-04    1
 Coulomb       8.793108926064892e+01     6.98591e-05    1
 Exchange      0.000000000000000e+00     0.00000e+00    1
 X-C          -1.407993810047043e+01    -8.79509e-06    1
------------------------------------------------------------
 Electronic   -1.378727475535031e+02    -1.01693e-09    1
 Nuclear       4.209673961247318e+01     0.00000e+00    1
------------------------------------------------------------
 Total        -9.577600794102995e+01    -1.01693e-09    1
============================================================


################ Wall time: 5.30412e+02 sec ################




####################### SCF cycle  8 #######################


============================================================
 Current precision                              1.00000e-07
------------------------------------------------------------
 Orbital threshold                              1.00000e-06
 Property threshold                            -1.00000e+00
============================================================


============================================================
                   Calculating SCF energy
------------------------------------------------------------
 Nuclear energy                       4.209673961247318e+01
 Electronic energy                   -1.378727475538807e+02
------------------------------------------------------------
 Total energy                        -9.577600794140756e+01
------------------------------------------------------------
                 Wall time: 3.83682e+01 sec 
============================================================


============================================================
                Rotating Helmholtz argument
------------------------------------------------------------
 Rotating orbitals                              3.20134e+00
------------------------------------------------------------
                 Wall time: 3.20143e+00 sec 
============================================================


============================================================
                Applying Helmholtz operators
------------------------------------------------------------
 Orb    RealNorm   Nodes     ImagNorm   Nodes     Timing
------------------------------------------------------------
  0    1.00000e+00   680    0.00000e+00     0   6.25298e+01
  4    1.00000e+00  1048    0.00000e+00     0   1.14595e+02
  8    1.00000e+00  1368    0.00000e+00     0   1.41024e+02
------------------------------------------------------------
                 Wall time: 3.18178e+02 sec 
============================================================


============================================================
                 Lowdin orthonormalization
------------------------------------------------------------
 Computing Lowdin matrix                        5.52274e-01
 Rotating orbitals                              2.80298e+00
------------------------------------------------------------
                 Wall time: 3.35535e+00 sec 
============================================================


============================================================
               Iterative subspace accelerator
------------------------------------------------------------
 Push back orbitals                             4.80102e-02
 Setup linear system                            2.61400e+00
 Solve linear system                            8.79700e-06
 Expand solution                                3.06309e+00
------------------------------------------------------------
                 Wall time: 5.72526e+00 sec 
============================================================


============================================================
                 Lowdin orthonormalization
------------------------------------------------------------
 Computing Lowdin matrix                        1.03484e+00
 Rotating orbitals                              2.57455e+00
------------------------------------------------------------
                 Wall time: 3.60948e+00 sec 
============================================================


============================================================
                  Setting up Fock operator
------------------------------------------------------------
 Precision                                      1.00000e-07
------------------------------------------------------------
 Coulomb density                      1832      3.57450e+00
 Coulomb potential                     584      6.22901e+01
 Allreduce potential                   680      2.35057e-01
 XC total density                     2232      4.08562e+00
 XC evaluate xcfun                   11160      3.26501e+01
 XC energy                            2232      1.81946e-04
 XC potential                         2232      1.12575e+00
------------------------------------------------------------
                 Wall time: 1.04716e+02 sec 
============================================================


============================================================
                  Calculating Fock matrix
------------------------------------------------------------
 Kinetic part                         1.113894633000000e+01
 Potential part                       3.859568169400000e+01
------------------------------------------------------------
                 Wall time: 4.97348e+01 sec 
============================================================


============================================================
                          Orbitals
------------------------------------------------------------
 Orb    F(i,i)        Error         nNodes  Spin  Occ  Done 
------------------------------------------------------------
  0  -1.39654e+01   9.43838e-08        664    p    2    1
  1  -9.89547e+00   4.94738e-07          0    p    2    1
  2  -8.01069e-01   6.21657e-07          0    p    2    1
  3  -5.96772e-01   7.68374e-07          0    p    2    1
  4  -4.41521e-01   8.43683e-07       1048    p    2    1
  5  -3.95925e-01   2.45760e-06          0    p    2    0
  6  -3.58204e-01   2.46498e-06          0    p    2    0
  7  -3.23811e-01   7.18315e-07          0    p    2    1
  8  -2.01048e-01   3.58270e-06       1368    p    2    0
------------------------------------------------------------
 Total error:                            5.23545e-06    0
============================================================


============================================================
                    Energy                 Update      Done 
------------------------------------------------------------
 Orbital      -5.395842320856287e+01    -4.01566e-05    1
 Kinetic       9.540405037038840e+01    -1.73932e-05    1
 N-E          -3.071275499843142e+02     5.48122e-05    1
 Coulomb       8.793104785237344e+01    -4.14083e-05    1
 Exchange      0.000000000000000e+00     0.00000e+00    1
 X-C          -1.407993410778484e+01     3.99269e-06    1
------------------------------------------------------------
 Electronic   -1.378727475538807e+02    -3.77611e-10    1
 Nuclear       4.209673961247318e+01     0.00000e+00    1
------------------------------------------------------------
 Total        -9.577600794140756e+01    -3.77611e-10    1
============================================================


################ Wall time: 5.27530e+02 sec ################




####################### SCF cycle  9 #######################


============================================================
 Current precision                              1.00000e-07
------------------------------------------------------------
 Orbital threshold                              1.00000e-06
 Property threshold                            -1.00000e+00
============================================================


============================================================
                   Calculating SCF energy
------------------------------------------------------------
 Nuclear energy                       4.209673961247318e+01
 Electronic energy                   -1.378727475539543e+02
------------------------------------------------------------
 Total energy                        -9.577600794148111e+01
------------------------------------------------------------
                 Wall time: 3.96713e+01 sec 
============================================================


============================================================
                Rotating Helmholtz argument
------------------------------------------------------------
 Rotating orbitals                              3.31087e+00
------------------------------------------------------------
                 Wall time: 3.31096e+00 sec 
============================================================


============================================================
                Applying Helmholtz operators
------------------------------------------------------------
 Orb    RealNorm   Nodes     ImagNorm   Nodes     Timing
------------------------------------------------------------
  0    1.00000e+00   680    0.00000e+00     0   6.46765e+01
  4    1.00000e+00  1048    0.00000e+00     0   1.23224e+02
  8    1.00000e+00  1368    0.00000e+00     0   1.47460e+02
------------------------------------------------------------
                 Wall time: 3.35405e+02 sec 
============================================================


============================================================
                 Lowdin orthonormalization
------------------------------------------------------------
 Computing Lowdin matrix                        5.53833e-01
 Rotating orbitals                              2.81215e+00
------------------------------------------------------------
                 Wall time: 3.36608e+00 sec 
============================================================


============================================================
               Iterative subspace accelerator
------------------------------------------------------------
 Push back orbitals                             4.66501e-02
 Setup linear system                            2.64845e+00
 Solve linear system                            8.97200e-06
 Expand solution                                3.07489e+00
------------------------------------------------------------
                 Wall time: 5.77015e+00 sec 
============================================================


============================================================
                 Lowdin orthonormalization
------------------------------------------------------------
 Computing Lowdin matrix                        1.01927e+00
 Rotating orbitals                              2.43615e+00
------------------------------------------------------------
                 Wall time: 3.45551e+00 sec 
============================================================


============================================================
                  Setting up Fock operator
------------------------------------------------------------
 Precision                                      1.00000e-07
------------------------------------------------------------
 Coulomb density                      1832      3.80435e+00
 Coulomb potential                     584      5.95603e+01
 Allreduce potential                   680      3.78125e-01
 XC total density                     2232      4.24812e+00
 XC evaluate xcfun                   11160      3.43175e+01
 XC energy                            2232      1.97565e-04
 XC potential                         2232      1.07549e+00
------------------------------------------------------------
                 Wall time: 1.04158e+02 sec 
============================================================


============================================================
                  Calculating Fock matrix
------------------------------------------------------------
 Kinetic part                         9.821708792000001e+00
 Potential part                       3.823072287200000e+01
------------------------------------------------------------
                 Wall time: 4.80526e+01 sec 
============================================================


============================================================
                          Orbitals
------------------------------------------------------------
 Orb    F(i,i)        Error         nNodes  Spin  Occ  Done 
------------------------------------------------------------
  0  -1.39654e+01   5.50450e-08        664    p    2    1
  1  -9.89547e+00   1.26437e-07          0    p    2    1
  2  -8.01069e-01   2.86638e-07          0    p    2    1
  3  -5.96773e-01   2.61713e-07          0    p    2    1
  4  -4.41522e-01   3.67329e-07       1048    p    2    1
  5  -3.95925e-01   9.06215e-07          0    p    2    1
  6  -3.58205e-01   6.24937e-07          0    p    2    1
  7  -3.23811e-01   6.51934e-07          0    p    2    1
  8  -2.01048e-01   1.08896e-06       1368    p    2    0
------------------------------------------------------------
 Total error:                            1.76840e-06    0
============================================================


============================================================
                    Energy                 Update      Done 
------------------------------------------------------------
 Orbital      -5.395841526526336e+01     7.94330e-06    1
 Kinetic       9.540405472660723e+01     4.35622e-06    1
 N-E          -3.071275618588202e+02    -1.18745e-05    1
 Coulomb       8.793105601464885e+01     8.16228e-06    1
 Exchange      0.000000000000000e+00     0.00000e+00    1
 X-C          -1.407993475559583e+01    -6.47811e-07    1
------------------------------------------------------------
 Electronic   -1.378727475539543e+02    -7.35554e-11    1
 Nuclear       4.209673961247318e+01     0.00000e+00    1
------------------------------------------------------------
 Total        -9.577600794148111e+01    -7.35554e-11    1
============================================================


################ Wall time: 5.43847e+02 sec ################




####################### SCF cycle 10 #######################


============================================================
 Current precision                              1.00000e-07
------------------------------------------------------------
 Orbital threshold                              1.00000e-06
 Property threshold                            -1.00000e+00
============================================================


============================================================
                   Calculating SCF energy
------------------------------------------------------------
 Nuclear energy                       4.209673961247318e+01
 Electronic energy                   -1.378727475539683e+02
------------------------------------------------------------
 Total energy                        -9.577600794149515e+01
------------------------------------------------------------
                 Wall time: 4.02442e+01 sec 
============================================================


============================================================
                Rotating Helmholtz argument
------------------------------------------------------------
 Rotating orbitals                              3.29543e+00
------------------------------------------------------------
                 Wall time: 3.29553e+00 sec 
============================================================


============================================================
                Applying Helmholtz operators
------------------------------------------------------------
 Orb    RealNorm   Nodes     ImagNorm   Nodes     Timing
------------------------------------------------------------
  0    1.00000e+00   680    0.00000e+00     0   6.64461e+01
  4    1.00000e+00  1048    0.00000e+00     0   1.23592e+02
  8    1.00000e+00  1368    0.00000e+00     0   1.48164e+02
------------------------------------------------------------
                 Wall time: 3.38215e+02 sec 
============================================================


============================================================
                 Lowdin orthonormalization
------------------------------------------------------------
 Computing Lowdin matrix                        5.54754e-01
 Rotating orbitals                              2.71737e+00
------------------------------------------------------------
                 Wall time: 3.27222e+00 sec 
============================================================


============================================================
               Iterative subspace accelerator
------------------------------------------------------------
 Push back orbitals                             4.88617e-02
 Setup linear system                            2.68823e+00
 Solve linear system                            9.16300e-06
 Expand solution                                3.20420e+00
------------------------------------------------------------
                 Wall time: 5.94144e+00 sec 
============================================================


============================================================
                 Lowdin orthonormalization
------------------------------------------------------------
 Computing Lowdin matrix                        9.98968e-01
 Rotating orbitals                              2.18426e+00
------------------------------------------------------------
                 Wall time: 3.18332e+00 sec 
============================================================


============================================================
                  Setting up Fock operator
------------------------------------------------------------
 Precision                                      1.00000e-07
------------------------------------------------------------
 Coulomb density                      1832      3.60117e+00
 Coulomb potential                     584      5.99973e+01
 Allreduce potential                   680      1.23924e+00
 XC total density                     2232      4.03218e+00
 XC evaluate xcfun                   11160      3.40184e+01
 XC energy                            2232      2.05253e-04
 XC potential                         2232      1.11828e+00
------------------------------------------------------------
                 Wall time: 1.04777e+02 sec 
============================================================


============================================================
                  Calculating Fock matrix
------------------------------------------------------------
 Kinetic part                         9.805853515000001e+00
 Potential part                       3.786331344700000e+01
------------------------------------------------------------
                 Wall time: 4.76693e+01 sec 
============================================================


============================================================
                          Orbitals
------------------------------------------------------------
 Orb    F(i,i)        Error         nNodes  Spin  Occ  Done 
------------------------------------------------------------
  0  -1.39654e+01   2.25706e-08        664    p    2    1
  1  -9.89547e+00   4.34861e-08          0    p    2    1
  2  -8.01069e-01   1.69146e-07          0    p    2    1
  3  -5.96772e-01   1.75409e-07          0    p    2    1
  4  -4.41521e-01   1.29617e-07       1048    p    2    1
  5  -3.95925e-01   5.25910e-07          0    p    2    1
  6  -3.58204e-01   4.63305e-07          0    p    2    1
  7  -3.23811e-01   2.40572e-07          0    p    2    1
  8  -2.01048e-01   3.58130e-07       1368    p    2    1
------------------------------------------------------------
 Total error:                            8.69451e-07    1
============================================================


============================================================
                    Energy                 Update      Done 
------------------------------------------------------------
 Orbital      -5.395841700285641e+01    -1.73759e-06    1
 Kinetic       9.540405289126022e+01    -1.83535e-06    1
 N-E          -3.071275585486822e+02     3.31014e-06    1
 Coulomb       8.793105417876413e+01    -1.83588e-06    1
 Exchange      0.000000000000000e+00     0.00000e+00    1
 X-C          -1.407993439578124e+01     3.59815e-07    1
------------------------------------------------------------
 Electronic   -1.378727475539683e+02    -1.40403e-11    1
 Nuclear       4.209673961247318e+01     0.00000e+00    1
------------------------------------------------------------
 Total        -9.577600794149515e+01    -1.40403e-11    1
============================================================


################ Wall time: 5.47264e+02 sec ################


============================================================
                      Convergence rate
------------------------------------------------------------
Iter    OrbError       Property                   Update  
------------------------------------------------------------
  1    3.03760e-03    -9.577599469855915e+01   -9.57760e+01
  2    5.09244e-04    -9.577600723493501e+01   -1.25364e-05
  3    2.45212e-04    -9.577600775777972e+01   -5.22845e-07
  4    1.17176e-04    -9.577600789814926e+01   -1.40370e-07
  5    3.34811e-05    -9.577600793559088e+01   -3.74416e-08
  6    1.69570e-05    -9.577600794001302e+01   -4.42213e-09
  7    1.38069e-05    -9.577600794102995e+01   -1.01693e-09
  8    5.23545e-06    -9.577600794140756e+01   -3.77611e-10
  9    1.76840e-06    -9.577600794148111e+01   -7.35554e-11
 10    8.69451e-07    -9.577600794149515e+01   -1.40403e-11
------------------------------------------------------------
                      SCF converged!!!                      
============================================================


============================================================
                  Digonalizing Fock matrix
------------------------------------------------------------
 Computing Lowdin matrix                        5.56385e-01
 Diagonalizing matrix                           1.77570e-05
 Rotating orbitals                              4.15485e+00
------------------------------------------------------------
                 Wall time: 4.71134e+00 sec 
============================================================


============================================================
                  Setting up Fock operator
------------------------------------------------------------
 Precision                                      1.00000e-07
------------------------------------------------------------
 Coulomb density                      1880      3.67650e+00
 Coulomb potential                     584      5.03715e+01
 Allreduce potential                   680      1.40436e+00
 XC total density                     2344      4.33312e+00
 XC evaluate xcfun                   11720      3.41870e+01
 XC energy                            2344      1.62688e-04
 XC potential                         2344      9.51217e-01
------------------------------------------------------------
                 Wall time: 9.56353e+01 sec 
============================================================


============================================================
                   Calculating SCF energy
------------------------------------------------------------
------------------------------------------------------------
                 Wall time: 4.11125e+01 sec 
============================================================


============================================================
                 Calculating dipole moment
------------------------------------------------------------
------------------------------------------------------------
                 Wall time: 1.58167e+01 sec 
============================================================


============================================================
                        Fock matrix
------------------------------------------------------------
-1.39654e+01  0.00000e+00  0.00000e+00  0.00000e+00  0.00000e+00  0.00000e+00  0.00000e+00  0.00000e+00  0.00000e+00
 0.00000e+00 -9.89547e+00  0.00000e+00  0.00000e+00  0.00000e+00  0.00000e+00  0.00000e+00  0.00000e+00  0.00000e+00
 0.00000e+00  0.00000e+00 -8.01069e-01  0.00000e+00  0.00000e+00  0.00000e+00  0.00000e+00  0.00000e+00  0.00000e+00
 0.00000e+00  0.00000e+00  0.00000e+00 -5.96772e-01  0.00000e+00  0.00000e+00  0.00000e+00  0.00000e+00  0.00000e+00
 0.00000e+00  0.00000e+00  0.00000e+00  0.00000e+00 -4.41521e-01  0.00000e+00  0.00000e+00  0.00000e+00  0.00000e+00
 0.00000e+00  0.00000e+00  0.00000e+00  0.00000e+00  0.00000e+00 -3.95925e-01  0.00000e+00  0.00000e+00  0.00000e+00
 0.00000e+00  0.00000e+00  0.00000e+00  0.00000e+00  0.00000e+00  0.00000e+00 -3.58204e-01  0.00000e+00  0.00000e+00
 0.00000e+00  0.00000e+00  0.00000e+00  0.00000e+00  0.00000e+00  0.00000e+00  0.00000e+00 -3.23811e-01  0.00000e+00
 0.00000e+00  0.00000e+00  0.00000e+00  0.00000e+00  0.00000e+00  0.00000e+00  0.00000e+00  0.00000e+00 -2.01048e-01
============================================================


============================================================
                      Orbital energies
------------------------------------------------------------
    n  spin  occ                            epsilon  
------------------------------------------------------------
    0    p    2                      -1.396538674458098e+01
    1    p    2                      -9.895469472313630e+00
    2    p    2                      -8.010687227613646e-01
    3    p    2                      -5.967724993512772e-01
    4    p    2                      -4.415213884286547e-01
    5    p    2                      -3.959253519558442e-01
    6    p    2                      -3.582044458959288e-01
    7    p    2                      -3.238106491833032e-01
    8    p    2                      -2.010478249972706e-01
============================================================


============================================================
                          Molecule
------------------------------------------------------------
 Nr  Element             x             y             z      
------------------------------------------------------------
  1     N           1.41824e+00  -2.38721e-01  -2.60000e-09
  2     H           2.14897e+00   6.55396e-01  -1.52293e+00
  3     H           2.14897e+00   6.55396e-01   1.52293e+00
  4     C          -1.33255e+00   3.40982e-02  -2.60000e-09
  5     H          -2.10252e+00  -9.12908e-01   1.65370e+00
  6     H          -2.10252e+00  -9.12908e-01  -1.65370e+00
  7     H          -2.02530e+00   1.98148e+00   0.00000e+00
------------------------------------------------------------
 Center of mass:    6.15617e-02  -4.68824e-02  -2.17810e-09
============================================================


                                                            
============================================================
                         SCF Energy                         
------------------------------------------------------------
                                                            
 Sum orbital energy:                 -5.395841419893650e+01
 Kinetic energy:                      9.540405397789969e+01
 E-N energy:                         -3.071275622993257e+02
 Coulomb energy:                      8.793105706594390e+01
 Exchange energy:                     0.000000000000000e+00
 X-C energy:                         -1.407993465562534e+01
 El. external field energy:          -3.616797123752408e-04
 Nuc. external field energy:          8.438838615576275e-04
                                                            
------------------------------------------------------------
                                                            
 Electronic energy:                  -1.378727475908199e+02
 Nuclear energy:                      4.209673961247318e+01
                                                            
------------------------------------------------------------
                                                            
 Total energy       (au)             -9.577600797834671e+01
                    (kJ/mol)         -2.514598725522663e+05
                    (kcal/mol)       -6.010035190943211e+04
                    (eV)             -2.606197831650664e+03
                                                            
============================================================
                                                            

                                                            
============================================================
                         Dipole moment                      
------------------------------------------------------------
                                                            
 Length of vector:   (au)                  4.9245116901e-01
                     (Debye)               1.2516859028e+00
                                                            
-------------------------- Total ---------------------------
                                                            
 [-9.9936541697e-02,  4.8220414918e-01,  2.9614063376e-10] 
                                                            
------------------------- Nuclear --------------------------
                                                            
 [-1.1081097598e+00,  8.4388386156e-01,  5.4261614353e-09] 
                                                            
------------------------ Electronic ------------------------
                                                            
 [ 1.0081732181e+00, -3.6167971238e-01, -5.1300208016e-09] 
                                                            
============================================================
                                                            



************************************************************
***                                                      ***
***                    Exiting MRChem                    ***
***                                                      ***
***               Wall time: 5.513771e+03                ***
***                                                      ***
************************************************************


