


************************************************************
***     __  __ ____   ____ _                             ***
***    |  \/  |  _ \ / ___| |__   ___ _ __ ___           ***
***    | |\/| | |_) | |   | '_ \ / _ \ '_ ` _ \          ***
***    | |  | |  _ <| |___| | | |  __/ | | | | |         ***
***    |_|  |_|_| \_\\____|_| |_|\___|_| |_| |_|         ***
***                                                      ***
***    VERSION 0.0.1 (rev. 1c6f79f)                     ***
***                                                      ***
***    Stig Rune Jensen <stig.r.jensen@uit.no>           ***
***    Luca Frediani    <luca.frediani@uit.no>           ***
***    Peter Wind       <peter.wind@uit.no>              ***
***                                                      ***
************************************************************


+++ Parallel execution: 
  MPI hosts available     : 4
  Threads/host            : 2
  Total used CPUs         : 8


------------------------------------------------------------

 MRCPP version   : X.Y.Z
 Git revision    : bbc2aed

 Linear algebra  : EIGEN
 Parallelization : MPI/OpenMP

------------------------------------------------------------




============================================================
                  MultiResolution Analysis                  
------------------------------------------------------------
 polynomial order = 11
 polynomial type  = Interpolating
------------------------------------------------------------
 total boxes      = 8
 boxes            = [           2           2           2 ]
 unit lengths     = [    32.00000    32.00000    32.00000 ]
 scaling factor   = [     1.00000     1.00000     1.00000 ]
 lower bounds     = [   -32.00000   -32.00000   -32.00000 ]
 upper bounds     = [    32.00000    32.00000    32.00000 ]
 total length     = [    64.00000    64.00000    64.00000 ]
============================================================


============================================================
                          Molecule
------------------------------------------------------------
 Nr  Element             x             y             z      
------------------------------------------------------------
  1     C          -9.50532e-02   1.26328e+00   0.00000e+00
  2     O          -9.50532e-02  -1.43336e+00   0.00000e+00
  3     H          -2.04223e+00   1.96853e+00   0.00000e+00
  4     H           8.78723e-01   1.96853e+00   1.68639e+00
  5     H           8.78723e-01   1.96853e+00  -1.68639e+00
  6     H           1.61458e+00  -2.01766e+00   0.00000e+00
------------------------------------------------------------
 Center of mass:   -4.12619e-02  -1.19867e-01   0.00000e+00
============================================================


============================================================
                Setting up nuclear potential
------------------------------------------------------------
 Nr  Element         Charge        Precision     Smoothing 
------------------------------------------------------------
  1     C           6.00000e+00   1.00000e-07   3.82453e-05
  2     O           8.00000e+00   1.00000e-07   2.36781e-05
  3     H           1.00000e+00   1.00000e-07   7.57698e-04
  4     H           1.00000e+00   1.00000e-07   7.57698e-04
  5     H           1.00000e+00   1.00000e-07   7.57698e-04
  6     H           1.00000e+00   1.00000e-07   7.57698e-04
------------------------------------------------------------
 Nuclear potential                    1896      2.47761e+00
 Allreduce potential                  4360      1.73003e+00
------------------------------------------------------------
                 Wall time: 4.20776e+00 sec 
============================================================


============================================================
 OrbitalVector:   9 orbitals     9 occupied    18 electrons
------------------------------------------------------------
   n  RankID           Norm          Spin Occ      Error    
------------------------------------------------------------
   0     0       1.000000000000e+00    p   2    1.00000e+00
   1     1      -1.000000000000e+00    p   2    1.00000e+00
   2     2      -1.000000000000e+00    p   2    1.00000e+00
   3     3      -1.000000000000e+00    p   2    1.00000e+00
   4     0       1.000000000000e+00    p   2    1.00000e+00
   5     1      -1.000000000000e+00    p   2    1.00000e+00
   6     2      -1.000000000000e+00    p   2    1.00000e+00
   7     3      -1.000000000000e+00    p   2    1.00000e+00
   8     0       1.000000000000e+00    p   2    1.00000e+00
============================================================


============================================================
                  Setting up Fock operator
------------------------------------------------------------
 Precision                                      1.00000e-07
------------------------------------------------------------
 Coulomb density                      1656      3.72312e+00
 Coulomb potential                     664      5.59434e+01
 Allreduce potential                   744      2.36773e-01
 XC total density                     2328      4.41278e+00
 XC evaluate xcfun                   11640      3.43291e+01
 XC energy                            2328      1.71700e-04
 XC potential                         2328      1.14445e+00
------------------------------------------------------------
                 Wall time: 1.00609e+02 sec 
============================================================


============================================================
                  Calculating Fock matrix
------------------------------------------------------------
 Kinetic part                         1.239479330300000e+01
 Potential part                       4.198436289300000e+01
------------------------------------------------------------
                 Wall time: 5.43793e+01 sec 
============================================================




####################### SCF cycle  1 #######################


============================================================
 Current precision                              1.00000e-07
------------------------------------------------------------
 Orbital threshold                              1.00000e-06
 Property threshold                            -1.00000e+00
============================================================


============================================================
                  Digonalizing Fock matrix
------------------------------------------------------------
 Computing Lowdin matrix                        8.71078e-01
 Diagonalizing matrix                           1.93580e-05
 Rotating orbitals                              2.79871e+00
------------------------------------------------------------
                 Wall time: 3.66989e+00 sec 
============================================================


============================================================
                   Calculating SCF energy
------------------------------------------------------------
 Nuclear energy                       4.019128757424475e+01
 Electronic energy                   -1.558338512534769e+02
------------------------------------------------------------
 Total energy                        -1.156425636792322e+02
------------------------------------------------------------
                 Wall time: 3.16775e+01 sec 
============================================================


============================================================
                Rotating Helmholtz argument
------------------------------------------------------------
 Rotating orbitals                              9.44685e-01
------------------------------------------------------------
                 Wall time: 9.44775e-01 sec 
============================================================


============================================================
                Applying Helmholtz operators
------------------------------------------------------------
 Orb    RealNorm   Nodes     ImagNorm   Nodes     Timing
------------------------------------------------------------
  0    1.00000e+00   728    0.00000e+00     0   5.80499e+01
  4    9.99962e-01  1336    0.00000e+00     0   1.24119e+02
  8    9.99908e-01   952    0.00000e+00     0   9.62266e+01
------------------------------------------------------------
                 Wall time: 2.78416e+02 sec 
============================================================


============================================================
                 Lowdin orthonormalization
------------------------------------------------------------
 Computing Lowdin matrix                        1.02649e+01
 Rotating orbitals                              2.64406e+00
------------------------------------------------------------
                 Wall time: 1.29090e+01 sec 
============================================================


============================================================
               Iterative subspace accelerator
------------------------------------------------------------
 Push back orbitals                             4.99240e-05
 Copy orbitals                                  1.43201e-01
 Copy orbital updates                           1.38960e-01
------------------------------------------------------------
                 Wall time: 2.82313e-01 sec 
============================================================


============================================================
                 Lowdin orthonormalization
------------------------------------------------------------
 Computing Lowdin matrix                        6.56826e-01
 Rotating orbitals                              1.57325e+00
------------------------------------------------------------
                 Wall time: 2.23016e+00 sec 
============================================================


============================================================
                  Setting up Fock operator
------------------------------------------------------------
 Precision                                      1.00000e-07
------------------------------------------------------------
 Coulomb density                      1608      3.03861e+00
 Coulomb potential                     664      5.90815e+01
 Allreduce potential                   744      2.37102e-01
 XC total density                     2200      3.67824e+00
 XC evaluate xcfun                   11000      3.26198e+01
 XC energy                            2200      1.64885e-04
 XC potential                         2200      1.13898e+00
------------------------------------------------------------
                 Wall time: 1.00514e+02 sec 
============================================================


============================================================
                  Calculating Fock matrix
------------------------------------------------------------
 Kinetic part                         9.392837157000001e+00
 Potential part                       3.420080222800000e+01
------------------------------------------------------------
                 Wall time: 4.35938e+01 sec 
============================================================


============================================================
                          Orbitals
------------------------------------------------------------
 Orb    F(i,i)        Error         nNodes  Spin  Occ  Done 
------------------------------------------------------------
  0  -1.87511e+01   1.26917e-05        728    p    2    0
  1  -9.92342e+00   4.11099e-05          0    p    2    0
  2  -9.34641e-01   1.34656e-04          0    p    2    0
  3  -6.18797e-01   3.45820e-04          0    p    2    0
  4  -4.58658e-01   8.09490e-04       1336    p    2    0
  5  -3.90828e-01   4.47627e-04          0    p    2    0
  6  -3.83197e-01   1.02558e-03          0    p    2    0
  7  -2.92716e-01   1.30365e-03          0    p    2    0
  8  -2.30374e-01   1.35403e-03        952    p    2    0
------------------------------------------------------------
 Total error:                            2.36219e-03    0
============================================================


============================================================
                    Energy                 Update      Done 
------------------------------------------------------------
 Orbital      -6.397126755260944e+01    -6.39713e+01    1
 Kinetic       1.152088939273030e+02     1.15209e+02    1
 N-E          -3.519389775821749e+02    -3.51939e+02    1
 Coulomb       9.624945110501633e+01     9.62495e+01    1
 Exchange      0.000000000000000e+00     0.00000e+00    1
 X-C          -1.535502148714655e+01    -1.53550e+01    1
------------------------------------------------------------
 Electronic   -1.558338512534769e+02    -1.55834e+02    1
 Nuclear       4.019128757424475e+01     4.01913e+01    1
------------------------------------------------------------
 Total        -1.156425636792322e+02    -1.15643e+02    1
============================================================


################ Wall time: 4.74569e+02 sec ################




####################### SCF cycle  2 #######################


============================================================
 Current precision                              1.00000e-07
------------------------------------------------------------
 Orbital threshold                              1.00000e-06
 Property threshold                            -1.00000e+00
============================================================


============================================================
                  Digonalizing Fock matrix
------------------------------------------------------------
 Computing Lowdin matrix                        6.05596e-01
 Diagonalizing matrix                           1.73050e-05
 Rotating orbitals                              2.69648e+00
------------------------------------------------------------
                 Wall time: 3.30217e+00 sec 
============================================================


============================================================
                   Calculating SCF energy
------------------------------------------------------------
 Nuclear energy                       4.019128757424475e+01
 Electronic energy                   -1.558338619731165e+02
------------------------------------------------------------
 Total energy                        -1.156425743988718e+02
------------------------------------------------------------
                 Wall time: 3.16865e+01 sec 
============================================================


============================================================
                Rotating Helmholtz argument
------------------------------------------------------------
 Rotating orbitals                              9.50981e-01
------------------------------------------------------------
                 Wall time: 9.51064e-01 sec 
============================================================


============================================================
                Applying Helmholtz operators
------------------------------------------------------------
 Orb    RealNorm   Nodes     ImagNorm   Nodes     Timing
------------------------------------------------------------
  0    1.00000e+00   728    0.00000e+00     0   5.65715e+01
  4    1.00001e+00  1352    0.00000e+00     0   1.23603e+02
  8    9.99988e-01   952    0.00000e+00     0   9.40544e+01
------------------------------------------------------------
                 Wall time: 2.74238e+02 sec 
============================================================


============================================================
                 Lowdin orthonormalization
------------------------------------------------------------
 Computing Lowdin matrix                        1.19161e+01
 Rotating orbitals                              2.56808e+00
------------------------------------------------------------
                 Wall time: 1.44843e+01 sec 
============================================================


============================================================
               Iterative subspace accelerator
------------------------------------------------------------
 Push back orbitals                             4.65770e-05
 Copy orbitals                                  1.38719e-01
 Copy orbital updates                           1.38101e-01
------------------------------------------------------------
                 Wall time: 2.76962e-01 sec 
============================================================


============================================================
                 Lowdin orthonormalization
------------------------------------------------------------
 Computing Lowdin matrix                        6.59659e-01
 Rotating orbitals                              1.51404e+00
------------------------------------------------------------
                 Wall time: 2.17378e+00 sec 
============================================================


============================================================
                  Setting up Fock operator
------------------------------------------------------------
 Precision                                      1.00000e-07
------------------------------------------------------------
 Coulomb density                      1608      2.83772e+00
 Coulomb potential                     664      5.76344e+01
 Allreduce potential                   744      2.41896e-01
 XC total density                     2200      3.69908e+00
 XC evaluate xcfun                   11000      3.22258e+01
 XC energy                            2200      1.70545e-04
 XC potential                         2200      1.10056e+00
------------------------------------------------------------
                 Wall time: 9.84470e+01 sec 
============================================================


============================================================
                  Calculating Fock matrix
------------------------------------------------------------
 Kinetic part                         9.795304463000001e+00
 Potential part                       3.338501617500000e+01
------------------------------------------------------------
                 Wall time: 4.31804e+01 sec 
============================================================


============================================================
                          Orbitals
------------------------------------------------------------
 Orb    F(i,i)        Error         nNodes  Spin  Occ  Done 
------------------------------------------------------------
  0  -1.87511e+01   7.62087e-06        728    p    2    0
  1  -9.92344e+00   2.11737e-05          0    p    2    0
  2  -9.34598e-01   6.43516e-05          0    p    2    0
  3  -6.18824e-01   9.59980e-05          0    p    2    0
  4  -4.58649e-01   2.07879e-04       1352    p    2    0
  5  -3.90864e-01   1.17015e-04          0    p    2    0
  6  -3.83217e-01   2.43552e-04          0    p    2    0
  7  -2.92703e-01   2.90922e-04          0    p    2    0
  8  -2.30351e-01   3.20660e-04        952    p    2    0
------------------------------------------------------------
 Total error:                            5.63512e-04    0
============================================================


============================================================
                    Energy                 Update      Done 
------------------------------------------------------------
 Orbital      -6.396738480122760e+01     3.88275e-03    1
 Kinetic       1.152095912220223e+02     6.97295e-04    1
 N-E          -3.519433945970671e+02    -4.41701e-03    1
 Coulomb       9.625341767845997e+01     3.96657e-03    1
 Exchange      0.000000000000000e+00     0.00000e+00    1
 X-C          -1.535526156947948e+01    -2.40082e-04    1
------------------------------------------------------------
 Electronic   -1.558338619731165e+02    -1.07196e-05    1
 Nuclear       4.019128757424475e+01     0.00000e+00    1
------------------------------------------------------------
 Total        -1.156425743988718e+02    -1.07196e-05    1
============================================================


################ Wall time: 4.69077e+02 sec ################




####################### SCF cycle  3 #######################


============================================================
 Current precision                              1.00000e-07
------------------------------------------------------------
 Orbital threshold                              1.00000e-06
 Property threshold                            -1.00000e+00
============================================================


============================================================
                   Calculating SCF energy
------------------------------------------------------------
 Nuclear energy                       4.019128757424475e+01
 Electronic energy                   -1.558338629772879e+02
------------------------------------------------------------
 Total energy                        -1.156425754030431e+02
------------------------------------------------------------
                 Wall time: 3.34884e+01 sec 
============================================================


============================================================
                Rotating Helmholtz argument
------------------------------------------------------------
 Rotating orbitals                              2.96362e+00
------------------------------------------------------------
                 Wall time: 2.96370e+00 sec 
============================================================


============================================================
                Applying Helmholtz operators
------------------------------------------------------------
 Orb    RealNorm   Nodes     ImagNorm   Nodes     Timing
------------------------------------------------------------
  0    1.00000e+00   728    0.00000e+00     0   6.03651e+01
  4    1.00000e+00  1352    0.00000e+00     0   1.26706e+02
  8    9.99975e-01   952    0.00000e+00     0   9.59260e+01
------------------------------------------------------------
                 Wall time: 2.83051e+02 sec 
============================================================


============================================================
                 Lowdin orthonormalization
------------------------------------------------------------
 Computing Lowdin matrix                        1.80774e+01
 Rotating orbitals                              2.64268e+00
------------------------------------------------------------
                 Wall time: 2.07201e+01 sec 
============================================================


============================================================
               Iterative subspace accelerator
------------------------------------------------------------
 Push back orbitals                             5.25090e-05
 Setup linear system                            3.88048e-01
 Solve linear system                            1.09810e-05
 Expand solution                                1.14205e+00
------------------------------------------------------------
                 Wall time: 1.53027e+00 sec 
============================================================


============================================================
                 Lowdin orthonormalization
------------------------------------------------------------
 Computing Lowdin matrix                        9.22132e-01
 Rotating orbitals                              2.53503e+00
------------------------------------------------------------
                 Wall time: 3.45724e+00 sec 
============================================================


============================================================
                  Setting up Fock operator
------------------------------------------------------------
 Precision                                      1.00000e-07
------------------------------------------------------------
 Coulomb density                      1608      2.90076e+00
 Coulomb potential                     664      5.73695e+01
 Allreduce potential                   744      2.57327e+00
 XC total density                     2200      3.79500e+00
 XC evaluate xcfun                   11000      3.21868e+01
 XC energy                            2200      1.63522e-04
 XC potential                         2200      1.10655e+00
------------------------------------------------------------
                 Wall time: 1.00687e+02 sec 
============================================================


============================================================
                  Calculating Fock matrix
------------------------------------------------------------
 Kinetic part                         1.030927143400000e+01
 Potential part                       3.528930543100000e+01
------------------------------------------------------------
                 Wall time: 4.55987e+01 sec 
============================================================


============================================================
                          Orbitals
------------------------------------------------------------
 Orb    F(i,i)        Error         nNodes  Spin  Occ  Done 
------------------------------------------------------------
  0  -1.87508e+01   8.04534e-06        728    p    2    0
  1  -9.92346e+00   2.14560e-05          0    p    2    0
  2  -9.34466e-01   3.94573e-05          0    p    2    0
  3  -6.18816e-01   4.97346e-05          0    p    2    0
  4  -4.58579e-01   1.35610e-04       1352    p    2    0
  5  -3.90868e-01   5.09815e-05          0    p    2    0
  6  -3.83192e-01   1.56221e-04          0    p    2    0
  7  -2.92628e-01   1.72302e-04          0    p    2    0
  8  -2.30249e-01   1.75748e-04        952    p    2    0
------------------------------------------------------------
 Total error:                            3.32453e-04    0
============================================================


============================================================
                    Energy                 Update      Done 
------------------------------------------------------------
 Orbital      -6.396742673973925e+01    -4.19385e-05    1
 Kinetic       1.152090655282903e+02    -5.25694e-04    1
 N-E          -3.519428722645025e+02     5.22333e-04    1
 Coulomb       9.625335648744804e+01    -6.11910e-05    1
 Exchange      0.000000000000000e+00     0.00000e+00    1
 X-C          -1.535519408187054e+01     6.74876e-05    1
------------------------------------------------------------
 Electronic   -1.558338629772879e+02    -1.00417e-06    1
 Nuclear       4.019128757424475e+01     0.00000e+00    1
------------------------------------------------------------
 Total        -1.156425754030431e+02    -1.00417e-06    1
============================================================


################ Wall time: 4.92019e+02 sec ################




####################### SCF cycle  4 #######################


============================================================
 Current precision                              1.00000e-07
------------------------------------------------------------
 Orbital threshold                              1.00000e-06
 Property threshold                            -1.00000e+00
============================================================


============================================================
                   Calculating SCF energy
------------------------------------------------------------
 Nuclear energy                       4.019128757424475e+01
 Electronic energy                   -1.558338634127615e+02
------------------------------------------------------------
 Total energy                        -1.156425758385168e+02
------------------------------------------------------------
                 Wall time: 3.54188e+01 sec 
============================================================


============================================================
                Rotating Helmholtz argument
------------------------------------------------------------
 Rotating orbitals                              3.10875e+00
------------------------------------------------------------
                 Wall time: 3.10884e+00 sec 
============================================================


============================================================
                Applying Helmholtz operators
------------------------------------------------------------
 Orb    RealNorm   Nodes     ImagNorm   Nodes     Timing
------------------------------------------------------------
  0    1.00000e+00   728    0.00000e+00     0   6.47147e+01
  4    1.00001e+00  1352    0.00000e+00     0   1.29884e+02
  8    1.00001e+00   952    0.00000e+00     0   9.88267e+01
------------------------------------------------------------
                 Wall time: 2.93443e+02 sec 
============================================================


============================================================
                 Lowdin orthonormalization
------------------------------------------------------------
 Computing Lowdin matrix                        1.96772e+01
 Rotating orbitals                              2.71949e+00
------------------------------------------------------------
                 Wall time: 2.23968e+01 sec 
============================================================


============================================================
               Iterative subspace accelerator
------------------------------------------------------------
 Push back orbitals                             3.93369e-02
 Setup linear system                            1.18278e+00
 Solve linear system                            1.42770e-05
 Expand solution                                1.84527e+00
------------------------------------------------------------
                 Wall time: 3.06754e+00 sec 
============================================================


============================================================
                 Lowdin orthonormalization
------------------------------------------------------------
 Computing Lowdin matrix                        9.13304e-01
 Rotating orbitals                              2.64738e+00
------------------------------------------------------------
                 Wall time: 3.56077e+00 sec 
============================================================


============================================================
                  Setting up Fock operator
------------------------------------------------------------
 Precision                                      1.00000e-07
------------------------------------------------------------
 Coulomb density                      1608      3.24123e+00
 Coulomb potential                     664      6.00961e+01
 Allreduce potential                   744      2.49913e+00
 XC total density                     2200      3.77334e+00
 XC evaluate xcfun                   11000      3.25066e+01
 XC energy                            2200      1.76842e-04
 XC potential                         2200      1.15272e+00
------------------------------------------------------------
                 Wall time: 1.04035e+02 sec 
============================================================


============================================================
                  Calculating Fock matrix
------------------------------------------------------------
 Kinetic part                         1.101987652900000e+01
 Potential part                       3.641981276200000e+01
------------------------------------------------------------
                 Wall time: 4.74398e+01 sec 
============================================================


============================================================
                          Orbitals
------------------------------------------------------------
 Orb    F(i,i)        Error         nNodes  Spin  Occ  Done 
------------------------------------------------------------
  0  -1.87509e+01   6.97152e-06        728    p    2    0
  1  -9.92353e+00   1.60810e-05          0    p    2    0
  2  -9.34504e-01   3.89472e-05          0    p    2    0
  3  -6.18855e-01   4.78198e-05          0    p    2    0
  4  -4.58616e-01   1.04221e-04       1352    p    2    0
  5  -3.90911e-01   4.65001e-05          0    p    2    0
  6  -3.83232e-01   1.12636e-04          0    p    2    0
  7  -2.92666e-01   1.37130e-04          0    p    2    0
  8  -2.30289e-01   1.39971e-04        952    p    2    0
------------------------------------------------------------
 Total error:                            2.61187e-04    0
============================================================


============================================================
                    Energy                 Update      Done 
------------------------------------------------------------
 Orbital      -6.396612901142885e+01     1.29773e-03    1
 Kinetic       1.152097293736906e+02     6.63845e-04    1
 N-E          -3.519447585753052e+02    -1.88631e-03    1
 Coulomb       9.625468939127205e+01     1.33290e-03    1
 Exchange      0.000000000000000e+00     0.00000e+00    1
 X-C          -1.535530288493380e+01    -1.08803e-04    1
------------------------------------------------------------
 Electronic   -1.558338634127615e+02    -4.35474e-07    1
 Nuclear       4.019128757424475e+01     0.00000e+00    1
------------------------------------------------------------
 Total        -1.156425758385168e+02    -4.35474e-07    1
============================================================


################ Wall time: 5.13054e+02 sec ################




####################### SCF cycle  5 #######################


============================================================
 Current precision                              1.00000e-07
------------------------------------------------------------
 Orbital threshold                              1.00000e-06
 Property threshold                            -1.00000e+00
============================================================


============================================================
                   Calculating SCF energy
------------------------------------------------------------
 Nuclear energy                       4.019128757424475e+01
 Electronic energy                   -1.558338636004301e+02
------------------------------------------------------------
 Total energy                        -1.156425760261854e+02
------------------------------------------------------------
                 Wall time: 3.64782e+01 sec 
============================================================


============================================================
                Rotating Helmholtz argument
------------------------------------------------------------
 Rotating orbitals                              3.13431e+00
------------------------------------------------------------
                 Wall time: 3.13439e+00 sec 
============================================================


============================================================
                Applying Helmholtz operators
------------------------------------------------------------
 Orb    RealNorm   Nodes     ImagNorm   Nodes     Timing
------------------------------------------------------------
  0    1.00000e+00   728    0.00000e+00     0   6.57561e+01
  4    9.99993e-01  1352    0.00000e+00     0   1.29399e+02
  8    9.99979e-01   952    0.00000e+00     0   1.01405e+02
------------------------------------------------------------
                 Wall time: 2.96595e+02 sec 
============================================================


============================================================
                 Lowdin orthonormalization
------------------------------------------------------------
 Computing Lowdin matrix                        1.16864e+01
 Rotating orbitals                              2.79537e+00
------------------------------------------------------------
                 Wall time: 1.44818e+01 sec 
============================================================


============================================================
               Iterative subspace accelerator
------------------------------------------------------------
 Push back orbitals                             3.85549e-02
 Setup linear system                            2.41134e+00
 Solve linear system                            9.25700e-06
 Expand solution                                2.55583e+00
------------------------------------------------------------
                 Wall time: 5.00587e+00 sec 
============================================================


============================================================
                 Lowdin orthonormalization
------------------------------------------------------------
 Computing Lowdin matrix                        9.35819e-01
 Rotating orbitals                              2.63434e+00
------------------------------------------------------------
                 Wall time: 3.57025e+00 sec 
============================================================


============================================================
                  Setting up Fock operator
------------------------------------------------------------
 Precision                                      1.00000e-07
------------------------------------------------------------
 Coulomb density                      1608      3.17147e+00
 Coulomb potential                     664      6.36922e+01
 Allreduce potential                   744      3.00953e+00
 XC total density                     2200      3.98726e+00
 XC evaluate xcfun                   11000      3.26769e+01
 XC energy                            2200      2.01121e-04
 XC potential                         2200      1.19323e+00
------------------------------------------------------------
                 Wall time: 1.08512e+02 sec 
============================================================


============================================================
                  Calculating Fock matrix
------------------------------------------------------------
 Kinetic part                         1.070377727700000e+01
 Potential part                       3.724758813100000e+01
------------------------------------------------------------
                 Wall time: 4.79515e+01 sec 
============================================================


============================================================
                          Orbitals
------------------------------------------------------------
 Orb    F(i,i)        Error         nNodes  Spin  Occ  Done 
------------------------------------------------------------
  0  -1.87508e+01   3.15620e-06        728    p    2    0
  1  -9.92353e+00   7.49342e-06          0    p    2    0
  2  -9.34433e-01   9.43991e-06          0    p    2    0
  3  -6.18838e-01   1.85875e-05          0    p    2    0
  4  -4.58573e-01   4.39266e-05       1352    p    2    0
  5  -3.90899e-01   1.78613e-05          0    p    2    0
  6  -3.83207e-01   5.57373e-05          0    p    2    0
  7  -2.92621e-01   5.76806e-05          0    p    2    0
  8  -2.30230e-01   4.89946e-05        952    p    2    0
------------------------------------------------------------
 Total error:                            1.07626e-04    0
============================================================


============================================================
                    Energy                 Update      Done 
------------------------------------------------------------
 Orbital      -6.396702416395838e+01    -8.95153e-04    1
 Kinetic       1.152089204001667e+02    -8.08974e-04    1
 N-E          -3.519431449604656e+02     1.61361e-03    1
 Coulomb       9.625375554148948e+01    -9.33850e-04    1
 Exchange      0.000000000000000e+00     0.00000e+00    1
 X-C          -1.535517295754077e+01     1.29927e-04    1
------------------------------------------------------------
 Electronic   -1.558338636004301e+02    -1.87669e-07    1
 Nuclear       4.019128757424475e+01     0.00000e+00    1
------------------------------------------------------------
 Total        -1.156425760261854e+02    -1.87669e-07    1
============================================================


################ Wall time: 5.16313e+02 sec ################




####################### SCF cycle  6 #######################


============================================================
 Current precision                              1.00000e-07
------------------------------------------------------------
 Orbital threshold                              1.00000e-06
 Property threshold                            -1.00000e+00
============================================================


============================================================
                   Calculating SCF energy
------------------------------------------------------------
 Nuclear energy                       4.019128757424475e+01
 Electronic energy                   -1.558338636496945e+02
------------------------------------------------------------
 Total energy                        -1.156425760754498e+02
------------------------------------------------------------
                 Wall time: 3.89508e+01 sec 
============================================================


============================================================
                Rotating Helmholtz argument
------------------------------------------------------------
 Rotating orbitals                              3.23717e+00
------------------------------------------------------------
                 Wall time: 3.23726e+00 sec 
============================================================


============================================================
                Applying Helmholtz operators
------------------------------------------------------------
 Orb    RealNorm   Nodes     ImagNorm   Nodes     Timing
------------------------------------------------------------
  0    1.00000e+00   728    0.00000e+00     0   6.86083e+01
  4    1.00000e+00  1352    0.00000e+00     0   1.37344e+02
  8    1.00000e+00   952    0.00000e+00     0   1.06262e+02
------------------------------------------------------------
                 Wall time: 3.12233e+02 sec 
============================================================


============================================================
                 Lowdin orthonormalization
------------------------------------------------------------
 Computing Lowdin matrix                        5.55064e-01
 Rotating orbitals                              2.79596e+00
------------------------------------------------------------
                 Wall time: 3.35112e+00 sec 
============================================================


============================================================
               Iterative subspace accelerator
------------------------------------------------------------
 Push back orbitals                             4.09552e-02
 Setup linear system                            2.52154e+00
 Solve linear system                            8.87600e-06
 Expand solution                                2.81607e+00
------------------------------------------------------------
                 Wall time: 5.37871e+00 sec 
============================================================


============================================================
                 Lowdin orthonormalization
------------------------------------------------------------
 Computing Lowdin matrix                        9.64857e-01
 Rotating orbitals                              2.52888e+00
------------------------------------------------------------
                 Wall time: 3.49382e+00 sec 
============================================================


============================================================
                  Setting up Fock operator
------------------------------------------------------------
 Precision                                      1.00000e-07
------------------------------------------------------------
 Coulomb density                      1608      3.53364e+00
 Coulomb potential                     664      6.65221e+01
 Allreduce potential                   744      2.48159e-01
 XC total density                     2200      4.18267e+00
 XC evaluate xcfun                   11000      3.34488e+01
 XC energy                            2200      1.98709e-04
 XC potential                         2200      1.20231e+00
------------------------------------------------------------
                 Wall time: 1.09957e+02 sec 
============================================================


============================================================
                  Calculating Fock matrix
------------------------------------------------------------
 Kinetic part                         9.690691404000001e+00
 Potential part                       3.833334125000000e+01
------------------------------------------------------------
                 Wall time: 4.80242e+01 sec 
============================================================


============================================================
                          Orbitals
------------------------------------------------------------
 Orb    F(i,i)        Error         nNodes  Spin  Occ  Done 
------------------------------------------------------------
  0  -1.87507e+01   1.57715e-06        728    p    2    0
  1  -9.92354e+00   3.16689e-06          0    p    2    0
  2  -9.34430e-01   6.47560e-06          0    p    2    0
  3  -6.18843e-01   1.04497e-05          0    p    2    0
  4  -4.58574e-01   2.15112e-05       1352    p    2    0
  5  -3.90905e-01   7.56490e-06          0    p    2    0
  6  -3.83210e-01   2.82833e-05          0    p    2    0
  7  -2.92621e-01   3.17730e-05          0    p    2    0
  8  -2.30229e-01   2.09322e-05        952    p    2    0
------------------------------------------------------------
 Total error:                            5.41408e-05    0
============================================================


============================================================
                    Energy                 Update      Done 
------------------------------------------------------------
 Orbital      -6.396615771627997e+01     8.66448e-04    1
 Kinetic       1.152094856302518e+02     5.65230e-04    1
 N-E          -3.519445124640430e+02    -1.36750e-03    1
 Coulomb       9.625465122665383e+01     8.95685e-04    1
 Exchange      0.000000000000000e+00     0.00000e+00    1
 X-C          -1.535526615840362e+01    -9.32009e-05    1
------------------------------------------------------------
 Electronic   -1.558338636496945e+02    -4.92644e-08    1
 Nuclear       4.019128757424475e+01     0.00000e+00    1
------------------------------------------------------------
 Total        -1.156425760754498e+02    -4.92644e-08    1
============================================================


################ Wall time: 5.25223e+02 sec ################




####################### SCF cycle  7 #######################


============================================================
 Current precision                              1.00000e-07
------------------------------------------------------------
 Orbital threshold                              1.00000e-06
 Property threshold                            -1.00000e+00
============================================================


============================================================
                   Calculating SCF energy
------------------------------------------------------------
 Nuclear energy                       4.019128757424475e+01
 Electronic energy                   -1.558338636615143e+02
------------------------------------------------------------
 Total energy                        -1.156425760872696e+02
------------------------------------------------------------
                 Wall time: 4.01614e+01 sec 
============================================================


============================================================
                Rotating Helmholtz argument
------------------------------------------------------------
 Rotating orbitals                              3.25088e+00
------------------------------------------------------------
                 Wall time: 3.25097e+00 sec 
============================================================


============================================================
                Applying Helmholtz operators
------------------------------------------------------------
 Orb    RealNorm   Nodes     ImagNorm   Nodes     Timing
------------------------------------------------------------
  0    1.00000e+00   728    0.00000e+00     0   6.99639e+01
  4    9.99999e-01  1352    0.00000e+00     0   1.48597e+02
  8    1.00000e+00   952    0.00000e+00     0   1.07751e+02
------------------------------------------------------------
                 Wall time: 3.26336e+02 sec 
============================================================


============================================================
                 Lowdin orthonormalization
------------------------------------------------------------
 Computing Lowdin matrix                        5.53573e-01
 Rotating orbitals                              2.89145e+00
------------------------------------------------------------
                 Wall time: 3.44511e+00 sec 
============================================================


============================================================
               Iterative subspace accelerator
------------------------------------------------------------
 Push back orbitals                             4.22548e-02
 Setup linear system                            2.70988e+00
 Solve linear system                            9.30000e-06
 Expand solution                                3.01665e+00
------------------------------------------------------------
                 Wall time: 5.76894e+00 sec 
============================================================


============================================================
                 Lowdin orthonormalization
------------------------------------------------------------
 Computing Lowdin matrix                        9.48590e-01
 Rotating orbitals                              2.74207e+00
------------------------------------------------------------
                 Wall time: 3.69074e+00 sec 
============================================================


============================================================
                  Setting up Fock operator
------------------------------------------------------------
 Precision                                      1.00000e-07
------------------------------------------------------------
 Coulomb density                      1608      3.84832e+00
 Coulomb potential                     664      7.04698e+01
 Allreduce potential                   744      2.65165e-01
 XC total density                     2200      4.48783e+00
 XC evaluate xcfun                   11000      3.40514e+01
 XC energy                            2200      1.95340e-04
 XC potential                         2200      1.28960e+00
------------------------------------------------------------
                 Wall time: 1.15274e+02 sec 
============================================================


============================================================
                  Calculating Fock matrix
------------------------------------------------------------
 Kinetic part                         9.886852111000000e+00
 Potential part                       3.974100016000000e+01
------------------------------------------------------------
                 Wall time: 4.96280e+01 sec 
============================================================


============================================================
                          Orbitals
------------------------------------------------------------
 Orb    F(i,i)        Error         nNodes  Spin  Occ  Done 
------------------------------------------------------------
  0  -1.87507e+01   9.02915e-07        728    p    2    1
  1  -9.92355e+00   1.78624e-06          0    p    2    0
  2  -9.34426e-01   6.01768e-06          0    p    2    0
  3  -6.18843e-01   8.25901e-06          0    p    2    0
  4  -4.58573e-01   1.23802e-05       1352    p    2    0
  5  -3.90905e-01   5.05963e-06          0    p    2    0
  6  -3.83209e-01   1.83480e-05          0    p    2    0
  7  -2.92618e-01   2.29290e-05          0    p    2    0
  8  -2.30225e-01   8.90430e-06        952    p    2    0
------------------------------------------------------------
 Total error:                            3.50567e-05    0
============================================================


============================================================
                    Energy                 Update      Done 
------------------------------------------------------------
 Orbital      -6.396619929909090e+01    -4.15828e-05    1
 Kinetic       1.152094417495317e+02    -4.38807e-05    1
 N-E          -3.519444312603409e+02     8.12037e-05    1
 Coulomb       9.625460787136772e+01    -4.33553e-05    1
 Exchange      0.000000000000000e+00     0.00000e+00    1
 X-C          -1.535526002925990e+01     6.12914e-06    1
------------------------------------------------------------
 Electronic   -1.558338636615143e+02    -1.18198e-08    1
 Nuclear       4.019128757424475e+01     0.00000e+00    1
------------------------------------------------------------
 Total        -1.156425760872696e+02    -1.18198e-08    1
============================================================


################ Wall time: 5.48242e+02 sec ################




####################### SCF cycle  8 #######################


============================================================
 Current precision                              1.00000e-07
------------------------------------------------------------
 Orbital threshold                              1.00000e-06
 Property threshold                            -1.00000e+00
============================================================


============================================================
                   Calculating SCF energy
------------------------------------------------------------
 Nuclear energy                       4.019128757424475e+01
 Electronic energy                   -1.558338636647925e+02
------------------------------------------------------------
 Total energy                        -1.156425760905477e+02
------------------------------------------------------------
                 Wall time: 4.23810e+01 sec 
============================================================


============================================================
                Rotating Helmholtz argument
------------------------------------------------------------
 Rotating orbitals                              3.33956e+00
------------------------------------------------------------
                 Wall time: 3.33964e+00 sec 
============================================================


============================================================
                Applying Helmholtz operators
------------------------------------------------------------
 Orb    RealNorm   Nodes     ImagNorm   Nodes     Timing
------------------------------------------------------------
  0    1.00000e+00   728    0.00000e+00     0   7.26513e+01
  4    9.99999e-01  1352    0.00000e+00     0   1.52826e+02
  8    1.00000e+00   952    0.00000e+00     0   1.15034e+02
------------------------------------------------------------
                 Wall time: 3.40554e+02 sec 
============================================================


============================================================
                 Lowdin orthonormalization
------------------------------------------------------------
 Computing Lowdin matrix                        5.55458e-01
 Rotating orbitals                              2.91600e+00
------------------------------------------------------------
                 Wall time: 3.47153e+00 sec 
============================================================


============================================================
               Iterative subspace accelerator
------------------------------------------------------------
 Push back orbitals                             4.98485e-02
 Setup linear system                            2.58344e+00
 Solve linear system                            9.31300e-06
 Expand solution                                2.97483e+00
------------------------------------------------------------
                 Wall time: 5.60826e+00 sec 
============================================================


============================================================
                 Lowdin orthonormalization
------------------------------------------------------------
 Computing Lowdin matrix                        1.00632e+00
 Rotating orbitals                              2.83215e+00
------------------------------------------------------------
                 Wall time: 3.83854e+00 sec 
============================================================


============================================================
                  Setting up Fock operator
------------------------------------------------------------
 Precision                                      1.00000e-07
------------------------------------------------------------
 Coulomb density                      1608      3.40078e+00
 Coulomb potential                     664      6.45065e+01
 Allreduce potential                   744      1.34465e+00
 XC total density                     2200      4.21364e+00
 XC evaluate xcfun                   11000      3.36564e+01
 XC energy                            2200      1.94441e-04
 XC potential                         2200      1.20282e+00
------------------------------------------------------------
                 Wall time: 1.09140e+02 sec 
============================================================


============================================================
                  Calculating Fock matrix
------------------------------------------------------------
 Kinetic part                         9.825775969000000e+00
 Potential part                       3.933682645300000e+01
------------------------------------------------------------
                 Wall time: 4.91627e+01 sec 
============================================================


============================================================
                          Orbitals
------------------------------------------------------------
 Orb    F(i,i)        Error         nNodes  Spin  Occ  Done 
------------------------------------------------------------
  0  -1.87507e+01   3.71912e-07        728    p    2    1
  1  -9.92355e+00   7.44336e-07          0    p    2    1
  2  -9.34427e-01   3.83098e-06          0    p    2    0
  3  -6.18844e-01   3.51873e-06          0    p    2    0
  4  -4.58574e-01   4.74731e-06       1352    p    2    0
  5  -3.90906e-01   1.82584e-06          0    p    2    0
  6  -3.83210e-01   6.06274e-06          0    p    2    0
  7  -2.92620e-01   1.11356e-05          0    p    2    0
  8  -2.30227e-01   7.51975e-06        952    p    2    0
------------------------------------------------------------
 Total error:                            1.64598e-05    0
============================================================


============================================================
                    Energy                 Update      Done 
------------------------------------------------------------
 Orbital      -6.396616455761245e+01     3.47415e-05    1
 Kinetic       1.152094615896692e+02     1.98401e-05    1
 N-E          -3.519444821778931e+02    -5.09176e-05    1
 Coulomb       9.625464415498355e+01     3.62836e-05    1
 Exchange      0.000000000000000e+00     0.00000e+00    1
 X-C          -1.535526519936369e+01    -5.17010e-06    1
------------------------------------------------------------
 Electronic   -1.558338636647925e+02    -3.27819e-09    1
 Nuclear       4.019128757424475e+01     0.00000e+00    1
------------------------------------------------------------
 Total        -1.156425760905477e+02    -3.27819e-09    1
============================================================


################ Wall time: 5.58167e+02 sec ################




####################### SCF cycle  9 #######################


============================================================
 Current precision                              1.00000e-07
------------------------------------------------------------
 Orbital threshold                              1.00000e-06
 Property threshold                            -1.00000e+00
============================================================


============================================================
                   Calculating SCF energy
------------------------------------------------------------
 Nuclear energy                       4.019128757424475e+01
 Electronic energy                   -1.558338636655279e+02
------------------------------------------------------------
 Total energy                        -1.156425760912831e+02
------------------------------------------------------------
                 Wall time: 4.17663e+01 sec 
============================================================


============================================================
                Rotating Helmholtz argument
------------------------------------------------------------
 Rotating orbitals                              3.42452e+00
------------------------------------------------------------
                 Wall time: 3.42460e+00 sec 
============================================================


============================================================
                Applying Helmholtz operators
------------------------------------------------------------
 Orb    RealNorm   Nodes     ImagNorm   Nodes     Timing
------------------------------------------------------------
  0    1.00000e+00   728    0.00000e+00     0   7.32217e+01
  4    1.00000e+00  1352    0.00000e+00     0   1.48469e+02
  8    1.00000e+00   952    0.00000e+00     0   1.16837e+02
------------------------------------------------------------
                 Wall time: 3.38560e+02 sec 
============================================================


============================================================
                 Lowdin orthonormalization
------------------------------------------------------------
 Computing Lowdin matrix                        5.56008e-01
 Rotating orbitals                              2.88802e+00
------------------------------------------------------------
                 Wall time: 3.44411e+00 sec 
============================================================


============================================================
               Iterative subspace accelerator
------------------------------------------------------------
 Push back orbitals                             5.38908e-02
 Setup linear system                            2.54878e+00
 Solve linear system                            8.97000e-06
 Expand solution                                2.99362e+00
------------------------------------------------------------
                 Wall time: 5.59643e+00 sec 
============================================================


============================================================
                 Lowdin orthonormalization
------------------------------------------------------------
 Computing Lowdin matrix                        9.88994e-01
 Rotating orbitals                              2.50819e+00
------------------------------------------------------------
                 Wall time: 3.49727e+00 sec 
============================================================


============================================================
                  Setting up Fock operator
------------------------------------------------------------
 Precision                                      1.00000e-07
------------------------------------------------------------
 Coulomb density                      1608      3.55107e+00
 Coulomb potential                     664      6.90878e+01
 Allreduce potential                   744      2.39148e-01
 XC total density                     2200      4.24682e+00
 XC evaluate xcfun                   11000      3.42700e+01
 XC energy                            2200      2.01581e-04
 XC potential                         2200      1.20033e+00
------------------------------------------------------------
                 Wall time: 1.13410e+02 sec 
============================================================


============================================================
                  Calculating Fock matrix
------------------------------------------------------------
 Kinetic part                         9.838079121000000e+00
 Potential part                       3.905619140500000e+01
------------------------------------------------------------
                 Wall time: 4.88944e+01 sec 
============================================================


============================================================
                          Orbitals
------------------------------------------------------------
 Orb    F(i,i)        Error         nNodes  Spin  Occ  Done 
------------------------------------------------------------
  0  -1.87507e+01   1.56572e-07        728    p    2    1
  1  -9.92355e+00   3.38891e-07          0    p    2    1
  2  -9.34427e-01   1.31214e-06          0    p    2    0
  3  -6.18844e-01   1.60944e-06          0    p    2    0
  4  -4.58574e-01   2.17293e-06       1352    p    2    0
  5  -3.90905e-01   1.68758e-06          0    p    2    0
  6  -3.83209e-01   2.21104e-06          0    p    2    0
  7  -2.92619e-01   4.65229e-06          0    p    2    0
  8  -2.30226e-01   3.30052e-06        952    p    2    0
------------------------------------------------------------
 Total error:                            7.03184e-06    0
============================================================


============================================================
                    Energy                 Update      Done 
------------------------------------------------------------
 Orbital      -6.396619989106886e+01    -3.53335e-05    1
 Kinetic       1.152094413733165e+02    -2.02164e-05    1
 N-E          -3.519444284755728e+02     5.37023e-05    1
 Coulomb       9.625460790926084e+01    -3.62457e-05    1
 Exchange      0.000000000000000e+00     0.00000e+00    1
 X-C          -1.535526244990638e+01     2.74946e-06    1
------------------------------------------------------------
 Electronic   -1.558338636655279e+02    -7.35383e-10    1
 Nuclear       4.019128757424475e+01     0.00000e+00    1
------------------------------------------------------------
 Total        -1.156425760912831e+02    -7.35383e-10    1
============================================================


################ Wall time: 5.59260e+02 sec ################




####################### SCF cycle 10 #######################


============================================================
 Current precision                              1.00000e-07
------------------------------------------------------------
 Orbital threshold                              1.00000e-06
 Property threshold                            -1.00000e+00
============================================================


============================================================
                   Calculating SCF energy
------------------------------------------------------------
 Nuclear energy                       4.019128757424475e+01
 Electronic energy                   -1.558338636656957e+02
------------------------------------------------------------
 Total energy                        -1.156425760914510e+02
------------------------------------------------------------
                 Wall time: 4.12510e+01 sec 
============================================================


============================================================
                Rotating Helmholtz argument
------------------------------------------------------------
 Rotating orbitals                              3.43600e+00
------------------------------------------------------------
                 Wall time: 3.43610e+00 sec 
============================================================


============================================================
                Applying Helmholtz operators
------------------------------------------------------------
 Orb    RealNorm   Nodes     ImagNorm   Nodes     Timing
------------------------------------------------------------
  0    1.00000e+00   728    0.00000e+00     0   7.49904e+01
  4    1.00000e+00  1352    0.00000e+00     0   1.59948e+02
  8    1.00000e+00   952    0.00000e+00     0   1.16757e+02
------------------------------------------------------------
                 Wall time: 3.51740e+02 sec 
============================================================


============================================================
                 Lowdin orthonormalization
------------------------------------------------------------
 Computing Lowdin matrix                        5.52150e-01
 Rotating orbitals                              2.88316e+00
------------------------------------------------------------
                 Wall time: 3.43541e+00 sec 
============================================================


============================================================
               Iterative subspace accelerator
------------------------------------------------------------
 Push back orbitals                             5.65476e-02
 Setup linear system                            2.54888e+00
 Solve linear system                            9.43900e-06
 Expand solution                                2.93542e+00
------------------------------------------------------------
                 Wall time: 5.54098e+00 sec 
============================================================


============================================================
                 Lowdin orthonormalization
------------------------------------------------------------
 Computing Lowdin matrix                        9.73791e-01
 Rotating orbitals                              2.43069e+00
------------------------------------------------------------
                 Wall time: 3.40454e+00 sec 
============================================================


============================================================
                  Setting up Fock operator
------------------------------------------------------------
 Precision                                      1.00000e-07
------------------------------------------------------------
 Coulomb density                      1608      3.50040e+00
 Coulomb potential                     664      6.82936e+01
 Allreduce potential                   744      1.10061e+00
 XC total density                     2200      4.26805e+00
 XC evaluate xcfun                   11000      3.36392e+01
 XC energy                            2200      1.97380e-04
 XC potential                         2200      1.20189e+00
------------------------------------------------------------
                 Wall time: 1.12827e+02 sec 
============================================================


============================================================
                  Calculating Fock matrix
------------------------------------------------------------
 Kinetic part                         1.000452932200000e+01
 Potential part                       3.942317097700000e+01
------------------------------------------------------------
                 Wall time: 4.94278e+01 sec 
============================================================


============================================================
                          Orbitals
------------------------------------------------------------
 Orb    F(i,i)        Error         nNodes  Spin  Occ  Done 
------------------------------------------------------------
  0  -1.87507e+01   8.60081e-08        728    p    2    1
  1  -9.92355e+00   2.51560e-07          0    p    2    1
  2  -9.34428e-01   6.33722e-07          0    p    2    1
  3  -6.18844e-01   7.74214e-07          0    p    2    1
  4  -4.58575e-01   1.48141e-06       1352    p    2    0
  5  -3.90906e-01   9.69288e-07          0    p    2    1
  6  -3.83210e-01   1.29670e-06          0    p    2    0
  7  -2.92620e-01   2.59255e-06          0    p    2    0
  8  -2.30227e-01   1.80307e-06        952    p    2    0
------------------------------------------------------------
 Total error:                            3.98241e-06    0
============================================================


============================================================
                    Energy                 Update      Done 
------------------------------------------------------------
 Orbital      -6.396618580383686e+01     1.40872e-05    1
 Kinetic       1.152094486564656e+02     7.28315e-06    1
 N-E          -3.519444487487168e+02    -2.02731e-05    1
 Coulomb       9.625462248919690e+01     1.45799e-05    1
 Exchange      0.000000000000000e+00     0.00000e+00    1
 X-C          -1.535526403963130e+01    -1.58972e-06    1
------------------------------------------------------------
 Electronic   -1.558338636656957e+02    -1.67830e-10    1
 Nuclear       4.019128757424475e+01     0.00000e+00    1
------------------------------------------------------------
 Total        -1.156425760914510e+02    -1.67830e-10    1
============================================================


################ Wall time: 5.71724e+02 sec ################




####################### SCF cycle 11 #######################


============================================================
 Current precision                              1.00000e-07
------------------------------------------------------------
 Orbital threshold                              1.00000e-06
 Property threshold                            -1.00000e+00
============================================================


============================================================
                   Calculating SCF energy
------------------------------------------------------------
 Nuclear energy                       4.019128757424475e+01
 Electronic energy                   -1.558338636657433e+02
------------------------------------------------------------
 Total energy                        -1.156425760914985e+02
------------------------------------------------------------
                 Wall time: 4.11750e+01 sec 
============================================================


============================================================
                Rotating Helmholtz argument
------------------------------------------------------------
 Rotating orbitals                              3.34045e+00
------------------------------------------------------------
                 Wall time: 3.34053e+00 sec 
============================================================


============================================================
                Applying Helmholtz operators
------------------------------------------------------------
 Orb    RealNorm   Nodes     ImagNorm   Nodes     Timing
------------------------------------------------------------
  0    1.00000e+00   728    0.00000e+00     0   7.39976e+01
  4    1.00000e+00  1352    0.00000e+00     0   1.50823e+02
  8    1.00000e+00   952    0.00000e+00     0   1.16173e+02
------------------------------------------------------------
                 Wall time: 3.41019e+02 sec 
============================================================


============================================================
                 Lowdin orthonormalization
------------------------------------------------------------
 Computing Lowdin matrix                        7.62388e+00
 Rotating orbitals                              2.73576e+00
------------------------------------------------------------
                 Wall time: 1.03597e+01 sec 
============================================================


============================================================
               Iterative subspace accelerator
------------------------------------------------------------
 Push back orbitals                             5.15778e-02
 Setup linear system                            2.60562e+00
 Solve linear system                            9.35700e-06
 Expand solution                                2.84041e+00
------------------------------------------------------------
                 Wall time: 5.49775e+00 sec 
============================================================


============================================================
                 Lowdin orthonormalization
------------------------------------------------------------
 Computing Lowdin matrix                        9.54028e-01
 Rotating orbitals                              2.43704e+00
------------------------------------------------------------
                 Wall time: 3.39114e+00 sec 
============================================================


============================================================
                  Setting up Fock operator
------------------------------------------------------------
 Precision                                      1.00000e-07
------------------------------------------------------------
 Coulomb density                      1608      3.59728e+00
 Coulomb potential                     664      6.77867e+01
 Allreduce potential                   744      2.58707e-01
 XC total density                     2200      4.34440e+00
 XC evaluate xcfun                   11000      3.37998e+01
 XC energy                            2200      1.94799e-04
 XC potential                         2200      1.22554e+00
------------------------------------------------------------
                 Wall time: 1.11834e+02 sec 
============================================================


============================================================
                  Calculating Fock matrix
------------------------------------------------------------
 Kinetic part                         1.041709053900000e+01
 Potential part                       4.001251210400000e+01
------------------------------------------------------------
                 Wall time: 5.04297e+01 sec 
============================================================


============================================================
                          Orbitals
------------------------------------------------------------
 Orb    F(i,i)        Error         nNodes  Spin  Occ  Done 
------------------------------------------------------------
  0  -1.87507e+01   3.51553e-08        728    p    2    1
  1  -9.92355e+00   1.47242e-07          0    p    2    1
  2  -9.34427e-01   2.87207e-07          0    p    2    1
  3  -6.18844e-01   2.58245e-07          0    p    2    1
  4  -4.58574e-01   8.52920e-07       1352    p    2    1
  5  -3.90905e-01   4.01707e-07          0    p    2    1
  6  -3.83210e-01   8.09059e-07          0    p    2    1
  7  -2.92619e-01   1.12228e-06          0    p    2    0
  8  -2.30226e-01   6.12075e-07        952    p    2    1
------------------------------------------------------------
 Total error:                            1.83021e-06    0
============================================================


============================================================
                    Energy                 Update      Done 
------------------------------------------------------------
 Orbital      -6.396620568772148e+01    -1.98839e-05    1
 Kinetic       1.152094334925972e+02    -1.51639e-05    1
 N-E          -3.519444154815255e+02     3.32672e-05    1
 Coulomb       9.625460183744846e+01    -2.06517e-05    1
 Exchange      0.000000000000000e+00     0.00000e+00    1
 X-C          -1.535526148850961e+01     2.55112e-06    1
------------------------------------------------------------
 Electronic   -1.558338636657433e+02    -4.75779e-11    1
 Nuclear       4.019128757424475e+01     0.00000e+00    1
------------------------------------------------------------
 Total        -1.156425760914985e+02    -4.75779e-11    1
============================================================


################ Wall time: 5.67693e+02 sec ################




####################### SCF cycle 12 #######################


============================================================
 Current precision                              1.00000e-07
------------------------------------------------------------
 Orbital threshold                              1.00000e-06
 Property threshold                            -1.00000e+00
============================================================


============================================================
                   Calculating SCF energy
------------------------------------------------------------
 Nuclear energy                       4.019128757424475e+01
 Electronic energy                   -1.558338636657550e+02
------------------------------------------------------------
 Total energy                        -1.156425760915102e+02
------------------------------------------------------------
                 Wall time: 4.14368e+01 sec 
============================================================


============================================================
                Rotating Helmholtz argument
------------------------------------------------------------
 Rotating orbitals                              3.32261e+00
------------------------------------------------------------
                 Wall time: 3.32271e+00 sec 
============================================================


============================================================
                Applying Helmholtz operators
------------------------------------------------------------
 Orb    RealNorm   Nodes     ImagNorm   Nodes     Timing
------------------------------------------------------------
  0    1.00000e+00   728    0.00000e+00     0   7.20223e+01
  4    1.00000e+00  1352    0.00000e+00     0   1.44520e+02
  8    1.00000e+00   952    0.00000e+00     0   1.15471e+02
------------------------------------------------------------
                 Wall time: 3.32041e+02 sec 
============================================================


============================================================
                 Lowdin orthonormalization
------------------------------------------------------------
 Computing Lowdin matrix                        1.92350e+00
 Rotating orbitals                              2.68502e+00
------------------------------------------------------------
                 Wall time: 4.60860e+00 sec 
============================================================


============================================================
               Iterative subspace accelerator
------------------------------------------------------------
 Push back orbitals                             4.57677e-02
 Setup linear system                            2.63723e+00
 Solve linear system                            8.83200e-06
 Expand solution                                2.88615e+00
------------------------------------------------------------
                 Wall time: 5.56929e+00 sec 
============================================================


============================================================
                 Lowdin orthonormalization
------------------------------------------------------------
 Computing Lowdin matrix                        9.89151e-01
 Rotating orbitals                              2.25975e+00
------------------------------------------------------------
                 Wall time: 3.24898e+00 sec 
============================================================


============================================================
                  Setting up Fock operator
------------------------------------------------------------
 Precision                                      1.00000e-07
------------------------------------------------------------
 Coulomb density                      1608      3.66545e+00
 Coulomb potential                     664      6.92249e+01
 Allreduce potential                   744      2.57570e-01
 XC total density                     2200      4.28809e+00
 XC evaluate xcfun                   11000      3.33122e+01
 XC energy                            2200      1.95183e-04
 XC potential                         2200      1.17094e+00
------------------------------------------------------------
                 Wall time: 1.12722e+02 sec 
============================================================


============================================================
                  Calculating Fock matrix
------------------------------------------------------------
 Kinetic part                         1.096513521400000e+01
 Potential part                       4.088065799400000e+01
------------------------------------------------------------
                 Wall time: 5.18459e+01 sec 
============================================================


============================================================
                          Orbitals
------------------------------------------------------------
 Orb    F(i,i)        Error         nNodes  Spin  Occ  Done 
------------------------------------------------------------
  0  -1.87507e+01   2.52033e-08        728    p    2    1
  1  -9.92355e+00   8.79617e-08          0    p    2    1
  2  -9.34427e-01   1.60218e-07          0    p    2    1
  3  -6.18844e-01   2.08271e-07          0    p    2    1
  4  -4.58574e-01   4.40981e-07       1352    p    2    1
  5  -3.90906e-01   1.25604e-07          0    p    2    1
  6  -3.83210e-01   3.24862e-07          0    p    2    1
  7  -2.92619e-01   7.43082e-07          0    p    2    1
  8  -2.30226e-01   1.86855e-07        952    p    2    1
------------------------------------------------------------
 Total error:                            9.90091e-07    1
============================================================


============================================================
                    Energy                 Update      Done 
------------------------------------------------------------
 Orbital      -6.396619157963288e+01     1.41081e-05    1
 Kinetic       1.152094421472049e+02     8.65461e-06    1
 N-E          -3.519444372708100e+02    -2.17893e-05    1
 Coulomb       9.625461639615553e+01     1.45587e-05    1
 Exchange      0.000000000000000e+00     0.00000e+00    1
 X-C          -1.535526290997825e+01    -1.42147e-06    1
------------------------------------------------------------
 Electronic   -1.558338636657550e+02    -1.16813e-11    1
 Nuclear       4.019128757424475e+01     0.00000e+00    1
------------------------------------------------------------
 Total        -1.156425760915102e+02    -1.16813e-11    1
============================================================


################ Wall time: 5.55453e+02 sec ################


============================================================
                      Convergence rate
------------------------------------------------------------
Iter    OrbError       Property                   Update  
------------------------------------------------------------
  1    2.36219e-03    -1.156425636792322e+02   -1.15643e+02
  2    5.63512e-04    -1.156425743988718e+02   -1.07196e-05
  3    3.32453e-04    -1.156425754030431e+02   -1.00417e-06
  4    2.61187e-04    -1.156425758385168e+02   -4.35474e-07
  5    1.07626e-04    -1.156425760261854e+02   -1.87669e-07
  6    5.41408e-05    -1.156425760754498e+02   -4.92644e-08
  7    3.50567e-05    -1.156425760872696e+02   -1.18198e-08
  8    1.64598e-05    -1.156425760905477e+02   -3.27819e-09
  9    7.03184e-06    -1.156425760912831e+02   -7.35383e-10
 10    3.98241e-06    -1.156425760914510e+02   -1.67830e-10
 11    1.83021e-06    -1.156425760914985e+02   -4.75779e-11
 12    9.90091e-07    -1.156425760915102e+02   -1.16813e-11
------------------------------------------------------------
                      SCF converged!!!                      
============================================================


============================================================
                  Digonalizing Fock matrix
------------------------------------------------------------
 Computing Lowdin matrix                        5.87543e-01
 Diagonalizing matrix                           1.66800e-05
 Rotating orbitals                              3.68210e+00
------------------------------------------------------------
                 Wall time: 4.26974e+00 sec 
============================================================


============================================================
                  Setting up Fock operator
------------------------------------------------------------
 Precision                                      1.00000e-07
------------------------------------------------------------
 Coulomb density                      1656      3.50367e+00
 Coulomb potential                     664      5.59308e+01
 Allreduce potential                   744      2.38302e-01
 XC total density                     2312      4.26886e+00
 XC evaluate xcfun                   11560      3.36125e+01
 XC energy                            2312      1.63157e-04
 XC potential                         2312      9.68727e-01
------------------------------------------------------------
                 Wall time: 9.92664e+01 sec 
============================================================


============================================================
                   Calculating SCF energy
------------------------------------------------------------
------------------------------------------------------------
                 Wall time: 4.09283e+01 sec 
============================================================


============================================================
                 Calculating dipole moment
------------------------------------------------------------
------------------------------------------------------------
                 Wall time: 1.51185e+01 sec 
============================================================


============================================================
                        Fock matrix
------------------------------------------------------------
-1.87507e+01  0.00000e+00  0.00000e+00  0.00000e+00  0.00000e+00  0.00000e+00  0.00000e+00  0.00000e+00  0.00000e+00
 0.00000e+00 -9.92355e+00  0.00000e+00  0.00000e+00  0.00000e+00  0.00000e+00  0.00000e+00  0.00000e+00  0.00000e+00
 0.00000e+00  0.00000e+00 -9.34427e-01  0.00000e+00  0.00000e+00  0.00000e+00  0.00000e+00  0.00000e+00  0.00000e+00
 0.00000e+00  0.00000e+00  0.00000e+00 -6.18844e-01  0.00000e+00  0.00000e+00  0.00000e+00  0.00000e+00  0.00000e+00
 0.00000e+00  0.00000e+00  0.00000e+00  0.00000e+00 -4.58574e-01  0.00000e+00  0.00000e+00  0.00000e+00  0.00000e+00
 0.00000e+00  0.00000e+00  0.00000e+00  0.00000e+00  0.00000e+00 -3.90906e-01  0.00000e+00  0.00000e+00  0.00000e+00
 0.00000e+00  0.00000e+00  0.00000e+00  0.00000e+00  0.00000e+00  0.00000e+00 -3.83210e-01  0.00000e+00  0.00000e+00
 0.00000e+00  0.00000e+00  0.00000e+00  0.00000e+00  0.00000e+00  0.00000e+00  0.00000e+00 -2.92619e-01  0.00000e+00
 0.00000e+00  0.00000e+00  0.00000e+00  0.00000e+00  0.00000e+00  0.00000e+00  0.00000e+00  0.00000e+00 -2.30226e-01
============================================================


============================================================
                      Orbital energies
------------------------------------------------------------
    n  spin  occ                            epsilon  
------------------------------------------------------------
    0    p    2                      -1.875073720525625e+01
    1    p    2                      -9.923553513899881e+00
    2    p    2                      -9.344271130349461e-01
    3    p    2                      -6.188441683036908e-01
    4    p    2                      -4.585742121161097e-01
    5    p    2                      -3.909056823105923e-01
    6    p    2                      -3.832098918155976e-01
    7    p    2                      -2.926189038132219e-01
    8    p    2                      -2.302262740049535e-01
============================================================


============================================================
                          Molecule
------------------------------------------------------------
 Nr  Element             x             y             z      
------------------------------------------------------------
  1     C          -9.50532e-02   1.26328e+00   0.00000e+00
  2     O          -9.50532e-02  -1.43336e+00   0.00000e+00
  3     H          -2.04223e+00   1.96853e+00   0.00000e+00
  4     H           8.78723e-01   1.96853e+00   1.68639e+00
  5     H           8.78723e-01   1.96853e+00  -1.68639e+00
  6     H           1.61458e+00  -2.01766e+00   0.00000e+00
------------------------------------------------------------
 Center of mass:   -4.12619e-02  -1.19867e-01   0.00000e+00
============================================================


                                                            
============================================================
                         SCF Energy                         
------------------------------------------------------------
                                                            
 Sum orbital energy:                 -6.396619392911048e+01
 Kinetic energy:                      1.152094397963926e+02
 E-N energy:                         -3.519444328070113e+02
 Coulomb energy:                      9.625461394329056e+01
 Exchange energy:                     0.000000000000000e+00
 X-C energy:                         -1.535526256138366e+01
 El. external field energy:           1.777970749915402e-03
 Nuc. external field energy:         -2.158354396069238e-03
                                                            
------------------------------------------------------------
                                                            
 Electronic energy:                  -1.558338636579618e+02
 Nuclear energy:                      4.019128757424475e+01
                                                            
------------------------------------------------------------
                                                            
 Total energy       (au)             -1.156425760837170e+02
                    (kJ/mol)         -3.036195395636202e+05
                    (kcal/mol)       -7.256681151208538e+04
                    (eV)             -3.146794665987946e+03
                                                            
============================================================
                                                            

                                                            
============================================================
                         Dipole moment                      
------------------------------------------------------------
                                                            
 Length of vector:   (au)                  6.4145450112e-01
                     (Debye)               1.6304145606e+00
                                                            
-------------------------- Total ---------------------------
                                                            
 [ 5.1649991166e-01,  3.8038364615e-01, -5.5886365472e-11] 
                                                            
------------------------- Nuclear --------------------------
                                                            
 [ 7.4176902391e-01,  2.1583543961e+00, -1.0199243649e-11] 
                                                            
------------------------ Electronic ------------------------
                                                            
 [-2.2526911225e-01, -1.7779707499e+00, -4.5687121823e-11] 
                                                            
============================================================
                                                            



************************************************************
***                                                      ***
***                    Exiting MRChem                    ***
***                                                      ***
***               Wall time: 6.674404e+03                ***
***                                                      ***
************************************************************


