


************************************************************
***     __  __ ____   ____ _                             ***
***    |  \/  |  _ \ / ___| |__   ___ _ __ ___           ***
***    | |\/| | |_) | |   | '_ \ / _ \ '_ ` _ \          ***
***    | |  | |  _ <| |___| | | |  __/ | | | | |         ***
***    |_|  |_|_| \_\\____|_| |_|\___|_| |_| |_|         ***
***                                                      ***
***    VERSION 0.0.1 (rev. 1c6f79f)                     ***
***                                                      ***
***    Stig Rune Jensen <stig.r.jensen@uit.no>           ***
***    Luca Frediani    <luca.frediani@uit.no>           ***
***    Peter Wind       <peter.wind@uit.no>              ***
***                                                      ***
************************************************************


+++ Parallel execution: 
  MPI hosts available     : 4
  Threads/host            : 2
  Total used CPUs         : 8


------------------------------------------------------------

 MRCPP version   : X.Y.Z
 Git revision    : bbc2aed

 Linear algebra  : EIGEN
 Parallelization : MPI/OpenMP

------------------------------------------------------------




============================================================
                  MultiResolution Analysis                  
------------------------------------------------------------
 polynomial order = 11
 polynomial type  = Interpolating
------------------------------------------------------------
 total boxes      = 8
 boxes            = [           2           2           2 ]
 unit lengths     = [    32.00000    32.00000    32.00000 ]
 scaling factor   = [     1.00000     1.00000     1.00000 ]
 lower bounds     = [   -32.00000   -32.00000   -32.00000 ]
 upper bounds     = [    32.00000    32.00000    32.00000 ]
 total length     = [    64.00000    64.00000    64.00000 ]
============================================================


============================================================
                          Molecule
------------------------------------------------------------
 Nr  Element             x             y             z      
------------------------------------------------------------
  1     C           0.00000e+00   0.00000e+00   0.00000e+00
  2     H           1.18599e+00   1.18599e+00   1.18599e+00
  3     H           1.18599e+00  -1.18599e+00  -1.18599e+00
  4     H          -1.18599e+00   1.18599e+00  -1.18599e+00
  5     H          -1.18599e+00  -1.18599e+00   1.18599e+00
------------------------------------------------------------
 Center of mass:    0.00000e+00   0.00000e+00   0.00000e+00
============================================================


============================================================
                Setting up nuclear potential
------------------------------------------------------------
 Nr  Element         Charge        Precision     Smoothing 
------------------------------------------------------------
  1     C           6.00000e+00   1.00000e-07   3.82453e-05
  2     H           1.00000e+00   1.00000e-07   7.57698e-04
  3     H           1.00000e+00   1.00000e-07   7.57698e-04
  4     H           1.00000e+00   1.00000e-07   7.57698e-04
  5     H           1.00000e+00   1.00000e-07   7.57698e-04
------------------------------------------------------------
 Nuclear potential                    1872      2.61643e+00
 Allreduce potential                  3464      1.29148e+00
------------------------------------------------------------
                 Wall time: 3.90803e+00 sec 
============================================================


============================================================
 OrbitalVector:   5 orbitals     5 occupied    10 electrons
------------------------------------------------------------
   n  RankID           Norm          Spin Occ      Error    
------------------------------------------------------------
   0     0       1.000000000000e+00    p   2    1.00000e+00
   1     1      -1.000000000000e+00    p   2    1.00000e+00
   2     2      -1.000000000000e+00    p   2    1.00000e+00
   3     3      -1.000000000000e+00    p   2    1.00000e+00
   4     0       1.000000000000e+00    p   2    1.00000e+00
============================================================


============================================================
                  Setting up Fock operator
------------------------------------------------------------
 Precision                                      1.00000e-07
------------------------------------------------------------
 Coulomb density                      1256      2.29302e+00
 Coulomb potential                     488      5.08047e+01
 Allreduce potential                   488      1.50528e-01
 XC total density                     1480      2.79214e+00
 XC evaluate xcfun                    7400      2.40984e+01
 XC energy                            1480      1.69568e-04
 XC potential                         1480      7.86720e-01
------------------------------------------------------------
                 Wall time: 8.14938e+01 sec 
============================================================


============================================================
                  Calculating Fock matrix
------------------------------------------------------------
 Kinetic part                         6.320985360000000e+00
 Potential part                       2.320812860900000e+01
------------------------------------------------------------
                 Wall time: 2.95292e+01 sec 
============================================================




####################### SCF cycle  1 #######################


============================================================
 Current precision                              1.00000e-07
------------------------------------------------------------
 Orbital threshold                              1.00000e-06
 Property threshold                            -1.00000e+00
============================================================


============================================================
                  Digonalizing Fock matrix
------------------------------------------------------------
 Computing Lowdin matrix                        3.55944e-01
 Diagonalizing matrix                           1.17270e-05
 Rotating orbitals                              1.29833e+00
------------------------------------------------------------
                 Wall time: 1.65436e+00 sec 
============================================================


============================================================
                   Calculating SCF energy
------------------------------------------------------------
 Nuclear energy                       1.347203555379730e+01
 Electronic energy                   -5.394014790586318e+01
------------------------------------------------------------
 Total energy                        -4.046811235206589e+01
------------------------------------------------------------
                 Wall time: 1.63992e+01 sec 
============================================================


============================================================
                Rotating Helmholtz argument
------------------------------------------------------------
 Rotating orbitals                              3.86870e-01
------------------------------------------------------------
                 Wall time: 3.86952e-01 sec 
============================================================


============================================================
                Applying Helmholtz operators
------------------------------------------------------------
 Orb    RealNorm   Nodes     ImagNorm   Nodes     Timing
------------------------------------------------------------
  0    1.00000e+00   808    0.00000e+00     0   9.21365e+01
  4    9.99963e-01   696    0.00000e+00     0   7.83188e+01
------------------------------------------------------------
                 Wall time: 1.70461e+02 sec 
============================================================


============================================================
                 Lowdin orthonormalization
------------------------------------------------------------
 Computing Lowdin matrix                        2.18293e-01
 Rotating orbitals                              1.06025e+00
------------------------------------------------------------
                 Wall time: 1.27863e+00 sec 
============================================================


============================================================
               Iterative subspace accelerator
------------------------------------------------------------
 Push back orbitals                             3.29500e-05
 Copy orbitals                                  7.78995e-02
 Copy orbital updates                           7.72722e-02
------------------------------------------------------------
                 Wall time: 1.55312e-01 sec 
============================================================


============================================================
                 Lowdin orthonormalization
------------------------------------------------------------
 Computing Lowdin matrix                        2.19989e-01
 Rotating orbitals                              5.33423e-01
------------------------------------------------------------
                 Wall time: 7.53475e-01 sec 
============================================================


============================================================
                  Setting up Fock operator
------------------------------------------------------------
 Precision                                      1.00000e-07
------------------------------------------------------------
 Coulomb density                      1112      1.59230e+00
 Coulomb potential                     472      5.04746e+01
 Allreduce potential                   488      1.48196e-01
 XC total density                     1432      1.99886e+00
 XC evaluate xcfun                    7160      2.35248e+01
 XC energy                            1432      1.59384e-04
 XC potential                         1432      7.14620e-01
------------------------------------------------------------
                 Wall time: 7.89661e+01 sec 
============================================================


============================================================
                  Calculating Fock matrix
------------------------------------------------------------
 Kinetic part                         4.134205126000000e+00
 Potential part                       1.691622294100000e+01
------------------------------------------------------------
                 Wall time: 2.10505e+01 sec 
============================================================


============================================================
                          Orbitals
------------------------------------------------------------
 Orb    F(i,i)        Error         nNodes  Spin  Occ  Done 
------------------------------------------------------------
  0  -9.86268e+00   2.70449e-05        808    p    2    0
  1  -6.27349e-01   2.54154e-04          0    p    2    0
  2  -3.47878e-01   1.07442e-03          0    p    2    0
  3  -3.47521e-01   1.55961e-03          0    p    2    0
  4  -3.47164e-01   1.07624e-03        696    p    2    0
------------------------------------------------------------
 Total error:                            2.19326e-03    0
============================================================


============================================================
                    Energy                 Update      Done 
------------------------------------------------------------
 Orbital      -2.306516810263502e+01    -2.30652e+01    1
 Kinetic       4.027346533469431e+01     4.02735e+01    1
 N-E          -1.201998056503549e+02    -1.20200e+02    1
 Coulomb       3.282140770283938e+01     3.28214e+01    1
 Exchange      0.000000000000000e+00     0.00000e+00    1
 X-C          -6.835215293041925e+00    -6.83522e+00    1
------------------------------------------------------------
 Electronic   -5.394014790586318e+01    -5.39401e+01    1
 Nuclear       1.347203555379730e+01     1.34720e+01    1
------------------------------------------------------------
 Total        -4.046811235206589e+01    -4.04681e+01    1
============================================================


################ Wall time: 2.91281e+02 sec ################




####################### SCF cycle  2 #######################


============================================================
 Current precision                              1.00000e-07
------------------------------------------------------------
 Orbital threshold                              1.00000e-06
 Property threshold                            -1.00000e+00
============================================================


============================================================
                  Digonalizing Fock matrix
------------------------------------------------------------
 Computing Lowdin matrix                        2.32201e-01
 Diagonalizing matrix                           9.08400e-06
 Rotating orbitals                              1.10534e+00
------------------------------------------------------------
                 Wall time: 1.33762e+00 sec 
============================================================


============================================================
                   Calculating SCF energy
------------------------------------------------------------
 Nuclear energy                       1.347203555379730e+01
 Electronic energy                   -5.394015606187902e+01
------------------------------------------------------------
 Total energy                        -4.046812050808171e+01
------------------------------------------------------------
                 Wall time: 1.61824e+01 sec 
============================================================


============================================================
                Rotating Helmholtz argument
------------------------------------------------------------
 Rotating orbitals                              3.89367e-01
------------------------------------------------------------
                 Wall time: 3.89441e-01 sec 
============================================================


============================================================
                Applying Helmholtz operators
------------------------------------------------------------
 Orb    RealNorm   Nodes     ImagNorm   Nodes     Timing
------------------------------------------------------------
  0    1.00000e+00   808    0.00000e+00     0   9.17269e+01
  4    9.99950e-01   696    0.00000e+00     0   7.77916e+01
------------------------------------------------------------
                 Wall time: 1.69519e+02 sec 
============================================================


============================================================
                 Lowdin orthonormalization
------------------------------------------------------------
 Computing Lowdin matrix                        2.16752e-01
 Rotating orbitals                              1.02531e+00
------------------------------------------------------------
                 Wall time: 1.24213e+00 sec 
============================================================


============================================================
               Iterative subspace accelerator
------------------------------------------------------------
 Push back orbitals                             3.16030e-05
 Copy orbitals                                  7.67964e-02
 Copy orbital updates                           7.60595e-02
------------------------------------------------------------
                 Wall time: 1.52987e-01 sec 
============================================================


============================================================
                 Lowdin orthonormalization
------------------------------------------------------------
 Computing Lowdin matrix                        2.17121e-01
 Rotating orbitals                              5.30720e-01
------------------------------------------------------------
                 Wall time: 7.47906e-01 sec 
============================================================


============================================================
                  Setting up Fock operator
------------------------------------------------------------
 Precision                                      1.00000e-07
------------------------------------------------------------
 Coulomb density                      1112      1.56618e+00
 Coulomb potential                     472      4.97459e+01
 Allreduce potential                   488      1.49024e-01
 XC total density                     1432      1.98491e+00
 XC evaluate xcfun                    7160      2.32329e+01
 XC energy                            1432      1.57953e-04
 XC potential                         1432      7.24051e-01
------------------------------------------------------------
                 Wall time: 7.79103e+01 sec 
============================================================


============================================================
                  Calculating Fock matrix
------------------------------------------------------------
 Kinetic part                         4.116854241000000e+00
 Potential part                       1.678208964400000e+01
------------------------------------------------------------
                 Wall time: 2.08990e+01 sec 
============================================================


============================================================
                          Orbitals
------------------------------------------------------------
 Orb    F(i,i)        Error         nNodes  Spin  Occ  Done 
------------------------------------------------------------
  0  -9.86269e+00   1.18551e-05        808    p    2    0
  1  -6.27353e-01   1.15627e-04          0    p    2    0
  2  -3.47853e-01   1.83972e-04          0    p    2    0
  3  -3.47523e-01   3.04041e-04          0    p    2    0
  4  -3.47195e-01   1.80996e-04        696    p    2    0
------------------------------------------------------------
 Total error:                            4.15399e-04    0
============================================================


============================================================
                    Energy                 Update      Done 
------------------------------------------------------------
 Orbital      -2.306518609897345e+01    -1.79963e-05    1
 Kinetic       4.027346309738054e+01    -2.23731e-06    1
 N-E          -1.201997886806767e+02     1.69697e-05    1
 Coulomb       3.282139752478294e+01    -1.01781e-05    1
 Exchange      0.000000000000000e+00     0.00000e+00    1
 X-C          -6.835214003944709e+00     1.28910e-06    1
------------------------------------------------------------
 Electronic   -5.394015606187902e+01    -8.15602e-06    1
 Nuclear       1.347203555379730e+01     0.00000e+00    1
------------------------------------------------------------
 Total        -4.046812050808171e+01    -8.15602e-06    1
============================================================


################ Wall time: 2.88569e+02 sec ################




####################### SCF cycle  3 #######################


============================================================
 Current precision                              1.00000e-07
------------------------------------------------------------
 Orbital threshold                              1.00000e-06
 Property threshold                            -1.00000e+00
============================================================


============================================================
                   Calculating SCF energy
------------------------------------------------------------
 Nuclear energy                       1.347203555379730e+01
 Electronic energy                   -5.394015649276904e+01
------------------------------------------------------------
 Total energy                        -4.046812093897174e+01
------------------------------------------------------------
                 Wall time: 1.69509e+01 sec 
============================================================


============================================================
                Rotating Helmholtz argument
------------------------------------------------------------
 Rotating orbitals                              1.18151e+00
------------------------------------------------------------
                 Wall time: 1.18160e+00 sec 
============================================================


============================================================
                Applying Helmholtz operators
------------------------------------------------------------
 Orb    RealNorm   Nodes     ImagNorm   Nodes     Timing
------------------------------------------------------------
  0    1.00000e+00   808    0.00000e+00     0   9.62769e+01
  4    9.99969e-01   696    0.00000e+00     0   8.04764e+01
------------------------------------------------------------
                 Wall time: 1.76759e+02 sec 
============================================================


============================================================
                 Lowdin orthonormalization
------------------------------------------------------------
 Computing Lowdin matrix                        2.23216e-01
 Rotating orbitals                              1.07618e+00
------------------------------------------------------------
                 Wall time: 1.29947e+00 sec 
============================================================


============================================================
               Iterative subspace accelerator
------------------------------------------------------------
 Push back orbitals                             3.26950e-05
 Setup linear system                            2.12234e-01
 Solve linear system                            1.23960e-05
 Expand solution                                8.41818e-01
------------------------------------------------------------
                 Wall time: 1.05420e+00 sec 
============================================================


============================================================
                 Lowdin orthonormalization
------------------------------------------------------------
 Computing Lowdin matrix                        4.08392e-01
 Rotating orbitals                              9.32012e-01
------------------------------------------------------------
                 Wall time: 1.34048e+00 sec 
============================================================


============================================================
                  Setting up Fock operator
------------------------------------------------------------
 Precision                                      1.00000e-07
------------------------------------------------------------
 Coulomb density                      1112      1.59602e+00
 Coulomb potential                     472      5.09557e+01
 Allreduce potential                   488      1.49401e-01
 XC total density                     1432      2.00315e+00
 XC evaluate xcfun                    7160      2.30834e+01
 XC energy                            1432      1.67956e-04
 XC potential                         1432      7.89126e-01
------------------------------------------------------------
                 Wall time: 7.90919e+01 sec 
============================================================


============================================================
                  Calculating Fock matrix
------------------------------------------------------------
 Kinetic part                         4.458042061000000e+00
 Potential part                       1.735621375200000e+01
------------------------------------------------------------
                 Wall time: 2.18144e+01 sec 
============================================================


============================================================
                          Orbitals
------------------------------------------------------------
 Orb    F(i,i)        Error         nNodes  Spin  Occ  Done 
------------------------------------------------------------
  0  -9.86268e+00   8.80966e-06        808    p    2    0
  1  -6.27352e-01   4.33578e-05          0    p    2    0
  2  -3.47834e-01   9.28419e-05          0    p    2    0
  3  -3.47523e-01   1.23929e-04          0    p    2    0
  4  -3.47213e-01   9.37882e-05        696    p    2    0
------------------------------------------------------------
 Total error:                            1.86365e-04    0
============================================================


============================================================
                    Energy                 Update      Done 
------------------------------------------------------------
 Orbital      -2.306522020885105e+01    -3.41099e-05    1
 Kinetic       4.027344825685893e+01    -1.48405e-05    1
 N-E          -1.201997417843691e+02     4.68963e-05    1
 Coulomb       3.282136229079980e+01    -3.52340e-05    1
 Exchange      0.000000000000000e+00     0.00000e+00    1
 X-C          -6.835208947031555e+00     5.05691e-06    1
------------------------------------------------------------
 Electronic   -5.394015649276904e+01    -4.30890e-07    1
 Nuclear       1.347203555379730e+01     0.00000e+00    1
------------------------------------------------------------
 Total        -4.046812093897174e+01    -4.30890e-07    1
============================================================


################ Wall time: 2.99846e+02 sec ################




####################### SCF cycle  4 #######################


============================================================
 Current precision                              1.00000e-07
------------------------------------------------------------
 Orbital threshold                              1.00000e-06
 Property threshold                            -1.00000e+00
============================================================


============================================================
                   Calculating SCF energy
------------------------------------------------------------
 Nuclear energy                       1.347203555379730e+01
 Electronic energy                   -5.394015660007317e+01
------------------------------------------------------------
 Total energy                        -4.046812104627587e+01
------------------------------------------------------------
                 Wall time: 1.74738e+01 sec 
============================================================


============================================================
                Rotating Helmholtz argument
------------------------------------------------------------
 Rotating orbitals                              1.21141e+00
------------------------------------------------------------
                 Wall time: 1.21150e+00 sec 
============================================================


============================================================
                Applying Helmholtz operators
------------------------------------------------------------
 Orb    RealNorm   Nodes     ImagNorm   Nodes     Timing
------------------------------------------------------------
  0    1.00000e+00   808    0.00000e+00     0   9.74343e+01
  4    9.99984e-01   696    0.00000e+00     0   8.08024e+01
------------------------------------------------------------
                 Wall time: 1.78241e+02 sec 
============================================================


============================================================
                 Lowdin orthonormalization
------------------------------------------------------------
 Computing Lowdin matrix                        2.20253e-01
 Rotating orbitals                              1.05262e+00
------------------------------------------------------------
                 Wall time: 1.27295e+00 sec 
============================================================


============================================================
               Iterative subspace accelerator
------------------------------------------------------------
 Push back orbitals                             1.83589e-02
 Setup linear system                            6.36381e-01
 Solve linear system                            1.60660e-05
 Expand solution                                1.43026e+00
------------------------------------------------------------
                 Wall time: 2.08516e+00 sec 
============================================================


============================================================
                 Lowdin orthonormalization
------------------------------------------------------------
 Computing Lowdin matrix                        4.32891e-01
 Rotating orbitals                              9.99264e-01
------------------------------------------------------------
                 Wall time: 1.43223e+00 sec 
============================================================


============================================================
                  Setting up Fock operator
------------------------------------------------------------
 Precision                                      1.00000e-07
------------------------------------------------------------
 Coulomb density                      1112      1.65643e+00
 Coulomb potential                     472      5.21037e+01
 Allreduce potential                   488      1.54446e-01
 XC total density                     1432      2.14887e+00
 XC evaluate xcfun                    7160      2.38339e+01
 XC energy                            1432      1.81525e-04
 XC potential                         1432      8.22871e-01
------------------------------------------------------------
                 Wall time: 8.12478e+01 sec 
============================================================


============================================================
                  Calculating Fock matrix
------------------------------------------------------------
 Kinetic part                         4.186271179000000e+00
 Potential part                       1.765144428700000e+01
------------------------------------------------------------
                 Wall time: 2.18378e+01 sec 
============================================================


============================================================
                          Orbitals
------------------------------------------------------------
 Orb    F(i,i)        Error         nNodes  Spin  Occ  Done 
------------------------------------------------------------
  0  -9.86269e+00   4.97827e-06        808    p    2    0
  1  -6.27353e-01   8.43186e-06          0    p    2    0
  2  -3.47825e-01   5.60249e-05          0    p    2    0
  3  -3.47524e-01   4.50657e-05          0    p    2    0
  4  -3.47223e-01   5.56710e-05        696    p    2    0
------------------------------------------------------------
 Total error:                            9.14595e-05    0
============================================================


============================================================
                    Energy                 Update      Done 
------------------------------------------------------------
 Orbital      -2.306521320061190e+01     7.00824e-06    1
 Kinetic       4.027345547601405e+01     7.21916e-06    1
 N-E          -1.201997547896271e+02    -1.30053e-05    1
 Coulomb       3.282136964700216e+01     7.35620e-06    1
 Exchange      0.000000000000000e+00     0.00000e+00    1
 X-C          -6.835209741204346e+00    -7.94173e-07    1
------------------------------------------------------------
 Electronic   -5.394015660007317e+01    -1.07304e-07    1
 Nuclear       1.347203555379730e+01     0.00000e+00    1
------------------------------------------------------------
 Total        -4.046812104627587e+01    -1.07304e-07    1
============================================================


################ Wall time: 3.05174e+02 sec ################




####################### SCF cycle  5 #######################


============================================================
 Current precision                              1.00000e-07
------------------------------------------------------------
 Orbital threshold                              1.00000e-06
 Property threshold                            -1.00000e+00
============================================================


============================================================
                   Calculating SCF energy
------------------------------------------------------------
 Nuclear energy                       1.347203555379730e+01
 Electronic energy                   -5.394015662779465e+01
------------------------------------------------------------
 Total energy                        -4.046812107399735e+01
------------------------------------------------------------
                 Wall time: 1.78329e+01 sec 
============================================================


============================================================
                Rotating Helmholtz argument
------------------------------------------------------------
 Rotating orbitals                              1.22296e+00
------------------------------------------------------------
                 Wall time: 1.22304e+00 sec 
============================================================


============================================================
                Applying Helmholtz operators
------------------------------------------------------------
 Orb    RealNorm   Nodes     ImagNorm   Nodes     Timing
------------------------------------------------------------
  0    1.00000e+00   808    0.00000e+00     0   9.80828e+01
  4    9.99995e-01   696    0.00000e+00     0   8.02397e+01
------------------------------------------------------------
                 Wall time: 1.78331e+02 sec 
============================================================


============================================================
                 Lowdin orthonormalization
------------------------------------------------------------
 Computing Lowdin matrix                        2.17169e-01
 Rotating orbitals                              1.02467e+00
------------------------------------------------------------
                 Wall time: 1.24191e+00 sec 
============================================================


============================================================
               Iterative subspace accelerator
------------------------------------------------------------
 Push back orbitals                             1.82330e-02
 Setup linear system                            1.24782e+00
 Solve linear system                            1.11360e-05
 Expand solution                                2.05558e+00
------------------------------------------------------------
                 Wall time: 3.32179e+00 sec 
============================================================


============================================================
                 Lowdin orthonormalization
------------------------------------------------------------
 Computing Lowdin matrix                        5.20168e-01
 Rotating orbitals                              1.12428e+00
------------------------------------------------------------
                 Wall time: 1.64452e+00 sec 
============================================================


============================================================
                  Setting up Fock operator
------------------------------------------------------------
 Precision                                      1.00000e-07
------------------------------------------------------------
 Coulomb density                      1112      1.64714e+00
 Coulomb potential                     472      5.19526e+01
 Allreduce potential                   488      1.50736e-01
 XC total density                     1432      2.08398e+00
 XC evaluate xcfun                    7160      2.36449e+01
 XC energy                            1432      1.59031e-04
 XC potential                         1432      8.28356e-01
------------------------------------------------------------
                 Wall time: 8.08290e+01 sec 
============================================================


============================================================
                  Calculating Fock matrix
------------------------------------------------------------
 Kinetic part                         4.208902124000000e+00
 Potential part                       1.793608965300000e+01
------------------------------------------------------------
                 Wall time: 2.21451e+01 sec 
============================================================


============================================================
                          Orbitals
------------------------------------------------------------
 Orb    F(i,i)        Error         nNodes  Spin  Occ  Done 
------------------------------------------------------------
  0  -9.86268e+00   1.42708e-07        808    p    2    1
  1  -6.27352e-01   3.16207e-06          0    p    2    0
  2  -3.47822e-01   1.69432e-05          0    p    2    0
  3  -3.47523e-01   6.51458e-06          0    p    2    0
  4  -3.47224e-01   1.77414e-05        696    p    2    0
------------------------------------------------------------
 Total error:                            2.55791e-05    0
============================================================


============================================================
                    Energy                 Update      Done 
------------------------------------------------------------
 Orbital      -2.306522256499266e+01    -9.36438e-06    1
 Kinetic       4.027344907631362e+01    -6.39970e-06    1
 N-E          -1.201997398789818e+02     1.49106e-05    1
 Coulomb       3.282135987736473e+01    -9.76964e-06    1
 Exchange      0.000000000000000e+00     0.00000e+00    1
 X-C          -6.835208294933310e+00     1.44627e-06    1
------------------------------------------------------------
 Electronic   -5.394015662779465e+01    -2.77215e-08    1
 Nuclear       1.347203555379730e+01     0.00000e+00    1
------------------------------------------------------------
 Total        -4.046812107399735e+01    -2.77215e-08    1
============================================================


################ Wall time: 3.07014e+02 sec ################




####################### SCF cycle  6 #######################


============================================================
 Current precision                              1.00000e-07
------------------------------------------------------------
 Orbital threshold                              1.00000e-06
 Property threshold                            -1.00000e+00
============================================================


============================================================
                   Calculating SCF energy
------------------------------------------------------------
 Nuclear energy                       1.347203555379730e+01
 Electronic energy                   -5.394015663029236e+01
------------------------------------------------------------
 Total energy                        -4.046812107649507e+01
------------------------------------------------------------
                 Wall time: 1.81550e+01 sec 
============================================================


============================================================
                Rotating Helmholtz argument
------------------------------------------------------------
 Rotating orbitals                              1.21811e+00
------------------------------------------------------------
                 Wall time: 1.21820e+00 sec 
============================================================


============================================================
                Applying Helmholtz operators
------------------------------------------------------------
 Orb    RealNorm   Nodes     ImagNorm   Nodes     Timing
------------------------------------------------------------
  0    1.00000e+00   808    0.00000e+00     0   9.94115e+01
  4    9.99999e-01   696    0.00000e+00     0   8.20550e+01
------------------------------------------------------------
                 Wall time: 1.81471e+02 sec 
============================================================


============================================================
                 Lowdin orthonormalization
------------------------------------------------------------
 Computing Lowdin matrix                        2.18318e-01
 Rotating orbitals                              1.07218e+00
------------------------------------------------------------
                 Wall time: 1.29058e+00 sec 
============================================================


============================================================
               Iterative subspace accelerator
------------------------------------------------------------
 Push back orbitals                             2.81610e-02
 Setup linear system                            1.27078e+00
 Solve linear system                            1.02600e-05
 Expand solution                                2.05837e+00
------------------------------------------------------------
                 Wall time: 3.35748e+00 sec 
============================================================


============================================================
                 Lowdin orthonormalization
------------------------------------------------------------
 Computing Lowdin matrix                        5.26100e-01
 Rotating orbitals                              1.08505e+00
------------------------------------------------------------
                 Wall time: 1.61121e+00 sec 
============================================================


============================================================
                  Setting up Fock operator
------------------------------------------------------------
 Precision                                      1.00000e-07
------------------------------------------------------------
 Coulomb density                      1112      1.70964e+00
 Coulomb potential                     472      5.34578e+01
 Allreduce potential                   488      1.52504e-01
 XC total density                     1432      2.07647e+00
 XC evaluate xcfun                    7160      2.37724e+01
 XC energy                            1432      1.53209e-04
 XC potential                         1432      8.14678e-01
------------------------------------------------------------
                 Wall time: 8.25157e+01 sec 
============================================================


============================================================
                  Calculating Fock matrix
------------------------------------------------------------
 Kinetic part                         4.269895421000000e+00
 Potential part                       1.817579500000000e+01
------------------------------------------------------------
                 Wall time: 2.24458e+01 sec 
============================================================


============================================================
                          Orbitals
------------------------------------------------------------
 Orb    F(i,i)        Error         nNodes  Spin  Occ  Done 
------------------------------------------------------------
  0  -9.86269e+00   5.51148e-07        808    p    2    1
  1  -6.27353e-01   9.51130e-07          0    p    2    1
  2  -3.47823e-01   4.02733e-06          0    p    2    0
  3  -3.47524e-01   4.55874e-06          0    p    2    0
  4  -3.47225e-01   3.38552e-06        696    p    2    0
------------------------------------------------------------
 Total error:                            7.04781e-06    0
============================================================


============================================================
                    Energy                 Update      Done 
------------------------------------------------------------
 Orbital      -2.306520953976448e+01     1.30252e-05    1
 Kinetic       4.027345750665307e+01     8.43034e-06    1
 N-E          -1.201997599744001e+02    -2.00954e-05    1
 Coulomb       3.282137348738719e+01     1.36100e-05    1
 Exchange      0.000000000000000e+00     0.00000e+00    1
 X-C          -6.835210205689448e+00    -1.91076e-06    1
------------------------------------------------------------
 Electronic   -5.394015663029236e+01    -2.49771e-09    1
 Nuclear       1.347203555379730e+01     0.00000e+00    1
------------------------------------------------------------
 Total        -4.046812107649507e+01    -2.49771e-09    1
============================================================


################ Wall time: 3.12516e+02 sec ################




####################### SCF cycle  7 #######################


============================================================
 Current precision                              1.00000e-07
------------------------------------------------------------
 Orbital threshold                              1.00000e-06
 Property threshold                            -1.00000e+00
============================================================


============================================================
                   Calculating SCF energy
------------------------------------------------------------
 Nuclear energy                       1.347203555379730e+01
 Electronic energy                   -5.394015663046636e+01
------------------------------------------------------------
 Total energy                        -4.046812107666906e+01
------------------------------------------------------------
                 Wall time: 1.77440e+01 sec 
============================================================


============================================================
                Rotating Helmholtz argument
------------------------------------------------------------
 Rotating orbitals                              1.23206e+00
------------------------------------------------------------
                 Wall time: 1.23216e+00 sec 
============================================================


============================================================
                Applying Helmholtz operators
------------------------------------------------------------
 Orb    RealNorm   Nodes     ImagNorm   Nodes     Timing
------------------------------------------------------------
  0    1.00000e+00   808    0.00000e+00     0   9.84838e+01
  4    1.00000e+00   696    0.00000e+00     0   8.13848e+01
------------------------------------------------------------
                 Wall time: 1.79872e+02 sec 
============================================================


============================================================
                 Lowdin orthonormalization
------------------------------------------------------------
 Computing Lowdin matrix                        2.19884e-01
 Rotating orbitals                              9.82577e-01
------------------------------------------------------------
                 Wall time: 1.20254e+00 sec 
============================================================


============================================================
               Iterative subspace accelerator
------------------------------------------------------------
 Push back orbitals                             2.74650e-02
 Setup linear system                            1.30785e+00
 Solve linear system                            1.03140e-05
 Expand solution                                1.94589e+00
------------------------------------------------------------
                 Wall time: 3.28136e+00 sec 
============================================================


============================================================
                 Lowdin orthonormalization
------------------------------------------------------------
 Computing Lowdin matrix                        4.68736e-01
 Rotating orbitals                              9.96509e-01
------------------------------------------------------------
                 Wall time: 1.46531e+00 sec 
============================================================


============================================================
                  Setting up Fock operator
------------------------------------------------------------
 Precision                                      1.00000e-07
------------------------------------------------------------
 Coulomb density                      1112      1.70177e+00
 Coulomb potential                     472      5.19282e+01
 Allreduce potential                   488      1.51223e-01
 XC total density                     1432      2.16602e+00
 XC evaluate xcfun                    7160      2.31235e+01
 XC energy                            1432      1.56532e-04
 XC potential                         1432      8.16656e-01
------------------------------------------------------------
                 Wall time: 8.04220e+01 sec 
============================================================


============================================================
                  Calculating Fock matrix
------------------------------------------------------------
 Kinetic part                         4.837553910000000e+00
 Potential part                       1.736113398800000e+01
------------------------------------------------------------
                 Wall time: 2.21988e+01 sec 
============================================================


============================================================
                          Orbitals
------------------------------------------------------------
 Orb    F(i,i)        Error         nNodes  Spin  Occ  Done 
------------------------------------------------------------
  0  -9.86269e+00   3.07280e-07        808    p    2    1
  1  -6.27352e-01   5.66397e-07          0    p    2    1
  2  -3.47823e-01   8.79638e-07          0    p    2    1
  3  -3.47523e-01   2.34863e-06          0    p    2    0
  4  -3.47224e-01   1.21074e-06        696    p    2    0
------------------------------------------------------------
 Total error:                            2.85849e-06    0
============================================================


============================================================
                    Energy                 Update      Done 
------------------------------------------------------------
 Orbital      -2.306522074090035e+01    -1.12011e-05    1
 Kinetic       4.027345027757704e+01    -7.22908e-06    1
 N-E          -1.201997426468902e+02     1.73275e-05    1
 Coulomb       3.282136179958212e+01    -1.16878e-05    1
 Exchange      0.000000000000000e+00     0.00000e+00    1
 X-C          -6.835208613257802e+00     1.59243e-06    1
------------------------------------------------------------
 Electronic   -5.394015663046636e+01    -1.73998e-10    1
 Nuclear       1.347203555379730e+01     0.00000e+00    1
------------------------------------------------------------
 Total        -4.046812107666906e+01    -1.73998e-10    1
============================================================


################ Wall time: 3.07814e+02 sec ################




####################### SCF cycle  8 #######################


============================================================
 Current precision                              1.00000e-07
------------------------------------------------------------
 Orbital threshold                              1.00000e-06
 Property threshold                            -1.00000e+00
============================================================


============================================================
                   Calculating SCF energy
------------------------------------------------------------
 Nuclear energy                       1.347203555379730e+01
 Electronic energy                   -5.394015663048749e+01
------------------------------------------------------------
 Total energy                        -4.046812107669020e+01
------------------------------------------------------------
                 Wall time: 1.75603e+01 sec 
============================================================


============================================================
                Rotating Helmholtz argument
------------------------------------------------------------
 Rotating orbitals                              1.24847e+00
------------------------------------------------------------
                 Wall time: 1.24856e+00 sec 
============================================================


============================================================
                Applying Helmholtz operators
------------------------------------------------------------
 Orb    RealNorm   Nodes     ImagNorm   Nodes     Timing
------------------------------------------------------------
  0    1.00000e+00   808    0.00000e+00     0   9.82243e+01
  4    1.00000e+00   696    0.00000e+00     0   8.11575e+01
------------------------------------------------------------
                 Wall time: 1.79385e+02 sec 
============================================================


============================================================
                 Lowdin orthonormalization
------------------------------------------------------------
 Computing Lowdin matrix                        2.19426e-01
 Rotating orbitals                              1.01525e+00
------------------------------------------------------------
                 Wall time: 1.23475e+00 sec 
============================================================


============================================================
               Iterative subspace accelerator
------------------------------------------------------------
 Push back orbitals                             2.89158e-02
 Setup linear system                            1.33515e+00
 Solve linear system                            1.05830e-05
 Expand solution                                1.97820e+00
------------------------------------------------------------
                 Wall time: 3.34242e+00 sec 
============================================================


============================================================
                 Lowdin orthonormalization
------------------------------------------------------------
 Computing Lowdin matrix                        4.94166e-01
 Rotating orbitals                              9.30755e-01
------------------------------------------------------------
                 Wall time: 1.42498e+00 sec 
============================================================


============================================================
                  Setting up Fock operator
------------------------------------------------------------
 Precision                                      1.00000e-07
------------------------------------------------------------
 Coulomb density                      1112      1.68057e+00
 Coulomb potential                     472      5.38150e+01
 Allreduce potential                   488      1.48303e-01
 XC total density                     1432      2.11629e+00
 XC evaluate xcfun                    7160      2.37346e+01
 XC energy                            1432      1.58685e-04
 XC potential                         1432      8.12168e-01
------------------------------------------------------------
                 Wall time: 8.28498e+01 sec 
============================================================


============================================================
                  Calculating Fock matrix
------------------------------------------------------------
 Kinetic part                         4.235274423000000e+00
 Potential part                       1.782705329500000e+01
------------------------------------------------------------
                 Wall time: 2.20624e+01 sec 
============================================================


============================================================
                          Orbitals
------------------------------------------------------------
 Orb    F(i,i)        Error         nNodes  Spin  Occ  Done 
------------------------------------------------------------
  0  -9.86269e+00   8.39095e-08        808    p    2    1
  1  -6.27352e-01   2.17895e-07          0    p    2    1
  2  -3.47823e-01   2.74212e-07          0    p    2    1
  3  -3.47523e-01   6.49574e-07          0    p    2    1
  4  -3.47225e-01   3.08696e-07        696    p    2    1
------------------------------------------------------------
 Total error:                            8.04333e-07    1
============================================================


============================================================
                    Energy                 Update      Done 
------------------------------------------------------------
 Orbital      -2.306521448895107e+01     6.25195e-06    1
 Kinetic       4.027345440341783e+01     4.12584e-06    1
 N-E          -1.201997523971254e+02    -9.75024e-06    1
 Coulomb       3.282136832586045e+01     6.52628e-06    1
 Exchange      0.000000000000000e+00     0.00000e+00    1
 X-C          -6.835209515511703e+00    -9.02254e-07    1
------------------------------------------------------------
 Electronic   -5.394015663048749e+01    -2.11315e-11    1
 Nuclear       1.347203555379730e+01     0.00000e+00    1
------------------------------------------------------------
 Total        -4.046812107669020e+01    -2.11315e-11    1
============================================================


################ Wall time: 3.09524e+02 sec ################


============================================================
                      Convergence rate
------------------------------------------------------------
Iter    OrbError       Property                   Update  
------------------------------------------------------------
  1    2.19326e-03    -4.046811235206589e+01   -4.04681e+01
  2    4.15399e-04    -4.046812050808171e+01   -8.15602e-06
  3    1.86365e-04    -4.046812093897174e+01   -4.30890e-07
  4    9.14595e-05    -4.046812104627587e+01   -1.07304e-07
  5    2.55791e-05    -4.046812107399735e+01   -2.77215e-08
  6    7.04781e-06    -4.046812107649507e+01   -2.49771e-09
  7    2.85849e-06    -4.046812107666906e+01   -1.73998e-10
  8    8.04333e-07    -4.046812107669020e+01   -2.11315e-11
------------------------------------------------------------
                      SCF converged!!!                      
============================================================


============================================================
                  Digonalizing Fock matrix
------------------------------------------------------------
 Computing Lowdin matrix                        2.28352e-01
 Diagonalizing matrix                           9.65800e-06
 Rotating orbitals                              1.48958e+00
------------------------------------------------------------
                 Wall time: 1.71803e+00 sec 
============================================================


============================================================
                  Setting up Fock operator
------------------------------------------------------------
 Precision                                      1.00000e-07
------------------------------------------------------------
 Coulomb density                      1112      1.98067e+00
 Coulomb potential                     472      4.82788e+01
 Allreduce potential                   488      1.50514e-01
 XC total density                     1480      2.49256e+00
 XC evaluate xcfun                    7400      2.39640e+01
 XC energy                            1480      1.48203e-04
 XC potential                         1480      6.84633e-01
------------------------------------------------------------
                 Wall time: 7.80659e+01 sec 
============================================================


============================================================
                   Calculating SCF energy
------------------------------------------------------------
------------------------------------------------------------
                 Wall time: 2.05769e+01 sec 
============================================================


============================================================
                 Calculating dipole moment
------------------------------------------------------------
------------------------------------------------------------
                 Wall time: 8.42600e+00 sec 
============================================================


============================================================
                        Fock matrix
------------------------------------------------------------
-9.86269e+00  0.00000e+00  0.00000e+00  0.00000e+00  0.00000e+00
 0.00000e+00 -6.27352e-01  0.00000e+00  0.00000e+00  0.00000e+00
 0.00000e+00  0.00000e+00 -3.47823e-01  0.00000e+00  0.00000e+00
 0.00000e+00  0.00000e+00  0.00000e+00 -3.47523e-01  0.00000e+00
 0.00000e+00  0.00000e+00  0.00000e+00  0.00000e+00 -3.47225e-01
============================================================


============================================================
                      Orbital energies
------------------------------------------------------------
    n  spin  occ                            epsilon  
------------------------------------------------------------
    0    p    2                      -9.862685587237367e+00
    1    p    2                      -6.273523781763682e-01
    2    p    2                      -3.478227663275477e-01
    3    p    2                      -3.475232377064041e-01
    4    p    2                      -3.472245552877417e-01
============================================================


============================================================
                          Molecule
------------------------------------------------------------
 Nr  Element             x             y             z      
------------------------------------------------------------
  1     C           0.00000e+00   0.00000e+00   0.00000e+00
  2     H           1.18599e+00   1.18599e+00   1.18599e+00
  3     H           1.18599e+00  -1.18599e+00  -1.18599e+00
  4     H          -1.18599e+00   1.18599e+00  -1.18599e+00
  5     H          -1.18599e+00  -1.18599e+00   1.18599e+00
------------------------------------------------------------
 Center of mass:    0.00000e+00   0.00000e+00   0.00000e+00
============================================================


                                                            
============================================================
                         SCF Energy                         
------------------------------------------------------------
                                                            
 Sum orbital energy:                 -2.306521704947086e+01
 Kinetic energy:                      4.027345272581848e+01
 E-N energy:                         -1.201997484170141e+02
 Coulomb energy:                      3.282136565301074e+01
 Exchange energy:                     0.000000000000000e+00
 X-C energy:                         -6.835209146723844e+00
 El. external field energy:          -1.744642792252506e-05
 Nuc. external field energy:         -3.083254138114278e-15
                                                            
------------------------------------------------------------
                                                            
 Electronic energy:                  -5.394015663133666e+01
 Nuclear energy:                      1.347203555379730e+01
                                                            
------------------------------------------------------------
                                                            
 Total energy       (au)             -4.046812107753935e+01
                    (kJ/mol)         -1.062490365111936e+05
                    (kcal/mol)       -2.539412916879442e+04
                    (eV)             -1.101193624890944e+03
                                                            
============================================================
                                                            

                                                            
============================================================
                         Dipole moment                      
------------------------------------------------------------
                                                            
 Length of vector:   (au)                  1.7446427926e-02
                     (Debye)               4.4344392425e-02
                                                            
-------------------------- Total ---------------------------
                                                            
 [-3.0568363173e-12, -3.5815238958e-12, -1.7446427926e-02] 
                                                            
------------------------- Nuclear --------------------------
                                                            
 [-3.0584423882e-12, -3.2505109715e-12, -3.0833113840e-12] 
                                                            
------------------------ Electronic ------------------------
                                                            
 [ 1.6060709275e-15, -3.3101292435e-13, -1.7446427923e-02] 
                                                            
============================================================
                                                            



************************************************************
***                                                      ***
***                    Exiting MRChem                    ***
***                                                      ***
***               Wall time: 2.647721e+03                ***
***                                                      ***
************************************************************


