


************************************************************
***     __  __ ____   ____ _                             ***
***    |  \/  |  _ \ / ___| |__   ___ _ __ ___           ***
***    | |\/| | |_) | |   | '_ \ / _ \ '_ ` _ \          ***
***    | |  | |  _ <| |___| | | |  __/ | | | | |         ***
***    |_|  |_|_| \_\\____|_| |_|\___|_| |_| |_|         ***
***                                                      ***
***    VERSION 0.0.1 (rev. 1c6f79f)                     ***
***                                                      ***
***    Stig Rune Jensen <stig.r.jensen@uit.no>           ***
***    Luca Frediani    <luca.frediani@uit.no>           ***
***    Peter Wind       <peter.wind@uit.no>              ***
***                                                      ***
************************************************************


+++ Parallel execution: 
  MPI hosts available     : 4
  Threads/host            : 2
  Total used CPUs         : 8


------------------------------------------------------------

 MRCPP version   : X.Y.Z
 Git revision    : bbc2aed

 Linear algebra  : EIGEN
 Parallelization : MPI/OpenMP

------------------------------------------------------------




============================================================
                  MultiResolution Analysis                  
------------------------------------------------------------
 polynomial order = 11
 polynomial type  = Interpolating
------------------------------------------------------------
 total boxes      = 8
 boxes            = [           2           2           2 ]
 unit lengths     = [    32.00000    32.00000    32.00000 ]
 scaling factor   = [     1.00000     1.00000     1.00000 ]
 lower bounds     = [   -32.00000   -32.00000   -32.00000 ]
 upper bounds     = [    32.00000    32.00000    32.00000 ]
 total length     = [    64.00000    64.00000    64.00000 ]
============================================================


============================================================
                          Molecule
------------------------------------------------------------
 Nr  Element             x             y             z      
------------------------------------------------------------
  1     F           0.00000e+00   0.00000e+00   0.00000e+00
  2     Cl          0.00000e+00   0.00000e+00   3.07704e+00
------------------------------------------------------------
 Center of mass:    0.00000e+00   0.00000e+00   2.00344e+00
============================================================


============================================================
                Setting up nuclear potential
------------------------------------------------------------
 Nr  Element         Charge        Precision     Smoothing 
------------------------------------------------------------
  1     F           9.00000e+00   1.00000e-07   1.94577e-05
  2     Cl          1.70000e+01   1.00000e-07   6.74137e-06
------------------------------------------------------------
 Nuclear potential                    1352      1.13859e+00
 Allreduce potential                  2600      1.11247e+00
------------------------------------------------------------
                 Wall time: 2.25117e+00 sec 
============================================================


============================================================
 OrbitalVector:  13 orbitals    13 occupied    26 electrons
------------------------------------------------------------
   n  RankID           Norm          Spin Occ      Error    
------------------------------------------------------------
   0     0       1.000000000000e+00    p   2    1.00000e+00
   1     1      -1.000000000000e+00    p   2    1.00000e+00
   2     2      -1.000000000000e+00    p   2    1.00000e+00
   3     3      -1.000000000000e+00    p   2    1.00000e+00
   4     0       1.000000000000e+00    p   2    1.00000e+00
   5     1      -1.000000000000e+00    p   2    1.00000e+00
   6     2      -1.000000000000e+00    p   2    1.00000e+00
   7     3      -1.000000000000e+00    p   2    1.00000e+00
   8     0       1.000000000000e+00    p   2    1.00000e+00
   9     1      -1.000000000000e+00    p   2    1.00000e+00
  10     2      -1.000000000000e+00    p   2    1.00000e+00
  11     3      -1.000000000000e+00    p   2    1.00000e+00
  12     0       1.000000000000e+00    p   2    1.00000e+00
============================================================


============================================================
                  Setting up Fock operator
------------------------------------------------------------
 Precision                                      1.00000e-07
------------------------------------------------------------
 Coulomb density                      1480      3.17916e+00
 Coulomb potential                     744      6.72103e+01
 Allreduce potential                   808      1.40411e+00
 XC total density                     1608      3.64462e+00
 XC evaluate xcfun                    3216      7.62761e+00
 XC energy                            1608      1.71314e-04
 XC potential                         1608      9.79689e-02
------------------------------------------------------------
                 Wall time: 8.31880e+01 sec 
============================================================


============================================================
                  Calculating Fock matrix
------------------------------------------------------------
 Kinetic part                         1.289160994100000e+01
 Potential part                       2.857367537900000e+01
------------------------------------------------------------
                 Wall time: 4.14654e+01 sec 
============================================================




####################### SCF cycle  1 #######################


============================================================
 Current precision                              1.00000e-07
------------------------------------------------------------
 Orbital threshold                              1.00000e-06
 Property threshold                            -1.00000e+00
============================================================


============================================================
                  Digonalizing Fock matrix
------------------------------------------------------------
 Computing Lowdin matrix                        9.97966e-01
 Diagonalizing matrix                           3.15470e-05
 Rotating orbitals                              3.05669e+00
------------------------------------------------------------
                 Wall time: 4.05477e+00 sec 
============================================================


============================================================
                   Calculating SCF energy
------------------------------------------------------------
 Nuclear energy                       4.972309714343913e+01
 Electronic energy                   -6.076606155232279e+02
------------------------------------------------------------
 Total energy                        -5.579375183797888e+02
------------------------------------------------------------
                 Wall time: 2.41064e+01 sec 
============================================================


============================================================
                Rotating Helmholtz argument
------------------------------------------------------------
 Rotating orbitals                              1.00508e+00
------------------------------------------------------------
                 Wall time: 1.00517e+00 sec 
============================================================


============================================================
                Applying Helmholtz operators
------------------------------------------------------------
 Orb    RealNorm   Nodes     ImagNorm   Nodes     Timing
------------------------------------------------------------
  0    1.00000e+00   872    0.00000e+00     0   6.45752e+01
  4    1.00000e+00   648    0.00000e+00     0   5.45353e+01
  8    1.00000e+00  1096    0.00000e+00     0   1.17708e+02
 12    1.00000e+00   840    0.00000e+00     0   9.15612e+01
------------------------------------------------------------
                 Wall time: 3.28415e+02 sec 
============================================================


============================================================
                 Lowdin orthonormalization
------------------------------------------------------------
 Computing Lowdin matrix                        6.77344e-01
 Rotating orbitals                              3.09013e+00
------------------------------------------------------------
                 Wall time: 3.76756e+00 sec 
============================================================


============================================================
               Iterative subspace accelerator
------------------------------------------------------------
 Push back orbitals                             3.46130e-05
 Copy orbitals                                  1.49847e-01
 Copy orbital updates                           1.49079e-01
------------------------------------------------------------
                 Wall time: 2.99071e-01 sec 
============================================================


============================================================
                 Lowdin orthonormalization
------------------------------------------------------------
 Computing Lowdin matrix                        7.17730e-01
 Rotating orbitals                              1.96272e+00
------------------------------------------------------------
                 Wall time: 2.68051e+00 sec 
============================================================


============================================================
                  Setting up Fock operator
------------------------------------------------------------
 Precision                                      1.00000e-07
------------------------------------------------------------
 Coulomb density                      1384      3.00664e+00
 Coulomb potential                     744      6.93978e+01
 Allreduce potential                   808      3.62165e+00
 XC total density                     1512      3.39136e+00
 XC evaluate xcfun                    3024      7.09234e+00
 XC energy                            1512      1.69841e-04
 XC potential                         1512      7.08331e-02
------------------------------------------------------------
                 Wall time: 8.66027e+01 sec 
============================================================


============================================================
                  Calculating Fock matrix
------------------------------------------------------------
 Kinetic part                         1.107529697100000e+01
 Potential part                       2.607696386800000e+01
------------------------------------------------------------
                 Wall time: 3.71524e+01 sec 
============================================================


============================================================
                          Orbitals
------------------------------------------------------------
 Orb    F(i,i)        Error         nNodes  Spin  Occ  Done 
------------------------------------------------------------
  0  -1.00402e+02   1.03585e-06        680    p    2    0
  1  -2.41542e+01   3.84808e-06          0    p    2    0
  2  -9.21833e+00   6.75229e-06          0    p    2    0
  3  -7.08456e+00   1.45205e-05          0    p    2    0
  4  -7.06340e+00   1.21386e-05        616    p    2    0
  5  -7.06340e+00   1.57388e-05          0    p    2    0
  6  -1.14551e+00   1.38054e-04          0    p    2    0
  7  -7.67173e-01   2.04522e-04          0    p    2    0
  8  -5.09117e-01   4.49236e-04       1096    p    2    0
  9  -4.39982e-01   6.08059e-04          0    p    2    0
 10  -4.39982e-01   1.05756e-03          0    p    2    0
 11  -2.93443e-01   9.35975e-04          0    p    2    0
 12  -2.93444e-01   1.57798e-03        840    p    2    0
------------------------------------------------------------
 Total error:                            2.26221e-03    0
============================================================


============================================================
                    Energy                 Update      Done 
------------------------------------------------------------
 Orbital      -3.177494816983271e+02    -3.17749e+02    1
 Kinetic       5.565849121310953e+02     5.56585e+02    1
 N-E          -1.429404225053760e+03    -1.42940e+03    1
 Coulomb       3.016172318992406e+02     3.01617e+02    1
 Exchange      0.000000000000000e+00     0.00000e+00    1
 X-C          -3.645853449982686e+01    -3.64585e+01    1
------------------------------------------------------------
 Electronic   -6.076606155232279e+02    -6.07661e+02    1
 Nuclear       4.972309714343913e+01     4.97231e+01    1
------------------------------------------------------------
 Total        -5.579375183797888e+02    -5.57938e+02    1
============================================================


################ Wall time: 4.88434e+02 sec ################




####################### SCF cycle  2 #######################


============================================================
 Current precision                              1.00000e-07
------------------------------------------------------------
 Orbital threshold                              1.00000e-06
 Property threshold                            -1.00000e+00
============================================================


============================================================
                  Digonalizing Fock matrix
------------------------------------------------------------
 Computing Lowdin matrix                        7.53607e-01
 Diagonalizing matrix                           3.60430e-05
 Rotating orbitals                              3.50649e+00
------------------------------------------------------------
                 Wall time: 4.26023e+00 sec 
============================================================


============================================================
                   Calculating SCF energy
------------------------------------------------------------
 Nuclear energy                       4.972309714343913e+01
 Electronic energy                   -6.076606238380552e+02
------------------------------------------------------------
 Total energy                        -5.579375266946162e+02
------------------------------------------------------------
                 Wall time: 2.39537e+01 sec 
============================================================


============================================================
                Rotating Helmholtz argument
------------------------------------------------------------
 Rotating orbitals                              1.00743e+00
------------------------------------------------------------
                 Wall time: 1.00752e+00 sec 
============================================================


============================================================
                Applying Helmholtz operators
------------------------------------------------------------
 Orb    RealNorm   Nodes     ImagNorm   Nodes     Timing
------------------------------------------------------------
  0    1.00000e+00   872    0.00000e+00     0   6.30478e+01
  4    1.00000e+00   648    0.00000e+00     0   5.46622e+01
  8    1.00000e+00  1096    0.00000e+00     0   1.16141e+02
 12    1.00000e+00   840    0.00000e+00     0   8.96831e+01
------------------------------------------------------------
                 Wall time: 3.23551e+02 sec 
============================================================


============================================================
                 Lowdin orthonormalization
------------------------------------------------------------
 Computing Lowdin matrix                        6.76446e-01
 Rotating orbitals                              3.02473e+00
------------------------------------------------------------
                 Wall time: 3.70125e+00 sec 
============================================================


============================================================
               Iterative subspace accelerator
------------------------------------------------------------
 Push back orbitals                             4.86890e-05
 Copy orbitals                                  1.47653e-01
 Copy orbital updates                           1.50072e-01
------------------------------------------------------------
                 Wall time: 2.97871e-01 sec 
============================================================


============================================================
                 Lowdin orthonormalization
------------------------------------------------------------
 Computing Lowdin matrix                        7.28889e-01
 Rotating orbitals                              1.97792e+00
------------------------------------------------------------
                 Wall time: 2.70688e+00 sec 
============================================================


============================================================
                  Setting up Fock operator
------------------------------------------------------------
 Precision                                      1.00000e-07
------------------------------------------------------------
 Coulomb density                      1384      2.93182e+00
 Coulomb potential                     744      6.89667e+01
 Allreduce potential                   808      3.89946e+00
 XC total density                     1512      3.36385e+00
 XC evaluate xcfun                    3024      7.14373e+00
 XC energy                            1512      1.68136e-04
 XC potential                         1512      7.10934e-02
------------------------------------------------------------
                 Wall time: 8.63989e+01 sec 
============================================================


============================================================
                  Calculating Fock matrix
------------------------------------------------------------
 Kinetic part                         1.096155377900000e+01
 Potential part                       2.600558146900000e+01
------------------------------------------------------------
                 Wall time: 3.69673e+01 sec 
============================================================


============================================================
                          Orbitals
------------------------------------------------------------
 Orb    F(i,i)        Error         nNodes  Spin  Occ  Done 
------------------------------------------------------------
  0  -1.00402e+02   3.41824e-07        680    p    2    1
  1  -2.41542e+01   9.01689e-07          0    p    2    1
  2  -9.21834e+00   2.72159e-06          0    p    2    0
  3  -7.08456e+00   4.64892e-06          0    p    2    0
  4  -7.06340e+00   5.64618e-06        616    p    2    0
  5  -7.06340e+00   3.18577e-06          0    p    2    0
  6  -1.14552e+00   4.35068e-05          0    p    2    0
  7  -7.67177e-01   1.00478e-04          0    p    2    0
  8  -5.09120e-01   6.22449e-05       1096    p    2    0
  9  -4.39984e-01   1.17361e-04          0    p    2    0
 10  -4.39984e-01   3.76308e-05          0    p    2    0
 11  -2.93447e-01   2.97494e-04          0    p    2    0
 12  -2.93446e-01   1.11961e-04        840    p    2    0
------------------------------------------------------------
 Total error:                            3.63541e-04    0
============================================================


============================================================
                    Energy                 Update      Done 
------------------------------------------------------------
 Orbital      -3.177495306867579e+02    -4.89884e-05    1
 Kinetic       5.565849036248756e+02    -8.50622e-06    1
 N-E          -1.429404170690760e+03     5.43630e-05    1
 Coulomb       3.016171905318928e+02    -4.13673e-05    1
 Exchange      0.000000000000000e+00     0.00000e+00    1
 X-C          -3.645853232004592e+01     2.17978e-06    1
------------------------------------------------------------
 Electronic   -6.076606238380552e+02    -8.31483e-06    1
 Nuclear       4.972309714343913e+01     0.00000e+00    1
------------------------------------------------------------
 Total        -5.579375266946162e+02    -8.31483e-06    1
============================================================


################ Wall time: 4.83199e+02 sec ################




####################### SCF cycle  3 #######################


============================================================
 Current precision                              1.00000e-07
------------------------------------------------------------
 Orbital threshold                              1.00000e-06
 Property threshold                            -1.00000e+00
============================================================


============================================================
                   Calculating SCF energy
------------------------------------------------------------
 Nuclear energy                       4.972309714343913e+01
 Electronic energy                   -6.076606241131152e+02
------------------------------------------------------------
 Total energy                        -5.579375269696761e+02
------------------------------------------------------------
                 Wall time: 2.64069e+01 sec 
============================================================


============================================================
                Rotating Helmholtz argument
------------------------------------------------------------
 Rotating orbitals                              3.58885e+00
------------------------------------------------------------
                 Wall time: 3.58893e+00 sec 
============================================================


============================================================
                Applying Helmholtz operators
------------------------------------------------------------
 Orb    RealNorm   Nodes     ImagNorm   Nodes     Timing
------------------------------------------------------------
  0    1.00000e+00   872    0.00000e+00     0   6.58252e+01
  4    1.00000e+00   648    0.00000e+00     0   5.49437e+01
  8    1.00000e+00  1096    0.00000e+00     0   1.15872e+02
 12    1.00000e+00   840    0.00000e+00     0   8.97255e+01
------------------------------------------------------------
                 Wall time: 3.26372e+02 sec 
============================================================


============================================================
                 Lowdin orthonormalization
------------------------------------------------------------
 Computing Lowdin matrix                        6.73637e-01
 Rotating orbitals                              3.10665e+00
------------------------------------------------------------
                 Wall time: 3.78037e+00 sec 
============================================================


============================================================
               Iterative subspace accelerator
------------------------------------------------------------
 Push back orbitals                             5.02200e-05
 Setup linear system                            4.21822e-01
 Solve linear system                            1.11600e-05
 Expand solution                                1.31016e+00
------------------------------------------------------------
                 Wall time: 1.73215e+00 sec 
============================================================


============================================================
                 Lowdin orthonormalization
------------------------------------------------------------
 Computing Lowdin matrix                        1.26107e+00
 Rotating orbitals                              3.17349e+00
------------------------------------------------------------
                 Wall time: 4.43463e+00 sec 
============================================================


============================================================
                  Setting up Fock operator
------------------------------------------------------------
 Precision                                      1.00000e-07
------------------------------------------------------------
 Coulomb density                      1384      3.06286e+00
 Coulomb potential                     744      7.19250e+01
 Allreduce potential                   808      2.26146e+00
 XC total density                     1512      3.39906e+00
 XC evaluate xcfun                    3024      7.07525e+00
 XC energy                            1512      1.82430e-04
 XC potential                         1512      7.27313e-02
------------------------------------------------------------
                 Wall time: 8.78190e+01 sec 
============================================================


============================================================
                  Calculating Fock matrix
------------------------------------------------------------
 Kinetic part                         1.063227414500000e+01
 Potential part                       2.657287907500000e+01
------------------------------------------------------------
                 Wall time: 3.72053e+01 sec 
============================================================


============================================================
                          Orbitals
------------------------------------------------------------
 Orb    F(i,i)        Error         nNodes  Spin  Occ  Done 
------------------------------------------------------------
  0  -1.00402e+02   2.55585e-07        680    p    2    1
  1  -2.41542e+01   5.37070e-07          0    p    2    1
  2  -9.21834e+00   1.33975e-06          0    p    2    0
  3  -7.08456e+00   3.96684e-06          0    p    2    0
  4  -7.06340e+00   2.91133e-06        616    p    2    0
  5  -7.06340e+00   1.45400e-06          0    p    2    0
  6  -1.14552e+00   1.29285e-05          0    p    2    0
  7  -7.67177e-01   3.62920e-05          0    p    2    0
  8  -5.09119e-01   2.63531e-05       1096    p    2    0
  9  -4.39984e-01   4.12402e-05          0    p    2    0
 10  -4.39984e-01   1.49794e-05          0    p    2    0
 11  -2.93447e-01   1.15791e-04          0    p    2    0
 12  -2.93446e-01   4.53067e-05        840    p    2    0
------------------------------------------------------------
 Total error:                            1.39973e-04    0
============================================================


============================================================
                    Energy                 Update      Done 
------------------------------------------------------------
 Orbital      -3.177496286352471e+02    -9.79485e-05    1
 Kinetic       5.565848674040601e+02    -3.62208e-05    1
 N-E          -1.429404040117196e+03     1.30574e-04    1
 Coulomb       3.016170906885437e+02    -9.98433e-05    1
 Exchange      0.000000000000000e+00     0.00000e+00    1
 X-C          -3.645852546799333e+01     6.85205e-06    1
------------------------------------------------------------
 Electronic   -6.076606241131152e+02    -2.75060e-07    1
 Nuclear       4.972309714343913e+01     0.00000e+00    1
------------------------------------------------------------
 Total        -5.579375269696761e+02    -2.75060e-07    1
============================================================


################ Wall time: 4.91960e+02 sec ################




####################### SCF cycle  4 #######################


============================================================
 Current precision                              1.00000e-07
------------------------------------------------------------
 Orbital threshold                              1.00000e-06
 Property threshold                            -1.00000e+00
============================================================


============================================================
                   Calculating SCF energy
------------------------------------------------------------
 Nuclear energy                       4.972309714343913e+01
 Electronic energy                   -6.076606241763832e+02
------------------------------------------------------------
 Total energy                        -5.579375270329441e+02
------------------------------------------------------------
                 Wall time: 2.77313e+01 sec 
============================================================


============================================================
                Rotating Helmholtz argument
------------------------------------------------------------
 Rotating orbitals                              3.63358e+00
------------------------------------------------------------
                 Wall time: 3.63367e+00 sec 
============================================================


============================================================
                Applying Helmholtz operators
------------------------------------------------------------
 Orb    RealNorm   Nodes     ImagNorm   Nodes     Timing
------------------------------------------------------------
  0    1.00000e+00   872    0.00000e+00     0   6.69483e+01
  4    1.00000e+00   648    0.00000e+00     0   5.74498e+01
  8    1.00000e+00  1096    0.00000e+00     0   1.18085e+02
 12    1.00000e+00   840    0.00000e+00     0   9.44965e+01
------------------------------------------------------------
                 Wall time: 3.36986e+02 sec 
============================================================


============================================================
                 Lowdin orthonormalization
------------------------------------------------------------
 Computing Lowdin matrix                        6.75770e-01
 Rotating orbitals                              3.12134e+00
------------------------------------------------------------
                 Wall time: 3.79720e+00 sec 
============================================================


============================================================
               Iterative subspace accelerator
------------------------------------------------------------
 Push back orbitals                             4.25598e-02
 Setup linear system                            1.27045e+00
 Solve linear system                            1.45480e-05
 Expand solution                                2.17766e+00
------------------------------------------------------------
                 Wall time: 3.49082e+00 sec 
============================================================


============================================================
                 Lowdin orthonormalization
------------------------------------------------------------
 Computing Lowdin matrix                        1.34607e+00
 Rotating orbitals                              3.22689e+00
------------------------------------------------------------
                 Wall time: 4.57304e+00 sec 
============================================================


============================================================
                  Setting up Fock operator
------------------------------------------------------------
 Precision                                      1.00000e-07
------------------------------------------------------------
 Coulomb density                      1384      3.23141e+00
 Coulomb potential                     744      7.35826e+01
 Allreduce potential                   808      1.96058e+00
 XC total density                     1512      3.54127e+00
 XC evaluate xcfun                    3024      7.25800e+00
 XC energy                            1512      1.95900e-04
 XC potential                         1512      7.06759e-02
------------------------------------------------------------
                 Wall time: 8.96684e+01 sec 
============================================================


============================================================
                  Calculating Fock matrix
------------------------------------------------------------
 Kinetic part                         1.064056600000000e+01
 Potential part                       2.689453161300000e+01
------------------------------------------------------------
                 Wall time: 3.75352e+01 sec 
============================================================


============================================================
                          Orbitals
------------------------------------------------------------
 Orb    F(i,i)        Error         nNodes  Spin  Occ  Done 
------------------------------------------------------------
  0  -1.00402e+02   2.05517e-07        680    p    2    1
  1  -2.41542e+01   3.31052e-07          0    p    2    1
  2  -9.21834e+00   1.23793e-06          0    p    2    0
  3  -7.08456e+00   4.48873e-06          0    p    2    0
  4  -7.06340e+00   1.79166e-06        616    p    2    0
  5  -7.06340e+00   9.10440e-07          0    p    2    1
  6  -1.14552e+00   4.67315e-06          0    p    2    0
  7  -7.67177e-01   1.08305e-05          0    p    2    0
  8  -5.09120e-01   1.36033e-05       1096    p    2    0
  9  -4.39985e-01   2.92660e-05          0    p    2    0
 10  -4.39985e-01   1.17009e-05          0    p    2    0
 11  -2.93447e-01   4.15843e-05          0    p    2    0
 12  -2.93447e-01   3.06489e-05        840    p    2    0
------------------------------------------------------------
 Total error:                            6.33410e-05    0
============================================================


============================================================
                    Energy                 Update      Done 
------------------------------------------------------------
 Orbital      -3.177496108745588e+02     1.77607e-05    1
 Kinetic       5.565848940962296e+02     2.66922e-05    1
 N-E          -1.429404082919915e+03    -4.28027e-05    1
 Coulomb       3.016171091064894e+02     1.84179e-05    1
 Exchange      0.000000000000000e+00     0.00000e+00    1
 X-C          -3.645852728153061e+01    -1.81354e-06    1
------------------------------------------------------------
 Electronic   -6.076606241763832e+02    -6.32680e-08    1
 Nuclear       4.972309714343913e+01     0.00000e+00    1
------------------------------------------------------------
 Total        -5.579375270329441e+02    -6.32680e-08    1
============================================================


################ Wall time: 5.08041e+02 sec ################




####################### SCF cycle  5 #######################


============================================================
 Current precision                              1.00000e-07
------------------------------------------------------------
 Orbital threshold                              1.00000e-06
 Property threshold                            -1.00000e+00
============================================================


============================================================
                   Calculating SCF energy
------------------------------------------------------------
 Nuclear energy                       4.972309714343913e+01
 Electronic energy                   -6.076606242022583e+02
------------------------------------------------------------
 Total energy                        -5.579375270588192e+02
------------------------------------------------------------
                 Wall time: 2.75786e+01 sec 
============================================================


============================================================
                Rotating Helmholtz argument
------------------------------------------------------------
 Rotating orbitals                              3.71050e+00
------------------------------------------------------------
                 Wall time: 3.71059e+00 sec 
============================================================


============================================================
                Applying Helmholtz operators
------------------------------------------------------------
 Orb    RealNorm   Nodes     ImagNorm   Nodes     Timing
------------------------------------------------------------
  0    1.00000e+00   872    0.00000e+00     0   7.35778e+01
  4    1.00000e+00   648    0.00000e+00     0   6.07431e+01
  8    1.00000e+00  1096    0.00000e+00     0   1.23289e+02
 12    1.00000e+00   840    0.00000e+00     0   9.40697e+01
------------------------------------------------------------
                 Wall time: 3.51688e+02 sec 
============================================================


============================================================
                 Lowdin orthonormalization
------------------------------------------------------------
 Computing Lowdin matrix                        6.77727e-01
 Rotating orbitals                              3.21531e+00
------------------------------------------------------------
                 Wall time: 3.89312e+00 sec 
============================================================


============================================================
               Iterative subspace accelerator
------------------------------------------------------------
 Push back orbitals                             4.28927e-02
 Setup linear system                            2.68517e+00
 Solve linear system                            9.61800e-06
 Expand solution                                3.14869e+00
------------------------------------------------------------
                 Wall time: 5.87689e+00 sec 
============================================================


============================================================
                 Lowdin orthonormalization
------------------------------------------------------------
 Computing Lowdin matrix                        1.38421e+00
 Rotating orbitals                              3.13607e+00
------------------------------------------------------------
                 Wall time: 4.52036e+00 sec 
============================================================


============================================================
                  Setting up Fock operator
------------------------------------------------------------
 Precision                                      1.00000e-07
------------------------------------------------------------
 Coulomb density                      1384      3.12979e+00
 Coulomb potential                     744      7.64202e+01
 Allreduce potential                   808      3.45146e+00
 XC total density                     1512      3.53304e+00
 XC evaluate xcfun                    3024      7.19560e+00
 XC energy                            1512      1.80676e-04
 XC potential                         1512      6.77781e-02
------------------------------------------------------------
                 Wall time: 9.38198e+01 sec 
============================================================


============================================================
                  Calculating Fock matrix
------------------------------------------------------------
 Kinetic part                         1.087223732200000e+01
 Potential part                       2.705389391700000e+01
------------------------------------------------------------
                 Wall time: 3.79263e+01 sec 
============================================================


============================================================
                          Orbitals
------------------------------------------------------------
 Orb    F(i,i)        Error         nNodes  Spin  Occ  Done 
------------------------------------------------------------
  0  -1.00402e+02   1.16442e-07        680    p    2    1
  1  -2.41542e+01   1.89455e-07          0    p    2    1
  2  -9.21834e+00   1.38314e-06          0    p    2    0
  3  -7.08456e+00   4.25105e-06          0    p    2    0
  4  -7.06340e+00   1.24976e-06        616    p    2    0
  5  -7.06340e+00   8.71430e-07          0    p    2    1
  6  -1.14552e+00   2.92326e-06          0    p    2    0
  7  -7.67176e-01   5.74797e-06          0    p    2    0
  8  -5.09118e-01   7.66974e-06       1096    p    2    0
  9  -4.39983e-01   2.45898e-05          0    p    2    0
 10  -4.39983e-01   5.65585e-06          0    p    2    0
 11  -2.93446e-01   2.23580e-05          0    p    2    0
 12  -2.93445e-01   1.86082e-05        840    p    2    0
------------------------------------------------------------
 Total error:                            4.00694e-05    0
============================================================


============================================================
                    Energy                 Update      Done 
------------------------------------------------------------
 Orbital      -3.177496402587805e+02    -2.93842e-05    1
 Kinetic       5.565848716100177e+02    -2.24862e-05    1
 N-E          -1.429404032952997e+03     4.99669e-05    1
 Coulomb       3.016170788162510e+02    -3.02902e-05    1
 Exchange      0.000000000000000e+00     0.00000e+00    1
 X-C          -3.645852437936215e+01     2.90217e-06    1
------------------------------------------------------------
 Electronic   -6.076606242022583e+02    -2.58751e-08    1
 Nuclear       4.972309714343913e+01     0.00000e+00    1
------------------------------------------------------------
 Total        -5.579375270588192e+02    -2.58751e-08    1
============================================================


################ Wall time: 5.29688e+02 sec ################




####################### SCF cycle  6 #######################


============================================================
 Current precision                              1.00000e-07
------------------------------------------------------------
 Orbital threshold                              1.00000e-06
 Property threshold                            -1.00000e+00
============================================================


============================================================
                   Calculating SCF energy
------------------------------------------------------------
 Nuclear energy                       4.972309714343913e+01
 Electronic energy                   -6.076606242087985e+02
------------------------------------------------------------
 Total energy                        -5.579375270653594e+02
------------------------------------------------------------
                 Wall time: 2.84480e+01 sec 
============================================================


============================================================
                Rotating Helmholtz argument
------------------------------------------------------------
 Rotating orbitals                              3.64018e+00
------------------------------------------------------------
                 Wall time: 3.64027e+00 sec 
============================================================


============================================================
                Applying Helmholtz operators
------------------------------------------------------------
 Orb    RealNorm   Nodes     ImagNorm   Nodes     Timing
------------------------------------------------------------
  0    1.00000e+00   872    0.00000e+00     0   7.68554e+01
  4    1.00000e+00   648    0.00000e+00     0   6.10796e+01
  8    1.00000e+00  1096    0.00000e+00     0   1.20467e+02
 12    1.00000e+00   840    0.00000e+00     0   9.37814e+01
------------------------------------------------------------
                 Wall time: 3.52194e+02 sec 
============================================================


============================================================
                 Lowdin orthonormalization
------------------------------------------------------------
 Computing Lowdin matrix                        6.81595e-01
 Rotating orbitals                              3.06924e+00
------------------------------------------------------------
                 Wall time: 3.75092e+00 sec 
============================================================


============================================================
               Iterative subspace accelerator
------------------------------------------------------------
 Push back orbitals                             4.82302e-02
 Setup linear system                            2.68127e+00
 Solve linear system                            9.02700e-06
 Expand solution                                3.30810e+00
------------------------------------------------------------
                 Wall time: 6.03774e+00 sec 
============================================================


============================================================
                 Lowdin orthonormalization
------------------------------------------------------------
 Computing Lowdin matrix                        1.38396e+00
 Rotating orbitals                              3.36642e+00
------------------------------------------------------------
                 Wall time: 4.75047e+00 sec 
============================================================


============================================================
                  Setting up Fock operator
------------------------------------------------------------
 Precision                                      1.00000e-07
------------------------------------------------------------
 Coulomb density                      1384      3.37251e+00
 Coulomb potential                     744      8.00405e+01
 Allreduce potential                   808      2.75585e-01
 XC total density                     1512      3.85469e+00
 XC evaluate xcfun                    3024      7.37037e+00
 XC energy                            1512      1.92285e-04
 XC potential                         1512      7.06379e-02
------------------------------------------------------------
                 Wall time: 9.50084e+01 sec 
============================================================


============================================================
                  Calculating Fock matrix
------------------------------------------------------------
 Kinetic part                         1.018982861400000e+01
 Potential part                       2.801892102100000e+01
------------------------------------------------------------
                 Wall time: 3.82089e+01 sec 
============================================================


============================================================
                          Orbitals
------------------------------------------------------------
 Orb    F(i,i)        Error         nNodes  Spin  Occ  Done 
------------------------------------------------------------
  0  -1.00402e+02   3.08601e-08        680    p    2    1
  1  -2.41542e+01   9.74156e-08          0    p    2    1
  2  -9.21834e+00   6.81726e-07          0    p    2    1
  3  -7.08456e+00   1.91423e-06          0    p    2    0
  4  -7.06340e+00   2.79039e-07        616    p    2    1
  5  -7.06340e+00   2.27828e-07          0    p    2    1
  6  -1.14552e+00   1.53627e-06          0    p    2    0
  7  -7.67177e-01   1.11292e-06          0    p    2    0
  8  -5.09121e-01   2.60556e-06       1096    p    2    0
  9  -4.39986e-01   1.08678e-05          0    p    2    0
 10  -4.39986e-01   1.47488e-06          0    p    2    0
 11  -2.93448e-01   5.02803e-06          0    p    2    0
 12  -2.93447e-01   3.68469e-06        840    p    2    0
------------------------------------------------------------
 Total error:                            1.31833e-05    0
============================================================


============================================================
                    Energy                 Update      Done 
------------------------------------------------------------
 Orbital      -3.177495854433451e+02     5.48154e-05    1
 Kinetic       5.565849145547072e+02     4.29447e-05    1
 N-E          -1.429404126992661e+03    -9.40397e-05    1
 Coulomb       3.016171353750457e+02     5.65588e-05    1
 Exchange      0.000000000000000e+00     0.00000e+00    1
 X-C          -3.645852978437196e+01    -5.40501e-06    1
------------------------------------------------------------
 Electronic   -6.076606242087985e+02    -6.54018e-09    1
 Nuclear       4.972309714343913e+01     0.00000e+00    1
------------------------------------------------------------
 Total        -5.579375270653594e+02    -6.54018e-09    1
============================================================


################ Wall time: 5.32759e+02 sec ################




####################### SCF cycle  7 #######################


============================================================
 Current precision                              1.00000e-07
------------------------------------------------------------
 Orbital threshold                              1.00000e-06
 Property threshold                            -1.00000e+00
============================================================


============================================================
                   Calculating SCF energy
------------------------------------------------------------
 Nuclear energy                       4.972309714343913e+01
 Electronic energy                   -6.076606242092619e+02
------------------------------------------------------------
 Total energy                        -5.579375270658228e+02
------------------------------------------------------------
                 Wall time: 2.94929e+01 sec 
============================================================


============================================================
                Rotating Helmholtz argument
------------------------------------------------------------
 Rotating orbitals                              3.66796e+00
------------------------------------------------------------
                 Wall time: 3.66805e+00 sec 
============================================================


============================================================
                Applying Helmholtz operators
------------------------------------------------------------
 Orb    RealNorm   Nodes     ImagNorm   Nodes     Timing
------------------------------------------------------------
  0    1.00000e+00   872    0.00000e+00     0   7.83446e+01
  4    1.00000e+00   648    0.00000e+00     0   6.07787e+01
  8    1.00000e+00  1096    0.00000e+00     0   1.29961e+02
 12    1.00000e+00   840    0.00000e+00     0   1.03745e+02
------------------------------------------------------------
                 Wall time: 3.72851e+02 sec 
============================================================


============================================================
                 Lowdin orthonormalization
------------------------------------------------------------
 Computing Lowdin matrix                        6.85950e-01
 Rotating orbitals                              3.24107e+00
------------------------------------------------------------
                 Wall time: 3.92711e+00 sec 
============================================================


============================================================
               Iterative subspace accelerator
------------------------------------------------------------
 Push back orbitals                             4.40699e-02
 Setup linear system                            2.74884e+00
 Solve linear system                            9.18600e-06
 Expand solution                                3.19831e+00
------------------------------------------------------------
                 Wall time: 5.99136e+00 sec 
============================================================


============================================================
                 Lowdin orthonormalization
------------------------------------------------------------
 Computing Lowdin matrix                        1.25706e+00
 Rotating orbitals                              3.28030e+00
------------------------------------------------------------
                 Wall time: 4.53743e+00 sec 
============================================================


============================================================
                  Setting up Fock operator
------------------------------------------------------------
 Precision                                      1.00000e-07
------------------------------------------------------------
 Coulomb density                      1384      3.51633e+00
 Coulomb potential                     744      7.96022e+01
 Allreduce potential                   808      2.38179e+00
 XC total density                     1512      3.96632e+00
 XC evaluate xcfun                    3024      7.45138e+00
 XC energy                            1512      1.99241e-04
 XC potential                         1512      7.24142e-02
------------------------------------------------------------
                 Wall time: 9.70152e+01 sec 
============================================================


============================================================
                  Calculating Fock matrix
------------------------------------------------------------
 Kinetic part                         1.014503283800000e+01
 Potential part                       2.898161045500000e+01
------------------------------------------------------------
                 Wall time: 3.91268e+01 sec 
============================================================


============================================================
                          Orbitals
------------------------------------------------------------
 Orb    F(i,i)        Error         nNodes  Spin  Occ  Done 
------------------------------------------------------------
  0  -1.00402e+02   3.08464e-08        680    p    2    1
  1  -2.41542e+01   1.16279e-07          0    p    2    1
  2  -9.21834e+00   5.56550e-07          0    p    2    1
  3  -7.08456e+00   1.66932e-06          0    p    2    0
  4  -7.06340e+00   1.09535e-07        616    p    2    1
  5  -7.06340e+00   6.82523e-08          0    p    2    1
  6  -1.14552e+00   1.46174e-06          0    p    2    0
  7  -7.67176e-01   7.84550e-07          0    p    2    1
  8  -5.09118e-01   2.38614e-06       1096    p    2    0
  9  -4.39983e-01   9.68267e-06          0    p    2    0
 10  -4.39983e-01   1.51383e-06          0    p    2    0
 11  -2.93446e-01   2.34250e-06          0    p    2    0
 12  -2.93446e-01   1.42833e-06        840    p    2    0
------------------------------------------------------------
 Total error:                            1.07306e-05    0
============================================================


============================================================
                    Energy                 Update      Done 
------------------------------------------------------------
 Orbital      -3.177496490591527e+02    -6.36158e-05    1
 Kinetic       5.565848624514929e+02    -5.21032e-05    1
 N-E          -1.429404015778846e+03     1.11214e-04    1
 Coulomb       3.016170696204215e+02    -6.57546e-05    1
 Exchange      0.000000000000000e+00     0.00000e+00    1
 X-C          -3.645852313060271e+01     6.65377e-06    1
------------------------------------------------------------
 Electronic   -6.076606242092619e+02    -4.63388e-10    1
 Nuclear       4.972309714343913e+01     0.00000e+00    1
------------------------------------------------------------
 Total        -5.579375270658228e+02    -4.63388e-10    1
============================================================


################ Wall time: 5.57291e+02 sec ################




####################### SCF cycle  8 #######################


============================================================
 Current precision                              1.00000e-07
------------------------------------------------------------
 Orbital threshold                              1.00000e-06
 Property threshold                            -1.00000e+00
============================================================


============================================================
                   Calculating SCF energy
------------------------------------------------------------
 Nuclear energy                       4.972309714343913e+01
 Electronic energy                   -6.076606242094758e+02
------------------------------------------------------------
 Total energy                        -5.579375270660368e+02
------------------------------------------------------------
                 Wall time: 3.06284e+01 sec 
============================================================


============================================================
                Rotating Helmholtz argument
------------------------------------------------------------
 Rotating orbitals                              3.77612e+00
------------------------------------------------------------
                 Wall time: 3.77622e+00 sec 
============================================================


============================================================
                Applying Helmholtz operators
------------------------------------------------------------
 Orb    RealNorm   Nodes     ImagNorm   Nodes     Timing
------------------------------------------------------------
  0    1.00000e+00   872    0.00000e+00     0   7.65755e+01
  4    1.00000e+00   648    0.00000e+00     0   6.79164e+01
  8    1.00000e+00  1096    0.00000e+00     0   1.35282e+02
 12    1.00000e+00   840    0.00000e+00     0   1.03466e+02
------------------------------------------------------------
                 Wall time: 3.83256e+02 sec 
============================================================


============================================================
                 Lowdin orthonormalization
------------------------------------------------------------
 Computing Lowdin matrix                        6.83684e-01
 Rotating orbitals                              3.15453e+00
------------------------------------------------------------
                 Wall time: 3.83830e+00 sec 
============================================================


============================================================
               Iterative subspace accelerator
------------------------------------------------------------
 Push back orbitals                             5.25579e-02
 Setup linear system                            2.72976e+00
 Solve linear system                            9.20600e-06
 Expand solution                                2.98036e+00
------------------------------------------------------------
                 Wall time: 5.76282e+00 sec 
============================================================


============================================================
                 Lowdin orthonormalization
------------------------------------------------------------
 Computing Lowdin matrix                        1.23278e+00
 Rotating orbitals                              3.16722e+00
------------------------------------------------------------
                 Wall time: 4.40009e+00 sec 
============================================================


============================================================
                  Setting up Fock operator
------------------------------------------------------------
 Precision                                      1.00000e-07
------------------------------------------------------------
 Coulomb density                      1384      3.37915e+00
 Coulomb potential                     744      8.02307e+01
 Allreduce potential                   808      2.61359e-01
 XC total density                     1512      3.80202e+00
 XC evaluate xcfun                    3024      7.36338e+00
 XC energy                            1512      1.94413e-04
 XC potential                         1512      7.81418e-02
------------------------------------------------------------
                 Wall time: 9.51391e+01 sec 
============================================================


============================================================
                  Calculating Fock matrix
------------------------------------------------------------
 Kinetic part                         1.011735048300000e+01
 Potential part                       2.955514049900000e+01
------------------------------------------------------------
                 Wall time: 3.96726e+01 sec 
============================================================


============================================================
                          Orbitals
------------------------------------------------------------
 Orb    F(i,i)        Error         nNodes  Spin  Occ  Done 
------------------------------------------------------------
  0  -1.00402e+02   4.63390e-08        680    p    2    1
  1  -2.41542e+01   1.62194e-07          0    p    2    1
  2  -9.21834e+00   7.14929e-07          0    p    2    1
  3  -7.08456e+00   2.25515e-06          0    p    2    0
  4  -7.06340e+00   1.67719e-07        616    p    2    1
  5  -7.06340e+00   5.58995e-08          0    p    2    1
  6  -1.14552e+00   1.79673e-06          0    p    2    0
  7  -7.67177e-01   1.09539e-06          0    p    2    0
  8  -5.09120e-01   3.38464e-06       1096    p    2    0
  9  -4.39985e-01   1.32404e-05          0    p    2    0
 10  -4.39985e-01   1.82339e-06          0    p    2    0
 11  -2.93447e-01   2.66379e-06          0    p    2    0
 12  -2.93446e-01   1.72424e-06        840    p    2    0
------------------------------------------------------------
 Total error:                            1.44998e-05    0
============================================================


============================================================
                    Energy                 Update      Done 
------------------------------------------------------------
 Orbital      -3.177495901800087e+02     5.88791e-05    1
 Kinetic       5.565849118150247e+02     4.93635e-05    1
 N-E          -1.429404119665519e+03    -1.03887e-04    1
 Coulomb       3.016171305648285e+02     6.09444e-05    1
 Exchange      0.000000000000000e+00     0.00000e+00    1
 X-C          -3.645852955102914e+01    -6.42043e-06    1
------------------------------------------------------------
 Electronic   -6.076606242094758e+02    -2.13959e-10    1
 Nuclear       4.972309714343913e+01     0.00000e+00    1
------------------------------------------------------------
 Total        -5.579375270660368e+02    -2.13959e-10    1
============================================================


################ Wall time: 5.67137e+02 sec ################




####################### SCF cycle  9 #######################


============================================================
 Current precision                              1.00000e-07
------------------------------------------------------------
 Orbital threshold                              1.00000e-06
 Property threshold                            -1.00000e+00
============================================================


============================================================
                   Calculating SCF energy
------------------------------------------------------------
 Nuclear energy                       4.972309714343913e+01
 Electronic energy                   -6.076606242097571e+02
------------------------------------------------------------
 Total energy                        -5.579375270663180e+02
------------------------------------------------------------
                 Wall time: 3.15903e+01 sec 
============================================================


============================================================
                Rotating Helmholtz argument
------------------------------------------------------------
 Rotating orbitals                              3.82649e+00
------------------------------------------------------------
                 Wall time: 3.82657e+00 sec 
============================================================


============================================================
                Applying Helmholtz operators
------------------------------------------------------------
 Orb    RealNorm   Nodes     ImagNorm   Nodes     Timing
------------------------------------------------------------
  0    1.00000e+00   872    0.00000e+00     0   8.02132e+01
  4    1.00000e+00   648    0.00000e+00     0   6.64336e+01
  8    1.00000e+00  1096    0.00000e+00     0   1.33849e+02
 12    1.00000e+00   840    0.00000e+00     0   1.04884e+02
------------------------------------------------------------
                 Wall time: 3.85384e+02 sec 
============================================================


============================================================
                 Lowdin orthonormalization
------------------------------------------------------------
 Computing Lowdin matrix                        6.83626e-01
 Rotating orbitals                              3.22504e+00
------------------------------------------------------------
                 Wall time: 3.90875e+00 sec 
============================================================


============================================================
               Iterative subspace accelerator
------------------------------------------------------------
 Push back orbitals                             5.43447e-02
 Setup linear system                            2.70774e+00
 Solve linear system                            8.90500e-06
 Expand solution                                3.02015e+00
------------------------------------------------------------
                 Wall time: 5.78238e+00 sec 
============================================================


============================================================
                 Lowdin orthonormalization
------------------------------------------------------------
 Computing Lowdin matrix                        1.29702e+00
 Rotating orbitals                              3.31080e+00
------------------------------------------------------------
                 Wall time: 4.60790e+00 sec 
============================================================


============================================================
                  Setting up Fock operator
------------------------------------------------------------
 Precision                                      1.00000e-07
------------------------------------------------------------
 Coulomb density                      1384      3.39135e+00
 Coulomb potential                     744      7.87189e+01
 Allreduce potential                   808      3.30292e+00
 XC total density                     1512      3.82077e+00
 XC evaluate xcfun                    3024      7.37381e+00
 XC energy                            1512      1.90868e-04
 XC potential                         1512      7.15239e-02
------------------------------------------------------------
                 Wall time: 9.67032e+01 sec 
============================================================


============================================================
                  Calculating Fock matrix
------------------------------------------------------------
 Kinetic part                         1.005972784100000e+01
 Potential part                       2.901194535100000e+01
------------------------------------------------------------
                 Wall time: 3.90721e+01 sec 
============================================================


============================================================
                          Orbitals
------------------------------------------------------------
 Orb    F(i,i)        Error         nNodes  Spin  Occ  Done 
------------------------------------------------------------
  0  -1.00402e+02   2.49431e-08        680    p    2    1
  1  -2.41542e+01   6.03436e-08          0    p    2    1
  2  -9.21834e+00   1.70878e-07          0    p    2    1
  3  -7.08456e+00   5.78079e-07          0    p    2    1
  4  -7.06340e+00   1.22428e-07        616    p    2    1
  5  -7.06340e+00   9.74257e-08          0    p    2    1
  6  -1.14552e+00   4.38068e-07          0    p    2    1
  7  -7.67177e-01   4.58418e-07          0    p    2    1
  8  -5.09120e-01   1.03683e-06       1096    p    2    0
  9  -4.39985e-01   3.61031e-06          0    p    2    0
 10  -4.39984e-01   7.68963e-07          0    p    2    1
 11  -2.93447e-01   2.37385e-06          0    p    2    0
 12  -2.93446e-01   1.91335e-06        840    p    2    0
------------------------------------------------------------
 Total error:                            4.97904e-06    0
============================================================


============================================================
                    Energy                 Update      Done 
------------------------------------------------------------
 Orbital      -3.177496242749798e+02    -3.40950e-05    1
 Kinetic       5.565848826557594e+02    -2.91593e-05    1
 N-E          -1.429404059062478e+03     6.06030e-05    1
 Coulomb       3.016170952154941e+02    -3.53493e-05    1
 Exchange      0.000000000000000e+00     0.00000e+00    1
 X-C          -3.645852565062048e+01     3.90041e-06    1
------------------------------------------------------------
 Electronic   -6.076606242097571e+02    -2.81261e-10    1
 Nuclear       4.972309714343913e+01     0.00000e+00    1
------------------------------------------------------------
 Total        -5.579375270663180e+02    -2.81261e-10    1
============================================================


################ Wall time: 5.71538e+02 sec ################




####################### SCF cycle 10 #######################


============================================================
 Current precision                              1.00000e-07
------------------------------------------------------------
 Orbital threshold                              1.00000e-06
 Property threshold                            -1.00000e+00
============================================================


============================================================
                   Calculating SCF energy
------------------------------------------------------------
 Nuclear energy                       4.972309714343913e+01
 Electronic energy                   -6.076606242098958e+02
------------------------------------------------------------
 Total energy                        -5.579375270664567e+02
------------------------------------------------------------
                 Wall time: 3.11029e+01 sec 
============================================================


============================================================
                Rotating Helmholtz argument
------------------------------------------------------------
 Rotating orbitals                              3.75894e+00
------------------------------------------------------------
                 Wall time: 3.75903e+00 sec 
============================================================


============================================================
                Applying Helmholtz operators
------------------------------------------------------------
 Orb    RealNorm   Nodes     ImagNorm   Nodes     Timing
------------------------------------------------------------
  0    1.00000e+00   872    0.00000e+00     0   7.65240e+01
  4    1.00000e+00   648    0.00000e+00     0   6.48926e+01
  8    1.00000e+00  1096    0.00000e+00     0   1.36838e+02
 12    1.00000e+00   840    0.00000e+00     0   1.02447e+02
------------------------------------------------------------
                 Wall time: 3.80713e+02 sec 
============================================================


============================================================
                 Lowdin orthonormalization
------------------------------------------------------------
 Computing Lowdin matrix                        6.78639e-01
 Rotating orbitals                              3.04432e+00
------------------------------------------------------------
                 Wall time: 3.72304e+00 sec 
============================================================


============================================================
               Iterative subspace accelerator
------------------------------------------------------------
 Push back orbitals                             5.59944e-02
 Setup linear system                            2.66791e+00
 Solve linear system                            9.16100e-06
 Expand solution                                2.91124e+00
------------------------------------------------------------
                 Wall time: 5.63530e+00 sec 
============================================================


============================================================
                 Lowdin orthonormalization
------------------------------------------------------------
 Computing Lowdin matrix                        1.28904e+00
 Rotating orbitals                              3.23903e+00
------------------------------------------------------------
                 Wall time: 4.52815e+00 sec 
============================================================


============================================================
                  Setting up Fock operator
------------------------------------------------------------
 Precision                                      1.00000e-07
------------------------------------------------------------
 Coulomb density                      1384      3.32364e+00
 Coulomb potential                     744      8.12648e+01
 Allreduce potential                   808      9.33704e-01
 XC total density                     1512      3.75106e+00
 XC evaluate xcfun                    3024      7.35308e+00
 XC energy                            1512      1.93031e-04
 XC potential                         1512      7.46699e-02
------------------------------------------------------------
                 Wall time: 9.67249e+01 sec 
============================================================


============================================================
                  Calculating Fock matrix
------------------------------------------------------------
 Kinetic part                         1.011469321400000e+01
 Potential part                       2.898853830600000e+01
------------------------------------------------------------
                 Wall time: 3.91034e+01 sec 
============================================================


============================================================
                          Orbitals
------------------------------------------------------------
 Orb    F(i,i)        Error         nNodes  Spin  Occ  Done 
------------------------------------------------------------
  0  -1.00402e+02   1.61819e-08        680    p    2    1
  1  -2.41542e+01   1.69929e-08          0    p    2    1
  2  -9.21834e+00   5.76566e-08          0    p    2    1
  3  -7.08456e+00   1.19336e-07          0    p    2    1
  4  -7.06340e+00   4.81151e-08        616    p    2    1
  5  -7.06340e+00   2.61926e-08          0    p    2    1
  6  -1.14552e+00   1.32711e-07          0    p    2    1
  7  -7.67177e-01   1.90507e-07          0    p    2    1
  8  -5.09120e-01   1.68736e-07       1096    p    2    1
  9  -4.39985e-01   7.00561e-07          0    p    2    1
 10  -4.39985e-01   1.01281e-07          0    p    2    1
 11  -2.93447e-01   9.11659e-07          0    p    2    1
 12  -2.93446e-01   6.47346e-07        840    p    2    1
------------------------------------------------------------
 Total error:                            1.36188e-06    1
============================================================


============================================================
                    Energy                 Update      Done 
------------------------------------------------------------
 Orbital      -3.177496212208984e+02     3.05408e-06    1
 Kinetic       5.565848859408829e+02     3.28512e-06    1
 N-E          -1.429404065058029e+03    -5.99555e-06    1
 Coulomb       3.016170984351286e+02     3.21963e-06    1
 Exchange      0.000000000000000e+00     0.00000e+00    1
 X-C          -3.645852616396454e+01    -5.13344e-07    1
------------------------------------------------------------
 Electronic   -6.076606242098958e+02    -1.38698e-10    1
 Nuclear       4.972309714343913e+01     0.00000e+00    1
------------------------------------------------------------
 Total        -5.579375270664567e+02    -1.38698e-10    1
============================================================


################ Wall time: 5.65942e+02 sec ################


============================================================
                      Convergence rate
------------------------------------------------------------
Iter    OrbError       Property                   Update  
------------------------------------------------------------
  1    2.26221e-03    -5.579375183797888e+02   -5.57938e+02
  2    3.63541e-04    -5.579375266946162e+02   -8.31483e-06
  3    1.39973e-04    -5.579375269696761e+02   -2.75060e-07
  4    6.33410e-05    -5.579375270329441e+02   -6.32680e-08
  5    4.00694e-05    -5.579375270588192e+02   -2.58751e-08
  6    1.31833e-05    -5.579375270653594e+02   -6.54018e-09
  7    1.07306e-05    -5.579375270658228e+02   -4.63388e-10
  8    1.44998e-05    -5.579375270660368e+02   -2.13959e-10
  9    4.97904e-06    -5.579375270663180e+02   -2.81261e-10
 10    1.36188e-06    -5.579375270664567e+02   -1.38698e-10
------------------------------------------------------------
                      SCF converged!!!                      
============================================================


============================================================
                  Digonalizing Fock matrix
------------------------------------------------------------
 Computing Lowdin matrix                        7.01480e-01
 Diagonalizing matrix                           2.95180e-05
 Rotating orbitals                              3.45930e+00
------------------------------------------------------------
                 Wall time: 4.16089e+00 sec 
============================================================


============================================================
                  Setting up Fock operator
------------------------------------------------------------
 Precision                                      1.00000e-07
------------------------------------------------------------
 Coulomb density                      1480      3.13719e+00
 Coulomb potential                     744      6.66796e+01
 Allreduce potential                   808      2.34837e+00
 XC total density                     1608      3.56451e+00
 XC evaluate xcfun                    3216      7.62404e+00
 XC energy                            1608      1.60742e-04
 XC potential                         1608      7.14592e-02
------------------------------------------------------------
                 Wall time: 8.34479e+01 sec 
============================================================


============================================================
                   Calculating SCF energy
------------------------------------------------------------
------------------------------------------------------------
                 Wall time: 2.75131e+01 sec 
============================================================


============================================================
                 Calculating dipole moment
------------------------------------------------------------
------------------------------------------------------------
                 Wall time: 1.34267e+01 sec 
============================================================


============================================================
                        Fock matrix
------------------------------------------------------------
-1.00402e+02  0.00000e+00  0.00000e+00  0.00000e+00  0.00000e+00  0.00000e+00  0.00000e+00  0.00000e+00  0.00000e+00  0.00000e+00  0.00000e+00  0.00000e+00  0.00000e+00
 0.00000e+00 -2.41542e+01  0.00000e+00  0.00000e+00  0.00000e+00  0.00000e+00  0.00000e+00  0.00000e+00  0.00000e+00  0.00000e+00  0.00000e+00  0.00000e+00  0.00000e+00
 0.00000e+00  0.00000e+00 -9.21834e+00  0.00000e+00  0.00000e+00  0.00000e+00  0.00000e+00  0.00000e+00  0.00000e+00  0.00000e+00  0.00000e+00  0.00000e+00  0.00000e+00
 0.00000e+00  0.00000e+00  0.00000e+00 -7.08456e+00  0.00000e+00  0.00000e+00  0.00000e+00  0.00000e+00  0.00000e+00  0.00000e+00  0.00000e+00  0.00000e+00  0.00000e+00
 0.00000e+00  0.00000e+00  0.00000e+00  0.00000e+00 -7.06340e+00  0.00000e+00  0.00000e+00  0.00000e+00  0.00000e+00  0.00000e+00  0.00000e+00  0.00000e+00  0.00000e+00
 0.00000e+00  0.00000e+00  0.00000e+00  0.00000e+00  0.00000e+00 -7.06340e+00  0.00000e+00  0.00000e+00  0.00000e+00  0.00000e+00  0.00000e+00  0.00000e+00  0.00000e+00
 0.00000e+00  0.00000e+00  0.00000e+00  0.00000e+00  0.00000e+00  0.00000e+00 -1.14552e+00  0.00000e+00  0.00000e+00  0.00000e+00  0.00000e+00  0.00000e+00  0.00000e+00
 0.00000e+00  0.00000e+00  0.00000e+00  0.00000e+00  0.00000e+00  0.00000e+00  0.00000e+00 -7.67177e-01  0.00000e+00  0.00000e+00  0.00000e+00  0.00000e+00  0.00000e+00
 0.00000e+00  0.00000e+00  0.00000e+00  0.00000e+00  0.00000e+00  0.00000e+00  0.00000e+00  0.00000e+00 -5.09120e-01  0.00000e+00  0.00000e+00  0.00000e+00  0.00000e+00
 0.00000e+00  0.00000e+00  0.00000e+00  0.00000e+00  0.00000e+00  0.00000e+00  0.00000e+00  0.00000e+00  0.00000e+00 -4.39985e-01  0.00000e+00  0.00000e+00  0.00000e+00
 0.00000e+00  0.00000e+00  0.00000e+00  0.00000e+00  0.00000e+00  0.00000e+00  0.00000e+00  0.00000e+00  0.00000e+00  0.00000e+00 -4.39985e-01  0.00000e+00  0.00000e+00
 0.00000e+00  0.00000e+00  0.00000e+00  0.00000e+00  0.00000e+00  0.00000e+00  0.00000e+00  0.00000e+00  0.00000e+00  0.00000e+00  0.00000e+00 -2.93447e-01  0.00000e+00
 0.00000e+00  0.00000e+00  0.00000e+00  0.00000e+00  0.00000e+00  0.00000e+00  0.00000e+00  0.00000e+00  0.00000e+00  0.00000e+00  0.00000e+00  0.00000e+00 -2.93446e-01
============================================================


============================================================
                      Orbital energies
------------------------------------------------------------
    n  spin  occ                            epsilon  
------------------------------------------------------------
    0    p    2                      -1.004022412491099e+02
    1    p    2                      -2.415419125395588e+01
    2    p    2                      -9.218338989868123e+00
    3    p    2                      -7.084563654480741e+00
    4    p    2                      -7.063399569350596e+00
    5    p    2                      -7.063399264520383e+00
    6    p    2                      -1.145517382393584e+00
    7    p    2                      -7.671766954709078e-01
    8    p    2                      -5.091198502868878e-01
    9    p    2                      -4.399846929936267e-01
   10    p    2                      -4.399845236469705e-01
   11    p    2                      -2.934469011888436e-01
   12    p    2                      -2.934462062252770e-01
============================================================


============================================================
                          Molecule
------------------------------------------------------------
 Nr  Element             x             y             z      
------------------------------------------------------------
  1     F           0.00000e+00   0.00000e+00   0.00000e+00
  2     Cl          0.00000e+00   0.00000e+00   3.07704e+00
------------------------------------------------------------
 Center of mass:    0.00000e+00   0.00000e+00   2.00344e+00
============================================================


                                                            
============================================================
                         SCF Energy                         
------------------------------------------------------------
                                                            
 Sum orbital energy:                 -3.177496204669834e+02
 Kinetic energy:                      5.565848862328241e+02
 E-N energy:                         -1.429404066105853e+03
 Coulomb energy:                      3.016170991880861e+02
 Exchange energy:                     0.000000000000000e+00
 X-C energy:                         -3.645852616150292e+01
 El. external field energy:          -1.736347002258729e-05
 Nuc. external field energy:          1.714381119501834e-14
                                                            
------------------------------------------------------------
                                                            
 Electronic energy:                  -6.076606242099155e+02
 Nuclear energy:                      4.972309714343913e+01
                                                            
------------------------------------------------------------
                                                            
 Total energy       (au)             -5.579375270664764e+02
                    (kJ/mol)         -1.464864765296774e+06
                    (kcal/mol)       -3.501110813446577e+05
                    (eV)             -1.518225288285069e+04
                                                            
============================================================
                                                            

                                                            
============================================================
                         Dipole moment                      
------------------------------------------------------------
                                                            
 Length of vector:   (au)                  3.0245153963e-01
                     (Debye)               7.6875506094e-01
                                                            
-------------------------- Total ---------------------------
                                                            
 [ 1.7363470005e-02, -1.7652692356e-09,  3.0195271772e-01] 
                                                            
------------------------- Nuclear --------------------------
                                                            
 [-1.7143811195e-11, -1.7285888918e-11,  2.2030795258e-01] 
                                                            
------------------------ Electronic ------------------------
                                                            
 [ 1.7363470023e-02, -1.7479833466e-09,  8.1644765134e-02] 
                                                            
============================================================
                                                            



************************************************************
***                                                      ***
***                    Exiting MRChem                    ***
***                                                      ***
***               Wall time: 5.555480e+03                ***
***                                                      ***
************************************************************


