


************************************************************
***     __  __ ____   ____ _                             ***
***    |  \/  |  _ \ / ___| |__   ___ _ __ ___           ***
***    | |\/| | |_) | |   | '_ \ / _ \ '_ ` _ \          ***
***    | |  | |  _ <| |___| | | |  __/ | | | | |         ***
***    |_|  |_|_| \_\\____|_| |_|\___|_| |_| |_|         ***
***                                                      ***
***    VERSION 0.0.1 (rev. 1c6f79f)                     ***
***                                                      ***
***    Stig Rune Jensen <stig.r.jensen@uit.no>           ***
***    Luca Frediani    <luca.frediani@uit.no>           ***
***    Peter Wind       <peter.wind@uit.no>              ***
***                                                      ***
************************************************************


+++ Parallel execution: 
  MPI hosts available     : 4
  Threads/host            : 2
  Total used CPUs         : 8


------------------------------------------------------------

 MRCPP version   : X.Y.Z
 Git revision    : bbc2aed

 Linear algebra  : EIGEN
 Parallelization : MPI/OpenMP

------------------------------------------------------------




============================================================
                  MultiResolution Analysis                  
------------------------------------------------------------
 polynomial order = 11
 polynomial type  = Interpolating
------------------------------------------------------------
 total boxes      = 8
 boxes            = [           2           2           2 ]
 unit lengths     = [    32.00000    32.00000    32.00000 ]
 scaling factor   = [     1.00000     1.00000     1.00000 ]
 lower bounds     = [   -32.00000   -32.00000   -32.00000 ]
 upper bounds     = [    32.00000    32.00000    32.00000 ]
 total length     = [    64.00000    64.00000    64.00000 ]
============================================================


============================================================
                          Molecule
------------------------------------------------------------
 Nr  Element             x             y             z      
------------------------------------------------------------
  1     C           0.00000e+00   0.00000e+00   0.00000e+00
  2     O           0.00000e+00   0.00000e+00   2.13199e+00
------------------------------------------------------------
 Center of mass:    0.00000e+00   0.00000e+00   1.21778e+00
============================================================


============================================================
                Setting up nuclear potential
------------------------------------------------------------
 Nr  Element         Charge        Precision     Smoothing 
------------------------------------------------------------
  1     C           6.00000e+00   1.00000e-07   3.82453e-05
  2     O           8.00000e+00   1.00000e-07   2.36781e-05
------------------------------------------------------------
 Nuclear potential                    1288      1.09104e+00
 Allreduce potential                  2312      9.11840e-01
------------------------------------------------------------
                 Wall time: 2.00301e+00 sec 
============================================================


============================================================
 OrbitalVector:   7 orbitals     7 occupied    14 electrons
------------------------------------------------------------
   n  RankID           Norm          Spin Occ      Error    
------------------------------------------------------------
   0     0       1.000000000000e+00    p   2    1.00000e+00
   1     1      -1.000000000000e+00    p   2    1.00000e+00
   2     2      -1.000000000000e+00    p   2    1.00000e+00
   3     3      -1.000000000000e+00    p   2    1.00000e+00
   4     0       1.000000000000e+00    p   2    1.00000e+00
   5     1      -1.000000000000e+00    p   2    1.00000e+00
   6     2      -1.000000000000e+00    p   2    1.00000e+00
============================================================


============================================================
                  Setting up Fock operator
------------------------------------------------------------
 Precision                                      1.00000e-07
------------------------------------------------------------
 Coulomb density                      1096      1.54884e+00
 Coulomb potential                     552      4.67796e+01
 Allreduce potential                   616      2.61110e+00
 XC total density                     1512      2.46381e+00
 XC evaluate xcfun                    7560      2.24698e+01
 XC energy                            1512      1.88430e-04
 XC potential                         1512      7.33448e-01
------------------------------------------------------------
                 Wall time: 7.71498e+01 sec 
============================================================


============================================================
                  Calculating Fock matrix
------------------------------------------------------------
 Kinetic part                         5.963098799000000e+00
 Potential part                       2.400455152800000e+01
------------------------------------------------------------
                 Wall time: 2.99678e+01 sec 
============================================================




####################### SCF cycle  1 #######################


============================================================
 Current precision                              1.00000e-07
------------------------------------------------------------
 Orbital threshold                              1.00000e-06
 Property threshold                            -1.00000e+00
============================================================


============================================================
                  Digonalizing Fock matrix
------------------------------------------------------------
 Computing Lowdin matrix                        4.08075e-01
 Diagonalizing matrix                           1.44210e-05
 Rotating orbitals                              1.48306e+00
------------------------------------------------------------
                 Wall time: 1.89125e+00 sec 
============================================================


============================================================
                   Calculating SCF energy
------------------------------------------------------------
 Nuclear energy                       2.251418892591619e+01
 Electronic energy                   -1.357568021079399e+02
------------------------------------------------------------
 Total energy                        -1.132426131820237e+02
------------------------------------------------------------
                 Wall time: 1.85439e+01 sec 
============================================================


============================================================
                Rotating Helmholtz argument
------------------------------------------------------------
 Rotating orbitals                              4.68055e-01
------------------------------------------------------------
                 Wall time: 4.68140e-01 sec 
============================================================


============================================================
                Applying Helmholtz operators
------------------------------------------------------------
 Orb    RealNorm   Nodes     ImagNorm   Nodes     Timing
------------------------------------------------------------
  0    1.00000e+00   776    0.00000e+00     0   6.51121e+01
  4    1.00000e+00   680    0.00000e+00     0   7.13247e+01
------------------------------------------------------------
                 Wall time: 1.36437e+02 sec 
============================================================


============================================================
                 Lowdin orthonormalization
------------------------------------------------------------
 Computing Lowdin matrix                        8.05781e+01
 Rotating orbitals                              1.42160e+00
------------------------------------------------------------
                 Wall time: 8.19998e+01 sec 
============================================================


============================================================
               Iterative subspace accelerator
------------------------------------------------------------
 Push back orbitals                             4.49630e-05
 Copy orbitals                                  6.35120e-02
 Copy orbital updates                           6.18752e-02
------------------------------------------------------------
                 Wall time: 1.25550e-01 sec 
============================================================


============================================================
                 Lowdin orthonormalization
------------------------------------------------------------
 Computing Lowdin matrix                        3.62763e-01
 Rotating orbitals                              8.56719e-01
------------------------------------------------------------
                 Wall time: 1.21957e+00 sec 
============================================================


============================================================
                  Setting up Fock operator
------------------------------------------------------------
 Precision                                      1.00000e-07
------------------------------------------------------------
 Coulomb density                      1032      1.24851e+00
 Coulomb potential                     552      4.67433e+01
 Allreduce potential                   616      3.44384e+00
 XC total density                     1448      2.20115e+00
 XC evaluate xcfun                    7240      2.11782e+01
 XC energy                            1448      1.68470e-04
 XC potential                         1448      6.49814e-01
------------------------------------------------------------
                 Wall time: 7.59409e+01 sec 
============================================================


============================================================
                  Calculating Fock matrix
------------------------------------------------------------
 Kinetic part                         5.312508991000000e+00
 Potential part                       1.937163516800000e+01
------------------------------------------------------------
                 Wall time: 2.46843e+01 sec 
============================================================


============================================================
                          Orbitals
------------------------------------------------------------
 Orb    F(i,i)        Error         nNodes  Spin  Occ  Done 
------------------------------------------------------------
  0  -1.88576e+01   3.72980e-06        680    p    2    0
  1  -9.99978e+00   1.05164e-05          0    p    2    0
  2  -1.07679e+00   1.11969e-04          0    p    2    0
  3  -5.19227e-01   5.76785e-04          0    p    2    0
  4  -4.35893e-01   9.28904e-04        680    p    2    0
  5  -4.35892e-01   5.89920e-04          0    p    2    0
  6  -3.32238e-01   1.29690e-03          0    p    2    0
------------------------------------------------------------
 Total error:                            1.79949e-03    0
============================================================


============================================================
                    Energy                 Update      Done 
------------------------------------------------------------
 Orbital      -6.331484898452359e+01    -6.33148e+01    1
 Kinetic       1.129004811865004e+02     1.12900e+02    1
 N-E          -3.112541857122609e+02    -3.11254e+02    1
 Coulomb       7.635904373616792e+01     7.63590e+01    1
 Exchange      0.000000000000000e+00     0.00000e+00    1
 X-C          -1.376214131836871e+01    -1.37621e+01    1
------------------------------------------------------------
 Electronic   -1.357568021079399e+02    -1.35757e+02    1
 Nuclear       2.251418892591619e+01     2.25142e+01    1
------------------------------------------------------------
 Total        -1.132426131820237e+02    -1.13243e+02    1
============================================================


################ Wall time: 3.41509e+02 sec ################




####################### SCF cycle  2 #######################


============================================================
 Current precision                              1.00000e-07
------------------------------------------------------------
 Orbital threshold                              1.00000e-06
 Property threshold                            -1.00000e+00
============================================================


============================================================
                  Digonalizing Fock matrix
------------------------------------------------------------
 Computing Lowdin matrix                        3.17660e-01
 Diagonalizing matrix                           1.22570e-05
 Rotating orbitals                              1.45887e+00
------------------------------------------------------------
                 Wall time: 1.77663e+00 sec 
============================================================


============================================================
                   Calculating SCF energy
------------------------------------------------------------
 Nuclear energy                       2.251418892591619e+01
 Electronic energy                   -1.357568078822758e+02
------------------------------------------------------------
 Total energy                        -1.132426189563596e+02
------------------------------------------------------------
                 Wall time: 1.83915e+01 sec 
============================================================


============================================================
                Rotating Helmholtz argument
------------------------------------------------------------
 Rotating orbitals                              4.65568e-01
------------------------------------------------------------
                 Wall time: 4.65650e-01 sec 
============================================================


============================================================
                Applying Helmholtz operators
------------------------------------------------------------
 Orb    RealNorm   Nodes     ImagNorm   Nodes     Timing
------------------------------------------------------------
  0    1.00000e+00   776    0.00000e+00     0   6.52758e+01
  4    1.00000e+00   680    0.00000e+00     0   7.22270e+01
------------------------------------------------------------
                 Wall time: 1.37503e+02 sec 
============================================================


============================================================
                 Lowdin orthonormalization
------------------------------------------------------------
 Computing Lowdin matrix                        7.63420e+01
 Rotating orbitals                              1.39757e+00
------------------------------------------------------------
                 Wall time: 7.77396e+01 sec 
============================================================


============================================================
               Iterative subspace accelerator
------------------------------------------------------------
 Push back orbitals                             4.20060e-05
 Copy orbitals                                  6.29587e-02
 Copy orbital updates                           6.30191e-02
------------------------------------------------------------
                 Wall time: 1.26123e-01 sec 
============================================================


============================================================
                 Lowdin orthonormalization
------------------------------------------------------------
 Computing Lowdin matrix                        3.64798e-01
 Rotating orbitals                              8.64506e-01
------------------------------------------------------------
                 Wall time: 1.22939e+00 sec 
============================================================


============================================================
                  Setting up Fock operator
------------------------------------------------------------
 Precision                                      1.00000e-07
------------------------------------------------------------
 Coulomb density                      1032      1.26231e+00
 Coulomb potential                     552      4.74931e+01
 Allreduce potential                   616      2.34154e+00
 XC total density                     1448      2.22934e+00
 XC evaluate xcfun                    7240      2.14616e+01
 XC energy                            1448      1.70645e-04
 XC potential                         1448      6.64050e-01
------------------------------------------------------------
                 Wall time: 7.59294e+01 sec 
============================================================


============================================================
                  Calculating Fock matrix
------------------------------------------------------------
 Kinetic part                         4.838182260000000e+00
 Potential part                       1.896203269700000e+01
------------------------------------------------------------
                 Wall time: 2.38004e+01 sec 
============================================================


============================================================
                          Orbitals
------------------------------------------------------------
 Orb    F(i,i)        Error         nNodes  Spin  Occ  Done 
------------------------------------------------------------
  0  -1.88576e+01   1.76037e-06        680    p    2    0
  1  -9.99978e+00   5.33516e-06          0    p    2    0
  2  -1.07679e+00   5.65139e-05          0    p    2    0
  3  -5.19229e-01   7.17539e-05          0    p    2    0
  4  -4.35895e-01   1.46655e-04        680    p    2    0
  5  -4.35895e-01   3.79782e-05          0    p    2    0
  6  -3.32240e-01   2.41375e-04          0    p    2    0
------------------------------------------------------------
 Total error:                            2.99309e-04    0
============================================================


============================================================
                    Energy                 Update      Done 
------------------------------------------------------------
 Orbital      -6.331486620640452e+01    -1.72219e-05    1
 Kinetic       1.129004736289706e+02    -7.55753e-06    1
 N-E          -3.112541630570404e+02     2.26552e-05    1
 Coulomb       7.635903191263088e+01    -1.18235e-05    1
 Exchange      0.000000000000000e+00     0.00000e+00    1
 X-C          -1.376214016585304e+01     1.15252e-06    1
------------------------------------------------------------
 Electronic   -1.357568078822758e+02    -5.77434e-06    1
 Nuclear       2.251418892591619e+01     0.00000e+00    1
------------------------------------------------------------
 Total        -1.132426189563596e+02    -5.77434e-06    1
============================================================


################ Wall time: 3.37166e+02 sec ################




####################### SCF cycle  3 #######################


============================================================
 Current precision                              1.00000e-07
------------------------------------------------------------
 Orbital threshold                              1.00000e-06
 Property threshold                            -1.00000e+00
============================================================


============================================================
                   Calculating SCF energy
------------------------------------------------------------
 Nuclear energy                       2.251418892591619e+01
 Electronic energy                   -1.357568081227553e+02
------------------------------------------------------------
 Total energy                        -1.132426191968391e+02
------------------------------------------------------------
                 Wall time: 1.90626e+01 sec 
============================================================


============================================================
                Rotating Helmholtz argument
------------------------------------------------------------
 Rotating orbitals                              1.55270e+00
------------------------------------------------------------
                 Wall time: 1.55279e+00 sec 
============================================================


============================================================
                Applying Helmholtz operators
------------------------------------------------------------
 Orb    RealNorm   Nodes     ImagNorm   Nodes     Timing
------------------------------------------------------------
  0    1.00000e+00   776    0.00000e+00     0   6.73673e+01
  4    1.00000e+00   680    0.00000e+00     0   7.34942e+01
------------------------------------------------------------
                 Wall time: 1.40868e+02 sec 
============================================================


============================================================
                 Lowdin orthonormalization
------------------------------------------------------------
 Computing Lowdin matrix                        7.41027e+01
 Rotating orbitals                              1.39425e+00
------------------------------------------------------------
                 Wall time: 7.54970e+01 sec 
============================================================


============================================================
               Iterative subspace accelerator
------------------------------------------------------------
 Push back orbitals                             4.20570e-05
 Setup linear system                            2.53141e-01
 Solve linear system                            1.07680e-05
 Expand solution                                6.14761e-01
------------------------------------------------------------
                 Wall time: 8.68071e-01 sec 
============================================================


============================================================
                 Lowdin orthonormalization
------------------------------------------------------------
 Computing Lowdin matrix                        6.07565e-01
 Rotating orbitals                              1.34386e+00
------------------------------------------------------------
                 Wall time: 1.95149e+00 sec 
============================================================


============================================================
                  Setting up Fock operator
------------------------------------------------------------
 Precision                                      1.00000e-07
------------------------------------------------------------
 Coulomb density                      1032      1.27621e+00
 Coulomb potential                     552      4.80807e+01
 Allreduce potential                   616      3.39441e+00
 XC total density                     1448      2.23937e+00
 XC evaluate xcfun                    7240      2.10500e+01
 XC energy                            1448      1.66763e-04
 XC potential                         1448      7.15947e-01
------------------------------------------------------------
                 Wall time: 7.72433e+01 sec 
============================================================


============================================================
                  Calculating Fock matrix
------------------------------------------------------------
 Kinetic part                         5.743228779000000e+00
 Potential part                       1.940683957700000e+01
------------------------------------------------------------
                 Wall time: 2.51502e+01 sec 
============================================================


============================================================
                          Orbitals
------------------------------------------------------------
 Orb    F(i,i)        Error         nNodes  Spin  Occ  Done 
------------------------------------------------------------
  0  -1.88576e+01   9.27352e-07        680    p    2    1
  1  -9.99978e+00   3.64827e-06          0    p    2    0
  2  -1.07679e+00   2.16863e-05          0    p    2    0
  3  -5.19228e-01   5.19543e-05          0    p    2    0
  4  -4.35895e-01   5.86744e-05        680    p    2    0
  5  -4.35894e-01   1.14674e-05          0    p    2    0
  6  -3.32240e-01   1.32504e-04          0    p    2    0
------------------------------------------------------------
 Total error:                            1.55933e-04    0
============================================================


============================================================
                    Energy                 Update      Done 
------------------------------------------------------------
 Orbital      -6.331490404575833e+01    -3.78394e-05    1
 Kinetic       1.129004528145893e+02    -2.08144e-05    1
 N-E          -3.112541066738335e+02     5.63832e-05    1
 Coulomb       7.635899289064173e+01    -3.90220e-05    1
 Exchange      0.000000000000000e+00     0.00000e+00    1
 X-C          -1.376213560991416e+01     4.55594e-06    1
------------------------------------------------------------
 Electronic   -1.357568081227553e+02    -2.40479e-07    1
 Nuclear       2.251418892591619e+01     0.00000e+00    1
------------------------------------------------------------
 Total        -1.132426191968391e+02    -2.40479e-07    1
============================================================


################ Wall time: 3.42676e+02 sec ################




####################### SCF cycle  4 #######################


============================================================
 Current precision                              1.00000e-07
------------------------------------------------------------
 Orbital threshold                              1.00000e-06
 Property threshold                            -1.00000e+00
============================================================


============================================================
                   Calculating SCF energy
------------------------------------------------------------
 Nuclear energy                       2.251418892591619e+01
 Electronic energy                   -1.357568082275859e+02
------------------------------------------------------------
 Total energy                        -1.132426193016697e+02
------------------------------------------------------------
                 Wall time: 1.95521e+01 sec 
============================================================


============================================================
                Rotating Helmholtz argument
------------------------------------------------------------
 Rotating orbitals                              1.55624e+00
------------------------------------------------------------
                 Wall time: 1.55633e+00 sec 
============================================================


============================================================
                Applying Helmholtz operators
------------------------------------------------------------
 Orb    RealNorm   Nodes     ImagNorm   Nodes     Timing
------------------------------------------------------------
  0    1.00000e+00   776    0.00000e+00     0   6.97834e+01
  4    1.00000e+00   680    0.00000e+00     0   7.53964e+01
------------------------------------------------------------
                 Wall time: 1.45181e+02 sec 
============================================================


============================================================
                 Lowdin orthonormalization
------------------------------------------------------------
 Computing Lowdin matrix                        7.43399e+01
 Rotating orbitals                              1.40415e+00
------------------------------------------------------------
                 Wall time: 7.57442e+01 sec 
============================================================


============================================================
               Iterative subspace accelerator
------------------------------------------------------------
 Push back orbitals                             1.82340e-02
 Setup linear system                            7.67804e-01
 Solve linear system                            1.36340e-05
 Expand solution                                1.06969e+00
------------------------------------------------------------
                 Wall time: 1.85589e+00 sec 
============================================================


============================================================
                 Lowdin orthonormalization
------------------------------------------------------------
 Computing Lowdin matrix                        6.46772e-01
 Rotating orbitals                              1.41305e+00
------------------------------------------------------------
                 Wall time: 2.05991e+00 sec 
============================================================


============================================================
                  Setting up Fock operator
------------------------------------------------------------
 Precision                                      1.00000e-07
------------------------------------------------------------
 Coulomb density                      1032      1.27580e+00
 Coulomb potential                     552      4.89294e+01
 Allreduce potential                   616      3.15734e+00
 XC total density                     1448      2.32360e+00
 XC evaluate xcfun                    7240      2.14094e+01
 XC energy                            1448      1.73942e-04
 XC potential                         1448      7.51116e-01
------------------------------------------------------------
                 Wall time: 7.83334e+01 sec 
============================================================


============================================================
                  Calculating Fock matrix
------------------------------------------------------------
 Kinetic part                         5.604042328000000e+00
 Potential part                       2.002246553100000e+01
------------------------------------------------------------
                 Wall time: 2.56266e+01 sec 
============================================================


============================================================
                          Orbitals
------------------------------------------------------------
 Orb    F(i,i)        Error         nNodes  Spin  Occ  Done 
------------------------------------------------------------
  0  -1.88576e+01   8.32737e-07        680    p    2    1
  1  -9.99978e+00   3.37375e-06          0    p    2    0
  2  -1.07680e+00   1.18200e-05          0    p    2    0
  3  -5.19230e-01   8.68648e-05          0    p    2    0
  4  -4.35896e-01   4.96171e-05        680    p    2    0
  5  -4.35896e-01   2.62942e-05          0    p    2    0
  6  -3.32240e-01   1.93919e-04          0    p    2    0
------------------------------------------------------------
 Total error:                            2.20125e-04    0
============================================================


============================================================
                    Energy                 Update      Done 
------------------------------------------------------------
 Orbital      -6.331489648821379e+01     7.55754e-06    1
 Kinetic       1.129004630224660e+02     1.02079e-05    1
 N-E          -3.112541234721745e+02    -1.67983e-05    1
 Coulomb       7.635900084561401e+01     7.95497e-06    1
 Exchange      0.000000000000000e+00     0.00000e+00    1
 X-C          -1.376213659170110e+01    -9.81787e-07    1
------------------------------------------------------------
 Electronic   -1.357568082275859e+02    -1.04831e-07    1
 Nuclear       2.251418892591619e+01     0.00000e+00    1
------------------------------------------------------------
 Total        -1.132426193016697e+02    -1.04831e-07    1
============================================================


################ Wall time: 3.50489e+02 sec ################




####################### SCF cycle  5 #######################


============================================================
 Current precision                              1.00000e-07
------------------------------------------------------------
 Orbital threshold                              1.00000e-06
 Property threshold                            -1.00000e+00
============================================================


============================================================
                   Calculating SCF energy
------------------------------------------------------------
 Nuclear energy                       2.251418892591619e+01
 Electronic energy                   -1.357568083371564e+02
------------------------------------------------------------
 Total energy                        -1.132426194112402e+02
------------------------------------------------------------
                 Wall time: 2.02744e+01 sec 
============================================================


============================================================
                Rotating Helmholtz argument
------------------------------------------------------------
 Rotating orbitals                              1.55895e+00
------------------------------------------------------------
                 Wall time: 1.55903e+00 sec 
============================================================


============================================================
                Applying Helmholtz operators
------------------------------------------------------------
 Orb    RealNorm   Nodes     ImagNorm   Nodes     Timing
------------------------------------------------------------
  0    1.00000e+00   776    0.00000e+00     0   7.02073e+01
  4    1.00000e+00   680    0.00000e+00     0   7.44337e+01
------------------------------------------------------------
                 Wall time: 1.44642e+02 sec 
============================================================


============================================================
                 Lowdin orthonormalization
------------------------------------------------------------
 Computing Lowdin matrix                        7.62196e+01
 Rotating orbitals                              1.48401e+00
------------------------------------------------------------
                 Wall time: 7.77037e+01 sec 
============================================================


============================================================
               Iterative subspace accelerator
------------------------------------------------------------
 Push back orbitals                             1.82124e-02
 Setup linear system                            1.49590e+00
 Solve linear system                            9.52400e-06
 Expand solution                                1.63158e+00
------------------------------------------------------------
                 Wall time: 3.14584e+00 sec 
============================================================


============================================================
                 Lowdin orthonormalization
------------------------------------------------------------
 Computing Lowdin matrix                        7.43321e-01
 Rotating orbitals                              1.60260e+00
------------------------------------------------------------
                 Wall time: 2.34601e+00 sec 
============================================================


============================================================
                  Setting up Fock operator
------------------------------------------------------------
 Precision                                      1.00000e-07
------------------------------------------------------------
 Coulomb density                      1032      1.36847e+00
 Coulomb potential                     552      4.95682e+01
 Allreduce potential                   616      5.43831e+00
 XC total density                     1448      2.42526e+00
 XC evaluate xcfun                    7240      2.13195e+01
 XC energy                            1448      1.71069e-04
 XC potential                         1448      7.41683e-01
------------------------------------------------------------
                 Wall time: 8.13654e+01 sec 
============================================================


============================================================
                  Calculating Fock matrix
------------------------------------------------------------
 Kinetic part                         5.848517430000000e+00
 Potential part                       2.040743769900000e+01
------------------------------------------------------------
                 Wall time: 2.62561e+01 sec 
============================================================


============================================================
                          Orbitals
------------------------------------------------------------
 Orb    F(i,i)        Error         nNodes  Spin  Occ  Done 
------------------------------------------------------------
  0  -1.88576e+01   2.69333e-07        680    p    2    1
  1  -9.99978e+00   1.10606e-06          0    p    2    0
  2  -1.07679e+00   5.31127e-06          0    p    2    0
  3  -5.19227e-01   3.84397e-05          0    p    2    0
  4  -4.35894e-01   2.16346e-05        680    p    2    0
  5  -4.35893e-01   7.39148e-06          0    p    2    0
  6  -3.32239e-01   1.01598e-04          0    p    2    0
------------------------------------------------------------
 Total error:                            1.11140e-04    0
============================================================


============================================================
                    Energy                 Update      Done 
------------------------------------------------------------
 Orbital      -6.331491792334854e+01    -2.14351e-05    1
 Kinetic       1.129004458550408e+02    -1.71674e-05    1
 N-E          -3.112540866402970e+02     3.68319e-05    1
 Coulomb       7.635897868865192e+01    -2.21570e-05    1
 Exchange      0.000000000000000e+00     0.00000e+00    1
 X-C          -1.376213389100465e+01     2.70070e-06    1
------------------------------------------------------------
 Electronic   -1.357568083371564e+02    -1.09570e-07    1
 Nuclear       2.251418892591619e+01     0.00000e+00    1
------------------------------------------------------------
 Total        -1.132426194112402e+02    -1.09570e-07    1
============================================================


################ Wall time: 3.58002e+02 sec ################




####################### SCF cycle  6 #######################


============================================================
 Current precision                              1.00000e-07
------------------------------------------------------------
 Orbital threshold                              1.00000e-06
 Property threshold                            -1.00000e+00
============================================================


============================================================
                   Calculating SCF energy
------------------------------------------------------------
 Nuclear energy                       2.251418892591619e+01
 Electronic energy                   -1.357568083601723e+02
------------------------------------------------------------
 Total energy                        -1.132426194342561e+02
------------------------------------------------------------
                 Wall time: 2.03739e+01 sec 
============================================================


============================================================
                Rotating Helmholtz argument
------------------------------------------------------------
 Rotating orbitals                              1.52748e+00
------------------------------------------------------------
                 Wall time: 1.52757e+00 sec 
============================================================


============================================================
                Applying Helmholtz operators
------------------------------------------------------------
 Orb    RealNorm   Nodes     ImagNorm   Nodes     Timing
------------------------------------------------------------
  0    1.00000e+00   776    0.00000e+00     0   7.14797e+01
  4    1.00000e+00   680    0.00000e+00     0   7.35985e+01
------------------------------------------------------------
                 Wall time: 1.45079e+02 sec 
============================================================


============================================================
                 Lowdin orthonormalization
------------------------------------------------------------
 Computing Lowdin matrix                        7.86142e+01
 Rotating orbitals                              1.45670e+00
------------------------------------------------------------
                 Wall time: 8.00709e+01 sec 
============================================================


============================================================
               Iterative subspace accelerator
------------------------------------------------------------
 Push back orbitals                             2.53113e-02
 Setup linear system                            1.55726e+00
 Solve linear system                            8.87700e-06
 Expand solution                                1.67938e+00
------------------------------------------------------------
                 Wall time: 3.26211e+00 sec 
============================================================


============================================================
                 Lowdin orthonormalization
------------------------------------------------------------
 Computing Lowdin matrix                        7.67492e-01
 Rotating orbitals                              1.61389e+00
------------------------------------------------------------
                 Wall time: 2.38146e+00 sec 
============================================================


============================================================
                  Setting up Fock operator
------------------------------------------------------------
 Precision                                      1.00000e-07
------------------------------------------------------------
 Coulomb density                      1032      1.32781e+00
 Coulomb potential                     552      4.95266e+01
 Allreduce potential                   616      7.32007e+00
 XC total density                     1448      2.46711e+00
 XC evaluate xcfun                    7240      2.12675e+01
 XC energy                            1448      1.83883e-04
 XC potential                         1448      7.43132e-01
------------------------------------------------------------
                 Wall time: 8.31506e+01 sec 
============================================================


============================================================
                  Calculating Fock matrix
------------------------------------------------------------
 Kinetic part                         5.785858218000000e+00
 Potential part                       2.020483108400000e+01
------------------------------------------------------------
                 Wall time: 2.59908e+01 sec 
============================================================


============================================================
                          Orbitals
------------------------------------------------------------
 Orb    F(i,i)        Error         nNodes  Spin  Occ  Done 
------------------------------------------------------------
  0  -1.88576e+01   1.59048e-07        680    p    2    1
  1  -9.99978e+00   2.65287e-07          0    p    2    1
  2  -1.07680e+00   1.99316e-06          0    p    2    0
  3  -5.19230e-01   2.84813e-06          0    p    2    0
  4  -4.35896e-01   5.10766e-06        680    p    2    0
  5  -4.35896e-01   1.59727e-06          0    p    2    0
  6  -3.32240e-01   2.55251e-05          0    p    2    0
------------------------------------------------------------
 Total error:                            2.63125e-05    0
============================================================


============================================================
                    Energy                 Update      Done 
------------------------------------------------------------
 Orbital      -6.331487861520969e+01     3.93081e-05    1
 Kinetic       1.129004764701215e+02     3.06151e-05    1
 N-E          -3.112541531433931e+02    -6.65031e-05    1
 Coulomb       7.635901951078986e+01     4.08221e-05    1
 Exchange      0.000000000000000e+00     0.00000e+00    1
 X-C          -1.376213871894833e+01    -4.82794e-06    1
------------------------------------------------------------
 Electronic   -1.357568083601723e+02    -2.30159e-08    1
 Nuclear       2.251418892591619e+01     0.00000e+00    1
------------------------------------------------------------
 Total        -1.132426194342561e+02    -2.30159e-08    1
============================================================


################ Wall time: 3.62474e+02 sec ################




####################### SCF cycle  7 #######################


============================================================
 Current precision                              1.00000e-07
------------------------------------------------------------
 Orbital threshold                              1.00000e-06
 Property threshold                            -1.00000e+00
============================================================


============================================================
                   Calculating SCF energy
------------------------------------------------------------
 Nuclear energy                       2.251418892591619e+01
 Electronic energy                   -1.357568083621522e+02
------------------------------------------------------------
 Total energy                        -1.132426194362360e+02
------------------------------------------------------------
                 Wall time: 2.16628e+01 sec 
============================================================


============================================================
                Rotating Helmholtz argument
------------------------------------------------------------
 Rotating orbitals                              1.58887e+00
------------------------------------------------------------
                 Wall time: 1.58896e+00 sec 
============================================================


============================================================
                Applying Helmholtz operators
------------------------------------------------------------
 Orb    RealNorm   Nodes     ImagNorm   Nodes     Timing
------------------------------------------------------------
  0    1.00000e+00   776    0.00000e+00     0   6.88780e+01
  4    1.00000e+00   680    0.00000e+00     0   7.39390e+01
------------------------------------------------------------
                 Wall time: 1.42818e+02 sec 
============================================================


============================================================
                 Lowdin orthonormalization
------------------------------------------------------------
 Computing Lowdin matrix                        9.85109e+01
 Rotating orbitals                              1.44583e+00
------------------------------------------------------------
                 Wall time: 9.99568e+01 sec 
============================================================


============================================================
               Iterative subspace accelerator
------------------------------------------------------------
 Push back orbitals                             2.51966e-02
 Setup linear system                            1.59919e+00
 Solve linear system                            8.99100e-06
 Expand solution                                1.60946e+00
------------------------------------------------------------
                 Wall time: 3.23399e+00 sec 
============================================================


============================================================
                 Lowdin orthonormalization
------------------------------------------------------------
 Computing Lowdin matrix                        6.74948e-01
 Rotating orbitals                              1.44139e+00
------------------------------------------------------------
                 Wall time: 2.11643e+00 sec 
============================================================


============================================================
                  Setting up Fock operator
------------------------------------------------------------
 Precision                                      1.00000e-07
------------------------------------------------------------
 Coulomb density                      1032      1.36165e+00
 Coulomb potential                     552      4.96586e+01
 Allreduce potential                   616      4.47739e+00
 XC total density                     1448      2.54282e+00
 XC evaluate xcfun                    7240      2.16442e+01
 XC energy                            1448      1.85627e-04
 XC potential                         1448      7.44060e-01
------------------------------------------------------------
                 Wall time: 8.09173e+01 sec 
============================================================


============================================================
                  Calculating Fock matrix
------------------------------------------------------------
 Kinetic part                         5.390289534000000e+00
 Potential part                       2.146138154700000e+01
------------------------------------------------------------
                 Wall time: 2.68518e+01 sec 
============================================================


============================================================
                          Orbitals
------------------------------------------------------------
 Orb    F(i,i)        Error         nNodes  Spin  Occ  Done 
------------------------------------------------------------
  0  -1.88576e+01   2.04756e-07        680    p    2    1
  1  -9.99978e+00   2.89230e-07          0    p    2    1
  2  -1.07679e+00   2.25856e-06          0    p    2    0
  3  -5.19227e-01   8.18472e-06          0    p    2    0
  4  -4.35893e-01   4.49189e-06        680    p    2    0
  5  -4.35893e-01   1.55785e-06          0    p    2    0
  6  -3.32239e-01   1.90114e-05          0    p    2    0
------------------------------------------------------------
 Total error:                            2.13601e-05    0
============================================================


============================================================
                    Energy                 Update      Done 
------------------------------------------------------------
 Orbital      -6.331491622050987e+01    -3.76053e-05    1
 Kinetic       1.129004460394675e+02    -3.04307e-05    1
 N-E          -3.112540882920393e+02     6.48514e-05    1
 Coulomb       7.635898047801399e+01    -3.90328e-05    1
 Exchange      0.000000000000000e+00     0.00000e+00    1
 X-C          -1.376213408219139e+01     4.63676e-06    1
------------------------------------------------------------
 Electronic   -1.357568083621522e+02    -1.97991e-09    1
 Nuclear       2.251418892591619e+01     0.00000e+00    1
------------------------------------------------------------
 Total        -1.132426194362360e+02    -1.97991e-09    1
============================================================


################ Wall time: 3.79512e+02 sec ################




####################### SCF cycle  8 #######################


============================================================
 Current precision                              1.00000e-07
------------------------------------------------------------
 Orbital threshold                              1.00000e-06
 Property threshold                            -1.00000e+00
============================================================


============================================================
                   Calculating SCF energy
------------------------------------------------------------
 Nuclear energy                       2.251418892591619e+01
 Electronic energy                   -1.357568083630818e+02
------------------------------------------------------------
 Total energy                        -1.132426194371656e+02
------------------------------------------------------------
                 Wall time: 2.13755e+01 sec 
============================================================


============================================================
                Rotating Helmholtz argument
------------------------------------------------------------
 Rotating orbitals                              1.57171e+00
------------------------------------------------------------
                 Wall time: 1.57212e+00 sec 
============================================================


============================================================
                Applying Helmholtz operators
------------------------------------------------------------
 Orb    RealNorm   Nodes     ImagNorm   Nodes     Timing
------------------------------------------------------------
  0    1.00000e+00   776    0.00000e+00     0   7.09005e+01
  4    1.00000e+00   680    0.00000e+00     0   7.52601e+01
------------------------------------------------------------
                 Wall time: 1.46161e+02 sec 
============================================================


============================================================
                 Lowdin orthonormalization
------------------------------------------------------------
 Computing Lowdin matrix                        9.19109e+01
 Rotating orbitals                              1.52607e+00
------------------------------------------------------------
                 Wall time: 9.34371e+01 sec 
============================================================


============================================================
               Iterative subspace accelerator
------------------------------------------------------------
 Push back orbitals                             5.91807e-02
 Setup linear system                            1.60022e+00
 Solve linear system                            8.88900e-06
 Expand solution                                1.61246e+00
------------------------------------------------------------
                 Wall time: 3.27200e+00 sec 
============================================================


============================================================
                 Lowdin orthonormalization
------------------------------------------------------------
 Computing Lowdin matrix                        6.54824e-01
 Rotating orbitals                              1.45015e+00
------------------------------------------------------------
                 Wall time: 2.10507e+00 sec 
============================================================


============================================================
                  Setting up Fock operator
------------------------------------------------------------
 Precision                                      1.00000e-07
------------------------------------------------------------
 Coulomb density                      1032      1.33755e+00
 Coulomb potential                     552      4.96309e+01
 Allreduce potential                   616      6.52625e+00
 XC total density                     1448      2.39003e+00
 XC evaluate xcfun                    7240      2.13728e+01
 XC energy                            1448      1.85903e-04
 XC potential                         1448      7.61817e-01
------------------------------------------------------------
                 Wall time: 8.25299e+01 sec 
============================================================


============================================================
                  Calculating Fock matrix
------------------------------------------------------------
 Kinetic part                         5.698817361000000e+00
 Potential part                       2.125013126800000e+01
------------------------------------------------------------
                 Wall time: 2.69491e+01 sec 
============================================================


============================================================
                          Orbitals
------------------------------------------------------------
 Orb    F(i,i)        Error         nNodes  Spin  Occ  Done 
------------------------------------------------------------
  0  -1.88576e+01   1.83475e-07        680    p    2    1
  1  -9.99978e+00   3.69882e-07          0    p    2    1
  2  -1.07680e+00   1.87942e-06          0    p    2    0
  3  -5.19229e-01   1.35353e-05          0    p    2    0
  4  -4.35896e-01   4.05877e-06        680    p    2    0
  5  -4.35895e-01   1.53526e-06          0    p    2    0
  6  -3.32240e-01   1.13557e-05          0    p    2    0
------------------------------------------------------------
 Total error:                            1.82945e-05    0
============================================================


============================================================
                    Energy                 Update      Done 
------------------------------------------------------------
 Orbital      -6.331487254338327e+01     4.36771e-05    1
 Kinetic       1.129004814799177e+02     3.54405e-05    1
 N-E          -3.112541636674271e+02    -7.53754e-05    1
 Coulomb       7.635902581814364e+01     4.53401e-05    1
 Exchange      0.000000000000000e+00     0.00000e+00    1
 X-C          -1.376213947663051e+01    -5.39444e-06    1
------------------------------------------------------------
 Electronic   -1.357568083630818e+02    -9.29589e-10    1
 Nuclear       2.251418892591619e+01     0.00000e+00    1
------------------------------------------------------------
 Total        -1.132426194371656e+02    -9.29589e-10    1
============================================================


################ Wall time: 3.77919e+02 sec ################




####################### SCF cycle  9 #######################


============================================================
 Current precision                              1.00000e-07
------------------------------------------------------------
 Orbital threshold                              1.00000e-06
 Property threshold                            -1.00000e+00
============================================================


============================================================
                   Calculating SCF energy
------------------------------------------------------------
 Nuclear energy                       2.251418892591619e+01
 Electronic energy                   -1.357568083634117e+02
------------------------------------------------------------
 Total energy                        -1.132426194374956e+02
------------------------------------------------------------
                 Wall time: 2.17438e+01 sec 
============================================================


============================================================
                Rotating Helmholtz argument
------------------------------------------------------------
 Rotating orbitals                              1.56609e+00
------------------------------------------------------------
                 Wall time: 1.56617e+00 sec 
============================================================


============================================================
                Applying Helmholtz operators
------------------------------------------------------------
 Orb    RealNorm   Nodes     ImagNorm   Nodes     Timing
------------------------------------------------------------
  0    1.00000e+00   776    0.00000e+00     0   7.02624e+01
  4    1.00000e+00   680    0.00000e+00     0   7.40622e+01
------------------------------------------------------------
                 Wall time: 1.44325e+02 sec 
============================================================


============================================================
                 Lowdin orthonormalization
------------------------------------------------------------
 Computing Lowdin matrix                        9.94489e+01
 Rotating orbitals                              1.51716e+00
------------------------------------------------------------
                 Wall time: 1.00966e+02 sec 
============================================================


============================================================
               Iterative subspace accelerator
------------------------------------------------------------
 Push back orbitals                             6.57412e-02
 Setup linear system                            1.59102e+00
 Solve linear system                            9.20400e-06
 Expand solution                                1.59559e+00
------------------------------------------------------------
                 Wall time: 3.25250e+00 sec 
============================================================


============================================================
                 Lowdin orthonormalization
------------------------------------------------------------
 Computing Lowdin matrix                        7.20767e-01
 Rotating orbitals                              1.34898e+00
------------------------------------------------------------
                 Wall time: 2.06984e+00 sec 
============================================================


============================================================
                  Setting up Fock operator
------------------------------------------------------------
 Precision                                      1.00000e-07
------------------------------------------------------------
 Coulomb density                      1032      1.31596e+00
 Coulomb potential                     552      5.03867e+01
 Allreduce potential                   616      6.90710e+00
 XC total density                     1448      2.51204e+00
 XC evaluate xcfun                    7240      2.17268e+01
 XC energy                            1448      1.76740e-04
 XC potential                         1448      7.60218e-01
------------------------------------------------------------
                 Wall time: 8.41081e+01 sec 
============================================================


============================================================
                  Calculating Fock matrix
------------------------------------------------------------
 Kinetic part                         5.873589308000000e+00
 Potential part                       2.146990454700000e+01
------------------------------------------------------------
                 Wall time: 2.73436e+01 sec 
============================================================


============================================================
                          Orbitals
------------------------------------------------------------
 Orb    F(i,i)        Error         nNodes  Spin  Occ  Done 
------------------------------------------------------------
  0  -1.88576e+01   1.84517e-07        696    p    2    1
  1  -9.99978e+00   1.48569e-07          0    p    2    1
  2  -1.07679e+00   4.93532e-07          0    p    2    1
  3  -5.19229e-01   5.47356e-06          0    p    2    0
  4  -4.35895e-01   1.45993e-06        680    p    2    0
  5  -4.35894e-01   5.19927e-07          0    p    2    1
  6  -3.32240e-01   4.91478e-06          0    p    2    0
------------------------------------------------------------
 Total error:                            7.53767e-06    0
============================================================


============================================================
                    Energy                 Update      Done 
------------------------------------------------------------
 Orbital      -6.331491004629221e+01    -3.75029e-05    1
 Kinetic       1.129004511343100e+02    -3.03456e-05    1
 N-E          -3.112540990165415e+02     6.46509e-05    1
 Coulomb       7.635898689147237e+01    -3.89267e-05    1
 Exchange      0.000000000000000e+00     0.00000e+00    1
 X-C          -1.376213485574744e+01     4.62088e-06    1
------------------------------------------------------------
 Electronic   -1.357568083634117e+02    -3.29976e-10    1
 Nuclear       2.251418892591619e+01     0.00000e+00    1
------------------------------------------------------------
 Total        -1.132426194374956e+02    -3.29976e-10    1
============================================================


################ Wall time: 3.86259e+02 sec ################




####################### SCF cycle 10 #######################


============================================================
 Current precision                              1.00000e-07
------------------------------------------------------------
 Orbital threshold                              1.00000e-06
 Property threshold                            -1.00000e+00
============================================================


============================================================
                   Calculating SCF energy
------------------------------------------------------------
 Nuclear energy                       2.251418892591619e+01
 Electronic energy                   -1.357568083637210e+02
------------------------------------------------------------
 Total energy                        -1.132426194378048e+02
------------------------------------------------------------
                 Wall time: 2.22078e+01 sec 
============================================================


============================================================
                Rotating Helmholtz argument
------------------------------------------------------------
 Rotating orbitals                              1.60126e+00
------------------------------------------------------------
                 Wall time: 1.60135e+00 sec 
============================================================


============================================================
                Applying Helmholtz operators
------------------------------------------------------------
 Orb    RealNorm   Nodes     ImagNorm   Nodes     Timing
------------------------------------------------------------
  0    1.00000e+00   776    0.00000e+00     0   7.14851e+01
  4    1.00000e+00   680    0.00000e+00     0   7.56728e+01
------------------------------------------------------------
                 Wall time: 1.47158e+02 sec 
============================================================


============================================================
                 Lowdin orthonormalization
------------------------------------------------------------
 Computing Lowdin matrix                        9.08984e+01
 Rotating orbitals                              1.47948e+00
------------------------------------------------------------
                 Wall time: 9.23780e+01 sec 
============================================================


============================================================
               Iterative subspace accelerator
------------------------------------------------------------
 Push back orbitals                             4.62059e-02
 Setup linear system                            1.64635e+00
 Solve linear system                            8.74900e-06
 Expand solution                                1.72057e+00
------------------------------------------------------------
                 Wall time: 3.41327e+00 sec 
============================================================


============================================================
                 Lowdin orthonormalization
------------------------------------------------------------
 Computing Lowdin matrix                        7.04198e-01
 Rotating orbitals                              1.45779e+00
------------------------------------------------------------
                 Wall time: 2.16208e+00 sec 
============================================================


============================================================
                  Setting up Fock operator
------------------------------------------------------------
 Precision                                      1.00000e-07
------------------------------------------------------------
 Coulomb density                      1032      1.37241e+00
 Coulomb potential                     552      5.12555e+01
 Allreduce potential                   616      3.25009e+00
 XC total density                     1448      2.41736e+00
 XC evaluate xcfun                    7240      2.12659e+01
 XC energy                            1448      1.78418e-04
 XC potential                         1448      7.49221e-01
------------------------------------------------------------
                 Wall time: 8.08080e+01 sec 
============================================================


============================================================
                  Calculating Fock matrix
------------------------------------------------------------
 Kinetic part                         5.823826216000000e+00
 Potential part                       2.171610035700000e+01
------------------------------------------------------------
                 Wall time: 2.75401e+01 sec 
============================================================


============================================================
                          Orbitals
------------------------------------------------------------
 Orb    F(i,i)        Error         nNodes  Spin  Occ  Done 
------------------------------------------------------------
  0  -1.88576e+01   5.07092e-08        696    p    2    1
  1  -9.99978e+00   5.26050e-08          0    p    2    1
  2  -1.07679e+00   3.59194e-07          0    p    2    1
  3  -5.19229e-01   6.49153e-07          0    p    2    1
  4  -4.35895e-01   6.57282e-07        680    p    2    1
  5  -4.35895e-01   1.03522e-07          0    p    2    1
  6  -3.32240e-01   2.17302e-06          0    p    2    0
------------------------------------------------------------
 Total error:                            2.39176e-06    0
============================================================


============================================================
                    Energy                 Update      Done 
------------------------------------------------------------
 Orbital      -6.331490037505036e+01     9.67124e-06    1
 Kinetic       1.129004589475311e+02     7.81322e-06    1
 N-E          -3.112541156872857e+02    -1.66707e-05    1
 Coulomb       7.635899693026957e+01     1.00388e-05    1
 Exchange      0.000000000000000e+00     0.00000e+00    1
 X-C          -1.376213604612104e+01    -1.19037e-06    1
------------------------------------------------------------
 Electronic   -1.357568083637210e+02    -3.09285e-10    1
 Nuclear       2.251418892591619e+01     0.00000e+00    1
------------------------------------------------------------
 Total        -1.132426194378048e+02    -3.09285e-10    1
============================================================


################ Wall time: 3.77948e+02 sec ################




####################### SCF cycle 11 #######################


============================================================
 Current precision                              1.00000e-07
------------------------------------------------------------
 Orbital threshold                              1.00000e-06
 Property threshold                            -1.00000e+00
============================================================


============================================================
                   Calculating SCF energy
------------------------------------------------------------
 Nuclear energy                       2.251418892591619e+01
 Electronic energy                   -1.357568083637555e+02
------------------------------------------------------------
 Total energy                        -1.132426194378393e+02
------------------------------------------------------------
                 Wall time: 2.23168e+01 sec 
============================================================


============================================================
                Rotating Helmholtz argument
------------------------------------------------------------
 Rotating orbitals                              1.57580e+00
------------------------------------------------------------
                 Wall time: 1.57589e+00 sec 
============================================================


============================================================
                Applying Helmholtz operators
------------------------------------------------------------
 Orb    RealNorm   Nodes     ImagNorm   Nodes     Timing
------------------------------------------------------------
  0    1.00000e+00   776    0.00000e+00     0   7.23572e+01
  4    1.00000e+00   680    0.00000e+00     0   7.61869e+01
------------------------------------------------------------
                 Wall time: 1.48545e+02 sec 
============================================================


============================================================
                 Lowdin orthonormalization
------------------------------------------------------------
 Computing Lowdin matrix                        9.69324e+01
 Rotating orbitals                              1.46157e+00
------------------------------------------------------------
                 Wall time: 9.83940e+01 sec 
============================================================


============================================================
               Iterative subspace accelerator
------------------------------------------------------------
 Push back orbitals                             2.77276e-02
 Setup linear system                            1.60758e+00
 Solve linear system                            8.87700e-06
 Expand solution                                1.70287e+00
------------------------------------------------------------
                 Wall time: 3.33833e+00 sec 
============================================================


============================================================
                 Lowdin orthonormalization
------------------------------------------------------------
 Computing Lowdin matrix                        6.88791e-01
 Rotating orbitals                              1.30939e+00
------------------------------------------------------------
                 Wall time: 1.99827e+00 sec 
============================================================


============================================================
                  Setting up Fock operator
------------------------------------------------------------
 Precision                                      1.00000e-07
------------------------------------------------------------
 Coulomb density                      1032      1.38402e+00
 Coulomb potential                     552      5.12509e+01
 Allreduce potential                   616      6.44194e+00
 XC total density                     1448      2.48450e+00
 XC evaluate xcfun                    7240      2.15024e+01
 XC energy                            1448      1.64801e-04
 XC potential                         1448      7.55336e-01
------------------------------------------------------------
                 Wall time: 8.43279e+01 sec 
============================================================


============================================================
                  Calculating Fock matrix
------------------------------------------------------------
 Kinetic part                         5.563337544000000e+00
 Potential part                       2.143848450300000e+01
------------------------------------------------------------
                 Wall time: 2.70020e+01 sec 
============================================================


============================================================
                          Orbitals
------------------------------------------------------------
 Orb    F(i,i)        Error         nNodes  Spin  Occ  Done 
------------------------------------------------------------
  0  -1.88576e+01   2.47922e-08        696    p    2    1
  1  -9.99978e+00   5.36889e-08          0    p    2    1
  2  -1.07679e+00   1.95029e-07          0    p    2    1
  3  -5.19229e-01   2.20699e-07          0    p    2    1
  4  -4.35895e-01   4.46134e-07        680    p    2    1
  5  -4.35894e-01   6.79809e-08          0    p    2    1
  6  -3.32240e-01   5.95688e-07          0    p    2    1
------------------------------------------------------------
 Total error:                            8.05446e-07    1
============================================================


============================================================
                    Energy                 Update      Done 
------------------------------------------------------------
 Orbital      -6.331490191745327e+01    -1.54240e-06    1
 Kinetic       1.129004576913433e+02    -1.25619e-06    1
 N-E          -3.112541130229361e+02     2.66435e-06    1
 Coulomb       7.635899532907436e+01    -1.60120e-06    1
 Exchange      0.000000000000000e+00     0.00000e+00    1
 X-C          -1.376213585522288e+01     1.90898e-07    1
------------------------------------------------------------
 Electronic   -1.357568083637555e+02    -3.44187e-11    1
 Nuclear       2.251418892591619e+01     0.00000e+00    1
------------------------------------------------------------
 Total        -1.132426194378393e+02    -3.44187e-11    1
============================================================


################ Wall time: 3.88061e+02 sec ################


============================================================
                      Convergence rate
------------------------------------------------------------
Iter    OrbError       Property                   Update  
------------------------------------------------------------
  1    1.79949e-03    -1.132426131820237e+02   -1.13243e+02
  2    2.99309e-04    -1.132426189563596e+02   -5.77434e-06
  3    1.55933e-04    -1.132426191968391e+02   -2.40479e-07
  4    2.20125e-04    -1.132426193016697e+02   -1.04831e-07
  5    1.11140e-04    -1.132426194112402e+02   -1.09570e-07
  6    2.63125e-05    -1.132426194342561e+02   -2.30159e-08
  7    2.13601e-05    -1.132426194362360e+02   -1.97991e-09
  8    1.82945e-05    -1.132426194371656e+02   -9.29589e-10
  9    7.53767e-06    -1.132426194374956e+02   -3.29976e-10
 10    2.39176e-06    -1.132426194378048e+02   -3.09285e-10
 11    8.05446e-07    -1.132426194378393e+02   -3.44187e-11
------------------------------------------------------------
                      SCF converged!!!                      
============================================================


============================================================
                  Digonalizing Fock matrix
------------------------------------------------------------
 Computing Lowdin matrix                        3.28671e-01
 Diagonalizing matrix                           1.25200e-05
 Rotating orbitals                              1.73875e+00
------------------------------------------------------------
                 Wall time: 2.06753e+00 sec 
============================================================


============================================================
                  Setting up Fock operator
------------------------------------------------------------
 Precision                                      1.00000e-07
------------------------------------------------------------
 Coulomb density                      1096      1.49082e+00
 Coulomb potential                     552      4.68455e+01
 Allreduce potential                   616      1.85411e+00
 XC total density                     1512      2.35963e+00
 XC evaluate xcfun                    7560      2.24350e+01
 XC energy                            1512      1.63326e-04
 XC potential                         1512      6.46507e-01
------------------------------------------------------------
                 Wall time: 7.61255e+01 sec 
============================================================


============================================================
                   Calculating SCF energy
------------------------------------------------------------
------------------------------------------------------------
                 Wall time: 2.24654e+01 sec 
============================================================


============================================================
                 Calculating dipole moment
------------------------------------------------------------
------------------------------------------------------------
                 Wall time: 8.62535e+00 sec 
============================================================


============================================================
                        Fock matrix
------------------------------------------------------------
-1.88576e+01  0.00000e+00  0.00000e+00  0.00000e+00  0.00000e+00  0.00000e+00  0.00000e+00
 0.00000e+00 -9.99978e+00  0.00000e+00  0.00000e+00  0.00000e+00  0.00000e+00  0.00000e+00
 0.00000e+00  0.00000e+00 -1.07679e+00  0.00000e+00  0.00000e+00  0.00000e+00  0.00000e+00
 0.00000e+00  0.00000e+00  0.00000e+00 -5.19229e-01  0.00000e+00  0.00000e+00  0.00000e+00
 0.00000e+00  0.00000e+00  0.00000e+00  0.00000e+00 -4.35895e-01  0.00000e+00  0.00000e+00
 0.00000e+00  0.00000e+00  0.00000e+00  0.00000e+00  0.00000e+00 -4.35894e-01  0.00000e+00
 0.00000e+00  0.00000e+00  0.00000e+00  0.00000e+00  0.00000e+00  0.00000e+00 -3.32240e-01
============================================================


============================================================
                      Orbital energies
------------------------------------------------------------
    n  spin  occ                            epsilon  
------------------------------------------------------------
    0    p    2                      -1.885761605108400e+01
    1    p    2                      -9.999781425426375e+00
    2    p    2                      -1.076794507710156e+00
    3    p    2                      -5.192287276790011e-01
    4    p    2                      -4.358949955344523e-01
    5    p    2                      -4.358944773760000e-01
    6    p    2                      -3.322399645304732e-01
============================================================


============================================================
                          Molecule
------------------------------------------------------------
 Nr  Element             x             y             z      
------------------------------------------------------------
  1     C           0.00000e+00   0.00000e+00   0.00000e+00
  2     O           0.00000e+00   0.00000e+00   2.13199e+00
------------------------------------------------------------
 Center of mass:    0.00000e+00   0.00000e+00   1.21778e+00
============================================================


                                                            
============================================================
                         SCF Energy                         
------------------------------------------------------------
                                                            
 Sum orbital energy:                 -6.331490029868091e+01
 Kinetic energy:                      1.129004590629879e+02
 E-N energy:                         -3.112541158180481e+02
 Coulomb energy:                      7.635899700915402e+01
 Exchange energy:                     0.000000000000000e+00
 X-C energy:                         -1.376213605430644e+01
 El. external field energy:          -1.250613089595478e-05
 Nuc. external field energy:          9.063847125644932e-15
                                                            
------------------------------------------------------------
                                                            
 Electronic energy:                  -1.357568083063435e+02
 Nuclear energy:                      2.251418892591619e+01
                                                            
------------------------------------------------------------
                                                            
 Total energy       (au)             -1.132426193804274e+02
                    (kJ/mol)         -2.973184541511167e+05
                    (kcal/mol)       -7.106081595558107e+04
                    (eV)             -3.081488520031401e+03
                                                            
============================================================
                                                            

                                                            
============================================================
                         Dipole moment                      
------------------------------------------------------------
                                                            
 Length of vector:   (au)                  8.8966539222e-02
                     (Debye)               2.2613036576e-01
                                                            
-------------------------- Total ---------------------------
                                                            
 [ 1.2506130887e-02, -6.8427994216e-11,  8.8083152711e-02] 
                                                            
------------------------- Nuclear --------------------------
                                                            
 [-9.0638471256e-12, -9.2477651920e-12,  6.9720596373e-03] 
                                                            
------------------------ Electronic ------------------------
                                                            
 [ 1.2506130896e-02, -5.9180229024e-11,  8.1111093073e-02] 
                                                            
============================================================
                                                            



************************************************************
***                                                      ***
***                    Exiting MRChem                    ***
***                                                      ***
***               Wall time: 4.222900e+03                ***
***                                                      ***
************************************************************


