


************************************************************
***     __  __ ____   ____ _                             ***
***    |  \/  |  _ \ / ___| |__   ___ _ __ ___           ***
***    | |\/| | |_) | |   | '_ \ / _ \ '_ ` _ \          ***
***    | |  | |  _ <| |___| | | |  __/ | | | | |         ***
***    |_|  |_|_| \_\\____|_| |_|\___|_| |_| |_|         ***
***                                                      ***
***    VERSION 0.0.1 (rev. 1c6f79f)                     ***
***                                                      ***
***    Stig Rune Jensen <stig.r.jensen@uit.no>           ***
***    Luca Frediani    <luca.frediani@uit.no>           ***
***    Peter Wind       <peter.wind@uit.no>              ***
***                                                      ***
************************************************************


+++ Parallel execution: 
  MPI hosts available     : 4
  Threads/host            : 2
  Total used CPUs         : 8


------------------------------------------------------------

 MRCPP version   : X.Y.Z
 Git revision    : bbc2aed

 Linear algebra  : EIGEN
 Parallelization : MPI/OpenMP

------------------------------------------------------------




============================================================
                  MultiResolution Analysis                  
------------------------------------------------------------
 polynomial order = 11
 polynomial type  = Interpolating
------------------------------------------------------------
 total boxes      = 8
 boxes            = [           2           2           2 ]
 unit lengths     = [    32.00000    32.00000    32.00000 ]
 scaling factor   = [     1.00000     1.00000     1.00000 ]
 lower bounds     = [   -32.00000   -32.00000   -32.00000 ]
 upper bounds     = [    32.00000    32.00000    32.00000 ]
 total length     = [    64.00000    64.00000    64.00000 ]
============================================================


============================================================
                          Molecule
------------------------------------------------------------
 Nr  Element             x             y             z      
------------------------------------------------------------
  1     C           0.00000e+00   0.00000e+00   0.00000e+00
  2     S           0.00000e+00   0.00000e+00   2.90054e+00
------------------------------------------------------------
 Center of mass:    0.00000e+00   0.00000e+00   2.11014e+00
============================================================


============================================================
                Setting up nuclear potential
------------------------------------------------------------
 Nr  Element         Charge        Precision     Smoothing 
------------------------------------------------------------
  1     C           6.00000e+00   1.00000e-07   3.82453e-05
  2     S           1.60000e+01   1.00000e-07   7.45813e-06
------------------------------------------------------------
 Nuclear potential                    1288      1.22943e+00
 Allreduce potential                  2472      1.12414e+00
------------------------------------------------------------
                 Wall time: 2.35370e+00 sec 
============================================================


============================================================
 OrbitalVector:  11 orbitals    11 occupied    22 electrons
------------------------------------------------------------
   n  RankID           Norm          Spin Occ      Error    
------------------------------------------------------------
   0     0       1.000000000000e+00    p   2    1.00000e+00
   1     1      -1.000000000000e+00    p   2    1.00000e+00
   2     2      -1.000000000000e+00    p   2    1.00000e+00
   3     3      -1.000000000000e+00    p   2    1.00000e+00
   4     0       1.000000000000e+00    p   2    1.00000e+00
   5     1      -1.000000000000e+00    p   2    1.00000e+00
   6     2      -1.000000000000e+00    p   2    1.00000e+00
   7     3      -1.000000000000e+00    p   2    1.00000e+00
   8     0       1.000000000000e+00    p   2    1.00000e+00
   9     1      -1.000000000000e+00    p   2    1.00000e+00
  10     2      -1.000000000000e+00    p   2    1.00000e+00
============================================================


============================================================
                  Setting up Fock operator
------------------------------------------------------------
 Precision                                      1.00000e-07
------------------------------------------------------------
 Coulomb density                      1128      2.29972e+00
 Coulomb potential                     616      5.92272e+01
 Allreduce potential                   744      1.01304e+01
 XC total density                     1512      3.67011e+00
 XC evaluate xcfun                    3024      8.17353e+00
 XC energy                            1512      1.66119e-04
 XC potential                         1512      9.77691e-02
------------------------------------------------------------
                 Wall time: 8.36298e+01 sec 
============================================================


============================================================
                  Calculating Fock matrix
------------------------------------------------------------
 Kinetic part                         1.180443444000000e+01
 Potential part                       2.854472565900000e+01
------------------------------------------------------------
                 Wall time: 4.03493e+01 sec 
============================================================




####################### SCF cycle  1 #######################


============================================================
 Current precision                              1.00000e-07
------------------------------------------------------------
 Orbital threshold                              1.00000e-06
 Property threshold                            -1.00000e+00
============================================================


============================================================
                  Digonalizing Fock matrix
------------------------------------------------------------
 Computing Lowdin matrix                        7.19165e-01
 Diagonalizing matrix                           2.71780e-05
 Rotating orbitals                              2.49308e+00
------------------------------------------------------------
                 Wall time: 3.21236e+00 sec 
============================================================


============================================================
                   Calculating SCF energy
------------------------------------------------------------
 Nuclear energy                       3.309728053486368e+01
 Electronic energy                   -4.676345047710502e+02
------------------------------------------------------------
 Total energy                        -4.345372242361865e+02
------------------------------------------------------------
                 Wall time: 2.45365e+01 sec 
============================================================


============================================================
                Rotating Helmholtz argument
------------------------------------------------------------
 Rotating orbitals                              7.39547e-01
------------------------------------------------------------
                 Wall time: 7.39635e-01 sec 
============================================================


============================================================
                Applying Helmholtz operators
------------------------------------------------------------
 Orb    RealNorm   Nodes     ImagNorm   Nodes     Timing
------------------------------------------------------------
  0    1.00000e+00   808    0.00000e+00     0   6.48469e+01
  4    1.00000e+00   584    0.00000e+00     0   5.44963e+01
  8    1.00000e+00   744    0.00000e+00     0   8.39343e+01
------------------------------------------------------------
                 Wall time: 2.03288e+02 sec 
============================================================


============================================================
                 Lowdin orthonormalization
------------------------------------------------------------
 Computing Lowdin matrix                        1.25618e+02
 Rotating orbitals                              2.70258e+00
------------------------------------------------------------
                 Wall time: 1.28320e+02 sec 
============================================================


============================================================
               Iterative subspace accelerator
------------------------------------------------------------
 Push back orbitals                             3.56190e-05
 Copy orbitals                                  9.54455e-02
 Copy orbital updates                           9.62518e-02
------------------------------------------------------------
                 Wall time: 1.91856e-01 sec 
============================================================


============================================================
                 Lowdin orthonormalization
------------------------------------------------------------
 Computing Lowdin matrix                        6.12215e-01
 Rotating orbitals                              1.60268e+00
------------------------------------------------------------
                 Wall time: 2.21498e+00 sec 
============================================================


============================================================
                  Setting up Fock operator
------------------------------------------------------------
 Precision                                      1.00000e-07
------------------------------------------------------------
 Coulomb density                      1128      2.05943e+00
 Coulomb potential                     616      6.04459e+01
 Allreduce potential                   744      1.00070e+01
 XC total density                     1512      3.53173e+00
 XC evaluate xcfun                    3024      8.30022e+00
 XC energy                            1512      1.61758e-04
 XC potential                         1512      7.51588e-02
------------------------------------------------------------
                 Wall time: 8.44425e+01 sec 
============================================================


============================================================
                  Calculating Fock matrix
------------------------------------------------------------
 Kinetic part                         9.585310614000001e+00
 Potential part                       2.595565432400000e+01
------------------------------------------------------------
                 Wall time: 3.55411e+01 sec 
============================================================


============================================================
                          Orbitals
------------------------------------------------------------
 Orb    F(i,i)        Error         nNodes  Spin  Occ  Done 
------------------------------------------------------------
  0  -8.77781e+01   7.19653e-07        648    p    2    1
  1  -9.88713e+00   1.13071e-05          0    p    2    0
  2  -7.69723e+00   8.18260e-06          0    p    2    0
  3  -5.74812e+00   1.61787e-05          0    p    2    0
  4  -5.74812e+00   3.37976e-05        576    p    2    0
  5  -5.74637e+00   1.87891e-05          0    p    2    0
  6  -7.69552e-01   2.31920e-04          0    p    2    0
  7  -4.81108e-01   9.79170e-04          0    p    2    0
  8  -3.34359e-01   1.18474e-03        744    p    2    0
  9  -3.34361e-01   1.89137e-03          0    p    2    0
 10  -2.73410e-01   1.40754e-03          0    p    2    0
------------------------------------------------------------
 Total error:                            2.82428e-03    0
============================================================


============================================================
                    Energy                 Update      Done 
------------------------------------------------------------
 Orbital      -2.495956757710334e+02    -2.49596e+02    1
 Kinetic       4.334371868028092e+02     4.33437e+02    1
 N-E          -1.099291934840390e+03    -1.09929e+03    1
 Coulomb       2.274029097592039e+02     2.27403e+02    1
 Exchange      0.000000000000000e+00     0.00000e+00    1
 X-C          -2.918266649246450e+01    -2.91827e+01    1
------------------------------------------------------------
 Electronic   -4.676345047710502e+02    -4.67635e+02    1
 Nuclear       3.309728053486368e+01     3.30973e+01    1
------------------------------------------------------------
 Total        -4.345372242361865e+02    -4.34537e+02    1
============================================================


################ Wall time: 4.82809e+02 sec ################




####################### SCF cycle  2 #######################


============================================================
 Current precision                              1.00000e-07
------------------------------------------------------------
 Orbital threshold                              1.00000e-06
 Property threshold                            -1.00000e+00
============================================================


============================================================
                  Digonalizing Fock matrix
------------------------------------------------------------
 Computing Lowdin matrix                        5.35397e-01
 Diagonalizing matrix                           2.44440e-05
 Rotating orbitals                              2.81247e+00
------------------------------------------------------------
                 Wall time: 3.34799e+00 sec 
============================================================


============================================================
                   Calculating SCF energy
------------------------------------------------------------
 Nuclear energy                       3.309728053486368e+01
 Electronic energy                   -4.676345164571779e+02
------------------------------------------------------------
 Total energy                        -4.345372359223143e+02
------------------------------------------------------------
                 Wall time: 2.42602e+01 sec 
============================================================


============================================================
                Rotating Helmholtz argument
------------------------------------------------------------
 Rotating orbitals                              7.44223e-01
------------------------------------------------------------
                 Wall time: 7.44306e-01 sec 
============================================================


============================================================
                Applying Helmholtz operators
------------------------------------------------------------
 Orb    RealNorm   Nodes     ImagNorm   Nodes     Timing
------------------------------------------------------------
  0    1.00000e+00   808    0.00000e+00     0   6.50687e+01
  4    1.00000e+00   584    0.00000e+00     0   5.50681e+01
  8    1.00000e+00   744    0.00000e+00     0   8.50752e+01
------------------------------------------------------------
                 Wall time: 2.05215e+02 sec 
============================================================


============================================================
                 Lowdin orthonormalization
------------------------------------------------------------
 Computing Lowdin matrix                        1.22317e+02
 Rotating orbitals                              2.62292e+00
------------------------------------------------------------
                 Wall time: 1.24940e+02 sec 
============================================================


============================================================
               Iterative subspace accelerator
------------------------------------------------------------
 Push back orbitals                             3.59440e-05
 Copy orbitals                                  9.45779e-02
 Copy orbital updates                           9.45525e-02
------------------------------------------------------------
                 Wall time: 1.89285e-01 sec 
============================================================


============================================================
                 Lowdin orthonormalization
------------------------------------------------------------
 Computing Lowdin matrix                        6.16765e-01
 Rotating orbitals                              1.56660e+00
------------------------------------------------------------
                 Wall time: 2.18345e+00 sec 
============================================================


============================================================
                  Setting up Fock operator
------------------------------------------------------------
 Precision                                      1.00000e-07
------------------------------------------------------------
 Coulomb density                      1128      2.00960e+00
 Coulomb potential                     616      6.06544e+01
 Allreduce potential                   744      1.01914e+01
 XC total density                     1512      3.46051e+00
 XC evaluate xcfun                    3024      8.20360e+00
 XC energy                            1512      1.58602e-04
 XC potential                         1512      7.62847e-02
------------------------------------------------------------
                 Wall time: 8.46193e+01 sec 
============================================================


============================================================
                  Calculating Fock matrix
------------------------------------------------------------
 Kinetic part                         9.575022948000001e+00
 Potential part                       2.578922570600000e+01
------------------------------------------------------------
                 Wall time: 3.53644e+01 sec 
============================================================


============================================================
                          Orbitals
------------------------------------------------------------
 Orb    F(i,i)        Error         nNodes  Spin  Occ  Done 
------------------------------------------------------------
  0  -8.77781e+01   2.75982e-07        648    p    2    1
  1  -9.88713e+00   6.76456e-06          0    p    2    0
  2  -7.69723e+00   4.87146e-06          0    p    2    0
  3  -5.74813e+00   1.48611e-05          0    p    2    0
  4  -5.74813e+00   8.05286e-06        552    p    2    0
  5  -5.74638e+00   9.18596e-06          0    p    2    0
  6  -7.69557e-01   1.45806e-04          0    p    2    0
  7  -4.81111e-01   9.87528e-05          0    p    2    0
  8  -3.34364e-01   3.10555e-04        744    p    2    0
  9  -3.34362e-01   9.84748e-05          0    p    2    0
 10  -2.73413e-01   1.78334e-04          0    p    2    0
------------------------------------------------------------
 Total error:                            4.11578e-04    0
============================================================


============================================================
                    Energy                 Update      Done 
------------------------------------------------------------
 Orbital      -2.495957296947947e+02    -5.39238e-05    1
 Kinetic       4.334371766784359e+02    -1.01244e-05    1
 N-E          -1.099291874401633e+03     6.04388e-05    1
 Coulomb       2.274028667727460e+02    -4.29865e-05    1
 Exchange      0.000000000000000e+00     0.00000e+00    1
 X-C          -2.918266413462491e+01     2.35784e-06    1
------------------------------------------------------------
 Electronic   -4.676345164571779e+02    -1.16861e-05    1
 Nuclear       3.309728053486368e+01     0.00000e+00    1
------------------------------------------------------------
 Total        -4.345372359223143e+02    -1.16861e-05    1
============================================================


################ Wall time: 4.81200e+02 sec ################




####################### SCF cycle  3 #######################


============================================================
 Current precision                              1.00000e-07
------------------------------------------------------------
 Orbital threshold                              1.00000e-06
 Property threshold                            -1.00000e+00
============================================================


============================================================
                   Calculating SCF energy
------------------------------------------------------------
 Nuclear energy                       3.309728053486368e+01
 Electronic energy                   -4.676345168580976e+02
------------------------------------------------------------
 Total energy                        -4.345372363232340e+02
------------------------------------------------------------
                 Wall time: 2.63759e+01 sec 
============================================================


============================================================
                Rotating Helmholtz argument
------------------------------------------------------------
 Rotating orbitals                              2.97632e+00
------------------------------------------------------------
                 Wall time: 2.97642e+00 sec 
============================================================


============================================================
                Applying Helmholtz operators
------------------------------------------------------------
 Orb    RealNorm   Nodes     ImagNorm   Nodes     Timing
------------------------------------------------------------
  0    1.00000e+00   808    0.00000e+00     0   6.69008e+01
  4    1.00000e+00   584    0.00000e+00     0   5.66320e+01
  8    1.00000e+00   744    0.00000e+00     0   8.52251e+01
------------------------------------------------------------
                 Wall time: 2.08758e+02 sec 
============================================================


============================================================
                 Lowdin orthonormalization
------------------------------------------------------------
 Computing Lowdin matrix                        1.24284e+02
 Rotating orbitals                              2.74079e+00
------------------------------------------------------------
                 Wall time: 1.27025e+02 sec 
============================================================


============================================================
               Iterative subspace accelerator
------------------------------------------------------------
 Push back orbitals                             3.35360e-05
 Setup linear system                            4.01488e-01
 Solve linear system                            1.21610e-05
 Expand solution                                9.85232e-01
------------------------------------------------------------
                 Wall time: 1.38690e+00 sec 
============================================================


============================================================
                 Lowdin orthonormalization
------------------------------------------------------------
 Computing Lowdin matrix                        1.26891e+00
 Rotating orbitals                              2.29081e+00
------------------------------------------------------------
                 Wall time: 3.55981e+00 sec 
============================================================


============================================================
                  Setting up Fock operator
------------------------------------------------------------
 Precision                                      1.00000e-07
------------------------------------------------------------
 Coulomb density                      1128      2.04996e+00
 Coulomb potential                     616      6.19638e+01
 Allreduce potential                   744      1.04767e+01
 XC total density                     1512      3.37522e+00
 XC evaluate xcfun                    3024      8.31188e+00
 XC energy                            1512      1.61206e-04
 XC potential                         1512      7.48933e-02
------------------------------------------------------------
                 Wall time: 8.62757e+01 sec 
============================================================


============================================================
                  Calculating Fock matrix
------------------------------------------------------------
 Kinetic part                         8.952075876000000e+00
 Potential part                       2.636321648000000e+01
------------------------------------------------------------
                 Wall time: 3.53154e+01 sec 
============================================================


============================================================
                          Orbitals
------------------------------------------------------------
 Orb    F(i,i)        Error         nNodes  Spin  Occ  Done 
------------------------------------------------------------
  0  -8.77781e+01   2.11755e-07        648    p    2    1
  1  -9.88713e+00   3.08828e-06          0    p    2    0
  2  -7.69723e+00   2.53324e-06          0    p    2    0
  3  -5.74813e+00   1.31068e-05          0    p    2    0
  4  -5.74813e+00   3.92045e-06        552    p    2    0
  5  -5.74638e+00   5.48057e-06          0    p    2    0
  6  -7.69557e-01   5.27354e-05          0    p    2    0
  7  -4.81111e-01   7.08198e-05          0    p    2    0
  8  -3.34364e-01   1.30224e-04        744    p    2    0
  9  -3.34362e-01   3.47303e-05          0    p    2    0
 10  -2.73413e-01   9.46570e-05          0    p    2    0
------------------------------------------------------------
 Total error:                            1.87494e-04    0
============================================================


============================================================
                    Energy                 Update      Done 
------------------------------------------------------------
 Orbital      -2.495958278189910e+02    -9.81242e-05    1
 Kinetic       4.334371434397644e+02    -3.32387e-05    1
 N-E          -1.099291747028445e+03     1.27373e-04    1
 Coulomb       2.274027666742724e+02    -1.00098e-04    1
 Exchange      0.000000000000000e+00     0.00000e+00    1
 X-C          -2.918265657727048e+01     7.55735e-06    1
------------------------------------------------------------
 Electronic   -4.676345168580976e+02    -4.00920e-07    1
 Nuclear       3.309728053486368e+01     0.00000e+00    1
------------------------------------------------------------
 Total        -4.345372363232340e+02    -4.00920e-07    1
============================================================


################ Wall time: 4.92558e+02 sec ################




####################### SCF cycle  4 #######################


============================================================
 Current precision                              1.00000e-07
------------------------------------------------------------
 Orbital threshold                              1.00000e-06
 Property threshold                            -1.00000e+00
============================================================


============================================================
                   Calculating SCF energy
------------------------------------------------------------
 Nuclear energy                       3.309728053486368e+01
 Electronic energy                   -4.676345169781197e+02
------------------------------------------------------------
 Total energy                        -4.345372364432560e+02
------------------------------------------------------------
                 Wall time: 2.72106e+01 sec 
============================================================


============================================================
                Rotating Helmholtz argument
------------------------------------------------------------
 Rotating orbitals                              2.75869e+00
------------------------------------------------------------
                 Wall time: 2.75879e+00 sec 
============================================================


============================================================
                Applying Helmholtz operators
------------------------------------------------------------
 Orb    RealNorm   Nodes     ImagNorm   Nodes     Timing
------------------------------------------------------------
  0    1.00000e+00   808    0.00000e+00     0   6.69610e+01
  4    1.00000e+00   584    0.00000e+00     0   5.80722e+01
  8    1.00000e+00   744    0.00000e+00     0   8.77006e+01
------------------------------------------------------------
                 Wall time: 2.12741e+02 sec 
============================================================


============================================================
                 Lowdin orthonormalization
------------------------------------------------------------
 Computing Lowdin matrix                        1.37743e+02
 Rotating orbitals                              2.67768e+00
------------------------------------------------------------
                 Wall time: 1.40421e+02 sec 
============================================================


============================================================
               Iterative subspace accelerator
------------------------------------------------------------
 Push back orbitals                             2.41495e-02
 Setup linear system                            1.24890e+00
 Solve linear system                            1.56460e-05
 Expand solution                                1.69519e+00
------------------------------------------------------------
                 Wall time: 2.96841e+00 sec 
============================================================


============================================================
                 Lowdin orthonormalization
------------------------------------------------------------
 Computing Lowdin matrix                        1.43092e+00
 Rotating orbitals                              2.64647e+00
------------------------------------------------------------
                 Wall time: 4.07748e+00 sec 
============================================================


============================================================
                  Setting up Fock operator
------------------------------------------------------------
 Precision                                      1.00000e-07
------------------------------------------------------------
 Coulomb density                      1128      2.06606e+00
 Coulomb potential                     616      6.07770e+01
 Allreduce potential                   744      1.29273e+01
 XC total density                     1512      3.68432e+00
 XC evaluate xcfun                    3024      8.16797e+00
 XC energy                            1512      1.65753e-04
 XC potential                         1512      7.21746e-02
------------------------------------------------------------
                 Wall time: 8.77188e+01 sec 
============================================================


============================================================
                  Calculating Fock matrix
------------------------------------------------------------
 Kinetic part                         9.626351379000001e+00
 Potential part                       2.691596353400000e+01
------------------------------------------------------------
                 Wall time: 3.65424e+01 sec 
============================================================


============================================================
                          Orbitals
------------------------------------------------------------
 Orb    F(i,i)        Error         nNodes  Spin  Occ  Done 
------------------------------------------------------------
  0  -8.77781e+01   3.04534e-07        648    p    2    1
  1  -9.88713e+00   2.06929e-06          0    p    2    0
  2  -7.69723e+00   1.59204e-06          0    p    2    0
  3  -5.74813e+00   2.08662e-05          0    p    2    0
  4  -5.74813e+00   2.56370e-06        552    p    2    0
  5  -5.74638e+00   5.72368e-06          0    p    2    0
  6  -7.69558e-01   2.16837e-05          0    p    2    0
  7  -4.81112e-01   9.92046e-05          0    p    2    0
  8  -3.34364e-01   6.85413e-05        744    p    2    0
  9  -3.34363e-01   3.68233e-05          0    p    2    0
 10  -2.73414e-01   1.35721e-04          0    p    2    0
------------------------------------------------------------
 Total error:                            1.87796e-04    0
============================================================


============================================================
                    Energy                 Update      Done 
------------------------------------------------------------
 Orbital      -2.495958192375660e+02     8.58142e-06    1
 Kinetic       4.334371619718653e+02     1.85321e-05    1
 N-E          -1.099291772847025e+03    -2.58186e-05    1
 Coulomb       2.274027757319459e+02     9.05767e-06    1
 Exchange      0.000000000000000e+00     0.00000e+00    1
 X-C          -2.918265765154025e+01    -1.07427e-06    1
------------------------------------------------------------
 Electronic   -4.676345169781197e+02    -1.20022e-07    1
 Nuclear       3.309728053486368e+01     0.00000e+00    1
------------------------------------------------------------
 Total        -4.345372364432560e+02    -1.20022e-07    1
============================================================


################ Wall time: 5.15858e+02 sec ################




####################### SCF cycle  5 #######################


============================================================
 Current precision                              1.00000e-07
------------------------------------------------------------
 Orbital threshold                              1.00000e-06
 Property threshold                            -1.00000e+00
============================================================


============================================================
                   Calculating SCF energy
------------------------------------------------------------
 Nuclear energy                       3.309728053486368e+01
 Electronic energy                   -4.676345170571661e+02
------------------------------------------------------------
 Total energy                        -4.345372365223024e+02
------------------------------------------------------------
                 Wall time: 2.72091e+01 sec 
============================================================


============================================================
                Rotating Helmholtz argument
------------------------------------------------------------
 Rotating orbitals                              2.91722e+00
------------------------------------------------------------
                 Wall time: 2.91732e+00 sec 
============================================================


============================================================
                Applying Helmholtz operators
------------------------------------------------------------
 Orb    RealNorm   Nodes     ImagNorm   Nodes     Timing
------------------------------------------------------------
  0    1.00000e+00   808    0.00000e+00     0   6.88270e+01
  4    1.00000e+00   584    0.00000e+00     0   5.74934e+01
  8    1.00000e+00   744    0.00000e+00     0   8.58562e+01
------------------------------------------------------------
                 Wall time: 2.12177e+02 sec 
============================================================


============================================================
                 Lowdin orthonormalization
------------------------------------------------------------
 Computing Lowdin matrix                        1.53879e+02
 Rotating orbitals                              2.66765e+00
------------------------------------------------------------
                 Wall time: 1.56547e+02 sec 
============================================================


============================================================
               Iterative subspace accelerator
------------------------------------------------------------
 Push back orbitals                             2.45650e-02
 Setup linear system                            2.61189e+00
 Solve linear system                            1.08370e-05
 Expand solution                                2.65354e+00
------------------------------------------------------------
                 Wall time: 5.29016e+00 sec 
============================================================


============================================================
                 Lowdin orthonormalization
------------------------------------------------------------
 Computing Lowdin matrix                        1.51054e+00
 Rotating orbitals                              3.06723e+00
------------------------------------------------------------
                 Wall time: 4.57787e+00 sec 
============================================================


============================================================
                  Setting up Fock operator
------------------------------------------------------------
 Precision                                      1.00000e-07
------------------------------------------------------------
 Coulomb density                      1128      2.04753e+00
 Coulomb potential                     616      6.45318e+01
 Allreduce potential                   744      9.59946e+00
 XC total density                     1512      3.69564e+00
 XC evaluate xcfun                    3024      8.20470e+00
 XC energy                            1512      1.63194e-04
 XC potential                         1512      7.23060e-02
------------------------------------------------------------
                 Wall time: 8.81742e+01 sec 
============================================================


============================================================
                  Calculating Fock matrix
------------------------------------------------------------
 Kinetic part                         9.477580978000001e+00
 Potential part                       2.727871538400000e+01
------------------------------------------------------------
                 Wall time: 3.67564e+01 sec 
============================================================


============================================================
                          Orbitals
------------------------------------------------------------
 Orb    F(i,i)        Error         nNodes  Spin  Occ  Done 
------------------------------------------------------------
  0  -8.77781e+01   1.24953e-07        648    p    2    1
  1  -9.88713e+00   1.23659e-06          0    p    2    0
  2  -7.69723e+00   1.79749e-06          0    p    2    0
  3  -5.74813e+00   1.50787e-05          0    p    2    0
  4  -5.74813e+00   9.68830e-07        552    p    2    1
  5  -5.74638e+00   2.65095e-06          0    p    2    0
  6  -7.69556e-01   1.04482e-05          0    p    2    0
  7  -4.81111e-01   5.94032e-05          0    p    2    0
  8  -3.34363e-01   3.15009e-05        744    p    2    0
  9  -3.34361e-01   1.29753e-05          0    p    2    0
 10  -2.73412e-01   1.13061e-04          0    p    2    0
------------------------------------------------------------
 Total error:                            1.33497e-04    0
============================================================


============================================================
                    Energy                 Update      Done 
------------------------------------------------------------
 Orbital      -2.495958425086248e+02    -2.32711e-05    1
 Kinetic       4.334371474804984e+02    -1.44914e-05    1
 N-E          -1.099291736404923e+03     3.64421e-05    1
 Coulomb       2.274027518506521e+02    -2.38813e-05    1
 Exchange      0.000000000000000e+00     0.00000e+00    1
 X-C          -2.918265548202492e+01     2.16952e-06    1
------------------------------------------------------------
 Electronic   -4.676345170571661e+02    -7.90464e-08    1
 Nuclear       3.309728053486368e+01     0.00000e+00    1
------------------------------------------------------------
 Total        -4.345372365223024e+02    -7.90464e-08    1
============================================================


################ Wall time: 5.35474e+02 sec ################




####################### SCF cycle  6 #######################


============================================================
 Current precision                              1.00000e-07
------------------------------------------------------------
 Orbital threshold                              1.00000e-06
 Property threshold                            -1.00000e+00
============================================================


============================================================
                   Calculating SCF energy
------------------------------------------------------------
 Nuclear energy                       3.309728053486368e+01
 Electronic energy                   -4.676345170741462e+02
------------------------------------------------------------
 Total energy                        -4.345372365392825e+02
------------------------------------------------------------
                 Wall time: 2.91208e+01 sec 
============================================================


============================================================
                Rotating Helmholtz argument
------------------------------------------------------------
 Rotating orbitals                              2.98253e+00
------------------------------------------------------------
                 Wall time: 2.98264e+00 sec 
============================================================


============================================================
                Applying Helmholtz operators
------------------------------------------------------------
 Orb    RealNorm   Nodes     ImagNorm   Nodes     Timing
------------------------------------------------------------
  0    1.00000e+00   808    0.00000e+00     0   7.09877e+01
  4    1.00000e+00   584    0.00000e+00     0   5.88993e+01
  8    1.00000e+00   744    0.00000e+00     0   8.70915e+01
------------------------------------------------------------
                 Wall time: 2.16985e+02 sec 
============================================================


============================================================
                 Lowdin orthonormalization
------------------------------------------------------------
 Computing Lowdin matrix                        1.39234e+02
 Rotating orbitals                              2.65910e+00
------------------------------------------------------------
                 Wall time: 1.41893e+02 sec 
============================================================


============================================================
               Iterative subspace accelerator
------------------------------------------------------------
 Push back orbitals                             3.12642e-02
 Setup linear system                            2.62633e+00
 Solve linear system                            1.05070e-05
 Expand solution                                2.84921e+00
------------------------------------------------------------
                 Wall time: 5.50697e+00 sec 
============================================================


============================================================
                 Lowdin orthonormalization
------------------------------------------------------------
 Computing Lowdin matrix                        1.58795e+00
 Rotating orbitals                              2.92855e+00
------------------------------------------------------------
                 Wall time: 4.51660e+00 sec 
============================================================


============================================================
                  Setting up Fock operator
------------------------------------------------------------
 Precision                                      1.00000e-07
------------------------------------------------------------
 Coulomb density                      1128      2.29432e+00
 Coulomb potential                     616      6.58601e+01
 Allreduce potential                   744      9.99072e+00
 XC total density                     1512      3.83810e+00
 XC evaluate xcfun                    3024      8.27452e+00
 XC energy                            1512      1.64191e-04
 XC potential                         1512      8.06524e-02
------------------------------------------------------------
                 Wall time: 9.03642e+01 sec 
============================================================


============================================================
                  Calculating Fock matrix
------------------------------------------------------------
 Kinetic part                         9.324542677000000e+00
 Potential part                       2.834780657300000e+01
------------------------------------------------------------
                 Wall time: 3.76725e+01 sec 
============================================================


============================================================
                          Orbitals
------------------------------------------------------------
 Orb    F(i,i)        Error         nNodes  Spin  Occ  Done 
------------------------------------------------------------
  0  -8.77781e+01   4.39020e-08        648    p    2    1
  1  -9.88713e+00   2.86811e-07          0    p    2    1
  2  -7.69723e+00   7.96268e-07          0    p    2    1
  3  -5.74813e+00   3.84528e-06          0    p    2    0
  4  -5.74813e+00   1.70337e-07        552    p    2    1
  5  -5.74638e+00   1.37519e-07          0    p    2    1
  6  -7.69557e-01   4.13239e-06          0    p    2    0
  7  -4.81112e-01   4.88888e-06          0    p    2    0
  8  -3.34364e-01   9.99849e-06        744    p    2    0
  9  -3.34363e-01   5.47190e-06          0    p    2    0
 10  -2.73414e-01   3.70085e-05          0    p    2    0
------------------------------------------------------------
 Total error:                            3.94470e-05    0
============================================================


============================================================
                    Energy                 Update      Done 
------------------------------------------------------------
 Orbital      -2.495957986110421e+02     4.38976e-05    1
 Kinetic       4.334371735292100e+02     2.60487e-05    1
 N-E          -1.099291803481529e+03    -6.70766e-05    1
 Coulomb       2.274027970519253e+02     4.52013e-05    1
 Exchange      0.000000000000000e+00     0.00000e+00    1
 X-C          -2.918265953331493e+01    -4.05129e-06    1
------------------------------------------------------------
 Electronic   -4.676345170741462e+02    -1.69801e-08    1
 Nuclear       3.309728053486368e+01     0.00000e+00    1
------------------------------------------------------------
 Total        -4.345372365392825e+02    -1.69801e-08    1
============================================================


################ Wall time: 5.30651e+02 sec ################




####################### SCF cycle  7 #######################


============================================================
 Current precision                              1.00000e-07
------------------------------------------------------------
 Orbital threshold                              1.00000e-06
 Property threshold                            -1.00000e+00
============================================================


============================================================
                   Calculating SCF energy
------------------------------------------------------------
 Nuclear energy                       3.309728053486368e+01
 Electronic energy                   -4.676345170779721e+02
------------------------------------------------------------
 Total energy                        -4.345372365431085e+02
------------------------------------------------------------
                 Wall time: 2.96739e+01 sec 
============================================================


============================================================
                Rotating Helmholtz argument
------------------------------------------------------------
 Rotating orbitals                              2.86228e+00
------------------------------------------------------------
                 Wall time: 2.86239e+00 sec 
============================================================


============================================================
                Applying Helmholtz operators
------------------------------------------------------------
 Orb    RealNorm   Nodes     ImagNorm   Nodes     Timing
------------------------------------------------------------
  0    1.00000e+00   808    0.00000e+00     0   7.32782e+01
  4    1.00000e+00   584    0.00000e+00     0   6.03194e+01
  8    1.00000e+00   744    0.00000e+00     0   9.40185e+01
------------------------------------------------------------
                 Wall time: 2.27617e+02 sec 
============================================================


============================================================
                 Lowdin orthonormalization
------------------------------------------------------------
 Computing Lowdin matrix                        1.52011e+02
 Rotating orbitals                              2.64875e+00
------------------------------------------------------------
                 Wall time: 1.54660e+02 sec 
============================================================


============================================================
               Iterative subspace accelerator
------------------------------------------------------------
 Push back orbitals                             2.90560e-02
 Setup linear system                            2.71318e+00
 Solve linear system                            1.07670e-05
 Expand solution                                2.84104e+00
------------------------------------------------------------
                 Wall time: 5.58346e+00 sec 
============================================================


============================================================
                 Lowdin orthonormalization
------------------------------------------------------------
 Computing Lowdin matrix                        1.42367e+00
 Rotating orbitals                              2.77407e+00
------------------------------------------------------------
                 Wall time: 4.19782e+00 sec 
============================================================


============================================================
                  Setting up Fock operator
------------------------------------------------------------
 Precision                                      1.00000e-07
------------------------------------------------------------
 Coulomb density                      1128      2.34509e+00
 Coulomb potential                     616      6.64003e+01
 Allreduce potential                   744      1.15374e+01
 XC total density                     1512      3.92884e+00
 XC evaluate xcfun                    3024      8.49174e+00
 XC energy                            1512      1.56693e-04
 XC potential                         1512      8.19248e-02
------------------------------------------------------------
                 Wall time: 9.28104e+01 sec 
============================================================


============================================================
                  Calculating Fock matrix
------------------------------------------------------------
 Kinetic part                         9.438231883000000e+00
 Potential part                       2.983266900700000e+01
------------------------------------------------------------
                 Wall time: 3.92710e+01 sec 
============================================================


============================================================
                          Orbitals
------------------------------------------------------------
 Orb    F(i,i)        Error         nNodes  Spin  Occ  Done 
------------------------------------------------------------
  0  -8.77781e+01   7.38122e-08        648    p    2    1
  1  -9.88713e+00   3.76081e-07          0    p    2    1
  2  -7.69723e+00   5.02194e-07          0    p    2    1
  3  -5.74813e+00   4.41704e-06          0    p    2    0
  4  -5.74813e+00   4.65631e-07        552    p    2    1
  5  -5.74638e+00   6.09416e-07          0    p    2    1
  6  -7.69556e-01   5.71277e-06          0    p    2    0
  7  -4.81111e-01   1.30641e-05          0    p    2    0
  8  -3.34363e-01   1.23307e-05        744    p    2    0
  9  -3.34362e-01   8.52140e-06          0    p    2    0
 10  -2.73412e-01   4.19313e-05          0    p    2    0
------------------------------------------------------------
 Total error:                            4.69755e-05    0
============================================================


============================================================
                    Energy                 Update      Done 
------------------------------------------------------------
 Orbital      -2.495958372541646e+02    -3.86431e-05    1
 Kinetic       4.334371486990425e+02    -2.48302e-05    1
 N-E          -1.099291742473667e+03     6.10079e-05    1
 Coulomb       2.274027572658998e+02    -3.97860e-05    1
 Exchange      0.000000000000000e+00     0.00000e+00    1
 X-C          -2.918265592710102e+01     3.60621e-06    1
------------------------------------------------------------
 Electronic   -4.676345170779721e+02    -3.82596e-09    1
 Nuclear       3.309728053486368e+01     0.00000e+00    1
------------------------------------------------------------
 Total        -4.345372365431085e+02    -3.82596e-09    1
============================================================


################ Wall time: 5.57698e+02 sec ################




####################### SCF cycle  8 #######################


============================================================
 Current precision                              1.00000e-07
------------------------------------------------------------
 Orbital threshold                              1.00000e-06
 Property threshold                            -1.00000e+00
============================================================


============================================================
                   Calculating SCF energy
------------------------------------------------------------
 Nuclear energy                       3.309728053486368e+01
 Electronic energy                   -4.676345170812554e+02
------------------------------------------------------------
 Total energy                        -4.345372365463917e+02
------------------------------------------------------------
                 Wall time: 3.10023e+01 sec 
============================================================


============================================================
                Rotating Helmholtz argument
------------------------------------------------------------
 Rotating orbitals                              2.91211e+00
------------------------------------------------------------
                 Wall time: 2.91221e+00 sec 
============================================================


============================================================
                Applying Helmholtz operators
------------------------------------------------------------
 Orb    RealNorm   Nodes     ImagNorm   Nodes     Timing
------------------------------------------------------------
  0    1.00000e+00   808    0.00000e+00     0   7.35354e+01
  4    1.00000e+00   584    0.00000e+00     0   6.06133e+01
  8    1.00000e+00   744    0.00000e+00     0   9.48061e+01
------------------------------------------------------------
                 Wall time: 2.28962e+02 sec 
============================================================


============================================================
                 Lowdin orthonormalization
------------------------------------------------------------
 Computing Lowdin matrix                        1.44661e+02
 Rotating orbitals                              2.69004e+00
------------------------------------------------------------
                 Wall time: 1.47352e+02 sec 
============================================================


============================================================
               Iterative subspace accelerator
------------------------------------------------------------
 Push back orbitals                             3.23333e-02
 Setup linear system                            2.62069e+00
 Solve linear system                            1.04610e-05
 Expand solution                                2.91743e+00
------------------------------------------------------------
                 Wall time: 5.57061e+00 sec 
============================================================


============================================================
                 Lowdin orthonormalization
------------------------------------------------------------
 Computing Lowdin matrix                        1.46760e+00
 Rotating orbitals                              2.77142e+00
------------------------------------------------------------
                 Wall time: 4.23911e+00 sec 
============================================================


============================================================
                  Setting up Fock operator
------------------------------------------------------------
 Precision                                      1.00000e-07
------------------------------------------------------------
 Coulomb density                      1128      2.29998e+00
 Coulomb potential                     616      6.60024e+01
 Allreduce potential                   744      1.33855e+01
 XC total density                     1512      4.03351e+00
 XC evaluate xcfun                    3024      8.15587e+00
 XC energy                            1512      1.55067e-04
 XC potential                         1512      7.50716e-02
------------------------------------------------------------
                 Wall time: 9.39776e+01 sec 
============================================================


============================================================
                  Calculating Fock matrix
------------------------------------------------------------
 Kinetic part                         9.584690424000000e+00
 Potential part                       2.995672011400000e+01
------------------------------------------------------------
                 Wall time: 3.95415e+01 sec 
============================================================


============================================================
                          Orbitals
------------------------------------------------------------
 Orb    F(i,i)        Error         nNodes  Spin  Occ  Done 
------------------------------------------------------------
  0  -8.77781e+01   1.53263e-08        648    p    2    1
  1  -9.88713e+00   1.33533e-07          0    p    2    1
  2  -7.69723e+00   3.02010e-07          0    p    2    1
  3  -5.74813e+00   1.82051e-06          0    p    2    0
  4  -5.74813e+00   2.39757e-07        552    p    2    1
  5  -5.74638e+00   3.29368e-07          0    p    2    1
  6  -7.69557e-01   2.08312e-06          0    p    2    0
  7  -4.81112e-01   1.10227e-05          0    p    2    0
  8  -3.34364e-01   4.58311e-06        744    p    2    0
  9  -3.34363e-01   2.63540e-06          0    p    2    0
 10  -2.73414e-01   1.18637e-05          0    p    2    0
------------------------------------------------------------
 Total error:                            1.72664e-05    0
============================================================


============================================================
                    Energy                 Update      Done 
------------------------------------------------------------
 Orbital      -2.495958001121429e+02     3.71420e-05    1
 Kinetic       4.334371726775289e+02     2.39785e-05    1
 N-E          -1.099291801226079e+03    -5.87524e-05    1
 Coulomb       2.274027955282647e+02     3.82624e-05    1
 Exchange      0.000000000000000e+00     0.00000e+00    1
 X-C          -2.918265943905261e+01    -3.51195e-06    1
------------------------------------------------------------
 Electronic   -4.676345170812554e+02    -3.28322e-09    1
 Nuclear       3.309728053486368e+01     0.00000e+00    1
------------------------------------------------------------
 Total        -4.345372365463917e+02    -3.28322e-09    1
============================================================


################ Wall time: 5.54688e+02 sec ################




####################### SCF cycle  9 #######################


============================================================
 Current precision                              1.00000e-07
------------------------------------------------------------
 Orbital threshold                              1.00000e-06
 Property threshold                            -1.00000e+00
============================================================


============================================================
                   Calculating SCF energy
------------------------------------------------------------
 Nuclear energy                       3.309728053486368e+01
 Electronic energy                   -4.676345170816836e+02
------------------------------------------------------------
 Total energy                        -4.345372365468199e+02
------------------------------------------------------------
                 Wall time: 3.14155e+01 sec 
============================================================


============================================================
                Rotating Helmholtz argument
------------------------------------------------------------
 Rotating orbitals                              3.04055e+00
------------------------------------------------------------
                 Wall time: 3.04065e+00 sec 
============================================================


============================================================
                Applying Helmholtz operators
------------------------------------------------------------
 Orb    RealNorm   Nodes     ImagNorm   Nodes     Timing
------------------------------------------------------------
  0    1.00000e+00   808    0.00000e+00     0   7.40413e+01
  4    1.00000e+00   584    0.00000e+00     0   6.42899e+01
  8    1.00000e+00   744    0.00000e+00     0   9.17558e+01
------------------------------------------------------------
                 Wall time: 2.30097e+02 sec 
============================================================


============================================================
                 Lowdin orthonormalization
------------------------------------------------------------
 Computing Lowdin matrix                        1.52205e+02
 Rotating orbitals                              2.64160e+00
------------------------------------------------------------
                 Wall time: 1.54847e+02 sec 
============================================================


============================================================
               Iterative subspace accelerator
------------------------------------------------------------
 Push back orbitals                             4.95052e-02
 Setup linear system                            2.65075e+00
 Solve linear system                            1.05930e-05
 Expand solution                                2.69760e+00
------------------------------------------------------------
                 Wall time: 5.39800e+00 sec 
============================================================


============================================================
                 Lowdin orthonormalization
------------------------------------------------------------
 Computing Lowdin matrix                        1.34790e+00
 Rotating orbitals                              2.73866e+00
------------------------------------------------------------
                 Wall time: 4.08664e+00 sec 
============================================================


============================================================
                  Setting up Fock operator
------------------------------------------------------------
 Precision                                      1.00000e-07
------------------------------------------------------------
 Coulomb density                      1128      2.33512e+00
 Coulomb potential                     616      6.24706e+01
 Allreduce potential                   744      1.75711e+01
 XC total density                     1512      3.94563e+00
 XC evaluate xcfun                    3024      8.54847e+00
 XC energy                            1512      1.59287e-04
 XC potential                         1512      7.59375e-02
------------------------------------------------------------
                 Wall time: 9.49735e+01 sec 
============================================================


============================================================
                  Calculating Fock matrix
------------------------------------------------------------
 Kinetic part                         9.022122483000000e+00
 Potential part                       2.908340702100000e+01
------------------------------------------------------------
                 Wall time: 3.81057e+01 sec 
============================================================


============================================================
                          Orbitals
------------------------------------------------------------
 Orb    F(i,i)        Error         nNodes  Spin  Occ  Done 
------------------------------------------------------------
  0  -8.77781e+01   1.98926e-08        648    p    2    1
  1  -9.88713e+00   7.93691e-08          0    p    2    1
  2  -7.69723e+00   2.90415e-07          0    p    2    1
  3  -5.74813e+00   8.62678e-07          0    p    2    1
  4  -5.74813e+00   6.02713e-08        552    p    2    1
  5  -5.74638e+00   1.02363e-07          0    p    2    1
  6  -7.69557e-01   7.29450e-07          0    p    2    1
  7  -4.81111e-01   6.55176e-06          0    p    2    0
  8  -3.34364e-01   2.40092e-06        744    p    2    0
  9  -3.34362e-01   1.18128e-06          0    p    2    0
 10  -2.73413e-01   1.88170e-06          0    p    2    0
------------------------------------------------------------
 Total error:                            7.41671e-06    0
============================================================


============================================================
                    Energy                 Update      Done 
------------------------------------------------------------
 Orbital      -2.495958346296466e+02    -3.45175e-05    1
 Kinetic       4.334371505655511e+02    -2.21120e-05    1
 N-E          -1.099291746865164e+03     5.43609e-05    1
 Coulomb       2.274027599598421e+02    -3.55684e-05    1
 Exchange      0.000000000000000e+00     0.00000e+00    1
 X-C          -2.918265613229638e+01     3.30676e-06    1
------------------------------------------------------------
 Electronic   -4.676345170816836e+02    -4.28258e-10    1
 Nuclear       3.309728053486368e+01     0.00000e+00    1
------------------------------------------------------------
 Total        -4.345372365468199e+02    -4.28258e-10    1
============================================================


################ Wall time: 5.63285e+02 sec ################




####################### SCF cycle 10 #######################


============================================================
 Current precision                              1.00000e-07
------------------------------------------------------------
 Orbital threshold                              1.00000e-06
 Property threshold                            -1.00000e+00
============================================================


============================================================
                   Calculating SCF energy
------------------------------------------------------------
 Nuclear energy                       3.309728053486368e+01
 Electronic energy                   -4.676345170818180e+02
------------------------------------------------------------
 Total energy                        -4.345372365469544e+02
------------------------------------------------------------
                 Wall time: 3.11420e+01 sec 
============================================================


============================================================
                Rotating Helmholtz argument
------------------------------------------------------------
 Rotating orbitals                              3.06353e+00
------------------------------------------------------------
                 Wall time: 3.06364e+00 sec 
============================================================


============================================================
                Applying Helmholtz operators
------------------------------------------------------------
 Orb    RealNorm   Nodes     ImagNorm   Nodes     Timing
------------------------------------------------------------
  0    1.00000e+00   808    0.00000e+00     0   7.31759e+01
  4    1.00000e+00   584    0.00000e+00     0   6.13000e+01
  8    1.00000e+00   744    0.00000e+00     0   9.59121e+01
------------------------------------------------------------
                 Wall time: 2.30398e+02 sec 
============================================================


============================================================
                 Lowdin orthonormalization
------------------------------------------------------------
 Computing Lowdin matrix                        1.49042e+02
 Rotating orbitals                              2.55814e+00
------------------------------------------------------------
                 Wall time: 1.51601e+02 sec 
============================================================


============================================================
               Iterative subspace accelerator
------------------------------------------------------------
 Push back orbitals                             3.47979e-02
 Setup linear system                            2.65047e+00
 Solve linear system                            1.03590e-05
 Expand solution                                2.72044e+00
------------------------------------------------------------
                 Wall time: 5.40586e+00 sec 
============================================================


============================================================
                 Lowdin orthonormalization
------------------------------------------------------------
 Computing Lowdin matrix                        1.30293e+00
 Rotating orbitals                              2.60183e+00
------------------------------------------------------------
                 Wall time: 3.90485e+00 sec 
============================================================


============================================================
                  Setting up Fock operator
------------------------------------------------------------
 Precision                                      1.00000e-07
------------------------------------------------------------
 Coulomb density                      1128      2.13167e+00
 Coulomb potential                     616      6.56933e+01
 Allreduce potential                   744      1.60873e+01
 XC total density                     1512      3.77745e+00
 XC evaluate xcfun                    3024      8.17029e+00
 XC energy                            1512      1.76587e-04
 XC potential                         1512      7.45188e-02
------------------------------------------------------------
                 Wall time: 9.59585e+01 sec 
============================================================


============================================================
                  Calculating Fock matrix
------------------------------------------------------------
 Kinetic part                         9.226802316000001e+00
 Potential part                       2.896853704300000e+01
------------------------------------------------------------
                 Wall time: 3.81955e+01 sec 
============================================================


============================================================
                          Orbitals
------------------------------------------------------------
 Orb    F(i,i)        Error         nNodes  Spin  Occ  Done 
------------------------------------------------------------
  0  -8.77781e+01   1.39292e-08        648    p    2    1
  1  -9.88713e+00   7.88681e-08          0    p    2    1
  2  -7.69723e+00   1.21776e-07          0    p    2    1
  3  -5.74813e+00   3.56737e-07          0    p    2    1
  4  -5.74813e+00   2.35860e-08        552    p    2    1
  5  -5.74638e+00   2.91805e-08          0    p    2    1
  6  -7.69557e-01   4.26132e-07          0    p    2    1
  7  -4.81111e-01   2.81703e-06          0    p    2    0
  8  -3.34364e-01   1.69592e-06        744    p    2    0
  9  -3.34362e-01   1.35040e-06          0    p    2    0
 10  -2.73414e-01   1.14072e-06          0    p    2    0
------------------------------------------------------------
 Total error:                            3.77731e-06    0
============================================================


============================================================
                    Energy                 Update      Done 
------------------------------------------------------------
 Orbital      -2.495958216161147e+02     1.30135e-05    1
 Kinetic       4.334371589097972e+02     8.34425e-06    1
 N-E          -1.099291767366719e+03    -2.05016e-05    1
 Coulomb       2.274027733738740e+02     1.34140e-05    1
 Exchange      0.000000000000000e+00     0.00000e+00    1
 X-C          -2.918265739205475e+01    -1.25976e-06    1
------------------------------------------------------------
 Electronic   -4.676345170818180e+02    -1.34435e-10    1
 Nuclear       3.309728053486368e+01     0.00000e+00    1
------------------------------------------------------------
 Total        -4.345372365469544e+02    -1.34435e-10    1
============================================================


################ Wall time: 5.60714e+02 sec ################




####################### SCF cycle 11 #######################


============================================================
 Current precision                              1.00000e-07
------------------------------------------------------------
 Orbital threshold                              1.00000e-06
 Property threshold                            -1.00000e+00
============================================================


============================================================
                   Calculating SCF energy
------------------------------------------------------------
 Nuclear energy                       3.309728053486368e+01
 Electronic energy                   -4.676345170819013e+02
------------------------------------------------------------
 Total energy                        -4.345372365470376e+02
------------------------------------------------------------
                 Wall time: 3.01130e+01 sec 
============================================================


============================================================
                Rotating Helmholtz argument
------------------------------------------------------------
 Rotating orbitals                              3.08265e+00
------------------------------------------------------------
                 Wall time: 3.08304e+00 sec 
============================================================


============================================================
                Applying Helmholtz operators
------------------------------------------------------------
 Orb    RealNorm   Nodes     ImagNorm   Nodes     Timing
------------------------------------------------------------
  0    1.00000e+00   808    0.00000e+00     0   7.53762e+01
  4    1.00000e+00   584    0.00000e+00     0   6.23546e+01
  8    1.00000e+00   744    0.00000e+00     0   9.62678e+01
------------------------------------------------------------
                 Wall time: 2.34009e+02 sec 
============================================================


============================================================
                 Lowdin orthonormalization
------------------------------------------------------------
 Computing Lowdin matrix                        1.44010e+02
 Rotating orbitals                              2.54807e+00
------------------------------------------------------------
                 Wall time: 1.46558e+02 sec 
============================================================


============================================================
               Iterative subspace accelerator
------------------------------------------------------------
 Push back orbitals                             1.23248e-01
 Setup linear system                            2.50966e+00
 Solve linear system                            1.05110e-05
 Expand solution                                2.58239e+00
------------------------------------------------------------
                 Wall time: 5.21544e+00 sec 
============================================================


============================================================
                 Lowdin orthonormalization
------------------------------------------------------------
 Computing Lowdin matrix                        1.28871e+00
 Rotating orbitals                              2.57363e+00
------------------------------------------------------------
                 Wall time: 3.86243e+00 sec 
============================================================


============================================================
                  Setting up Fock operator
------------------------------------------------------------
 Precision                                      1.00000e-07
------------------------------------------------------------
 Coulomb density                      1128      2.11718e+00
 Coulomb potential                     616      6.66208e+01
 Allreduce potential                   744      1.46909e+01
 XC total density                     1512      4.06545e+00
 XC evaluate xcfun                    3024      8.29027e+00
 XC energy                            1512      1.89645e-04
 XC potential                         1512      8.28334e-02
------------------------------------------------------------
                 Wall time: 9.58921e+01 sec 
============================================================


============================================================
                  Calculating Fock matrix
------------------------------------------------------------
 Kinetic part                         9.674153548000000e+00
 Potential part                       3.065510732700000e+01
------------------------------------------------------------
                 Wall time: 4.03294e+01 sec 
============================================================


============================================================
                          Orbitals
------------------------------------------------------------
 Orb    F(i,i)        Error         nNodes  Spin  Occ  Done 
------------------------------------------------------------
  0  -8.77781e+01   1.25028e-08        648    p    2    1
  1  -9.88713e+00   7.66755e-08          0    p    2    1
  2  -7.69723e+00   4.99580e-08          0    p    2    1
  3  -5.74813e+00   1.13860e-07          0    p    2    1
  4  -5.74813e+00   4.80845e-08        552    p    2    1
  5  -5.74638e+00   4.65574e-08          0    p    2    1
  6  -7.69557e-01   3.48437e-07          0    p    2    1
  7  -4.81111e-01   1.05876e-06          0    p    2    0
  8  -3.34364e-01   1.68397e-06        744    p    2    0
  9  -3.34362e-01   1.40092e-06          0    p    2    0
 10  -2.73413e-01   1.05882e-06          0    p    2    0
------------------------------------------------------------
 Total error:                            2.68101e-06    0
============================================================


============================================================
                    Energy                 Update      Done 
------------------------------------------------------------
 Orbital      -2.495958259151717e+02    -4.29906e-06    1
 Kinetic       4.334371562007069e+02    -2.70909e-06    1
 N-E          -1.099291760641409e+03     6.72531e-06    1
 Coulomb       2.274027689425758e+02    -4.43130e-06    1
 Exchange      0.000000000000000e+00     0.00000e+00    1
 X-C          -2.918265697566513e+01     4.16390e-07    1
------------------------------------------------------------
 Electronic   -4.676345170819013e+02    -8.32188e-11    1
 Nuclear       3.309728053486368e+01     0.00000e+00    1
------------------------------------------------------------
 Total        -4.345372365470376e+02    -8.32188e-11    1
============================================================


################ Wall time: 5.59700e+02 sec ################




####################### SCF cycle 12 #######################


============================================================
 Current precision                              1.00000e-07
------------------------------------------------------------
 Orbital threshold                              1.00000e-06
 Property threshold                            -1.00000e+00
============================================================


============================================================
                   Calculating SCF energy
------------------------------------------------------------
 Nuclear energy                       3.309728053486368e+01
 Electronic energy                   -4.676345170819558e+02
------------------------------------------------------------
 Total energy                        -4.345372365470921e+02
------------------------------------------------------------
                 Wall time: 3.21780e+01 sec 
============================================================


============================================================
                Rotating Helmholtz argument
------------------------------------------------------------
 Rotating orbitals                              3.00900e+00
------------------------------------------------------------
                 Wall time: 3.00911e+00 sec 
============================================================


============================================================
                Applying Helmholtz operators
------------------------------------------------------------
 Orb    RealNorm   Nodes     ImagNorm   Nodes     Timing
------------------------------------------------------------
  0    1.00000e+00   808    0.00000e+00     0   7.41767e+01
  4    1.00000e+00   584    0.00000e+00     0   6.12567e+01
  8    1.00000e+00   744    0.00000e+00     0   9.26661e+01
------------------------------------------------------------
                 Wall time: 2.28109e+02 sec 
============================================================


============================================================
                 Lowdin orthonormalization
------------------------------------------------------------
 Computing Lowdin matrix                        1.66330e+02
 Rotating orbitals                              2.43247e+00
------------------------------------------------------------
                 Wall time: 1.68762e+02 sec 
============================================================


============================================================
               Iterative subspace accelerator
------------------------------------------------------------
 Push back orbitals                             1.42052e-01
 Setup linear system                            2.71875e+00
 Solve linear system                            1.04940e-05
 Expand solution                                2.28935e+00
------------------------------------------------------------
                 Wall time: 5.15030e+00 sec 
============================================================


============================================================
                 Lowdin orthonormalization
------------------------------------------------------------
 Computing Lowdin matrix                        1.20247e+00
 Rotating orbitals                              2.29729e+00
------------------------------------------------------------
                 Wall time: 3.49985e+00 sec 
============================================================


============================================================
                  Setting up Fock operator
------------------------------------------------------------
 Precision                                      1.00000e-07
------------------------------------------------------------
 Coulomb density                      1128      2.38612e+00
 Coulomb potential                     616      6.74739e+01
 Allreduce potential                   744      1.41019e+01
 XC total density                     1512      3.89620e+00
 XC evaluate xcfun                    3024      8.51383e+00
 XC energy                            1512      1.98447e-04
 XC potential                         1512      7.82422e-02
------------------------------------------------------------
                 Wall time: 9.64765e+01 sec 
============================================================


============================================================
                  Calculating Fock matrix
------------------------------------------------------------
 Kinetic part                         9.466280941999999e+00
 Potential part                       3.018856904400000e+01
------------------------------------------------------------
                 Wall time: 3.96550e+01 sec 
============================================================


============================================================
                          Orbitals
------------------------------------------------------------
 Orb    F(i,i)        Error         nNodes  Spin  Occ  Done 
------------------------------------------------------------
  0  -8.77781e+01   1.11494e-08        648    p    2    1
  1  -9.88713e+00   2.88293e-08          0    p    2    1
  2  -7.69723e+00   3.58209e-08          0    p    2    1
  3  -5.74813e+00   8.93303e-08          0    p    2    1
  4  -5.74813e+00   2.81269e-08        552    p    2    1
  5  -5.74638e+00   2.82807e-08          0    p    2    1
  6  -7.69557e-01   1.70231e-07          0    p    2    1
  7  -4.81111e-01   4.41709e-07          0    p    2    1
  8  -3.34364e-01   8.16750e-07        744    p    2    1
  9  -3.34362e-01   6.45876e-07          0    p    2    1
 10  -2.73414e-01   6.93587e-07          0    p    2    1
------------------------------------------------------------
 Total error:                            1.34209e-06    1
============================================================


============================================================
                    Energy                 Update      Done 
------------------------------------------------------------
 Orbital      -2.495958230225039e+02     2.89267e-06    1
 Kinetic       4.334371580450232e+02     1.84432e-06    1
 N-E          -1.099291765180623e+03    -4.53921e-06    1
 Coulomb       2.274027719259522e+02     2.98338e-06    1
 Exchange      0.000000000000000e+00     0.00000e+00    1
 X-C          -2.918265726095085e+01    -2.85286e-07    1
------------------------------------------------------------
 Electronic   -4.676345170819558e+02    -5.45128e-11    1
 Nuclear       3.309728053486368e+01     0.00000e+00    1
------------------------------------------------------------
 Total        -4.345372365470921e+02    -5.45128e-11    1
============================================================


################ Wall time: 5.77883e+02 sec ################


============================================================
                      Convergence rate
------------------------------------------------------------
Iter    OrbError       Property                   Update  
------------------------------------------------------------
  1    2.82428e-03    -4.345372242361865e+02   -4.34537e+02
  2    4.11578e-04    -4.345372359223143e+02   -1.16861e-05
  3    1.87494e-04    -4.345372363232340e+02   -4.00920e-07
  4    1.87796e-04    -4.345372364432560e+02   -1.20022e-07
  5    1.33497e-04    -4.345372365223024e+02   -7.90464e-08
  6    3.94470e-05    -4.345372365392825e+02   -1.69801e-08
  7    4.69755e-05    -4.345372365431085e+02   -3.82596e-09
  8    1.72664e-05    -4.345372365463917e+02   -3.28322e-09
  9    7.41671e-06    -4.345372365468199e+02   -4.28258e-10
 10    3.77731e-06    -4.345372365469544e+02   -1.34435e-10
 11    2.68101e-06    -4.345372365470376e+02   -8.32188e-11
 12    1.34209e-06    -4.345372365470921e+02   -5.45128e-11
------------------------------------------------------------
                      SCF converged!!!                      
============================================================


============================================================
                  Digonalizing Fock matrix
------------------------------------------------------------
 Computing Lowdin matrix                        5.43133e-01
 Diagonalizing matrix                           2.43440e-05
 Rotating orbitals                              2.72620e+00
------------------------------------------------------------
                 Wall time: 3.26945e+00 sec 
============================================================


============================================================
                  Setting up Fock operator
------------------------------------------------------------
 Precision                                      1.00000e-07
------------------------------------------------------------
 Coulomb density                      1128      2.19803e+00
 Coulomb potential                     616      5.91342e+01
 Allreduce potential                   744      9.55865e+00
 XC total density                     1512      3.51160e+00
 XC evaluate xcfun                    3024      8.14983e+00
 XC energy                            1512      1.55773e-04
 XC potential                         1512      7.19215e-02
------------------------------------------------------------
                 Wall time: 8.26476e+01 sec 
============================================================


============================================================
                   Calculating SCF energy
------------------------------------------------------------
------------------------------------------------------------
                 Wall time: 2.74371e+01 sec 
============================================================


============================================================
                 Calculating dipole moment
------------------------------------------------------------
------------------------------------------------------------
                 Wall time: 1.32384e+01 sec 
============================================================


============================================================
                        Fock matrix
------------------------------------------------------------
-8.77781e+01  0.00000e+00  0.00000e+00  0.00000e+00  0.00000e+00  0.00000e+00  0.00000e+00  0.00000e+00  0.00000e+00  0.00000e+00  0.00000e+00
 0.00000e+00 -9.88713e+00  0.00000e+00  0.00000e+00  0.00000e+00  0.00000e+00  0.00000e+00  0.00000e+00  0.00000e+00  0.00000e+00  0.00000e+00
 0.00000e+00  0.00000e+00 -7.69723e+00  0.00000e+00  0.00000e+00  0.00000e+00  0.00000e+00  0.00000e+00  0.00000e+00  0.00000e+00  0.00000e+00
 0.00000e+00  0.00000e+00  0.00000e+00 -5.74813e+00  0.00000e+00  0.00000e+00  0.00000e+00  0.00000e+00  0.00000e+00  0.00000e+00  0.00000e+00
 0.00000e+00  0.00000e+00  0.00000e+00  0.00000e+00 -5.74813e+00  0.00000e+00  0.00000e+00  0.00000e+00  0.00000e+00  0.00000e+00  0.00000e+00
 0.00000e+00  0.00000e+00  0.00000e+00  0.00000e+00  0.00000e+00 -5.74638e+00  0.00000e+00  0.00000e+00  0.00000e+00  0.00000e+00  0.00000e+00
 0.00000e+00  0.00000e+00  0.00000e+00  0.00000e+00  0.00000e+00  0.00000e+00 -7.69557e-01  0.00000e+00  0.00000e+00  0.00000e+00  0.00000e+00
 0.00000e+00  0.00000e+00  0.00000e+00  0.00000e+00  0.00000e+00  0.00000e+00  0.00000e+00 -4.81111e-01  0.00000e+00  0.00000e+00  0.00000e+00
 0.00000e+00  0.00000e+00  0.00000e+00  0.00000e+00  0.00000e+00  0.00000e+00  0.00000e+00  0.00000e+00 -3.34364e-01  0.00000e+00  0.00000e+00
 0.00000e+00  0.00000e+00  0.00000e+00  0.00000e+00  0.00000e+00  0.00000e+00  0.00000e+00  0.00000e+00  0.00000e+00 -3.34362e-01  0.00000e+00
 0.00000e+00  0.00000e+00  0.00000e+00  0.00000e+00  0.00000e+00  0.00000e+00  0.00000e+00  0.00000e+00  0.00000e+00  0.00000e+00 -2.73413e-01
============================================================


============================================================
                      Orbital energies
------------------------------------------------------------
    n  spin  occ                            epsilon  
------------------------------------------------------------
    0    p    2                      -8.777810935947049e+01
    1    p    2                      -9.887131204143820e+00
    2    p    2                      -7.697231893642070e+00
    3    p    2                      -5.748126881003379e+00
    4    p    2                      -5.748126677411584e+00
    5    p    2                      -5.746379033872984e+00
    6    p    2                      -7.695567554887081e-01
    7    p    2                      -4.811113423088449e-01
    8    p    2                      -3.343637202340506e-01
    9    p    2                      -3.343623164884033e-01
   10    p    2                      -2.734134787609461e-01
============================================================


============================================================
                          Molecule
------------------------------------------------------------
 Nr  Element             x             y             z      
------------------------------------------------------------
  1     C           0.00000e+00   0.00000e+00   0.00000e+00
  2     S           0.00000e+00   0.00000e+00   2.90054e+00
------------------------------------------------------------
 Center of mass:    0.00000e+00   0.00000e+00   2.11014e+00
============================================================


                                                            
============================================================
                         SCF Energy                         
------------------------------------------------------------
                                                            
 Sum orbital energy:                 -2.495958253256506e+02
 Kinetic energy:                      4.334371565643650e+02
 E-N energy:                         -1.099291761547864e+03
 Coulomb energy:                      2.274027695513736e+02
 Exchange energy:                     0.000000000000000e+00
 X-C energy:                         -2.918265703617553e+01
 El. external field energy:          -2.461365787000464e-05
 Nuc. external field energy:         -1.449599987301317e-14
                                                            
------------------------------------------------------------
                                                            
 Electronic energy:                  -4.676345170819591e+02
 Nuclear energy:                      3.309728053486368e+01
                                                            
------------------------------------------------------------
                                                            
 Total energy       (au)             -4.345372365470955e+02
                    (kJ/mol)         -1.140877349430249e+06
                    (kcal/mol)       -2.726762305663953e+05
                    (eV)             -1.182436006224595e+04
                                                            
============================================================
                                                            

                                                            
============================================================
                         Dipole moment                      
------------------------------------------------------------
                                                            
 Length of vector:   (au)                  8.2409001099e-01
                     (Debye)               2.0946276795e+00
                                                            
-------------------------- Total ---------------------------
                                                            
 [-2.4613657885e-02,  9.3963142295e-10,  8.2372235253e-01] 
                                                            
------------------------- Nuclear --------------------------
                                                            
 [-1.4495999873e-11, -1.4597332132e-11, -1.4477366678e-02] 
                                                            
------------------------ Electronic ------------------------
                                                            
 [-2.4613657870e-02,  9.5422875508e-10,  8.3819971920e-01] 
                                                            
============================================================
                                                            



************************************************************
***                                                      ***
***                    Exiting MRChem                    ***
***                                                      ***
***               Wall time: 6.669126e+03                ***
***                                                      ***
************************************************************


