


************************************************************
***     __  __ ____   ____ _                             ***
***    |  \/  |  _ \ / ___| |__   ___ _ __ ___           ***
***    | |\/| | |_) | |   | '_ \ / _ \ '_ ` _ \          ***
***    | |  | |  _ <| |___| | | |  __/ | | | | |         ***
***    |_|  |_|_| \_\\____|_| |_|\___|_| |_| |_|         ***
***                                                      ***
***    VERSION 0.0.1 (rev. 1c6f79f)                     ***
***                                                      ***
***    Stig Rune Jensen <stig.r.jensen@uit.no>           ***
***    Luca Frediani    <luca.frediani@uit.no>           ***
***    Peter Wind       <peter.wind@uit.no>              ***
***                                                      ***
************************************************************


+++ Parallel execution: 
  MPI hosts available     : 4
  Threads/host            : 2
  Total used CPUs         : 8


------------------------------------------------------------

 MRCPP version   : X.Y.Z
 Git revision    : bbc2aed

 Linear algebra  : EIGEN
 Parallelization : MPI/OpenMP

------------------------------------------------------------




============================================================
                  MultiResolution Analysis                  
------------------------------------------------------------
 polynomial order = 11
 polynomial type  = Interpolating
------------------------------------------------------------
 total boxes      = 8
 boxes            = [           2           2           2 ]
 unit lengths     = [    32.00000    32.00000    32.00000 ]
 scaling factor   = [     1.00000     1.00000     1.00000 ]
 lower bounds     = [   -32.00000   -32.00000   -32.00000 ]
 upper bounds     = [    32.00000    32.00000    32.00000 ]
 total length     = [    64.00000    64.00000    64.00000 ]
============================================================


============================================================
                          Molecule
------------------------------------------------------------
 Nr  Element             x             y             z      
------------------------------------------------------------
  1     C           0.00000e+00   0.00000e+00   0.00000e+00
  2     F           0.00000e+00   0.00000e+00  -2.38483e+00
  3     N           0.00000e+00   0.00000e+00   2.19019e+00
------------------------------------------------------------
 Center of mass:    0.00000e+00   0.00000e+00  -3.25008e-01
============================================================


============================================================
                Setting up nuclear potential
------------------------------------------------------------
 Nr  Element         Charge        Precision     Smoothing 
------------------------------------------------------------
  1     C           6.00000e+00   1.00000e-07   3.82453e-05
  2     F           9.00000e+00   1.00000e-07   1.94577e-05
  3     N           7.00000e+00   1.00000e-07   2.95801e-05
------------------------------------------------------------
 Nuclear potential                    1288      1.07892e+00
 Allreduce potential                  3272      1.34452e+00
------------------------------------------------------------
                 Wall time: 2.42356e+00 sec 
============================================================


============================================================
 OrbitalVector:  11 orbitals    11 occupied    22 electrons
------------------------------------------------------------
   n  RankID           Norm          Spin Occ      Error    
------------------------------------------------------------
   0     0       1.000000000000e+00    p   2    1.00000e+00
   1     1      -1.000000000000e+00    p   2    1.00000e+00
   2     2      -1.000000000000e+00    p   2    1.00000e+00
   3     3      -1.000000000000e+00    p   2    1.00000e+00
   4     0       1.000000000000e+00    p   2    1.00000e+00
   5     1      -1.000000000000e+00    p   2    1.00000e+00
   6     2      -1.000000000000e+00    p   2    1.00000e+00
   7     3      -1.000000000000e+00    p   2    1.00000e+00
   8     0       1.000000000000e+00    p   2    1.00000e+00
   9     1      -1.000000000000e+00    p   2    1.00000e+00
  10     2      -1.000000000000e+00    p   2    1.00000e+00
============================================================


============================================================
                  Setting up Fock operator
------------------------------------------------------------
 Precision                                      1.00000e-07
------------------------------------------------------------
 Coulomb density                      1832      3.38933e+00
 Coulomb potential                     808      6.76230e+01
 Allreduce potential                   840      2.58188e-01
 XC total density                     2056      3.95454e+00
 XC evaluate xcfun                    4112      9.70742e+00
 XC energy                            2056      1.75667e-04
 XC potential                         2056      1.23492e-01
------------------------------------------------------------
                 Wall time: 8.50871e+01 sec 
============================================================


============================================================
                  Calculating Fock matrix
------------------------------------------------------------
 Kinetic part                         1.314397605900000e+01
 Potential part                       2.968968603000000e+01
------------------------------------------------------------
                 Wall time: 4.28338e+01 sec 
============================================================




####################### SCF cycle  1 #######################


============================================================
 Current precision                              1.00000e-07
------------------------------------------------------------
 Orbital threshold                              1.00000e-06
 Property threshold                            -1.00000e+00
============================================================


============================================================
                  Digonalizing Fock matrix
------------------------------------------------------------
 Computing Lowdin matrix                        8.40000e-01
 Diagonalizing matrix                           2.49810e-05
 Rotating orbitals                              3.33510e+00
------------------------------------------------------------
                 Wall time: 4.17521e+00 sec 
============================================================


============================================================
                   Calculating SCF energy
------------------------------------------------------------
 Nuclear energy                       5.558989251499405e+01
 Electronic energy                   -2.469135673213128e+02
------------------------------------------------------------
 Total energy                        -1.913236748063188e+02
------------------------------------------------------------
                 Wall time: 2.53801e+01 sec 
============================================================


============================================================
                Rotating Helmholtz argument
------------------------------------------------------------
 Rotating orbitals                              9.88090e-01
------------------------------------------------------------
                 Wall time: 9.88189e-01 sec 
============================================================


============================================================
                Applying Helmholtz operators
------------------------------------------------------------
 Orb    RealNorm   Nodes     ImagNorm   Nodes     Timing
------------------------------------------------------------
  0    1.00000e+00   776    0.00000e+00     0   6.03107e+01
  4    1.00000e+00  1416    0.00000e+00     0   1.37023e+02
  8    1.00000e+00  1288    0.00000e+00     0   1.26556e+02
------------------------------------------------------------
                 Wall time: 3.23927e+02 sec 
============================================================


============================================================
                 Lowdin orthonormalization
------------------------------------------------------------
 Computing Lowdin matrix                        6.07070e-01
 Rotating orbitals                              2.76319e+00
------------------------------------------------------------
                 Wall time: 3.37034e+00 sec 
============================================================


============================================================
               Iterative subspace accelerator
------------------------------------------------------------
 Push back orbitals                             3.34430e-01
 Copy orbitals                                  1.52439e-01
 Copy orbital updates                           1.52699e-01
------------------------------------------------------------
                 Wall time: 6.39687e-01 sec 
============================================================


============================================================
                 Lowdin orthonormalization
------------------------------------------------------------
 Computing Lowdin matrix                        6.47839e-01
 Rotating orbitals                              1.85677e+00
------------------------------------------------------------
                 Wall time: 2.50469e+00 sec 
============================================================


============================================================
                  Setting up Fock operator
------------------------------------------------------------
 Precision                                      1.00000e-07
------------------------------------------------------------
 Coulomb density                      1768      3.23290e+00
 Coulomb potential                     808      7.15802e+01
 Allreduce potential                   840      2.55050e-01
 XC total density                     1960      3.79488e+00
 XC evaluate xcfun                    3920      9.17367e+00
 XC energy                            1960      1.65749e-04
 XC potential                         1960      8.92083e-02
------------------------------------------------------------
                 Wall time: 8.81496e+01 sec 
============================================================


============================================================
                  Calculating Fock matrix
------------------------------------------------------------
 Kinetic part                         1.097756445500000e+01
 Potential part                       2.754795094100000e+01
------------------------------------------------------------
                 Wall time: 3.85256e+01 sec 
============================================================


============================================================
                          Orbitals
------------------------------------------------------------
 Orb    F(i,i)        Error         nNodes  Spin  Occ  Done 
------------------------------------------------------------
  0  -2.42270e+01   2.96661e-06        616    p    2    0
  1  -1.38965e+01   6.02188e-06          0    p    2    0
  2  -9.92997e+00   2.14255e-05          0    p    2    0
  3  -1.25231e+00   1.17833e-04          0    p    2    0
  4  -8.59751e-01   1.96162e-04       1416    p    2    0
  5  -6.42234e-01   3.28361e-04          0    p    2    0
  6  -5.21657e-01   4.58581e-04          0    p    2    0
  7  -5.21658e-01   8.12502e-04          0    p    2    0
  8  -3.52953e-01   8.55477e-04       1288    p    2    0
  9  -3.29189e-01   7.63582e-04          0    p    2    0
 10  -3.29188e-01   1.36163e-03          0    p    2    0
------------------------------------------------------------
 Total error:                            2.04941e-03    0
============================================================


============================================================
                    Energy                 Update      Done 
------------------------------------------------------------
 Orbital      -1.057248689617647e+02    -1.05725e+02    1
 Kinetic       1.903095960013774e+02     1.90310e+02    1
 N-E          -5.639452045516796e+02    -5.63945e+02    1
 Coulomb       1.479279146730930e+02     1.47928e+02    1
 Exchange      0.000000000000000e+00     0.00000e+00    1
 X-C          -2.120587344418274e+01    -2.12059e+01    1
------------------------------------------------------------
 Electronic   -2.469135673213128e+02    -2.46914e+02    1
 Nuclear       5.558989251499405e+01     5.55899e+01    1
------------------------------------------------------------
 Total        -1.913236748063188e+02    -1.91324e+02    1
============================================================


################ Wall time: 4.88020e+02 sec ################




####################### SCF cycle  2 #######################


============================================================
 Current precision                              1.00000e-07
------------------------------------------------------------
 Orbital threshold                              1.00000e-06
 Property threshold                            -1.00000e+00
============================================================


============================================================
                  Digonalizing Fock matrix
------------------------------------------------------------
 Computing Lowdin matrix                        6.07721e-01
 Diagonalizing matrix                           2.24350e-05
 Rotating orbitals                              3.23506e+00
------------------------------------------------------------
                 Wall time: 3.84288e+00 sec 
============================================================


============================================================
                   Calculating SCF energy
------------------------------------------------------------
 Nuclear energy                       5.558989251499405e+01
 Electronic energy                   -2.469135746761878e+02
------------------------------------------------------------
 Total energy                        -1.913236821611937e+02
------------------------------------------------------------
                 Wall time: 2.51932e+01 sec 
============================================================


============================================================
                Rotating Helmholtz argument
------------------------------------------------------------
 Rotating orbitals                              9.87292e-01
------------------------------------------------------------
                 Wall time: 9.87379e-01 sec 
============================================================


============================================================
                Applying Helmholtz operators
------------------------------------------------------------
 Orb    RealNorm   Nodes     ImagNorm   Nodes     Timing
------------------------------------------------------------
  0    1.00000e+00   776    0.00000e+00     0   6.05279e+01
  4    1.00000e+00  1416    0.00000e+00     0   1.39999e+02
  8    1.00000e+00  1288    0.00000e+00     0   1.31891e+02
------------------------------------------------------------
                 Wall time: 3.32446e+02 sec 
============================================================


============================================================
                 Lowdin orthonormalization
------------------------------------------------------------
 Computing Lowdin matrix                        6.09403e-01
 Rotating orbitals                              2.81942e+00
------------------------------------------------------------
                 Wall time: 3.42891e+00 sec 
============================================================


============================================================
               Iterative subspace accelerator
------------------------------------------------------------
 Push back orbitals                             2.54750e-01
 Copy orbitals                                  1.55237e-01
 Copy orbital updates                           1.51468e-01
------------------------------------------------------------
                 Wall time: 5.61569e-01 sec 
============================================================


============================================================
                 Lowdin orthonormalization
------------------------------------------------------------
 Computing Lowdin matrix                        6.55861e-01
 Rotating orbitals                              1.74266e+00
------------------------------------------------------------
                 Wall time: 2.39860e+00 sec 
============================================================


============================================================
                  Setting up Fock operator
------------------------------------------------------------
 Precision                                      1.00000e-07
------------------------------------------------------------
 Coulomb density                      1768      3.27239e+00
 Coulomb potential                     808      7.24519e+01
 Allreduce potential                   840      2.56741e-01
 XC total density                     1960      3.84864e+00
 XC evaluate xcfun                    3920      9.39548e+00
 XC energy                            1960      1.69692e-04
 XC potential                         1960      8.81760e-02
------------------------------------------------------------
                 Wall time: 8.93377e+01 sec 
============================================================


============================================================
                  Calculating Fock matrix
------------------------------------------------------------
 Kinetic part                         1.095811325600000e+01
 Potential part                       2.766914389500000e+01
------------------------------------------------------------
                 Wall time: 3.86274e+01 sec 
============================================================


============================================================
                          Orbitals
------------------------------------------------------------
 Orb    F(i,i)        Error         nNodes  Spin  Occ  Done 
------------------------------------------------------------
  0  -2.42270e+01   8.15462e-07        616    p    2    1
  1  -1.38965e+01   2.10915e-06          0    p    2    0
  2  -9.92997e+00   9.64847e-06          0    p    2    0
  3  -1.25231e+00   4.12911e-05          0    p    2    0
  4  -8.59754e-01   7.92828e-05       1416    p    2    0
  5  -6.42235e-01   2.92744e-05          0    p    2    0
  6  -5.21659e-01   1.06396e-04          0    p    2    0
  7  -5.21659e-01   2.63311e-05          0    p    2    0
  8  -3.52955e-01   9.56643e-05       1288    p    2    0
  9  -3.29191e-01   5.62423e-05          0    p    2    0
 10  -3.29190e-01   2.19645e-04          0    p    2    0
------------------------------------------------------------
 Total error:                            2.85514e-04    0
============================================================


============================================================
                    Energy                 Update      Done 
------------------------------------------------------------
 Orbital      -1.057248988398290e+02    -2.98781e-05    1
 Kinetic       1.903095919599804e+02    -4.04140e-06    1
 N-E          -5.639451730166280e+02     3.15351e-05    1
 Coulomb       1.479278916015586e+02    -2.30715e-05    1
 Exchange      0.000000000000000e+00     0.00000e+00    1
 X-C          -2.120587171521248e+01     1.72897e-06    1
------------------------------------------------------------
 Electronic   -2.469135746761878e+02    -7.35487e-06    1
 Nuclear       5.558989251499405e+01     0.00000e+00    1
------------------------------------------------------------
 Total        -1.913236821611937e+02    -7.35487e-06    1
============================================================


################ Wall time: 4.97199e+02 sec ################




####################### SCF cycle  3 #######################


============================================================
 Current precision                              1.00000e-07
------------------------------------------------------------
 Orbital threshold                              1.00000e-06
 Property threshold                            -1.00000e+00
============================================================


============================================================
                   Calculating SCF energy
------------------------------------------------------------
 Nuclear energy                       5.558989251499405e+01
 Electronic energy                   -2.469135748775613e+02
------------------------------------------------------------
 Total energy                        -1.913236823625673e+02
------------------------------------------------------------
                 Wall time: 2.80832e+01 sec 
============================================================


============================================================
                Rotating Helmholtz argument
------------------------------------------------------------
 Rotating orbitals                              3.30619e+00
------------------------------------------------------------
                 Wall time: 3.30626e+00 sec 
============================================================


============================================================
                Applying Helmholtz operators
------------------------------------------------------------
 Orb    RealNorm   Nodes     ImagNorm   Nodes     Timing
------------------------------------------------------------
  0    1.00000e+00   776    0.00000e+00     0   6.25298e+01
  4    1.00000e+00  1416    0.00000e+00     0   1.37227e+02
  8    1.00000e+00  1288    0.00000e+00     0   1.28177e+02
------------------------------------------------------------
                 Wall time: 3.27948e+02 sec 
============================================================


============================================================
                 Lowdin orthonormalization
------------------------------------------------------------
 Computing Lowdin matrix                        6.08977e-01
 Rotating orbitals                              3.01890e+00
------------------------------------------------------------
                 Wall time: 3.62796e+00 sec 
============================================================


============================================================
               Iterative subspace accelerator
------------------------------------------------------------
 Push back orbitals                             1.77185e-01
 Setup linear system                            4.29966e-01
 Solve linear system                            1.19350e-05
 Expand solution                                8.17484e-01
------------------------------------------------------------
                 Wall time: 1.42475e+00 sec 
============================================================


============================================================
                 Lowdin orthonormalization
------------------------------------------------------------
 Computing Lowdin matrix                        1.03026e+00
 Rotating orbitals                              2.72551e+00
------------------------------------------------------------
                 Wall time: 3.75585e+00 sec 
============================================================


============================================================
                  Setting up Fock operator
------------------------------------------------------------
 Precision                                      1.00000e-07
------------------------------------------------------------
 Coulomb density                      1768      3.44254e+00
 Coulomb potential                     808      7.54998e+01
 Allreduce potential                   840      2.54801e-01
 XC total density                     1960      3.96194e+00
 XC evaluate xcfun                    3920      9.52059e+00
 XC energy                            1960      1.89336e-04
 XC potential                         1960      9.46447e-02
------------------------------------------------------------
                 Wall time: 9.27983e+01 sec 
============================================================


============================================================
                  Calculating Fock matrix
------------------------------------------------------------
 Kinetic part                         1.034301959700000e+01
 Potential part                       2.786543961300000e+01
------------------------------------------------------------
                 Wall time: 3.82086e+01 sec 
============================================================


============================================================
                          Orbitals
------------------------------------------------------------
 Orb    F(i,i)        Error         nNodes  Spin  Occ  Done 
------------------------------------------------------------
  0  -2.42270e+01   7.69620e-07        616    p    2    1
  1  -1.38965e+01   8.08851e-07          0    p    2    1
  2  -9.92997e+00   1.01971e-05          0    p    2    0
  3  -1.25231e+00   2.17087e-05          0    p    2    0
  4  -8.59753e-01   3.09059e-05       1416    p    2    0
  5  -6.42235e-01   2.27073e-05          0    p    2    0
  6  -5.21659e-01   4.32404e-05          0    p    2    0
  7  -5.21659e-01   7.37951e-06          0    p    2    0
  8  -3.52955e-01   7.04014e-05       1288    p    2    0
  9  -3.29190e-01   1.33593e-05          0    p    2    0
 10  -3.29190e-01   1.07007e-04          0    p    2    0
------------------------------------------------------------
 Total error:                            1.43376e-04    0
============================================================


============================================================
                    Energy                 Update      Done 
------------------------------------------------------------
 Orbital      -1.057249516788397e+02    -5.28390e-05    1
 Kinetic       1.903095705719828e+02    -2.13880e-05    1
 N-E          -5.639451016211945e+02     7.13954e-05    1
 Coulomb       1.479278372833097e+02    -5.43182e-05    1
 Exchange      0.000000000000000e+00     0.00000e+00    1
 X-C          -2.120586639687971e+01     5.31833e-06    1
------------------------------------------------------------
 Electronic   -2.469135748775613e+02    -2.01374e-07    1
 Nuclear       5.558989251499405e+01     0.00000e+00    1
------------------------------------------------------------
 Total        -1.913236823625673e+02    -2.01374e-07    1
============================================================


################ Wall time: 4.99928e+02 sec ################




####################### SCF cycle  4 #######################


============================================================
 Current precision                              1.00000e-07
------------------------------------------------------------
 Orbital threshold                              1.00000e-06
 Property threshold                            -1.00000e+00
============================================================


============================================================
                   Calculating SCF energy
------------------------------------------------------------
 Nuclear energy                       5.558989251499405e+01
 Electronic energy                   -2.469135749542725e+02
------------------------------------------------------------
 Total energy                        -1.913236824392785e+02
------------------------------------------------------------
                 Wall time: 2.98424e+01 sec 
============================================================


============================================================
                Rotating Helmholtz argument
------------------------------------------------------------
 Rotating orbitals                              3.34847e+00
------------------------------------------------------------
                 Wall time: 3.34855e+00 sec 
============================================================


============================================================
                Applying Helmholtz operators
------------------------------------------------------------
 Orb    RealNorm   Nodes     ImagNorm   Nodes     Timing
------------------------------------------------------------
  0    1.00000e+00   776    0.00000e+00     0   6.86119e+01
  4    1.00000e+00  1416    0.00000e+00     0   1.44350e+02
  8    1.00000e+00  1288    0.00000e+00     0   1.30725e+02
------------------------------------------------------------
                 Wall time: 3.43722e+02 sec 
============================================================


============================================================
                 Lowdin orthonormalization
------------------------------------------------------------
 Computing Lowdin matrix                        6.05887e-01
 Rotating orbitals                              2.80428e+00
------------------------------------------------------------
                 Wall time: 3.41024e+00 sec 
============================================================


============================================================
               Iterative subspace accelerator
------------------------------------------------------------
 Push back orbitals                             2.74381e-01
 Setup linear system                            1.29648e+00
 Solve linear system                            1.42800e-05
 Expand solution                                1.23106e+00
------------------------------------------------------------
                 Wall time: 2.80207e+00 sec 
============================================================


============================================================
                 Lowdin orthonormalization
------------------------------------------------------------
 Computing Lowdin matrix                        1.08021e+00
 Rotating orbitals                              2.83993e+00
------------------------------------------------------------
                 Wall time: 3.92022e+00 sec 
============================================================


============================================================
                  Setting up Fock operator
------------------------------------------------------------
 Precision                                      1.00000e-07
------------------------------------------------------------
 Coulomb density                      1768      3.38993e+00
 Coulomb potential                     808      7.96178e+01
 Allreduce potential                   840      2.54290e-01
 XC total density                     1960      3.94828e+00
 XC evaluate xcfun                    3920      9.39919e+00
 XC energy                            1960      1.81158e-04
 XC potential                         1960      8.75981e-02
------------------------------------------------------------
                 Wall time: 9.67228e+01 sec 
============================================================


============================================================
                  Calculating Fock matrix
------------------------------------------------------------
 Kinetic part                         1.053969231200000e+01
 Potential part                       2.861694065800000e+01
------------------------------------------------------------
                 Wall time: 3.91568e+01 sec 
============================================================


============================================================
                          Orbitals
------------------------------------------------------------
 Orb    F(i,i)        Error         nNodes  Spin  Occ  Done 
------------------------------------------------------------
  0  -2.42270e+01   1.77251e-06        616    p    2    0
  1  -1.38965e+01   7.50727e-07          0    p    2    1
  2  -9.92997e+00   2.00911e-05          0    p    2    0
  3  -1.25231e+00   2.85427e-05          0    p    2    0
  4  -8.59755e-01   3.02970e-05       1416    p    2    0
  5  -6.42236e-01   3.78833e-05          0    p    2    0
  6  -5.21660e-01   4.52220e-05          0    p    2    0
  7  -5.21660e-01   1.30004e-05          0    p    2    0
  8  -3.52956e-01   1.28333e-04       1288    p    2    0
  9  -3.29192e-01   1.93597e-05          0    p    2    0
 10  -3.29191e-01   1.28094e-04          0    p    2    0
------------------------------------------------------------
 Total error:                            1.97589e-04    0
============================================================


============================================================
                    Energy                 Update      Done 
------------------------------------------------------------
 Orbital      -1.057249395719340e+02     1.21069e-05    1
 Kinetic       1.903095875573408e+02     1.69854e-05    1
 N-E          -5.639451293112297e+02    -2.76900e-05    1
 Coulomb       1.479278500157132e+02     1.27324e-05    1
 Exchange      0.000000000000000e+00     0.00000e+00    1
 X-C          -2.120586808871610e+01    -1.69184e-06    1
------------------------------------------------------------
 Electronic   -2.469135749542725e+02    -7.67112e-08    1
 Nuclear       5.558989251499405e+01     0.00000e+00    1
------------------------------------------------------------
 Total        -1.913236824392785e+02    -7.67112e-08    1
============================================================


################ Wall time: 5.23987e+02 sec ################




####################### SCF cycle  5 #######################


============================================================
 Current precision                              1.00000e-07
------------------------------------------------------------
 Orbital threshold                              1.00000e-06
 Property threshold                            -1.00000e+00
============================================================


============================================================
                   Calculating SCF energy
------------------------------------------------------------
 Nuclear energy                       5.558989251499405e+01
 Electronic energy                   -2.469135750317043e+02
------------------------------------------------------------
 Total energy                        -1.913236825167102e+02
------------------------------------------------------------
                 Wall time: 3.03598e+01 sec 
============================================================


============================================================
                Rotating Helmholtz argument
------------------------------------------------------------
 Rotating orbitals                              3.42531e+00
------------------------------------------------------------
                 Wall time: 3.42540e+00 sec 
============================================================


============================================================
                Applying Helmholtz operators
------------------------------------------------------------
 Orb    RealNorm   Nodes     ImagNorm   Nodes     Timing
------------------------------------------------------------
  0    1.00000e+00   776    0.00000e+00     0   6.76242e+01
  4    1.00000e+00  1416    0.00000e+00     0   1.47617e+02
  8    1.00000e+00  1288    0.00000e+00     0   1.32889e+02
------------------------------------------------------------
                 Wall time: 3.48173e+02 sec 
============================================================


============================================================
                 Lowdin orthonormalization
------------------------------------------------------------
 Computing Lowdin matrix                        6.17291e-01
 Rotating orbitals                              3.02124e+00
------------------------------------------------------------
                 Wall time: 3.63862e+00 sec 
============================================================


============================================================
               Iterative subspace accelerator
------------------------------------------------------------
 Push back orbitals                             2.76613e-01
 Setup linear system                            2.85422e+00
 Solve linear system                            1.37750e-05
 Expand solution                                1.80219e+00
------------------------------------------------------------
                 Wall time: 4.93317e+00 sec 
============================================================


============================================================
                 Lowdin orthonormalization
------------------------------------------------------------
 Computing Lowdin matrix                        1.20893e+00
 Rotating orbitals                              2.84344e+00
------------------------------------------------------------
                 Wall time: 4.05245e+00 sec 
============================================================


============================================================
                  Setting up Fock operator
------------------------------------------------------------
 Precision                                      1.00000e-07
------------------------------------------------------------
 Coulomb density                      1768      3.70267e+00
 Coulomb potential                     808      7.88323e+01
 Allreduce potential                   840      2.55474e-01
 XC total density                     1960      4.06934e+00
 XC evaluate xcfun                    3920      9.54281e+00
 XC energy                            1960      1.75686e-04
 XC potential                         1960      9.88978e-02
------------------------------------------------------------
                 Wall time: 9.65256e+01 sec 
============================================================


============================================================
                  Calculating Fock matrix
------------------------------------------------------------
 Kinetic part                         1.037382205500000e+01
 Potential part                       2.841981353900000e+01
------------------------------------------------------------
                 Wall time: 3.87938e+01 sec 
============================================================


============================================================
                          Orbitals
------------------------------------------------------------
 Orb    F(i,i)        Error         nNodes  Spin  Occ  Done 
------------------------------------------------------------
  0  -2.42270e+01   1.17245e-06        616    p    2    0
  1  -1.38965e+01   9.92186e-07          0    p    2    1
  2  -9.92997e+00   1.12470e-05          0    p    2    0
  3  -1.25231e+00   1.14814e-05          0    p    2    0
  4  -8.59752e-01   1.28174e-05       1416    p    2    0
  5  -6.42234e-01   1.80520e-05          0    p    2    0
  6  -5.21658e-01   1.69924e-05          0    p    2    0
  7  -5.21658e-01   3.57622e-06          0    p    2    0
  8  -3.52953e-01   7.41701e-05       1288    p    2    0
  9  -3.29189e-01   1.00502e-05          0    p    2    0
 10  -3.29189e-01   6.05150e-05          0    p    2    0
------------------------------------------------------------
 Total error:                            1.01571e-04    0
============================================================


============================================================
                    Energy                 Update      Done 
------------------------------------------------------------
 Orbital      -1.057249698216736e+02    -3.02497e-05    1
 Kinetic       1.903095640661765e+02    -2.34912e-05    1
 N-E          -5.639450779493552e+02     5.13619e-05    1
 Coulomb       1.479278186947617e+02    -3.13210e-05    1
 Exchange      0.000000000000000e+00     0.00000e+00    1
 X-C          -2.120586449577060e+01     3.59295e-06    1
------------------------------------------------------------
 Electronic   -2.469135750317043e+02    -7.74318e-08    1
 Nuclear       5.558989251499405e+01     0.00000e+00    1
------------------------------------------------------------
 Total        -1.913236825167102e+02    -7.74318e-08    1
============================================================


################ Wall time: 5.31131e+02 sec ################




####################### SCF cycle  6 #######################


============================================================
 Current precision                              1.00000e-07
------------------------------------------------------------
 Orbital threshold                              1.00000e-06
 Property threshold                            -1.00000e+00
============================================================


============================================================
                   Calculating SCF energy
------------------------------------------------------------
 Nuclear energy                       5.558989251499405e+01
 Electronic energy                   -2.469135750485543e+02
------------------------------------------------------------
 Total energy                        -1.913236825335602e+02
------------------------------------------------------------
                 Wall time: 2.92834e+01 sec 
============================================================


============================================================
                Rotating Helmholtz argument
------------------------------------------------------------
 Rotating orbitals                              3.37106e+00
------------------------------------------------------------
                 Wall time: 3.37115e+00 sec 
============================================================


============================================================
                Applying Helmholtz operators
------------------------------------------------------------
 Orb    RealNorm   Nodes     ImagNorm   Nodes     Timing
------------------------------------------------------------
  0    1.00000e+00   776    0.00000e+00     0   7.15371e+01
  4    1.00000e+00  1416    0.00000e+00     0   1.50111e+02
  8    1.00000e+00  1288    0.00000e+00     0   1.39108e+02
------------------------------------------------------------
                 Wall time: 3.60764e+02 sec 
============================================================


============================================================
                 Lowdin orthonormalization
------------------------------------------------------------
 Computing Lowdin matrix                        6.11720e-01
 Rotating orbitals                              2.90057e+00
------------------------------------------------------------
                 Wall time: 3.51238e+00 sec 
============================================================


============================================================
               Iterative subspace accelerator
------------------------------------------------------------
 Push back orbitals                             4.50276e-01
 Setup linear system                            2.73654e+00
 Solve linear system                            9.45400e-06
 Expand solution                                1.81746e+00
------------------------------------------------------------
                 Wall time: 5.00442e+00 sec 
============================================================


============================================================
                 Lowdin orthonormalization
------------------------------------------------------------
 Computing Lowdin matrix                        1.38890e+00
 Rotating orbitals                              3.14141e+00
------------------------------------------------------------
                 Wall time: 4.53038e+00 sec 
============================================================


============================================================
                  Setting up Fock operator
------------------------------------------------------------
 Precision                                      1.00000e-07
------------------------------------------------------------
 Coulomb density                      1768      3.84446e+00
 Coulomb potential                     808      8.22111e+01
 Allreduce potential                   840      2.61870e-01
 XC total density                     1960      4.32989e+00
 XC evaluate xcfun                    3920      9.60397e+00
 XC energy                            1960      1.89526e-04
 XC potential                         1960      9.20472e-02
------------------------------------------------------------
                 Wall time: 1.00370e+02 sec 
============================================================


============================================================
                  Calculating Fock matrix
------------------------------------------------------------
 Kinetic part                         1.008393001700000e+01
 Potential part                       3.097338893000000e+01
------------------------------------------------------------
                 Wall time: 4.10575e+01 sec 
============================================================


============================================================
                          Orbitals
------------------------------------------------------------
 Orb    F(i,i)        Error         nNodes  Spin  Occ  Done 
------------------------------------------------------------
  0  -2.42270e+01   1.90829e-07        632    p    2    1
  1  -1.38965e+01   3.95731e-07          0    p    2    1
  2  -9.92997e+00   1.83148e-06          0    p    2    0
  3  -1.25231e+00   1.72464e-06          0    p    2    0
  4  -8.59754e-01   2.62269e-06       1416    p    2    0
  5  -6.42236e-01   2.61450e-06          0    p    2    0
  6  -5.21660e-01   3.74196e-06          0    p    2    0
  7  -5.21660e-01   8.30100e-07          0    p    2    1
  8  -3.52956e-01   1.68409e-05       1288    p    2    0
  9  -3.29191e-01   2.08272e-06          0    p    2    0
 10  -3.29191e-01   1.09222e-05          0    p    2    0
------------------------------------------------------------
 Total error:                            2.10280e-05    0
============================================================


============================================================
                    Energy                 Update      Done 
------------------------------------------------------------
 Orbital      -1.057249126544688e+02     5.71672e-05    1
 Kinetic       1.903096082940420e+02     4.42279e-05    1
 N-E          -5.639451747002643e+02    -9.67509e-05    1
 Coulomb       1.479278780330203e+02     5.93383e-05    1
 Exchange      0.000000000000000e+00     0.00000e+00    1
 X-C          -2.120587123352182e+01    -6.73775e-06    1
------------------------------------------------------------
 Electronic   -2.469135750485543e+02    -1.68500e-08    1
 Nuclear       5.558989251499405e+01     0.00000e+00    1
------------------------------------------------------------
 Total        -1.913236825335602e+02    -1.68500e-08    1
============================================================


################ Wall time: 5.49446e+02 sec ################




####################### SCF cycle  7 #######################


============================================================
 Current precision                              1.00000e-07
------------------------------------------------------------
 Orbital threshold                              1.00000e-06
 Property threshold                            -1.00000e+00
============================================================


============================================================
                   Calculating SCF energy
------------------------------------------------------------
 Nuclear energy                       5.558989251499405e+01
 Electronic energy                   -2.469135750498410e+02
------------------------------------------------------------
 Total energy                        -1.913236825348470e+02
------------------------------------------------------------
                 Wall time: 3.18142e+01 sec 
============================================================


============================================================
                Rotating Helmholtz argument
------------------------------------------------------------
 Rotating orbitals                              3.28995e+00
------------------------------------------------------------
                 Wall time: 3.29004e+00 sec 
============================================================


============================================================
                Applying Helmholtz operators
------------------------------------------------------------
 Orb    RealNorm   Nodes     ImagNorm   Nodes     Timing
------------------------------------------------------------
  0    1.00000e+00   776    0.00000e+00     0   7.29568e+01
  4    1.00000e+00  1416    0.00000e+00     0   1.58160e+02
  8    1.00000e+00  1288    0.00000e+00     0   1.49129e+02
------------------------------------------------------------
                 Wall time: 3.80258e+02 sec 
============================================================


============================================================
                 Lowdin orthonormalization
------------------------------------------------------------
 Computing Lowdin matrix                        6.06987e-01
 Rotating orbitals                              2.93874e+00
------------------------------------------------------------
                 Wall time: 3.54581e+00 sec 
============================================================


============================================================
               Iterative subspace accelerator
------------------------------------------------------------
 Push back orbitals                             4.20732e-01
 Setup linear system                            2.99391e+00
 Solve linear system                            9.57800e-06
 Expand solution                                2.02483e+00
------------------------------------------------------------
                 Wall time: 5.43962e+00 sec 
============================================================


============================================================
                 Lowdin orthonormalization
------------------------------------------------------------
 Computing Lowdin matrix                        1.23650e+00
 Rotating orbitals                              3.10864e+00
------------------------------------------------------------
                 Wall time: 4.34522e+00 sec 
============================================================


============================================================
                  Setting up Fock operator
------------------------------------------------------------
 Precision                                      1.00000e-07
------------------------------------------------------------
 Coulomb density                      1768      4.04228e+00
 Coulomb potential                     808      8.52770e+01
 Allreduce potential                   840      2.78948e-01
 XC total density                     1960      4.66750e+00
 XC evaluate xcfun                    3920      9.74383e+00
 XC energy                            1960      2.00521e-04
 XC potential                         1960      1.05628e-01
------------------------------------------------------------
                 Wall time: 1.04142e+02 sec 
============================================================


============================================================
                  Calculating Fock matrix
------------------------------------------------------------
 Kinetic part                         1.020302844400000e+01
 Potential part                       3.121522787200000e+01
------------------------------------------------------------
                 Wall time: 4.14184e+01 sec 
============================================================


============================================================
                          Orbitals
------------------------------------------------------------
 Orb    F(i,i)        Error         nNodes  Spin  Occ  Done 
------------------------------------------------------------
  0  -2.42270e+01   4.84285e-07        648    p    2    1
  1  -1.38965e+01   3.19621e-07          0    p    2    1
  2  -9.92997e+00   8.82190e-07          0    p    2    1
  3  -1.25231e+00   7.66513e-07          0    p    2    1
  4  -8.59753e-01   1.74582e-06       1416    p    2    0
  5  -6.42235e-01   3.42485e-06          0    p    2    0
  6  -5.21658e-01   4.93062e-06          0    p    2    0
  7  -5.21658e-01   6.36858e-07          0    p    2    1
  8  -3.52954e-01   9.06112e-06       1288    p    2    0
  9  -3.29190e-01   1.08957e-06          0    p    2    0
 10  -3.29190e-01   4.66637e-06          0    p    2    0
------------------------------------------------------------
 Total error:                            1.20939e-05    0
============================================================


============================================================
                    Energy                 Update      Done 
------------------------------------------------------------
 Orbital      -1.057249653517981e+02    -5.26973e-05    1
 Kinetic       1.903095661293594e+02    -4.21647e-05    1
 N-E          -5.639450840712243e+02     9.06290e-05    1
 Coulomb       1.479278233383563e+02    -5.46947e-05    1
 Exchange      0.000000000000000e+00     0.00000e+00    1
 X-C          -2.120586498684977e+01     6.24667e-06    1
------------------------------------------------------------
 Electronic   -2.469135750498410e+02    -1.28674e-09    1
 Nuclear       5.558989251499405e+01     0.00000e+00    1
------------------------------------------------------------
 Total        -1.913236825348470e+02    -1.28674e-09    1
============================================================


################ Wall time: 5.75608e+02 sec ################




####################### SCF cycle  8 #######################


============================================================
 Current precision                              1.00000e-07
------------------------------------------------------------
 Orbital threshold                              1.00000e-06
 Property threshold                            -1.00000e+00
============================================================


============================================================
                   Calculating SCF energy
------------------------------------------------------------
 Nuclear energy                       5.558989251499405e+01
 Electronic energy                   -2.469135750503133e+02
------------------------------------------------------------
 Total energy                        -1.913236825353192e+02
------------------------------------------------------------
                 Wall time: 3.30741e+01 sec 
============================================================


============================================================
                Rotating Helmholtz argument
------------------------------------------------------------
 Rotating orbitals                              3.52067e+00
------------------------------------------------------------
                 Wall time: 3.52076e+00 sec 
============================================================


============================================================
                Applying Helmholtz operators
------------------------------------------------------------
 Orb    RealNorm   Nodes     ImagNorm   Nodes     Timing
------------------------------------------------------------
  0    1.00000e+00   776    0.00000e+00     0   7.34785e+01
  4    1.00000e+00  1416    0.00000e+00     0   1.65677e+02
  8    1.00000e+00  1288    0.00000e+00     0   1.54946e+02
------------------------------------------------------------
                 Wall time: 3.94136e+02 sec 
============================================================


============================================================
                 Lowdin orthonormalization
------------------------------------------------------------
 Computing Lowdin matrix                        6.07213e-01
 Rotating orbitals                              3.18599e+00
------------------------------------------------------------
                 Wall time: 3.79329e+00 sec 
============================================================


============================================================
               Iterative subspace accelerator
------------------------------------------------------------
 Push back orbitals                             3.07082e-01
 Setup linear system                            2.98718e+00
 Solve linear system                            9.41500e-06
 Expand solution                                2.00119e+00
------------------------------------------------------------
                 Wall time: 5.29560e+00 sec 
============================================================


============================================================
                 Lowdin orthonormalization
------------------------------------------------------------
 Computing Lowdin matrix                        1.06859e+00
 Rotating orbitals                              3.11241e+00
------------------------------------------------------------
                 Wall time: 4.18108e+00 sec 
============================================================


============================================================
                  Setting up Fock operator
------------------------------------------------------------
 Precision                                      1.00000e-07
------------------------------------------------------------
 Coulomb density                      1768      4.07097e+00
 Coulomb potential                     808      8.53256e+01
 Allreduce potential                   840      2.73789e-01
 XC total density                     1960      4.74462e+00
 XC evaluate xcfun                    3920      9.77399e+00
 XC energy                            1960      2.18060e-04
 XC potential                         1960      1.08417e-01
------------------------------------------------------------
                 Wall time: 1.04324e+02 sec 
============================================================


============================================================
                  Calculating Fock matrix
------------------------------------------------------------
 Kinetic part                         1.022580240400000e+01
 Potential part                       3.057345914700000e+01
------------------------------------------------------------
                 Wall time: 4.07994e+01 sec 
============================================================


============================================================
                          Orbitals
------------------------------------------------------------
 Orb    F(i,i)        Error         nNodes  Spin  Occ  Done 
------------------------------------------------------------
  0  -2.42270e+01   1.29372e-07        648    p    2    1
  1  -1.38965e+01   2.42078e-07          0    p    2    1
  2  -9.92997e+00   9.60893e-07          0    p    2    1
  3  -1.25231e+00   7.16951e-07          0    p    2    1
  4  -8.59754e-01   1.68046e-06       1416    p    2    0
  5  -6.42236e-01   4.23682e-06          0    p    2    0
  6  -5.21659e-01   5.00597e-06          0    p    2    0
  7  -5.21659e-01   5.09969e-07          0    p    2    1
  8  -3.52955e-01   5.09594e-06       1288    p    2    0
  9  -3.29191e-01   6.90577e-07          0    p    2    1
 10  -3.29191e-01   3.10855e-06          0    p    2    0
------------------------------------------------------------
 Total error:                            9.14963e-06    0
============================================================


============================================================
                    Energy                 Update      Done 
------------------------------------------------------------
 Orbital      -1.057249252193049e+02     4.01325e-05    1
 Kinetic       1.903095987495172e+02     3.26202e-05    1
 N-E          -5.639451535815174e+02    -6.95103e-05    1
 Coulomb       1.479278649960496e+02     4.16577e-05    1
 Exchange      0.000000000000000e+00     0.00000e+00    1
 X-C          -2.120586974987035e+01    -4.76302e-06    1
------------------------------------------------------------
 Electronic   -2.469135750503133e+02    -4.72284e-10    1
 Nuclear       5.558989251499405e+01     0.00000e+00    1
------------------------------------------------------------
 Total        -1.913236825353192e+02    -4.72284e-10    1
============================================================


################ Wall time: 5.90480e+02 sec ################




####################### SCF cycle  9 #######################


============================================================
 Current precision                              1.00000e-07
------------------------------------------------------------
 Orbital threshold                              1.00000e-06
 Property threshold                            -1.00000e+00
============================================================


============================================================
                   Calculating SCF energy
------------------------------------------------------------
 Nuclear energy                       5.558989251499405e+01
 Electronic energy                   -2.469135750505055e+02
------------------------------------------------------------
 Total energy                        -1.913236825355114e+02
------------------------------------------------------------
                 Wall time: 3.29951e+01 sec 
============================================================


============================================================
                Rotating Helmholtz argument
------------------------------------------------------------
 Rotating orbitals                              3.45795e+00
------------------------------------------------------------
                 Wall time: 3.45860e+00 sec 
============================================================


============================================================
                Applying Helmholtz operators
------------------------------------------------------------
 Orb    RealNorm   Nodes     ImagNorm   Nodes     Timing
------------------------------------------------------------
  0    1.00000e+00   776    0.00000e+00     0   7.43643e+01
  4    1.00000e+00  1416    0.00000e+00     0   1.59800e+02
  8    1.00000e+00  1288    0.00000e+00     0   1.54719e+02
------------------------------------------------------------
                 Wall time: 3.88914e+02 sec 
============================================================


============================================================
                 Lowdin orthonormalization
------------------------------------------------------------
 Computing Lowdin matrix                        6.15237e-01
 Rotating orbitals                              3.02198e+00
------------------------------------------------------------
                 Wall time: 3.63729e+00 sec 
============================================================


============================================================
               Iterative subspace accelerator
------------------------------------------------------------
 Push back orbitals                             3.31125e-01
 Setup linear system                            2.91133e+00
 Solve linear system                            9.81200e-06
 Expand solution                                1.96662e+00
------------------------------------------------------------
                 Wall time: 5.20922e+00 sec 
============================================================


============================================================
                 Lowdin orthonormalization
------------------------------------------------------------
 Computing Lowdin matrix                        1.17130e+00
 Rotating orbitals                              2.93084e+00
------------------------------------------------------------
                 Wall time: 4.10222e+00 sec 
============================================================


============================================================
                  Setting up Fock operator
------------------------------------------------------------
 Precision                                      1.00000e-07
------------------------------------------------------------
 Coulomb density                      1768      3.76969e+00
 Coulomb potential                     808      7.83409e+01
 Allreduce potential                   840      4.46978e+00
 XC total density                     1960      4.32056e+00
 XC evaluate xcfun                    3920      9.61302e+00
 XC energy                            1960      2.00225e-04
 XC potential                         1960      9.72820e-02
------------------------------------------------------------
                 Wall time: 1.00637e+02 sec 
============================================================


============================================================
                  Calculating Fock matrix
------------------------------------------------------------
 Kinetic part                         9.974286590000000e+00
 Potential part                       3.036233572800000e+01
------------------------------------------------------------
                 Wall time: 4.03367e+01 sec 
============================================================


============================================================
                          Orbitals
------------------------------------------------------------
 Orb    F(i,i)        Error         nNodes  Spin  Occ  Done 
------------------------------------------------------------
  0  -2.42270e+01   2.18881e-07        632    p    2    1
  1  -1.38965e+01   3.28450e-08          0    p    2    1
  2  -9.92997e+00   5.27698e-07          0    p    2    1
  3  -1.25231e+00   4.71112e-07          0    p    2    1
  4  -8.59754e-01   9.52341e-07       1416    p    2    1
  5  -6.42235e-01   2.23218e-06          0    p    2    0
  6  -5.21659e-01   1.79644e-06          0    p    2    0
  7  -5.21659e-01   1.84402e-07          0    p    2    1
  8  -3.52955e-01   4.92969e-07       1288    p    2    1
  9  -3.29191e-01   2.84166e-07          0    p    2    1
 10  -3.29190e-01   2.00302e-06          0    p    2    0
------------------------------------------------------------
 Total error:                            3.74647e-06    0
============================================================


============================================================
                    Energy                 Update      Done 
------------------------------------------------------------
 Orbital      -1.057249515919426e+02    -2.63726e-05    1
 Kinetic       1.903095772226238e+02    -2.15269e-05    1
 N-E          -5.639451078104785e+02     4.57710e-05    1
 Coulomb       1.479278376208695e+02    -2.73752e-05    1
 Exchange      0.000000000000000e+00     0.00000e+00    1
 X-C          -2.120586661837807e+01     3.13149e-06    1
------------------------------------------------------------
 Electronic   -2.469135750505055e+02    -1.92188e-10    1
 Nuclear       5.558989251499405e+01     0.00000e+00    1
------------------------------------------------------------
 Total        -1.913236825355114e+02    -1.92188e-10    1
============================================================


################ Wall time: 5.80646e+02 sec ################




####################### SCF cycle 10 #######################


============================================================
 Current precision                              1.00000e-07
------------------------------------------------------------
 Orbital threshold                              1.00000e-06
 Property threshold                            -1.00000e+00
============================================================


============================================================
                   Calculating SCF energy
------------------------------------------------------------
 Nuclear energy                       5.558989251499405e+01
 Electronic energy                   -2.469135750505664e+02
------------------------------------------------------------
 Total energy                        -1.913236825355723e+02
------------------------------------------------------------
                 Wall time: 3.25616e+01 sec 
============================================================


============================================================
                Rotating Helmholtz argument
------------------------------------------------------------
 Rotating orbitals                              3.49198e+00
------------------------------------------------------------
                 Wall time: 3.49206e+00 sec 
============================================================


============================================================
                Applying Helmholtz operators
------------------------------------------------------------
 Orb    RealNorm   Nodes     ImagNorm   Nodes     Timing
------------------------------------------------------------
  0    1.00000e+00   776    0.00000e+00     0   7.29589e+01
  4    1.00000e+00  1416    0.00000e+00     0   1.56126e+02
  8    1.00000e+00  1288    0.00000e+00     0   1.47602e+02
------------------------------------------------------------
                 Wall time: 3.76735e+02 sec 
============================================================


============================================================
                 Lowdin orthonormalization
------------------------------------------------------------
 Computing Lowdin matrix                        6.13133e-01
 Rotating orbitals                              3.03663e+00
------------------------------------------------------------
                 Wall time: 3.64985e+00 sec 
============================================================


============================================================
               Iterative subspace accelerator
------------------------------------------------------------
 Push back orbitals                             2.78158e-01
 Setup linear system                            2.56950e+00
 Solve linear system                            9.52600e-06
 Expand solution                                1.81900e+00
------------------------------------------------------------
                 Wall time: 4.66678e+00 sec 
============================================================


============================================================
                 Lowdin orthonormalization
------------------------------------------------------------
 Computing Lowdin matrix                        1.14427e+00
 Rotating orbitals                              2.83909e+00
------------------------------------------------------------
                 Wall time: 3.98342e+00 sec 
============================================================


============================================================
                  Setting up Fock operator
------------------------------------------------------------
 Precision                                      1.00000e-07
------------------------------------------------------------
 Coulomb density                      1768      3.66574e+00
 Coulomb potential                     808      7.73981e+01
 Allreduce potential                   840      8.11322e-01
 XC total density                     1960      4.20677e+00
 XC evaluate xcfun                    3920      9.46702e+00
 XC energy                            1960      1.91498e-04
 XC potential                         1960      9.67114e-02
------------------------------------------------------------
                 Wall time: 9.56715e+01 sec 
============================================================


============================================================
                  Calculating Fock matrix
------------------------------------------------------------
 Kinetic part                         9.964739641000000e+00
 Potential part                       2.980664383100000e+01
------------------------------------------------------------
                 Wall time: 3.97715e+01 sec 
============================================================


============================================================
                          Orbitals
------------------------------------------------------------
 Orb    F(i,i)        Error         nNodes  Spin  Occ  Done 
------------------------------------------------------------
  0  -2.42270e+01   4.15930e-07        616    p    2    1
  1  -1.38965e+01   5.91329e-08          0    p    2    1
  2  -9.92997e+00   1.65836e-07          0    p    2    1
  3  -1.25231e+00   2.16324e-07          0    p    2    1
  4  -8.59754e-01   4.56467e-07       1416    p    2    1
  5  -6.42235e-01   9.29662e-07          0    p    2    1
  6  -5.21659e-01   5.45403e-07          0    p    2    1
  7  -5.21659e-01   8.79136e-08          0    p    2    1
  8  -3.52955e-01   3.66896e-07       1288    p    2    1
  9  -3.29191e-01   8.15916e-08          0    p    2    1
 10  -3.29191e-01   9.55958e-07          0    p    2    1
------------------------------------------------------------
 Total error:                            1.63821e-06    1
============================================================


============================================================
                    Energy                 Update      Done 
------------------------------------------------------------
 Orbital      -1.057249449239921e+02     6.66795e-06    1
 Kinetic       1.903095828547751e+02     5.63215e-06    1
 N-E          -5.639451195740858e+02    -1.17636e-05    1
 Coulomb       1.479278445432070e+02     6.92234e-06    1
 Exchange      0.000000000000000e+00     0.00000e+00    1
 X-C          -2.120586741134345e+01    -7.92965e-07    1
------------------------------------------------------------
 Electronic   -2.469135750505664e+02    -6.09361e-11    1
 Nuclear       5.558989251499405e+01     0.00000e+00    1
------------------------------------------------------------
 Total        -1.913236825355723e+02    -6.09361e-11    1
============================================================


################ Wall time: 5.61809e+02 sec ################


============================================================
                      Convergence rate
------------------------------------------------------------
Iter    OrbError       Property                   Update  
------------------------------------------------------------
  1    2.04941e-03    -1.913236748063188e+02   -1.91324e+02
  2    2.85514e-04    -1.913236821611937e+02   -7.35487e-06
  3    1.43376e-04    -1.913236823625673e+02   -2.01374e-07
  4    1.97589e-04    -1.913236824392785e+02   -7.67112e-08
  5    1.01571e-04    -1.913236825167102e+02   -7.74318e-08
  6    2.10280e-05    -1.913236825335602e+02   -1.68500e-08
  7    1.20939e-05    -1.913236825348470e+02   -1.28676e-09
  8    9.14963e-06    -1.913236825353192e+02   -4.72255e-10
  9    3.74647e-06    -1.913236825355114e+02   -1.92188e-10
 10    1.63821e-06    -1.913236825355723e+02   -6.09361e-11
------------------------------------------------------------
                      SCF converged!!!                      
============================================================


============================================================
                  Digonalizing Fock matrix
------------------------------------------------------------
 Computing Lowdin matrix                        6.24463e-01
 Diagonalizing matrix                           2.26160e-05
 Rotating orbitals                              3.35043e+00
------------------------------------------------------------
                 Wall time: 3.97500e+00 sec 
============================================================


============================================================
                  Setting up Fock operator
------------------------------------------------------------
 Precision                                      1.00000e-07
------------------------------------------------------------
 Coulomb density                      1832      3.24778e+00
 Coulomb potential                     808      6.79631e+01
 Allreduce potential                   840      2.60826e-01
 XC total density                     2056      3.79248e+00
 XC evaluate xcfun                    4112      9.50000e+00
 XC energy                            2056      1.61387e-04
 XC potential                         2056      9.03630e-02
------------------------------------------------------------
                 Wall time: 8.48804e+01 sec 
============================================================


============================================================
                   Calculating SCF energy
------------------------------------------------------------
------------------------------------------------------------
                 Wall time: 2.87652e+01 sec 
============================================================


============================================================
                 Calculating dipole moment
------------------------------------------------------------
------------------------------------------------------------
                 Wall time: 1.41160e+01 sec 
============================================================


============================================================
                        Fock matrix
------------------------------------------------------------
-2.42270e+01  0.00000e+00  0.00000e+00  0.00000e+00  0.00000e+00  0.00000e+00  0.00000e+00  0.00000e+00  0.00000e+00  0.00000e+00  0.00000e+00
 0.00000e+00 -1.38965e+01  0.00000e+00  0.00000e+00  0.00000e+00  0.00000e+00  0.00000e+00  0.00000e+00  0.00000e+00  0.00000e+00  0.00000e+00
 0.00000e+00  0.00000e+00 -9.92997e+00  0.00000e+00  0.00000e+00  0.00000e+00  0.00000e+00  0.00000e+00  0.00000e+00  0.00000e+00  0.00000e+00
 0.00000e+00  0.00000e+00  0.00000e+00 -1.25231e+00  0.00000e+00  0.00000e+00  0.00000e+00  0.00000e+00  0.00000e+00  0.00000e+00  0.00000e+00
 0.00000e+00  0.00000e+00  0.00000e+00  0.00000e+00 -8.59754e-01  0.00000e+00  0.00000e+00  0.00000e+00  0.00000e+00  0.00000e+00  0.00000e+00
 0.00000e+00  0.00000e+00  0.00000e+00  0.00000e+00  0.00000e+00 -6.42235e-01  0.00000e+00  0.00000e+00  0.00000e+00  0.00000e+00  0.00000e+00
 0.00000e+00  0.00000e+00  0.00000e+00  0.00000e+00  0.00000e+00  0.00000e+00 -5.21659e-01  0.00000e+00  0.00000e+00  0.00000e+00  0.00000e+00
 0.00000e+00  0.00000e+00  0.00000e+00  0.00000e+00  0.00000e+00  0.00000e+00  0.00000e+00 -5.21659e-01  0.00000e+00  0.00000e+00  0.00000e+00
 0.00000e+00  0.00000e+00  0.00000e+00  0.00000e+00  0.00000e+00  0.00000e+00  0.00000e+00  0.00000e+00 -3.52955e-01  0.00000e+00  0.00000e+00
 0.00000e+00  0.00000e+00  0.00000e+00  0.00000e+00  0.00000e+00  0.00000e+00  0.00000e+00  0.00000e+00  0.00000e+00 -3.29191e-01  0.00000e+00
 0.00000e+00  0.00000e+00  0.00000e+00  0.00000e+00  0.00000e+00  0.00000e+00  0.00000e+00  0.00000e+00  0.00000e+00  0.00000e+00 -3.29190e-01
============================================================


============================================================
                      Orbital energies
------------------------------------------------------------
    n  spin  occ                            epsilon  
------------------------------------------------------------
    0    p    2                      -2.422703077398511e+01
    1    p    2                      -1.389651855405101e+01
    2    p    2                      -9.929970285933928e+00
    3    p    2                      -1.252311011897517e+00
    4    p    2                      -8.597536359961180e-01
    5    p    2                      -6.422354911555958e-01
    6    p    2                      -5.216591467835872e-01
    7    p    2                      -5.216590168061633e-01
    8    p    2                      -3.529547464465921e-01
    9    p    2                      -3.291907290271196e-01
   10    p    2                      -3.291904940299498e-01
============================================================


============================================================
                          Molecule
------------------------------------------------------------
 Nr  Element             x             y             z      
------------------------------------------------------------
  1     C           0.00000e+00   0.00000e+00   0.00000e+00
  2     F           0.00000e+00   0.00000e+00  -2.38483e+00
  3     N           0.00000e+00   0.00000e+00   2.19019e+00
------------------------------------------------------------
 Center of mass:    0.00000e+00   0.00000e+00  -3.25008e-01
============================================================


                                                            
============================================================
                         SCF Energy                         
------------------------------------------------------------
                                                            
 Sum orbital energy:                 -1.057249477722254e+02
 Kinetic energy:                      1.903095802872108e+02
 E-N energy:                         -5.639451143895280e+02
 Coulomb energy:                      1.479278415867062e+02
 Exchange energy:                     0.000000000000000e+00
 X-C energy:                         -2.120586707304763e+01
 El. external field energy:          -1.546239560125840e-05
 Nuc. external field energy:         -1.435813483387195e-14
                                                            
------------------------------------------------------------
                                                            
 Electronic energy:                  -2.469135750510543e+02
 Nuclear energy:                      5.558989251499405e+01
                                                            
------------------------------------------------------------
                                                            
 Total energy       (au)             -1.913236825360602e+02
                    (kJ/mol)         -5.023202557954268e+05
                    (kcal/mol)       -1.200574224353277e+05
                    (eV)             -5.206182394672695e+03
                                                            
============================================================
                                                            

                                                            
============================================================
                         Dipole moment                      
------------------------------------------------------------
                                                            
 Length of vector:   (au)                  9.1677583747e-01
                     (Debye)               2.3302115296e+00
                                                            
-------------------------- Total ---------------------------
                                                            
 [-1.5462395616e-02, -1.0727987077e-09, -9.1664543336e-01] 
                                                            
------------------------- Nuclear --------------------------
                                                            
 [-1.4358134834e-11, -1.4473838774e-11,  1.0180049992e+00] 
                                                            
------------------------ Electronic ------------------------
                                                            
 [-1.5462395601e-02, -1.0583248689e-09, -1.9346504325e+00] 
                                                            
============================================================
                                                            



************************************************************
***                                                      ***
***                    Exiting MRChem                    ***
***                                                      ***
***               Wall time: 5.664151e+03                ***
***                                                      ***
************************************************************


