


************************************************************
***     __  __ ____   ____ _                             ***
***    |  \/  |  _ \ / ___| |__   ___ _ __ ___           ***
***    | |\/| | |_) | |   | '_ \ / _ \ '_ ` _ \          ***
***    | |  | |  _ <| |___| | | |  __/ | | | | |         ***
***    |_|  |_|_| \_\\____|_| |_|\___|_| |_| |_|         ***
***                                                      ***
***    VERSION 0.0.1 (rev. 1c6f79f)                     ***
***                                                      ***
***    Stig Rune Jensen <stig.r.jensen@uit.no>           ***
***    Luca Frediani    <luca.frediani@uit.no>           ***
***    Peter Wind       <peter.wind@uit.no>              ***
***                                                      ***
************************************************************


+++ Parallel execution: 
  MPI hosts available     : 4
  Threads/host            : 2
  Total used CPUs         : 8


------------------------------------------------------------

 MRCPP version   : X.Y.Z
 Git revision    : bbc2aed

 Linear algebra  : EIGEN
 Parallelization : MPI/OpenMP

------------------------------------------------------------




============================================================
                  MultiResolution Analysis                  
------------------------------------------------------------
 polynomial order = 11
 polynomial type  = Interpolating
------------------------------------------------------------
 total boxes      = 8
 boxes            = [           2           2           2 ]
 unit lengths     = [    32.00000    32.00000    32.00000 ]
 scaling factor   = [     1.00000     1.00000     1.00000 ]
 lower bounds     = [   -32.00000   -32.00000   -32.00000 ]
 upper bounds     = [    32.00000    32.00000    32.00000 ]
 total length     = [    64.00000    64.00000    64.00000 ]
============================================================


============================================================
                          Molecule
------------------------------------------------------------
 Nr  Element             x             y             z      
------------------------------------------------------------
  1     O           0.00000e+00   0.00000e+00   2.21665e-01
  2     H           0.00000e+00   1.43090e+00  -8.86659e-01
  3     H           0.00000e+00  -1.43090e+00  -8.86659e-01
------------------------------------------------------------
 Center of mass:    0.00000e+00   0.00000e+00   9.76452e-02
============================================================


============================================================
                Setting up nuclear potential
------------------------------------------------------------
 Nr  Element         Charge        Precision     Smoothing 
------------------------------------------------------------
  1     O           8.00000e+00   1.00000e-07   2.36781e-05
  2     H           1.00000e+00   1.00000e-07   7.57698e-04
  3     H           1.00000e+00   1.00000e-07   7.57698e-04
------------------------------------------------------------
 Nuclear potential                    1352      1.21880e+00
 Allreduce potential                  2344      8.44651e-01
------------------------------------------------------------
                 Wall time: 2.06358e+00 sec 
============================================================


============================================================
 OrbitalVector:   5 orbitals     5 occupied    10 electrons
------------------------------------------------------------
   n  RankID           Norm          Spin Occ      Error    
------------------------------------------------------------
   0     0       1.000000000000e+00    p   2    1.00000e+00
   1     1      -1.000000000000e+00    p   2    1.00000e+00
   2     2      -1.000000000000e+00    p   2    1.00000e+00
   3     3      -1.000000000000e+00    p   2    1.00000e+00
   4     0       1.000000000000e+00    p   2    1.00000e+00
============================================================


============================================================
                  Setting up Fock operator
------------------------------------------------------------
 Precision                                      1.00000e-07
------------------------------------------------------------
 Coulomb density                       872      1.40311e+00
 Coulomb potential                     488      4.35389e+01
 Allreduce potential                   520      1.53815e-01
 XC total density                     1224      1.78521e+00
 XC evaluate xcfun                    6120      1.79662e+01
 XC energy                            1224      1.86245e-04
 XC potential                         1224      6.27127e-01
------------------------------------------------------------
                 Wall time: 6.59188e+01 sec 
============================================================


============================================================
                  Calculating Fock matrix
------------------------------------------------------------
 Kinetic part                         4.348646937000000e+00
 Potential part                       1.489943129400000e+01
------------------------------------------------------------
                 Wall time: 1.92482e+01 sec 
============================================================




####################### SCF cycle  1 #######################


============================================================
 Current precision                              1.00000e-07
------------------------------------------------------------
 Orbital threshold                              1.00000e-06
 Property threshold                            -1.00000e+00
============================================================


============================================================
                  Digonalizing Fock matrix
------------------------------------------------------------
 Computing Lowdin matrix                        2.95915e-01
 Diagonalizing matrix                           1.05810e-05
 Rotating orbitals                              9.36838e-01
------------------------------------------------------------
                 Wall time: 1.23286e+00 sec 
============================================================


============================================================
                   Calculating SCF energy
------------------------------------------------------------
 Nuclear energy                       9.189534422198355e+00
 Electronic energy                   -8.557806016276122e+01
------------------------------------------------------------
 Total energy                        -7.638852574056287e+01
------------------------------------------------------------
                 Wall time: 1.32104e+01 sec 
============================================================


============================================================
                Rotating Helmholtz argument
------------------------------------------------------------
 Rotating orbitals                              3.75708e-01
------------------------------------------------------------
                 Wall time: 3.75797e-01 sec 
============================================================


============================================================
                Applying Helmholtz operators
------------------------------------------------------------
 Orb    RealNorm   Nodes     ImagNorm   Nodes     Timing
------------------------------------------------------------
  0    1.00000e+00   776    0.00000e+00     0   6.98740e+01
  4    1.00000e+00   520    0.00000e+00     0   5.60407e+01
------------------------------------------------------------
                 Wall time: 1.25929e+02 sec 
============================================================


============================================================
                 Lowdin orthonormalization
------------------------------------------------------------
 Computing Lowdin matrix                        1.96218e-01
 Rotating orbitals                              9.63108e-01
------------------------------------------------------------
                 Wall time: 1.15942e+00 sec 
============================================================


============================================================
               Iterative subspace accelerator
------------------------------------------------------------
 Push back orbitals                             4.34520e-05
 Copy orbitals                                  6.61131e-02
 Copy orbital updates                           6.50653e-02
------------------------------------------------------------
                 Wall time: 1.31341e-01 sec 
============================================================


============================================================
                 Lowdin orthonormalization
------------------------------------------------------------
 Computing Lowdin matrix                        2.20241e-01
 Rotating orbitals                              4.79350e-01
------------------------------------------------------------
                 Wall time: 6.99683e-01 sec 
============================================================


============================================================
                  Setting up Fock operator
------------------------------------------------------------
 Precision                                      1.00000e-07
------------------------------------------------------------
 Coulomb density                       840      1.22578e+00
 Coulomb potential                     488      4.40090e+01
 Allreduce potential                   520      1.49883e-01
 XC total density                     1192      1.55881e+00
 XC evaluate xcfun                    5960      1.75550e+01
 XC energy                            1192      1.86540e-04
 XC potential                         1192      6.13980e-01
------------------------------------------------------------
                 Wall time: 6.55122e+01 sec 
============================================================


============================================================
                  Calculating Fock matrix
------------------------------------------------------------
 Kinetic part                         3.719519234000000e+00
 Potential part                       1.351217190200000e+01
------------------------------------------------------------
                 Wall time: 1.72319e+01 sec 
============================================================


============================================================
                          Orbitals
------------------------------------------------------------
 Orb    F(i,i)        Error         nNodes  Spin  Occ  Done 
------------------------------------------------------------
  0  -1.87550e+01   1.06966e-05        840    p    2    0
  1  -9.32053e-01   1.25518e-04          0    p    2    0
  2  -4.85290e-01   9.81156e-04          0    p    2    0
  3  -3.43259e-01   8.41720e-04          0    p    2    0
  4  -2.66534e-01   9.35461e-04        552    p    2    0
------------------------------------------------------------
 Total error:                            1.60066e-03    0
============================================================


============================================================
                    Energy                 Update      Done 
------------------------------------------------------------
 Orbital      -4.156426242240457e+01    -4.15643e+01    1
 Kinetic       7.615657831945154e+01     7.61566e+01    1
 N-E          -1.991527332990238e+02    -1.99153e+02    1
 Coulomb       4.665984538194513e+01     4.66598e+01    1
 Exchange      0.000000000000000e+00     0.00000e+00    1
 X-C          -9.241750565134083e+00    -9.24175e+00    1
------------------------------------------------------------
 Electronic   -8.557806016276122e+01    -8.55781e+01    1
 Nuclear       9.189534422198355e+00     9.18953e+00    1
------------------------------------------------------------
 Total        -7.638852574056287e+01    -7.63885e+01    1
============================================================


################ Wall time: 2.25650e+02 sec ################




####################### SCF cycle  2 #######################


============================================================
 Current precision                              1.00000e-07
------------------------------------------------------------
 Orbital threshold                              1.00000e-06
 Property threshold                            -1.00000e+00
============================================================


============================================================
                  Digonalizing Fock matrix
------------------------------------------------------------
 Computing Lowdin matrix                        2.40707e-01
 Diagonalizing matrix                           8.32400e-06
 Rotating orbitals                              9.39358e-01
------------------------------------------------------------
                 Wall time: 1.18017e+00 sec 
============================================================


============================================================
                   Calculating SCF energy
------------------------------------------------------------
 Nuclear energy                       9.189534422198355e+00
 Electronic energy                   -8.557806507849531e+01
------------------------------------------------------------
 Total energy                        -7.638853065629696e+01
------------------------------------------------------------
                 Wall time: 1.32088e+01 sec 
============================================================


============================================================
                Rotating Helmholtz argument
------------------------------------------------------------
 Rotating orbitals                              3.78724e-01
------------------------------------------------------------
                 Wall time: 3.78809e-01 sec 
============================================================


============================================================
                Applying Helmholtz operators
------------------------------------------------------------
 Orb    RealNorm   Nodes     ImagNorm   Nodes     Timing
------------------------------------------------------------
  0    1.00000e+00   776    0.00000e+00     0   7.03338e+01
  4    1.00000e+00   520    0.00000e+00     0   5.60432e+01
------------------------------------------------------------
                 Wall time: 1.26393e+02 sec 
============================================================


============================================================
                 Lowdin orthonormalization
------------------------------------------------------------
 Computing Lowdin matrix                        1.94991e-01
 Rotating orbitals                              9.38599e-01
------------------------------------------------------------
                 Wall time: 1.13368e+00 sec 
============================================================


============================================================
               Iterative subspace accelerator
------------------------------------------------------------
 Push back orbitals                             3.09600e-05
 Copy orbitals                                  6.48369e-02
 Copy orbital updates                           6.46822e-02
------------------------------------------------------------
                 Wall time: 1.29664e-01 sec 
============================================================


============================================================
                 Lowdin orthonormalization
------------------------------------------------------------
 Computing Lowdin matrix                        2.18042e-01
 Rotating orbitals                              4.75364e-01
------------------------------------------------------------
                 Wall time: 6.93497e-01 sec 
============================================================


============================================================
                  Setting up Fock operator
------------------------------------------------------------
 Precision                                      1.00000e-07
------------------------------------------------------------
 Coulomb density                       840      1.21662e+00
 Coulomb potential                     488      4.39331e+01
 Allreduce potential                   520      1.51531e-01
 XC total density                     1192      1.56325e+00
 XC evaluate xcfun                    5960      1.75970e+01
 XC energy                            1192      1.60512e-04
 XC potential                         1192      6.08478e-01
------------------------------------------------------------
                 Wall time: 6.54696e+01 sec 
============================================================


============================================================
                  Calculating Fock matrix
------------------------------------------------------------
 Kinetic part                         3.521739573000000e+00
 Potential part                       1.358281817800000e+01
------------------------------------------------------------
                 Wall time: 1.71047e+01 sec 
============================================================


============================================================
                          Orbitals
------------------------------------------------------------
 Orb    F(i,i)        Error         nNodes  Spin  Occ  Done 
------------------------------------------------------------
  0  -1.87550e+01   4.37042e-06        840    p    2    0
  1  -9.32055e-01   7.35223e-05          0    p    2    0
  2  -4.85293e-01   2.16991e-04          0    p    2    0
  3  -3.43262e-01   1.48781e-04          0    p    2    0
  4  -2.66537e-01   1.17534e-04        552    p    2    0
------------------------------------------------------------
 Total error:                            2.97422e-04    0
============================================================


============================================================
                    Energy                 Update      Done 
------------------------------------------------------------
 Orbital      -4.156428014933051e+01    -1.77269e-05    1
 Kinetic       7.615657345113414e+01    -4.86832e-06    1
 N-E          -1.991527130648002e+02     2.02342e-05    1
 Coulomb       4.665983213672706e+01    -1.32452e-05    1
 Exchange      0.000000000000000e+00     0.00000e+00    1
 X-C          -9.241749166573992e+00     1.39856e-06    1
------------------------------------------------------------
 Electronic   -8.557806507849531e+01    -4.91573e-06    1
 Nuclear       9.189534422198355e+00     0.00000e+00    1
------------------------------------------------------------
 Total        -7.638853065629696e+01    -4.91573e-06    1
============================================================


################ Wall time: 2.25875e+02 sec ################




####################### SCF cycle  3 #######################


============================================================
 Current precision                              1.00000e-07
------------------------------------------------------------
 Orbital threshold                              1.00000e-06
 Property threshold                            -1.00000e+00
============================================================


============================================================
                   Calculating SCF energy
------------------------------------------------------------
 Nuclear energy                       9.189534422198355e+00
 Electronic energy                   -8.557806535407249e+01
------------------------------------------------------------
 Total energy                        -7.638853093187414e+01
------------------------------------------------------------
                 Wall time: 1.35349e+01 sec 
============================================================


============================================================
                Rotating Helmholtz argument
------------------------------------------------------------
 Rotating orbitals                              9.53101e-01
------------------------------------------------------------
                 Wall time: 9.53210e-01 sec 
============================================================


============================================================
                Applying Helmholtz operators
------------------------------------------------------------
 Orb    RealNorm   Nodes     ImagNorm   Nodes     Timing
------------------------------------------------------------
  0    1.00000e+00   776    0.00000e+00     0   7.11124e+01
  4    1.00000e+00   520    0.00000e+00     0   5.56564e+01
------------------------------------------------------------
                 Wall time: 1.26789e+02 sec 
============================================================


============================================================
                 Lowdin orthonormalization
------------------------------------------------------------
 Computing Lowdin matrix                        1.94631e-01
 Rotating orbitals                              9.42747e-01
------------------------------------------------------------
                 Wall time: 1.13747e+00 sec 
============================================================


============================================================
               Iterative subspace accelerator
------------------------------------------------------------
 Push back orbitals                             4.09820e-05
 Setup linear system                            1.79244e-01
 Solve linear system                            1.08110e-05
 Expand solution                                8.00230e-01
------------------------------------------------------------
                 Wall time: 9.79651e-01 sec 
============================================================


============================================================
                 Lowdin orthonormalization
------------------------------------------------------------
 Computing Lowdin matrix                        3.86154e-01
 Rotating orbitals                              9.44643e-01
------------------------------------------------------------
                 Wall time: 1.33089e+00 sec 
============================================================


============================================================
                  Setting up Fock operator
------------------------------------------------------------
 Precision                                      1.00000e-07
------------------------------------------------------------
 Coulomb density                       840      1.24539e+00
 Coulomb potential                     488      4.40304e+01
 Allreduce potential                   520      1.54558e-01
 XC total density                     1192      1.60919e+00
 XC evaluate xcfun                    5960      1.74119e+01
 XC energy                            1192      1.63416e-04
 XC potential                         1192      6.10027e-01
------------------------------------------------------------
                 Wall time: 6.54565e+01 sec 
============================================================


============================================================
                  Calculating Fock matrix
------------------------------------------------------------
 Kinetic part                         3.750023361000000e+00
 Potential part                       1.355847816200000e+01
------------------------------------------------------------
                 Wall time: 1.73086e+01 sec 
============================================================


============================================================
                          Orbitals
------------------------------------------------------------
 Orb    F(i,i)        Error         nNodes  Spin  Occ  Done 
------------------------------------------------------------
  0  -1.87550e+01   3.52281e-06        840    p    2    0
  1  -9.32054e-01   3.27156e-05          0    p    2    0
  2  -4.85292e-01   1.11113e-04          0    p    2    0
  3  -3.43261e-01   8.87181e-05          0    p    2    0
  4  -2.66535e-01   2.21213e-05        552    p    2    0
------------------------------------------------------------
 Total error:                            1.47611e-04    0
============================================================


============================================================
                    Energy                 Update      Done 
------------------------------------------------------------
 Orbital      -4.156430861101359e+01    -2.84617e-05    1
 Kinetic       7.615656132418692e+01    -1.21269e-05    1
 N-E          -1.991526740352505e+02     3.90295e-05    1
 Coulomb       4.665980283586168e+01    -2.93009e-05    1
 Exchange      0.000000000000000e+00     0.00000e+00    1
 X-C          -9.241745647935485e+00     3.51864e-06    1
------------------------------------------------------------
 Electronic   -8.557806535407249e+01    -2.75577e-07    1
 Nuclear       9.189534422198355e+00     0.00000e+00    1
------------------------------------------------------------
 Total        -7.638853093187414e+01    -2.75577e-07    1
============================================================


################ Wall time: 2.27813e+02 sec ################




####################### SCF cycle  4 #######################


============================================================
 Current precision                              1.00000e-07
------------------------------------------------------------
 Orbital threshold                              1.00000e-06
 Property threshold                            -1.00000e+00
============================================================


============================================================
                   Calculating SCF energy
------------------------------------------------------------
 Nuclear energy                       9.189534422198355e+00
 Electronic energy                   -8.557806543524799e+01
------------------------------------------------------------
 Total energy                        -7.638853101304964e+01
------------------------------------------------------------
                 Wall time: 1.35367e+01 sec 
============================================================


============================================================
                Rotating Helmholtz argument
------------------------------------------------------------
 Rotating orbitals                              1.06304e+00
------------------------------------------------------------
                 Wall time: 1.06313e+00 sec 
============================================================


============================================================
                Applying Helmholtz operators
------------------------------------------------------------
 Orb    RealNorm   Nodes     ImagNorm   Nodes     Timing
------------------------------------------------------------
  0    1.00000e+00   776    0.00000e+00     0   7.20775e+01
  4    1.00000e+00   520    0.00000e+00     0   5.66933e+01
------------------------------------------------------------
                 Wall time: 1.28792e+02 sec 
============================================================


============================================================
                 Lowdin orthonormalization
------------------------------------------------------------
 Computing Lowdin matrix                        1.94016e-01
 Rotating orbitals                              9.75835e-01
------------------------------------------------------------
                 Wall time: 1.16995e+00 sec 
============================================================


============================================================
               Iterative subspace accelerator
------------------------------------------------------------
 Push back orbitals                             1.80838e-02
 Setup linear system                            5.40322e-01
 Solve linear system                            1.41780e-05
 Expand solution                                1.27321e+00
------------------------------------------------------------
                 Wall time: 1.83178e+00 sec 
============================================================


============================================================
                 Lowdin orthonormalization
------------------------------------------------------------
 Computing Lowdin matrix                        4.18978e-01
 Rotating orbitals                              9.60094e-01
------------------------------------------------------------
                 Wall time: 1.37917e+00 sec 
============================================================


============================================================
                  Setting up Fock operator
------------------------------------------------------------
 Precision                                      1.00000e-07
------------------------------------------------------------
 Coulomb density                       840      1.22169e+00
 Coulomb potential                     488      4.51092e+01
 Allreduce potential                   520      1.51119e-01
 XC total density                     1192      1.58500e+00
 XC evaluate xcfun                    5960      1.76556e+01
 XC energy                            1192      1.64884e-04
 XC potential                         1192      6.16749e-01
------------------------------------------------------------
                 Wall time: 6.67452e+01 sec 
============================================================


============================================================
                  Calculating Fock matrix
------------------------------------------------------------
 Kinetic part                         3.557734727000000e+00
 Potential part                       1.390456381400000e+01
------------------------------------------------------------
                 Wall time: 1.74624e+01 sec 
============================================================


============================================================
                          Orbitals
------------------------------------------------------------
 Orb    F(i,i)        Error         nNodes  Spin  Occ  Done 
------------------------------------------------------------
  0  -1.87550e+01   2.57707e-06        840    p    2    0
  1  -9.32057e-01   1.12550e-05          0    p    2    0
  2  -4.85294e-01   6.04867e-05          0    p    2    0
  3  -3.43264e-01   6.18017e-05          0    p    2    0
  4  -2.66538e-01   2.09945e-05        552    p    2    0
------------------------------------------------------------
 Total error:                            8.97339e-05    0
============================================================


============================================================
                    Energy                 Update      Done 
------------------------------------------------------------
 Orbital      -4.156429109061662e+01     1.75204e-05    1
 Kinetic       7.615657993609815e+01     1.86119e-05    1
 N-E          -1.991527080831049e+02    -3.40479e-05    1
 Coulomb       4.665982117667428e+01     1.83408e-05    1
 Exchange      0.000000000000000e+00     0.00000e+00    1
 X-C          -9.241748066370947e+00    -2.41844e-06    1
------------------------------------------------------------
 Electronic   -8.557806543524799e+01    -8.11755e-08    1
 Nuclear       9.189534422198355e+00     0.00000e+00    1
------------------------------------------------------------
 Total        -7.638853101304964e+01    -8.11755e-08    1
============================================================


################ Wall time: 2.32309e+02 sec ################




####################### SCF cycle  5 #######################


============================================================
 Current precision                              1.00000e-07
------------------------------------------------------------
 Orbital threshold                              1.00000e-06
 Property threshold                            -1.00000e+00
============================================================


============================================================
                   Calculating SCF energy
------------------------------------------------------------
 Nuclear energy                       9.189534422198355e+00
 Electronic energy                   -8.557806546050890e+01
------------------------------------------------------------
 Total energy                        -7.638853103831055e+01
------------------------------------------------------------
                 Wall time: 1.39033e+01 sec 
============================================================


============================================================
                Rotating Helmholtz argument
------------------------------------------------------------
 Rotating orbitals                              1.06867e+00
------------------------------------------------------------
                 Wall time: 1.06876e+00 sec 
============================================================


============================================================
                Applying Helmholtz operators
------------------------------------------------------------
 Orb    RealNorm   Nodes     ImagNorm   Nodes     Timing
------------------------------------------------------------
  0    1.00000e+00   776    0.00000e+00     0   7.49414e+01
  4    9.99999e-01   520    0.00000e+00     0   5.63541e+01
------------------------------------------------------------
                 Wall time: 1.31306e+02 sec 
============================================================


============================================================
                 Lowdin orthonormalization
------------------------------------------------------------
 Computing Lowdin matrix                        1.94961e-01
 Rotating orbitals                              9.72451e-01
------------------------------------------------------------
                 Wall time: 1.16751e+00 sec 
============================================================


============================================================
               Iterative subspace accelerator
------------------------------------------------------------
 Push back orbitals                             1.79934e-02
 Setup linear system                            1.07487e+00
 Solve linear system                            9.12600e-06
 Expand solution                                1.86743e+00
------------------------------------------------------------
                 Wall time: 2.96045e+00 sec 
============================================================


============================================================
                 Lowdin orthonormalization
------------------------------------------------------------
 Computing Lowdin matrix                        4.89353e-01
 Rotating orbitals                              9.72571e-01
------------------------------------------------------------
                 Wall time: 1.46201e+00 sec 
============================================================


============================================================
                  Setting up Fock operator
------------------------------------------------------------
 Precision                                      1.00000e-07
------------------------------------------------------------
 Coulomb density                       840      1.20673e+00
 Coulomb potential                     488      4.42508e+01
 Allreduce potential                   520      1.51568e-01
 XC total density                     1192      1.55870e+00
 XC evaluate xcfun                    5960      1.77023e+01
 XC energy                            1192      1.75860e-04
 XC potential                         1192      6.19358e-01
------------------------------------------------------------
                 Wall time: 6.59073e+01 sec 
============================================================


============================================================
                  Calculating Fock matrix
------------------------------------------------------------
 Kinetic part                         3.617075808000000e+00
 Potential part                       1.378617817000000e+01
------------------------------------------------------------
                 Wall time: 1.74034e+01 sec 
============================================================


============================================================
                          Orbitals
------------------------------------------------------------
 Orb    F(i,i)        Error         nNodes  Spin  Occ  Done 
------------------------------------------------------------
  0  -1.87550e+01   4.26144e-07        840    p    2    1
  1  -9.32052e-01   2.23139e-06          0    p    2    0
  2  -4.85290e-01   1.05652e-05          0    p    2    0
  3  -3.43259e-01   1.71062e-05          0    p    2    0
  4  -2.66533e-01   6.92995e-06        552    p    2    0
------------------------------------------------------------
 Total error:                            2.13876e-05    0
============================================================


============================================================
                    Energy                 Update      Done 
------------------------------------------------------------
 Orbital      -4.156432731770391e+01    -3.62271e-05    1
 Kinetic       7.615655125161902e+01    -2.86845e-05    1
 N-E          -1.991526463774322e+02     6.17057e-05    1
 Coulomb       4.665978348381037e+01    -3.76929e-05    1
 Exchange      0.000000000000000e+00     0.00000e+00    1
 X-C          -9.241743248202653e+00     4.81817e-06    1
------------------------------------------------------------
 Electronic   -8.557806546050890e+01    -2.52609e-08    1
 Nuclear       9.189534422198355e+00     0.00000e+00    1
------------------------------------------------------------
 Total        -7.638853103831055e+01    -2.52609e-08    1
============================================================


################ Wall time: 2.35566e+02 sec ################




####################### SCF cycle  6 #######################


============================================================
 Current precision                              1.00000e-07
------------------------------------------------------------
 Orbital threshold                              1.00000e-06
 Property threshold                            -1.00000e+00
============================================================


============================================================
                   Calculating SCF energy
------------------------------------------------------------
 Nuclear energy                       9.189534422198355e+00
 Electronic energy                   -8.557806546244815e+01
------------------------------------------------------------
 Total energy                        -7.638853104024980e+01
------------------------------------------------------------
                 Wall time: 1.43227e+01 sec 
============================================================


============================================================
                Rotating Helmholtz argument
------------------------------------------------------------
 Rotating orbitals                              1.08764e+00
------------------------------------------------------------
                 Wall time: 1.08775e+00 sec 
============================================================


============================================================
                Applying Helmholtz operators
------------------------------------------------------------
 Orb    RealNorm   Nodes     ImagNorm   Nodes     Timing
------------------------------------------------------------
  0    1.00000e+00   776    0.00000e+00     0   7.58426e+01
  4    1.00000e+00   520    0.00000e+00     0   5.87596e+01
------------------------------------------------------------
                 Wall time: 1.34612e+02 sec 
============================================================


============================================================
                 Lowdin orthonormalization
------------------------------------------------------------
 Computing Lowdin matrix                        1.95009e-01
 Rotating orbitals                              9.96524e-01
------------------------------------------------------------
                 Wall time: 1.19163e+00 sec 
============================================================


============================================================
               Iterative subspace accelerator
------------------------------------------------------------
 Push back orbitals                             2.70111e-02
 Setup linear system                            1.12662e+00
 Solve linear system                            9.43200e-06
 Expand solution                                1.89432e+00
------------------------------------------------------------
                 Wall time: 3.04812e+00 sec 
============================================================


============================================================
                 Lowdin orthonormalization
------------------------------------------------------------
 Computing Lowdin matrix                        4.76654e-01
 Rotating orbitals                              9.85315e-01
------------------------------------------------------------
                 Wall time: 1.46207e+00 sec 
============================================================


============================================================
                  Setting up Fock operator
------------------------------------------------------------
 Precision                                      1.00000e-07
------------------------------------------------------------
 Coulomb density                       840      1.35192e+00
 Coulomb potential                     488      4.59892e+01
 Allreduce potential                   520      1.54480e-01
 XC total density                     1192      1.66184e+00
 XC evaluate xcfun                    5960      1.77747e+01
 XC energy                            1192      1.72920e-04
 XC potential                         1192      6.20952e-01
------------------------------------------------------------
                 Wall time: 6.79794e+01 sec 
============================================================


============================================================
                  Calculating Fock matrix
------------------------------------------------------------
 Kinetic part                         3.635575064000000e+00
 Potential part                       1.454647472500000e+01
------------------------------------------------------------
                 Wall time: 1.81822e+01 sec 
============================================================


============================================================
                          Orbitals
------------------------------------------------------------
 Orb    F(i,i)        Error         nNodes  Spin  Occ  Done 
------------------------------------------------------------
  0  -1.87550e+01   5.69112e-08        840    p    2    1
  1  -9.32057e-01   1.16961e-06          0    p    2    0
  2  -4.85294e-01   2.22765e-06          0    p    2    0
  3  -3.43263e-01   4.51527e-06          0    p    2    0
  4  -2.66538e-01   3.03014e-06        552    p    2    0
------------------------------------------------------------
 Total error:                            5.99192e-06    0
============================================================


============================================================
                    Energy                 Update      Done 
------------------------------------------------------------
 Orbital      -4.156426593449478e+01     6.13832e-05    1
 Kinetic       7.615660049074074e+01     4.92391e-05    1
 N-E          -1.991527513155357e+02    -1.04938e-04    1
 Coulomb       4.665984740864450e+01     6.39248e-05    1
 Exchange      0.000000000000000e+00     0.00000e+00    1
 X-C          -9.241751450174155e+00    -8.20197e-06    1
------------------------------------------------------------
 Electronic   -8.557806546244815e+01    -1.93926e-09    1
 Nuclear       9.189534422198355e+00     0.00000e+00    1
------------------------------------------------------------
 Total        -7.638853104024980e+01    -1.93926e-09    1
============================================================


################ Wall time: 2.42291e+02 sec ################




####################### SCF cycle  7 #######################


============================================================
 Current precision                              1.00000e-07
------------------------------------------------------------
 Orbital threshold                              1.00000e-06
 Property threshold                            -1.00000e+00
============================================================


============================================================
                   Calculating SCF energy
------------------------------------------------------------
 Nuclear energy                       9.189534422198355e+00
 Electronic energy                   -8.557806546261396e+01
------------------------------------------------------------
 Total energy                        -7.638853104041561e+01
------------------------------------------------------------
                 Wall time: 1.45948e+01 sec 
============================================================


============================================================
                Rotating Helmholtz argument
------------------------------------------------------------
 Rotating orbitals                              1.09938e+00
------------------------------------------------------------
                 Wall time: 1.09947e+00 sec 
============================================================


============================================================
                Applying Helmholtz operators
------------------------------------------------------------
 Orb    RealNorm   Nodes     ImagNorm   Nodes     Timing
------------------------------------------------------------
  0    1.00000e+00   776    0.00000e+00     0   7.54536e+01
  4    9.99999e-01   520    0.00000e+00     0   6.03467e+01
------------------------------------------------------------
                 Wall time: 1.35827e+02 sec 
============================================================


============================================================
                 Lowdin orthonormalization
------------------------------------------------------------
 Computing Lowdin matrix                        1.96826e-01
 Rotating orbitals                              9.51342e-01
------------------------------------------------------------
                 Wall time: 1.14826e+00 sec 
============================================================


============================================================
               Iterative subspace accelerator
------------------------------------------------------------
 Push back orbitals                             2.65346e-02
 Setup linear system                            1.09360e+00
 Solve linear system                            9.28000e-06
 Expand solution                                1.79727e+00
------------------------------------------------------------
                 Wall time: 2.91757e+00 sec 
============================================================


============================================================
                 Lowdin orthonormalization
------------------------------------------------------------
 Computing Lowdin matrix                        4.17547e-01
 Rotating orbitals                              9.19543e-01
------------------------------------------------------------
                 Wall time: 1.33719e+00 sec 
============================================================


============================================================
                  Setting up Fock operator
------------------------------------------------------------
 Precision                                      1.00000e-07
------------------------------------------------------------
 Coulomb density                       840      1.32210e+00
 Coulomb potential                     488      4.58852e+01
 Allreduce potential                   520      1.58167e-01
 XC total density                     1192      1.72623e+00
 XC evaluate xcfun                    5960      1.76225e+01
 XC energy                            1192      1.70700e-04
 XC potential                         1192      6.21702e-01
------------------------------------------------------------
                 Wall time: 6.77588e+01 sec 
============================================================


============================================================
                  Calculating Fock matrix
------------------------------------------------------------
 Kinetic part                         3.669372435000000e+00
 Potential part                       1.462558555000000e+01
------------------------------------------------------------
                 Wall time: 1.82951e+01 sec 
============================================================


============================================================
                          Orbitals
------------------------------------------------------------
 Orb    F(i,i)        Error         nNodes  Spin  Occ  Done 
------------------------------------------------------------
  0  -1.87550e+01   6.02346e-08        840    p    2    1
  1  -9.32055e-01   8.05685e-07          0    p    2    1
  2  -4.85292e-01   2.35846e-06          0    p    2    0
  3  -3.43261e-01   4.99281e-06          0    p    2    0
  4  -2.66536e-01   1.60810e-06        552    p    2    0
------------------------------------------------------------
 Total error:                            5.80768e-06    0
============================================================


============================================================
                    Energy                 Update      Done 
------------------------------------------------------------
 Orbital      -4.156432461925959e+01    -5.86848e-05    1
 Kinetic       7.615655344633694e+01    -4.70444e-05    1
 N-E          -1.991526509747604e+02     1.00341e-04    1
 Coulomb       4.665978630414332e+01    -6.11045e-05    1
 Exchange      0.000000000000000e+00     0.00000e+00    1
 X-C          -9.241743639612864e+00     7.81056e-06    1
------------------------------------------------------------
 Electronic   -8.557806546261396e+01    -1.65812e-10    1
 Nuclear       9.189534422198355e+00     0.00000e+00    1
------------------------------------------------------------
 Total        -7.638853104041561e+01    -1.65812e-10    1
============================================================


################ Wall time: 2.43338e+02 sec ################




####################### SCF cycle  8 #######################


============================================================
 Current precision                              1.00000e-07
------------------------------------------------------------
 Orbital threshold                              1.00000e-06
 Property threshold                            -1.00000e+00
============================================================


============================================================
                   Calculating SCF energy
------------------------------------------------------------
 Nuclear energy                       9.189534422198355e+00
 Electronic energy                   -8.557806546269174e+01
------------------------------------------------------------
 Total energy                        -7.638853104049339e+01
------------------------------------------------------------
                 Wall time: 1.49474e+01 sec 
============================================================


============================================================
                Rotating Helmholtz argument
------------------------------------------------------------
 Rotating orbitals                              1.10516e+00
------------------------------------------------------------
                 Wall time: 1.10526e+00 sec 
============================================================


============================================================
                Applying Helmholtz operators
------------------------------------------------------------
 Orb    RealNorm   Nodes     ImagNorm   Nodes     Timing
------------------------------------------------------------
  0    1.00000e+00   776    0.00000e+00     0   8.02485e+01
  4    1.00000e+00   520    0.00000e+00     0   6.03364e+01
------------------------------------------------------------
                 Wall time: 1.40606e+02 sec 
============================================================


============================================================
                 Lowdin orthonormalization
------------------------------------------------------------
 Computing Lowdin matrix                        1.98197e-01
 Rotating orbitals                              9.74900e-01
------------------------------------------------------------
                 Wall time: 1.17318e+00 sec 
============================================================


============================================================
               Iterative subspace accelerator
------------------------------------------------------------
 Push back orbitals                             2.76542e-02
 Setup linear system                            1.10438e+00
 Solve linear system                            9.21400e-06
 Expand solution                                1.76206e+00
------------------------------------------------------------
                 Wall time: 2.89426e+00 sec 
============================================================


============================================================
                 Lowdin orthonormalization
------------------------------------------------------------
 Computing Lowdin matrix                        4.22060e-01
 Rotating orbitals                              9.02659e-01
------------------------------------------------------------
                 Wall time: 1.32482e+00 sec 
============================================================


============================================================
                  Setting up Fock operator
------------------------------------------------------------
 Precision                                      1.00000e-07
------------------------------------------------------------
 Coulomb density                       840      1.33612e+00
 Coulomb potential                     488      4.66724e+01
 Allreduce potential                   520      1.56319e-01
 XC total density                     1192      1.71233e+00
 XC evaluate xcfun                    5960      1.77570e+01
 XC energy                            1192      1.75276e-04
 XC potential                         1192      6.37302e-01
------------------------------------------------------------
                 Wall time: 6.87009e+01 sec 
============================================================


============================================================
                  Calculating Fock matrix
------------------------------------------------------------
 Kinetic part                         3.705739910000000e+00
 Potential part                       1.473589319500000e+01
------------------------------------------------------------
                 Wall time: 1.84418e+01 sec 
============================================================


============================================================
                          Orbitals
------------------------------------------------------------
 Orb    F(i,i)        Error         nNodes  Spin  Occ  Done 
------------------------------------------------------------
  0  -1.87550e+01   1.05262e-07        840    p    2    1
  1  -9.32055e-01   4.95829e-07          0    p    2    1
  2  -4.85292e-01   2.50734e-06          0    p    2    0
  3  -3.43262e-01   1.95823e-06          0    p    2    0
  4  -2.66536e-01   5.97373e-07        552    p    2    1
------------------------------------------------------------
 Total error:                            3.27646e-06    0
============================================================


============================================================
                    Energy                 Update      Done 
------------------------------------------------------------
 Orbital      -4.156429782337895e+01     2.67959e-05    1
 Kinetic       7.615657502991112e+01     2.15836e-05    1
 N-E          -1.991526968783070e+02    -4.59035e-05    1
 Coulomb       4.665981420868921e+01     2.79045e-05    1
 Exchange      0.000000000000000e+00     0.00000e+00    1
 X-C          -9.241747222000697e+00    -3.58239e-06    1
------------------------------------------------------------
 Electronic   -8.557806546269174e+01    -7.77760e-11    1
 Nuclear       9.189534422198355e+00     0.00000e+00    1
------------------------------------------------------------
 Total        -7.638853104049339e+01    -7.77760e-11    1
============================================================


################ Wall time: 2.49554e+02 sec ################




####################### SCF cycle  9 #######################


============================================================
 Current precision                              1.00000e-07
------------------------------------------------------------
 Orbital threshold                              1.00000e-06
 Property threshold                            -1.00000e+00
============================================================


============================================================
                   Calculating SCF energy
------------------------------------------------------------
 Nuclear energy                       9.189534422198355e+00
 Electronic energy                   -8.557806546271297e+01
------------------------------------------------------------
 Total energy                        -7.638853104051462e+01
------------------------------------------------------------
                 Wall time: 1.50430e+01 sec 
============================================================


============================================================
                Rotating Helmholtz argument
------------------------------------------------------------
 Rotating orbitals                              1.10484e+00
------------------------------------------------------------
                 Wall time: 1.10493e+00 sec 
============================================================


============================================================
                Applying Helmholtz operators
------------------------------------------------------------
 Orb    RealNorm   Nodes     ImagNorm   Nodes     Timing
------------------------------------------------------------
  0    1.00000e+00   776    0.00000e+00     0   7.86673e+01
  4    1.00000e+00   520    0.00000e+00     0   5.98273e+01
------------------------------------------------------------
                 Wall time: 1.38511e+02 sec 
============================================================


============================================================
                 Lowdin orthonormalization
------------------------------------------------------------
 Computing Lowdin matrix                        1.96550e-01
 Rotating orbitals                              9.23370e-01
------------------------------------------------------------
                 Wall time: 1.12000e+00 sec 
============================================================


============================================================
               Iterative subspace accelerator
------------------------------------------------------------
 Push back orbitals                             2.63181e-02
 Setup linear system                            1.07812e+00
 Solve linear system                            9.28900e-06
 Expand solution                                1.88075e+00
------------------------------------------------------------
                 Wall time: 2.98535e+00 sec 
============================================================


============================================================
                 Lowdin orthonormalization
------------------------------------------------------------
 Computing Lowdin matrix                        4.31367e-01
 Rotating orbitals                              8.41776e-01
------------------------------------------------------------
                 Wall time: 1.27324e+00 sec 
============================================================


============================================================
                  Setting up Fock operator
------------------------------------------------------------
 Precision                                      1.00000e-07
------------------------------------------------------------
 Coulomb density                       840      1.28842e+00
 Coulomb potential                     488      4.70695e+01
 Allreduce potential                   520      1.53060e-01
 XC total density                     1192      1.68418e+00
 XC evaluate xcfun                    5960      1.78215e+01
 XC energy                            1192      1.75259e-04
 XC potential                         1192      6.36852e-01
------------------------------------------------------------
                 Wall time: 6.90748e+01 sec 
============================================================


============================================================
                  Calculating Fock matrix
------------------------------------------------------------
 Kinetic part                         3.599336271000000e+00
 Potential part                       1.443535911600000e+01
------------------------------------------------------------
                 Wall time: 1.80348e+01 sec 
============================================================


============================================================
                          Orbitals
------------------------------------------------------------
 Orb    F(i,i)        Error         nNodes  Spin  Occ  Done 
------------------------------------------------------------
  0  -1.87550e+01   1.61249e-08        840    p    2    1
  1  -9.32055e-01   1.19464e-07          0    p    2    1
  2  -4.85292e-01   5.08949e-07          0    p    2    1
  3  -3.43262e-01   3.08666e-07          0    p    2    1
  4  -2.66536e-01   1.60551e-07        552    p    2    1
------------------------------------------------------------
 Total error:                            6.28182e-07    1
============================================================


============================================================
                    Energy                 Update      Done 
------------------------------------------------------------
 Orbital      -4.156430212232191e+01    -4.29894e-06    1
 Kinetic       7.615657163192512e+01    -3.39799e-06    1
 N-E          -1.991526895743836e+02     7.30392e-06    1
 Coulomb       4.665980973335424e+01    -4.47533e-06    1
 Exchange      0.000000000000000e+00     0.00000e+00    1
 X-C          -9.241746653916506e+00     5.68084e-07    1
------------------------------------------------------------
 Electronic   -8.557806546271297e+01    -2.12310e-11    1
 Nuclear       9.189534422198355e+00     0.00000e+00    1
------------------------------------------------------------
 Total        -7.638853104051462e+01    -2.12310e-11    1
============================================================


################ Wall time: 2.47512e+02 sec ################


============================================================
                      Convergence rate
------------------------------------------------------------
Iter    OrbError       Property                   Update  
------------------------------------------------------------
  1    1.60066e-03    -7.638852574056287e+01   -7.63885e+01
  2    2.97422e-04    -7.638853065629696e+01   -4.91573e-06
  3    1.47611e-04    -7.638853093187414e+01   -2.75577e-07
  4    8.97339e-05    -7.638853101304964e+01   -8.11755e-08
  5    2.13876e-05    -7.638853103831055e+01   -2.52609e-08
  6    5.99192e-06    -7.638853104024980e+01   -1.93926e-09
  7    5.80768e-06    -7.638853104041561e+01   -1.65812e-10
  8    3.27646e-06    -7.638853104049339e+01   -7.77760e-11
  9    6.28182e-07    -7.638853104051462e+01   -2.12310e-11
------------------------------------------------------------
                      SCF converged!!!                      
============================================================


============================================================
                  Digonalizing Fock matrix
------------------------------------------------------------
 Computing Lowdin matrix                        2.23838e-01
 Diagonalizing matrix                           9.13600e-06
 Rotating orbitals                              1.07742e+00
------------------------------------------------------------
                 Wall time: 1.30137e+00 sec 
============================================================


============================================================
                  Setting up Fock operator
------------------------------------------------------------
 Precision                                      1.00000e-07
------------------------------------------------------------
 Coulomb density                       872      1.32837e+00
 Coulomb potential                     488      4.32389e+01
 Allreduce potential                   520      1.51734e-01
 XC total density                     1224      1.75011e+00
 XC evaluate xcfun                    6120      1.81691e+01
 XC energy                            1224      1.61640e-04
 XC potential                         1224      5.39086e-01
------------------------------------------------------------
                 Wall time: 6.55855e+01 sec 
============================================================


============================================================
                   Calculating SCF energy
------------------------------------------------------------
------------------------------------------------------------
                 Wall time: 1.48977e+01 sec 
============================================================


============================================================
                 Calculating dipole moment
------------------------------------------------------------
------------------------------------------------------------
                 Wall time: 5.81194e+00 sec 
============================================================


============================================================
                        Fock matrix
------------------------------------------------------------
-1.87550e+01  0.00000e+00  0.00000e+00  0.00000e+00  0.00000e+00
 0.00000e+00 -9.32055e-01  0.00000e+00  0.00000e+00  0.00000e+00
 0.00000e+00  0.00000e+00 -4.85292e-01  0.00000e+00  0.00000e+00
 0.00000e+00  0.00000e+00  0.00000e+00 -3.43262e-01  0.00000e+00
 0.00000e+00  0.00000e+00  0.00000e+00  0.00000e+00 -2.66536e-01
============================================================


============================================================
                      Orbital energies
------------------------------------------------------------
    n  spin  occ                            epsilon  
------------------------------------------------------------
    0    p    2                      -1.875500603166108e+01
    1    p    2                      -9.320548800574677e-01
    2    p    2                      -4.852922776592666e-01
    3    p    2                      -3.432615837549713e-01
    4    p    2                      -2.665362845509970e-01
============================================================


============================================================
                          Molecule
------------------------------------------------------------
 Nr  Element             x             y             z      
------------------------------------------------------------
  1     O           0.00000e+00   0.00000e+00   2.21665e-01
  2     H           0.00000e+00   1.43090e+00  -8.86659e-01
  3     H           0.00000e+00  -1.43090e+00  -8.86659e-01
------------------------------------------------------------
 Center of mass:    0.00000e+00   0.00000e+00   9.76452e-02
============================================================


                                                            
============================================================
                         SCF Energy                         
------------------------------------------------------------
                                                            
 Sum orbital energy:                 -4.156430211536755e+01
 Kinetic energy:                      7.615657163165767e+01
 E-N energy:                         -1.991526895815372e+02
 Coulomb energy:                      4.665980974028986e+01
 Exchange energy:                     0.000000000000000e+00
 X-C energy:                         -9.241746653371871e+00
 El. external field energy:          -1.059936560350487e-05
 Nuc. external field energy:         -5.659318499939836e-15
                                                            
------------------------------------------------------------
                                                            
 Electronic energy:                  -8.557806546232717e+01
 Nuclear energy:                      9.189534422198355e+00
                                                            
------------------------------------------------------------
                                                            
 Total energy       (au)             -7.638853104012883e+01
                    (kJ/mol)         -2.005580592182164e+05
                    (kcal/mol)       -4.793452655068126e+04
                    (eV)             -2.078637731536823e+03
                                                            
============================================================
                                                            

                                                            
============================================================
                         Dipole moment                      
------------------------------------------------------------
                                                            
 Length of vector:   (au)                  7.0642026834e-01
                     (Debye)               1.7955410546e+00
                                                            
-------------------------- Total ---------------------------
                                                            
 [-6.1844033684e-12, -1.0599365609e-02, -7.0634074565e-01] 
                                                            
------------------------- Nuclear --------------------------
                                                            
 [-6.6384693017e-12, -5.6592508457e-12, -9.7645205472e-01] 
                                                            
------------------------ Electronic ------------------------
                                                            
 [ 4.5406593328e-13, -1.0599365604e-02,  2.7011130907e-01] 
                                                            
============================================================
                                                            



************************************************************
***                                                      ***
***                    Exiting MRChem                    ***
***                                                      ***
***               Wall time: 2.306748e+03                ***
***                                                      ***
************************************************************


