


************************************************************
***     __  __ ____   ____ _                             ***
***    |  \/  |  _ \ / ___| |__   ___ _ __ ___           ***
***    | |\/| | |_) | |   | '_ \ / _ \ '_ ` _ \          ***
***    | |  | |  _ <| |___| | | |  __/ | | | | |         ***
***    |_|  |_|_| \_\\____|_| |_|\___|_| |_| |_|         ***
***                                                      ***
***    VERSION 0.0.1 (rev. 1c6f79f)                     ***
***                                                      ***
***    Stig Rune Jensen <stig.r.jensen@uit.no>           ***
***    Luca Frediani    <luca.frediani@uit.no>           ***
***    Peter Wind       <peter.wind@uit.no>              ***
***                                                      ***
************************************************************


+++ Parallel execution: 
  MPI hosts available     : 4
  Threads/host            : 2
  Total used CPUs         : 8


------------------------------------------------------------

 MRCPP version   : X.Y.Z
 Git revision    : bbc2aed

 Linear algebra  : EIGEN
 Parallelization : MPI/OpenMP

------------------------------------------------------------




============================================================
                  MultiResolution Analysis                  
------------------------------------------------------------
 polynomial order = 11
 polynomial type  = Interpolating
------------------------------------------------------------
 total boxes      = 8
 boxes            = [           2           2           2 ]
 unit lengths     = [    32.00000    32.00000    32.00000 ]
 scaling factor   = [     1.00000     1.00000     1.00000 ]
 lower bounds     = [   -32.00000   -32.00000   -32.00000 ]
 upper bounds     = [    32.00000    32.00000    32.00000 ]
 total length     = [    64.00000    64.00000    64.00000 ]
============================================================


============================================================
                          Molecule
------------------------------------------------------------
 Nr  Element             x             y             z      
------------------------------------------------------------
  1     O           0.00000e+00   0.00000e+00   2.21665e-01
  2     H           0.00000e+00   1.43090e+00  -8.86659e-01
  3     H           0.00000e+00  -1.43090e+00  -8.86659e-01
------------------------------------------------------------
 Center of mass:    0.00000e+00   0.00000e+00   9.76452e-02
============================================================


============================================================
                Setting up nuclear potential
------------------------------------------------------------
 Nr  Element         Charge        Precision     Smoothing 
------------------------------------------------------------
  1     O           8.00000e+00   1.00000e-07   2.36781e-05
  2     H           1.00000e+00   1.00000e-07   7.57698e-04
  3     H           1.00000e+00   1.00000e-07   7.57698e-04
------------------------------------------------------------
 Nuclear potential                    1352      1.22754e+00
 Allreduce potential                  2344      8.59746e-01
------------------------------------------------------------
                 Wall time: 2.08740e+00 sec 
============================================================


============================================================
 OrbitalVector:   5 orbitals     5 occupied    10 electrons
------------------------------------------------------------
   n  RankID           Norm          Spin Occ      Error    
------------------------------------------------------------
   0     0       1.000000000000e+00    p   2    1.00000e+00
   1     1      -1.000000000000e+00    p   2    1.00000e+00
   2     2      -1.000000000000e+00    p   2    1.00000e+00
   3     3      -1.000000000000e+00    p   2    1.00000e+00
   4     0       1.000000000000e+00    p   2    1.00000e+00
============================================================


============================================================
                  Setting up Fock operator
------------------------------------------------------------
 Precision                                      1.00000e-07
------------------------------------------------------------
 Coulomb density                       872      1.41173e+00
 Coulomb potential                     488      4.35839e+01
 Allreduce potential                   520      1.52226e-01
 XC total density                     1224      1.81390e+00
 XC evaluate xcfun                    2448      5.69190e+00
 XC energy                            1224      1.67945e-04
 XC potential                         1224      7.47328e-02
------------------------------------------------------------
                 Wall time: 5.27532e+01 sec 
============================================================


============================================================
                  Calculating Fock matrix
------------------------------------------------------------
 Kinetic part                         4.664051233000000e+00
 Potential part                       1.195819559200000e+01
------------------------------------------------------------
                 Wall time: 1.66224e+01 sec 
============================================================




####################### SCF cycle  1 #######################


============================================================
 Current precision                              1.00000e-07
------------------------------------------------------------
 Orbital threshold                              1.00000e-06
 Property threshold                            -1.00000e+00
============================================================


============================================================
                  Digonalizing Fock matrix
------------------------------------------------------------
 Computing Lowdin matrix                        2.93237e-01
 Diagonalizing matrix                           1.00100e-05
 Rotating orbitals                              1.04938e+00
------------------------------------------------------------
                 Wall time: 1.34271e+00 sec 
============================================================


============================================================
                   Calculating SCF energy
------------------------------------------------------------
 Nuclear energy                       9.188557970143636e+00
 Electronic energy                   -8.510267901595908e+01
------------------------------------------------------------
 Total energy                        -7.591412104581545e+01
------------------------------------------------------------
                 Wall time: 1.02971e+01 sec 
============================================================


============================================================
                Rotating Helmholtz argument
------------------------------------------------------------
 Rotating orbitals                              3.66720e-01
------------------------------------------------------------
                 Wall time: 3.66806e-01 sec 
============================================================


============================================================
                Applying Helmholtz operators
------------------------------------------------------------
 Orb    RealNorm   Nodes     ImagNorm   Nodes     Timing
------------------------------------------------------------
  0    1.00000e+00   776    0.00000e+00     0   6.60131e+01
  4    9.99959e-01   520    0.00000e+00     0   5.40371e+01
------------------------------------------------------------
                 Wall time: 1.20055e+02 sec 
============================================================


============================================================
                 Lowdin orthonormalization
------------------------------------------------------------
 Computing Lowdin matrix                        1.95713e-01
 Rotating orbitals                              9.06929e-01
------------------------------------------------------------
                 Wall time: 1.10271e+00 sec 
============================================================


============================================================
               Iterative subspace accelerator
------------------------------------------------------------
 Push back orbitals                             2.99060e-05
 Copy orbitals                                  6.38774e-02
 Copy orbital updates                           6.28024e-02
------------------------------------------------------------
                 Wall time: 1.26817e-01 sec 
============================================================


============================================================
                 Lowdin orthonormalization
------------------------------------------------------------
 Computing Lowdin matrix                        2.16191e-01
 Rotating orbitals                              4.66543e-01
------------------------------------------------------------
                 Wall time: 6.82818e-01 sec 
============================================================


============================================================
                  Setting up Fock operator
------------------------------------------------------------
 Precision                                      1.00000e-07
------------------------------------------------------------
 Coulomb density                       808      1.16188e+00
 Coulomb potential                     488      4.40079e+01
 Allreduce potential                   520      1.52994e-01
 XC total density                     1160      1.49080e+00
 XC evaluate xcfun                    2320      5.40100e+00
 XC energy                            1160      1.61798e-04
 XC potential                         1160      5.22115e-02
------------------------------------------------------------
                 Wall time: 5.22851e+01 sec 
============================================================


============================================================
                  Calculating Fock matrix
------------------------------------------------------------
 Kinetic part                         3.410188308000000e+00
 Potential part                       1.066812485600000e+01
------------------------------------------------------------
                 Wall time: 1.40784e+01 sec 
============================================================


============================================================
                          Orbitals
------------------------------------------------------------
 Orb    F(i,i)        Error         nNodes  Spin  Occ  Done 
------------------------------------------------------------
  0  -1.86089e+01   4.05497e-06        808    p    2    0
  1  -9.25889e-01   1.99680e-04          0    p    2    0
  2  -4.87361e-01   6.01806e-04          0    p    2    0
  3  -3.45766e-01   1.39294e-03          0    p    2    0
  4  -2.71747e-01   9.03573e-04        520    p    2    0
------------------------------------------------------------
 Total error:                            1.77730e-03    0
============================================================


============================================================
                    Energy                 Update      Done 
------------------------------------------------------------
 Orbital      -4.128241343295478e+01    -4.12824e+01    1
 Kinetic       7.553415646806536e+01     7.55342e+01    1
 N-E          -1.984906969551419e+02    -1.98491e+02    1
 Coulomb       4.659141317418540e+01     4.65914e+01    1
 Exchange      0.000000000000000e+00     0.00000e+00    1
 X-C          -8.737798161850977e+00    -8.73780e+00    1
------------------------------------------------------------
 Electronic   -8.510267901595908e+01    -8.51027e+01    1
 Nuclear       9.188557970143636e+00     9.18856e+00    1
------------------------------------------------------------
 Total        -7.591412104581545e+01    -7.59141e+01    1
============================================================


################ Wall time: 2.00489e+02 sec ################




####################### SCF cycle  2 #######################


============================================================
 Current precision                              1.00000e-07
------------------------------------------------------------
 Orbital threshold                              1.00000e-06
 Property threshold                            -1.00000e+00
============================================================


============================================================
                  Digonalizing Fock matrix
------------------------------------------------------------
 Computing Lowdin matrix                        2.17167e-01
 Diagonalizing matrix                           8.42100e-06
 Rotating orbitals                              8.98376e-01
------------------------------------------------------------
                 Wall time: 1.11564e+00 sec 
============================================================


============================================================
                   Calculating SCF energy
------------------------------------------------------------
 Nuclear energy                       9.188557970143636e+00
 Electronic energy                   -8.510268405801722e+01
------------------------------------------------------------
 Total energy                        -7.591412608787358e+01
------------------------------------------------------------
                 Wall time: 1.03589e+01 sec 
============================================================


============================================================
                Rotating Helmholtz argument
------------------------------------------------------------
 Rotating orbitals                              3.65126e-01
------------------------------------------------------------
                 Wall time: 3.65209e-01 sec 
============================================================


============================================================
                Applying Helmholtz operators
------------------------------------------------------------
 Orb    RealNorm   Nodes     ImagNorm   Nodes     Timing
------------------------------------------------------------
  0    1.00000e+00   776    0.00000e+00     0   6.69473e+01
  4    1.00006e+00   520    0.00000e+00     0   5.43841e+01
------------------------------------------------------------
                 Wall time: 1.21332e+02 sec 
============================================================


============================================================
                 Lowdin orthonormalization
------------------------------------------------------------
 Computing Lowdin matrix                        1.95242e-01
 Rotating orbitals                              8.96880e-01
------------------------------------------------------------
                 Wall time: 1.09219e+00 sec 
============================================================


============================================================
               Iterative subspace accelerator
------------------------------------------------------------
 Push back orbitals                             4.13830e-05
 Copy orbitals                                  6.23218e-02
 Copy orbital updates                           6.20188e-02
------------------------------------------------------------
                 Wall time: 1.24482e-01 sec 
============================================================


============================================================
                 Lowdin orthonormalization
------------------------------------------------------------
 Computing Lowdin matrix                        2.21104e-01
 Rotating orbitals                              4.64544e-01
------------------------------------------------------------
                 Wall time: 6.85731e-01 sec 
============================================================


============================================================
                  Setting up Fock operator
------------------------------------------------------------
 Precision                                      1.00000e-07
------------------------------------------------------------
 Coulomb density                       808      1.15279e+00
 Coulomb potential                     488      4.44359e+01
 Allreduce potential                   520      1.53627e-01
 XC total density                     1160      1.51713e+00
 XC evaluate xcfun                    2320      5.46305e+00
 XC energy                            1160      1.58322e-04
 XC potential                         1160      5.20036e-02
------------------------------------------------------------
                 Wall time: 5.27935e+01 sec 
============================================================


============================================================
                  Calculating Fock matrix
------------------------------------------------------------
 Kinetic part                         3.456026612000000e+00
 Potential part                       1.076461470800000e+01
------------------------------------------------------------
                 Wall time: 1.42208e+01 sec 
============================================================


============================================================
                          Orbitals
------------------------------------------------------------
 Orb    F(i,i)        Error         nNodes  Spin  Occ  Done 
------------------------------------------------------------
  0  -1.86091e+01   3.58928e-06        808    p    2    0
  1  -9.25994e-01   8.11948e-05          0    p    2    0
  2  -4.87454e-01   6.64214e-05          0    p    2    0
  3  -3.45856e-01   2.81272e-04          0    p    2    0
  4  -2.71844e-01   1.46207e-04        520    p    2    0
------------------------------------------------------------
 Total error:                            3.33928e-04    0
============================================================


============================================================
                    Energy                 Update      Done 
------------------------------------------------------------
 Orbital      -4.127923521823982e+01     3.17821e-03    1
 Kinetic       7.553473267728728e+01     5.76209e-04    1
 N-E          -1.984942477829229e+02    -3.55083e-03    1
 Coulomb       4.659469206143611e+01     3.27889e-03    1
 Exchange      0.000000000000000e+00     0.00000e+00    1
 X-C          -8.738098563848306e+00    -3.00402e-04    1
------------------------------------------------------------
 Electronic   -8.510268405801722e+01    -5.04206e-06    1
 Nuclear       9.188557970143636e+00     0.00000e+00    1
------------------------------------------------------------
 Total        -7.591412608787358e+01    -5.04206e-06    1
============================================================


################ Wall time: 2.02244e+02 sec ################




####################### SCF cycle  3 #######################


============================================================
 Current precision                              1.00000e-07
------------------------------------------------------------
 Orbital threshold                              1.00000e-06
 Property threshold                            -1.00000e+00
============================================================


============================================================
                   Calculating SCF energy
------------------------------------------------------------
 Nuclear energy                       9.188557970143636e+00
 Electronic energy                   -8.510268425203293e+01
------------------------------------------------------------
 Total energy                        -7.591412628188930e+01
------------------------------------------------------------
                 Wall time: 1.07859e+01 sec 
============================================================


============================================================
                Rotating Helmholtz argument
------------------------------------------------------------
 Rotating orbitals                              8.93186e-01
------------------------------------------------------------
                 Wall time: 8.93272e-01 sec 
============================================================


============================================================
                Applying Helmholtz operators
------------------------------------------------------------
 Orb    RealNorm   Nodes     ImagNorm   Nodes     Timing
------------------------------------------------------------
  0    1.00000e+00   776    0.00000e+00     0   6.69683e+01
  4    9.99987e-01   520    0.00000e+00     0   5.39819e+01
------------------------------------------------------------
                 Wall time: 1.20951e+02 sec 
============================================================


============================================================
                 Lowdin orthonormalization
------------------------------------------------------------
 Computing Lowdin matrix                        1.97477e-01
 Rotating orbitals                              9.00176e-01
------------------------------------------------------------
                 Wall time: 1.09774e+00 sec 
============================================================


============================================================
               Iterative subspace accelerator
------------------------------------------------------------
 Push back orbitals                             4.21770e-05
 Setup linear system                            1.74392e-01
 Solve linear system                            1.08530e-05
 Expand solution                                7.11205e-01
------------------------------------------------------------
                 Wall time: 8.85758e-01 sec 
============================================================


============================================================
                 Lowdin orthonormalization
------------------------------------------------------------
 Computing Lowdin matrix                        3.47852e-01
 Rotating orbitals                              8.16676e-01
------------------------------------------------------------
                 Wall time: 1.16461e+00 sec 
============================================================


============================================================
                  Setting up Fock operator
------------------------------------------------------------
 Precision                                      1.00000e-07
------------------------------------------------------------
 Coulomb density                       808      1.20183e+00
 Coulomb potential                     488      4.53598e+01
 Allreduce potential                   520      1.59074e-01
 XC total density                     1160      1.49911e+00
 XC evaluate xcfun                    2320      5.41572e+00
 XC energy                            1160      1.55484e-04
 XC potential                         1160      5.14951e-02
------------------------------------------------------------
                 Wall time: 5.37069e+01 sec 
============================================================


============================================================
                  Calculating Fock matrix
------------------------------------------------------------
 Kinetic part                         3.508114319000000e+00
 Potential part                       1.076622971300000e+01
------------------------------------------------------------
                 Wall time: 1.42745e+01 sec 
============================================================


============================================================
                          Orbitals
------------------------------------------------------------
 Orb    F(i,i)        Error         nNodes  Spin  Occ  Done 
------------------------------------------------------------
  0  -1.86089e+01   1.91933e-06        808    p    2    0
  1  -9.25891e-01   2.48395e-05          0    p    2    0
  2  -4.87370e-01   4.86279e-05          0    p    2    0
  3  -3.45753e-01   1.11706e-04          0    p    2    0
  4  -2.71741e-01   3.70190e-05        520    p    2    0
------------------------------------------------------------
 Total error:                            1.29746e-04    0
============================================================


============================================================
                    Energy                 Update      Done 
------------------------------------------------------------
 Orbital      -4.128048868212144e+01    -1.25346e-03    1
 Kinetic       7.553326327382209e+01    -1.46940e-03    1
 N-E          -1.984916553863513e+02     2.59240e-03    1
 Coulomb       4.659337694167120e+01    -1.31512e-03    1
 Exchange      0.000000000000000e+00     0.00000e+00    1
 X-C          -8.737905458125605e+00     1.93106e-04    1
------------------------------------------------------------
 Electronic   -8.510268425203293e+01    -1.94016e-07    1
 Nuclear       9.188557970143636e+00     0.00000e+00    1
------------------------------------------------------------
 Total        -7.591412628188930e+01    -1.94016e-07    1
============================================================


################ Wall time: 2.04057e+02 sec ################




####################### SCF cycle  4 #######################


============================================================
 Current precision                              1.00000e-07
------------------------------------------------------------
 Orbital threshold                              1.00000e-06
 Property threshold                            -1.00000e+00
============================================================


============================================================
                   Calculating SCF energy
------------------------------------------------------------
 Nuclear energy                       9.188557970143636e+00
 Electronic energy                   -8.510268428636718e+01
------------------------------------------------------------
 Total energy                        -7.591412631622354e+01
------------------------------------------------------------
                 Wall time: 1.07061e+01 sec 
============================================================


============================================================
                Rotating Helmholtz argument
------------------------------------------------------------
 Rotating orbitals                              9.14877e-01
------------------------------------------------------------
                 Wall time: 9.14972e-01 sec 
============================================================


============================================================
                Applying Helmholtz operators
------------------------------------------------------------
 Orb    RealNorm   Nodes     ImagNorm   Nodes     Timing
------------------------------------------------------------
  0    1.00000e+00   776    0.00000e+00     0   6.98316e+01
  4    1.00003e+00   520    0.00000e+00     0   5.44650e+01
------------------------------------------------------------
                 Wall time: 1.24297e+02 sec 
============================================================


============================================================
                 Lowdin orthonormalization
------------------------------------------------------------
 Computing Lowdin matrix                        1.94183e-01
 Rotating orbitals                              8.59713e-01
------------------------------------------------------------
                 Wall time: 1.05397e+00 sec 
============================================================


============================================================
               Iterative subspace accelerator
------------------------------------------------------------
 Push back orbitals                             1.76638e-02
 Setup linear system                            5.25202e-01
 Solve linear system                            1.37880e-05
 Expand solution                                1.03610e+00
------------------------------------------------------------
                 Wall time: 1.57911e+00 sec 
============================================================


============================================================
                 Lowdin orthonormalization
------------------------------------------------------------
 Computing Lowdin matrix                        3.31268e-01
 Rotating orbitals                              7.98948e-01
------------------------------------------------------------
                 Wall time: 1.13030e+00 sec 
============================================================


============================================================
                  Setting up Fock operator
------------------------------------------------------------
 Precision                                      1.00000e-07
------------------------------------------------------------
 Coulomb density                       808      1.23533e+00
 Coulomb potential                     488      4.55349e+01
 Allreduce potential                   520      1.55268e-01
 XC total density                     1160      1.57325e+00
 XC evaluate xcfun                    2320      5.47564e+00
 XC energy                            1160      1.62470e-04
 XC potential                         1160      5.39831e-02
------------------------------------------------------------
                 Wall time: 5.40472e+01 sec 
============================================================


============================================================
                  Calculating Fock matrix
------------------------------------------------------------
 Kinetic part                         3.505478187000000e+00
 Potential part                       1.090879449900000e+01
------------------------------------------------------------
                 Wall time: 1.44144e+01 sec 
============================================================


============================================================
                          Orbitals
------------------------------------------------------------
 Orb    F(i,i)        Error         nNodes  Spin  Occ  Done 
------------------------------------------------------------
  0  -1.86090e+01   1.64915e-06        808    p    2    0
  1  -9.25940e-01   1.81882e-05          0    p    2    0
  2  -4.87412e-01   1.41444e-05          0    p    2    0
  3  -3.45797e-01   4.03202e-05          0    p    2    0
  4  -2.71788e-01   4.15859e-05        520    p    2    0
------------------------------------------------------------
 Total error:                            6.23595e-05    0
============================================================


============================================================
                    Energy                 Update      Done 
------------------------------------------------------------
 Orbital      -4.127921653914635e+01     1.27214e-03    1
 Kinetic       7.553411016289186e+01     8.46889e-04    1
 N-E          -1.984936703464196e+02    -2.01496e-03    1
 Coulomb       4.659469793236409e+01     1.32099e-03    1
 Exchange      0.000000000000000e+00     0.00000e+00    1
 X-C          -8.738058026138052e+00    -1.52568e-04    1
------------------------------------------------------------
 Electronic   -8.510268428636718e+01    -3.43342e-08    1
 Nuclear       9.188557970143636e+00     0.00000e+00    1
------------------------------------------------------------
 Total        -7.591412631622354e+01    -3.43342e-08    1
============================================================


################ Wall time: 2.08419e+02 sec ################




####################### SCF cycle  5 #######################


============================================================
 Current precision                              1.00000e-07
------------------------------------------------------------
 Orbital threshold                              1.00000e-06
 Property threshold                            -1.00000e+00
============================================================


============================================================
                   Calculating SCF energy
------------------------------------------------------------
 Nuclear energy                       9.188557970143636e+00
 Electronic energy                   -8.510268429935678e+01
------------------------------------------------------------
 Total energy                        -7.591412632921315e+01
------------------------------------------------------------
                 Wall time: 1.10039e+01 sec 
============================================================


============================================================
                Rotating Helmholtz argument
------------------------------------------------------------
 Rotating orbitals                              1.02052e+00
------------------------------------------------------------
                 Wall time: 1.02060e+00 sec 
============================================================


============================================================
                Applying Helmholtz operators
------------------------------------------------------------
 Orb    RealNorm   Nodes     ImagNorm   Nodes     Timing
------------------------------------------------------------
  0    1.00000e+00   776    0.00000e+00     0   6.92662e+01
  4    1.00000e+00   520    0.00000e+00     0   5.63995e+01
------------------------------------------------------------
                 Wall time: 1.25667e+02 sec 
============================================================


============================================================
                 Lowdin orthonormalization
------------------------------------------------------------
 Computing Lowdin matrix                        1.96304e-01
 Rotating orbitals                              9.25273e-01
------------------------------------------------------------
                 Wall time: 1.12166e+00 sec 
============================================================


============================================================
               Iterative subspace accelerator
------------------------------------------------------------
 Push back orbitals                             1.78747e-02
 Setup linear system                            1.06002e+00
 Solve linear system                            8.88900e-06
 Expand solution                                1.55564e+00
------------------------------------------------------------
                 Wall time: 2.63368e+00 sec 
============================================================


============================================================
                 Lowdin orthonormalization
------------------------------------------------------------
 Computing Lowdin matrix                        3.59350e-01
 Rotating orbitals                              8.37415e-01
------------------------------------------------------------
                 Wall time: 1.19685e+00 sec 
============================================================


============================================================
                  Setting up Fock operator
------------------------------------------------------------
 Precision                                      1.00000e-07
------------------------------------------------------------
 Coulomb density                       808      1.21053e+00
 Coulomb potential                     488      4.70750e+01
 Allreduce potential                   520      1.55292e-01
 XC total density                     1160      1.61244e+00
 XC evaluate xcfun                    2320      5.48567e+00
 XC energy                            1160      1.73587e-04
 XC potential                         1160      5.28746e-02
------------------------------------------------------------
                 Wall time: 5.56111e+01 sec 
============================================================


============================================================
                  Calculating Fock matrix
------------------------------------------------------------
 Kinetic part                         3.559678505000000e+00
 Potential part                       1.124874987700000e+01
------------------------------------------------------------
                 Wall time: 1.48086e+01 sec 
============================================================


============================================================
                          Orbitals
------------------------------------------------------------
 Orb    F(i,i)        Error         nNodes  Spin  Occ  Done 
------------------------------------------------------------
  0  -1.86089e+01   2.05041e-06        808    p    2    0
  1  -9.25931e-01   1.22519e-05          0    p    2    0
  2  -4.87407e-01   1.25136e-05          0    p    2    0
  3  -3.45786e-01   4.83630e-05          0    p    2    0
  4  -2.71779e-01   1.58745e-05        520    p    2    0
------------------------------------------------------------
 Total error:                            5.38692e-05    0
============================================================


============================================================
                    Energy                 Update      Done 
------------------------------------------------------------
 Orbital      -4.127979195558819e+01    -5.75416e-04    1
 Kinetic       7.553357888291279e+01    -5.31280e-04    1
 N-E          -1.984926189896145e+02     1.05136e-03    1
 Coulomb       4.659409650665811e+01    -6.01426e-04    1
 Exchange      0.000000000000000e+00     0.00000e+00    1
 X-C          -8.737976637123161e+00     8.13890e-05    1
------------------------------------------------------------
 Electronic   -8.510268429935678e+01    -1.29896e-08    1
 Nuclear       9.188557970143636e+00     0.00000e+00    1
------------------------------------------------------------
 Total        -7.591412632921315e+01    -1.29896e-08    1
============================================================


################ Wall time: 2.13372e+02 sec ################




####################### SCF cycle  6 #######################


============================================================
 Current precision                              1.00000e-07
------------------------------------------------------------
 Orbital threshold                              1.00000e-06
 Property threshold                            -1.00000e+00
============================================================


============================================================
                   Calculating SCF energy
------------------------------------------------------------
 Nuclear energy                       9.188557970143636e+00
 Electronic energy                   -8.510268430559941e+01
------------------------------------------------------------
 Total energy                        -7.591412633545578e+01
------------------------------------------------------------
                 Wall time: 1.18089e+01 sec 
============================================================


============================================================
                Rotating Helmholtz argument
------------------------------------------------------------
 Rotating orbitals                              1.04772e+00
------------------------------------------------------------
                 Wall time: 1.04781e+00 sec 
============================================================


============================================================
                Applying Helmholtz operators
------------------------------------------------------------
 Orb    RealNorm   Nodes     ImagNorm   Nodes     Timing
------------------------------------------------------------
  0    1.00000e+00   776    0.00000e+00     0   7.11600e+01
  4    1.00000e+00   520    0.00000e+00     0   5.74941e+01
------------------------------------------------------------
                 Wall time: 1.28654e+02 sec 
============================================================


============================================================
                 Lowdin orthonormalization
------------------------------------------------------------
 Computing Lowdin matrix                        1.92445e-01
 Rotating orbitals                              9.08764e-01
------------------------------------------------------------
                 Wall time: 1.10129e+00 sec 
============================================================


============================================================
               Iterative subspace accelerator
------------------------------------------------------------
 Push back orbitals                             2.49446e-02
 Setup linear system                            1.07737e+00
 Solve linear system                            9.73000e-06
 Expand solution                                1.61853e+00
------------------------------------------------------------
                 Wall time: 2.72097e+00 sec 
============================================================


============================================================
                 Lowdin orthonormalization
------------------------------------------------------------
 Computing Lowdin matrix                        4.12614e-01
 Rotating orbitals                              8.91693e-01
------------------------------------------------------------
                 Wall time: 1.30438e+00 sec 
============================================================


============================================================
                  Setting up Fock operator
------------------------------------------------------------
 Precision                                      1.00000e-07
------------------------------------------------------------
 Coulomb density                       808      1.27878e+00
 Coulomb potential                     488      4.55775e+01
 Allreduce potential                   520      1.58592e-01
 XC total density                     1160      1.59901e+00
 XC evaluate xcfun                    2320      5.54096e+00
 XC energy                            1160      1.64205e-04
 XC potential                         1160      5.26584e-02
------------------------------------------------------------
                 Wall time: 5.42280e+01 sec 
============================================================


============================================================
                  Calculating Fock matrix
------------------------------------------------------------
 Kinetic part                         3.532274505000000e+00
 Potential part                       1.117647766100000e+01
------------------------------------------------------------
                 Wall time: 1.47089e+01 sec 
============================================================


============================================================
                          Orbitals
------------------------------------------------------------
 Orb    F(i,i)        Error         nNodes  Spin  Occ  Done 
------------------------------------------------------------
  0  -1.86089e+01   3.74395e-07        808    p    2    1
  1  -9.25931e-01   2.81370e-06          0    p    2    0
  2  -4.87407e-01   7.48343e-07          0    p    2    1
  3  -3.45786e-01   7.53784e-06          0    p    2    0
  4  -2.71779e-01   2.20592e-06        520    p    2    0
------------------------------------------------------------
 Total error:                            8.38464e-06    0
============================================================


============================================================
                    Energy                 Update      Done 
------------------------------------------------------------
 Orbital      -4.127966392295357e+01     1.28033e-04    1
 Kinetic       7.553360776184476e+01     2.88789e-05    1
 N-E          -1.984927698797304e+02    -1.50890e-04    1
 Coulomb       4.659422740625707e+01     1.30900e-04    1
 Exchange      0.000000000000000e+00     0.00000e+00    1
 X-C          -8.737985481177944e+00    -8.84405e-06    1
------------------------------------------------------------
 Electronic   -8.510268430559941e+01    -6.24263e-09    1
 Nuclear       9.188557970143636e+00     0.00000e+00    1
------------------------------------------------------------
 Total        -7.591412633545578e+01    -6.24263e-09    1
============================================================


################ Wall time: 2.15915e+02 sec ################




####################### SCF cycle  7 #######################


============================================================
 Current precision                              1.00000e-07
------------------------------------------------------------
 Orbital threshold                              1.00000e-06
 Property threshold                            -1.00000e+00
============================================================


============================================================
                   Calculating SCF energy
------------------------------------------------------------
 Nuclear energy                       9.188557970143636e+00
 Electronic energy                   -8.510268430589555e+01
------------------------------------------------------------
 Total energy                        -7.591412633575192e+01
------------------------------------------------------------
                 Wall time: 1.13131e+01 sec 
============================================================


============================================================
                Rotating Helmholtz argument
------------------------------------------------------------
 Rotating orbitals                              1.03857e+00
------------------------------------------------------------
                 Wall time: 1.03866e+00 sec 
============================================================


============================================================
                Applying Helmholtz operators
------------------------------------------------------------
 Orb    RealNorm   Nodes     ImagNorm   Nodes     Timing
------------------------------------------------------------
  0    1.00000e+00   776    0.00000e+00     0   7.13065e+01
  4    1.00000e+00   520    0.00000e+00     0   5.59181e+01
------------------------------------------------------------
                 Wall time: 1.27230e+02 sec 
============================================================


============================================================
                 Lowdin orthonormalization
------------------------------------------------------------
 Computing Lowdin matrix                        1.93546e-01
 Rotating orbitals                              8.94917e-01
------------------------------------------------------------
                 Wall time: 1.08854e+00 sec 
============================================================


============================================================
               Iterative subspace accelerator
------------------------------------------------------------
 Push back orbitals                             2.50965e-02
 Setup linear system                            1.04003e+00
 Solve linear system                            9.25700e-06
 Expand solution                                1.55744e+00
------------------------------------------------------------
                 Wall time: 2.62272e+00 sec 
============================================================


============================================================
                 Lowdin orthonormalization
------------------------------------------------------------
 Computing Lowdin matrix                        3.69008e-01
 Rotating orbitals                              8.57307e-01
------------------------------------------------------------
                 Wall time: 1.22640e+00 sec 
============================================================


============================================================
                  Setting up Fock operator
------------------------------------------------------------
 Precision                                      1.00000e-07
------------------------------------------------------------
 Coulomb density                       808      1.24435e+00
 Coulomb potential                     488      4.67290e+01
 Allreduce potential                   520      1.57552e-01
 XC total density                     1160      1.61834e+00
 XC evaluate xcfun                    2320      5.46110e+00
 XC energy                            1160      1.66724e-04
 XC potential                         1160      5.75213e-02
------------------------------------------------------------
                 Wall time: 5.52890e+01 sec 
============================================================


============================================================
                  Calculating Fock matrix
------------------------------------------------------------
 Kinetic part                         3.556342466000000e+00
 Potential part                       1.106842184300000e+01
------------------------------------------------------------
                 Wall time: 1.46249e+01 sec 
============================================================


============================================================
                          Orbitals
------------------------------------------------------------
 Orb    F(i,i)        Error         nNodes  Spin  Occ  Done 
------------------------------------------------------------
  0  -1.86089e+01   1.74352e-07        808    p    2    1
  1  -9.25931e-01   1.93299e-06          0    p    2    0
  2  -4.87407e-01   8.72583e-07          0    p    2    1
  3  -3.45786e-01   3.81334e-06          0    p    2    0
  4  -2.71779e-01   7.57689e-07        520    p    2    1
------------------------------------------------------------
 Total error:                            4.43214e-06    0
============================================================


============================================================
                    Energy                 Update      Done 
------------------------------------------------------------
 Orbital      -4.127966076106286e+01     3.16189e-06    1
 Kinetic       7.553360120984522e+01    -6.55200e-06    1
 N-E          -1.984927668329492e+02     3.04678e-06    1
 Coulomb       4.659423040988354e+01     3.00363e-06    1
 Exchange      0.000000000000000e+00     0.00000e+00    1
 X-C          -8.737984975265203e+00     5.05913e-07    1
------------------------------------------------------------
 Electronic   -8.510268430589555e+01    -2.96140e-10    1
 Nuclear       9.188557970143636e+00     0.00000e+00    1
------------------------------------------------------------
 Total        -7.591412633575192e+01    -2.96140e-10    1
============================================================


################ Wall time: 2.14739e+02 sec ################




####################### SCF cycle  8 #######################


============================================================
 Current precision                              1.00000e-07
------------------------------------------------------------
 Orbital threshold                              1.00000e-06
 Property threshold                            -1.00000e+00
============================================================


============================================================
                   Calculating SCF energy
------------------------------------------------------------
 Nuclear energy                       9.188557970143636e+00
 Electronic energy                   -8.510268430595961e+01
------------------------------------------------------------
 Total energy                        -7.591412633581598e+01
------------------------------------------------------------
                 Wall time: 1.11554e+01 sec 
============================================================


============================================================
                Rotating Helmholtz argument
------------------------------------------------------------
 Rotating orbitals                              1.03139e+00
------------------------------------------------------------
                 Wall time: 1.03148e+00 sec 
============================================================


============================================================
                Applying Helmholtz operators
------------------------------------------------------------
 Orb    RealNorm   Nodes     ImagNorm   Nodes     Timing
------------------------------------------------------------
  0    1.00000e+00   776    0.00000e+00     0   7.28900e+01
  4    1.00000e+00   520    0.00000e+00     0   5.82324e+01
------------------------------------------------------------
                 Wall time: 1.31129e+02 sec 
============================================================


============================================================
                 Lowdin orthonormalization
------------------------------------------------------------
 Computing Lowdin matrix                        1.94234e-01
 Rotating orbitals                              8.82018e-01
------------------------------------------------------------
                 Wall time: 1.07632e+00 sec 
============================================================


============================================================
               Iterative subspace accelerator
------------------------------------------------------------
 Push back orbitals                             2.52565e-02
 Setup linear system                            1.05577e+00
 Solve linear system                            9.91600e-06
 Expand solution                                1.59254e+00
------------------------------------------------------------
                 Wall time: 2.67371e+00 sec 
============================================================


============================================================
                 Lowdin orthonormalization
------------------------------------------------------------
 Computing Lowdin matrix                        3.89468e-01
 Rotating orbitals                              7.59336e-01
------------------------------------------------------------
                 Wall time: 1.14888e+00 sec 
============================================================


============================================================
                  Setting up Fock operator
------------------------------------------------------------
 Precision                                      1.00000e-07
------------------------------------------------------------
 Coulomb density                       808      1.23185e+00
 Coulomb potential                     488      4.78311e+01
 Allreduce potential                   520      1.54233e-01
 XC total density                     1160      1.56940e+00
 XC evaluate xcfun                    2320      5.56131e+00
 XC energy                            1160      1.66222e-04
 XC potential                         1160      5.62521e-02
------------------------------------------------------------
                 Wall time: 5.64236e+01 sec 
============================================================


============================================================
                  Calculating Fock matrix
------------------------------------------------------------
 Kinetic part                         3.600599001000000e+00
 Potential part                       1.120618516300000e+01
------------------------------------------------------------
                 Wall time: 1.48069e+01 sec 
============================================================


============================================================
                          Orbitals
------------------------------------------------------------
 Orb    F(i,i)        Error         nNodes  Spin  Occ  Done 
------------------------------------------------------------
  0  -1.86089e+01   9.07667e-09        808    p    2    1
  1  -9.25931e-01   6.08905e-07          0    p    2    1
  2  -4.87407e-01   1.01756e-06          0    p    2    0
  3  -3.45786e-01   8.22610e-07          0    p    2    1
  4  -2.71779e-01   3.02142e-07        520    p    2    1
------------------------------------------------------------
 Total error:                            1.47454e-06    0
============================================================


============================================================
                    Energy                 Update      Done 
------------------------------------------------------------
 Orbital      -4.127965691468666e+01     3.84638e-06    1
 Kinetic       7.553360046425865e+01    -7.45587e-07    1
 N-E          -1.984927697060478e+02    -2.87310e-06    1
 Coulomb       4.659423436148820e+01     3.95160e-06    1
 Exchange      0.000000000000000e+00     0.00000e+00    1
 X-C          -8.737985307010911e+00    -3.31746e-07    1
------------------------------------------------------------
 Electronic   -8.510268430595961e+01    -6.40625e-11    1
 Nuclear       9.188557970143636e+00     0.00000e+00    1
------------------------------------------------------------
 Total        -7.591412633581598e+01    -6.40625e-11    1
============================================================


################ Wall time: 2.19784e+02 sec ################




####################### SCF cycle  9 #######################


============================================================
 Current precision                              1.00000e-07
------------------------------------------------------------
 Orbital threshold                              1.00000e-06
 Property threshold                            -1.00000e+00
============================================================


============================================================
                   Calculating SCF energy
------------------------------------------------------------
 Nuclear energy                       9.188557970143636e+00
 Electronic energy                   -8.510268430596776e+01
------------------------------------------------------------
 Total energy                        -7.591412633582412e+01
------------------------------------------------------------
                 Wall time: 1.15639e+01 sec 
============================================================


============================================================
                Rotating Helmholtz argument
------------------------------------------------------------
 Rotating orbitals                              1.03561e+00
------------------------------------------------------------
                 Wall time: 1.03569e+00 sec 
============================================================


============================================================
                Applying Helmholtz operators
------------------------------------------------------------
 Orb    RealNorm   Nodes     ImagNorm   Nodes     Timing
------------------------------------------------------------
  0    1.00000e+00   776    0.00000e+00     0   7.20701e+01
  4    1.00000e+00   520    0.00000e+00     0   5.84871e+01
------------------------------------------------------------
                 Wall time: 1.30564e+02 sec 
============================================================


============================================================
                 Lowdin orthonormalization
------------------------------------------------------------
 Computing Lowdin matrix                        1.94419e-01
 Rotating orbitals                              8.60164e-01
------------------------------------------------------------
                 Wall time: 1.05466e+00 sec 
============================================================


============================================================
               Iterative subspace accelerator
------------------------------------------------------------
 Push back orbitals                             2.50992e-02
 Setup linear system                            1.05175e+00
 Solve linear system                            9.41700e-06
 Expand solution                                1.40939e+00
------------------------------------------------------------
                 Wall time: 2.48640e+00 sec 
============================================================


============================================================
                 Lowdin orthonormalization
------------------------------------------------------------
 Computing Lowdin matrix                        3.56024e-01
 Rotating orbitals                              8.34909e-01
------------------------------------------------------------
                 Wall time: 1.19102e+00 sec 
============================================================


============================================================
                  Setting up Fock operator
------------------------------------------------------------
 Precision                                      1.00000e-07
------------------------------------------------------------
 Coulomb density                       808      1.25061e+00
 Coulomb potential                     488      4.75518e+01
 Allreduce potential                   520      1.55819e-01
 XC total density                     1160      1.58407e+00
 XC evaluate xcfun                    2320      5.51498e+00
 XC energy                            1160      1.79103e-04
 XC potential                         1160      5.22005e-02
------------------------------------------------------------
                 Wall time: 5.61298e+01 sec 
============================================================


============================================================
                  Calculating Fock matrix
------------------------------------------------------------
 Kinetic part                         3.556709992000000e+00
 Potential part                       1.133866847400000e+01
------------------------------------------------------------
                 Wall time: 1.48955e+01 sec 
============================================================


============================================================
                          Orbitals
------------------------------------------------------------
 Orb    F(i,i)        Error         nNodes  Spin  Occ  Done 
------------------------------------------------------------
  0  -1.86089e+01   1.70594e-08        808    p    2    1
  1  -9.25931e-01   1.30251e-07          0    p    2    1
  2  -4.87407e-01   3.69059e-07          0    p    2    1
  3  -3.45785e-01   3.01871e-07          0    p    2    1
  4  -2.71779e-01   3.69440e-07        520    p    2    1
------------------------------------------------------------
 Total error:                            6.17311e-07    1
============================================================


============================================================
                    Energy                 Update      Done 
------------------------------------------------------------
 Orbital      -4.127966028226645e+01    -3.36758e-06    1
 Kinetic       7.553359730814887e+01    -3.15611e-06    1
 N-E          -1.984927633664320e+02     6.33962e-06    1
 Coulomb       4.659423090448379e+01    -3.45700e-06    1
 Exchange      0.000000000000000e+00     0.00000e+00    1
 X-C          -8.737985033845741e+00     2.73165e-07    1
------------------------------------------------------------
 Electronic   -8.510268430596776e+01    -8.14282e-12    1
 Nuclear       9.188557970143636e+00     0.00000e+00    1
------------------------------------------------------------
 Total        -7.591412633582412e+01    -8.14282e-12    1
============================================================


################ Wall time: 2.19219e+02 sec ################


============================================================
                      Convergence rate
------------------------------------------------------------
Iter    OrbError       Property                   Update  
------------------------------------------------------------
  1    1.77730e-03    -7.591412104581545e+01   -7.59141e+01
  2    3.33928e-04    -7.591412608787358e+01   -5.04206e-06
  3    1.29746e-04    -7.591412628188930e+01   -1.94016e-07
  4    6.23595e-05    -7.591412631622354e+01   -3.43342e-08
  5    5.38692e-05    -7.591412632921315e+01   -1.29896e-08
  6    8.38464e-06    -7.591412633545578e+01   -6.24263e-09
  7    4.43214e-06    -7.591412633575192e+01   -2.96140e-10
  8    1.47454e-06    -7.591412633581598e+01   -6.40625e-11
  9    6.17311e-07    -7.591412633582412e+01   -8.14282e-12
------------------------------------------------------------
                      SCF converged!!!                      
============================================================


============================================================
                  Digonalizing Fock matrix
------------------------------------------------------------
 Computing Lowdin matrix                        2.24068e-01
 Diagonalizing matrix                           8.38500e-06
 Rotating orbitals                              1.05961e+00
------------------------------------------------------------
                 Wall time: 1.28377e+00 sec 
============================================================


============================================================
                  Setting up Fock operator
------------------------------------------------------------
 Precision                                      1.00000e-07
------------------------------------------------------------
 Coulomb density                       872      1.33075e+00
 Coulomb potential                     488      4.37571e+01
 Allreduce potential                   520      1.52376e-01
 XC total density                     1224      1.72316e+00
 XC evaluate xcfun                    2448      5.73431e+00
 XC energy                            1224      1.71138e-04
 XC potential                         1224      5.37678e-02
------------------------------------------------------------
                 Wall time: 5.27712e+01 sec 
============================================================


============================================================
                   Calculating SCF energy
------------------------------------------------------------
------------------------------------------------------------
                 Wall time: 1.15035e+01 sec 
============================================================


============================================================
                 Calculating dipole moment
------------------------------------------------------------
------------------------------------------------------------
                 Wall time: 5.64941e+00 sec 
============================================================


============================================================
                        Fock matrix
------------------------------------------------------------
-1.86089e+01  0.00000e+00  0.00000e+00  0.00000e+00  0.00000e+00
 0.00000e+00 -9.25931e-01  0.00000e+00  0.00000e+00  0.00000e+00
 0.00000e+00  0.00000e+00 -4.87407e-01  0.00000e+00  0.00000e+00
 0.00000e+00  0.00000e+00  0.00000e+00 -3.45785e-01  0.00000e+00
 0.00000e+00  0.00000e+00  0.00000e+00  0.00000e+00 -2.71779e-01
============================================================


============================================================
                      Orbital energies
------------------------------------------------------------
    n  spin  occ                            epsilon  
------------------------------------------------------------
    0    p    2                      -1.860892721920722e+01
    1    p    2                      -9.259308483527811e-01
    2    p    2                      -4.874065372680879e-01
    3    p    2                      -3.457854950239663e-01
    4    p    2                      -2.717786238833003e-01
============================================================


============================================================
                          Molecule
------------------------------------------------------------
 Nr  Element             x             y             z      
------------------------------------------------------------
  1     O           0.00000e+00   0.00000e+00   2.21665e-01
  2     H           0.00000e+00   1.43090e+00  -8.86659e-01
  3     H           0.00000e+00  -1.43090e+00  -8.86659e-01
------------------------------------------------------------
 Center of mass:    0.00000e+00   0.00000e+00   9.76452e-02
============================================================


                                                            
============================================================
                         SCF Energy                         
------------------------------------------------------------
                                                            
 Sum orbital energy:                 -4.127965744747071e+01
 Kinetic energy:                      7.553359991233887e+01
 E-N energy:                         -1.984927684871300e+02
 Coulomb energy:                      4.659423388797164e+01
 Exchange energy:                     0.000000000000000e+00
 X-C energy:                         -8.737985501026312e+00
 El. external field energy:           2.358818768529639e-04
 Nuc. external field energy:         -9.764520547247330e-04
                                                            
------------------------------------------------------------
                                                            
 Electronic energy:                  -8.510268430596889e+01
 Nuclear energy:                      9.188557970143636e+00
                                                            
------------------------------------------------------------
                                                            
 Total energy       (au)             -7.591412633582526e+01
                    (kJ/mol)         -1.993125098473412e+05
                    (kcal/mol)       -4.763683310659262e+04
                    (eV)             -2.065728522458487e+03
                                                            
============================================================
                                                            

                                                            
============================================================
                         Dipole moment                      
------------------------------------------------------------
                                                            
 Length of vector:   (au)                  7.4057017787e-01
                     (Debye)               1.8823414584e+00
                                                            
-------------------------- Total ---------------------------
                                                            
 [-6.5626838742e-12, -6.1273819030e-12, -7.4057017787e-01] 
                                                            
------------------------- Nuclear --------------------------
                                                            
 [-6.6384693017e-12, -5.6592508457e-12, -9.7645205472e-01] 
                                                            
------------------------ Electronic ------------------------
                                                            
 [ 7.5785427538e-14, -4.6813105728e-13,  2.3588187685e-01] 
                                                            
============================================================
                                                            



************************************************************
***                                                      ***
***                    Exiting MRChem                    ***
***                                                      ***
***               Wall time: 2.044191e+03                ***
***                                                      ***
************************************************************


