


************************************************************
***     __  __ ____   ____ _                             ***
***    |  \/  |  _ \ / ___| |__   ___ _ __ ___           ***
***    | |\/| | |_) | |   | '_ \ / _ \ '_ ` _ \          ***
***    | |  | |  _ <| |___| | | |  __/ | | | | |         ***
***    |_|  |_|_| \_\\____|_| |_|\___|_| |_| |_|         ***
***                                                      ***
***    VERSION 0.0.1 (rev. 1c6f79f)                     ***
***                                                      ***
***    Stig Rune Jensen <stig.r.jensen@uit.no>           ***
***    Luca Frediani    <luca.frediani@uit.no>           ***
***    Peter Wind       <peter.wind@uit.no>              ***
***                                                      ***
************************************************************


+++ Parallel execution: 
  MPI hosts available     : 4
  Threads/host            : 2
  Total used CPUs         : 8


------------------------------------------------------------

 MRCPP version   : X.Y.Z
 Git revision    : bbc2aed

 Linear algebra  : EIGEN
 Parallelization : MPI/OpenMP

------------------------------------------------------------




============================================================
                  MultiResolution Analysis                  
------------------------------------------------------------
 polynomial order = 11
 polynomial type  = Interpolating
------------------------------------------------------------
 total boxes      = 8
 boxes            = [           2           2           2 ]
 unit lengths     = [    32.00000    32.00000    32.00000 ]
 scaling factor   = [     1.00000     1.00000     1.00000 ]
 lower bounds     = [   -32.00000   -32.00000   -32.00000 ]
 upper bounds     = [    32.00000    32.00000    32.00000 ]
 total length     = [    64.00000    64.00000    64.00000 ]
============================================================


============================================================
                          Molecule
------------------------------------------------------------
 Nr  Element             x             y             z      
------------------------------------------------------------
  1     H           0.00000e+00   0.00000e+00   0.00000e+00
------------------------------------------------------------
 Center of mass:    0.00000e+00   0.00000e+00   0.00000e+00
============================================================


============================================================
                Setting up nuclear potential
------------------------------------------------------------
 Nr  Element         Charge        Precision     Smoothing 
------------------------------------------------------------
  1     H           1.00000e+00   1.00000e-07   7.57698e-04
------------------------------------------------------------
 Nuclear potential                    1032      9.76857e-01
 Allreduce potential                  1032      2.95120e-01
------------------------------------------------------------
                 Wall time: 1.27210e+00 sec 
============================================================


============================================================
 OrbitalVector:   1 orbitals     1 occupied     1 electrons
------------------------------------------------------------
   n  RankID           Norm          Spin Occ      Error    
------------------------------------------------------------
   0     0       1.000000000000e+00    a   1    1.00000e+00
============================================================


============================================================
                  Setting up Fock operator
------------------------------------------------------------
 Precision                                      1.00000e-07
------------------------------------------------------------
 Coulomb density                       648      6.20355e-01
 Coulomb potential                     264      2.00155e+01
 Allreduce potential                   264      6.62457e-02
 XC alpha density                      648      7.99788e-01
 XC beta density                         8      3.20454e-03
 XC evaluate xcfun                    5832      2.20678e+01
 XC energy                             648      1.71211e-04
 XC potential                         1296      7.40847e-01
------------------------------------------------------------
                 Wall time: 4.47767e+01 sec 
============================================================


============================================================
                  Calculating Fock matrix
------------------------------------------------------------
 Kinetic part                         1.431529608000000e+00
 Potential part                       6.651096164000000e+00
------------------------------------------------------------
                 Wall time: 8.08275e+00 sec 
============================================================




####################### SCF cycle  1 #######################


============================================================
 Current precision                              1.00000e-07
------------------------------------------------------------
 Orbital threshold                              1.00000e-06
 Property threshold                            -1.00000e+00
============================================================


============================================================
                  Digonalizing Fock matrix
------------------------------------------------------------
 Computing Lowdin matrix                        4.73974e-02
 Diagonalizing matrix                           5.48600e-06
 Rotating orbitals                              1.75405e-01
------------------------------------------------------------
                 Wall time: 2.22899e-01 sec 
============================================================


============================================================
                   Calculating SCF energy
------------------------------------------------------------
 Nuclear energy                      -6.374472821877968e-16
 Electronic energy                   -4.999905533815984e-01
------------------------------------------------------------
 Total energy                        -4.999905533815990e-01
------------------------------------------------------------
                 Wall time: 6.14833e+00 sec 
============================================================


============================================================
                Rotating Helmholtz argument
------------------------------------------------------------
 Rotating orbitals                              5.86255e-02
------------------------------------------------------------
                 Wall time: 5.86861e-02 sec 
============================================================


============================================================
                Applying Helmholtz operators
------------------------------------------------------------
 Orb    RealNorm   Nodes     ImagNorm   Nodes     Timing
------------------------------------------------------------
  0    1.00000e+00   584    0.00000e+00     0   7.03593e+01
------------------------------------------------------------
                 Wall time: 7.03595e+01 sec 
============================================================


============================================================
                 Lowdin orthonormalization
------------------------------------------------------------
 Computing Lowdin matrix                        4.73144e-02
 Rotating orbitals                              1.69548e-01
------------------------------------------------------------
                 Wall time: 2.16946e-01 sec 
============================================================


============================================================
               Iterative subspace accelerator
------------------------------------------------------------
 Push back orbitals                             3.11510e-05
 Copy orbitals                                  3.03570e-02
 Copy orbital updates                           3.03910e-02
------------------------------------------------------------
                 Wall time: 6.08895e-02 sec 
============================================================


============================================================
                 Lowdin orthonormalization
------------------------------------------------------------
 Computing Lowdin matrix                        4.70742e-02
 Rotating orbitals                              1.67924e-01
------------------------------------------------------------
                 Wall time: 2.15080e-01 sec 
============================================================


============================================================
                  Setting up Fock operator
------------------------------------------------------------
 Precision                                      1.00000e-07
------------------------------------------------------------
 Coulomb density                       648      6.02751e-01
 Coulomb potential                     264      2.02026e+01
 Allreduce potential                   264      6.75664e-02
 XC alpha density                      648      7.68601e-01
 XC beta density                         8      3.05821e-03
 XC evaluate xcfun                    5832      2.19578e+01
 XC energy                             648      1.58504e-04
 XC potential                         1296      7.39806e-01
------------------------------------------------------------
                 Wall time: 4.47435e+01 sec 
============================================================


============================================================
                  Calculating Fock matrix
------------------------------------------------------------
 Kinetic part                         1.321460267000000e+00
 Potential part                       6.254358294000000e+00
------------------------------------------------------------
                 Wall time: 7.57595e+00 sec 
============================================================


============================================================
                          Orbitals
------------------------------------------------------------
 Orb    F(i,i)        Error         nNodes  Spin  Occ  Done 
------------------------------------------------------------
  0  -2.79094e-01   1.96717e-03        584    a    1    0
------------------------------------------------------------
 Total error:                            1.96717e-03    0
============================================================


============================================================
                    Energy                 Update      Done 
------------------------------------------------------------
 Orbital      -2.790906510896127e-01    -2.79091e-01    1
 Kinetic       4.948118630978409e-01     4.94812e-01    1
 N-E          -9.941631639417174e-01    -9.94163e-01    1
 Coulomb       3.068251794119896e-01     3.06825e-01    1
 Exchange      0.000000000000000e+00     0.00000e+00    1
 X-C          -3.074644319497116e-01    -3.07464e-01    1
------------------------------------------------------------
 Electronic   -4.999905533815984e-01    -4.99991e-01    1
 Nuclear      -6.374472821877968e-16    -6.37447e-16    1
------------------------------------------------------------
 Total        -4.999905533815990e-01    -4.99991e-01    1
============================================================


################ Wall time: 1.29690e+02 sec ################




####################### SCF cycle  2 #######################


============================================================
 Current precision                              1.00000e-07
------------------------------------------------------------
 Orbital threshold                              1.00000e-06
 Property threshold                            -1.00000e+00
============================================================


============================================================
                  Digonalizing Fock matrix
------------------------------------------------------------
 Computing Lowdin matrix                        4.22826e-02
 Diagonalizing matrix                           3.29600e-06
 Rotating orbitals                              1.69854e-01
------------------------------------------------------------
                 Wall time: 2.12218e-01 sec 
============================================================


============================================================
                   Calculating SCF energy
------------------------------------------------------------
 Nuclear energy                      -6.374472821877968e-16
 Electronic energy                   -4.999930345475298e-01
------------------------------------------------------------
 Total energy                        -4.999930345475304e-01
------------------------------------------------------------
                 Wall time: 6.11880e+00 sec 
============================================================


============================================================
                Rotating Helmholtz argument
------------------------------------------------------------
 Rotating orbitals                              5.86898e-02
------------------------------------------------------------
                 Wall time: 5.87404e-02 sec 
============================================================


============================================================
                Applying Helmholtz operators
------------------------------------------------------------
 Orb    RealNorm   Nodes     ImagNorm   Nodes     Timing
------------------------------------------------------------
  0    1.00000e+00   584    0.00000e+00     0   7.03636e+01
------------------------------------------------------------
                 Wall time: 7.03688e+01 sec 
============================================================


============================================================
                 Lowdin orthonormalization
------------------------------------------------------------
 Computing Lowdin matrix                        4.79843e-02
 Rotating orbitals                              1.73470e-01
------------------------------------------------------------
                 Wall time: 2.21536e-01 sec 
============================================================


============================================================
               Iterative subspace accelerator
------------------------------------------------------------
 Push back orbitals                             2.95800e-05
 Copy orbitals                                  3.03492e-02
 Copy orbital updates                           3.03699e-02
------------------------------------------------------------
                 Wall time: 6.08525e-02 sec 
============================================================


============================================================
                 Lowdin orthonormalization
------------------------------------------------------------
 Computing Lowdin matrix                        4.64700e-02
 Rotating orbitals                              1.67220e-01
------------------------------------------------------------
                 Wall time: 2.13774e-01 sec 
============================================================


============================================================
                  Setting up Fock operator
------------------------------------------------------------
 Precision                                      1.00000e-07
------------------------------------------------------------
 Coulomb density                       648      5.99366e-01
 Coulomb potential                     264      2.00587e+01
 Allreduce potential                   264      6.90479e-02
 XC alpha density                      648      7.66708e-01
 XC beta density                         8      2.90666e-03
 XC evaluate xcfun                    5832      2.20791e+01
 XC energy                             648      1.58066e-04
 XC potential                         1296      7.36511e-01
------------------------------------------------------------
                 Wall time: 4.47109e+01 sec 
============================================================


============================================================
                  Calculating Fock matrix
------------------------------------------------------------
 Kinetic part                         1.330494976000000e+00
 Potential part                       6.222297358000000e+00
------------------------------------------------------------
                 Wall time: 7.55290e+00 sec 
============================================================


============================================================
                          Orbitals
------------------------------------------------------------
 Orb    F(i,i)        Error         nNodes  Spin  Occ  Done 
------------------------------------------------------------
  0  -2.79096e-01   5.73882e-04        584    a    1    0
------------------------------------------------------------
 Total error:                            5.73882e-04    0
============================================================


============================================================
                    Energy                 Update      Done 
------------------------------------------------------------
 Orbital      -2.790938620944367e-01    -3.21100e-06    1
 Kinetic       4.948107874378052e-01    -1.07566e-06    1
 N-E          -9.941605912515584e-01     2.57269e-06    1
 Coulomb       3.068242449566043e-01    -9.34455e-07    1
 Exchange      0.000000000000000e+00     0.00000e+00    1
 X-C          -3.074636868043024e-01     7.45145e-07    1
------------------------------------------------------------
 Electronic   -4.999930345475298e-01    -2.48117e-06    1
 Nuclear      -6.374472821877968e-16     0.00000e+00    1
------------------------------------------------------------
 Total        -4.999930345475304e-01    -2.48117e-06    1
============================================================


################ Wall time: 1.29612e+02 sec ################




####################### SCF cycle  3 #######################


============================================================
 Current precision                              1.00000e-07
------------------------------------------------------------
 Orbital threshold                              1.00000e-06
 Property threshold                            -1.00000e+00
============================================================


============================================================
                   Calculating SCF energy
------------------------------------------------------------
 Nuclear energy                      -6.374472821877968e-16
 Electronic energy                   -4.999932988891947e-01
------------------------------------------------------------
 Total energy                        -4.999932988891953e-01
------------------------------------------------------------
                 Wall time: 6.14491e+00 sec 
============================================================


============================================================
                Rotating Helmholtz argument
------------------------------------------------------------
 Rotating orbitals                              5.67103e-02
------------------------------------------------------------
                 Wall time: 5.67601e-02 sec 
============================================================


============================================================
                Applying Helmholtz operators
------------------------------------------------------------
 Orb    RealNorm   Nodes     ImagNorm   Nodes     Timing
------------------------------------------------------------
  0    1.00000e+00   584    0.00000e+00     0   7.04215e+01
------------------------------------------------------------
                 Wall time: 7.04266e+01 sec 
============================================================


============================================================
                 Lowdin orthonormalization
------------------------------------------------------------
 Computing Lowdin matrix                        4.56988e-02
 Rotating orbitals                              1.67247e-01
------------------------------------------------------------
                 Wall time: 2.13030e-01 sec 
============================================================


============================================================
               Iterative subspace accelerator
------------------------------------------------------------
 Push back orbitals                             2.90410e-05
 Setup linear system                            8.28246e-02
 Solve linear system                            1.19350e-05
 Expand solution                                1.76263e-01
------------------------------------------------------------
                 Wall time: 2.59248e-01 sec 
============================================================


============================================================
                 Lowdin orthonormalization
------------------------------------------------------------
 Computing Lowdin matrix                        7.59375e-02
 Rotating orbitals                              2.04647e-01
------------------------------------------------------------
                 Wall time: 2.80669e-01 sec 
============================================================


============================================================
                  Setting up Fock operator
------------------------------------------------------------
 Precision                                      1.00000e-07
------------------------------------------------------------
 Coulomb density                       648      6.02601e-01
 Coulomb potential                     264      2.03849e+01
 Allreduce potential                   264      6.64397e-02
 XC alpha density                      648      7.82603e-01
 XC beta density                         8      2.74425e-03
 XC evaluate xcfun                    5832      2.20817e+01
 XC energy                             648      1.61683e-04
 XC potential                         1296      7.35060e-01
------------------------------------------------------------
                 Wall time: 4.50593e+01 sec 
============================================================


============================================================
                  Calculating Fock matrix
------------------------------------------------------------
 Kinetic part                         1.312450854000000e+00
 Potential part                       6.158177775000000e+00
------------------------------------------------------------
                 Wall time: 7.47076e+00 sec 
============================================================


============================================================
                          Orbitals
------------------------------------------------------------
 Orb    F(i,i)        Error         nNodes  Spin  Occ  Done 
------------------------------------------------------------
  0  -2.79097e-01   2.79619e-04        584    a    1    0
------------------------------------------------------------
 Total error:                            2.79619e-04    0
============================================================


============================================================
                    Energy                 Update      Done 
------------------------------------------------------------
 Orbital      -2.790958796369686e-01    -2.01754e-06    1
 Kinetic       4.948065715254575e-01    -4.21591e-06    1
 N-E          -9.941551046392134e-01     5.48661e-06    1
 Coulomb       3.068218999135039e-01    -2.34504e-06    1
 Exchange      0.000000000000000e+00     0.00000e+00    1
 X-C          -3.074617032079812e-01     1.98360e-06    1
------------------------------------------------------------
 Electronic   -4.999932988891947e-01    -2.64342e-07    1
 Nuclear      -6.374472821877968e-16     0.00000e+00    1
------------------------------------------------------------
 Total        -4.999932988891953e-01    -2.64342e-07    1
============================================================


################ Wall time: 1.30030e+02 sec ################




####################### SCF cycle  4 #######################


============================================================
 Current precision                              1.00000e-07
------------------------------------------------------------
 Orbital threshold                              1.00000e-06
 Property threshold                            -1.00000e+00
============================================================


============================================================
                   Calculating SCF energy
------------------------------------------------------------
 Nuclear energy                      -6.374472821877968e-16
 Electronic energy                   -4.999933381264879e-01
------------------------------------------------------------
 Total energy                        -4.999933381264886e-01
------------------------------------------------------------
                 Wall time: 6.13002e+00 sec 
============================================================


============================================================
                Rotating Helmholtz argument
------------------------------------------------------------
 Rotating orbitals                              5.52437e-02
------------------------------------------------------------
                 Wall time: 5.53033e-02 sec 
============================================================


============================================================
                Applying Helmholtz operators
------------------------------------------------------------
 Orb    RealNorm   Nodes     ImagNorm   Nodes     Timing
------------------------------------------------------------
  0    1.00000e+00   584    0.00000e+00     0   7.07809e+01
------------------------------------------------------------
                 Wall time: 7.07862e+01 sec 
============================================================


============================================================
                 Lowdin orthonormalization
------------------------------------------------------------
 Computing Lowdin matrix                        5.00156e-02
 Rotating orbitals                              1.70311e-01
------------------------------------------------------------
                 Wall time: 2.20403e-01 sec 
============================================================


============================================================
               Iterative subspace accelerator
------------------------------------------------------------
 Push back orbitals                             7.56256e-03
 Setup linear system                            2.49023e-01
 Solve linear system                            1.52790e-05
 Expand solution                                3.37663e-01
------------------------------------------------------------
                 Wall time: 5.94415e-01 sec 
============================================================


============================================================
                 Lowdin orthonormalization
------------------------------------------------------------
 Computing Lowdin matrix                        1.16916e-01
 Rotating orbitals                              2.50453e-01
------------------------------------------------------------
                 Wall time: 3.67454e-01 sec 
============================================================


============================================================
                  Setting up Fock operator
------------------------------------------------------------
 Precision                                      1.00000e-07
------------------------------------------------------------
 Coulomb density                       648      6.09550e-01
 Coulomb potential                     264      2.04402e+01
 Allreduce potential                   264      6.75368e-02
 XC alpha density                      648      7.62011e-01
 XC beta density                         8      3.04541e-03
 XC evaluate xcfun                    5832      2.21569e+01
 XC energy                             648      1.62630e-04
 XC potential                         1296      7.44416e-01
------------------------------------------------------------
                 Wall time: 4.51829e+01 sec 
============================================================


============================================================
                  Calculating Fock matrix
------------------------------------------------------------
 Kinetic part                         1.320537603000000e+00
 Potential part                       6.229011347000000e+00
------------------------------------------------------------
                 Wall time: 7.54967e+00 sec 
============================================================


============================================================
                          Orbitals
------------------------------------------------------------
 Orb    F(i,i)        Error         nNodes  Spin  Occ  Done 
------------------------------------------------------------
  0  -2.79097e-01   1.85548e-05        584    a    1    0
------------------------------------------------------------
 Total error:                            1.85548e-05    0
============================================================


============================================================
                    Energy                 Update      Done 
------------------------------------------------------------
 Orbital      -2.790969419076503e-01    -1.06227e-06    1
 Kinetic       4.948038726015027e-01    -2.69892e-06    1
 N-E          -9.941516766414840e-01     3.42800e-06    1
 Coulomb       3.068205254113357e-01    -1.37450e-06    1
 Exchange      0.000000000000000e+00     0.00000e+00    1
 X-C          -3.074605167407886e-01     1.18647e-06    1
------------------------------------------------------------
 Electronic   -4.999933381264879e-01    -3.92373e-08    1
 Nuclear      -6.374472821877968e-16     0.00000e+00    1
------------------------------------------------------------
 Total        -4.999933381264886e-01    -3.92373e-08    1
============================================================


################ Wall time: 1.31048e+02 sec ################




####################### SCF cycle  5 #######################


============================================================
 Current precision                              1.00000e-07
------------------------------------------------------------
 Orbital threshold                              1.00000e-06
 Property threshold                            -1.00000e+00
============================================================


============================================================
                   Calculating SCF energy
------------------------------------------------------------
 Nuclear energy                      -6.374472821877968e-16
 Electronic energy                   -4.999933384742485e-01
------------------------------------------------------------
 Total energy                        -4.999933384742491e-01
------------------------------------------------------------
                 Wall time: 6.18591e+00 sec 
============================================================


============================================================
                Rotating Helmholtz argument
------------------------------------------------------------
 Rotating orbitals                              5.54230e-02
------------------------------------------------------------
                 Wall time: 5.54723e-02 sec 
============================================================


============================================================
                Applying Helmholtz operators
------------------------------------------------------------
 Orb    RealNorm   Nodes     ImagNorm   Nodes     Timing
------------------------------------------------------------
  0    1.00000e+00   584    0.00000e+00     0   7.11084e+01
------------------------------------------------------------
                 Wall time: 7.11137e+01 sec 
============================================================


============================================================
                 Lowdin orthonormalization
------------------------------------------------------------
 Computing Lowdin matrix                        4.84208e-02
 Rotating orbitals                              1.70131e-01
------------------------------------------------------------
                 Wall time: 2.18637e-01 sec 
============================================================


============================================================
               Iterative subspace accelerator
------------------------------------------------------------
 Push back orbitals                             7.28097e-03
 Setup linear system                            5.00249e-01
 Solve linear system                            1.07000e-05
 Expand solution                                5.93216e-01
------------------------------------------------------------
                 Wall time: 1.10091e+00 sec 
============================================================


============================================================
                 Lowdin orthonormalization
------------------------------------------------------------
 Computing Lowdin matrix                        1.23131e-01
 Rotating orbitals                              2.66157e-01
------------------------------------------------------------
                 Wall time: 3.89371e-01 sec 
============================================================


============================================================
                  Setting up Fock operator
------------------------------------------------------------
 Precision                                      1.00000e-07
------------------------------------------------------------
 Coulomb density                       648      6.15972e-01
 Coulomb potential                     264      2.02234e+01
 Allreduce potential                   264      6.60957e-02
 XC alpha density                      648      7.69565e-01
 XC beta density                         8      2.73041e-03
 XC evaluate xcfun                    5832      2.21072e+01
 XC energy                             648      1.61008e-04
 XC potential                         1296      7.39716e-01
------------------------------------------------------------
                 Wall time: 4.49227e+01 sec 
============================================================


============================================================
                  Calculating Fock matrix
------------------------------------------------------------
 Kinetic part                         1.336992357000000e+00
 Potential part                       6.188324314000000e+00
------------------------------------------------------------
                 Wall time: 7.52545e+00 sec 
============================================================


============================================================
                          Orbitals
------------------------------------------------------------
 Orb    F(i,i)        Error         nNodes  Spin  Occ  Done 
------------------------------------------------------------
  0  -2.79097e-01   8.00590e-07        584    a    1    1
------------------------------------------------------------
 Total error:                            8.00590e-07    1
============================================================


============================================================
                    Energy                 Update      Done 
------------------------------------------------------------
 Orbital      -2.790969864180963e-01    -4.45104e-08    1
 Kinetic       4.948036216411706e-01    -2.50960e-07    1
 N-E          -9.941514036718408e-01     2.72970e-07    1
 Coulomb       3.068204638736722e-01    -6.15377e-08    1
 Exchange      0.000000000000000e+00     0.00000e+00    1
 X-C          -3.074604504178641e-01     6.63229e-08    1
------------------------------------------------------------
 Electronic   -4.999933384742485e-01    -3.47761e-10    1
 Nuclear      -6.374472821877968e-16     0.00000e+00    1
------------------------------------------------------------
 Total        -4.999933384742491e-01    -3.47761e-10    1
============================================================


################ Wall time: 1.31679e+02 sec ################


============================================================
                      Convergence rate
------------------------------------------------------------
Iter    OrbError       Property                   Update  
------------------------------------------------------------
  1    1.96717e-03    -4.999905533815990e-01   -4.99991e-01
  2    5.73882e-04    -4.999930345475304e-01   -2.48117e-06
  3    2.79619e-04    -4.999932988891953e-01   -2.64342e-07
  4    1.85548e-05    -4.999933381264886e-01   -3.92373e-08
  5    8.00590e-07    -4.999933384742491e-01   -3.47761e-10
------------------------------------------------------------
                      SCF converged!!!                      
============================================================


============================================================
                  Digonalizing Fock matrix
------------------------------------------------------------
 Computing Lowdin matrix                        4.31296e-02
 Diagonalizing matrix                           4.08100e-06
 Rotating orbitals                              2.00960e-01
------------------------------------------------------------
                 Wall time: 2.44184e-01 sec 
============================================================


============================================================
                  Setting up Fock operator
------------------------------------------------------------
 Precision                                      1.00000e-07
------------------------------------------------------------
 Coulomb density                       648      5.88646e-01
 Coulomb potential                     264      1.98987e+01
 Allreduce potential                   264      6.62690e-02
 XC alpha density                      648      7.51684e-01
 XC beta density                         8      2.74260e-03
 XC evaluate xcfun                    5832      2.21396e+01
 XC energy                             648      1.57008e-04
 XC potential                         1296      7.39479e-01
------------------------------------------------------------
                 Wall time: 4.45870e+01 sec 
============================================================


============================================================
                   Calculating SCF energy
------------------------------------------------------------
------------------------------------------------------------
                 Wall time: 6.60049e+00 sec 
============================================================


============================================================
                 Calculating dipole moment
------------------------------------------------------------
------------------------------------------------------------
                 Wall time: 2.56667e+00 sec 
============================================================


============================================================
                        Fock matrix
------------------------------------------------------------
-2.79097e-01
============================================================


============================================================
                      Orbital energies
------------------------------------------------------------
    n  spin  occ                            epsilon  
------------------------------------------------------------
    0    a    1                      -2.790969787361856e-01
============================================================


============================================================
                          Molecule
------------------------------------------------------------
 Nr  Element             x             y             z      
------------------------------------------------------------
  1     H           0.00000e+00   0.00000e+00   0.00000e+00
------------------------------------------------------------
 Center of mass:    0.00000e+00   0.00000e+00   0.00000e+00
============================================================


                                                            
============================================================
                         SCF Energy                         
------------------------------------------------------------
                                                            
 Sum orbital energy:                 -2.790969787361856e-01
 Kinetic energy:                      4.948036193331674e-01
 E-N energy:                         -9.941514041619445e-01
 Coulomb energy:                      3.068204743773421e-01
 Exchange energy:                     0.000000000000000e+00
 X-C energy:                         -3.074604575748290e-01
 El. external field energy:          -5.570449516505142e-06
 Nuc. external field energy:         -6.374472821877968e-16
                                                            
------------------------------------------------------------
                                                            
 Electronic energy:                  -4.999933384757805e-01
 Nuclear energy:                     -6.374472821877968e-16
                                                            
------------------------------------------------------------
                                                            
 Total energy       (au)             -4.999933384757811e-01
                    (kJ/mol)         -1.312732320170695e+03
                    (kcal/mol)       -3.137505543304746e+02
                    (eV)             -1.360551125569946e+01
                                                            
============================================================
                                                            

                                                            
============================================================
                         Dipole moment                      
------------------------------------------------------------
                                                            
 Length of vector:   (au)                  5.5704495171e-03
                     (Debye)               1.4158669065e-02
                                                            
-------------------------- Total ---------------------------
                                                            
 [-5.5704495171e-03, -6.5938538274e-13, -6.3087780669e-13] 
                                                            
------------------------- Nuclear --------------------------
                                                            
 [-6.3744728219e-13, -6.6848619468e-13, -6.4091515027e-13] 
                                                            
------------------------ Electronic ------------------------
                                                            
 [-5.5704495165e-03,  9.1008119315e-15,  1.0037343583e-14] 
                                                            
============================================================
                                                            



************************************************************
***                                                      ***
***                    Exiting MRChem                    ***
***                                                      ***
***               Wall time: 7.611310e+02                ***
***                                                      ***
************************************************************


