


************************************************************
***     __  __ ____   ____ _                             ***
***    |  \/  |  _ \ / ___| |__   ___ _ __ ___           ***
***    | |\/| | |_) | |   | '_ \ / _ \ '_ ` _ \          ***
***    | |  | |  _ <| |___| | | |  __/ | | | | |         ***
***    |_|  |_|_| \_\\____|_| |_|\___|_| |_| |_|         ***
***                                                      ***
***    VERSION 0.0.1 (rev. 1c6f79f)                     ***
***                                                      ***
***    Stig Rune Jensen <stig.r.jensen@uit.no>           ***
***    Luca Frediani    <luca.frediani@uit.no>           ***
***    Peter Wind       <peter.wind@uit.no>              ***
***                                                      ***
************************************************************


+++ Parallel execution: 
  MPI hosts available     : 4
  Threads/host            : 2
  Total used CPUs         : 8


------------------------------------------------------------

 MRCPP version   : X.Y.Z
 Git revision    : bbc2aed

 Linear algebra  : EIGEN
 Parallelization : MPI/OpenMP

------------------------------------------------------------




============================================================
                  MultiResolution Analysis                  
------------------------------------------------------------
 polynomial order = 11
 polynomial type  = Interpolating
------------------------------------------------------------
 total boxes      = 8
 boxes            = [           2           2           2 ]
 unit lengths     = [    32.00000    32.00000    32.00000 ]
 scaling factor   = [     1.00000     1.00000     1.00000 ]
 lower bounds     = [   -32.00000   -32.00000   -32.00000 ]
 upper bounds     = [    32.00000    32.00000    32.00000 ]
 total length     = [    64.00000    64.00000    64.00000 ]
============================================================


============================================================
                          Molecule
------------------------------------------------------------
 Nr  Element             x             y             z      
------------------------------------------------------------
  1     B           0.00000e+00   0.00000e+00   0.00000e+00
  2     H           0.00000e+00   0.00000e+00   2.20947e+00
  3     S           0.00000e+00   0.00000e+00  -3.02262e+00
------------------------------------------------------------
 Center of mass:    0.00000e+00   0.00000e+00  -2.15783e+00
============================================================


============================================================
                Setting up nuclear potential
------------------------------------------------------------
 Nr  Element         Charge        Precision     Smoothing 
------------------------------------------------------------
  1     B           5.00000e+00   1.00000e-07   5.18258e-05
  2     H           1.00000e+00   1.00000e-07   7.57698e-04
  3     S           1.60000e+01   1.00000e-07   7.45813e-06
------------------------------------------------------------
 Nuclear potential                    1288      1.08924e+00
 Allreduce potential                  3048      1.10156e+00
------------------------------------------------------------
                 Wall time: 2.19091e+00 sec 
============================================================


============================================================
 OrbitalVector:  11 orbitals    11 occupied    22 electrons
------------------------------------------------------------
   n  RankID           Norm          Spin Occ      Error    
------------------------------------------------------------
   0     0       1.000000000000e+00    p   2    1.00000e+00
   1     1      -1.000000000000e+00    p   2    1.00000e+00
   2     2      -1.000000000000e+00    p   2    1.00000e+00
   3     3      -1.000000000000e+00    p   2    1.00000e+00
   4     0       1.000000000000e+00    p   2    1.00000e+00
   5     1      -1.000000000000e+00    p   2    1.00000e+00
   6     2      -1.000000000000e+00    p   2    1.00000e+00
   7     3      -1.000000000000e+00    p   2    1.00000e+00
   8     0       1.000000000000e+00    p   2    1.00000e+00
   9     1      -1.000000000000e+00    p   2    1.00000e+00
  10     2      -1.000000000000e+00    p   2    1.00000e+00
============================================================


============================================================
                  Setting up Fock operator
------------------------------------------------------------
 Precision                                      1.00000e-07
------------------------------------------------------------
 Coulomb density                      1448      2.62394e+00
 Coulomb potential                     712      6.49245e+01
 Allreduce potential                   808      2.35291e-01
 XC total density                     1704      3.87545e+00
 XC evaluate xcfun                    3408      7.97719e+00
 XC energy                            1704      1.76217e-04
 XC potential                         1704      1.07023e-01
------------------------------------------------------------
                 Wall time: 7.97654e+01 sec 
============================================================


============================================================
                  Calculating Fock matrix
------------------------------------------------------------
 Kinetic part                         1.142928061500000e+01
 Potential part                       2.779736096600000e+01
------------------------------------------------------------
                 Wall time: 3.92268e+01 sec 
============================================================




####################### SCF cycle  1 #######################


============================================================
 Current precision                              1.00000e-07
------------------------------------------------------------
 Orbital threshold                              1.00000e-06
 Property threshold                            -1.00000e+00
============================================================


============================================================
                  Digonalizing Fock matrix
------------------------------------------------------------
 Computing Lowdin matrix                        6.80504e-01
 Diagonalizing matrix                           2.49250e-05
 Rotating orbitals                              2.66137e+00
------------------------------------------------------------
                 Wall time: 3.34199e+00 sec 
============================================================


============================================================
                   Calculating SCF energy
------------------------------------------------------------
 Nuclear energy                       3.178817667681135e+01
 Electronic energy                   -4.538199552320907e+02
------------------------------------------------------------
 Total energy                        -4.220317785552793e+02
------------------------------------------------------------
                 Wall time: 2.35904e+01 sec 
============================================================


============================================================
                Rotating Helmholtz argument
------------------------------------------------------------
 Rotating orbitals                              7.41062e-01
------------------------------------------------------------
                 Wall time: 7.41144e-01 sec 
============================================================


============================================================
                Applying Helmholtz operators
------------------------------------------------------------
 Orb    RealNorm   Nodes     ImagNorm   Nodes     Timing
------------------------------------------------------------
  0    1.00000e+00   840    0.00000e+00     0   6.38470e+01
  4    1.00000e+00   632    0.00000e+00     0   5.63258e+01
  8    1.00000e+00  1192    0.00000e+00     0   1.23776e+02
------------------------------------------------------------
                 Wall time: 2.43956e+02 sec 
============================================================


============================================================
                 Lowdin orthonormalization
------------------------------------------------------------
 Computing Lowdin matrix                        7.04749e+01
 Rotating orbitals                              2.61221e+00
------------------------------------------------------------
                 Wall time: 7.30872e+01 sec 
============================================================


============================================================
               Iterative subspace accelerator
------------------------------------------------------------
 Push back orbitals                             7.63160e-02
 Copy orbitals                                  1.11270e-01
 Copy orbital updates                           1.09019e-01
------------------------------------------------------------
                 Wall time: 2.96722e-01 sec 
============================================================


============================================================
                 Lowdin orthonormalization
------------------------------------------------------------
 Computing Lowdin matrix                        5.92243e-01
 Rotating orbitals                              1.67570e+00
------------------------------------------------------------
                 Wall time: 2.26803e+00 sec 
============================================================


============================================================
                  Setting up Fock operator
------------------------------------------------------------
 Precision                                      1.00000e-07
------------------------------------------------------------
 Coulomb density                      1448      2.37882e+00
 Coulomb potential                     712      6.49659e+01
 Allreduce potential                   808      1.79057e+00
 XC total density                     1704      3.47651e+00
 XC evaluate xcfun                    3408      8.00938e+00
 XC energy                            1704      1.65678e-04
 XC potential                         1704      7.50548e-02
------------------------------------------------------------
                 Wall time: 8.07180e+01 sec 
============================================================


============================================================
                  Calculating Fock matrix
------------------------------------------------------------
 Kinetic part                         9.629552915000000e+00
 Potential part                       2.501072279600000e+01
------------------------------------------------------------
                 Wall time: 3.46404e+01 sec 
============================================================


============================================================
                          Orbitals
------------------------------------------------------------
 Orb    F(i,i)        Error         nNodes  Spin  Occ  Done 
------------------------------------------------------------
  0  -8.77251e+01   1.05120e-06        616    p    2    0
  1  -7.64359e+00   8.35926e-06          0    p    2    0
  2  -6.48746e+00   2.10167e-05          0    p    2    0
  3  -5.69409e+00   2.85977e-05          0    p    2    0
  4  -5.69409e+00   2.02977e-05        600    p    2    0
  5  -5.69358e+00   1.64030e-05          0    p    2    0
  6  -6.67993e-01   3.49959e-04          0    p    2    0
  7  -4.33809e-01   1.19903e-03          0    p    2    0
  8  -3.46865e-01   9.98235e-04       1192    p    2    0
  9  -2.77964e-01   1.49607e-03          0    p    2    0
 10  -2.77966e-01   2.54829e-03          0    p    2    0
------------------------------------------------------------
 Total error:                            3.36015e-03    0
============================================================


============================================================
                    Energy                 Update      Done 
------------------------------------------------------------
 Orbital      -2.418849030665533e+02    -2.41885e+02    1
 Kinetic       4.209697068191504e+02     4.20970e+02    1
 N-E          -1.067465272432268e+03    -1.06747e+03    1
 Coulomb       2.210302558230807e+02     2.21030e+02    1
 Exchange      0.000000000000000e+00     0.00000e+00    1
 X-C          -2.835464544206464e+01    -2.83546e+01    1
------------------------------------------------------------
 Electronic   -4.538199552320907e+02    -4.53820e+02    1
 Nuclear       3.178817667681135e+01     3.17882e+01    1
------------------------------------------------------------
 Total        -4.220317785552793e+02    -4.22032e+02    1
============================================================


################ Wall time: 4.62963e+02 sec ################




####################### SCF cycle  2 #######################


============================================================
 Current precision                              1.00000e-07
------------------------------------------------------------
 Orbital threshold                              1.00000e-06
 Property threshold                            -1.00000e+00
============================================================


============================================================
                  Digonalizing Fock matrix
------------------------------------------------------------
 Computing Lowdin matrix                        5.35030e-01
 Diagonalizing matrix                           2.30550e-05
 Rotating orbitals                              2.43268e+00
------------------------------------------------------------
                 Wall time: 2.96782e+00 sec 
============================================================


============================================================
                   Calculating SCF energy
------------------------------------------------------------
 Nuclear energy                       3.178817667681135e+01
 Electronic energy                   -4.538199695729274e+02
------------------------------------------------------------
 Total energy                        -4.220317928961161e+02
------------------------------------------------------------
                 Wall time: 2.34950e+01 sec 
============================================================


============================================================
                Rotating Helmholtz argument
------------------------------------------------------------
 Rotating orbitals                              7.59586e-01
------------------------------------------------------------
                 Wall time: 7.59658e-01 sec 
============================================================


============================================================
                Applying Helmholtz operators
------------------------------------------------------------
 Orb    RealNorm   Nodes     ImagNorm   Nodes     Timing
------------------------------------------------------------
  0    1.00000e+00   840    0.00000e+00     0   6.38978e+01
  4    1.00000e+00   648    0.00000e+00     0   5.64015e+01
  8    1.00000e+00  1192    0.00000e+00     0   1.26231e+02
------------------------------------------------------------
                 Wall time: 2.46538e+02 sec 
============================================================


============================================================
                 Lowdin orthonormalization
------------------------------------------------------------
 Computing Lowdin matrix                        6.31375e+01
 Rotating orbitals                              2.72297e+00
------------------------------------------------------------
                 Wall time: 6.58606e+01 sec 
============================================================


============================================================
               Iterative subspace accelerator
------------------------------------------------------------
 Push back orbitals                             6.28472e-02
 Copy orbitals                                  1.11819e-01
 Copy orbital updates                           1.10736e-01
------------------------------------------------------------
                 Wall time: 2.85518e-01 sec 
============================================================


============================================================
                 Lowdin orthonormalization
------------------------------------------------------------
 Computing Lowdin matrix                        5.91557e-01
 Rotating orbitals                              1.64147e+00
------------------------------------------------------------
                 Wall time: 2.23311e+00 sec 
============================================================


============================================================
                  Setting up Fock operator
------------------------------------------------------------
 Precision                                      1.00000e-07
------------------------------------------------------------
 Coulomb density                      1448      2.41873e+00
 Coulomb potential                     712      6.66888e+01
 Allreduce potential                   808      2.39888e-01
 XC total density                     1704      3.46709e+00
 XC evaluate xcfun                    3408      8.04201e+00
 XC energy                            1704      1.69597e-04
 XC potential                         1704      7.93860e-02
------------------------------------------------------------
                 Wall time: 8.09598e+01 sec 
============================================================


============================================================
                  Calculating Fock matrix
------------------------------------------------------------
 Kinetic part                         9.422601190000000e+00
 Potential part                       2.465616342400000e+01
------------------------------------------------------------
                 Wall time: 3.40789e+01 sec 
============================================================


============================================================
                          Orbitals
------------------------------------------------------------
 Orb    F(i,i)        Error         nNodes  Spin  Occ  Done 
------------------------------------------------------------
  0  -8.77251e+01   2.72444e-07        616    p    2    1
  1  -7.64359e+00   5.18475e-06          0    p    2    0
  2  -6.48747e+00   1.18590e-05          0    p    2    0
  3  -5.69409e+00   1.37387e-05          0    p    2    0
  4  -5.69409e+00   8.10606e-06        616    p    2    0
  5  -5.69359e+00   8.09609e-06          0    p    2    0
  6  -6.67999e-01   1.81346e-04          0    p    2    0
  7  -4.33812e-01   1.26093e-04          0    p    2    0
  8  -3.46869e-01   8.74235e-05       1192    p    2    0
  9  -2.77969e-01   3.87132e-04          0    p    2    0
 10  -2.77968e-01   1.08713e-04          0    p    2    0
------------------------------------------------------------
 Total error:                            4.67553e-04    0
============================================================


============================================================
                    Energy                 Update      Done 
------------------------------------------------------------
 Orbital      -2.418849836592516e+02    -8.05927e-05    1
 Kinetic       4.209696933087574e+02    -1.35104e-05    1
 N-E          -1.067465182805766e+03     8.96265e-05    1
 Coulomb       2.210301884881912e+02    -6.73349e-05    1
 Exchange      0.000000000000000e+00     0.00000e+00    1
 X-C          -2.835464201918170e+01     3.42288e-06    1
------------------------------------------------------------
 Electronic   -4.538199695729274e+02    -1.43408e-05    1
 Nuclear       3.178817667681135e+01     0.00000e+00    1
------------------------------------------------------------
 Total        -4.220317928961161e+02    -1.43408e-05    1
============================================================


################ Wall time: 4.57514e+02 sec ################




####################### SCF cycle  3 #######################


============================================================
 Current precision                              1.00000e-07
------------------------------------------------------------
 Orbital threshold                              1.00000e-06
 Property threshold                            -1.00000e+00
============================================================


============================================================
                   Calculating SCF energy
------------------------------------------------------------
 Nuclear energy                       3.178817667681135e+01
 Electronic energy                   -4.538199699947080e+02
------------------------------------------------------------
 Total energy                        -4.220317933178966e+02
------------------------------------------------------------
                 Wall time: 2.49049e+01 sec 
============================================================


============================================================
                Rotating Helmholtz argument
------------------------------------------------------------
 Rotating orbitals                              2.99179e+00
------------------------------------------------------------
                 Wall time: 2.99187e+00 sec 
============================================================


============================================================
                Applying Helmholtz operators
------------------------------------------------------------
 Orb    RealNorm   Nodes     ImagNorm   Nodes     Timing
------------------------------------------------------------
  0    1.00000e+00   840    0.00000e+00     0   6.57663e+01
  4    1.00000e+00   648    0.00000e+00     0   5.76230e+01
  8    1.00000e+00  1192    0.00000e+00     0   1.24724e+02
------------------------------------------------------------
                 Wall time: 2.48114e+02 sec 
============================================================


============================================================
                 Lowdin orthonormalization
------------------------------------------------------------
 Computing Lowdin matrix                        6.54746e+01
 Rotating orbitals                              2.81984e+00
------------------------------------------------------------
                 Wall time: 6.82945e+01 sec 
============================================================


============================================================
               Iterative subspace accelerator
------------------------------------------------------------
 Push back orbitals                             6.41628e-02
 Setup linear system                            4.02262e-01
 Solve linear system                            1.13940e-05
 Expand solution                                1.11140e+00
------------------------------------------------------------
                 Wall time: 1.57796e+00 sec 
============================================================


============================================================
                 Lowdin orthonormalization
------------------------------------------------------------
 Computing Lowdin matrix                        1.07662e+00
 Rotating orbitals                              2.51661e+00
------------------------------------------------------------
                 Wall time: 3.59331e+00 sec 
============================================================


============================================================
                  Setting up Fock operator
------------------------------------------------------------
 Precision                                      1.00000e-07
------------------------------------------------------------
 Coulomb density                      1448      2.49756e+00
 Coulomb potential                     712      6.79174e+01
 Allreduce potential                   808      2.37664e-01
 XC total density                     1704      3.52579e+00
 XC evaluate xcfun                    3408      7.98934e+00
 XC energy                            1704      1.74165e-04
 XC potential                         1704      7.85451e-02
------------------------------------------------------------
                 Wall time: 8.22694e+01 sec 
============================================================


============================================================
                  Calculating Fock matrix
------------------------------------------------------------
 Kinetic part                         8.947914851000000e+00
 Potential part                       2.508272154500000e+01
------------------------------------------------------------
                 Wall time: 3.40308e+01 sec 
============================================================


============================================================
                          Orbitals
------------------------------------------------------------
 Orb    F(i,i)        Error         nNodes  Spin  Occ  Done 
------------------------------------------------------------
  0  -8.77251e+01   1.82084e-07        616    p    2    1
  1  -7.64359e+00   2.36534e-06          0    p    2    0
  2  -6.48747e+00   6.62058e-06          0    p    2    0
  3  -5.69409e+00   8.95299e-06          0    p    2    0
  4  -5.69409e+00   2.53616e-06        616    p    2    0
  5  -5.69358e+00   2.34408e-06          0    p    2    0
  6  -6.67998e-01   5.40905e-05          0    p    2    0
  7  -4.33812e-01   7.67529e-05          0    p    2    0
  8  -3.46869e-01   4.83825e-05       1192    p    2    0
  9  -2.77969e-01   1.52715e-04          0    p    2    0
 10  -2.77968e-01   3.40848e-05          0    p    2    0
------------------------------------------------------------
 Total error:                            1.89164e-04    0
============================================================


============================================================
                    Energy                 Update      Done 
------------------------------------------------------------
 Orbital      -2.418851075458549e+02    -1.23887e-04    1
 Kinetic       4.209696579741783e+02    -3.53346e-05    1
 N-E          -1.067465028391648e+03     1.54414e-04    1
 Coulomb       2.210300622374909e+02    -1.26251e-04    1
 Exchange      0.000000000000000e+00     0.00000e+00    1
 X-C          -2.835463313011552e+01     8.88907e-06    1
------------------------------------------------------------
 Electronic   -4.538199699947080e+02    -4.21781e-07    1
 Nuclear       3.178817667681135e+01     0.00000e+00    1
------------------------------------------------------------
 Total        -4.220317933178966e+02    -4.21781e-07    1
============================================================


################ Wall time: 4.66462e+02 sec ################




####################### SCF cycle  4 #######################


============================================================
 Current precision                              1.00000e-07
------------------------------------------------------------
 Orbital threshold                              1.00000e-06
 Property threshold                            -1.00000e+00
============================================================


============================================================
                   Calculating SCF energy
------------------------------------------------------------
 Nuclear energy                       3.178817667681135e+01
 Electronic energy                   -4.538199700909969e+02
------------------------------------------------------------
 Total energy                        -4.220317934141855e+02
------------------------------------------------------------
                 Wall time: 2.60842e+01 sec 
============================================================


============================================================
                Rotating Helmholtz argument
------------------------------------------------------------
 Rotating orbitals                              2.86895e+00
------------------------------------------------------------
                 Wall time: 2.86904e+00 sec 
============================================================


============================================================
                Applying Helmholtz operators
------------------------------------------------------------
 Orb    RealNorm   Nodes     ImagNorm   Nodes     Timing
------------------------------------------------------------
  0    1.00000e+00   840    0.00000e+00     0   6.75468e+01
  4    1.00000e+00   648    0.00000e+00     0   5.70338e+01
  8    1.00000e+00  1192    0.00000e+00     0   1.23458e+02
------------------------------------------------------------
                 Wall time: 2.48043e+02 sec 
============================================================


============================================================
                 Lowdin orthonormalization
------------------------------------------------------------
 Computing Lowdin matrix                        7.98892e+01
 Rotating orbitals                              2.64346e+00
------------------------------------------------------------
                 Wall time: 8.25328e+01 sec 
============================================================


============================================================
               Iterative subspace accelerator
------------------------------------------------------------
 Push back orbitals                             1.55237e-01
 Setup linear system                            1.19903e+00
 Solve linear system                            1.40090e-05
 Expand solution                                1.89463e+00
------------------------------------------------------------
                 Wall time: 3.24903e+00 sec 
============================================================


============================================================
                 Lowdin orthonormalization
------------------------------------------------------------
 Computing Lowdin matrix                        1.23358e+00
 Rotating orbitals                              2.61757e+00
------------------------------------------------------------
                 Wall time: 3.85124e+00 sec 
============================================================


============================================================
                  Setting up Fock operator
------------------------------------------------------------
 Precision                                      1.00000e-07
------------------------------------------------------------
 Coulomb density                      1448      2.58311e+00
 Coulomb potential                     712      7.05462e+01
 Allreduce potential                   808      2.35995e-01
 XC total density                     1704      3.70932e+00
 XC evaluate xcfun                    3408      8.19788e+00
 XC energy                            1704      1.62756e-04
 XC potential                         1704      7.54652e-02
------------------------------------------------------------
                 Wall time: 8.53731e+01 sec 
============================================================


============================================================
                  Calculating Fock matrix
------------------------------------------------------------
 Kinetic part                         8.424525697000000e+00
 Potential part                       2.572922785400000e+01
------------------------------------------------------------
                 Wall time: 3.41539e+01 sec 
============================================================


============================================================
                          Orbitals
------------------------------------------------------------
 Orb    F(i,i)        Error         nNodes  Spin  Occ  Done 
------------------------------------------------------------
  0  -8.77251e+01   1.49860e-07        616    p    2    1
  1  -7.64359e+00   1.45492e-06          0    p    2    0
  2  -6.48747e+00   5.49331e-06          0    p    2    0
  3  -5.69409e+00   9.38003e-06          0    p    2    0
  4  -5.69409e+00   1.31985e-06        616    p    2    0
  5  -5.69359e+00   1.02402e-06          0    p    2    0
  6  -6.67999e-01   1.53282e-05          0    p    2    0
  7  -4.33813e-01   7.48763e-05          0    p    2    0
  8  -3.46870e-01   4.70019e-05       1192    p    2    0
  9  -2.77970e-01   6.18161e-05          0    p    2    0
 10  -2.77968e-01   2.85803e-05          0    p    2    0
------------------------------------------------------------
 Total error:                            1.13189e-04    0
============================================================


============================================================
                    Energy                 Update      Done 
------------------------------------------------------------
 Orbital      -2.418850844473909e+02     2.30985e-05    1
 Kinetic       4.209696853537947e+02     2.73796e-05    1
 N-E          -1.067465077117234e+03    -4.87256e-05    1
 Coulomb       2.210300859672314e+02     2.37297e-05    1
 Exchange      0.000000000000000e+00     0.00000e+00    1
 X-C          -2.835463474774884e+01    -1.61763e-06    1
------------------------------------------------------------
 Electronic   -4.538199700909969e+02    -9.62889e-08    1
 Nuclear       3.178817667681135e+01     0.00000e+00    1
------------------------------------------------------------
 Total        -4.220317934141855e+02    -9.62889e-08    1
============================================================


################ Wall time: 4.87026e+02 sec ################




####################### SCF cycle  5 #######################


============================================================
 Current precision                              1.00000e-07
------------------------------------------------------------
 Orbital threshold                              1.00000e-06
 Property threshold                            -1.00000e+00
============================================================


============================================================
                   Calculating SCF energy
------------------------------------------------------------
 Nuclear energy                       3.178817667681135e+01
 Electronic energy                   -4.538199701307849e+02
------------------------------------------------------------
 Total energy                        -4.220317934539735e+02
------------------------------------------------------------
                 Wall time: 2.57206e+01 sec 
============================================================


============================================================
                Rotating Helmholtz argument
------------------------------------------------------------
 Rotating orbitals                              2.86037e+00
------------------------------------------------------------
                 Wall time: 2.86046e+00 sec 
============================================================


============================================================
                Applying Helmholtz operators
------------------------------------------------------------
 Orb    RealNorm   Nodes     ImagNorm   Nodes     Timing
------------------------------------------------------------
  0    1.00000e+00   840    0.00000e+00     0   7.06521e+01
  4    1.00000e+00   648    0.00000e+00     0   6.02544e+01
  8    1.00000e+00  1192    0.00000e+00     0   1.30279e+02
------------------------------------------------------------
                 Wall time: 2.61199e+02 sec 
============================================================


============================================================
                 Lowdin orthonormalization
------------------------------------------------------------
 Computing Lowdin matrix                        7.16911e+01
 Rotating orbitals                              2.66030e+00
------------------------------------------------------------
                 Wall time: 7.43515e+01 sec 
============================================================


============================================================
               Iterative subspace accelerator
------------------------------------------------------------
 Push back orbitals                             1.60698e-01
 Setup linear system                            2.49419e+00
 Solve linear system                            9.66700e-06
 Expand solution                                2.83902e+00
------------------------------------------------------------
                 Wall time: 5.49405e+00 sec 
============================================================


============================================================
                 Lowdin orthonormalization
------------------------------------------------------------
 Computing Lowdin matrix                        1.38595e+00
 Rotating orbitals                              2.95055e+00
------------------------------------------------------------
                 Wall time: 4.33658e+00 sec 
============================================================


============================================================
                  Setting up Fock operator
------------------------------------------------------------
 Precision                                      1.00000e-07
------------------------------------------------------------
 Coulomb density                      1448      2.54196e+00
 Coulomb potential                     712      7.30878e+01
 Allreduce potential                   808      2.41321e-01
 XC total density                     1704      3.54027e+00
 XC evaluate xcfun                    3408      8.20105e+00
 XC energy                            1704      1.74476e-04
 XC potential                         1704      8.49597e-02
------------------------------------------------------------
                 Wall time: 8.77218e+01 sec 
============================================================


============================================================
                  Calculating Fock matrix
------------------------------------------------------------
 Kinetic part                         8.957804797000000e+00
 Potential part                       2.590918861900000e+01
------------------------------------------------------------
                 Wall time: 3.48671e+01 sec 
============================================================


============================================================
                          Orbitals
------------------------------------------------------------
 Orb    F(i,i)        Error         nNodes  Spin  Occ  Done 
------------------------------------------------------------
  0  -8.77251e+01   4.30441e-08        616    p    2    1
  1  -7.64359e+00   3.86516e-07          0    p    2    1
  2  -6.48747e+00   2.12282e-06          0    p    2    0
  3  -5.69409e+00   4.71987e-06          0    p    2    0
  4  -5.69409e+00   7.54007e-07        616    p    2    1
  5  -5.69358e+00   6.61450e-07          0    p    2    1
  6  -6.67998e-01   4.43789e-06          0    p    2    0
  7  -4.33812e-01   3.80815e-05          0    p    2    0
  8  -3.46869e-01   2.36466e-05       1192    p    2    0
  9  -2.77969e-01   1.89159e-05          0    p    2    0
 10  -2.77968e-01   9.16383e-06          0    p    2    0
------------------------------------------------------------
 Total error:                            4.99879e-05    0
============================================================


============================================================
                    Energy                 Update      Done 
------------------------------------------------------------
 Orbital      -2.418851096061669e+02    -2.51588e-05    1
 Kinetic       4.209696688268543e+02    -1.65269e-05    1
 N-E          -1.067465036713967e+03     4.04033e-05    1
 Coulomb       2.210300602013245e+02    -2.57659e-05    1
 Exchange      0.000000000000000e+00     0.00000e+00    1
 X-C          -2.835463271692275e+01     2.03083e-06    1
------------------------------------------------------------
 Electronic   -4.538199701307849e+02    -3.97880e-08    1
 Nuclear       3.178817667681135e+01     0.00000e+00    1
------------------------------------------------------------
 Total        -4.220317934539735e+02    -3.97880e-08    1
============================================================


################ Wall time: 4.97664e+02 sec ################




####################### SCF cycle  6 #######################


============================================================
 Current precision                              1.00000e-07
------------------------------------------------------------
 Orbital threshold                              1.00000e-06
 Property threshold                            -1.00000e+00
============================================================


============================================================
                   Calculating SCF energy
------------------------------------------------------------
 Nuclear energy                       3.178817667681135e+01
 Electronic energy                   -4.538199701366652e+02
------------------------------------------------------------
 Total energy                        -4.220317934598538e+02
------------------------------------------------------------
                 Wall time: 2.73247e+01 sec 
============================================================


============================================================
                Rotating Helmholtz argument
------------------------------------------------------------
 Rotating orbitals                              3.05456e+00
------------------------------------------------------------
                 Wall time: 3.05465e+00 sec 
============================================================


============================================================
                Applying Helmholtz operators
------------------------------------------------------------
 Orb    RealNorm   Nodes     ImagNorm   Nodes     Timing
------------------------------------------------------------
  0    1.00000e+00   840    0.00000e+00     0   6.95154e+01
  4    1.00000e+00   648    0.00000e+00     0   5.96382e+01
  8    1.00000e+00  1192    0.00000e+00     0   1.30442e+02
------------------------------------------------------------
                 Wall time: 2.59598e+02 sec 
============================================================


============================================================
                 Lowdin orthonormalization
------------------------------------------------------------
 Computing Lowdin matrix                        7.79074e+01
 Rotating orbitals                              2.69059e+00
------------------------------------------------------------
                 Wall time: 8.05981e+01 sec 
============================================================


============================================================
               Iterative subspace accelerator
------------------------------------------------------------
 Push back orbitals                             1.63372e-01
 Setup linear system                            2.30184e+00
 Solve linear system                            9.57500e-06
 Expand solution                                2.92144e+00
------------------------------------------------------------
                 Wall time: 5.38678e+00 sec 
============================================================


============================================================
                 Lowdin orthonormalization
------------------------------------------------------------
 Computing Lowdin matrix                        1.42810e+00
 Rotating orbitals                              2.79736e+00
------------------------------------------------------------
                 Wall time: 4.22555e+00 sec 
============================================================


============================================================
                  Setting up Fock operator
------------------------------------------------------------
 Precision                                      1.00000e-07
------------------------------------------------------------
 Coulomb density                      1448      2.71255e+00
 Coulomb potential                     712      7.34960e+01
 Allreduce potential                   808      2.46725e-01
 XC total density                     1704      3.78438e+00
 XC evaluate xcfun                    3408      8.16830e+00
 XC energy                            1704      1.86512e-04
 XC potential                         1704      8.53091e-02
------------------------------------------------------------
                 Wall time: 8.85174e+01 sec 
============================================================


============================================================
                  Calculating Fock matrix
------------------------------------------------------------
 Kinetic part                         8.613942885000000e+00
 Potential part                       2.659010117100000e+01
------------------------------------------------------------
                 Wall time: 3.52042e+01 sec 
============================================================


============================================================
                          Orbitals
------------------------------------------------------------
 Orb    F(i,i)        Error         nNodes  Spin  Occ  Done 
------------------------------------------------------------
  0  -8.77251e+01   1.76771e-08        616    p    2    1
  1  -7.64359e+00   3.07811e-07          0    p    2    1
  2  -6.48747e+00   1.33483e-07          0    p    2    1
  3  -5.69409e+00   1.39227e-06          0    p    2    0
  4  -5.69409e+00   2.19097e-07        616    p    2    1
  5  -5.69359e+00   1.86526e-07          0    p    2    1
  6  -6.67999e-01   1.99646e-06          0    p    2    0
  7  -4.33813e-01   1.07377e-05          0    p    2    0
  8  -3.46869e-01   8.74547e-06       1192    p    2    0
  9  -2.77969e-01   6.33324e-06          0    p    2    0
 10  -2.77968e-01   1.88438e-06          0    p    2    0
------------------------------------------------------------
 Total error:                            1.55422e-05    0
============================================================


============================================================
                    Energy                 Update      Done 
------------------------------------------------------------
 Orbital      -2.418850761094622e+02     3.34967e-05    1
 Kinetic       4.209696885190353e+02     1.96922e-05    1
 N-E          -1.067465088189227e+03    -5.14753e-05    1
 Coulomb       2.210300944736055e+02     3.42723e-05    1
 Exchange      0.000000000000000e+00     0.00000e+00    1
 X-C          -2.835463513136765e+01    -2.41444e-06    1
------------------------------------------------------------
 Electronic   -4.538199701366652e+02    -5.88028e-09    1
 Nuclear       3.178817667681135e+01     0.00000e+00    1
------------------------------------------------------------
 Total        -4.220317934598538e+02    -5.88028e-09    1
============================================================


################ Wall time: 5.05017e+02 sec ################




####################### SCF cycle  7 #######################


============================================================
 Current precision                              1.00000e-07
------------------------------------------------------------
 Orbital threshold                              1.00000e-06
 Property threshold                            -1.00000e+00
============================================================


============================================================
                   Calculating SCF energy
------------------------------------------------------------
 Nuclear energy                       3.178817667681135e+01
 Electronic energy                   -4.538199701372012e+02
------------------------------------------------------------
 Total energy                        -4.220317934603898e+02
------------------------------------------------------------
                 Wall time: 2.83866e+01 sec 
============================================================


============================================================
                Rotating Helmholtz argument
------------------------------------------------------------
 Rotating orbitals                              2.98405e+00
------------------------------------------------------------
                 Wall time: 2.98413e+00 sec 
============================================================


============================================================
                Applying Helmholtz operators
------------------------------------------------------------
 Orb    RealNorm   Nodes     ImagNorm   Nodes     Timing
------------------------------------------------------------
  0    1.00000e+00   840    0.00000e+00     0   7.33940e+01
  4    1.00000e+00   648    0.00000e+00     0   6.30796e+01
  8    1.00000e+00  1192    0.00000e+00     0   1.34997e+02
------------------------------------------------------------
                 Wall time: 2.71482e+02 sec 
============================================================


============================================================
                 Lowdin orthonormalization
------------------------------------------------------------
 Computing Lowdin matrix                        8.89860e+01
 Rotating orbitals                              2.68541e+00
------------------------------------------------------------
                 Wall time: 9.16715e+01 sec 
============================================================


============================================================
               Iterative subspace accelerator
------------------------------------------------------------
 Push back orbitals                             9.66062e-02
 Setup linear system                            2.58016e+00
 Solve linear system                            9.28500e-06
 Expand solution                                2.90419e+00
------------------------------------------------------------
                 Wall time: 5.58108e+00 sec 
============================================================


============================================================
                 Lowdin orthonormalization
------------------------------------------------------------
 Computing Lowdin matrix                        1.29263e+00
 Rotating orbitals                              2.73666e+00
------------------------------------------------------------
                 Wall time: 4.02937e+00 sec 
============================================================


============================================================
                  Setting up Fock operator
------------------------------------------------------------
 Precision                                      1.00000e-07
------------------------------------------------------------
 Coulomb density                      1448      2.74399e+00
 Coulomb potential                     712      7.43696e+01
 Allreduce potential                   808      1.30222e+00
 XC total density                     1704      3.98580e+00
 XC evaluate xcfun                    3408      8.30995e+00
 XC energy                            1704      1.92022e-04
 XC potential                         1704      8.66901e-02
------------------------------------------------------------
                 Wall time: 9.08227e+01 sec 
============================================================


============================================================
                  Calculating Fock matrix
------------------------------------------------------------
 Kinetic part                         8.952868192000000e+00
 Potential part                       2.879040112700000e+01
------------------------------------------------------------
                 Wall time: 3.77434e+01 sec 
============================================================


============================================================
                          Orbitals
------------------------------------------------------------
 Orb    F(i,i)        Error         nNodes  Spin  Occ  Done 
------------------------------------------------------------
  0  -8.77251e+01   1.99912e-08        616    p    2    1
  1  -7.64359e+00   1.82881e-07          0    p    2    1
  2  -6.48747e+00   6.12116e-07          0    p    2    1
  3  -5.69409e+00   6.41928e-07          0    p    2    1
  4  -5.69409e+00   6.75640e-08        616    p    2    1
  5  -5.69358e+00   1.66366e-07          0    p    2    1
  6  -6.67998e-01   1.10283e-06          0    p    2    0
  7  -4.33812e-01   4.18900e-06          0    p    2    0
  8  -3.46869e-01   5.29868e-06       1192    p    2    0
  9  -2.77969e-01   5.12368e-06          0    p    2    0
 10  -2.77968e-01   1.62553e-06          0    p    2    0
------------------------------------------------------------
 Total error:                            8.75142e-06    0
============================================================


============================================================
                    Energy                 Update      Done 
------------------------------------------------------------
 Orbital      -2.418850997636530e+02    -2.36542e-05    1
 Kinetic       4.209696739496031e+02    -1.45694e-05    1
 N-E          -1.067465051109137e+03     3.70801e-05    1
 Coulomb       2.210300702813361e+02    -2.41923e-05    1
 Exchange      0.000000000000000e+00     0.00000e+00    1
 X-C          -2.835463344453575e+01     1.68683e-06    1
------------------------------------------------------------
 Electronic   -4.538199701372012e+02    -5.36033e-10    1
 Nuclear       3.178817667681135e+01     0.00000e+00    1
------------------------------------------------------------
 Total        -4.220317934603898e+02    -5.36033e-10    1
============================================================


################ Wall time: 5.33906e+02 sec ################




####################### SCF cycle  8 #######################


============================================================
 Current precision                              1.00000e-07
------------------------------------------------------------
 Orbital threshold                              1.00000e-06
 Property threshold                            -1.00000e+00
============================================================


============================================================
                   Calculating SCF energy
------------------------------------------------------------
 Nuclear energy                       3.178817667681135e+01
 Electronic energy                   -4.538199701373447e+02
------------------------------------------------------------
 Total energy                        -4.220317934605334e+02
------------------------------------------------------------
                 Wall time: 3.05877e+01 sec 
============================================================


============================================================
                Rotating Helmholtz argument
------------------------------------------------------------
 Rotating orbitals                              3.05392e+00
------------------------------------------------------------
                 Wall time: 3.05401e+00 sec 
============================================================


============================================================
                Applying Helmholtz operators
------------------------------------------------------------
 Orb    RealNorm   Nodes     ImagNorm   Nodes     Timing
------------------------------------------------------------
  0    1.00000e+00   840    0.00000e+00     0   7.31413e+01
  4    1.00000e+00   648    0.00000e+00     0   6.54380e+01
  8    1.00000e+00  1192    0.00000e+00     0   1.41626e+02
------------------------------------------------------------
                 Wall time: 2.80214e+02 sec 
============================================================


============================================================
                 Lowdin orthonormalization
------------------------------------------------------------
 Computing Lowdin matrix                        7.87625e+01
 Rotating orbitals                              2.73164e+00
------------------------------------------------------------
                 Wall time: 8.14942e+01 sec 
============================================================


============================================================
               Iterative subspace accelerator
------------------------------------------------------------
 Push back orbitals                             2.10324e-01
 Setup linear system                            2.49754e+00
 Solve linear system                            9.32600e-06
 Expand solution                                2.93127e+00
------------------------------------------------------------
                 Wall time: 5.63927e+00 sec 
============================================================


============================================================
                 Lowdin orthonormalization
------------------------------------------------------------
 Computing Lowdin matrix                        1.29921e+00
 Rotating orbitals                              2.70433e+00
------------------------------------------------------------
                 Wall time: 4.00362e+00 sec 
============================================================


============================================================
                  Setting up Fock operator
------------------------------------------------------------
 Precision                                      1.00000e-07
------------------------------------------------------------
 Coulomb density                      1448      2.76496e+00
 Coulomb potential                     712      7.61878e+01
 Allreduce potential                   808      2.50111e-01
 XC total density                     1704      3.81518e+00
 XC evaluate xcfun                    3408      8.35621e+00
 XC energy                            1704      1.76393e-04
 XC potential                         1704      8.75224e-02
------------------------------------------------------------
                 Wall time: 9.14876e+01 sec 
============================================================


============================================================
                  Calculating Fock matrix
------------------------------------------------------------
 Kinetic part                         8.637286537000000e+00
 Potential part                       2.730545184400000e+01
------------------------------------------------------------
                 Wall time: 3.59429e+01 sec 
============================================================


============================================================
                          Orbitals
------------------------------------------------------------
 Orb    F(i,i)        Error         nNodes  Spin  Occ  Done 
------------------------------------------------------------
  0  -8.77251e+01   1.10131e-08        616    p    2    1
  1  -7.64359e+00   4.21217e-08          0    p    2    1
  2  -6.48747e+00   3.62357e-07          0    p    2    1
  3  -5.69409e+00   1.87280e-07          0    p    2    1
  4  -5.69409e+00   3.25050e-08        616    p    2    1
  5  -5.69358e+00   1.25890e-07          0    p    2    1
  6  -6.67998e-01   4.14246e-07          0    p    2    1
  7  -4.33813e-01   7.15813e-07          0    p    2    1
  8  -3.46869e-01   2.07746e-06       1192    p    2    0
  9  -2.77969e-01   2.70882e-06          0    p    2    0
 10  -2.77968e-01   1.03091e-06          0    p    2    0
------------------------------------------------------------
 Total error:                            3.68585e-06    0
============================================================


============================================================
                    Energy                 Update      Done 
------------------------------------------------------------
 Orbital      -2.418850814718805e+02     1.82918e-05    1
 Kinetic       4.209696852668449e+02     1.13172e-05    1
 N-E          -1.067465079812902e+03    -2.87038e-05    1
 Coulomb       2.210300889983046e+02     1.87170e-05    1
 Exchange      0.000000000000000e+00     0.00000e+00    1
 X-C          -2.835463477594914e+01    -1.33141e-06    1
------------------------------------------------------------
 Electronic   -4.538199701373447e+02    -1.43530e-10    1
 Nuclear       3.178817667681135e+01     0.00000e+00    1
------------------------------------------------------------
 Total        -4.220317934605334e+02    -1.43530e-10    1
============================================================


################ Wall time: 5.33658e+02 sec ################




####################### SCF cycle  9 #######################


============================================================
 Current precision                              1.00000e-07
------------------------------------------------------------
 Orbital threshold                              1.00000e-06
 Property threshold                            -1.00000e+00
============================================================


============================================================
                   Calculating SCF energy
------------------------------------------------------------
 Nuclear energy                       3.178817667681135e+01
 Electronic energy                   -4.538199701373783e+02
------------------------------------------------------------
 Total energy                        -4.220317934605669e+02
------------------------------------------------------------
                 Wall time: 2.96967e+01 sec 
============================================================


============================================================
                Rotating Helmholtz argument
------------------------------------------------------------
 Rotating orbitals                              3.04644e+00
------------------------------------------------------------
                 Wall time: 3.04653e+00 sec 
============================================================


============================================================
                Applying Helmholtz operators
------------------------------------------------------------
 Orb    RealNorm   Nodes     ImagNorm   Nodes     Timing
------------------------------------------------------------
  0    1.00000e+00   840    0.00000e+00     0   7.67820e+01
  4    1.00000e+00   648    0.00000e+00     0   6.70775e+01
  8    1.00000e+00  1192    0.00000e+00     0   1.41241e+02
------------------------------------------------------------
                 Wall time: 2.85104e+02 sec 
============================================================


============================================================
                 Lowdin orthonormalization
------------------------------------------------------------
 Computing Lowdin matrix                        8.20389e+01
 Rotating orbitals                              2.67293e+00
------------------------------------------------------------
                 Wall time: 8.47123e+01 sec 
============================================================


============================================================
               Iterative subspace accelerator
------------------------------------------------------------
 Push back orbitals                             1.49787e-01
 Setup linear system                            2.57156e+00
 Solve linear system                            9.30200e-06
 Expand solution                                2.85010e+00
------------------------------------------------------------
                 Wall time: 5.57160e+00 sec 
============================================================


============================================================
                 Lowdin orthonormalization
------------------------------------------------------------
 Computing Lowdin matrix                        1.27225e+00
 Rotating orbitals                              2.66657e+00
------------------------------------------------------------
                 Wall time: 3.93890e+00 sec 
============================================================


============================================================
                  Setting up Fock operator
------------------------------------------------------------
 Precision                                      1.00000e-07
------------------------------------------------------------
 Coulomb density                      1448      2.69370e+00
 Coulomb potential                     712      7.68939e+01
 Allreduce potential                   808      2.42228e-01
 XC total density                     1704      3.81883e+00
 XC evaluate xcfun                    3408      7.99569e+00
 XC energy                            1704      1.91406e-04
 XC potential                         1704      8.39797e-02
------------------------------------------------------------
                 Wall time: 9.17522e+01 sec 
============================================================


============================================================
                  Calculating Fock matrix
------------------------------------------------------------
 Kinetic part                         9.054060744999999e+00
 Potential part                       2.747199739700000e+01
------------------------------------------------------------
                 Wall time: 3.65265e+01 sec 
============================================================


============================================================
                          Orbitals
------------------------------------------------------------
 Orb    F(i,i)        Error         nNodes  Spin  Occ  Done 
------------------------------------------------------------
  0  -8.77251e+01   8.61347e-09        616    p    2    1
  1  -7.64359e+00   2.27015e-08          0    p    2    1
  2  -6.48747e+00   8.64580e-08          0    p    2    1
  3  -5.69409e+00   4.85171e-08          0    p    2    1
  4  -5.69409e+00   1.13176e-08        616    p    2    1
  5  -5.69358e+00   4.84758e-08          0    p    2    1
  6  -6.67998e-01   1.10580e-07          0    p    2    1
  7  -4.33813e-01   2.10355e-07          0    p    2    1
  8  -3.46869e-01   5.91446e-07       1192    p    2    1
  9  -2.77969e-01   6.92846e-07          0    p    2    1
 10  -2.77968e-01   3.33682e-07          0    p    2    1
------------------------------------------------------------
 Total error:                            1.00527e-06    1
============================================================


============================================================
                    Energy                 Update      Done 
------------------------------------------------------------
 Orbital      -2.418850954465501e+02    -1.39747e-05    1
 Kinetic       4.209696766879956e+02    -8.57885e-06    1
 N-E          -1.067465057945695e+03     2.18672e-05    1
 Coulomb       2.210300747025654e+02    -1.42957e-05    1
 Exchange      0.000000000000000e+00     0.00000e+00    1
 X-C          -2.835463377008466e+01     1.00586e-06    1
------------------------------------------------------------
 Electronic   -4.538199701373783e+02    -3.35376e-11    1
 Nuclear       3.178817667681135e+01     0.00000e+00    1
------------------------------------------------------------
 Total        -4.220317934605669e+02    -3.35376e-11    1
============================================================


################ Wall time: 5.41817e+02 sec ################


============================================================
                      Convergence rate
------------------------------------------------------------
Iter    OrbError       Property                   Update  
------------------------------------------------------------
  1    3.36015e-03    -4.220317785552793e+02   -4.22032e+02
  2    4.67553e-04    -4.220317928961161e+02   -1.43408e-05
  3    1.89164e-04    -4.220317933178966e+02   -4.21781e-07
  4    1.13189e-04    -4.220317934141855e+02   -9.62889e-08
  5    4.99879e-05    -4.220317934539735e+02   -3.97880e-08
  6    1.55422e-05    -4.220317934598538e+02   -5.88028e-09
  7    8.75142e-06    -4.220317934603898e+02   -5.36033e-10
  8    3.68585e-06    -4.220317934605334e+02   -1.43530e-10
  9    1.00527e-06    -4.220317934605669e+02   -3.35376e-11
------------------------------------------------------------
                      SCF converged!!!                      
============================================================


============================================================
                  Digonalizing Fock matrix
------------------------------------------------------------
 Computing Lowdin matrix                        5.31748e-01
 Diagonalizing matrix                           2.20570e-05
 Rotating orbitals                              2.86855e+00
------------------------------------------------------------
                 Wall time: 3.40041e+00 sec 
============================================================


============================================================
                  Setting up Fock operator
------------------------------------------------------------
 Precision                                      1.00000e-07
------------------------------------------------------------
 Coulomb density                      1448      2.39707e+00
 Coulomb potential                     712      6.39973e+01
 Allreduce potential                   808      2.35218e-01
 XC total density                     1704      3.43436e+00
 XC evaluate xcfun                    3408      7.94902e+00
 XC energy                            1704      1.60611e-04
 XC potential                         1704      7.47663e-02
------------------------------------------------------------
                 Wall time: 7.81105e+01 sec 
============================================================


============================================================
                   Calculating SCF energy
------------------------------------------------------------
------------------------------------------------------------
                 Wall time: 2.54666e+01 sec 
============================================================


============================================================
                 Calculating dipole moment
------------------------------------------------------------
------------------------------------------------------------
                 Wall time: 1.25199e+01 sec 
============================================================


============================================================
                        Fock matrix
------------------------------------------------------------
-8.77251e+01  0.00000e+00  0.00000e+00  0.00000e+00  0.00000e+00  0.00000e+00  0.00000e+00  0.00000e+00  0.00000e+00  0.00000e+00  0.00000e+00
 0.00000e+00 -7.64359e+00  0.00000e+00  0.00000e+00  0.00000e+00  0.00000e+00  0.00000e+00  0.00000e+00  0.00000e+00  0.00000e+00  0.00000e+00
 0.00000e+00  0.00000e+00 -6.48747e+00  0.00000e+00  0.00000e+00  0.00000e+00  0.00000e+00  0.00000e+00  0.00000e+00  0.00000e+00  0.00000e+00
 0.00000e+00  0.00000e+00  0.00000e+00 -5.69409e+00  0.00000e+00  0.00000e+00  0.00000e+00  0.00000e+00  0.00000e+00  0.00000e+00  0.00000e+00
 0.00000e+00  0.00000e+00  0.00000e+00  0.00000e+00 -5.69409e+00  0.00000e+00  0.00000e+00  0.00000e+00  0.00000e+00  0.00000e+00  0.00000e+00
 0.00000e+00  0.00000e+00  0.00000e+00  0.00000e+00  0.00000e+00 -5.69358e+00  0.00000e+00  0.00000e+00  0.00000e+00  0.00000e+00  0.00000e+00
 0.00000e+00  0.00000e+00  0.00000e+00  0.00000e+00  0.00000e+00  0.00000e+00 -6.67998e-01  0.00000e+00  0.00000e+00  0.00000e+00  0.00000e+00
 0.00000e+00  0.00000e+00  0.00000e+00  0.00000e+00  0.00000e+00  0.00000e+00  0.00000e+00 -4.33813e-01  0.00000e+00  0.00000e+00  0.00000e+00
 0.00000e+00  0.00000e+00  0.00000e+00  0.00000e+00  0.00000e+00  0.00000e+00  0.00000e+00  0.00000e+00 -3.46869e-01  0.00000e+00  0.00000e+00
 0.00000e+00  0.00000e+00  0.00000e+00  0.00000e+00  0.00000e+00  0.00000e+00  0.00000e+00  0.00000e+00  0.00000e+00 -2.77969e-01  0.00000e+00
 0.00000e+00  0.00000e+00  0.00000e+00  0.00000e+00  0.00000e+00  0.00000e+00  0.00000e+00  0.00000e+00  0.00000e+00  0.00000e+00 -2.77968e-01
============================================================


============================================================
                      Orbital energies
------------------------------------------------------------
    n  spin  occ                            epsilon  
------------------------------------------------------------
    0    p    2                      -8.772510109100598e+01
    1    p    2                      -7.643592699902413e+00
    2    p    2                      -6.487465470240529e+00
    3    p    2                      -5.694092561443267e+00
    4    p    2                      -5.694092086210696e+00
    5    p    2                      -5.693584582104374e+00
    6    p    2                      -6.679982389143549e-01
    7    p    2                      -4.338125455240995e-01
    8    p    2                      -3.468690304796804e-01
    9    p    2                      -2.779692077506248e-01
   10    p    2                      -2.779679889308417e-01
============================================================


============================================================
                          Molecule
------------------------------------------------------------
 Nr  Element             x             y             z      
------------------------------------------------------------
  1     B           0.00000e+00   0.00000e+00   0.00000e+00
  2     H           0.00000e+00   0.00000e+00   2.20947e+00
  3     S           0.00000e+00   0.00000e+00  -3.02262e+00
------------------------------------------------------------
 Center of mass:    0.00000e+00   0.00000e+00  -2.15783e+00
============================================================


                                                            
============================================================
                         SCF Energy                         
------------------------------------------------------------
                                                            
 Sum orbital energy:                 -2.418850910050137e+02
 Kinetic energy:                      4.209696794273808e+02
 E-N energy:                         -1.067465064910487e+03
 Coulomb energy:                      2.210300792458682e+02
 Exchange energy:                     0.000000000000000e+00
 X-C energy:                         -2.835463408834732e+01
 El. external field energy:          -2.981194242244406e-05
 Nuc. external field energy:         -1.439894083584130e-14
                                                            
------------------------------------------------------------
                                                            
 Electronic energy:                  -4.538199701375281e+02
 Nuclear energy:                      3.178817667681135e+01
                                                            
------------------------------------------------------------
                                                            
 Total energy       (au)             -4.220317934607168e+02
                    (kJ/mol)         -1.108044313359030e+06
                    (kcal/mol)       -2.648289466156520e+05
                    (eV)             -1.148406963520164e+04
                                                            
============================================================
                                                            

                                                            
============================================================
                         Dipole moment                      
------------------------------------------------------------
                                                            
 Length of vector:   (au)                  4.7345752868e-01
                     (Debye)               1.2034088891e+00
                                                            
-------------------------- Total ---------------------------
                                                            
 [-2.9811942437e-02, -1.1440386161e-09,  4.7251802035e-01] 
                                                            
------------------------- Nuclear --------------------------
                                                            
 [-1.4398940836e-11, -1.4433128382e-11,  1.3198485079e+00] 
                                                            
------------------------ Electronic ------------------------
                                                            
 [-2.9811942422e-02, -1.1296054877e-09, -8.4733048754e-01] 
                                                            
============================================================
                                                            



************************************************************
***                                                      ***
***                    Exiting MRChem                    ***
***                                                      ***
***               Wall time: 4.730507e+03                ***
***                                                      ***
************************************************************


