


************************************************************
***     __  __ ____   ____ _                             ***
***    |  \/  |  _ \ / ___| |__   ___ _ __ ___           ***
***    | |\/| | |_) | |   | '_ \ / _ \ '_ ` _ \          ***
***    | |  | |  _ <| |___| | | |  __/ | | | | |         ***
***    |_|  |_|_| \_\\____|_| |_|\___|_| |_| |_|         ***
***                                                      ***
***    VERSION 0.0.1 (rev. 1c6f79f)                     ***
***                                                      ***
***    Stig Rune Jensen <stig.r.jensen@uit.no>           ***
***    Luca Frediani    <luca.frediani@uit.no>           ***
***    Peter Wind       <peter.wind@uit.no>              ***
***                                                      ***
************************************************************


+++ Parallel execution: 
  MPI hosts available     : 4
  Threads/host            : 2
  Total used CPUs         : 8


------------------------------------------------------------

 MRCPP version   : X.Y.Z
 Git revision    : bbc2aed

 Linear algebra  : EIGEN
 Parallelization : MPI/OpenMP

------------------------------------------------------------




============================================================
                  MultiResolution Analysis                  
------------------------------------------------------------
 polynomial order = 11
 polynomial type  = Interpolating
------------------------------------------------------------
 total boxes      = 8
 boxes            = [           2           2           2 ]
 unit lengths     = [    32.00000    32.00000    32.00000 ]
 scaling factor   = [     1.00000     1.00000     1.00000 ]
 lower bounds     = [   -32.00000   -32.00000   -32.00000 ]
 upper bounds     = [    32.00000    32.00000    32.00000 ]
 total length     = [    64.00000    64.00000    64.00000 ]
============================================================


============================================================
                          Molecule
------------------------------------------------------------
 Nr  Element             x             y             z      
------------------------------------------------------------
  1     S           0.00000e+00   0.00000e+00   1.10473e+00
  2     C           0.00000e+00   0.00000e+00  -1.93924e+00
  3     H           0.00000e+00   1.74686e+00  -3.01978e+00
  4     H           0.00000e+00  -1.74686e+00  -3.01978e+00
------------------------------------------------------------
 Center of mass:    0.00000e+00   0.00000e+00   1.31142e-01
============================================================


============================================================
                Setting up nuclear potential
------------------------------------------------------------
 Nr  Element         Charge        Precision     Smoothing 
------------------------------------------------------------
  1     S           1.60000e+01   1.00000e-07   7.45813e-06
  2     C           6.00000e+00   1.00000e-07   3.82453e-05
  3     H           1.00000e+00   1.00000e-07   7.57698e-04
  4     H           1.00000e+00   1.00000e-07   7.57698e-04
------------------------------------------------------------
 Nuclear potential                    1448      1.30696e+00
 Allreduce potential                  3528      1.33982e+00
------------------------------------------------------------
                 Wall time: 2.64688e+00 sec 
============================================================


============================================================
 OrbitalVector:  12 orbitals    12 occupied    24 electrons
------------------------------------------------------------
   n  RankID           Norm          Spin Occ      Error    
------------------------------------------------------------
   0     0       1.000000000000e+00    p   2    1.00000e+00
   1     1      -1.000000000000e+00    p   2    1.00000e+00
   2     2      -1.000000000000e+00    p   2    1.00000e+00
   3     3      -1.000000000000e+00    p   2    1.00000e+00
   4     0       1.000000000000e+00    p   2    1.00000e+00
   5     1      -1.000000000000e+00    p   2    1.00000e+00
   6     2      -1.000000000000e+00    p   2    1.00000e+00
   7     3      -1.000000000000e+00    p   2    1.00000e+00
   8     0       1.000000000000e+00    p   2    1.00000e+00
   9     1      -1.000000000000e+00    p   2    1.00000e+00
  10     2      -1.000000000000e+00    p   2    1.00000e+00
  11     3      -1.000000000000e+00    p   2    1.00000e+00
============================================================


============================================================
                  Setting up Fock operator
------------------------------------------------------------
 Precision                                      1.00000e-07
------------------------------------------------------------
 Coulomb density                      1640      3.18413e+00
 Coulomb potential                     744      6.47034e+01
 Allreduce potential                   872      6.40211e+00
 XC total density                     2056      4.37809e+00
 XC evaluate xcfun                   10280      3.04146e+01
 XC energy                            2056      1.71675e-04
 XC potential                         2056      1.00978e+00
------------------------------------------------------------
                 Wall time: 1.10847e+02 sec 
============================================================


============================================================
                  Calculating Fock matrix
------------------------------------------------------------
 Kinetic part                         1.238901641600000e+01
 Potential part                       4.321418110500000e+01
------------------------------------------------------------
                 Wall time: 5.56033e+01 sec 
============================================================




####################### SCF cycle  1 #######################


============================================================
 Current precision                              1.00000e-07
------------------------------------------------------------
 Orbital threshold                              1.00000e-06
 Property threshold                            -1.00000e+00
============================================================


============================================================
                  Digonalizing Fock matrix
------------------------------------------------------------
 Computing Lowdin matrix                        9.59618e-01
 Diagonalizing matrix                           2.95130e-05
 Rotating orbitals                              3.07857e+00
------------------------------------------------------------
                 Wall time: 4.03830e+00 sec 
============================================================


============================================================
                   Calculating SCF energy
------------------------------------------------------------
 Nuclear energy                       4.481025454621185e+01
 Electronic energy                   -4.820927629260202e+02
------------------------------------------------------------
 Total energy                        -4.372825083798083e+02
------------------------------------------------------------
                 Wall time: 3.33525e+01 sec 
============================================================


============================================================
                Rotating Helmholtz argument
------------------------------------------------------------
 Rotating orbitals                              1.05586e+00
------------------------------------------------------------
                 Wall time: 1.05595e+00 sec 
============================================================


============================================================
                Applying Helmholtz operators
------------------------------------------------------------
 Orb    RealNorm   Nodes     ImagNorm   Nodes     Timing
------------------------------------------------------------
  0    1.00000e+00   840    0.00000e+00     0   6.51979e+01
  4    1.00000e+00   744    0.00000e+00     0   6.80300e+01
  8    1.00000e+00  1224    0.00000e+00     0   1.19546e+02
------------------------------------------------------------
                 Wall time: 2.52795e+02 sec 
============================================================


============================================================
                 Lowdin orthonormalization
------------------------------------------------------------
 Computing Lowdin matrix                        7.74643e+01
 Rotating orbitals                              2.97508e+00
------------------------------------------------------------
                 Wall time: 8.04394e+01 sec 
============================================================


============================================================
               Iterative subspace accelerator
------------------------------------------------------------
 Push back orbitals                             9.39206e-02
 Copy orbitals                                  1.27292e-01
 Copy orbital updates                           1.25309e-01
------------------------------------------------------------
                 Wall time: 3.46635e-01 sec 
============================================================


============================================================
                 Lowdin orthonormalization
------------------------------------------------------------
 Computing Lowdin matrix                        7.46063e-01
 Rotating orbitals                              1.89132e+00
------------------------------------------------------------
                 Wall time: 2.63747e+00 sec 
============================================================


============================================================
                  Setting up Fock operator
------------------------------------------------------------
 Precision                                      1.00000e-07
------------------------------------------------------------
 Coulomb density                      1576      2.60702e+00
 Coulomb potential                     744      6.70042e+01
 Allreduce potential                   872      7.08752e+00
 XC total density                     1928      3.83401e+00
 XC evaluate xcfun                    9640      2.87158e+01
 XC energy                            1928      1.70633e-04
 XC potential                         1928      9.28023e-01
------------------------------------------------------------
                 Wall time: 1.10856e+02 sec 
============================================================


============================================================
                  Calculating Fock matrix
------------------------------------------------------------
 Kinetic part                         9.796315298000000e+00
 Potential part                       3.667531695800000e+01
------------------------------------------------------------
                 Wall time: 4.64718e+01 sec 
============================================================


============================================================
                          Orbitals
------------------------------------------------------------
 Orb    F(i,i)        Error         nNodes  Spin  Occ  Done 
------------------------------------------------------------
  0  -8.80466e+01   7.04415e-07        680    p    2    1
  1  -9.95695e+00   1.23259e-05          0    p    2    0
  2  -7.67675e+00   8.27720e-06          0    p    2    0
  3  -5.69884e+00   3.52919e-05          0    p    2    0
  4  -5.69566e+00   1.73458e-05        744    p    2    0
  5  -5.68717e+00   1.61195e-05          0    p    2    0
  6  -7.32375e-01   3.02070e-04          0    p    2    0
  7  -5.48971e-01   8.63860e-04          0    p    2    0
  8  -4.21106e-01   8.29432e-04       1192    p    2    0
  9  -3.59722e-01   9.59894e-04          0    p    2    0
 10  -2.98648e-01   2.24801e-03          0    p    2    0
 11  -2.03087e-01   1.62964e-03          0    p    2    0
------------------------------------------------------------
 Total error:                            3.18719e-03    0
============================================================


============================================================
                    Energy                 Update      Done 
------------------------------------------------------------
 Orbital      -2.506516906062307e+02    -2.50652e+02    1
 Kinetic       4.365898519862228e+02     4.36590e+02    1
 N-E          -1.127733139384780e+03    -1.12773e+03    1
 Coulomb       2.406239946178926e+02     2.40624e+02    1
 Exchange      0.000000000000000e+00     0.00000e+00    1
 X-C          -3.157347014558251e+01    -3.15735e+01    1
------------------------------------------------------------
 Electronic   -4.820927629260202e+02    -4.82093e+02    1
 Nuclear       4.481025454621185e+01     4.48103e+01    1
------------------------------------------------------------
 Total        -4.372825083798083e+02    -4.37283e+02    1
============================================================


################ Wall time: 5.32331e+02 sec ################




####################### SCF cycle  2 #######################


============================================================
 Current precision                              1.00000e-07
------------------------------------------------------------
 Orbital threshold                              1.00000e-06
 Property threshold                            -1.00000e+00
============================================================


============================================================
                  Digonalizing Fock matrix
------------------------------------------------------------
 Computing Lowdin matrix                        6.96501e-01
 Diagonalizing matrix                           2.64430e-05
 Rotating orbitals                              2.95550e+00
------------------------------------------------------------
                 Wall time: 3.65211e+00 sec 
============================================================


============================================================
                   Calculating SCF energy
------------------------------------------------------------
 Nuclear energy                       4.481025454621185e+01
 Electronic energy                   -4.820927761502992e+02
------------------------------------------------------------
 Total energy                        -4.372825216040874e+02
------------------------------------------------------------
                 Wall time: 3.30258e+01 sec 
============================================================


============================================================
                Rotating Helmholtz argument
------------------------------------------------------------
 Rotating orbitals                              1.05223e+00
------------------------------------------------------------
                 Wall time: 1.05231e+00 sec 
============================================================


============================================================
                Applying Helmholtz operators
------------------------------------------------------------
 Orb    RealNorm   Nodes     ImagNorm   Nodes     Timing
------------------------------------------------------------
  0    1.00000e+00   840    0.00000e+00     0   6.50982e+01
  4    1.00000e+00   744    0.00000e+00     0   6.66074e+01
  8    1.00000e+00  1224    0.00000e+00     0   1.18541e+02
------------------------------------------------------------
                 Wall time: 2.50259e+02 sec 
============================================================


============================================================
                 Lowdin orthonormalization
------------------------------------------------------------
 Computing Lowdin matrix                        7.32146e+01
 Rotating orbitals                              3.02885e+00
------------------------------------------------------------
                 Wall time: 7.62435e+01 sec 
============================================================


============================================================
               Iterative subspace accelerator
------------------------------------------------------------
 Push back orbitals                             6.80081e-02
 Copy orbitals                                  1.24152e-01
 Copy orbital updates                           1.23797e-01
------------------------------------------------------------
                 Wall time: 3.16069e-01 sec 
============================================================


============================================================
                 Lowdin orthonormalization
------------------------------------------------------------
 Computing Lowdin matrix                        7.46458e-01
 Rotating orbitals                              1.85073e+00
------------------------------------------------------------
                 Wall time: 2.59727e+00 sec 
============================================================


============================================================
                  Setting up Fock operator
------------------------------------------------------------
 Precision                                      1.00000e-07
------------------------------------------------------------
 Coulomb density                      1576      2.58956e+00
 Coulomb potential                     744      6.79765e+01
 Allreduce potential                   872      4.17958e+00
 XC total density                     1928      3.78634e+00
 XC evaluate xcfun                    9640      2.86333e+01
 XC energy                            1928      1.69616e-04
 XC potential                         1928      9.06943e-01
------------------------------------------------------------
                 Wall time: 1.08745e+02 sec 
============================================================


============================================================
                  Calculating Fock matrix
------------------------------------------------------------
 Kinetic part                         9.938580383000000e+00
 Potential part                       3.582723820800000e+01
------------------------------------------------------------
                 Wall time: 4.57660e+01 sec 
============================================================


============================================================
                          Orbitals
------------------------------------------------------------
 Orb    F(i,i)        Error         nNodes  Spin  Occ  Done 
------------------------------------------------------------
  0  -8.80466e+01   2.78584e-07        680    p    2    1
  1  -9.95696e+00   6.64440e-06          0    p    2    0
  2  -7.67676e+00   5.90775e-06          0    p    2    0
  3  -5.69885e+00   1.44996e-05          0    p    2    0
  4  -5.69566e+00   1.04920e-05        744    p    2    0
  5  -5.68718e+00   1.03877e-05          0    p    2    0
  6  -7.32379e-01   1.60963e-04          0    p    2    0
  7  -5.48974e-01   5.81126e-05          0    p    2    0
  8  -4.21109e-01   5.76051e-05       1192    p    2    0
  9  -3.59726e-01   8.68181e-05          0    p    2    0
 10  -2.98651e-01   2.68539e-04          0    p    2    0
 11  -2.03091e-01   1.21045e-04          0    p    2    0
------------------------------------------------------------
 Total error:                            3.56952e-04    0
============================================================


============================================================
                    Energy                 Update      Done 
------------------------------------------------------------
 Orbital      -2.506517696041071e+02    -7.89979e-05    1
 Kinetic       4.365898352527797e+02    -1.67334e-05    1
 N-E          -1.127733047149462e+03     9.22353e-05    1
 Coulomb       2.406239278014110e+02    -6.68165e-05    1
 Exchange      0.000000000000000e+00     0.00000e+00    1
 X-C          -3.157346667893864e+01     3.46664e-06    1
------------------------------------------------------------
 Electronic   -4.820927761502992e+02    -1.32243e-05    1
 Nuclear       4.481025454621185e+01     0.00000e+00    1
------------------------------------------------------------
 Total        -4.372825216040874e+02    -1.32243e-05    1
============================================================


################ Wall time: 5.22008e+02 sec ################




####################### SCF cycle  3 #######################


============================================================
 Current precision                              1.00000e-07
------------------------------------------------------------
 Orbital threshold                              1.00000e-06
 Property threshold                            -1.00000e+00
============================================================


============================================================
                   Calculating SCF energy
------------------------------------------------------------
 Nuclear energy                       4.481025454621185e+01
 Electronic energy                   -4.820927764519129e+02
------------------------------------------------------------
 Total energy                        -4.372825219057011e+02
------------------------------------------------------------
                 Wall time: 3.66966e+01 sec 
============================================================


============================================================
                Rotating Helmholtz argument
------------------------------------------------------------
 Rotating orbitals                              3.51850e+00
------------------------------------------------------------
                 Wall time: 3.51859e+00 sec 
============================================================


============================================================
                Applying Helmholtz operators
------------------------------------------------------------
 Orb    RealNorm   Nodes     ImagNorm   Nodes     Timing
------------------------------------------------------------
  0    1.00000e+00   840    0.00000e+00     0   6.91691e+01
  4    1.00000e+00   744    0.00000e+00     0   7.05149e+01
  8    1.00000e+00  1224    0.00000e+00     0   1.21909e+02
------------------------------------------------------------
                 Wall time: 2.61614e+02 sec 
============================================================


============================================================
                 Lowdin orthonormalization
------------------------------------------------------------
 Computing Lowdin matrix                        7.77191e+01
 Rotating orbitals                              3.05879e+00
------------------------------------------------------------
                 Wall time: 8.07780e+01 sec 
============================================================


============================================================
               Iterative subspace accelerator
------------------------------------------------------------
 Push back orbitals                             5.20322e-02
 Setup linear system                            4.17651e-01
 Solve linear system                            1.16740e-05
 Expand solution                                1.32551e+00
------------------------------------------------------------
                 Wall time: 1.79533e+00 sec 
============================================================


============================================================
                 Lowdin orthonormalization
------------------------------------------------------------
 Computing Lowdin matrix                        1.21954e+00
 Rotating orbitals                              3.18746e+00
------------------------------------------------------------
                 Wall time: 4.40709e+00 sec 
============================================================


============================================================
                  Setting up Fock operator
------------------------------------------------------------
 Precision                                      1.00000e-07
------------------------------------------------------------
 Coulomb density                      1576      2.69341e+00
 Coulomb potential                     744      6.89951e+01
 Allreduce potential                   872      7.52510e+00
 XC total density                     1928      3.96040e+00
 XC evaluate xcfun                    9640      2.86434e+01
 XC energy                            1928      1.75691e-04
 XC potential                         1928      1.02319e+00
------------------------------------------------------------
                 Wall time: 1.13525e+02 sec 
============================================================


============================================================
                  Calculating Fock matrix
------------------------------------------------------------
 Kinetic part                         9.887324100000001e+00
 Potential part                       3.717593987400000e+01
------------------------------------------------------------
                 Wall time: 4.70634e+01 sec 
============================================================


============================================================
                          Orbitals
------------------------------------------------------------
 Orb    F(i,i)        Error         nNodes  Spin  Occ  Done 
------------------------------------------------------------
  0  -8.80466e+01   1.49927e-07        680    p    2    1
  1  -9.95696e+00   1.56612e-06          0    p    2    0
  2  -7.67676e+00   2.50920e-06          0    p    2    0
  3  -5.69885e+00   8.46983e-06          0    p    2    0
  4  -5.69566e+00   3.84705e-06        744    p    2    0
  5  -5.68717e+00   3.37159e-06          0    p    2    0
  6  -7.32379e-01   4.24933e-05          0    p    2    0
  7  -5.48974e-01   3.93488e-05          0    p    2    0
  8  -4.21108e-01   1.84625e-05       1192    p    2    0
  9  -3.59725e-01   4.92060e-05          0    p    2    0
 10  -2.98651e-01   1.01827e-04          0    p    2    0
 11  -2.03090e-01   4.71023e-05          0    p    2    0
------------------------------------------------------------
 Total error:                            1.37150e-04    0
============================================================


============================================================
                    Energy                 Update      Done 
------------------------------------------------------------
 Orbital      -2.506518879605061e+02    -1.18356e-04    1
 Kinetic       4.365898002402121e+02    -3.50126e-05    1
 N-E          -1.127732899192197e+03     1.47957e-04    1
 Coulomb       2.406238070256917e+02    -1.20776e-04    1
 Exchange      0.000000000000000e+00     0.00000e+00    1
 X-C          -3.157345808250527e+01     8.59643e-06    1
------------------------------------------------------------
 Electronic   -4.820927764519129e+02    -3.01614e-07    1
 Nuclear       4.481025454621185e+01     0.00000e+00    1
------------------------------------------------------------
 Total        -4.372825219057011e+02    -3.01614e-07    1
============================================================


################ Wall time: 5.49968e+02 sec ################




####################### SCF cycle  4 #######################


============================================================
 Current precision                              1.00000e-07
------------------------------------------------------------
 Orbital threshold                              1.00000e-06
 Property threshold                            -1.00000e+00
============================================================


============================================================
                   Calculating SCF energy
------------------------------------------------------------
 Nuclear energy                       4.481025454621185e+01
 Electronic energy                   -4.820927765151631e+02
------------------------------------------------------------
 Total energy                        -4.372825219689512e+02
------------------------------------------------------------
                 Wall time: 3.77924e+01 sec 
============================================================


============================================================
                Rotating Helmholtz argument
------------------------------------------------------------
 Rotating orbitals                              3.65380e+00
------------------------------------------------------------
                 Wall time: 3.65388e+00 sec 
============================================================


============================================================
                Applying Helmholtz operators
------------------------------------------------------------
 Orb    RealNorm   Nodes     ImagNorm   Nodes     Timing
------------------------------------------------------------
  0    1.00000e+00   840    0.00000e+00     0   7.07558e+01
  4    1.00000e+00   744    0.00000e+00     0   7.14710e+01
  8    1.00000e+00  1224    0.00000e+00     0   1.25491e+02
------------------------------------------------------------
                 Wall time: 2.67754e+02 sec 
============================================================


============================================================
                 Lowdin orthonormalization
------------------------------------------------------------
 Computing Lowdin matrix                        8.67103e+01
 Rotating orbitals                              3.09065e+00
------------------------------------------------------------
                 Wall time: 8.98010e+01 sec 
============================================================


============================================================
               Iterative subspace accelerator
------------------------------------------------------------
 Push back orbitals                             1.39266e-01
 Setup linear system                            1.28722e+00
 Solve linear system                            1.40300e-05
 Expand solution                                2.36001e+00
------------------------------------------------------------
                 Wall time: 3.78661e+00 sec 
============================================================


============================================================
                 Lowdin orthonormalization
------------------------------------------------------------
 Computing Lowdin matrix                        1.55504e+00
 Rotating orbitals                              3.63198e+00
------------------------------------------------------------
                 Wall time: 5.18710e+00 sec 
============================================================


============================================================
                  Setting up Fock operator
------------------------------------------------------------
 Precision                                      1.00000e-07
------------------------------------------------------------
 Coulomb density                      1576      2.70851e+00
 Coulomb potential                     744      6.90392e+01
 Allreduce potential                   872      6.85512e+00
 XC total density                     1928      3.92777e+00
 XC evaluate xcfun                    9640      2.86148e+01
 XC energy                            1928      1.82215e-04
 XC potential                         1928      1.02635e+00
------------------------------------------------------------
                 Wall time: 1.12844e+02 sec 
============================================================


============================================================
                  Calculating Fock matrix
------------------------------------------------------------
 Kinetic part                         1.043733375700000e+01
 Potential part                       3.825456618200000e+01
------------------------------------------------------------
                 Wall time: 4.86920e+01 sec 
============================================================


============================================================
                          Orbitals
------------------------------------------------------------
 Orb    F(i,i)        Error         nNodes  Spin  Occ  Done 
------------------------------------------------------------
  0  -8.80466e+01   1.28095e-07        680    p    2    1
  1  -9.95696e+00   6.39344e-07          0    p    2    1
  2  -7.67676e+00   1.11265e-06          0    p    2    0
  3  -5.69885e+00   7.59638e-06          0    p    2    0
  4  -5.69566e+00   2.16795e-06        744    p    2    0
  5  -5.68718e+00   1.45629e-06          0    p    2    0
  6  -7.32380e-01   1.33484e-05          0    p    2    0
  7  -5.48974e-01   3.49837e-05          0    p    2    0
  8  -4.21109e-01   1.20960e-05       1192    p    2    0
  9  -3.59726e-01   4.13733e-05          0    p    2    0
 10  -2.98651e-01   2.78708e-05          0    p    2    0
 11  -2.03091e-01   2.33805e-05          0    p    2    0
------------------------------------------------------------
 Total error:                            6.81889e-05    0
============================================================


============================================================
                    Energy                 Update      Done 
------------------------------------------------------------
 Orbital      -2.506518564296800e+02     3.15308e-05    1
 Kinetic       4.365898277814393e+02     2.75412e-05    1
 N-E          -1.127732956126804e+03    -5.69346e-05    1
 Coulomb       2.406238393436109e+02     3.23179e-05    1
 Exchange      0.000000000000000e+00     0.00000e+00    1
 X-C          -3.157346045312823e+01    -2.37062e-06    1
------------------------------------------------------------
 Electronic   -4.820927765151631e+02    -6.32502e-08    1
 Nuclear       4.481025454621185e+01     0.00000e+00    1
------------------------------------------------------------
 Total        -4.372825219689512e+02    -6.32502e-08    1
============================================================


################ Wall time: 5.70170e+02 sec ################




####################### SCF cycle  5 #######################


============================================================
 Current precision                              1.00000e-07
------------------------------------------------------------
 Orbital threshold                              1.00000e-06
 Property threshold                            -1.00000e+00
============================================================


============================================================
                   Calculating SCF energy
------------------------------------------------------------
 Nuclear energy                       4.481025454621185e+01
 Electronic energy                   -4.820927765405022e+02
------------------------------------------------------------
 Total energy                        -4.372825219942903e+02
------------------------------------------------------------
                 Wall time: 4.04175e+01 sec 
============================================================


============================================================
                Rotating Helmholtz argument
------------------------------------------------------------
 Rotating orbitals                              3.69497e+00
------------------------------------------------------------
                 Wall time: 3.69505e+00 sec 
============================================================


============================================================
                Applying Helmholtz operators
------------------------------------------------------------
 Orb    RealNorm   Nodes     ImagNorm   Nodes     Timing
------------------------------------------------------------
  0    1.00000e+00   840    0.00000e+00     0   7.27072e+01
  4    1.00000e+00   744    0.00000e+00     0   7.17574e+01
  8    1.00000e+00  1224    0.00000e+00     0   1.24981e+02
------------------------------------------------------------
                 Wall time: 2.69476e+02 sec 
============================================================


============================================================
                 Lowdin orthonormalization
------------------------------------------------------------
 Computing Lowdin matrix                        8.67709e+01
 Rotating orbitals                              3.17109e+00
------------------------------------------------------------
                 Wall time: 8.99420e+01 sec 
============================================================


============================================================
               Iterative subspace accelerator
------------------------------------------------------------
 Push back orbitals                             1.11944e-01
 Setup linear system                            2.61001e+00
 Solve linear system                            9.31900e-06
 Expand solution                                3.45799e+00
------------------------------------------------------------
                 Wall time: 6.18008e+00 sec 
============================================================


============================================================
                 Lowdin orthonormalization
------------------------------------------------------------
 Computing Lowdin matrix                        1.55139e+00
 Rotating orbitals                              3.89010e+00
------------------------------------------------------------
                 Wall time: 5.44157e+00 sec 
============================================================


============================================================
                  Setting up Fock operator
------------------------------------------------------------
 Precision                                      1.00000e-07
------------------------------------------------------------
 Coulomb density                      1576      2.78716e+00
 Coulomb potential                     744      7.05380e+01
 Allreduce potential                   872      6.94457e+00
 XC total density                     1928      3.84812e+00
 XC evaluate xcfun                    9640      2.90846e+01
 XC energy                            1928      1.80786e-04
 XC potential                         1928      1.01686e+00
------------------------------------------------------------
                 Wall time: 1.14924e+02 sec 
============================================================


============================================================
                  Calculating Fock matrix
------------------------------------------------------------
 Kinetic part                         9.809138748000001e+00
 Potential part                       3.768794908200000e+01
------------------------------------------------------------
                 Wall time: 4.74972e+01 sec 
============================================================


============================================================
                          Orbitals
------------------------------------------------------------
 Orb    F(i,i)        Error         nNodes  Spin  Occ  Done 
------------------------------------------------------------
  0  -8.80466e+01   1.00767e-07        680    p    2    1
  1  -9.95696e+00   6.50671e-07          0    p    2    1
  2  -7.67676e+00   7.82093e-07          0    p    2    1
  3  -5.69885e+00   8.14172e-06          0    p    2    0
  4  -5.69566e+00   1.92250e-06        744    p    2    0
  5  -5.68717e+00   1.20462e-06          0    p    2    0
  6  -7.32378e-01   1.09763e-05          0    p    2    0
  7  -5.48974e-01   3.58722e-05          0    p    2    0
  8  -4.21108e-01   6.65530e-06       1192    p    2    0
  9  -3.59725e-01   4.59920e-05          0    p    2    0
 10  -2.98650e-01   2.18425e-05          0    p    2    0
 11  -2.03090e-01   1.81380e-05          0    p    2    0
------------------------------------------------------------
 Total error:                            6.66739e-05    0
============================================================


============================================================
                    Energy                 Update      Done 
------------------------------------------------------------
 Orbital      -2.506518837141705e+02    -2.72845e-05    1
 Kinetic       4.365898116404186e+02    -1.61410e-05    1
 N-E          -1.127732914259049e+03     4.18678e-05    1
 Coulomb       2.406238113758812e+02    -2.79677e-05    1
 Exchange      0.000000000000000e+00     0.00000e+00    1
 X-C          -3.157345815135341e+01     2.30177e-06    1
------------------------------------------------------------
 Electronic   -4.820927765405022e+02    -2.53391e-08    1
 Nuclear       4.481025454621185e+01     0.00000e+00    1
------------------------------------------------------------
 Total        -4.372825219942903e+02    -2.53391e-08    1
============================================================


################ Wall time: 5.78246e+02 sec ################




####################### SCF cycle  6 #######################


============================================================
 Current precision                              1.00000e-07
------------------------------------------------------------
 Orbital threshold                              1.00000e-06
 Property threshold                            -1.00000e+00
============================================================


============================================================
                   Calculating SCF energy
------------------------------------------------------------
 Nuclear energy                       4.481025454621185e+01
 Electronic energy                   -4.820927765501353e+02
------------------------------------------------------------
 Total energy                        -4.372825220039234e+02
------------------------------------------------------------
                 Wall time: 3.98793e+01 sec 
============================================================


============================================================
                Rotating Helmholtz argument
------------------------------------------------------------
 Rotating orbitals                              3.67780e+00
------------------------------------------------------------
                 Wall time: 3.67789e+00 sec 
============================================================


============================================================
                Applying Helmholtz operators
------------------------------------------------------------
 Orb    RealNorm   Nodes     ImagNorm   Nodes     Timing
------------------------------------------------------------
  0    1.00000e+00   840    0.00000e+00     0   7.13322e+01
  4    1.00000e+00   744    0.00000e+00     0   7.35549e+01
  8    1.00000e+00  1224    0.00000e+00     0   1.25072e+02
------------------------------------------------------------
                 Wall time: 2.69988e+02 sec 
============================================================


============================================================
                 Lowdin orthonormalization
------------------------------------------------------------
 Computing Lowdin matrix                        8.99841e+01
 Rotating orbitals                              3.18947e+00
------------------------------------------------------------
                 Wall time: 9.31736e+01 sec 
============================================================


============================================================
               Iterative subspace accelerator
------------------------------------------------------------
 Push back orbitals                             8.76859e-02
 Setup linear system                            2.62518e+00
 Solve linear system                            9.40000e-06
 Expand solution                                3.60616e+00
------------------------------------------------------------
                 Wall time: 6.31917e+00 sec 
============================================================


============================================================
                 Lowdin orthonormalization
------------------------------------------------------------
 Computing Lowdin matrix                        1.65078e+00
 Rotating orbitals                              3.68428e+00
------------------------------------------------------------
                 Wall time: 5.33514e+00 sec 
============================================================


============================================================
                  Setting up Fock operator
------------------------------------------------------------
 Precision                                      1.00000e-07
------------------------------------------------------------
 Coulomb density                      1576      2.83914e+00
 Coulomb potential                     744      6.96990e+01
 Allreduce potential                   872      9.57078e+00
 XC total density                     1928      4.10320e+00
 XC evaluate xcfun                    9640      2.91851e+01
 XC energy                            1928      1.81524e-04
 XC potential                         1928      1.03838e+00
------------------------------------------------------------
                 Wall time: 1.17148e+02 sec 
============================================================


============================================================
                  Calculating Fock matrix
------------------------------------------------------------
 Kinetic part                         9.965748262000000e+00
 Potential part                       3.764911901700000e+01
------------------------------------------------------------
                 Wall time: 4.76150e+01 sec 
============================================================


============================================================
                          Orbitals
------------------------------------------------------------
 Orb    F(i,i)        Error         nNodes  Spin  Occ  Done 
------------------------------------------------------------
  0  -8.80466e+01   2.44109e-08        680    p    2    1
  1  -9.95696e+00   3.43937e-07          0    p    2    1
  2  -7.67676e+00   6.16799e-07          0    p    2    1
  3  -5.69885e+00   3.47648e-06          0    p    2    0
  4  -5.69566e+00   4.57520e-07        744    p    2    1
  5  -5.68718e+00   2.52579e-07          0    p    2    1
  6  -7.32380e-01   4.17148e-06          0    p    2    0
  7  -5.48974e-01   1.10431e-05          0    p    2    0
  8  -4.21109e-01   1.42730e-06       1192    p    2    0
  9  -3.59726e-01   2.34274e-05          0    p    2    0
 10  -2.98651e-01   9.15055e-06          0    p    2    0
 11  -2.03091e-01   4.55017e-06          0    p    2    0
------------------------------------------------------------
 Total error:                            2.84170e-05    0
============================================================


============================================================
                    Energy                 Update      Done 
------------------------------------------------------------
 Orbital      -2.506518522070160e+02     3.15072e-05    1
 Kinetic       4.365898285809908e+02     1.69406e-05    1
 N-E          -1.127732961016704e+03    -4.67577e-05    1
 Coulomb       2.406238436275532e+02     3.22517e-05    1
 Exchange      0.000000000000000e+00     0.00000e+00    1
 X-C          -3.157346049519174e+01    -2.34384e-06    1
------------------------------------------------------------
 Electronic   -4.820927765501353e+02    -9.63308e-09    1
 Nuclear       4.481025454621185e+01     0.00000e+00    1
------------------------------------------------------------
 Total        -4.372825220039234e+02    -9.63308e-09    1
============================================================


################ Wall time: 5.83847e+02 sec ################




####################### SCF cycle  7 #######################


============================================================
 Current precision                              1.00000e-07
------------------------------------------------------------
 Orbital threshold                              1.00000e-06
 Property threshold                            -1.00000e+00
============================================================


============================================================
                   Calculating SCF energy
------------------------------------------------------------
 Nuclear energy                       4.481025454621185e+01
 Electronic energy                   -4.820927765513238e+02
------------------------------------------------------------
 Total energy                        -4.372825220051119e+02
------------------------------------------------------------
                 Wall time: 4.05090e+01 sec 
============================================================


============================================================
                Rotating Helmholtz argument
------------------------------------------------------------
 Rotating orbitals                              3.78915e+00
------------------------------------------------------------
                 Wall time: 3.78924e+00 sec 
============================================================


============================================================
                Applying Helmholtz operators
------------------------------------------------------------
 Orb    RealNorm   Nodes     ImagNorm   Nodes     Timing
------------------------------------------------------------
  0    1.00000e+00   840    0.00000e+00     0   7.21291e+01
  4    1.00000e+00   744    0.00000e+00     0   7.14268e+01
  8    1.00000e+00  1224    0.00000e+00     0   1.28524e+02
------------------------------------------------------------
                 Wall time: 2.72119e+02 sec 
============================================================


============================================================
                 Lowdin orthonormalization
------------------------------------------------------------
 Computing Lowdin matrix                        8.43412e+01
 Rotating orbitals                              3.20251e+00
------------------------------------------------------------
                 Wall time: 8.75438e+01 sec 
============================================================


============================================================
               Iterative subspace accelerator
------------------------------------------------------------
 Push back orbitals                             2.15495e-01
 Setup linear system                            2.70277e+00
 Solve linear system                            9.57400e-06
 Expand solution                                3.62067e+00
------------------------------------------------------------
                 Wall time: 6.53908e+00 sec 
============================================================


============================================================
                 Lowdin orthonormalization
------------------------------------------------------------
 Computing Lowdin matrix                        1.73301e+00
 Rotating orbitals                              3.68270e+00
------------------------------------------------------------
                 Wall time: 5.41579e+00 sec 
============================================================


============================================================
                  Setting up Fock operator
------------------------------------------------------------
 Precision                                      1.00000e-07
------------------------------------------------------------
 Coulomb density                      1576      2.79248e+00
 Coulomb potential                     744      7.22195e+01
 Allreduce potential                   872      8.21870e+00
 XC total density                     1928      4.36243e+00
 XC evaluate xcfun                    9640      2.85971e+01
 XC energy                            1928      1.70041e-04
 XC potential                         1928      1.03732e+00
------------------------------------------------------------
                 Wall time: 1.17903e+02 sec 
============================================================


============================================================
                  Calculating Fock matrix
------------------------------------------------------------
 Kinetic part                         1.140854030400000e+01
 Potential part                       4.076903557800000e+01
------------------------------------------------------------
                 Wall time: 5.21777e+01 sec 
============================================================


============================================================
                          Orbitals
------------------------------------------------------------
 Orb    F(i,i)        Error         nNodes  Spin  Occ  Done 
------------------------------------------------------------
  0  -8.80466e+01   2.92051e-08        680    p    2    1
  1  -9.95696e+00   1.80934e-07          0    p    2    1
  2  -7.67676e+00   2.32737e-07          0    p    2    1
  3  -5.69885e+00   1.53500e-06          0    p    2    0
  4  -5.69566e+00   5.51912e-08        744    p    2    1
  5  -5.68717e+00   4.64963e-08          0    p    2    1
  6  -7.32378e-01   1.72561e-06          0    p    2    0
  7  -5.48974e-01   1.34757e-06          0    p    2    0
  8  -4.21108e-01   1.04689e-06       1192    p    2    0
  9  -3.59725e-01   1.20614e-05          0    p    2    0
 10  -2.98650e-01   3.91585e-06          0    p    2    0
 11  -2.03090e-01   3.98243e-06          0    p    2    0
------------------------------------------------------------
 Total error:                            1.36019e-05    0
============================================================


============================================================
                    Energy                 Update      Done 
------------------------------------------------------------
 Orbital      -2.506518830268127e+02    -3.08198e-05    1
 Kinetic       4.365898111505053e+02    -1.74305e-05    1
 N-E          -1.127732914395735e+03     4.66210e-05    1
 Coulomb       2.406238120715643e+02    -3.15560e-05    1
 Exchange      0.000000000000000e+00     0.00000e+00    1
 X-C          -3.157345812460634e+01     2.37059e-06    1
------------------------------------------------------------
 Electronic   -4.820927765513238e+02    -1.18848e-09    1
 Nuclear       4.481025454621185e+01     0.00000e+00    1
------------------------------------------------------------
 Total        -4.372825220051119e+02    -1.18848e-09    1
============================================================


################ Wall time: 5.86713e+02 sec ################




####################### SCF cycle  8 #######################


============================================================
 Current precision                              1.00000e-07
------------------------------------------------------------
 Orbital threshold                              1.00000e-06
 Property threshold                            -1.00000e+00
============================================================


============================================================
                   Calculating SCF energy
------------------------------------------------------------
 Nuclear energy                       4.481025454621185e+01
 Electronic energy                   -4.820927765517799e+02
------------------------------------------------------------
 Total energy                        -4.372825220055681e+02
------------------------------------------------------------
                 Wall time: 4.25109e+01 sec 
============================================================


============================================================
                Rotating Helmholtz argument
------------------------------------------------------------
 Rotating orbitals                              3.71124e+00
------------------------------------------------------------
                 Wall time: 3.71133e+00 sec 
============================================================


============================================================
                Applying Helmholtz operators
------------------------------------------------------------
 Orb    RealNorm   Nodes     ImagNorm   Nodes     Timing
------------------------------------------------------------
  0    1.00000e+00   840    0.00000e+00     0   7.18140e+01
  4    1.00000e+00   744    0.00000e+00     0   7.51179e+01
  8    1.00000e+00  1224    0.00000e+00     0   1.27517e+02
------------------------------------------------------------
                 Wall time: 2.74487e+02 sec 
============================================================


============================================================
                 Lowdin orthonormalization
------------------------------------------------------------
 Computing Lowdin matrix                        9.60222e+01
 Rotating orbitals                              3.25627e+00
------------------------------------------------------------
                 Wall time: 9.92786e+01 sec 
============================================================


============================================================
               Iterative subspace accelerator
------------------------------------------------------------
 Push back orbitals                             1.06851e-01
 Setup linear system                            2.80689e+00
 Solve linear system                            9.32400e-06
 Expand solution                                3.55738e+00
------------------------------------------------------------
                 Wall time: 6.47126e+00 sec 
============================================================


============================================================
                 Lowdin orthonormalization
------------------------------------------------------------
 Computing Lowdin matrix                        1.75257e+00
 Rotating orbitals                              3.49700e+00
------------------------------------------------------------
                 Wall time: 5.24965e+00 sec 
============================================================


============================================================
                  Setting up Fock operator
------------------------------------------------------------
 Precision                                      1.00000e-07
------------------------------------------------------------
 Coulomb density                      1576      2.66492e+00
 Coulomb potential                     744      7.24005e+01
 Allreduce potential                   872      1.27747e+01
 XC total density                     1928      4.67065e+00
 XC evaluate xcfun                    9640      2.96197e+01
 XC energy                            1928      1.88357e-04
 XC potential                         1928      1.06992e+00
------------------------------------------------------------
                 Wall time: 1.23922e+02 sec 
============================================================


============================================================
                  Calculating Fock matrix
------------------------------------------------------------
 Kinetic part                         1.006741932800000e+01
 Potential part                       4.292529488700000e+01
------------------------------------------------------------
                 Wall time: 5.29928e+01 sec 
============================================================


============================================================
                          Orbitals
------------------------------------------------------------
 Orb    F(i,i)        Error         nNodes  Spin  Occ  Done 
------------------------------------------------------------
  0  -8.80466e+01   1.96324e-08        680    p    2    1
  1  -9.95696e+00   8.59308e-08          0    p    2    1
  2  -7.67676e+00   7.63726e-08          0    p    2    1
  3  -5.69885e+00   9.57119e-07          0    p    2    1
  4  -5.69566e+00   9.30797e-08        744    p    2    1
  5  -5.68718e+00   9.10655e-08          0    p    2    1
  6  -7.32379e-01   7.96937e-07          0    p    2    1
  7  -5.48974e-01   2.51153e-06          0    p    2    0
  8  -4.21109e-01   7.06844e-07       1192    p    2    1
  9  -3.59726e-01   7.30329e-06          0    p    2    0
 10  -2.98651e-01   3.12964e-06          0    p    2    0
 11  -2.03091e-01   3.57202e-06          0    p    2    0
------------------------------------------------------------
 Total error:                            9.18048e-06    0
============================================================


============================================================
                    Energy                 Update      Done 
------------------------------------------------------------
 Orbital      -2.506518516853556e+02     3.13415e-05    1
 Kinetic       4.365898288662596e+02     1.77158e-05    1
 N-E          -1.127732961746781e+03    -4.73510e-05    1
 Coulomb       2.406238441804240e+02     3.21089e-05    1
 Exchange      0.000000000000000e+00     0.00000e+00    1
 X-C          -3.157346060027273e+01    -2.47567e-06    1
------------------------------------------------------------
 Electronic   -4.820927765517799e+02    -4.56168e-10    1
 Nuclear       4.481025454621185e+01     0.00000e+00    1
------------------------------------------------------------
 Total        -4.372825220055681e+02    -4.56168e-10    1
============================================================


################ Wall time: 6.09374e+02 sec ################




####################### SCF cycle  9 #######################


============================================================
 Current precision                              1.00000e-07
------------------------------------------------------------
 Orbital threshold                              1.00000e-06
 Property threshold                            -1.00000e+00
============================================================


============================================================
                   Calculating SCF energy
------------------------------------------------------------
 Nuclear energy                       4.481025454621185e+01
 Electronic energy                   -4.820927765519966e+02
------------------------------------------------------------
 Total energy                        -4.372825220057847e+02
------------------------------------------------------------
                 Wall time: 4.41602e+01 sec 
============================================================


============================================================
                Rotating Helmholtz argument
------------------------------------------------------------
 Rotating orbitals                              3.81468e+00
------------------------------------------------------------
                 Wall time: 3.81476e+00 sec 
============================================================


============================================================
                Applying Helmholtz operators
------------------------------------------------------------
 Orb    RealNorm   Nodes     ImagNorm   Nodes     Timing
------------------------------------------------------------
  0    1.00000e+00   840    0.00000e+00     0   7.36130e+01
  4    1.00000e+00   744    0.00000e+00     0   7.93312e+01
  8    1.00000e+00  1224    0.00000e+00     0   1.35388e+02
------------------------------------------------------------
                 Wall time: 2.88365e+02 sec 
============================================================


============================================================
                 Lowdin orthonormalization
------------------------------------------------------------
 Computing Lowdin matrix                        9.37517e+01
 Rotating orbitals                              3.20129e+00
------------------------------------------------------------
                 Wall time: 9.69531e+01 sec 
============================================================


============================================================
               Iterative subspace accelerator
------------------------------------------------------------
 Push back orbitals                             8.88469e-02
 Setup linear system                            2.74970e+00
 Solve linear system                            9.20600e-06
 Expand solution                                3.37276e+00
------------------------------------------------------------
                 Wall time: 6.21144e+00 sec 
============================================================


============================================================
                 Lowdin orthonormalization
------------------------------------------------------------
 Computing Lowdin matrix                        1.58104e+00
 Rotating orbitals                              3.30529e+00
------------------------------------------------------------
                 Wall time: 4.88642e+00 sec 
============================================================


============================================================
                  Setting up Fock operator
------------------------------------------------------------
 Precision                                      1.00000e-07
------------------------------------------------------------
 Coulomb density                      1576      2.97943e+00
 Coulomb potential                     744      7.48590e+01
 Allreduce potential                   872      1.09102e+01
 XC total density                     1928      4.66437e+00
 XC evaluate xcfun                    9640      2.89415e+01
 XC energy                            1928      1.69419e-04
 XC potential                         1928      1.08162e+00
------------------------------------------------------------
                 Wall time: 1.24153e+02 sec 
============================================================


============================================================
                  Calculating Fock matrix
------------------------------------------------------------
 Kinetic part                         1.144746913600000e+01
 Potential part                       4.341332197900000e+01
------------------------------------------------------------
                 Wall time: 5.48609e+01 sec 
============================================================


============================================================
                          Orbitals
------------------------------------------------------------
 Orb    F(i,i)        Error         nNodes  Spin  Occ  Done 
------------------------------------------------------------
  0  -8.80466e+01   1.34979e-08        680    p    2    1
  1  -9.95696e+00   2.87805e-08          0    p    2    1
  2  -7.67676e+00   7.39712e-08          0    p    2    1
  3  -5.69885e+00   4.16890e-07          0    p    2    1
  4  -5.69566e+00   5.40330e-08        744    p    2    1
  5  -5.68717e+00   4.29919e-08          0    p    2    1
  6  -7.32379e-01   2.73951e-07          0    p    2    1
  7  -5.48974e-01   1.88506e-06          0    p    2    0
  8  -4.21109e-01   2.74510e-07       1192    p    2    1
  9  -3.59725e-01   2.78593e-06          0    p    2    0
 10  -2.98651e-01   1.34779e-06          0    p    2    0
 11  -2.03090e-01   1.44051e-06          0    p    2    0
------------------------------------------------------------
 Total error:                            3.94233e-06    0
============================================================


============================================================
                    Energy                 Update      Done 
------------------------------------------------------------
 Orbital      -2.506518782464597e+02    -2.65611e-05    1
 Kinetic       4.365898140218765e+02    -1.48444e-05    1
 N-E          -1.127732921777624e+03     3.99692e-05    1
 Coulomb       2.406238169741673e+02    -2.72063e-05    1
 Exchange      0.000000000000000e+00     0.00000e+00    1
 X-C          -3.157345852417037e+01     2.07610e-06    1
------------------------------------------------------------
 Electronic   -4.820927765519966e+02    -2.16630e-10    1
 Nuclear       4.481025454621185e+01     0.00000e+00    1
------------------------------------------------------------
 Total        -4.372825220057847e+02    -2.16630e-10    1
============================================================


################ Wall time: 6.24252e+02 sec ################




####################### SCF cycle 10 #######################


============================================================
 Current precision                              1.00000e-07
------------------------------------------------------------
 Orbital threshold                              1.00000e-06
 Property threshold                            -1.00000e+00
============================================================


============================================================
                   Calculating SCF energy
------------------------------------------------------------
 Nuclear energy                       4.481025454621185e+01
 Electronic energy                   -4.820927765520311e+02
------------------------------------------------------------
 Total energy                        -4.372825220058192e+02
------------------------------------------------------------
                 Wall time: 4.45580e+01 sec 
============================================================


============================================================
                Rotating Helmholtz argument
------------------------------------------------------------
 Rotating orbitals                              3.83152e+00
------------------------------------------------------------
                 Wall time: 3.83161e+00 sec 
============================================================


============================================================
                Applying Helmholtz operators
------------------------------------------------------------
 Orb    RealNorm   Nodes     ImagNorm   Nodes     Timing
------------------------------------------------------------
  0    1.00000e+00   840    0.00000e+00     0   7.84604e+01
  4    1.00000e+00   744    0.00000e+00     0   8.04829e+01
  8    1.00000e+00  1224    0.00000e+00     0   1.36745e+02
------------------------------------------------------------
                 Wall time: 2.95736e+02 sec 
============================================================


============================================================
                 Lowdin orthonormalization
------------------------------------------------------------
 Computing Lowdin matrix                        9.11095e+01
 Rotating orbitals                              3.15435e+00
------------------------------------------------------------
                 Wall time: 9.42640e+01 sec 
============================================================


============================================================
               Iterative subspace accelerator
------------------------------------------------------------
 Push back orbitals                             1.98075e-01
 Setup linear system                            2.83247e+00
 Solve linear system                            9.47400e-06
 Expand solution                                3.34620e+00
------------------------------------------------------------
                 Wall time: 6.37689e+00 sec 
============================================================


============================================================
                 Lowdin orthonormalization
------------------------------------------------------------
 Computing Lowdin matrix                        1.49937e+00
 Rotating orbitals                              3.03288e+00
------------------------------------------------------------
                 Wall time: 4.53234e+00 sec 
============================================================


============================================================
                  Setting up Fock operator
------------------------------------------------------------
 Precision                                      1.00000e-07
------------------------------------------------------------
 Coulomb density                      1576      2.90117e+00
 Coulomb potential                     744      7.57294e+01
 Allreduce potential                   872      4.58139e+00
 XC total density                     1928      4.48485e+00
 XC evaluate xcfun                    9640      2.96194e+01
 XC energy                            1928      1.81487e-04
 XC potential                         1928      1.07323e+00
------------------------------------------------------------
                 Wall time: 1.19101e+02 sec 
============================================================


============================================================
                  Calculating Fock matrix
------------------------------------------------------------
 Kinetic part                         1.014332082800000e+01
 Potential part                       4.160063249100000e+01
------------------------------------------------------------
                 Wall time: 5.17441e+01 sec 
============================================================


============================================================
                          Orbitals
------------------------------------------------------------
 Orb    F(i,i)        Error         nNodes  Spin  Occ  Done 
------------------------------------------------------------
  0  -8.80466e+01   1.35937e-08        680    p    2    1
  1  -9.95696e+00   4.25551e-08          0    p    2    1
  2  -7.67676e+00   5.97401e-08          0    p    2    1
  3  -5.69885e+00   1.94619e-07          0    p    2    1
  4  -5.69566e+00   2.68307e-08        744    p    2    1
  5  -5.68717e+00   8.81923e-09          0    p    2    1
  6  -7.32379e-01   3.30599e-07          0    p    2    1
  7  -5.48974e-01   1.23863e-06          0    p    2    0
  8  -4.21109e-01   9.23886e-08       1192    p    2    1
  9  -3.59725e-01   1.00125e-06          0    p    2    0
 10  -2.98651e-01   6.74060e-07          0    p    2    1
 11  -2.03090e-01   3.93070e-07          0    p    2    1
------------------------------------------------------------
 Total error:                            1.81869e-06    0
============================================================


============================================================
                    Energy                 Update      Done 
------------------------------------------------------------
 Orbital      -2.506518648185285e+02     1.34279e-05    1
 Kinetic       4.365898215774748e+02     7.55560e-06    1
 N-E          -1.127732942034212e+03    -2.02566e-05    1
 Coulomb       2.406238307302520e+02     1.37561e-05    1
 Exchange      0.000000000000000e+00     0.00000e+00    1
 X-C          -3.157345958093005e+01    -1.05676e-06    1
------------------------------------------------------------
 Electronic   -4.820927765520311e+02    -3.45040e-11    1
 Nuclear       4.481025454621185e+01     0.00000e+00    1
------------------------------------------------------------
 Total        -4.372825220058192e+02    -3.45040e-11    1
============================================================


################ Wall time: 6.21035e+02 sec ################




####################### SCF cycle 11 #######################


============================================================
 Current precision                              1.00000e-07
------------------------------------------------------------
 Orbital threshold                              1.00000e-06
 Property threshold                            -1.00000e+00
============================================================


============================================================
                   Calculating SCF energy
------------------------------------------------------------
 Nuclear energy                       4.481025454621185e+01
 Electronic energy                   -4.820927765520395e+02
------------------------------------------------------------
 Total energy                        -4.372825220058276e+02
------------------------------------------------------------
                 Wall time: 4.37509e+01 sec 
============================================================


============================================================
                Rotating Helmholtz argument
------------------------------------------------------------
 Rotating orbitals                              3.75873e+00
------------------------------------------------------------
                 Wall time: 3.75882e+00 sec 
============================================================


============================================================
                Applying Helmholtz operators
------------------------------------------------------------
 Orb    RealNorm   Nodes     ImagNorm   Nodes     Timing
------------------------------------------------------------
  0    1.00000e+00   840    0.00000e+00     0   7.71516e+01
  4    1.00000e+00   744    0.00000e+00     0   7.75655e+01
  8    1.00000e+00  1224    0.00000e+00     0   1.36543e+02
------------------------------------------------------------
                 Wall time: 2.91295e+02 sec 
============================================================


============================================================
                 Lowdin orthonormalization
------------------------------------------------------------
 Computing Lowdin matrix                        1.01263e+02
 Rotating orbitals                              3.08798e+00
------------------------------------------------------------
                 Wall time: 1.04351e+02 sec 
============================================================


============================================================
               Iterative subspace accelerator
------------------------------------------------------------
 Push back orbitals                             1.56639e-01
 Setup linear system                            2.71006e+00
 Solve linear system                            9.38500e-06
 Expand solution                                3.42197e+00
------------------------------------------------------------
                 Wall time: 6.28881e+00 sec 
============================================================


============================================================
                 Lowdin orthonormalization
------------------------------------------------------------
 Computing Lowdin matrix                        1.44204e+00
 Rotating orbitals                              2.76737e+00
------------------------------------------------------------
                 Wall time: 4.20949e+00 sec 
============================================================


============================================================
                  Setting up Fock operator
------------------------------------------------------------
 Precision                                      1.00000e-07
------------------------------------------------------------
 Coulomb density                      1576      2.91700e+00
 Coulomb potential                     744      7.44828e+01
 Allreduce potential                   872      7.76157e+00
 XC total density                     1928      4.45411e+00
 XC evaluate xcfun                    9640      2.89865e+01
 XC energy                            1928      1.78531e-04
 XC potential                         1928      1.07336e+00
------------------------------------------------------------
                 Wall time: 1.20404e+02 sec 
============================================================


============================================================
                  Calculating Fock matrix
------------------------------------------------------------
 Kinetic part                         1.092249880800000e+01
 Potential part                       4.187054929000000e+01
------------------------------------------------------------
                 Wall time: 5.27932e+01 sec 
============================================================


============================================================
                          Orbitals
------------------------------------------------------------
 Orb    F(i,i)        Error         nNodes  Spin  Occ  Done 
------------------------------------------------------------
  0  -8.80466e+01   1.48897e-08        680    p    2    1
  1  -9.95696e+00   4.56612e-08          0    p    2    1
  2  -7.67676e+00   4.29043e-08          0    p    2    1
  3  -5.69885e+00   1.11270e-07          0    p    2    1
  4  -5.69566e+00   1.91115e-08        744    p    2    1
  5  -5.68717e+00   9.13335e-09          0    p    2    1
  6  -7.32379e-01   3.04390e-07          0    p    2    1
  7  -5.48974e-01   7.15177e-07          0    p    2    1
  8  -4.21109e-01   1.19939e-07       1192    p    2    1
  9  -3.59725e-01   6.91500e-07          0    p    2    1
 10  -2.98651e-01   5.23967e-07          0    p    2    1
 11  -2.03090e-01   2.13045e-07          0    p    2    1
------------------------------------------------------------
 Total error:                            1.19733e-06    1
============================================================


============================================================
                    Energy                 Update      Done 
------------------------------------------------------------
 Orbital      -2.506518678737137e+02    -3.05519e-06    1
 Kinetic       4.365898198663455e+02    -1.71113e-06    1
 N-E          -1.127732937437265e+03     4.59695e-06    1
 Coulomb       2.406238275993400e+02    -3.13091e-06    1
 Exchange      0.000000000000000e+00     0.00000e+00    1
 X-C          -3.157345933596320e+01     2.44967e-07    1
------------------------------------------------------------
 Electronic   -4.820927765520395e+02    -8.41283e-12    1
 Nuclear       4.481025454621185e+01     0.00000e+00    1
------------------------------------------------------------
 Total        -4.372825220058276e+02    -8.41283e-12    1
============================================================


################ Wall time: 6.27519e+02 sec ################


============================================================
                      Convergence rate
------------------------------------------------------------
Iter    OrbError       Property                   Update  
------------------------------------------------------------
  1    3.18719e-03    -4.372825083798083e+02   -4.37283e+02
  2    3.56952e-04    -4.372825216040874e+02   -1.32243e-05
  3    1.37150e-04    -4.372825219057011e+02   -3.01614e-07
  4    6.81889e-05    -4.372825219689512e+02   -6.32502e-08
  5    6.66739e-05    -4.372825219942903e+02   -2.53391e-08
  6    2.84170e-05    -4.372825220039234e+02   -9.63308e-09
  7    1.36019e-05    -4.372825220051119e+02   -1.18848e-09
  8    9.18048e-06    -4.372825220055681e+02   -4.56168e-10
  9    3.94233e-06    -4.372825220057847e+02   -2.16630e-10
 10    1.81869e-06    -4.372825220058192e+02   -3.45040e-11
 11    1.19733e-06    -4.372825220058276e+02   -8.41283e-12
------------------------------------------------------------
                      SCF converged!!!                      
============================================================


============================================================
                  Digonalizing Fock matrix
------------------------------------------------------------
 Computing Lowdin matrix                        6.84952e-01
 Diagonalizing matrix                           2.67490e-05
 Rotating orbitals                              3.83836e+00
------------------------------------------------------------
                 Wall time: 4.52342e+00 sec 
============================================================


============================================================
                  Setting up Fock operator
------------------------------------------------------------
 Precision                                      1.00000e-07
------------------------------------------------------------
 Coulomb density                      1640      2.90228e+00
 Coulomb potential                     744      6.46287e+01
 Allreduce potential                   872      6.36483e+00
 XC total density                     2056      4.26792e+00
 XC evaluate xcfun                   10280      3.03301e+01
 XC energy                            2056      1.71036e-04
 XC potential                         2056      8.78366e-01
------------------------------------------------------------
                 Wall time: 1.10058e+02 sec 
============================================================


============================================================
                   Calculating SCF energy
------------------------------------------------------------
------------------------------------------------------------
                 Wall time: 4.16687e+01 sec 
============================================================


============================================================
                 Calculating dipole moment
------------------------------------------------------------
------------------------------------------------------------
                 Wall time: 1.51098e+01 sec 
============================================================


============================================================
                        Fock matrix
------------------------------------------------------------
-8.80466e+01  0.00000e+00  0.00000e+00  0.00000e+00  0.00000e+00  0.00000e+00  0.00000e+00  0.00000e+00  0.00000e+00  0.00000e+00  0.00000e+00  0.00000e+00
 0.00000e+00 -9.95696e+00  0.00000e+00  0.00000e+00  0.00000e+00  0.00000e+00  0.00000e+00  0.00000e+00  0.00000e+00  0.00000e+00  0.00000e+00  0.00000e+00
 0.00000e+00  0.00000e+00 -7.67676e+00  0.00000e+00  0.00000e+00  0.00000e+00  0.00000e+00  0.00000e+00  0.00000e+00  0.00000e+00  0.00000e+00  0.00000e+00
 0.00000e+00  0.00000e+00  0.00000e+00 -5.69885e+00  0.00000e+00  0.00000e+00  0.00000e+00  0.00000e+00  0.00000e+00  0.00000e+00  0.00000e+00  0.00000e+00
 0.00000e+00  0.00000e+00  0.00000e+00  0.00000e+00 -5.69566e+00  0.00000e+00  0.00000e+00  0.00000e+00  0.00000e+00  0.00000e+00  0.00000e+00  0.00000e+00
 0.00000e+00  0.00000e+00  0.00000e+00  0.00000e+00  0.00000e+00 -5.68717e+00  0.00000e+00  0.00000e+00  0.00000e+00  0.00000e+00  0.00000e+00  0.00000e+00
 0.00000e+00  0.00000e+00  0.00000e+00  0.00000e+00  0.00000e+00  0.00000e+00 -7.32379e-01  0.00000e+00  0.00000e+00  0.00000e+00  0.00000e+00  0.00000e+00
 0.00000e+00  0.00000e+00  0.00000e+00  0.00000e+00  0.00000e+00  0.00000e+00  0.00000e+00 -5.48974e-01  0.00000e+00  0.00000e+00  0.00000e+00  0.00000e+00
 0.00000e+00  0.00000e+00  0.00000e+00  0.00000e+00  0.00000e+00  0.00000e+00  0.00000e+00  0.00000e+00 -4.21109e-01  0.00000e+00  0.00000e+00  0.00000e+00
 0.00000e+00  0.00000e+00  0.00000e+00  0.00000e+00  0.00000e+00  0.00000e+00  0.00000e+00  0.00000e+00  0.00000e+00 -3.59725e-01  0.00000e+00  0.00000e+00
 0.00000e+00  0.00000e+00  0.00000e+00  0.00000e+00  0.00000e+00  0.00000e+00  0.00000e+00  0.00000e+00  0.00000e+00  0.00000e+00 -2.98651e-01  0.00000e+00
 0.00000e+00  0.00000e+00  0.00000e+00  0.00000e+00  0.00000e+00  0.00000e+00  0.00000e+00  0.00000e+00  0.00000e+00  0.00000e+00  0.00000e+00 -2.03090e-01
============================================================


============================================================
                      Orbital energies
------------------------------------------------------------
    n  spin  occ                            epsilon  
------------------------------------------------------------
    0    p    2                      -8.804660678680875e+01
    1    p    2                      -9.956958209715930e+00
    2    p    2                      -7.676759249293182e+00
    3    p    2                      -5.698845938814197e+00
    4    p    2                      -5.695659945222295e+00
    5    p    2                      -5.687174733172461e+00
    6    p    2                      -7.323789217458910e-01
    7    p    2                      -5.489740135251242e-01
    8    p    2                      -4.211087825260924e-01
    9    p    2                      -3.597253747373422e-01
   10    p    2                      -2.986508127102636e-01
   11    p    2                      -2.030903827597571e-01
============================================================


============================================================
                          Molecule
------------------------------------------------------------
 Nr  Element             x             y             z      
------------------------------------------------------------
  1     S           0.00000e+00   0.00000e+00   1.10473e+00
  2     C           0.00000e+00   0.00000e+00  -1.93924e+00
  3     H           0.00000e+00   1.74686e+00  -3.01978e+00
  4     H           0.00000e+00  -1.74686e+00  -3.01978e+00
------------------------------------------------------------
 Center of mass:    0.00000e+00   0.00000e+00   1.31142e-01
============================================================


                                                            
============================================================
                         SCF Energy                         
------------------------------------------------------------
                                                            
 Sum orbital energy:                 -2.506518663020625e+02
 Kinetic energy:                      4.365898207406364e+02
 E-N energy:                         -1.127732939795541e+03
 Coulomb energy:                      2.406238292091526e+02
 Exchange energy:                     0.000000000000000e+00
 X-C energy:                         -3.157345945770129e+01
 El. external field energy:          -2.724502683144620e-05
 Nuc. external field energy:         -1.585326291798233e-14
                                                            
------------------------------------------------------------
                                                            
 Electronic energy:                  -4.820927765484805e+02
 Nuclear energy:                      4.481025454621185e+01
                                                            
------------------------------------------------------------
                                                            
 Total energy       (au)             -4.372825220022686e+02
                    (kJ/mol)         -1.148085095349598e+06
                    (kcal/mol)       -2.743989231846244e+05
                    (eV)             -1.189906308183883e+04
                                                            
============================================================
                                                            

                                                            
============================================================
                         Dipole moment                      
------------------------------------------------------------
                                                            
 Length of vector:   (au)                  6.5826454463e-01
                     (Debye)               1.6731414253e+00
                                                            
-------------------------- Total ---------------------------
                                                            
 [-2.7245026847e-02, -2.2745563985e-09, -6.5770047835e-01] 
                                                            
------------------------- Nuclear --------------------------
                                                            
 [-1.5853262918e-11, -1.4093837208e-11, -3.1466470376e+00] 
                                                            
------------------------ Electronic ------------------------
                                                            
 [-2.7245026831e-02, -2.2604625613e-09,  2.4889465593e+00] 
                                                            
============================================================
                                                            



************************************************************
***                                                      ***
***                    Exiting MRChem                    ***
***                                                      ***
***               Wall time: 6.750353e+03                ***
***                                                      ***
************************************************************


