


************************************************************
***     __  __ ____   ____ _                             ***
***    |  \/  |  _ \ / ___| |__   ___ _ __ ___           ***
***    | |\/| | |_) | |   | '_ \ / _ \ '_ ` _ \          ***
***    | |  | |  _ <| |___| | | |  __/ | | | | |         ***
***    |_|  |_|_| \_\\____|_| |_|\___|_| |_| |_|         ***
***                                                      ***
***    VERSION 0.0.1 (rev. 1c6f79f)                     ***
***                                                      ***
***    Stig Rune Jensen <stig.r.jensen@uit.no>           ***
***    Luca Frediani    <luca.frediani@uit.no>           ***
***    Peter Wind       <peter.wind@uit.no>              ***
***                                                      ***
************************************************************


+++ Parallel execution: 
  MPI hosts available     : 4
  Threads/host            : 2
  Total used CPUs         : 8


------------------------------------------------------------

 MRCPP version   : X.Y.Z
 Git revision    : bbc2aed

 Linear algebra  : EIGEN
 Parallelization : MPI/OpenMP

------------------------------------------------------------




============================================================
                  MultiResolution Analysis                  
------------------------------------------------------------
 polynomial order = 11
 polynomial type  = Interpolating
------------------------------------------------------------
 total boxes      = 8
 boxes            = [           2           2           2 ]
 unit lengths     = [    32.00000    32.00000    32.00000 ]
 scaling factor   = [     1.00000     1.00000     1.00000 ]
 lower bounds     = [   -32.00000   -32.00000   -32.00000 ]
 upper bounds     = [    32.00000    32.00000    32.00000 ]
 total length     = [    64.00000    64.00000    64.00000 ]
============================================================


============================================================
                          Molecule
------------------------------------------------------------
 Nr  Element             x             y             z      
------------------------------------------------------------
  1     Cl          0.00000e+00   0.00000e+00   0.00000e+00
  2     H           0.00000e+00   0.00000e+00   2.40864e+00
------------------------------------------------------------
 Center of mass:    0.00000e+00   0.00000e+00   6.65860e-02
============================================================


============================================================
                Setting up nuclear potential
------------------------------------------------------------
 Nr  Element         Charge        Precision     Smoothing 
------------------------------------------------------------
  1     Cl          1.70000e+01   1.00000e-07   6.74137e-06
  2     H           1.00000e+00   1.00000e-07   7.57698e-04
------------------------------------------------------------
 Nuclear potential                    1480      1.41438e+00
 Allreduce potential                  2056      7.37605e-01
------------------------------------------------------------
                 Wall time: 2.15211e+00 sec 
============================================================


============================================================
 OrbitalVector:   9 orbitals     9 occupied    18 electrons
------------------------------------------------------------
   n  RankID           Norm          Spin Occ      Error    
------------------------------------------------------------
   0     0       1.000000000000e+00    p   2    1.00000e+00
   1     1      -1.000000000000e+00    p   2    1.00000e+00
   2     2      -1.000000000000e+00    p   2    1.00000e+00
   3     3      -1.000000000000e+00    p   2    1.00000e+00
   4     0       1.000000000000e+00    p   2    1.00000e+00
   5     1      -1.000000000000e+00    p   2    1.00000e+00
   6     2      -1.000000000000e+00    p   2    1.00000e+00
   7     3      -1.000000000000e+00    p   2    1.00000e+00
   8     0       1.000000000000e+00    p   2    1.00000e+00
============================================================


============================================================
                  Setting up Fock operator
------------------------------------------------------------
 Precision                                      1.00000e-07
------------------------------------------------------------
 Coulomb density                       904      2.26896e+00
 Coulomb potential                     584      6.50677e+01
 Allreduce potential                   648      2.03920e-01
 XC total density                     1096      2.70135e+00
 XC evaluate xcfun                    5480      1.79199e+01
 XC energy                            1096      1.65657e-04
 XC potential                         1096      6.17496e-01
------------------------------------------------------------
                 Wall time: 8.92257e+01 sec 
============================================================


============================================================
                  Calculating Fock matrix
------------------------------------------------------------
 Kinetic part                         7.487057935000000e+00
 Potential part                       2.670884430900000e+01
------------------------------------------------------------
                 Wall time: 3.41960e+01 sec 
============================================================




####################### SCF cycle  1 #######################


============================================================
 Current precision                              1.00000e-07
------------------------------------------------------------
 Orbital threshold                              1.00000e-06
 Property threshold                            -1.00000e+00
============================================================


============================================================
                  Digonalizing Fock matrix
------------------------------------------------------------
 Computing Lowdin matrix                        5.27354e-01
 Diagonalizing matrix                           2.06720e-05
 Rotating orbitals                              1.78838e+00
------------------------------------------------------------
                 Wall time: 2.31584e+00 sec 
============================================================


============================================================
                   Calculating SCF energy
------------------------------------------------------------
 Nuclear energy                       7.057910898257112e+00
 Electronic energy                   -4.677022746957336e+02
------------------------------------------------------------
 Total energy                        -4.606443637974766e+02
------------------------------------------------------------
                 Wall time: 2.26498e+01 sec 
============================================================


============================================================
                Rotating Helmholtz argument
------------------------------------------------------------
 Rotating orbitals                              6.23705e-01
------------------------------------------------------------
                 Wall time: 6.23794e-01 sec 
============================================================


============================================================
                Applying Helmholtz operators
------------------------------------------------------------
 Orb    RealNorm   Nodes     ImagNorm   Nodes     Timing
------------------------------------------------------------
  0    1.00000e+00   840    0.00000e+00     0   9.45635e+01
  4    1.00000e+00   584    0.00000e+00     0   6.79402e+01
  8    1.00000e+00   648    0.00000e+00     0   8.06185e+01
------------------------------------------------------------
                 Wall time: 2.43127e+02 sec 
============================================================


============================================================
                 Lowdin orthonormalization
------------------------------------------------------------
 Computing Lowdin matrix                        3.88462e-01
 Rotating orbitals                              1.80233e+00
------------------------------------------------------------
                 Wall time: 2.19088e+00 sec 
============================================================


============================================================
               Iterative subspace accelerator
------------------------------------------------------------
 Push back orbitals                             3.37650e-05
 Copy orbitals                                  1.13556e-01
 Copy orbital updates                           1.11235e-01
------------------------------------------------------------
                 Wall time: 2.24940e-01 sec 
============================================================


============================================================
                 Lowdin orthonormalization
------------------------------------------------------------
 Computing Lowdin matrix                        4.24483e-01
 Rotating orbitals                              8.72198e-01
------------------------------------------------------------
                 Wall time: 1.29677e+00 sec 
============================================================


============================================================
                  Setting up Fock operator
------------------------------------------------------------
 Precision                                      1.00000e-07
------------------------------------------------------------
 Coulomb density                       904      2.02218e+00
 Coulomb potential                     584      6.69156e+01
 Allreduce potential                   648      2.04098e-01
 XC total density                     1096      2.37080e+00
 XC evaluate xcfun                    5480      1.80879e+01
 XC energy                            1096      1.61365e-04
 XC potential                         1096      6.22132e-01
------------------------------------------------------------
                 Wall time: 9.06353e+01 sec 
============================================================


============================================================
                  Calculating Fock matrix
------------------------------------------------------------
 Kinetic part                         6.159175614000000e+00
 Potential part                       2.258027999700000e+01
------------------------------------------------------------
                 Wall time: 2.87396e+01 sec 
============================================================


============================================================
                          Orbitals
------------------------------------------------------------
 Orb    F(i,i)        Error         nNodes  Spin  Occ  Done 
------------------------------------------------------------
  0  -1.00670e+02   1.52985e-06        904    p    2    0
  1  -9.18642e+00   9.53543e-06          0    p    2    0
  2  -7.00921e+00   1.34452e-05          0    p    2    0
  3  -6.99946e+00   1.21538e-05          0    p    2    0
  4  -6.99946e+00   1.58901e-05        584    p    2    0
  5  -7.75750e-01   2.83565e-04          0    p    2    0
  6  -4.33041e-01   8.14171e-04          0    p    2    0
  7  -2.95595e-01   1.17390e-03          0    p    2    0
  8  -2.95596e-01   2.06745e-03        648    p    2    0
------------------------------------------------------------
 Total error:                            2.52910e-03    0
============================================================


============================================================
                    Energy                 Update      Done 
------------------------------------------------------------
 Orbital      -2.653288759454329e+02    -2.65329e+02    1
 Kinetic       4.600726036304675e+02     4.60073e+02    1
 N-E          -1.110067311310933e+03    -1.11007e+03    1
 Coulomb       2.106926310252151e+02     2.10693e+02    1
 Exchange      0.000000000000000e+00     0.00000e+00    1
 X-C          -2.840019804043525e+01    -2.84002e+01    1
------------------------------------------------------------
 Electronic   -4.677022746957336e+02    -4.67702e+02    1
 Nuclear       7.057910898257112e+00     7.05791e+00    1
------------------------------------------------------------
 Total        -4.606443637974766e+02    -4.60644e+02    1
============================================================


################ Wall time: 3.92071e+02 sec ################




####################### SCF cycle  2 #######################


============================================================
 Current precision                              1.00000e-07
------------------------------------------------------------
 Orbital threshold                              1.00000e-06
 Property threshold                            -1.00000e+00
============================================================


============================================================
                  Digonalizing Fock matrix
------------------------------------------------------------
 Computing Lowdin matrix                        4.31534e-01
 Diagonalizing matrix                           1.81370e-05
 Rotating orbitals                              1.62298e+00
------------------------------------------------------------
                 Wall time: 2.05462e+00 sec 
============================================================


============================================================
                   Calculating SCF energy
------------------------------------------------------------
 Nuclear energy                       7.057910898257112e+00
 Electronic energy                   -4.677022833979042e+02
------------------------------------------------------------
 Total energy                        -4.606443724996471e+02
------------------------------------------------------------
                 Wall time: 2.26118e+01 sec 
============================================================


============================================================
                Rotating Helmholtz argument
------------------------------------------------------------
 Rotating orbitals                              6.23402e-01
------------------------------------------------------------
                 Wall time: 6.23482e-01 sec 
============================================================


============================================================
                Applying Helmholtz operators
------------------------------------------------------------
 Orb    RealNorm   Nodes     ImagNorm   Nodes     Timing
------------------------------------------------------------
  0    1.00000e+00   840    0.00000e+00     0   9.64416e+01
  4    1.00000e+00   584    0.00000e+00     0   6.74995e+01
  8    1.00000e+00   648    0.00000e+00     0   7.91728e+01
------------------------------------------------------------
                 Wall time: 2.43133e+02 sec 
============================================================


============================================================
                 Lowdin orthonormalization
------------------------------------------------------------
 Computing Lowdin matrix                        3.82557e-01
 Rotating orbitals                              1.53902e+00
------------------------------------------------------------
                 Wall time: 1.92167e+00 sec 
============================================================


============================================================
               Iterative subspace accelerator
------------------------------------------------------------
 Push back orbitals                             3.22160e-05
 Copy orbitals                                  1.10948e-01
 Copy orbital updates                           1.11035e-01
------------------------------------------------------------
                 Wall time: 2.22131e-01 sec 
============================================================


============================================================
                 Lowdin orthonormalization
------------------------------------------------------------
 Computing Lowdin matrix                        4.24645e-01
 Rotating orbitals                              7.94295e-01
------------------------------------------------------------
                 Wall time: 1.21903e+00 sec 
============================================================


============================================================
                  Setting up Fock operator
------------------------------------------------------------
 Precision                                      1.00000e-07
------------------------------------------------------------
 Coulomb density                       904      1.98959e+00
 Coulomb potential                     584      6.57993e+01
 Allreduce potential                   648      2.03942e-01
 XC total density                     1096      2.36949e+00
 XC evaluate xcfun                    5480      1.79118e+01
 XC energy                            1096      1.61739e-04
 XC potential                         1096      6.24617e-01
------------------------------------------------------------
                 Wall time: 8.93077e+01 sec 
============================================================


============================================================
                  Calculating Fock matrix
------------------------------------------------------------
 Kinetic part                         6.187507341000000e+00
 Potential part                       2.209557526300000e+01
------------------------------------------------------------
                 Wall time: 2.82832e+01 sec 
============================================================


============================================================
                          Orbitals
------------------------------------------------------------
 Orb    F(i,i)        Error         nNodes  Spin  Occ  Done 
------------------------------------------------------------
  0  -1.00670e+02   3.20314e-07        904    p    2    1
  1  -9.18643e+00   3.22287e-06          0    p    2    0
  2  -7.00921e+00   4.27821e-06          0    p    2    0
  3  -6.99946e+00   7.10395e-06          0    p    2    0
  4  -6.99946e+00   4.24386e-06        584    p    2    0
  5  -7.75754e-01   1.24828e-04          0    p    2    0
  6  -4.33044e-01   6.20884e-05          0    p    2    0
  7  -2.95600e-01   3.22670e-04          0    p    2    0
  8  -2.95599e-01   9.51502e-05        648    p    2    0
------------------------------------------------------------
 Total error:                            3.64286e-04    0
============================================================


============================================================
                    Energy                 Update      Done 
------------------------------------------------------------
 Orbital      -2.653289339179954e+02    -5.79726e-05    1
 Kinetic       4.600725940849121e+02    -9.54556e-06    1
 N-E          -1.110067247348355e+03     6.39626e-05    1
 Coulomb       2.106925809111561e+02    -5.01141e-05    1
 Exchange      0.000000000000000e+00     0.00000e+00    1
 X-C          -2.840019526873497e+01     2.77170e-06    1
------------------------------------------------------------
 Electronic   -4.677022833979042e+02    -8.70217e-06    1
 Nuclear       7.057910898257112e+00     0.00000e+00    1
------------------------------------------------------------
 Total        -4.606443724996471e+02    -8.70217e-06    1
============================================================


################ Wall time: 3.89669e+02 sec ################




####################### SCF cycle  3 #######################


============================================================
 Current precision                              1.00000e-07
------------------------------------------------------------
 Orbital threshold                              1.00000e-06
 Property threshold                            -1.00000e+00
============================================================


============================================================
                   Calculating SCF energy
------------------------------------------------------------
 Nuclear energy                       7.057910898257112e+00
 Electronic energy                   -4.677022836372253e+02
------------------------------------------------------------
 Total energy                        -4.606443727389682e+02
------------------------------------------------------------
                 Wall time: 2.32565e+01 sec 
============================================================


============================================================
                Rotating Helmholtz argument
------------------------------------------------------------
 Rotating orbitals                              2.00008e+00
------------------------------------------------------------
                 Wall time: 2.00018e+00 sec 
============================================================


============================================================
                Applying Helmholtz operators
------------------------------------------------------------
 Orb    RealNorm   Nodes     ImagNorm   Nodes     Timing
------------------------------------------------------------
  0    1.00000e+00   840    0.00000e+00     0   9.82521e+01
  4    1.00000e+00   584    0.00000e+00     0   6.79542e+01
  8    9.99999e-01   648    0.00000e+00     0   7.91148e+01
------------------------------------------------------------
                 Wall time: 2.45341e+02 sec 
============================================================


============================================================
                 Lowdin orthonormalization
------------------------------------------------------------
 Computing Lowdin matrix                        3.88320e-01
 Rotating orbitals                              1.55141e+00
------------------------------------------------------------
                 Wall time: 1.93982e+00 sec 
============================================================


============================================================
               Iterative subspace accelerator
------------------------------------------------------------
 Push back orbitals                             3.33290e-05
 Setup linear system                            3.04598e-01
 Solve linear system                            1.23500e-05
 Expand solution                                1.43665e+00
------------------------------------------------------------
                 Wall time: 1.74143e+00 sec 
============================================================


============================================================
                 Lowdin orthonormalization
------------------------------------------------------------
 Computing Lowdin matrix                        9.36354e-01
 Rotating orbitals                              1.85113e+00
------------------------------------------------------------
                 Wall time: 2.78755e+00 sec 
============================================================


============================================================
                  Setting up Fock operator
------------------------------------------------------------
 Precision                                      1.00000e-07
------------------------------------------------------------
 Coulomb density                       904      2.03761e+00
 Coulomb potential                     584      6.68726e+01
 Allreduce potential                   648      2.05147e-01
 XC total density                     1096      2.42100e+00
 XC evaluate xcfun                    5480      1.81266e+01
 XC energy                            1096      1.64485e-04
 XC potential                         1096      6.13334e-01
------------------------------------------------------------
                 Wall time: 9.06968e+01 sec 
============================================================


============================================================
                  Calculating Fock matrix
------------------------------------------------------------
 Kinetic part                         6.202373860000000e+00
 Potential part                       2.261554197100000e+01
------------------------------------------------------------
                 Wall time: 2.88180e+01 sec 
============================================================


============================================================
                          Orbitals
------------------------------------------------------------
 Orb    F(i,i)        Error         nNodes  Spin  Occ  Done 
------------------------------------------------------------
  0  -1.00670e+02   1.73673e-07        904    p    2    1
  1  -9.18643e+00   1.34340e-06          0    p    2    0
  2  -7.00921e+00   1.41844e-06          0    p    2    0
  3  -6.99946e+00   2.86370e-06          0    p    2    0
  4  -6.99946e+00   1.34211e-06        584    p    2    0
  5  -7.75753e-01   3.86838e-05          0    p    2    0
  6  -4.33044e-01   2.13486e-05          0    p    2    0
  7  -2.95599e-01   1.04088e-04          0    p    2    0
  8  -2.95598e-01   3.17404e-05        648    p    2    0
------------------------------------------------------------
 Total error:                            1.17507e-04    0
============================================================


============================================================
                    Energy                 Update      Done 
------------------------------------------------------------
 Orbital      -2.653290288283164e+02    -9.49103e-05    1
 Kinetic       4.600725632678449e+02    -3.08171e-05    1
 N-E          -1.110067125108704e+03     1.22240e-04    1
 Coulomb       2.106924840917025e+02    -9.68195e-05    1
 Exchange      0.000000000000000e+00     0.00000e+00    1
 X-C          -2.840018848583824e+01     6.78290e-06    1
------------------------------------------------------------
 Electronic   -4.677022836372253e+02    -2.39321e-07    1
 Nuclear       7.057910898257112e+00     0.00000e+00    1
------------------------------------------------------------
 Total        -4.606443727389682e+02    -2.39321e-07    1
============================================================


################ Wall time: 3.97181e+02 sec ################




####################### SCF cycle  4 #######################


============================================================
 Current precision                              1.00000e-07
------------------------------------------------------------
 Orbital threshold                              1.00000e-06
 Property threshold                            -1.00000e+00
============================================================


============================================================
                   Calculating SCF energy
------------------------------------------------------------
 Nuclear energy                       7.057910898257112e+00
 Electronic energy                   -4.677022836843652e+02
------------------------------------------------------------
 Total energy                        -4.606443727861081e+02
------------------------------------------------------------
                 Wall time: 2.40065e+01 sec 
============================================================


============================================================
                Rotating Helmholtz argument
------------------------------------------------------------
 Rotating orbitals                              2.01819e+00
------------------------------------------------------------
                 Wall time: 2.01829e+00 sec 
============================================================


============================================================
                Applying Helmholtz operators
------------------------------------------------------------
 Orb    RealNorm   Nodes     ImagNorm   Nodes     Timing
------------------------------------------------------------
  0    1.00000e+00   840    0.00000e+00     0   1.00456e+02
  4    1.00000e+00   584    0.00000e+00     0   7.00408e+01
  8    1.00000e+00   648    0.00000e+00     0   7.99714e+01
------------------------------------------------------------
                 Wall time: 2.50477e+02 sec 
============================================================


============================================================
                 Lowdin orthonormalization
------------------------------------------------------------
 Computing Lowdin matrix                        3.87512e-01
 Rotating orbitals                              1.54591e+00
------------------------------------------------------------
                 Wall time: 1.93351e+00 sec 
============================================================


============================================================
               Iterative subspace accelerator
------------------------------------------------------------
 Push back orbitals                             2.66036e-02
 Setup linear system                            9.14133e-01
 Solve linear system                            1.61500e-05
 Expand solution                                2.33378e+00
------------------------------------------------------------
                 Wall time: 3.27469e+00 sec 
============================================================


============================================================
                 Lowdin orthonormalization
------------------------------------------------------------
 Computing Lowdin matrix                        1.09694e+00
 Rotating orbitals                              1.98341e+00
------------------------------------------------------------
                 Wall time: 3.08044e+00 sec 
============================================================


============================================================
                  Setting up Fock operator
------------------------------------------------------------
 Precision                                      1.00000e-07
------------------------------------------------------------
 Coulomb density                       904      2.04761e+00
 Coulomb potential                     584      6.91862e+01
 Allreduce potential                   648      2.09560e-01
 XC total density                     1096      2.50170e+00
 XC evaluate xcfun                    5480      1.79927e+01
 XC energy                            1096      1.56725e-04
 XC potential                         1096      6.22597e-01
------------------------------------------------------------
                 Wall time: 9.29926e+01 sec 
============================================================


============================================================
                  Calculating Fock matrix
------------------------------------------------------------
 Kinetic part                         6.315467699000000e+00
 Potential part                       2.294138089500000e+01
------------------------------------------------------------
                 Wall time: 2.92570e+01 sec 
============================================================


============================================================
                          Orbitals
------------------------------------------------------------
 Orb    F(i,i)        Error         nNodes  Spin  Occ  Done 
------------------------------------------------------------
  0  -1.00670e+02   1.14904e-07        904    p    2    1
  1  -9.18643e+00   9.45596e-07          0    p    2    1
  2  -7.00921e+00   5.66034e-07          0    p    2    1
  3  -6.99946e+00   1.59573e-06          0    p    2    0
  4  -6.99946e+00   5.90222e-07        584    p    2    1
  5  -7.75754e-01   1.12505e-05          0    p    2    0
  6  -4.33045e-01   1.74760e-05          0    p    2    0
  7  -2.95600e-01   4.19421e-05          0    p    2    0
  8  -2.95599e-01   2.70858e-05        648    p    2    0
------------------------------------------------------------
 Total error:                            5.41192e-05    0
============================================================


============================================================
                    Energy                 Update      Done 
------------------------------------------------------------
 Orbital      -2.653290002428354e+02     2.85855e-05    1
 Kinetic       4.600725931070533e+02     2.98392e-05    1
 N-E          -1.110067181682819e+03    -5.65741e-05    1
 Coulomb       2.106925133904925e+02     2.92988e-05    1
 Exchange      0.000000000000000e+00     0.00000e+00    1
 X-C          -2.840019062183749e+01    -2.13600e-06    1
------------------------------------------------------------
 Electronic   -4.677022836843652e+02    -4.71398e-08    1
 Nuclear       7.057910898257112e+00     0.00000e+00    1
------------------------------------------------------------
 Total        -4.606443727861081e+02    -4.71398e-08    1
============================================================


################ Wall time: 4.07689e+02 sec ################




####################### SCF cycle  5 #######################


============================================================
 Current precision                              1.00000e-07
------------------------------------------------------------
 Orbital threshold                              1.00000e-06
 Property threshold                            -1.00000e+00
============================================================


============================================================
                   Calculating SCF energy
------------------------------------------------------------
 Nuclear energy                       7.057910898257112e+00
 Electronic energy                   -4.677022837043039e+02
------------------------------------------------------------
 Total energy                        -4.606443728060468e+02
------------------------------------------------------------
                 Wall time: 2.47916e+01 sec 
============================================================


============================================================
                Rotating Helmholtz argument
------------------------------------------------------------
 Rotating orbitals                              2.03159e+00
------------------------------------------------------------
                 Wall time: 2.03168e+00 sec 
============================================================


============================================================
                Applying Helmholtz operators
------------------------------------------------------------
 Orb    RealNorm   Nodes     ImagNorm   Nodes     Timing
------------------------------------------------------------
  0    1.00000e+00   840    0.00000e+00     0   1.06302e+02
  4    1.00000e+00   584    0.00000e+00     0   7.23823e+01
  8    1.00000e+00   648    0.00000e+00     0   8.18231e+01
------------------------------------------------------------
                 Wall time: 2.60529e+02 sec 
============================================================


============================================================
                 Lowdin orthonormalization
------------------------------------------------------------
 Computing Lowdin matrix                        3.77872e-01
 Rotating orbitals                              1.55490e+00
------------------------------------------------------------
                 Wall time: 1.93312e+00 sec 
============================================================


============================================================
               Iterative subspace accelerator
------------------------------------------------------------
 Push back orbitals                             2.63435e-02
 Setup linear system                            1.86681e+00
 Solve linear system                            1.02260e-05
 Expand solution                                3.28410e+00
------------------------------------------------------------
                 Wall time: 5.17743e+00 sec 
============================================================


============================================================
                 Lowdin orthonormalization
------------------------------------------------------------
 Computing Lowdin matrix                        1.25808e+00
 Rotating orbitals                              2.08473e+00
------------------------------------------------------------
                 Wall time: 3.34288e+00 sec 
============================================================


============================================================
                  Setting up Fock operator
------------------------------------------------------------
 Precision                                      1.00000e-07
------------------------------------------------------------
 Coulomb density                       904      2.06606e+00
 Coulomb potential                     584      7.05435e+01
 Allreduce potential                   648      2.11065e-01
 XC total density                     1096      2.46960e+00
 XC evaluate xcfun                    5480      1.83967e+01
 XC energy                            1096      1.73735e-04
 XC potential                         1096      6.34456e-01
------------------------------------------------------------
                 Wall time: 9.47462e+01 sec 
============================================================


============================================================
                  Calculating Fock matrix
------------------------------------------------------------
 Kinetic part                         6.412223872000000e+00
 Potential part                       2.383106650400000e+01
------------------------------------------------------------
                 Wall time: 3.02434e+01 sec 
============================================================


============================================================
                          Orbitals
------------------------------------------------------------
 Orb    F(i,i)        Error         nNodes  Spin  Occ  Done 
------------------------------------------------------------
  0  -1.00670e+02   3.90700e-08        904    p    2    1
  1  -9.18643e+00   3.63842e-07          0    p    2    1
  2  -7.00921e+00   5.59702e-07          0    p    2    1
  3  -6.99946e+00   8.01017e-07          0    p    2    1
  4  -6.99946e+00   5.32110e-07        584    p    2    1
  5  -7.75753e-01   3.46113e-06          0    p    2    0
  6  -4.33044e-01   7.28147e-06          0    p    2    0
  7  -2.95599e-01   1.80265e-05          0    p    2    0
  8  -2.95598e-01   1.33047e-05        648    p    2    0
------------------------------------------------------------
 Total error:                            2.38399e-05    0
============================================================


============================================================
                    Energy                 Update      Done 
------------------------------------------------------------
 Orbital      -2.653290261674770e+02    -2.59246e-05    1
 Kinetic       4.600725757542087e+02    -1.73528e-05    1
 N-E          -1.110067139814411e+03     4.18684e-05    1
 Coulomb       2.106924868292885e+02    -2.65612e-05    1
 Exchange      0.000000000000000e+00     0.00000e+00    1
 X-C          -2.840018849758298e+01     2.12425e-06    1
------------------------------------------------------------
 Electronic   -4.677022837043039e+02    -1.99387e-08    1
 Nuclear       7.057910898257112e+00     0.00000e+00    1
------------------------------------------------------------
 Total        -4.606443728060468e+02    -1.99387e-08    1
============================================================


################ Wall time: 4.23421e+02 sec ################




####################### SCF cycle  6 #######################


============================================================
 Current precision                              1.00000e-07
------------------------------------------------------------
 Orbital threshold                              1.00000e-06
 Property threshold                            -1.00000e+00
============================================================


============================================================
                   Calculating SCF energy
------------------------------------------------------------
 Nuclear energy                       7.057910898257112e+00
 Electronic energy                   -4.677022837082040e+02
------------------------------------------------------------
 Total energy                        -4.606443728099470e+02
------------------------------------------------------------
                 Wall time: 2.54237e+01 sec 
============================================================


============================================================
                Rotating Helmholtz argument
------------------------------------------------------------
 Rotating orbitals                              2.11198e+00
------------------------------------------------------------
                 Wall time: 2.11208e+00 sec 
============================================================


============================================================
                Applying Helmholtz operators
------------------------------------------------------------
 Orb    RealNorm   Nodes     ImagNorm   Nodes     Timing
------------------------------------------------------------
  0    1.00000e+00   840    0.00000e+00     0   1.06814e+02
  4    1.00000e+00   584    0.00000e+00     0   7.38274e+01
  8    1.00000e+00   648    0.00000e+00     0   8.62884e+01
------------------------------------------------------------
                 Wall time: 2.66957e+02 sec 
============================================================


============================================================
                 Lowdin orthonormalization
------------------------------------------------------------
 Computing Lowdin matrix                        3.86053e-01
 Rotating orbitals                              1.59191e+00
------------------------------------------------------------
                 Wall time: 1.97805e+00 sec 
============================================================


============================================================
               Iterative subspace accelerator
------------------------------------------------------------
 Push back orbitals                             3.20082e-02
 Setup linear system                            1.94412e+00
 Solve linear system                            1.02980e-05
 Expand solution                                3.63002e+00
------------------------------------------------------------
                 Wall time: 5.60629e+00 sec 
============================================================


============================================================
                 Lowdin orthonormalization
------------------------------------------------------------
 Computing Lowdin matrix                        1.22409e+00
 Rotating orbitals                              1.89050e+00
------------------------------------------------------------
                 Wall time: 3.11467e+00 sec 
============================================================


============================================================
                  Setting up Fock operator
------------------------------------------------------------
 Precision                                      1.00000e-07
------------------------------------------------------------
 Coulomb density                       904      2.29271e+00
 Coulomb potential                     584      7.32426e+01
 Allreduce potential                   648      2.11978e-01
 XC total density                     1096      2.58683e+00
 XC evaluate xcfun                    5480      1.82421e+01
 XC energy                            1096      1.72103e-04
 XC potential                         1096      5.81320e-01
------------------------------------------------------------
                 Wall time: 9.75912e+01 sec 
============================================================


============================================================
                  Calculating Fock matrix
------------------------------------------------------------
 Kinetic part                         6.337971399000000e+00
 Potential part                       2.402369194700000e+01
------------------------------------------------------------
                 Wall time: 3.03618e+01 sec 
============================================================


============================================================
                          Orbitals
------------------------------------------------------------
 Orb    F(i,i)        Error         nNodes  Spin  Occ  Done 
------------------------------------------------------------
  0  -1.00670e+02   1.51384e-08        904    p    2    1
  1  -9.18643e+00   9.85132e-08          0    p    2    1
  2  -7.00921e+00   2.01508e-07          0    p    2    1
  3  -6.99946e+00   1.64762e-07          0    p    2    1
  4  -6.99946e+00   1.33184e-07        584    p    2    1
  5  -7.75754e-01   4.72323e-07          0    p    2    1
  6  -4.33044e-01   1.11828e-06          0    p    2    0
  7  -2.95600e-01   3.49943e-06          0    p    2    0
  8  -2.95599e-01   2.62971e-06        648    p    2    0
------------------------------------------------------------
 Total error:                            4.55307e-06    0
============================================================


============================================================
                    Energy                 Update      Done 
------------------------------------------------------------
 Orbital      -2.653289880812899e+02     3.80862e-05    1
 Kinetic       4.600726008023906e+02     2.50482e-05    1
 N-E          -1.110067200954028e+03    -6.11396e-05    1
 Coulomb       2.106925258211769e+02     3.89919e-05    1
 Exchange      0.000000000000000e+00     0.00000e+00    1
 X-C          -2.840019136114249e+01    -2.86356e-06    1
------------------------------------------------------------
 Electronic   -4.677022837082040e+02    -3.90014e-09    1
 Nuclear       7.057910898257112e+00     0.00000e+00    1
------------------------------------------------------------
 Total        -4.606443728099470e+02    -3.90014e-09    1
============================================================


################ Wall time: 4.33833e+02 sec ################




####################### SCF cycle  7 #######################


============================================================
 Current precision                              1.00000e-07
------------------------------------------------------------
 Orbital threshold                              1.00000e-06
 Property threshold                            -1.00000e+00
============================================================


============================================================
                   Calculating SCF energy
------------------------------------------------------------
 Nuclear energy                       7.057910898257112e+00
 Electronic energy                   -4.677022837084213e+02
------------------------------------------------------------
 Total energy                        -4.606443728101642e+02
------------------------------------------------------------
                 Wall time: 2.61461e+01 sec 
============================================================


============================================================
                Rotating Helmholtz argument
------------------------------------------------------------
 Rotating orbitals                              2.06870e+00
------------------------------------------------------------
                 Wall time: 2.06879e+00 sec 
============================================================


============================================================
                Applying Helmholtz operators
------------------------------------------------------------
 Orb    RealNorm   Nodes     ImagNorm   Nodes     Timing
------------------------------------------------------------
  0    1.00000e+00   840    0.00000e+00     0   1.13181e+02
  4    1.00000e+00   584    0.00000e+00     0   7.79341e+01
  8    1.00000e+00   648    0.00000e+00     0   8.70001e+01
------------------------------------------------------------
                 Wall time: 2.78126e+02 sec 
============================================================


============================================================
                 Lowdin orthonormalization
------------------------------------------------------------
 Computing Lowdin matrix                        3.85647e-01
 Rotating orbitals                              1.59969e+00
------------------------------------------------------------
                 Wall time: 1.98542e+00 sec 
============================================================


============================================================
               Iterative subspace accelerator
------------------------------------------------------------
 Push back orbitals                             3.49836e-02
 Setup linear system                            1.91469e+00
 Solve linear system                            1.02380e-05
 Expand solution                                3.43199e+00
------------------------------------------------------------
                 Wall time: 5.38184e+00 sec 
============================================================


============================================================
                 Lowdin orthonormalization
------------------------------------------------------------
 Computing Lowdin matrix                        1.03589e+00
 Rotating orbitals                              1.84525e+00
------------------------------------------------------------
                 Wall time: 2.88122e+00 sec 
============================================================


============================================================
                  Setting up Fock operator
------------------------------------------------------------
 Precision                                      1.00000e-07
------------------------------------------------------------
 Coulomb density                       904      2.30367e+00
 Coulomb potential                     584      7.47775e+01
 Allreduce potential                   648      2.14543e-01
 XC total density                     1096      2.63069e+00
 XC evaluate xcfun                    5480      1.83966e+01
 XC energy                            1096      1.78189e-04
 XC potential                         1096      5.88305e-01
------------------------------------------------------------
                 Wall time: 9.93619e+01 sec 
============================================================


============================================================
                  Calculating Fock matrix
------------------------------------------------------------
 Kinetic part                         6.356145025000000e+00
 Potential part                       2.459114240700000e+01
------------------------------------------------------------
                 Wall time: 3.09474e+01 sec 
============================================================


============================================================
                          Orbitals
------------------------------------------------------------
 Orb    F(i,i)        Error         nNodes  Spin  Occ  Done 
------------------------------------------------------------
  0  -1.00670e+02   1.21133e-08        904    p    2    1
  1  -9.18643e+00   4.18952e-08          0    p    2    1
  2  -7.00921e+00   9.85746e-08          0    p    2    1
  3  -6.99946e+00   6.21791e-08          0    p    2    1
  4  -6.99946e+00   4.05732e-08        584    p    2    1
  5  -7.75754e-01   2.26592e-07          0    p    2    1
  6  -4.33044e-01   3.49883e-07          0    p    2    1
  7  -2.95600e-01   1.25258e-06          0    p    2    0
  8  -2.95598e-01   8.98053e-07        648    p    2    1
------------------------------------------------------------
 Total error:                            1.60198e-06    0
============================================================


============================================================
                    Energy                 Update      Done 
------------------------------------------------------------
 Orbital      -2.653290171535818e+02    -2.90723e-05    1
 Kinetic       4.600725811649755e+02    -1.96374e-05    1
 N-E          -1.110067153749326e+03     4.72047e-05    1
 Coulomb       2.106924960586002e+02    -2.97626e-05    1
 Exchange      0.000000000000000e+00     0.00000e+00    1
 X-C          -2.840018916000135e+01     2.20114e-06    1
------------------------------------------------------------
 Electronic   -4.677022837084213e+02    -2.17256e-10    1
 Nuclear       7.057910898257112e+00     0.00000e+00    1
------------------------------------------------------------
 Total        -4.606443728101642e+02    -2.17256e-10    1
============================================================


################ Wall time: 4.47577e+02 sec ################




####################### SCF cycle  8 #######################


============================================================
 Current precision                              1.00000e-07
------------------------------------------------------------
 Orbital threshold                              1.00000e-06
 Property threshold                            -1.00000e+00
============================================================


============================================================
                   Calculating SCF energy
------------------------------------------------------------
 Nuclear energy                       7.057910898257112e+00
 Electronic energy                   -4.677022837084487e+02
------------------------------------------------------------
 Total energy                        -4.606443728101916e+02
------------------------------------------------------------
                 Wall time: 2.62850e+01 sec 
============================================================


============================================================
                Rotating Helmholtz argument
------------------------------------------------------------
 Rotating orbitals                              2.12977e+00
------------------------------------------------------------
                 Wall time: 2.12987e+00 sec 
============================================================


============================================================
                Applying Helmholtz operators
------------------------------------------------------------
 Orb    RealNorm   Nodes     ImagNorm   Nodes     Timing
------------------------------------------------------------
  0    1.00000e+00   840    0.00000e+00     0   1.15652e+02
  4    1.00000e+00   584    0.00000e+00     0   8.10918e+01
  8    1.00000e+00   648    0.00000e+00     0   9.49726e+01
------------------------------------------------------------
                 Wall time: 2.91731e+02 sec 
============================================================


============================================================
                 Lowdin orthonormalization
------------------------------------------------------------
 Computing Lowdin matrix                        3.83955e-01
 Rotating orbitals                              1.63550e+00
------------------------------------------------------------
                 Wall time: 2.01954e+00 sec 
============================================================


============================================================
               Iterative subspace accelerator
------------------------------------------------------------
 Push back orbitals                             3.50332e-02
 Setup linear system                            1.88533e+00
 Solve linear system                            1.07860e-05
 Expand solution                                3.42773e+00
------------------------------------------------------------
                 Wall time: 5.34827e+00 sec 
============================================================


============================================================
                 Lowdin orthonormalization
------------------------------------------------------------
 Computing Lowdin matrix                        9.72315e-01
 Rotating orbitals                              1.75517e+00
------------------------------------------------------------
                 Wall time: 2.72756e+00 sec 
============================================================


============================================================
                  Setting up Fock operator
------------------------------------------------------------
 Precision                                      1.00000e-07
------------------------------------------------------------
 Coulomb density                       904      2.25967e+00
 Coulomb potential                     584      7.30207e+01
 Allreduce potential                   648      2.09008e-01
 XC total density                     1096      2.70932e+00
 XC evaluate xcfun                    5480      1.84734e+01
 XC energy                            1096      4.36168e-04
 XC potential                         1096      6.07730e-01
------------------------------------------------------------
                 Wall time: 9.77250e+01 sec 
============================================================


============================================================
                  Calculating Fock matrix
------------------------------------------------------------
 Kinetic part                         6.400478068000000e+00
 Potential part                       2.536980498700000e+01
------------------------------------------------------------
                 Wall time: 3.17704e+01 sec 
============================================================


============================================================
                          Orbitals
------------------------------------------------------------
 Orb    F(i,i)        Error         nNodes  Spin  Occ  Done 
------------------------------------------------------------
  0  -1.00670e+02   1.62257e-08        904    p    2    1
  1  -9.18643e+00   2.78768e-08          0    p    2    1
  2  -7.00921e+00   9.56732e-08          0    p    2    1
  3  -6.99946e+00   5.77558e-08          0    p    2    1
  4  -6.99946e+00   1.53143e-08        584    p    2    1
  5  -7.75754e-01   2.65586e-07          0    p    2    1
  6  -4.33044e-01   4.49941e-07          0    p    2    1
  7  -2.95600e-01   8.25087e-07          0    p    2    1
  8  -2.95598e-01   4.82338e-07        648    p    2    1
------------------------------------------------------------
 Total error:                            1.09552e-06    1
============================================================


============================================================
                    Energy                 Update      Done 
------------------------------------------------------------
 Orbital      -2.653290070340308e+02     1.01196e-05    1
 Kinetic       4.600725879851200e+02     6.82014e-06    1
 N-E          -1.110067170157086e+03    -1.64078e-05    1
 Coulomb       2.106925064197322e+02     1.03611e-05    1
 Exchange      0.000000000000000e+00     0.00000e+00    1
 X-C          -2.840018993205225e+01    -7.72051e-07    1
------------------------------------------------------------
 Electronic   -4.677022837084487e+02    -2.73985e-11    1
 Nuclear       7.057910898257112e+00     0.00000e+00    1
------------------------------------------------------------
 Total        -4.606443728101916e+02    -2.73985e-11    1
============================================================


################ Wall time: 4.60368e+02 sec ################


============================================================
                      Convergence rate
------------------------------------------------------------
Iter    OrbError       Property                   Update  
------------------------------------------------------------
  1    2.52910e-03    -4.606443637974766e+02   -4.60644e+02
  2    3.64286e-04    -4.606443724996471e+02   -8.70217e-06
  3    1.17507e-04    -4.606443727389682e+02   -2.39321e-07
  4    5.41192e-05    -4.606443727861081e+02   -4.71398e-08
  5    2.38399e-05    -4.606443728060468e+02   -1.99387e-08
  6    4.55307e-06    -4.606443728099470e+02   -3.90014e-09
  7    1.60198e-06    -4.606443728101642e+02   -2.17256e-10
  8    1.09552e-06    -4.606443728101916e+02   -2.73985e-11
------------------------------------------------------------
                      SCF converged!!!                      
============================================================


============================================================
                  Digonalizing Fock matrix
------------------------------------------------------------
 Computing Lowdin matrix                        4.27258e-01
 Diagonalizing matrix                           1.77260e-05
 Rotating orbitals                              1.95737e+00
------------------------------------------------------------
                 Wall time: 2.38474e+00 sec 
============================================================


============================================================
                  Setting up Fock operator
------------------------------------------------------------
 Precision                                      1.00000e-07
------------------------------------------------------------
 Coulomb density                       904      2.13939e+00
 Coulomb potential                     584      6.44056e+01
 Allreduce potential                   648      2.00413e-01
 XC total density                     1096      2.56418e+00
 XC evaluate xcfun                    5480      1.77696e+01
 XC energy                            1096      1.52894e-04
 XC potential                         1096      5.20743e-01
------------------------------------------------------------
                 Wall time: 8.80049e+01 sec 
============================================================


============================================================
                   Calculating SCF energy
------------------------------------------------------------
------------------------------------------------------------
                 Wall time: 2.53085e+01 sec 
============================================================


============================================================
                 Calculating dipole moment
------------------------------------------------------------
------------------------------------------------------------
                 Wall time: 9.44118e+00 sec 
============================================================


============================================================
                        Fock matrix
------------------------------------------------------------
-1.00670e+02  0.00000e+00  0.00000e+00  0.00000e+00  0.00000e+00  0.00000e+00  0.00000e+00  0.00000e+00  0.00000e+00
 0.00000e+00 -9.18643e+00  0.00000e+00  0.00000e+00  0.00000e+00  0.00000e+00  0.00000e+00  0.00000e+00  0.00000e+00
 0.00000e+00  0.00000e+00 -7.00921e+00  0.00000e+00  0.00000e+00  0.00000e+00  0.00000e+00  0.00000e+00  0.00000e+00
 0.00000e+00  0.00000e+00  0.00000e+00 -6.99946e+00  0.00000e+00  0.00000e+00  0.00000e+00  0.00000e+00  0.00000e+00
 0.00000e+00  0.00000e+00  0.00000e+00  0.00000e+00 -6.99946e+00  0.00000e+00  0.00000e+00  0.00000e+00  0.00000e+00
 0.00000e+00  0.00000e+00  0.00000e+00  0.00000e+00  0.00000e+00 -7.75754e-01  0.00000e+00  0.00000e+00  0.00000e+00
 0.00000e+00  0.00000e+00  0.00000e+00  0.00000e+00  0.00000e+00  0.00000e+00 -4.33044e-01  0.00000e+00  0.00000e+00
 0.00000e+00  0.00000e+00  0.00000e+00  0.00000e+00  0.00000e+00  0.00000e+00  0.00000e+00 -2.95600e-01  0.00000e+00
 0.00000e+00  0.00000e+00  0.00000e+00  0.00000e+00  0.00000e+00  0.00000e+00  0.00000e+00  0.00000e+00 -2.95598e-01
============================================================


============================================================
                      Orbital energies
------------------------------------------------------------
    n  spin  occ                            epsilon  
------------------------------------------------------------
    0    p    2                      -1.006699458116168e+02
    1    p    2                      -9.186427099992446e+00
    2    p    2                      -7.009210504995984e+00
    3    p    2                      -6.999462965889753e+00
    4    p    2                      -6.999462565601960e+00
    5    p    2                      -7.757535921931867e-01
    6    p    2                      -4.330440830992757e-01
    7    p    2                      -2.955996660193994e-01
    8    p    2                      -2.955984319077871e-01
============================================================


============================================================
                          Molecule
------------------------------------------------------------
 Nr  Element             x             y             z      
------------------------------------------------------------
  1     Cl          0.00000e+00   0.00000e+00   0.00000e+00
  2     H           0.00000e+00   0.00000e+00   2.40864e+00
------------------------------------------------------------
 Center of mass:    0.00000e+00   0.00000e+00   6.65860e-02
============================================================


                                                            
============================================================
                         SCF Energy                         
------------------------------------------------------------
                                                            
 Sum orbital energy:                 -2.653290094426331e+02
 Kinetic energy:                      4.600725863616798e+02
 E-N energy:                         -1.110067166246692e+03
 Coulomb energy:                      2.106925039548367e+02
 Exchange energy:                     0.000000000000000e+00
 X-C energy:                         -2.840018975398667e+01
 El. external field energy:          -1.802441128723644e-05
 Nuc. external field energy:         -1.202076115310404e-14
                                                            
------------------------------------------------------------
                                                            
 Electronic energy:                  -4.677022837085736e+02
 Nuclear energy:                      7.057910898257112e+00
                                                            
------------------------------------------------------------
                                                            
 Total energy       (au)             -4.606443728103166e+02
                    (kJ/mol)         -1.209421625768624e+06
                    (kcal/mol)       -2.890587057800398e+05
                    (eV)             -1.253477139965727e+04
                                                            
============================================================
                                                            

                                                            
============================================================
                         Dipole moment                      
------------------------------------------------------------
                                                            
 Length of vector:   (au)                  4.2068638837e-01
                     (Debye)               1.0692780421e+00
                                                            
-------------------------- Total ---------------------------
                                                            
 [-2.0249117422e-11, -1.8024411299e-02,  4.2030008085e-01] 
                                                            
------------------------- Nuclear --------------------------
                                                            
 [-1.1495373111e-11, -1.2020761153e-11,  1.2100961483e+00] 
                                                            
------------------------ Electronic ------------------------
                                                            
 [-8.7537443105e-12, -1.8024411287e-02, -7.8979606745e-01] 
                                                            
============================================================
                                                            



************************************************************
***                                                      ***
***                    Exiting MRChem                    ***
***                                                      ***
***               Wall time: 3.605470e+03                ***
***                                                      ***
************************************************************


