


************************************************************
***     __  __ ____   ____ _                             ***
***    |  \/  |  _ \ / ___| |__   ___ _ __ ___           ***
***    | |\/| | |_) | |   | '_ \ / _ \ '_ ` _ \          ***
***    | |  | |  _ <| |___| | | |  __/ | | | | |         ***
***    |_|  |_|_| \_\\____|_| |_|\___|_| |_| |_|         ***
***                                                      ***
***    VERSION 0.0.1 (rev. 1c6f79f)                     ***
***                                                      ***
***    Stig Rune Jensen <stig.r.jensen@uit.no>           ***
***    Luca Frediani    <luca.frediani@uit.no>           ***
***    Peter Wind       <peter.wind@uit.no>              ***
***                                                      ***
************************************************************


+++ Parallel execution: 
  MPI hosts available     : 4
  Threads/host            : 2
  Total used CPUs         : 8


------------------------------------------------------------

 MRCPP version   : X.Y.Z
 Git revision    : bbc2aed

 Linear algebra  : EIGEN
 Parallelization : MPI/OpenMP

------------------------------------------------------------




============================================================
                  MultiResolution Analysis                  
------------------------------------------------------------
 polynomial order = 11
 polynomial type  = Interpolating
------------------------------------------------------------
 total boxes      = 8
 boxes            = [           2           2           2 ]
 unit lengths     = [    32.00000    32.00000    32.00000 ]
 scaling factor   = [     1.00000     1.00000     1.00000 ]
 lower bounds     = [   -32.00000   -32.00000   -32.00000 ]
 upper bounds     = [    32.00000    32.00000    32.00000 ]
 total length     = [    64.00000    64.00000    64.00000 ]
============================================================


============================================================
                          Molecule
------------------------------------------------------------
 Nr  Element             x             y             z      
------------------------------------------------------------
  1     C           0.00000e+00   0.00000e+00   0.00000e+00
  2     H           0.00000e+00   0.00000e+00   2.01634e+00
  3     P           0.00000e+00   0.00000e+00  -2.91396e+00
------------------------------------------------------------
 Center of mass:    0.00000e+00   0.00000e+00  -2.00542e+00
============================================================


============================================================
                Setting up nuclear potential
------------------------------------------------------------
 Nr  Element         Charge        Precision     Smoothing 
------------------------------------------------------------
  1     C           6.00000e+00   1.00000e-07   3.82453e-05
  2     H           1.00000e+00   1.00000e-07   7.57698e-04
  3     P           1.50000e+01   1.00000e-07   8.30509e-06
------------------------------------------------------------
 Nuclear potential                    1288      1.25382e+00
 Allreduce potential                  3080      1.19126e+00
------------------------------------------------------------
                 Wall time: 2.44521e+00 sec 
============================================================


============================================================
 OrbitalVector:  11 orbitals    11 occupied    22 electrons
------------------------------------------------------------
   n  RankID           Norm          Spin Occ      Error    
------------------------------------------------------------
   0     0       1.000000000000e+00    p   2    1.00000e+00
   1     1      -1.000000000000e+00    p   2    1.00000e+00
   2     2      -1.000000000000e+00    p   2    1.00000e+00
   3     3      -1.000000000000e+00    p   2    1.00000e+00
   4     0       1.000000000000e+00    p   2    1.00000e+00
   5     1      -1.000000000000e+00    p   2    1.00000e+00
   6     2      -1.000000000000e+00    p   2    1.00000e+00
   7     3      -1.000000000000e+00    p   2    1.00000e+00
   8     0       1.000000000000e+00    p   2    1.00000e+00
   9     1      -1.000000000000e+00    p   2    1.00000e+00
  10     2      -1.000000000000e+00    p   2    1.00000e+00
============================================================


============================================================
                  Setting up Fock operator
------------------------------------------------------------
 Precision                                      1.00000e-07
------------------------------------------------------------
 Coulomb density                      1608      3.36881e+00
 Coulomb potential                     616      6.25703e+01
 Allreduce potential                   744      4.09753e+00
 XC total density                     1896      4.56051e+00
 XC evaluate xcfun                    9480      3.15077e+01
 XC energy                            1896      1.68417e-04
 XC potential                         1896      1.00902e+00
------------------------------------------------------------
                 Wall time: 1.07884e+02 sec 
============================================================


============================================================
                  Calculating Fock matrix
------------------------------------------------------------
 Kinetic part                         1.082738035300000e+01
 Potential part                       4.382903688300000e+01
------------------------------------------------------------
                 Wall time: 5.46565e+01 sec 
============================================================




####################### SCF cycle  1 #######################


============================================================
 Current precision                              1.00000e-07
------------------------------------------------------------
 Orbital threshold                              1.00000e-06
 Property threshold                            -1.00000e+00
============================================================


============================================================
                  Digonalizing Fock matrix
------------------------------------------------------------
 Computing Lowdin matrix                        7.90573e-01
 Diagonalizing matrix                           2.75400e-05
 Rotating orbitals                              2.68731e+00
------------------------------------------------------------
                 Wall time: 3.47800e+00 sec 
============================================================


============================================================
                   Calculating SCF energy
------------------------------------------------------------
 Nuclear energy                       3.690393800108186e+01
 Electronic energy                   -4.167314779044837e+02
------------------------------------------------------------
 Total energy                        -3.798275399034018e+02
------------------------------------------------------------
                 Wall time: 3.11432e+01 sec 
============================================================


============================================================
                Rotating Helmholtz argument
------------------------------------------------------------
 Rotating orbitals                              8.76074e-01
------------------------------------------------------------
                 Wall time: 8.76163e-01 sec 
============================================================


============================================================
                Applying Helmholtz operators
------------------------------------------------------------
 Orb    RealNorm   Nodes     ImagNorm   Nodes     Timing
------------------------------------------------------------
  0    1.00000e+00   776    0.00000e+00     0   6.78917e+01
  4    1.00000e+00   616    0.00000e+00     0   6.25250e+01
  8    1.00000e+00  1320    0.00000e+00     0   1.54031e+02
------------------------------------------------------------
                 Wall time: 2.84468e+02 sec 
============================================================


============================================================
                 Lowdin orthonormalization
------------------------------------------------------------
 Computing Lowdin matrix                        5.75837e+01
 Rotating orbitals                              3.03288e+00
------------------------------------------------------------
                 Wall time: 6.06167e+01 sec 
============================================================


============================================================
               Iterative subspace accelerator
------------------------------------------------------------
 Push back orbitals                             3.43370e-05
 Copy orbitals                                  1.28843e-01
 Copy orbital updates                           1.26552e-01
------------------------------------------------------------
                 Wall time: 2.55555e-01 sec 
============================================================


============================================================
                 Lowdin orthonormalization
------------------------------------------------------------
 Computing Lowdin matrix                        6.25771e-01
 Rotating orbitals                              1.61287e+00
------------------------------------------------------------
                 Wall time: 2.23873e+00 sec 
============================================================


============================================================
                  Setting up Fock operator
------------------------------------------------------------
 Precision                                      1.00000e-07
------------------------------------------------------------
 Coulomb density                      1576      2.76882e+00
 Coulomb potential                     616      6.46713e+01
 Allreduce potential                   744      3.29317e+00
 XC total density                     1864      3.68769e+00
 XC evaluate xcfun                    9320      3.05172e+01
 XC energy                            1864      1.63431e-04
 XC potential                         1864      9.88715e-01
------------------------------------------------------------
                 Wall time: 1.06622e+02 sec 
============================================================


============================================================
                  Calculating Fock matrix
------------------------------------------------------------
 Kinetic part                         8.423052622000000e+00
 Potential part                       3.323548960200000e+01
------------------------------------------------------------
                 Wall time: 4.16587e+01 sec 
============================================================


============================================================
                          Orbitals
------------------------------------------------------------
 Orb    F(i,i)        Error         nNodes  Spin  Occ  Done 
------------------------------------------------------------
  0  -7.63001e+01   8.80449e-07        616    p    2    1
  1  -9.92282e+00   1.29109e-05          0    p    2    0
  2  -6.31096e+00   1.06155e-05          0    p    2    0
  3  -4.52724e+00   2.20099e-05          0    p    2    0
  4  -4.52724e+00   4.84473e-05        616    p    2    0
  5  -4.52307e+00   2.40168e-05          0    p    2    0
  6  -6.50615e-01   3.63621e-04          0    p    2    0
  7  -4.94473e-01   8.91590e-04          0    p    2    0
  8  -3.25618e-01   1.34159e-03       1320    p    2    0
  9  -2.59258e-01   1.58567e-03          0    p    2    0
 10  -2.59260e-01   2.71385e-03          0    p    2    0
------------------------------------------------------------
 Total error:                            3.55106e-03    0
============================================================


============================================================
                    Energy                 Update      Done 
------------------------------------------------------------
 Orbital      -2.162012662184763e+02    -2.16201e+02    1
 Kinetic       3.791961167528617e+02     3.79196e+02    1
 N-E          -9.760599482629120e+02    -9.76060e+02    1
 Coulomb       2.088686288300666e+02     2.08869e+02    1
 Exchange      0.000000000000000e+00     0.00000e+00    1
 X-C          -2.873627522443833e+01    -2.87363e+01    1
------------------------------------------------------------
 Electronic   -4.167314779044837e+02    -4.16731e+02    1
 Nuclear       3.690393800108186e+01     3.69039e+01    1
------------------------------------------------------------
 Total        -3.798275399034018e+02    -3.79828e+02    1
============================================================


################ Wall time: 5.31682e+02 sec ################




####################### SCF cycle  2 #######################


============================================================
 Current precision                              1.00000e-07
------------------------------------------------------------
 Orbital threshold                              1.00000e-06
 Property threshold                            -1.00000e+00
============================================================


============================================================
                  Digonalizing Fock matrix
------------------------------------------------------------
 Computing Lowdin matrix                        5.69456e-01
 Diagonalizing matrix                           2.44120e-05
 Rotating orbitals                              2.84213e+00
------------------------------------------------------------
                 Wall time: 3.41170e+00 sec 
============================================================


============================================================
                   Calculating SCF energy
------------------------------------------------------------
 Nuclear energy                       3.690393800108186e+01
 Electronic energy                   -4.167314928961650e+02
------------------------------------------------------------
 Total energy                        -3.798275548950832e+02
------------------------------------------------------------
                 Wall time: 3.11021e+01 sec 
============================================================


============================================================
                Rotating Helmholtz argument
------------------------------------------------------------
 Rotating orbitals                              8.79443e-01
------------------------------------------------------------
                 Wall time: 8.79525e-01 sec 
============================================================


============================================================
                Applying Helmholtz operators
------------------------------------------------------------
 Orb    RealNorm   Nodes     ImagNorm   Nodes     Timing
------------------------------------------------------------
  0    1.00000e+00   776    0.00000e+00     0   6.74957e+01
  4    1.00000e+00   616    0.00000e+00     0   6.26497e+01
  8    1.00000e+00  1320    0.00000e+00     0   1.54753e+02
------------------------------------------------------------
                 Wall time: 2.84924e+02 sec 
============================================================


============================================================
                 Lowdin orthonormalization
------------------------------------------------------------
 Computing Lowdin matrix                        4.69992e+01
 Rotating orbitals                              2.83277e+00
------------------------------------------------------------
                 Wall time: 4.98324e+01 sec 
============================================================


============================================================
               Iterative subspace accelerator
------------------------------------------------------------
 Push back orbitals                             2.02106e-01
 Copy orbitals                                  1.26908e-01
 Copy orbital updates                           1.28250e-01
------------------------------------------------------------
                 Wall time: 4.57379e-01 sec 
============================================================


============================================================
                 Lowdin orthonormalization
------------------------------------------------------------
 Computing Lowdin matrix                        6.21460e-01
 Rotating orbitals                              1.46281e+00
------------------------------------------------------------
                 Wall time: 2.08436e+00 sec 
============================================================


============================================================
                  Setting up Fock operator
------------------------------------------------------------
 Precision                                      1.00000e-07
------------------------------------------------------------
 Coulomb density                      1576      2.78062e+00
 Coulomb potential                     616      6.48698e+01
 Allreduce potential                   744      4.10105e+00
 XC total density                     1864      3.57733e+00
 XC evaluate xcfun                    9320      3.02521e+01
 XC energy                            1864      1.63450e-04
 XC potential                         1864      9.66338e-01
------------------------------------------------------------
                 Wall time: 1.07242e+02 sec 
============================================================


============================================================
                  Calculating Fock matrix
------------------------------------------------------------
 Kinetic part                         8.635733592999999e+00
 Potential part                       3.234959957700000e+01
------------------------------------------------------------
                 Wall time: 4.09855e+01 sec 
============================================================


============================================================
                          Orbitals
------------------------------------------------------------
 Orb    F(i,i)        Error         nNodes  Spin  Occ  Done 
------------------------------------------------------------
  0  -7.63001e+01   3.10754e-07        616    p    2    1
  1  -9.92282e+00   6.58406e-06          0    p    2    0
  2  -6.31097e+00   6.55066e-06          0    p    2    0
  3  -4.52725e+00   1.89460e-05          0    p    2    0
  4  -4.52725e+00   1.18136e-05        616    p    2    0
  5  -4.52307e+00   1.28121e-05          0    p    2    0
  6  -6.50622e-01   1.86838e-04          0    p    2    0
  7  -4.94477e-01   7.94027e-05          0    p    2    0
  8  -3.25623e-01   1.70037e-04       1320    p    2    0
  9  -2.59264e-01   3.79818e-04          0    p    2    0
 10  -2.59263e-01   1.14422e-04          0    p    2    0
------------------------------------------------------------
 Total error:                            4.77733e-04    0
============================================================


============================================================
                    Energy                 Update      Done 
------------------------------------------------------------
 Orbital      -2.162013539203904e+02    -8.77019e-05    1
 Kinetic       3.791961009796563e+02    -1.57732e-05    1
 N-E          -9.760598499834734e+02     9.82794e-05    1
 Coulomb       2.088685551199596e+02    -7.37101e-05    1
 Exchange      0.000000000000000e+00     0.00000e+00    1
 X-C          -2.873627123277012e+01     3.99167e-06    1
------------------------------------------------------------
 Electronic   -4.167314928961650e+02    -1.49917e-05    1
 Nuclear       3.690393800108186e+01     0.00000e+00    1
------------------------------------------------------------
 Total        -3.798275548950832e+02    -1.49917e-05    1
============================================================


################ Wall time: 5.21276e+02 sec ################




####################### SCF cycle  3 #######################


============================================================
 Current precision                              1.00000e-07
------------------------------------------------------------
 Orbital threshold                              1.00000e-06
 Property threshold                            -1.00000e+00
============================================================


============================================================
                   Calculating SCF energy
------------------------------------------------------------
 Nuclear energy                       3.690393800108186e+01
 Electronic energy                   -4.167314933522653e+02
------------------------------------------------------------
 Total energy                        -3.798275553511834e+02
------------------------------------------------------------
                 Wall time: 3.29592e+01 sec 
============================================================


============================================================
                Rotating Helmholtz argument
------------------------------------------------------------
 Rotating orbitals                              3.38633e+00
------------------------------------------------------------
                 Wall time: 3.38642e+00 sec 
============================================================


============================================================
                Applying Helmholtz operators
------------------------------------------------------------
 Orb    RealNorm   Nodes     ImagNorm   Nodes     Timing
------------------------------------------------------------
  0    1.00000e+00   776    0.00000e+00     0   6.94182e+01
  4    1.00000e+00   616    0.00000e+00     0   6.34379e+01
  8    1.00000e+00  1320    0.00000e+00     0   1.55395e+02
------------------------------------------------------------
                 Wall time: 2.88268e+02 sec 
============================================================


============================================================
                 Lowdin orthonormalization
------------------------------------------------------------
 Computing Lowdin matrix                        5.57228e+01
 Rotating orbitals                              2.89613e+00
------------------------------------------------------------
                 Wall time: 5.86191e+01 sec 
============================================================


============================================================
               Iterative subspace accelerator
------------------------------------------------------------
 Push back orbitals                             2.65024e-01
 Setup linear system                            4.11687e-01
 Solve linear system                            1.09040e-05
 Expand solution                                1.01541e+00
------------------------------------------------------------
                 Wall time: 1.69225e+00 sec 
============================================================


============================================================
                 Lowdin orthonormalization
------------------------------------------------------------
 Computing Lowdin matrix                        1.46668e+00
 Rotating orbitals                              2.65188e+00
------------------------------------------------------------
                 Wall time: 4.11866e+00 sec 
============================================================


============================================================
                  Setting up Fock operator
------------------------------------------------------------
 Precision                                      1.00000e-07
------------------------------------------------------------
 Coulomb density                      1576      2.87137e+00
 Coulomb potential                     616      6.62027e+01
 Allreduce potential                   744      4.77495e+00
 XC total density                     1864      3.66935e+00
 XC evaluate xcfun                    9320      3.05529e+01
 XC energy                            1864      1.60305e-04
 XC potential                         1864      1.07736e+00
------------------------------------------------------------
                 Wall time: 1.09858e+02 sec 
============================================================


============================================================
                  Calculating Fock matrix
------------------------------------------------------------
 Kinetic part                         8.474993037000001e+00
 Potential part                       3.358516026800000e+01
------------------------------------------------------------
                 Wall time: 4.20603e+01 sec 
============================================================


============================================================
                          Orbitals
------------------------------------------------------------
 Orb    F(i,i)        Error         nNodes  Spin  Occ  Done 
------------------------------------------------------------
  0  -7.63001e+01   2.05736e-07        616    p    2    1
  1  -9.92282e+00   1.65057e-06          0    p    2    0
  2  -6.31097e+00   3.61753e-06          0    p    2    0
  3  -4.52725e+00   1.47235e-05          0    p    2    0
  4  -4.52725e+00   5.38440e-06        616    p    2    0
  5  -4.52307e+00   6.49671e-06          0    p    2    0
  6  -6.50620e-01   5.71835e-05          0    p    2    0
  7  -4.94477e-01   4.53539e-05          0    p    2    0
  8  -3.25623e-01   1.14447e-04       1320    p    2    0
  9  -2.59263e-01   1.48188e-04          0    p    2    0
 10  -2.59262e-01   3.55700e-05          0    p    2    0
------------------------------------------------------------
 Total error:                            2.04826e-04    0
============================================================


============================================================
                    Energy                 Update      Done 
------------------------------------------------------------
 Orbital      -2.162014907437140e+02    -1.36823e-04    1
 Kinetic       3.791960625791370e+02    -3.84005e-05    1
 N-E          -9.760596803335474e+02     1.69650e-04    1
 Coulomb       2.088684155898220e+02    -1.39530e-04    1
 Exchange      0.000000000000000e+00     0.00000e+00    1
 X-C          -2.873626122395560e+01     1.00088e-05    1
------------------------------------------------------------
 Electronic   -4.167314933522653e+02    -4.56100e-07    1
 Nuclear       3.690393800108186e+01     0.00000e+00    1
------------------------------------------------------------
 Total        -3.798275553511834e+02    -4.56100e-07    1
============================================================


################ Wall time: 5.42182e+02 sec ################




####################### SCF cycle  4 #######################


============================================================
 Current precision                              1.00000e-07
------------------------------------------------------------
 Orbital threshold                              1.00000e-06
 Property threshold                            -1.00000e+00
============================================================


============================================================
                   Calculating SCF energy
------------------------------------------------------------
 Nuclear energy                       3.690393800108186e+01
 Electronic energy                   -4.167314934635578e+02
------------------------------------------------------------
 Total energy                        -3.798275554624759e+02
------------------------------------------------------------
                 Wall time: 3.44021e+01 sec 
============================================================


============================================================
                Rotating Helmholtz argument
------------------------------------------------------------
 Rotating orbitals                              3.56254e+00
------------------------------------------------------------
                 Wall time: 3.56264e+00 sec 
============================================================


============================================================
                Applying Helmholtz operators
------------------------------------------------------------
 Orb    RealNorm   Nodes     ImagNorm   Nodes     Timing
------------------------------------------------------------
  0    1.00000e+00   776    0.00000e+00     0   7.18518e+01
  4    1.00000e+00   616    0.00000e+00     0   6.45210e+01
  8    1.00000e+00  1320    0.00000e+00     0   1.55503e+02
------------------------------------------------------------
                 Wall time: 2.91904e+02 sec 
============================================================


============================================================
                 Lowdin orthonormalization
------------------------------------------------------------
 Computing Lowdin matrix                        6.39373e+01
 Rotating orbitals                              2.82087e+00
------------------------------------------------------------
                 Wall time: 6.67583e+01 sec 
============================================================


============================================================
               Iterative subspace accelerator
------------------------------------------------------------
 Push back orbitals                             3.46033e-01
 Setup linear system                            1.23720e+00
 Solve linear system                            1.45500e-05
 Expand solution                                1.60874e+00
------------------------------------------------------------
                 Wall time: 3.19214e+00 sec 
============================================================


============================================================
                 Lowdin orthonormalization
------------------------------------------------------------
 Computing Lowdin matrix                        1.75770e+00
 Rotating orbitals                              2.82198e+00
------------------------------------------------------------
                 Wall time: 4.57978e+00 sec 
============================================================


============================================================
                  Setting up Fock operator
------------------------------------------------------------
 Precision                                      1.00000e-07
------------------------------------------------------------
 Coulomb density                      1576      2.84440e+00
 Coulomb potential                     616      6.70755e+01
 Allreduce potential                   744      7.19253e+00
 XC total density                     1864      3.76439e+00
 XC evaluate xcfun                    9320      3.09506e+01
 XC energy                            1864      1.66534e-04
 XC potential                         1864      1.07830e+00
------------------------------------------------------------
                 Wall time: 1.13629e+02 sec 
============================================================


============================================================
                  Calculating Fock matrix
------------------------------------------------------------
 Kinetic part                         8.392694251000000e+00
 Potential part                       3.405405469900000e+01
------------------------------------------------------------
                 Wall time: 4.24469e+01 sec 
============================================================


============================================================
                          Orbitals
------------------------------------------------------------
 Orb    F(i,i)        Error         nNodes  Spin  Occ  Done 
------------------------------------------------------------
  0  -7.63001e+01   2.63302e-07        616    p    2    1
  1  -9.92282e+00   7.38317e-07          0    p    2    1
  2  -6.31097e+00   2.05925e-06          0    p    2    0
  3  -4.52725e+00   1.82263e-05          0    p    2    0
  4  -4.52725e+00   3.02665e-06        616    p    2    0
  5  -4.52308e+00   4.79516e-06          0    p    2    0
  6  -6.50622e-01   1.57138e-05          0    p    2    0
  7  -4.94478e-01   3.93707e-05          0    p    2    0
  8  -3.25624e-01   1.22200e-04       1320    p    2    0
  9  -2.59265e-01   5.89537e-05          0    p    2    0
 10  -2.59264e-01   2.85268e-05          0    p    2    0
------------------------------------------------------------
 Total error:                            1.46248e-04    0
============================================================


============================================================
                    Energy                 Update      Done 
------------------------------------------------------------
 Orbital      -2.162014692719590e+02     2.14718e-05    1
 Kinetic       3.791960875872588e+02     2.50081e-05    1
 N-E          -9.760597245111404e+02    -4.41776e-05    1
 Coulomb       2.088684378530864e+02     2.22633e-05    1
 Exchange      0.000000000000000e+00     0.00000e+00    1
 X-C          -2.873626349181238e+01    -2.26786e-06    1
------------------------------------------------------------
 Electronic   -4.167314934635578e+02    -1.11293e-07    1
 Nuclear       3.690393800108186e+01     0.00000e+00    1
------------------------------------------------------------
 Total        -3.798275554624759e+02    -1.11293e-07    1
============================================================


################ Wall time: 5.62488e+02 sec ################




####################### SCF cycle  5 #######################


============================================================
 Current precision                              1.00000e-07
------------------------------------------------------------
 Orbital threshold                              1.00000e-06
 Property threshold                            -1.00000e+00
============================================================


============================================================
                   Calculating SCF energy
------------------------------------------------------------
 Nuclear energy                       3.690393800108186e+01
 Electronic energy                   -4.167314935155092e+02
------------------------------------------------------------
 Total energy                        -3.798275555144273e+02
------------------------------------------------------------
                 Wall time: 3.42252e+01 sec 
============================================================


============================================================
                Rotating Helmholtz argument
------------------------------------------------------------
 Rotating orbitals                              3.57732e+00
------------------------------------------------------------
                 Wall time: 3.57742e+00 sec 
============================================================


============================================================
                Applying Helmholtz operators
------------------------------------------------------------
 Orb    RealNorm   Nodes     ImagNorm   Nodes     Timing
------------------------------------------------------------
  0    1.00000e+00   776    0.00000e+00     0   7.51188e+01
  4    1.00000e+00   616    0.00000e+00     0   6.62647e+01
  8    1.00000e+00  1320    0.00000e+00     0   1.62066e+02
------------------------------------------------------------
                 Wall time: 3.03482e+02 sec 
============================================================


============================================================
                 Lowdin orthonormalization
------------------------------------------------------------
 Computing Lowdin matrix                        5.90539e+01
 Rotating orbitals                              2.81657e+00
------------------------------------------------------------
                 Wall time: 6.18705e+01 sec 
============================================================


============================================================
               Iterative subspace accelerator
------------------------------------------------------------
 Push back orbitals                             4.56817e-01
 Setup linear system                            2.48544e+00
 Solve linear system                            9.70000e-06
 Expand solution                                2.44182e+00
------------------------------------------------------------
                 Wall time: 5.38423e+00 sec 
============================================================


============================================================
                 Lowdin orthonormalization
------------------------------------------------------------
 Computing Lowdin matrix                        1.92382e+00
 Rotating orbitals                              3.16780e+00
------------------------------------------------------------
                 Wall time: 5.09171e+00 sec 
============================================================


============================================================
                  Setting up Fock operator
------------------------------------------------------------
 Precision                                      1.00000e-07
------------------------------------------------------------
 Coulomb density                      1576      2.86551e+00
 Coulomb potential                     616      7.03674e+01
 Allreduce potential                   744      4.70548e+00
 XC total density                     1864      3.76185e+00
 XC evaluate xcfun                    9320      3.10512e+01
 XC energy                            1864      1.75283e-04
 XC potential                         1864      1.08375e+00
------------------------------------------------------------
                 Wall time: 1.14575e+02 sec 
============================================================


============================================================
                  Calculating Fock matrix
------------------------------------------------------------
 Kinetic part                         8.472094129000000e+00
 Potential part                       3.375278211700000e+01
------------------------------------------------------------
                 Wall time: 4.22250e+01 sec 
============================================================


============================================================
                          Orbitals
------------------------------------------------------------
 Orb    F(i,i)        Error         nNodes  Spin  Occ  Done 
------------------------------------------------------------
  0  -7.63001e+01   1.32059e-07        616    p    2    1
  1  -9.92282e+00   4.87971e-07          0    p    2    1
  2  -6.31097e+00   1.43210e-06          0    p    2    0
  3  -4.52725e+00   1.27699e-05          0    p    2    0
  4  -4.52725e+00   1.33854e-06        616    p    2    0
  5  -4.52307e+00   2.27919e-06          0    p    2    0
  6  -6.50619e-01   6.38535e-06          0    p    2    0
  7  -4.94476e-01   1.90541e-05          0    p    2    0
  8  -3.25622e-01   8.19002e-05       1320    p    2    0
  9  -2.59262e-01   2.76330e-05          0    p    2    0
 10  -2.59261e-01   1.10548e-05          0    p    2    0
------------------------------------------------------------
 Total error:                            9.03860e-05    0
============================================================


============================================================
                    Energy                 Update      Done 
------------------------------------------------------------
 Orbital      -2.162015060916076e+02    -3.68196e-05    1
 Kinetic       3.791960667583284e+02    -2.08289e-05    1
 N-E          -9.760596692173771e+02     5.52938e-05    1
 Coulomb       2.088683999902018e+02    -3.78629e-05    1
 Exchange      0.000000000000000e+00     0.00000e+00    1
 X-C          -2.873625991875436e+01     3.57306e-06    1
------------------------------------------------------------
 Electronic   -4.167314935155092e+02    -5.19514e-08    1
 Nuclear       3.690393800108186e+01     0.00000e+00    1
------------------------------------------------------------
 Total        -3.798275555144273e+02    -5.19514e-08    1
============================================================


################ Wall time: 5.73156e+02 sec ################




####################### SCF cycle  6 #######################


============================================================
 Current precision                              1.00000e-07
------------------------------------------------------------
 Orbital threshold                              1.00000e-06
 Property threshold                            -1.00000e+00
============================================================


============================================================
                   Calculating SCF energy
------------------------------------------------------------
 Nuclear energy                       3.690393800108186e+01
 Electronic energy                   -4.167314935258230e+02
------------------------------------------------------------
 Total energy                        -3.798275555247411e+02
------------------------------------------------------------
                 Wall time: 3.37812e+01 sec 
============================================================


============================================================
                Rotating Helmholtz argument
------------------------------------------------------------
 Rotating orbitals                              3.62954e+00
------------------------------------------------------------
                 Wall time: 3.62964e+00 sec 
============================================================


============================================================
                Applying Helmholtz operators
------------------------------------------------------------
 Orb    RealNorm   Nodes     ImagNorm   Nodes     Timing
------------------------------------------------------------
  0    1.00000e+00   776    0.00000e+00     0   7.46393e+01
  4    1.00000e+00   616    0.00000e+00     0   6.53445e+01
  8    1.00000e+00  1320    0.00000e+00     0   1.61270e+02
------------------------------------------------------------
                 Wall time: 3.01280e+02 sec 
============================================================


============================================================
                 Lowdin orthonormalization
------------------------------------------------------------
 Computing Lowdin matrix                        5.77834e+01
 Rotating orbitals                              3.02768e+00
------------------------------------------------------------
                 Wall time: 6.08112e+01 sec 
============================================================


============================================================
               Iterative subspace accelerator
------------------------------------------------------------
 Push back orbitals                             3.39269e-01
 Setup linear system                            2.50179e+00
 Solve linear system                            9.32300e-06
 Expand solution                                2.69423e+00
------------------------------------------------------------
                 Wall time: 5.53544e+00 sec 
============================================================


============================================================
                 Lowdin orthonormalization
------------------------------------------------------------
 Computing Lowdin matrix                        2.02840e+00
 Rotating orbitals                              3.23777e+00
------------------------------------------------------------
                 Wall time: 5.26625e+00 sec 
============================================================


============================================================
                  Setting up Fock operator
------------------------------------------------------------
 Precision                                      1.00000e-07
------------------------------------------------------------
 Coulomb density                      1576      2.96261e+00
 Coulomb potential                     616      6.94710e+01
 Allreduce potential                   744      5.89780e+00
 XC total density                     1864      3.78581e+00
 XC evaluate xcfun                    9320      3.12912e+01
 XC energy                            1864      1.75572e-04
 XC potential                         1864      1.08787e+00
------------------------------------------------------------
                 Wall time: 1.15224e+02 sec 
============================================================


============================================================
                  Calculating Fock matrix
------------------------------------------------------------
 Kinetic part                         8.515175036000000e+00
 Potential part                       3.481556481800000e+01
------------------------------------------------------------
                 Wall time: 4.33309e+01 sec 
============================================================


============================================================
                          Orbitals
------------------------------------------------------------
 Orb    F(i,i)        Error         nNodes  Spin  Occ  Done 
------------------------------------------------------------
  0  -7.63001e+01   2.81765e-08        616    p    2    1
  1  -9.92282e+00   2.38804e-07          0    p    2    1
  2  -6.31097e+00   7.75531e-07          0    p    2    1
  3  -4.52725e+00   3.87993e-06          0    p    2    0
  4  -4.52725e+00   1.48729e-07        616    p    2    1
  5  -4.52307e+00   2.01061e-07          0    p    2    1
  6  -6.50622e-01   2.94259e-06          0    p    2    0
  7  -4.94478e-01   2.29863e-06          0    p    2    0
  8  -3.25623e-01   2.40990e-05       1320    p    2    0
  9  -2.59264e-01   1.07987e-05          0    p    2    0
 10  -2.59263e-01   6.06007e-06          0    p    2    0
------------------------------------------------------------
 Total error:                            2.76372e-05    0
============================================================


============================================================
                    Energy                 Update      Done 
------------------------------------------------------------
 Orbital      -2.162014509139620e+02     5.51776e-05    1
 Kinetic       3.791960952710020e+02     2.85127e-05    1
 N-E          -9.760597492772494e+02    -8.00599e-05    1
 Coulomb       2.088684567625437e+02     5.67723e-05    1
 Exchange      0.000000000000000e+00     0.00000e+00    1
 X-C          -2.873626503831814e+01    -5.11956e-06    1
------------------------------------------------------------
 Electronic   -4.167314935258230e+02    -1.03138e-08    1
 Nuclear       3.690393800108186e+01     0.00000e+00    1
------------------------------------------------------------
 Total        -3.798275555247411e+02    -1.03138e-08    1
============================================================


################ Wall time: 5.71544e+02 sec ################




####################### SCF cycle  7 #######################


============================================================
 Current precision                              1.00000e-07
------------------------------------------------------------
 Orbital threshold                              1.00000e-06
 Property threshold                            -1.00000e+00
============================================================


============================================================
                   Calculating SCF energy
------------------------------------------------------------
 Nuclear energy                       3.690393800108186e+01
 Electronic energy                   -4.167314935273067e+02
------------------------------------------------------------
 Total energy                        -3.798275555262248e+02
------------------------------------------------------------
                 Wall time: 3.51669e+01 sec 
============================================================


============================================================
                Rotating Helmholtz argument
------------------------------------------------------------
 Rotating orbitals                              3.63333e+00
------------------------------------------------------------
                 Wall time: 3.63343e+00 sec 
============================================================


============================================================
                Applying Helmholtz operators
------------------------------------------------------------
 Orb    RealNorm   Nodes     ImagNorm   Nodes     Timing
------------------------------------------------------------
  0    1.00000e+00   776    0.00000e+00     0   7.69883e+01
  4    1.00000e+00   616    0.00000e+00     0   6.48876e+01
  8    1.00000e+00  1320    0.00000e+00     0   1.62957e+02
------------------------------------------------------------
                 Wall time: 3.04862e+02 sec 
============================================================


============================================================
                 Lowdin orthonormalization
------------------------------------------------------------
 Computing Lowdin matrix                        5.33995e+01
 Rotating orbitals                              2.84470e+00
------------------------------------------------------------
                 Wall time: 5.62443e+01 sec 
============================================================


============================================================
               Iterative subspace accelerator
------------------------------------------------------------
 Push back orbitals                             3.99317e-01
 Setup linear system                            2.45278e+00
 Solve linear system                            1.83930e-05
 Expand solution                                2.93723e+00
------------------------------------------------------------
                 Wall time: 5.78948e+00 sec 
============================================================


============================================================
                 Lowdin orthonormalization
------------------------------------------------------------
 Computing Lowdin matrix                        1.79711e+00
 Rotating orbitals                              3.03006e+00
------------------------------------------------------------
                 Wall time: 4.82726e+00 sec 
============================================================


============================================================
                  Setting up Fock operator
------------------------------------------------------------
 Precision                                      1.00000e-07
------------------------------------------------------------
 Coulomb density                      1576      3.04851e+00
 Coulomb potential                     616      7.36680e+01
 Allreduce potential                   744      1.61537e+00
 XC total density                     1864      3.89981e+00
 XC evaluate xcfun                    9320      3.02995e+01
 XC energy                            1864      1.87419e-04
 XC potential                         1864      1.11992e+00
------------------------------------------------------------
                 Wall time: 1.14411e+02 sec 
============================================================


============================================================
                  Calculating Fock matrix
------------------------------------------------------------
 Kinetic part                         9.347476227000000e+00
 Potential part                       3.493960597100000e+01
------------------------------------------------------------
                 Wall time: 4.42872e+01 sec 
============================================================


============================================================
                          Orbitals
------------------------------------------------------------
 Orb    F(i,i)        Error         nNodes  Spin  Occ  Done 
------------------------------------------------------------
  0  -7.63001e+01   3.62498e-08        616    p    2    1
  1  -9.92282e+00   2.17300e-07          0    p    2    1
  2  -6.31097e+00   1.84494e-07          0    p    2    1
  3  -4.52725e+00   1.54038e-06          0    p    2    0
  4  -4.52725e+00   8.39656e-08        616    p    2    1
  5  -4.52307e+00   1.71939e-07          0    p    2    1
  6  -6.50620e-01   1.72598e-06          0    p    2    0
  7  -4.94477e-01   3.71638e-06          0    p    2    0
  8  -3.25623e-01   9.32283e-06       1320    p    2    0
  9  -2.59263e-01   5.82960e-06          0    p    2    0
 10  -2.59262e-01   4.16849e-06          0    p    2    0
------------------------------------------------------------
 Total error:                            1.25522e-05    0
============================================================


============================================================
                    Energy                 Update      Done 
------------------------------------------------------------
 Orbital      -2.162015008705824e+02    -4.99566e-05    1
 Kinetic       3.791960689415023e+02    -2.63295e-05    1
 N-E          -9.760596761919979e+02     7.30853e-05    1
 Coulomb       2.088684053794142e+02    -5.13831e-05    1
 Exchange      0.000000000000000e+00     0.00000e+00    1
 X-C          -2.873626041459441e+01     4.62372e-06    1
------------------------------------------------------------
 Electronic   -4.167314935273067e+02    -1.48367e-09    1
 Nuclear       3.690393800108186e+01     0.00000e+00    1
------------------------------------------------------------
 Total        -3.798275555262248e+02    -1.48367e-09    1
============================================================


################ Wall time: 5.71426e+02 sec ################




####################### SCF cycle  8 #######################


============================================================
 Current precision                              1.00000e-07
------------------------------------------------------------
 Orbital threshold                              1.00000e-06
 Property threshold                            -1.00000e+00
============================================================


============================================================
                   Calculating SCF energy
------------------------------------------------------------
 Nuclear energy                       3.690393800108186e+01
 Electronic energy                   -4.167314935278821e+02
------------------------------------------------------------
 Total energy                        -3.798275555268002e+02
------------------------------------------------------------
                 Wall time: 3.59500e+01 sec 
============================================================


============================================================
                Rotating Helmholtz argument
------------------------------------------------------------
 Rotating orbitals                              3.70701e+00
------------------------------------------------------------
                 Wall time: 3.70709e+00 sec 
============================================================


============================================================
                Applying Helmholtz operators
------------------------------------------------------------
 Orb    RealNorm   Nodes     ImagNorm   Nodes     Timing
------------------------------------------------------------
  0    1.00000e+00   776    0.00000e+00     0   7.68559e+01
  4    1.00000e+00   616    0.00000e+00     0   7.32480e+01
  8    1.00000e+00  1320    0.00000e+00     0   1.62583e+02
------------------------------------------------------------
                 Wall time: 3.12715e+02 sec 
============================================================


============================================================
                 Lowdin orthonormalization
------------------------------------------------------------
 Computing Lowdin matrix                        5.07554e+01
 Rotating orbitals                              3.04981e+00
------------------------------------------------------------
                 Wall time: 5.38053e+01 sec 
============================================================


============================================================
               Iterative subspace accelerator
------------------------------------------------------------
 Push back orbitals                             2.48523e-01
 Setup linear system                            2.55177e+00
 Solve linear system                            9.49800e-06
 Expand solution                                2.98697e+00
------------------------------------------------------------
                 Wall time: 5.78740e+00 sec 
============================================================


============================================================
                 Lowdin orthonormalization
------------------------------------------------------------
 Computing Lowdin matrix                        1.61057e+00
 Rotating orbitals                              2.84988e+00
------------------------------------------------------------
                 Wall time: 4.46054e+00 sec 
============================================================


============================================================
                  Setting up Fock operator
------------------------------------------------------------
 Precision                                      1.00000e-07
------------------------------------------------------------
 Coulomb density                      1576      3.14531e+00
 Coulomb potential                     616      7.23436e+01
 Allreduce potential                   744      3.19849e+00
 XC total density                     1864      4.04164e+00
 XC evaluate xcfun                    9320      3.08625e+01
 XC energy                            1864      1.60958e-04
 XC potential                         1864      1.02032e+00
------------------------------------------------------------
                 Wall time: 1.15361e+02 sec 
============================================================


============================================================
                  Calculating Fock matrix
------------------------------------------------------------
 Kinetic part                         8.777890405000001e+00
 Potential part                       3.652941960200000e+01
------------------------------------------------------------
                 Wall time: 4.53074e+01 sec 
============================================================


============================================================
                          Orbitals
------------------------------------------------------------
 Orb    F(i,i)        Error         nNodes  Spin  Occ  Done 
------------------------------------------------------------
  0  -7.63001e+01   2.59144e-08        616    p    2    1
  1  -9.92282e+00   1.51564e-07          0    p    2    1
  2  -6.31097e+00   1.18249e-07          0    p    2    1
  3  -4.52725e+00   8.58035e-07          0    p    2    1
  4  -4.52725e+00   1.18836e-07        616    p    2    1
  5  -4.52307e+00   2.24452e-07          0    p    2    1
  6  -6.50621e-01   1.05962e-06          0    p    2    0
  7  -4.94477e-01   3.92750e-06          0    p    2    0
  8  -3.25623e-01   4.17198e-06       1320    p    2    0
  9  -2.59264e-01   4.32115e-06          0    p    2    0
 10  -2.59263e-01   2.87129e-06          0    p    2    0
------------------------------------------------------------
 Total error:                            7.85547e-06    0
============================================================


============================================================
                    Energy                 Update      Done 
------------------------------------------------------------
 Orbital      -2.162014666029306e+02     3.42677e-05    1
 Kinetic       3.791960870551317e+02     1.81136e-05    1
 N-E          -9.760597263399483e+02    -5.01480e-05    1
 Coulomb       2.088684406451332e+02     3.52657e-05    1
 Exchange      0.000000000000000e+00     0.00000e+00    1
 X-C          -2.873626365392819e+01    -3.23933e-06    1
------------------------------------------------------------
 Electronic   -4.167314935278821e+02    -5.75426e-10    1
 Nuclear       3.690393800108186e+01     0.00000e+00    1
------------------------------------------------------------
 Total        -3.798275555268002e+02    -5.75426e-10    1
============================================================


################ Wall time: 5.79182e+02 sec ################




####################### SCF cycle  9 #######################


============================================================
 Current precision                              1.00000e-07
------------------------------------------------------------
 Orbital threshold                              1.00000e-06
 Property threshold                            -1.00000e+00
============================================================


============================================================
                   Calculating SCF energy
------------------------------------------------------------
 Nuclear energy                       3.690393800108186e+01
 Electronic energy                   -4.167314935280834e+02
------------------------------------------------------------
 Total energy                        -3.798275555270016e+02
------------------------------------------------------------
                 Wall time: 3.75500e+01 sec 
============================================================


============================================================
                Rotating Helmholtz argument
------------------------------------------------------------
 Rotating orbitals                              3.64640e+00
------------------------------------------------------------
                 Wall time: 3.64650e+00 sec 
============================================================


============================================================
                Applying Helmholtz operators
------------------------------------------------------------
 Orb    RealNorm   Nodes     ImagNorm   Nodes     Timing
------------------------------------------------------------
  0    1.00000e+00   776    0.00000e+00     0   8.00276e+01
  4    1.00000e+00   616    0.00000e+00     0   7.04014e+01
  8    1.00000e+00  1320    0.00000e+00     0   1.72255e+02
------------------------------------------------------------
                 Wall time: 3.22700e+02 sec 
============================================================


============================================================
                 Lowdin orthonormalization
------------------------------------------------------------
 Computing Lowdin matrix                        5.32868e+01
 Rotating orbitals                              2.83009e+00
------------------------------------------------------------
                 Wall time: 5.61170e+01 sec 
============================================================


============================================================
               Iterative subspace accelerator
------------------------------------------------------------
 Push back orbitals                             2.82309e-01
 Setup linear system                            2.67450e+00
 Solve linear system                            9.43800e-06
 Expand solution                                3.15389e+00
------------------------------------------------------------
                 Wall time: 6.11085e+00 sec 
============================================================


============================================================
                 Lowdin orthonormalization
------------------------------------------------------------
 Computing Lowdin matrix                        1.68529e+00
 Rotating orbitals                              2.87721e+00
------------------------------------------------------------
                 Wall time: 4.56258e+00 sec 
============================================================


============================================================
                  Setting up Fock operator
------------------------------------------------------------
 Precision                                      1.00000e-07
------------------------------------------------------------
 Coulomb density                      1576      3.13055e+00
 Coulomb potential                     616      7.31124e+01
 Allreduce potential                   744      3.72204e+00
 XC total density                     1864      4.14565e+00
 XC evaluate xcfun                    9320      3.13239e+01
 XC energy                            1864      1.58501e-04
 XC potential                         1864      1.00186e+00
------------------------------------------------------------
                 Wall time: 1.17192e+02 sec 
============================================================


============================================================
                  Calculating Fock matrix
------------------------------------------------------------
 Kinetic part                         8.888367570000000e+00
 Potential part                       3.672322105900000e+01
------------------------------------------------------------
                 Wall time: 4.56117e+01 sec 
============================================================


============================================================
                          Orbitals
------------------------------------------------------------
 Orb    F(i,i)        Error         nNodes  Spin  Occ  Done 
------------------------------------------------------------
  0  -7.63001e+01   9.78029e-09        616    p    2    1
  1  -9.92282e+00   4.12942e-08          0    p    2    1
  2  -6.31097e+00   1.68312e-07          0    p    2    1
  3  -4.52725e+00   3.40218e-07          0    p    2    1
  4  -4.52725e+00   5.28610e-08        616    p    2    1
  5  -4.52307e+00   1.11580e-07          0    p    2    1
  6  -6.50621e-01   3.11160e-07          0    p    2    1
  7  -4.94477e-01   2.02100e-06          0    p    2    0
  8  -3.25623e-01   9.15931e-07       1320    p    2    1
  9  -2.59264e-01   1.69642e-06          0    p    2    0
 10  -2.59263e-01   7.72484e-07          0    p    2    1
------------------------------------------------------------
 Total error:                            2.94209e-06    0
============================================================


============================================================
                    Energy                 Update      Done 
------------------------------------------------------------
 Orbital      -2.162014857861215e+02    -1.91832e-05    1
 Kinetic       3.791960770571891e+02    -9.99794e-06    1
 N-E          -9.760596984210491e+02     2.79189e-05    1
 Coulomb       2.088684209024308e+02    -1.97427e-05    1
 Exchange      0.000000000000000e+00     0.00000e+00    1
 X-C          -2.873626184005869e+01     1.81387e-06    1
------------------------------------------------------------
 Electronic   -4.167314935280834e+02    -2.01339e-10    1
 Nuclear       3.690393800108186e+01     0.00000e+00    1
------------------------------------------------------------
 Total        -3.798275555270016e+02    -2.01339e-10    1
============================================================


################ Wall time: 5.95750e+02 sec ################




####################### SCF cycle 10 #######################


============================================================
 Current precision                              1.00000e-07
------------------------------------------------------------
 Orbital threshold                              1.00000e-06
 Property threshold                            -1.00000e+00
============================================================


============================================================
                   Calculating SCF energy
------------------------------------------------------------
 Nuclear energy                       3.690393800108186e+01
 Electronic energy                   -4.167314935281092e+02
------------------------------------------------------------
 Total energy                        -3.798275555270273e+02
------------------------------------------------------------
                 Wall time: 3.84351e+01 sec 
============================================================


============================================================
                Rotating Helmholtz argument
------------------------------------------------------------
 Rotating orbitals                              3.65094e+00
------------------------------------------------------------
                 Wall time: 3.65104e+00 sec 
============================================================


============================================================
                Applying Helmholtz operators
------------------------------------------------------------
 Orb    RealNorm   Nodes     ImagNorm   Nodes     Timing
------------------------------------------------------------
  0    1.00000e+00   776    0.00000e+00     0   8.01768e+01
  4    1.00000e+00   616    0.00000e+00     0   7.03220e+01
  8    1.00000e+00  1320    0.00000e+00     0   1.68323e+02
------------------------------------------------------------
                 Wall time: 3.18837e+02 sec 
============================================================


============================================================
                 Lowdin orthonormalization
------------------------------------------------------------
 Computing Lowdin matrix                        6.13626e+01
 Rotating orbitals                              2.76114e+00
------------------------------------------------------------
                 Wall time: 6.41239e+01 sec 
============================================================


============================================================
               Iterative subspace accelerator
------------------------------------------------------------
 Push back orbitals                             1.69636e-01
 Setup linear system                            2.57474e+00
 Solve linear system                            9.13400e-06
 Expand solution                                2.88705e+00
------------------------------------------------------------
                 Wall time: 5.63158e+00 sec 
============================================================


============================================================
                 Lowdin orthonormalization
------------------------------------------------------------
 Computing Lowdin matrix                        1.71486e+00
 Rotating orbitals                              2.75647e+00
------------------------------------------------------------
                 Wall time: 4.47141e+00 sec 
============================================================


============================================================
                  Setting up Fock operator
------------------------------------------------------------
 Precision                                      1.00000e-07
------------------------------------------------------------
 Coulomb density                      1576      3.07316e+00
 Coulomb potential                     616      7.40455e+01
 Allreduce potential                   744      2.87278e+00
 XC total density                     1864      4.10501e+00
 XC evaluate xcfun                    9320      3.07351e+01
 XC energy                            1864      1.86632e-04
 XC potential                         1864      1.02654e+00
------------------------------------------------------------
                 Wall time: 1.16626e+02 sec 
============================================================


============================================================
                  Calculating Fock matrix
------------------------------------------------------------
 Kinetic part                         9.299106360000000e+00
 Potential part                       3.698683765900000e+01
------------------------------------------------------------
                 Wall time: 4.62861e+01 sec 
============================================================


============================================================
                          Orbitals
------------------------------------------------------------
 Orb    F(i,i)        Error         nNodes  Spin  Occ  Done 
------------------------------------------------------------
  0  -7.63001e+01   9.64556e-09        616    p    2    1
  1  -9.92282e+00   2.07279e-08          0    p    2    1
  2  -6.31097e+00   9.40644e-08          0    p    2    1
  3  -4.52725e+00   1.25531e-07          0    p    2    1
  4  -4.52725e+00   8.93334e-09        616    p    2    1
  5  -4.52307e+00   4.18479e-08          0    p    2    1
  6  -6.50621e-01   1.78326e-07          0    p    2    1
  7  -4.94477e-01   7.84655e-07          0    p    2    1
  8  -3.25623e-01   3.98523e-07       1320    p    2    1
  9  -2.59264e-01   5.74877e-07          0    p    2    1
 10  -2.59263e-01   1.18586e-07          0    p    2    1
------------------------------------------------------------
 Total error:                            1.08527e-06    1
============================================================


============================================================
                    Energy                 Update      Done 
------------------------------------------------------------
 Orbital      -2.162014808151926e+02     4.97093e-06    1
 Kinetic       3.791960796722439e+02     2.61505e-06    1
 N-E          -9.760597056829688e+02    -7.26192e-06    1
 Coulomb       2.088684260185206e+02     5.11609e-06    1
 Exchange      0.000000000000000e+00     0.00000e+00    1
 X-C          -2.873626231069662e+01    -4.70638e-07    1
------------------------------------------------------------
 Electronic   -4.167314935281092e+02    -2.57501e-11    1
 Nuclear       3.690393800108186e+01     0.00000e+00    1
------------------------------------------------------------
 Total        -3.798275555270273e+02    -2.57501e-11    1
============================================================


################ Wall time: 6.00305e+02 sec ################


============================================================
                      Convergence rate
------------------------------------------------------------
Iter    OrbError       Property                   Update  
------------------------------------------------------------
  1    3.55106e-03    -3.798275399034018e+02   -3.79828e+02
  2    4.77733e-04    -3.798275548950832e+02   -1.49917e-05
  3    2.04826e-04    -3.798275553511834e+02   -4.56100e-07
  4    1.46248e-04    -3.798275554624759e+02   -1.11293e-07
  5    9.03860e-05    -3.798275555144273e+02   -5.19514e-08
  6    2.76372e-05    -3.798275555247411e+02   -1.03138e-08
  7    1.25522e-05    -3.798275555262248e+02   -1.48367e-09
  8    7.85547e-06    -3.798275555268002e+02   -5.75426e-10
  9    2.94209e-06    -3.798275555270016e+02   -2.01339e-10
 10    1.08527e-06    -3.798275555270273e+02   -2.57501e-11
------------------------------------------------------------
                      SCF converged!!!                      
============================================================


============================================================
                  Digonalizing Fock matrix
------------------------------------------------------------
 Computing Lowdin matrix                        5.51356e-01
 Diagonalizing matrix                           2.41770e-05
 Rotating orbitals                              3.52423e+00
------------------------------------------------------------
                 Wall time: 4.07570e+00 sec 
============================================================


============================================================
                  Setting up Fock operator
------------------------------------------------------------
 Precision                                      1.00000e-07
------------------------------------------------------------
 Coulomb density                      1608      3.16147e+00
 Coulomb potential                     616      6.21696e+01
 Allreduce potential                   744      5.54950e+00
 XC total density                     1896      4.35465e+00
 XC evaluate xcfun                    9480      3.06456e+01
 XC energy                            1896      1.54276e-04
 XC potential                         1896      8.81132e-01
------------------------------------------------------------
                 Wall time: 1.07444e+02 sec 
============================================================


============================================================
                   Calculating SCF energy
------------------------------------------------------------
------------------------------------------------------------
                 Wall time: 4.22445e+01 sec 
============================================================


============================================================
                 Calculating dipole moment
------------------------------------------------------------
------------------------------------------------------------
                 Wall time: 1.61668e+01 sec 
============================================================


============================================================
                        Fock matrix
------------------------------------------------------------
-7.63001e+01  0.00000e+00  0.00000e+00  0.00000e+00  0.00000e+00  0.00000e+00  0.00000e+00  0.00000e+00  0.00000e+00  0.00000e+00  0.00000e+00
 0.00000e+00 -9.92282e+00  0.00000e+00  0.00000e+00  0.00000e+00  0.00000e+00  0.00000e+00  0.00000e+00  0.00000e+00  0.00000e+00  0.00000e+00
 0.00000e+00  0.00000e+00 -6.31097e+00  0.00000e+00  0.00000e+00  0.00000e+00  0.00000e+00  0.00000e+00  0.00000e+00  0.00000e+00  0.00000e+00
 0.00000e+00  0.00000e+00  0.00000e+00 -4.52725e+00  0.00000e+00  0.00000e+00  0.00000e+00  0.00000e+00  0.00000e+00  0.00000e+00  0.00000e+00
 0.00000e+00  0.00000e+00  0.00000e+00  0.00000e+00 -4.52725e+00  0.00000e+00  0.00000e+00  0.00000e+00  0.00000e+00  0.00000e+00  0.00000e+00
 0.00000e+00  0.00000e+00  0.00000e+00  0.00000e+00  0.00000e+00 -4.52307e+00  0.00000e+00  0.00000e+00  0.00000e+00  0.00000e+00  0.00000e+00
 0.00000e+00  0.00000e+00  0.00000e+00  0.00000e+00  0.00000e+00  0.00000e+00 -6.50621e-01  0.00000e+00  0.00000e+00  0.00000e+00  0.00000e+00
 0.00000e+00  0.00000e+00  0.00000e+00  0.00000e+00  0.00000e+00  0.00000e+00  0.00000e+00 -4.94477e-01  0.00000e+00  0.00000e+00  0.00000e+00
 0.00000e+00  0.00000e+00  0.00000e+00  0.00000e+00  0.00000e+00  0.00000e+00  0.00000e+00  0.00000e+00 -3.25623e-01  0.00000e+00  0.00000e+00
 0.00000e+00  0.00000e+00  0.00000e+00  0.00000e+00  0.00000e+00  0.00000e+00  0.00000e+00  0.00000e+00  0.00000e+00 -2.59264e-01  0.00000e+00
 0.00000e+00  0.00000e+00  0.00000e+00  0.00000e+00  0.00000e+00  0.00000e+00  0.00000e+00  0.00000e+00  0.00000e+00  0.00000e+00 -2.59263e-01
============================================================


============================================================
                      Orbital energies
------------------------------------------------------------
    n  spin  occ                            epsilon  
------------------------------------------------------------
    0    p    2                      -7.630012762017370e+01
    1    p    2                      -9.922821301832821e+00
    2    p    2                      -6.310970268424463e+00
    3    p    2                      -4.527250101008789e+00
    4    p    2                      -4.527249864212705e+00
    5    p    2                      -4.523074235244695e+00
    6    p    2                      -6.506209389207224e-01
    7    p    2                      -4.944772662081557e-01
    8    p    2                      -3.256229779448076e-01
    9    p    2                      -2.592636021300858e-01
   10    p    2                      -2.592626099250920e-01
============================================================


============================================================
                          Molecule
------------------------------------------------------------
 Nr  Element             x             y             z      
------------------------------------------------------------
  1     C           0.00000e+00   0.00000e+00   0.00000e+00
  2     H           0.00000e+00   0.00000e+00   2.01634e+00
  3     P           0.00000e+00   0.00000e+00  -2.91396e+00
------------------------------------------------------------
 Center of mass:    0.00000e+00   0.00000e+00  -2.00542e+00
============================================================


                                                            
============================================================
                         SCF Energy                         
------------------------------------------------------------
                                                            
 Sum orbital energy:                 -2.162014815720521e+02
 Kinetic energy:                      3.791960792444599e+02
 E-N energy:                         -9.760597045911774e+02
 Coulomb energy:                      2.088684252388594e+02
 Exchange energy:                     0.000000000000000e+00
 X-C energy:                         -2.873626223635481e+01
 El. external field energy:          -3.122589098364074e-05
 Nuc. external field energy:         -1.447871647912663e-14
                                                            
------------------------------------------------------------
                                                            
 Electronic energy:                  -4.167314935701038e+02
 Nuclear energy:                      3.690393800108186e+01
                                                            
------------------------------------------------------------
                                                            
 Total energy       (au)             -3.798275555690219e+02
                    (kJ/mol)         -9.972371028119959e+05
                    (kcal/mol)       -2.383453877066849e+05
                    (eV)             -1.033563386718893e+04
                                                            
============================================================
                                                            

                                                            
============================================================
                         Dipole moment                      
------------------------------------------------------------
                                                            
 Length of vector:   (au)                  1.4969103133e-01
                     (Debye)               3.8047661471e-01
                                                            
-------------------------- Total ---------------------------
                                                            
 [-8.4378105598e-11, -3.1225890998e-02,  1.4639791185e-01] 
                                                            
------------------------- Nuclear --------------------------
                                                            
 [-1.4395393586e-11, -1.4478716479e-11,  2.4261677474e+00] 
                                                            
------------------------ Electronic ------------------------
                                                            
 [-6.9982712012e-11, -3.1225890984e-02, -2.2797698356e+00] 
                                                            
============================================================
                                                            



************************************************************
***                                                      ***
***                    Exiting MRChem                    ***
***                                                      ***
***               Wall time: 5.988323e+03                ***
***                                                      ***
************************************************************


