


************************************************************
***     __  __ ____   ____ _                             ***
***    |  \/  |  _ \ / ___| |__   ___ _ __ ___           ***
***    | |\/| | |_) | |   | '_ \ / _ \ '_ ` _ \          ***
***    | |  | |  _ <| |___| | | |  __/ | | | | |         ***
***    |_|  |_|_| \_\\____|_| |_|\___|_| |_| |_|         ***
***                                                      ***
***    VERSION 0.0.1 (rev. 1c6f79f)                     ***
***                                                      ***
***    Stig Rune Jensen <stig.r.jensen@uit.no>           ***
***    Luca Frediani    <luca.frediani@uit.no>           ***
***    Peter Wind       <peter.wind@uit.no>              ***
***                                                      ***
************************************************************


+++ Parallel execution: 
  MPI hosts available     : 4
  Threads/host            : 2
  Total used CPUs         : 8


------------------------------------------------------------

 MRCPP version   : X.Y.Z
 Git revision    : bbc2aed

 Linear algebra  : EIGEN
 Parallelization : MPI/OpenMP

------------------------------------------------------------




============================================================
                  MultiResolution Analysis                  
------------------------------------------------------------
 polynomial order = 11
 polynomial type  = Interpolating
------------------------------------------------------------
 total boxes      = 8
 boxes            = [           2           2           2 ]
 unit lengths     = [    32.00000    32.00000    32.00000 ]
 scaling factor   = [     1.00000     1.00000     1.00000 ]
 lower bounds     = [   -32.00000   -32.00000   -32.00000 ]
 upper bounds     = [    32.00000    32.00000    32.00000 ]
 total length     = [    64.00000    64.00000    64.00000 ]
============================================================


============================================================
                          Molecule
------------------------------------------------------------
 Nr  Element             x             y             z      
------------------------------------------------------------
  1     F           0.00000e+00   0.00000e+00   0.00000e+00
  2     H           0.00000e+00   0.00000e+00   1.73250e+00
------------------------------------------------------------
 Center of mass:    0.00000e+00   0.00000e+00   8.72852e-02
============================================================


============================================================
                Setting up nuclear potential
------------------------------------------------------------
 Nr  Element         Charge        Precision     Smoothing 
------------------------------------------------------------
  1     F           9.00000e+00   1.00000e-07   1.94577e-05
  2     H           1.00000e+00   1.00000e-07   7.57698e-04
------------------------------------------------------------
 Nuclear potential                    1352      1.17094e+00
 Allreduce potential                  1992      6.37694e-01
------------------------------------------------------------
                 Wall time: 1.80875e+00 sec 
============================================================


============================================================
 OrbitalVector:   5 orbitals     5 occupied    10 electrons
------------------------------------------------------------
   n  RankID           Norm          Spin Occ      Error    
------------------------------------------------------------
   0     0       1.000000000000e+00    p   2    1.00000e+00
   1     1      -1.000000000000e+00    p   2    1.00000e+00
   2     2      -1.000000000000e+00    p   2    1.00000e+00
   3     3      -1.000000000000e+00    p   2    1.00000e+00
   4     0       1.000000000000e+00    p   2    1.00000e+00
============================================================


============================================================
                  Setting up Fock operator
------------------------------------------------------------
 Precision                                      1.00000e-07
------------------------------------------------------------
 Coulomb density                       840      1.29010e+00
 Coulomb potential                     520      4.84457e+01
 Allreduce potential                   520      1.55685e-01
 XC total density                     1096      1.64536e+00
 XC evaluate xcfun                    2192      5.16442e+00
 XC energy                            1096      1.64495e-04
 XC potential                         1096      6.86245e-02
------------------------------------------------------------
                 Wall time: 5.67895e+01 sec 
============================================================


============================================================
                  Calculating Fock matrix
------------------------------------------------------------
 Kinetic part                         4.187736595000000e+00
 Potential part                       1.100258867600000e+01
------------------------------------------------------------
                 Wall time: 1.51905e+01 sec 
============================================================




####################### SCF cycle  1 #######################


============================================================
 Current precision                              1.00000e-07
------------------------------------------------------------
 Orbital threshold                              1.00000e-06
 Property threshold                            -1.00000e+00
============================================================


============================================================
                  Digonalizing Fock matrix
------------------------------------------------------------
 Computing Lowdin matrix                        2.18936e-01
 Diagonalizing matrix                           1.15400e-05
 Rotating orbitals                              1.05520e+00
------------------------------------------------------------
                 Wall time: 1.27423e+00 sec 
============================================================


============================================================
                   Calculating SCF energy
------------------------------------------------------------
 Nuclear energy                       5.194802835929940e+00
 Electronic energy                   -1.050467460089045e+02
------------------------------------------------------------
 Total energy                        -9.985194317297453e+01
------------------------------------------------------------
                 Wall time: 1.00278e+01 sec 
============================================================


============================================================
                Rotating Helmholtz argument
------------------------------------------------------------
 Rotating orbitals                              3.19447e-01
------------------------------------------------------------
                 Wall time: 3.19541e-01 sec 
============================================================


============================================================
                Applying Helmholtz operators
------------------------------------------------------------
 Orb    RealNorm   Nodes     ImagNorm   Nodes     Timing
------------------------------------------------------------
  0    1.00000e+00   776    0.00000e+00     0   7.73454e+01
  4    1.00000e+00   568    0.00000e+00     0   5.95672e+01
------------------------------------------------------------
                 Wall time: 1.36913e+02 sec 
============================================================


============================================================
                 Lowdin orthonormalization
------------------------------------------------------------
 Computing Lowdin matrix                        1.95740e-01
 Rotating orbitals                              9.95487e-01
------------------------------------------------------------
                 Wall time: 1.19132e+00 sec 
============================================================


============================================================
               Iterative subspace accelerator
------------------------------------------------------------
 Push back orbitals                             4.37200e-05
 Copy orbitals                                  6.51655e-02
 Copy orbital updates                           6.51592e-02
------------------------------------------------------------
                 Wall time: 1.30495e-01 sec 
============================================================


============================================================
                 Lowdin orthonormalization
------------------------------------------------------------
 Computing Lowdin matrix                        1.95197e-01
 Rotating orbitals                              4.49619e-01
------------------------------------------------------------
                 Wall time: 6.44909e-01 sec 
============================================================


============================================================
                  Setting up Fock operator
------------------------------------------------------------
 Precision                                      1.00000e-07
------------------------------------------------------------
 Coulomb density                       840      1.20646e+00
 Coulomb potential                     520      4.96391e+01
 Allreduce potential                   520      1.55370e-01
 XC total density                     1096      1.49488e+00
 XC evaluate xcfun                    2192      5.15931e+00
 XC energy                            1096      1.57003e-04
 XC potential                         1096      4.97841e-02
------------------------------------------------------------
                 Wall time: 5.77238e+01 sec 
============================================================


============================================================
                  Calculating Fock matrix
------------------------------------------------------------
 Kinetic part                         3.353962659000000e+00
 Potential part                       1.038291030800000e+01
------------------------------------------------------------
                 Wall time: 1.37370e+01 sec 
============================================================


============================================================
                          Orbitals
------------------------------------------------------------
 Orb    F(i,i)        Error         nNodes  Spin  Occ  Done 
------------------------------------------------------------
  0  -2.40876e+01   3.84122e-06        776    p    2    0
  1  -1.09715e+00   1.48248e-04          0    p    2    0
  2  -4.99056e-01   4.36948e-04          0    p    2    0
  3  -3.60927e-01   5.41495e-04          0    p    2    0
  4  -3.60928e-01   1.06618e-03        568    p    2    0
------------------------------------------------------------
 Total error:                            1.28175e-03    0
============================================================


============================================================
                    Energy                 Update      Done 
------------------------------------------------------------
 Orbital      -5.281138499874034e+01    -5.28114e+01    1
 Kinetic       9.942291722961323e+01     9.94229e+01    1
 N-E          -2.497925440639021e+02    -2.49793e+02    1
 Coulomb       5.546230755791890e+01     5.54623e+01    1
 Exchange      0.000000000000000e+00     0.00000e+00    1
 X-C          -1.013942673258593e+01    -1.01394e+01    1
------------------------------------------------------------
 Electronic   -1.050467460089045e+02    -1.05047e+02    1
 Nuclear       5.194802835929940e+00     5.19480e+00    1
------------------------------------------------------------
 Total        -9.985194317297453e+01    -9.98519e+01    1
============================================================


################ Wall time: 2.22116e+02 sec ################




####################### SCF cycle  2 #######################


============================================================
 Current precision                              1.00000e-07
------------------------------------------------------------
 Orbital threshold                              1.00000e-06
 Property threshold                            -1.00000e+00
============================================================


============================================================
                  Digonalizing Fock matrix
------------------------------------------------------------
 Computing Lowdin matrix                        1.95717e-01
 Diagonalizing matrix                           8.59700e-06
 Rotating orbitals                              9.87620e-01
------------------------------------------------------------
                 Wall time: 1.18344e+00 sec 
============================================================


============================================================
                   Calculating SCF energy
------------------------------------------------------------
 Nuclear energy                       5.194802835929940e+00
 Electronic energy                   -1.050467488893905e+02
------------------------------------------------------------
 Total energy                        -9.985194605346059e+01
------------------------------------------------------------
                 Wall time: 1.01380e+01 sec 
============================================================


============================================================
                Rotating Helmholtz argument
------------------------------------------------------------
 Rotating orbitals                              3.16457e-01
------------------------------------------------------------
                 Wall time: 3.16562e-01 sec 
============================================================


============================================================
                Applying Helmholtz operators
------------------------------------------------------------
 Orb    RealNorm   Nodes     ImagNorm   Nodes     Timing
------------------------------------------------------------
  0    1.00000e+00   776    0.00000e+00     0   7.92706e+01
  4    1.00000e+00   552    0.00000e+00     0   5.91798e+01
------------------------------------------------------------
                 Wall time: 1.38451e+02 sec 
============================================================


============================================================
                 Lowdin orthonormalization
------------------------------------------------------------
 Computing Lowdin matrix                        1.94054e-01
 Rotating orbitals                              9.42225e-01
------------------------------------------------------------
                 Wall time: 1.13636e+00 sec 
============================================================


============================================================
               Iterative subspace accelerator
------------------------------------------------------------
 Push back orbitals                             4.14230e-05
 Copy orbitals                                  6.41839e-02
 Copy orbital updates                           6.35307e-02
------------------------------------------------------------
                 Wall time: 1.27871e-01 sec 
============================================================


============================================================
                 Lowdin orthonormalization
------------------------------------------------------------
 Computing Lowdin matrix                        1.91079e-01
 Rotating orbitals                              4.42732e-01
------------------------------------------------------------
                 Wall time: 6.33891e-01 sec 
============================================================


============================================================
                  Setting up Fock operator
------------------------------------------------------------
 Precision                                      1.00000e-07
------------------------------------------------------------
 Coulomb density                       840      1.17224e+00
 Coulomb potential                     520      4.95154e+01
 Allreduce potential                   520      1.58843e-01
 XC total density                     1096      1.49516e+00
 XC evaluate xcfun                    2192      5.19442e+00
 XC energy                            1096      1.56006e-04
 XC potential                         1096      4.99067e-02
------------------------------------------------------------
                 Wall time: 5.76041e+01 sec 
============================================================


============================================================
                  Calculating Fock matrix
------------------------------------------------------------
 Kinetic part                         3.371096738000000e+00
 Potential part                       1.031222576900000e+01
------------------------------------------------------------
                 Wall time: 1.36835e+01 sec 
============================================================


============================================================
                          Orbitals
------------------------------------------------------------
 Orb    F(i,i)        Error         nNodes  Spin  Occ  Done 
------------------------------------------------------------
  0  -2.40876e+01   4.50838e-07        776    p    2    1
  1  -1.09715e+00   4.19836e-05          0    p    2    0
  2  -4.99058e-01   5.12720e-05          0    p    2    0
  3  -3.60930e-01   1.77690e-04          0    p    2    0
  4  -3.60929e-01   5.76511e-05        552    p    2    0
------------------------------------------------------------
 Total error:                            1.98215e-04    0
============================================================


============================================================
                    Energy                 Update      Done 
------------------------------------------------------------
 Orbital      -5.281140253749805e+01    -1.75388e-05    1
 Kinetic       9.942290144370820e+01    -1.57859e-05    1
 N-E          -2.497925125897144e+02     3.14742e-05    1
 Coulomb       5.546229233289809e+01    -1.52250e-05    1
 Exchange      0.000000000000000e+00     0.00000e+00    1
 X-C          -1.013942496425615e+01     1.76833e-06    1
------------------------------------------------------------
 Electronic   -1.050467488893905e+02    -2.88049e-06    1
 Nuclear       5.194802835929940e+00     0.00000e+00    1
------------------------------------------------------------
 Total        -9.985194605346059e+01    -2.88049e-06    1
============================================================


################ Wall time: 2.23430e+02 sec ################




####################### SCF cycle  3 #######################


============================================================
 Current precision                              1.00000e-07
------------------------------------------------------------
 Orbital threshold                              1.00000e-06
 Property threshold                            -1.00000e+00
============================================================


============================================================
                   Calculating SCF energy
------------------------------------------------------------
 Nuclear energy                       5.194802835929940e+00
 Electronic energy                   -1.050467489595147e+02
------------------------------------------------------------
 Total energy                        -9.985194612358474e+01
------------------------------------------------------------
                 Wall time: 1.03510e+01 sec 
============================================================


============================================================
                Rotating Helmholtz argument
------------------------------------------------------------
 Rotating orbitals                              9.68344e-01
------------------------------------------------------------
                 Wall time: 9.68446e-01 sec 
============================================================


============================================================
                Applying Helmholtz operators
------------------------------------------------------------
 Orb    RealNorm   Nodes     ImagNorm   Nodes     Timing
------------------------------------------------------------
  0    1.00000e+00   776    0.00000e+00     0   7.78082e+01
  4    1.00000e+00   552    0.00000e+00     0   5.89017e+01
------------------------------------------------------------
                 Wall time: 1.36710e+02 sec 
============================================================


============================================================
                 Lowdin orthonormalization
------------------------------------------------------------
 Computing Lowdin matrix                        1.91796e-01
 Rotating orbitals                              9.36626e-01
------------------------------------------------------------
                 Wall time: 1.12851e+00 sec 
============================================================


============================================================
               Iterative subspace accelerator
------------------------------------------------------------
 Push back orbitals                             4.12320e-05
 Setup linear system                            1.75731e-01
 Solve linear system                            1.21070e-05
 Expand solution                                7.30127e-01
------------------------------------------------------------
                 Wall time: 9.06029e-01 sec 
============================================================


============================================================
                 Lowdin orthonormalization
------------------------------------------------------------
 Computing Lowdin matrix                        3.43016e-01
 Rotating orbitals                              8.22872e-01
------------------------------------------------------------
                 Wall time: 1.16598e+00 sec 
============================================================


============================================================
                  Setting up Fock operator
------------------------------------------------------------
 Precision                                      1.00000e-07
------------------------------------------------------------
 Coulomb density                       840      1.20457e+00
 Coulomb potential                     520      4.92309e+01
 Allreduce potential                   520      1.56277e-01
 XC total density                     1096      1.51693e+00
 XC evaluate xcfun                    2192      5.18681e+00
 XC energy                            1096      1.60202e-04
 XC potential                         1096      5.42445e-02
------------------------------------------------------------
                 Wall time: 5.73695e+01 sec 
============================================================


============================================================
                  Calculating Fock matrix
------------------------------------------------------------
 Kinetic part                         3.372141187000000e+00
 Potential part                       1.033435800000000e+01
------------------------------------------------------------
                 Wall time: 1.37069e+01 sec 
============================================================


============================================================
                          Orbitals
------------------------------------------------------------
 Orb    F(i,i)        Error         nNodes  Spin  Occ  Done 
------------------------------------------------------------
  0  -2.40876e+01   2.94903e-07        776    p    2    1
  1  -1.09715e+00   1.16605e-05          0    p    2    0
  2  -4.99057e-01   1.29723e-05          0    p    2    0
  3  -3.60929e-01   5.43536e-05          0    p    2    0
  4  -3.60928e-01   1.03680e-05        552    p    2    0
------------------------------------------------------------
 Total error:                            5.80184e-05    0
============================================================


============================================================
                    Energy                 Update      Done 
------------------------------------------------------------
 Orbital      -5.281142622093245e+01    -2.36834e-05    1
 Kinetic       9.942288700809256e+01    -1.44356e-05    1
 N-E          -2.497924759608647e+02     3.66288e-05    1
 Coulomb       5.546226778885223e+01    -2.45440e-05    1
 Exchange      0.000000000000000e+00     0.00000e+00    1
 X-C          -1.013942203356464e+01     2.93069e-06    1
------------------------------------------------------------
 Electronic   -1.050467489595147e+02    -7.01241e-08    1
 Nuclear       5.194802835929940e+00     0.00000e+00    1
------------------------------------------------------------
 Total        -9.985194612358474e+01    -7.01241e-08    1
============================================================


################ Wall time: 2.22596e+02 sec ################




####################### SCF cycle  4 #######################


============================================================
 Current precision                              1.00000e-07
------------------------------------------------------------
 Orbital threshold                              1.00000e-06
 Property threshold                            -1.00000e+00
============================================================


============================================================
                   Calculating SCF energy
------------------------------------------------------------
 Nuclear energy                       5.194802835929940e+00
 Electronic energy                   -1.050467489657571e+02
------------------------------------------------------------
 Total energy                        -9.985194612982714e+01
------------------------------------------------------------
                 Wall time: 1.03468e+01 sec 
============================================================


============================================================
                Rotating Helmholtz argument
------------------------------------------------------------
 Rotating orbitals                              9.68220e-01
------------------------------------------------------------
                 Wall time: 9.68312e-01 sec 
============================================================


============================================================
                Applying Helmholtz operators
------------------------------------------------------------
 Orb    RealNorm   Nodes     ImagNorm   Nodes     Timing
------------------------------------------------------------
  0    1.00000e+00   776    0.00000e+00     0   8.01671e+01
  4    1.00000e+00   552    0.00000e+00     0   5.95678e+01
------------------------------------------------------------
                 Wall time: 1.39736e+02 sec 
============================================================


============================================================
                 Lowdin orthonormalization
------------------------------------------------------------
 Computing Lowdin matrix                        1.94133e-01
 Rotating orbitals                              9.59402e-01
------------------------------------------------------------
                 Wall time: 1.15362e+00 sec 
============================================================


============================================================
               Iterative subspace accelerator
------------------------------------------------------------
 Push back orbitals                             1.74493e-02
 Setup linear system                            5.33712e-01
 Solve linear system                            1.39940e-05
 Expand solution                                1.10600e+00
------------------------------------------------------------
                 Wall time: 1.65732e+00 sec 
============================================================


============================================================
                 Lowdin orthonormalization
------------------------------------------------------------
 Computing Lowdin matrix                        3.51756e-01
 Rotating orbitals                              8.54832e-01
------------------------------------------------------------
                 Wall time: 1.20668e+00 sec 
============================================================


============================================================
                  Setting up Fock operator
------------------------------------------------------------
 Precision                                      1.00000e-07
------------------------------------------------------------
 Coulomb density                       840      1.16129e+00
 Coulomb potential                     520      4.96327e+01
 Allreduce potential                   520      1.61572e-01
 XC total density                     1096      1.55770e+00
 XC evaluate xcfun                    2192      5.14770e+00
 XC energy                            1096      1.62609e-04
 XC potential                         1096      4.94048e-02
------------------------------------------------------------
                 Wall time: 5.77300e+01 sec 
============================================================


============================================================
                  Calculating Fock matrix
------------------------------------------------------------
 Kinetic part                         3.421137341000000e+00
 Potential part                       1.046004357400000e+01
------------------------------------------------------------
                 Wall time: 1.38813e+01 sec 
============================================================


============================================================
                          Orbitals
------------------------------------------------------------
 Orb    F(i,i)        Error         nNodes  Spin  Occ  Done 
------------------------------------------------------------
  0  -2.40876e+01   3.08663e-07        776    p    2    1
  1  -1.09715e+00   3.43464e-06          0    p    2    0
  2  -4.99059e-01   4.62494e-06          0    p    2    0
  3  -3.60931e-01   2.32612e-05          0    p    2    0
  4  -3.60930e-01   2.11000e-06        552    p    2    0
------------------------------------------------------------
 Total error:                            2.40586e-05    0
============================================================


============================================================
                    Energy                 Update      Done 
------------------------------------------------------------
 Orbital      -5.281141197701359e+01     1.42439e-05    1
 Kinetic       9.942290218570940e+01     1.51776e-05    1
 N-E          -2.497925039887382e+02    -2.80279e-05    1
 Coulomb       5.546228264186024e+01     1.48530e-05    1
 Exchange      0.000000000000000e+00     0.00000e+00    1
 X-C          -1.013942389749917e+01    -1.86393e-06    1
------------------------------------------------------------
 Electronic   -1.050467489657571e+02    -6.24240e-09    1
 Nuclear       5.194802835929940e+00     0.00000e+00    1
------------------------------------------------------------
 Total        -9.985194612982714e+01    -6.24240e-09    1
============================================================


################ Wall time: 2.26987e+02 sec ################




####################### SCF cycle  5 #######################


============================================================
 Current precision                              1.00000e-07
------------------------------------------------------------
 Orbital threshold                              1.00000e-06
 Property threshold                            -1.00000e+00
============================================================


============================================================
                   Calculating SCF energy
------------------------------------------------------------
 Nuclear energy                       5.194802835929940e+00
 Electronic energy                   -1.050467489670659e+02
------------------------------------------------------------
 Total energy                        -9.985194613113599e+01
------------------------------------------------------------
                 Wall time: 1.04613e+01 sec 
============================================================


============================================================
                Rotating Helmholtz argument
------------------------------------------------------------
 Rotating orbitals                              9.76386e-01
------------------------------------------------------------
                 Wall time: 9.76489e-01 sec 
============================================================


============================================================
                Applying Helmholtz operators
------------------------------------------------------------
 Orb    RealNorm   Nodes     ImagNorm   Nodes     Timing
------------------------------------------------------------
  0    1.00000e+00   776    0.00000e+00     0   8.10133e+01
  4    9.99999e-01   552    0.00000e+00     0   5.98120e+01
------------------------------------------------------------
                 Wall time: 1.40827e+02 sec 
============================================================


============================================================
                 Lowdin orthonormalization
------------------------------------------------------------
 Computing Lowdin matrix                        1.92517e-01
 Rotating orbitals                              9.45264e-01
------------------------------------------------------------
                 Wall time: 1.13786e+00 sec 
============================================================


============================================================
               Iterative subspace accelerator
------------------------------------------------------------
 Push back orbitals                             1.72854e-02
 Setup linear system                            1.06463e+00
 Solve linear system                            9.59900e-06
 Expand solution                                1.74795e+00
------------------------------------------------------------
                 Wall time: 2.83002e+00 sec 
============================================================


============================================================
                 Lowdin orthonormalization
------------------------------------------------------------
 Computing Lowdin matrix                        3.47282e-01
 Rotating orbitals                              8.89041e-01
------------------------------------------------------------
                 Wall time: 1.23641e+00 sec 
============================================================


============================================================
                  Setting up Fock operator
------------------------------------------------------------
 Precision                                      1.00000e-07
------------------------------------------------------------
 Coulomb density                       840      1.17562e+00
 Coulomb potential                     520      5.19512e+01
 Allreduce potential                   520      1.59469e-01
 XC total density                     1096      1.54620e+00
 XC evaluate xcfun                    2192      5.18937e+00
 XC energy                            1096      1.52854e-04
 XC potential                         1096      5.41242e-02
------------------------------------------------------------
                 Wall time: 6.00945e+01 sec 
============================================================


============================================================
                  Calculating Fock matrix
------------------------------------------------------------
 Kinetic part                         3.583021454000000e+00
 Potential part                       1.053937288400000e+01
------------------------------------------------------------
                 Wall time: 1.41225e+01 sec 
============================================================


============================================================
                          Orbitals
------------------------------------------------------------
 Orb    F(i,i)        Error         nNodes  Spin  Occ  Done 
------------------------------------------------------------
  0  -2.40876e+01   1.79599e-07        776    p    2    1
  1  -1.09715e+00   1.65711e-06          0    p    2    0
  2  -4.99055e-01   2.98617e-06          0    p    2    0
  3  -3.60927e-01   1.05089e-05          0    p    2    0
  4  -3.60926e-01   1.70337e-06        552    p    2    0
------------------------------------------------------------
 Total error:                            1.11818e-05    0
============================================================


============================================================
                    Energy                 Update      Done 
------------------------------------------------------------
 Orbital      -5.281143708856236e+01    -2.51115e-05    1
 Kinetic       9.942287901791354e+01    -2.31678e-05    1
 N-E          -2.497924579339395e+02     4.60548e-05    1
 Coulomb       5.546225647588660e+01    -2.61660e-05    1
 Exchange      0.000000000000000e+00     0.00000e+00    1
 X-C          -1.013942061009411e+01     3.28741e-06    1
------------------------------------------------------------
 Electronic   -1.050467489670659e+02    -1.30885e-09    1
 Nuclear       5.194802835929940e+00     0.00000e+00    1
------------------------------------------------------------
 Total        -9.985194613113599e+01    -1.30885e-09    1
============================================================


################ Wall time: 2.31994e+02 sec ################




####################### SCF cycle  6 #######################


============================================================
 Current precision                              1.00000e-07
------------------------------------------------------------
 Orbital threshold                              1.00000e-06
 Property threshold                            -1.00000e+00
============================================================


============================================================
                   Calculating SCF energy
------------------------------------------------------------
 Nuclear energy                       5.194802835929940e+00
 Electronic energy                   -1.050467489673534e+02
------------------------------------------------------------
 Total energy                        -9.985194613142347e+01
------------------------------------------------------------
                 Wall time: 1.05416e+01 sec 
============================================================


============================================================
                Rotating Helmholtz argument
------------------------------------------------------------
 Rotating orbitals                              9.84844e-01
------------------------------------------------------------
                 Wall time: 9.84938e-01 sec 
============================================================


============================================================
                Applying Helmholtz operators
------------------------------------------------------------
 Orb    RealNorm   Nodes     ImagNorm   Nodes     Timing
------------------------------------------------------------
  0    1.00000e+00   776    0.00000e+00     0   8.35141e+01
  4    1.00000e+00   552    0.00000e+00     0   6.25475e+01
------------------------------------------------------------
                 Wall time: 1.46063e+02 sec 
============================================================


============================================================
                 Lowdin orthonormalization
------------------------------------------------------------
 Computing Lowdin matrix                        1.92752e-01
 Rotating orbitals                              9.30808e-01
------------------------------------------------------------
                 Wall time: 1.12363e+00 sec 
============================================================


============================================================
               Iterative subspace accelerator
------------------------------------------------------------
 Push back orbitals                             2.44404e-02
 Setup linear system                            1.08219e+00
 Solve linear system                            9.40600e-06
 Expand solution                                1.72451e+00
------------------------------------------------------------
                 Wall time: 2.83129e+00 sec 
============================================================


============================================================
                 Lowdin orthonormalization
------------------------------------------------------------
 Computing Lowdin matrix                        3.44718e-01
 Rotating orbitals                              8.45561e-01
------------------------------------------------------------
                 Wall time: 1.19037e+00 sec 
============================================================


============================================================
                  Setting up Fock operator
------------------------------------------------------------
 Precision                                      1.00000e-07
------------------------------------------------------------
 Coulomb density                       840      1.25887e+00
 Coulomb potential                     520      5.20339e+01
 Allreduce potential                   520      1.56042e-01
 XC total density                     1096      1.60628e+00
 XC evaluate xcfun                    2192      5.20916e+00
 XC energy                            1096      1.62905e-04
 XC potential                         1096      5.42418e-02
------------------------------------------------------------
                 Wall time: 6.03377e+01 sec 
============================================================


============================================================
                  Calculating Fock matrix
------------------------------------------------------------
 Kinetic part                         3.399364380000000e+00
 Potential part                       1.076585301200000e+01
------------------------------------------------------------
                 Wall time: 1.41654e+01 sec 
============================================================


============================================================
                          Orbitals
------------------------------------------------------------
 Orb    F(i,i)        Error         nNodes  Spin  Occ  Done 
------------------------------------------------------------
  0  -2.40876e+01   4.61852e-08        776    p    2    1
  1  -1.09715e+00   7.78868e-07          0    p    2    1
  2  -4.99058e-01   1.31106e-06          0    p    2    0
  3  -3.60930e-01   2.75334e-06          0    p    2    0
  4  -3.60930e-01   1.51160e-06        552    p    2    0
------------------------------------------------------------
 Total error:                            3.49191e-06    0
============================================================


============================================================
                    Energy                 Update      Done 
------------------------------------------------------------
 Orbital      -5.281138988803980e+01     4.72005e-05    1
 Kinetic       9.942292230939807e+01     4.32915e-05    1
 N-E          -2.497925442619462e+02    -8.63280e-05    1
 Coulomb       5.546230564756311e+01     4.91717e-05    1
 Exchange      0.000000000000000e+00     0.00000e+00    1
 X-C          -1.013942674419420e+01    -6.13410e-06    1
------------------------------------------------------------
 Electronic   -1.050467489673534e+02    -2.87486e-10    1
 Nuclear       5.194802835929940e+00     0.00000e+00    1
------------------------------------------------------------
 Total        -9.985194613142347e+01    -2.87486e-10    1
============================================================


################ Wall time: 2.37544e+02 sec ################




####################### SCF cycle  7 #######################


============================================================
 Current precision                              1.00000e-07
------------------------------------------------------------
 Orbital threshold                              1.00000e-06
 Property threshold                            -1.00000e+00
============================================================


============================================================
                   Calculating SCF energy
------------------------------------------------------------
 Nuclear energy                       5.194802835929940e+00
 Electronic energy                   -1.050467489673926e+02
------------------------------------------------------------
 Total energy                        -9.985194613146263e+01
------------------------------------------------------------
                 Wall time: 1.07892e+01 sec 
============================================================


============================================================
                Rotating Helmholtz argument
------------------------------------------------------------
 Rotating orbitals                              9.82361e-01
------------------------------------------------------------
                 Wall time: 9.82453e-01 sec 
============================================================


============================================================
                Applying Helmholtz operators
------------------------------------------------------------
 Orb    RealNorm   Nodes     ImagNorm   Nodes     Timing
------------------------------------------------------------
  0    1.00000e+00   776    0.00000e+00     0   8.10151e+01
  4    1.00000e+00   552    0.00000e+00     0   6.09836e+01
------------------------------------------------------------
                 Wall time: 1.41999e+02 sec 
============================================================


============================================================
                 Lowdin orthonormalization
------------------------------------------------------------
 Computing Lowdin matrix                        1.93221e-01
 Rotating orbitals                              8.82388e-01
------------------------------------------------------------
                 Wall time: 1.07570e+00 sec 
============================================================


============================================================
               Iterative subspace accelerator
------------------------------------------------------------
 Push back orbitals                             2.46548e-02
 Setup linear system                            1.06072e+00
 Solve linear system                            9.66600e-06
 Expand solution                                1.72095e+00
------------------------------------------------------------
                 Wall time: 2.80649e+00 sec 
============================================================


============================================================
                 Lowdin orthonormalization
------------------------------------------------------------
 Computing Lowdin matrix                        3.49202e-01
 Rotating orbitals                              8.25616e-01
------------------------------------------------------------
                 Wall time: 1.17491e+00 sec 
============================================================


============================================================
                  Setting up Fock operator
------------------------------------------------------------
 Precision                                      1.00000e-07
------------------------------------------------------------
 Coulomb density                       840      1.26255e+00
 Coulomb potential                     520      5.22270e+01
 Allreduce potential                   520      1.63014e-01
 XC total density                     1096      1.60385e+00
 XC evaluate xcfun                    2192      5.24839e+00
 XC energy                            1096      1.65281e-04
 XC potential                         1096      5.13800e-02
------------------------------------------------------------
                 Wall time: 6.05765e+01 sec 
============================================================


============================================================
                  Calculating Fock matrix
------------------------------------------------------------
 Kinetic part                         3.418758258000000e+00
 Potential part                       1.088280641100000e+01
------------------------------------------------------------
                 Wall time: 1.43017e+01 sec 
============================================================


============================================================
                          Orbitals
------------------------------------------------------------
 Orb    F(i,i)        Error         nNodes  Spin  Occ  Done 
------------------------------------------------------------
  0  -2.40876e+01   4.91210e-08        776    p    2    1
  1  -1.09715e+00   6.10719e-07          0    p    2    1
  2  -4.99057e-01   1.02032e-06          0    p    2    0
  3  -3.60929e-01   2.65416e-06          0    p    2    0
  4  -3.60929e-01   5.13393e-07        552    p    2    1
------------------------------------------------------------
 Total error:                            2.95374e-06    0
============================================================


============================================================
                    Energy                 Update      Done 
------------------------------------------------------------
 Orbital      -5.281143296969281e+01    -4.30817e-05    1
 Kinetic       9.942288277311658e+01    -3.95363e-05    1
 N-E          -2.497924654443105e+02     7.88176e-05    1
 Coulomb       5.546226076679852e+01    -4.48808e-05    1
 Exchange      0.000000000000000e+00     0.00000e+00    1
 X-C          -1.013942114478004e+01     5.59941e-06    1
------------------------------------------------------------
 Electronic   -1.050467489673926e+02    -3.91509e-11    1
 Nuclear       5.194802835929940e+00     0.00000e+00    1
------------------------------------------------------------
 Total        -9.985194613146263e+01    -3.91509e-11    1
============================================================


################ Wall time: 2.34014e+02 sec ################




####################### SCF cycle  8 #######################


============================================================
 Current precision                              1.00000e-07
------------------------------------------------------------
 Orbital threshold                              1.00000e-06
 Property threshold                            -1.00000e+00
============================================================


============================================================
                   Calculating SCF energy
------------------------------------------------------------
 Nuclear energy                       5.194802835929940e+00
 Electronic energy                   -1.050467489674110e+02
------------------------------------------------------------
 Total energy                        -9.985194613148103e+01
------------------------------------------------------------
                 Wall time: 1.05032e+01 sec 
============================================================


============================================================
                Rotating Helmholtz argument
------------------------------------------------------------
 Rotating orbitals                              1.00549e+00
------------------------------------------------------------
                 Wall time: 1.00558e+00 sec 
============================================================


============================================================
                Applying Helmholtz operators
------------------------------------------------------------
 Orb    RealNorm   Nodes     ImagNorm   Nodes     Timing
------------------------------------------------------------
  0    1.00000e+00   776    0.00000e+00     0   8.12583e+01
  4    1.00000e+00   552    0.00000e+00     0   6.30380e+01
------------------------------------------------------------
                 Wall time: 1.44297e+02 sec 
============================================================


============================================================
                 Lowdin orthonormalization
------------------------------------------------------------
 Computing Lowdin matrix                        1.96428e-01
 Rotating orbitals                              8.58306e-01
------------------------------------------------------------
                 Wall time: 1.05482e+00 sec 
============================================================


============================================================
               Iterative subspace accelerator
------------------------------------------------------------
 Push back orbitals                             2.54806e-02
 Setup linear system                            1.07700e+00
 Solve linear system                            9.71000e-06
 Expand solution                                1.73763e+00
------------------------------------------------------------
                 Wall time: 2.84027e+00 sec 
============================================================


============================================================
                 Lowdin orthonormalization
------------------------------------------------------------
 Computing Lowdin matrix                        3.40512e-01
 Rotating orbitals                              8.30892e-01
------------------------------------------------------------
                 Wall time: 1.17149e+00 sec 
============================================================


============================================================
                  Setting up Fock operator
------------------------------------------------------------
 Precision                                      1.00000e-07
------------------------------------------------------------
 Coulomb density                       840      1.30357e+00
 Coulomb potential                     520      5.21762e+01
 Allreduce potential                   520      1.56712e-01
 XC total density                     1096      1.55876e+00
 XC evaluate xcfun                    2192      5.17171e+00
 XC energy                            1096      1.69418e-04
 XC potential                         1096      5.39233e-02
------------------------------------------------------------
                 Wall time: 6.04408e+01 sec 
============================================================


============================================================
                  Calculating Fock matrix
------------------------------------------------------------
 Kinetic part                         3.371756079000000e+00
 Potential part                       1.075465068700000e+01
------------------------------------------------------------
                 Wall time: 1.41266e+01 sec 
============================================================


============================================================
                          Orbitals
------------------------------------------------------------
 Orb    F(i,i)        Error         nNodes  Spin  Occ  Done 
------------------------------------------------------------
  0  -2.40876e+01   1.08496e-08        776    p    2    1
  1  -1.09715e+00   2.41794e-07          0    p    2    1
  2  -4.99057e-01   2.06700e-07          0    p    2    1
  3  -3.60929e-01   3.21979e-07          0    p    2    1
  4  -3.60929e-01   3.45958e-08        552    p    2    1
------------------------------------------------------------
 Total error:                            4.54064e-07    1
============================================================


============================================================
                    Energy                 Update      Done 
------------------------------------------------------------
 Orbital      -5.281141919994595e+01     1.37697e-05    1
 Kinetic       9.942289546588736e+01     1.26928e-05    1
 N-E          -2.497924906902049e+02    -2.52459e-05    1
 Coulomb       5.546227511257555e+01     1.43458e-05    1
 Exchange      0.000000000000000e+00     0.00000e+00    1
 X-C          -1.013942293753016e+01    -1.79275e-06    1
------------------------------------------------------------
 Electronic   -1.050467489674110e+02    -1.84031e-11    1
 Nuclear       5.194802835929940e+00     0.00000e+00    1
------------------------------------------------------------
 Total        -9.985194613148103e+01    -1.84031e-11    1
============================================================


################ Wall time: 2.35742e+02 sec ################


============================================================
                      Convergence rate
------------------------------------------------------------
Iter    OrbError       Property                   Update  
------------------------------------------------------------
  1    1.28175e-03    -9.985194317297453e+01   -9.98519e+01
  2    1.98215e-04    -9.985194605346059e+01   -2.88049e-06
  3    5.80184e-05    -9.985194612358474e+01   -7.01241e-08
  4    2.40586e-05    -9.985194612982714e+01   -6.24240e-09
  5    1.11818e-05    -9.985194613113599e+01   -1.30885e-09
  6    3.49191e-06    -9.985194613142347e+01   -2.87486e-10
  7    2.95374e-06    -9.985194613146263e+01   -3.91509e-11
  8    4.54064e-07    -9.985194613148103e+01   -1.84031e-11
------------------------------------------------------------
                      SCF converged!!!                      
============================================================


============================================================
                  Digonalizing Fock matrix
------------------------------------------------------------
 Computing Lowdin matrix                        2.08405e-01
 Diagonalizing matrix                           8.74900e-06
 Rotating orbitals                              1.10819e+00
------------------------------------------------------------
                 Wall time: 1.31670e+00 sec 
============================================================


============================================================
                  Setting up Fock operator
------------------------------------------------------------
 Precision                                      1.00000e-07
------------------------------------------------------------
 Coulomb density                       840      1.24578e+00
 Coulomb potential                     520      4.86407e+01
 Allreduce potential                   520      1.56210e-01
 XC total density                     1096      1.57800e+00
 XC evaluate xcfun                    2192      5.19324e+00
 XC energy                            1096      1.55500e-04
 XC potential                         1096      4.93138e-02
------------------------------------------------------------
                 Wall time: 5.68831e+01 sec 
============================================================


============================================================
                   Calculating SCF energy
------------------------------------------------------------
------------------------------------------------------------
                 Wall time: 1.08222e+01 sec 
============================================================


============================================================
                 Calculating dipole moment
------------------------------------------------------------
------------------------------------------------------------
                 Wall time: 5.41642e+00 sec 
============================================================


============================================================
                        Fock matrix
------------------------------------------------------------
-2.40876e+01  0.00000e+00  0.00000e+00  0.00000e+00  0.00000e+00
 0.00000e+00 -1.09715e+00  0.00000e+00  0.00000e+00  0.00000e+00
 0.00000e+00  0.00000e+00 -4.99057e-01  0.00000e+00  0.00000e+00
 0.00000e+00  0.00000e+00  0.00000e+00 -3.60929e-01  0.00000e+00
 0.00000e+00  0.00000e+00  0.00000e+00  0.00000e+00 -3.60929e-01
============================================================


============================================================
                      Orbital energies
------------------------------------------------------------
    n  spin  occ                            epsilon  
------------------------------------------------------------
    0    p    2                      -2.408764487835337e+01
    1    p    2                      -1.097149462871802e+00
    2    p    2                      -4.990573675622003e-01
    3    p    2                      -3.609293340075465e-01
    4    p    2                      -3.609288375605225e-01
============================================================


============================================================
                          Molecule
------------------------------------------------------------
 Nr  Element             x             y             z      
------------------------------------------------------------
  1     F           0.00000e+00   0.00000e+00   0.00000e+00
  2     H           0.00000e+00   0.00000e+00   1.73250e+00
------------------------------------------------------------
 Center of mass:    0.00000e+00   0.00000e+00   8.72852e-02
============================================================


                                                            
============================================================
                         SCF Energy                         
------------------------------------------------------------
                                                            
 Sum orbital energy:                 -5.281141976071088e+01
 Kinetic energy:                      9.942289496696048e+01
 E-N energy:                         -2.497924896792910e+02
 Coulomb energy:                      5.546227452875352e+01
 Exchange energy:                     0.000000000000000e+00
 X-C energy:                         -1.013942286577790e+01
 El. external field energy:          -5.918057354560518e-06
 Nuc. external field energy:          6.389594090474769e-15
                                                            
------------------------------------------------------------
                                                            
 Electronic energy:                  -1.050467489674122e+02
 Nuclear energy:                      5.194802835929940e+00
                                                            
------------------------------------------------------------
                                                            
 Total energy       (au)             -9.985194613148229e+01
                    (kJ/mol)         -2.621612466244673e+05
                    (kcal/mol)       -6.265804169558305e+04
                    (eV)             -2.717109754175623e+03
                                                            
============================================================
                                                            

                                                            
============================================================
                         Dipole moment                      
------------------------------------------------------------
                                                            
 Length of vector:   (au)                  7.0616845375e-01
                     (Debye)               1.7949010058e+00
                                                            
-------------------------- Total ---------------------------
                                                            
 [5.9180573482e-03, 3.6746670588e-10, 7.0614365512e-01] 
                                                            
------------------------- Nuclear --------------------------
                                                            
 [-6.3895940905e-12, -6.6701165253e-12,  8.5964919882e-01] 
                                                            
------------------------ Electronic ------------------------
                                                            
 [ 5.9180573546e-03,  3.7413682241e-10, -1.5350554370e-01] 
                                                            
============================================================
                                                            



************************************************************
***                                                      ***
***                    Exiting MRChem                    ***
***                                                      ***
***               Wall time: 1.984391e+03                ***
***                                                      ***
************************************************************


