


************************************************************
***     __  __ ____   ____ _                             ***
***    |  \/  |  _ \ / ___| |__   ___ _ __ ___           ***
***    | |\/| | |_) | |   | '_ \ / _ \ '_ ` _ \          ***
***    | |  | |  _ <| |___| | | |  __/ | | | | |         ***
***    |_|  |_|_| \_\\____|_| |_|\___|_| |_| |_|         ***
***                                                      ***
***    VERSION 0.0.1 (rev. 1c6f79f)                     ***
***                                                      ***
***    Stig Rune Jensen <stig.r.jensen@uit.no>           ***
***    Luca Frediani    <luca.frediani@uit.no>           ***
***    Peter Wind       <peter.wind@uit.no>              ***
***                                                      ***
************************************************************


+++ Parallel execution: 
  MPI hosts available     : 4
  Threads/host            : 2
  Total used CPUs         : 8


------------------------------------------------------------

 MRCPP version   : X.Y.Z
 Git revision    : bbc2aed

 Linear algebra  : EIGEN
 Parallelization : MPI/OpenMP

------------------------------------------------------------




============================================================
                  MultiResolution Analysis                  
------------------------------------------------------------
 polynomial order = 11
 polynomial type  = Interpolating
------------------------------------------------------------
 total boxes      = 8
 boxes            = [           2           2           2 ]
 unit lengths     = [    32.00000    32.00000    32.00000 ]
 scaling factor   = [     1.00000     1.00000     1.00000 ]
 lower bounds     = [   -32.00000   -32.00000   -32.00000 ]
 upper bounds     = [    32.00000    32.00000    32.00000 ]
 total length     = [    64.00000    64.00000    64.00000 ]
============================================================


============================================================
                          Molecule
------------------------------------------------------------
 Nr  Element             x             y             z      
------------------------------------------------------------
  1     C           0.00000e+00   0.00000e+00  -1.39934e+00
  2     N           0.00000e+00   0.00000e+00   8.16551e-01
  3     H           0.00000e+00   0.00000e+00   2.68020e+00
------------------------------------------------------------
 Center of mass:    0.00000e+00   0.00000e+00  -9.87508e-02
============================================================


============================================================
                Setting up nuclear potential
------------------------------------------------------------
 Nr  Element         Charge        Precision     Smoothing 
------------------------------------------------------------
  1     C           6.00000e+00   1.00000e-07   3.82453e-05
  2     N           7.00000e+00   1.00000e-07   2.95801e-05
  3     H           1.00000e+00   1.00000e-07   7.57698e-04
------------------------------------------------------------
 Nuclear potential                    1288      1.28224e+00
 Allreduce potential                  2824      1.11422e+00
------------------------------------------------------------
                 Wall time: 2.39658e+00 sec 
============================================================


============================================================
 OrbitalVector:   7 orbitals     7 occupied    14 electrons
------------------------------------------------------------
   n  RankID           Norm          Spin Occ      Error    
------------------------------------------------------------
   0     0       1.000000000000e+00    p   2    1.00000e+00
   1     1      -1.000000000000e+00    p   2    1.00000e+00
   2     2      -1.000000000000e+00    p   2    1.00000e+00
   3     3      -1.000000000000e+00    p   2    1.00000e+00
   4     0       1.000000000000e+00    p   2    1.00000e+00
   5     1      -1.000000000000e+00    p   2    1.00000e+00
   6     2      -1.000000000000e+00    p   2    1.00000e+00
============================================================


============================================================
                  Setting up Fock operator
------------------------------------------------------------
 Precision                                      1.00000e-07
------------------------------------------------------------
 Coulomb density                      1032      1.88726e+00
 Coulomb potential                     488      4.69712e+01
 Allreduce potential                   680      5.73996e+00
 XC total density                     1672      3.29478e+00
 XC evaluate xcfun                    8360      2.75715e+01
 XC energy                            1672      1.70983e-04
 XC potential                         1672      8.72139e-01
------------------------------------------------------------
                 Wall time: 8.69863e+01 sec 
============================================================


============================================================
                  Calculating Fock matrix
------------------------------------------------------------
 Kinetic part                         7.902979147000000e+00
 Potential part                       3.318652581500000e+01
------------------------------------------------------------
                 Wall time: 4.10896e+01 sec 
============================================================




####################### SCF cycle  1 #######################


============================================================
 Current precision                              1.00000e-07
------------------------------------------------------------
 Orbital threshold                              1.00000e-06
 Property threshold                            -1.00000e+00
============================================================


============================================================
                  Digonalizing Fock matrix
------------------------------------------------------------
 Computing Lowdin matrix                        4.78926e-01
 Diagonalizing matrix                           1.53590e-05
 Rotating orbitals                              1.68820e+00
------------------------------------------------------------
                 Wall time: 2.16723e+00 sec 
============================================================


============================================================
                   Calculating SCF energy
------------------------------------------------------------
 Nuclear energy                       2.418081485944711e+01
 Electronic energy                   -1.175117236931716e+02
------------------------------------------------------------
 Total energy                        -9.333090883372449e+01
------------------------------------------------------------
                 Wall time: 2.56827e+01 sec 
============================================================


============================================================
                Rotating Helmholtz argument
------------------------------------------------------------
 Rotating orbitals                              5.43612e-01
------------------------------------------------------------
                 Wall time: 5.43693e-01 sec 
============================================================


============================================================
                Applying Helmholtz operators
------------------------------------------------------------
 Orb    RealNorm   Nodes     ImagNorm   Nodes     Timing
------------------------------------------------------------
  0    1.00000e+00   776    0.00000e+00     0   7.37601e+01
  4    1.00000e+00   712    0.00000e+00     0   8.06333e+01
------------------------------------------------------------
                 Wall time: 1.54397e+02 sec 
============================================================


============================================================
                 Lowdin orthonormalization
------------------------------------------------------------
 Computing Lowdin matrix                        8.97210e+01
 Rotating orbitals                              1.66382e+00
------------------------------------------------------------
                 Wall time: 9.13849e+01 sec 
============================================================


============================================================
               Iterative subspace accelerator
------------------------------------------------------------
 Push back orbitals                             3.21410e-05
 Copy orbitals                                  7.50773e-02
 Copy orbital updates                           7.56844e-02
------------------------------------------------------------
                 Wall time: 1.50918e-01 sec 
============================================================


============================================================
                 Lowdin orthonormalization
------------------------------------------------------------
 Computing Lowdin matrix                        4.05073e-01
 Rotating orbitals                              9.03601e-01
------------------------------------------------------------
                 Wall time: 1.30875e+00 sec 
============================================================


============================================================
                  Setting up Fock operator
------------------------------------------------------------
 Precision                                      1.00000e-07
------------------------------------------------------------
 Coulomb density                       968      1.52681e+00
 Coulomb potential                     488      4.85118e+01
 Allreduce potential                   680      5.78294e+00
 XC total density                     1608      3.02187e+00
 XC evaluate xcfun                    8040      2.63232e+01
 XC energy                            1608      1.63652e-04
 XC potential                         1608      7.95970e-01
------------------------------------------------------------
                 Wall time: 8.65376e+01 sec 
============================================================


============================================================
                  Calculating Fock matrix
------------------------------------------------------------
 Kinetic part                         6.933670264000000e+00
 Potential part                       2.717079329100000e+01
------------------------------------------------------------
                 Wall time: 3.41046e+01 sec 
============================================================


============================================================
                          Orbitals
------------------------------------------------------------
 Orb    F(i,i)        Error         nNodes  Spin  Occ  Done 
------------------------------------------------------------
  0  -1.40308e+01   7.57506e-06        808    p    2    0
  1  -9.94317e+00   1.13795e-05          0    p    2    0
  2  -8.74647e-01   1.82389e-04          0    p    2    0
  3  -6.19345e-01   5.12397e-04          0    p    2    0
  4  -3.47488e-01   1.40331e-03        712    p    2    0
  5  -3.47487e-01   8.38886e-04          0    p    2    0
  6  -2.80330e-01   1.50550e-03          0    p    2    0
------------------------------------------------------------
 Total error:                            2.28813e-03    0
============================================================


============================================================
                    Energy                 Update      Done 
------------------------------------------------------------
 Orbital      -5.288653818385455e+01    -5.28865e+01    1
 Kinetic       9.301097660680563e+01     9.30110e+01    1
 N-E          -2.662122349675085e+02    -2.66212e+02    1
 Coulomb       6.817105631647362e+01     6.81711e+01    1
 Exchange      0.000000000000000e+00     0.00000e+00    1
 X-C          -1.248152164915106e+01    -1.24815e+01    1
------------------------------------------------------------
 Electronic   -1.175117236931716e+02    -1.17512e+02    1
 Nuclear       2.418081485944711e+01     2.41808e+01    1
------------------------------------------------------------
 Total        -9.333090883372449e+01    -9.33309e+01    1
============================================================


################ Wall time: 3.96527e+02 sec ################




####################### SCF cycle  2 #######################


============================================================
 Current precision                              1.00000e-07
------------------------------------------------------------
 Orbital threshold                              1.00000e-06
 Property threshold                            -1.00000e+00
============================================================


============================================================
                  Digonalizing Fock matrix
------------------------------------------------------------
 Computing Lowdin matrix                        3.67586e-01
 Diagonalizing matrix                           1.33010e-05
 Rotating orbitals                              1.69679e+00
------------------------------------------------------------
                 Wall time: 2.06447e+00 sec 
============================================================


============================================================
                   Calculating SCF energy
------------------------------------------------------------
 Nuclear energy                       2.418081485944711e+01
 Electronic energy                   -1.175117314379624e+02
------------------------------------------------------------
 Total energy                        -9.333091657851527e+01
------------------------------------------------------------
                 Wall time: 2.54568e+01 sec 
============================================================


============================================================
                Rotating Helmholtz argument
------------------------------------------------------------
 Rotating orbitals                              5.45182e-01
------------------------------------------------------------
                 Wall time: 5.45265e-01 sec 
============================================================


============================================================
                Applying Helmholtz operators
------------------------------------------------------------
 Orb    RealNorm   Nodes     ImagNorm   Nodes     Timing
------------------------------------------------------------
  0    1.00000e+00   776    0.00000e+00     0   7.30777e+01
  4    1.00000e+00   712    0.00000e+00     0   7.95908e+01
------------------------------------------------------------
                 Wall time: 1.52669e+02 sec 
============================================================


============================================================
                 Lowdin orthonormalization
------------------------------------------------------------
 Computing Lowdin matrix                        9.48841e+01
 Rotating orbitals                              1.64690e+00
------------------------------------------------------------
                 Wall time: 9.65310e+01 sec 
============================================================


============================================================
               Iterative subspace accelerator
------------------------------------------------------------
 Push back orbitals                             3.05940e-05
 Copy orbitals                                  7.39234e-02
 Copy orbital updates                           7.47324e-02
------------------------------------------------------------
                 Wall time: 1.48805e-01 sec 
============================================================


============================================================
                 Lowdin orthonormalization
------------------------------------------------------------
 Computing Lowdin matrix                        4.06167e-01
 Rotating orbitals                              9.06284e-01
------------------------------------------------------------
                 Wall time: 1.31252e+00 sec 
============================================================


============================================================
                  Setting up Fock operator
------------------------------------------------------------
 Precision                                      1.00000e-07
------------------------------------------------------------
 Coulomb density                       968      1.50399e+00
 Coulomb potential                     488      4.79785e+01
 Allreduce potential                   680      6.55051e+00
 XC total density                     1608      3.01994e+00
 XC evaluate xcfun                    8040      2.61454e+01
 XC energy                            1608      1.54223e-04
 XC potential                         1608      7.95166e-01
------------------------------------------------------------
                 Wall time: 8.65635e+01 sec 
============================================================


============================================================
                  Calculating Fock matrix
------------------------------------------------------------
 Kinetic part                         7.345172829000000e+00
 Potential part                       2.731731768900000e+01
------------------------------------------------------------
                 Wall time: 3.46626e+01 sec 
============================================================


============================================================
                          Orbitals
------------------------------------------------------------
 Orb    F(i,i)        Error         nNodes  Spin  Occ  Done 
------------------------------------------------------------
  0  -1.40308e+01   2.99084e-06        808    p    2    0
  1  -9.94318e+00   5.74428e-06          0    p    2    0
  2  -8.74651e-01   8.90560e-05          0    p    2    0
  3  -6.19348e-01   4.15798e-05          0    p    2    0
  4  -3.47491e-01   2.06749e-04        712    p    2    0
  5  -3.47490e-01   5.27725e-05          0    p    2    0
  6  -2.80333e-01   2.07734e-04          0    p    2    0
------------------------------------------------------------
 Total error:                            3.13664e-04    0
============================================================


============================================================
                    Energy                 Update      Done 
------------------------------------------------------------
 Orbital      -5.288656824525900e+01    -3.00614e-05    1
 Kinetic       9.301096962593022e+01    -6.98088e-06    1
 N-E          -2.662122007134766e+02     3.42540e-05    1
 Coulomb       6.817103339844147e+01    -2.29180e-05    1
 Exchange      0.000000000000000e+00     0.00000e+00    1
 X-C          -1.248151963821906e+01     2.01093e-06    1
------------------------------------------------------------
 Electronic   -1.175117314379624e+02    -7.74479e-06    1
 Nuclear       2.418081485944711e+01     0.00000e+00    1
------------------------------------------------------------
 Total        -9.333091657851527e+01    -7.74479e-06    1
============================================================


################ Wall time: 4.00219e+02 sec ################




####################### SCF cycle  3 #######################


============================================================
 Current precision                              1.00000e-07
------------------------------------------------------------
 Orbital threshold                              1.00000e-06
 Property threshold                            -1.00000e+00
============================================================


============================================================
                   Calculating SCF energy
------------------------------------------------------------
 Nuclear energy                       2.418081485944711e+01
 Electronic energy                   -1.175117316736793e+02
------------------------------------------------------------
 Total energy                        -9.333091681423221e+01
------------------------------------------------------------
                 Wall time: 2.70715e+01 sec 
============================================================


============================================================
                Rotating Helmholtz argument
------------------------------------------------------------
 Rotating orbitals                              1.81526e+00
------------------------------------------------------------
                 Wall time: 1.81535e+00 sec 
============================================================


============================================================
                Applying Helmholtz operators
------------------------------------------------------------
 Orb    RealNorm   Nodes     ImagNorm   Nodes     Timing
------------------------------------------------------------
  0    1.00000e+00   776    0.00000e+00     0   7.61481e+01
  4    1.00000e+00   712    0.00000e+00     0   8.24207e+01
------------------------------------------------------------
                 Wall time: 1.58570e+02 sec 
============================================================


============================================================
                 Lowdin orthonormalization
------------------------------------------------------------
 Computing Lowdin matrix                        9.10624e+01
 Rotating orbitals                              1.67630e+00
------------------------------------------------------------
                 Wall time: 9.27388e+01 sec 
============================================================


============================================================
               Iterative subspace accelerator
------------------------------------------------------------
 Push back orbitals                             3.05020e-05
 Setup linear system                            3.19976e-01
 Solve linear system                            1.12960e-05
 Expand solution                                8.98351e-01
------------------------------------------------------------
                 Wall time: 1.21850e+00 sec 
============================================================


============================================================
                 Lowdin orthonormalization
------------------------------------------------------------
 Computing Lowdin matrix                        6.71959e-01
 Rotating orbitals                              1.50062e+00
------------------------------------------------------------
                 Wall time: 2.17267e+00 sec 
============================================================


============================================================
                  Setting up Fock operator
------------------------------------------------------------
 Precision                                      1.00000e-07
------------------------------------------------------------
 Coulomb density                       968      1.56601e+00
 Coulomb potential                     488      4.94714e+01
 Allreduce potential                   680      6.13157e+00
 XC total density                     1608      3.09793e+00
 XC evaluate xcfun                    8040      2.62794e+01
 XC energy                            1608      1.64335e-04
 XC potential                         1608      8.80674e-01
------------------------------------------------------------
                 Wall time: 8.80054e+01 sec 
============================================================


============================================================
                  Calculating Fock matrix
------------------------------------------------------------
 Kinetic part                         7.247481950000000e+00
 Potential part                       2.769130970400000e+01
------------------------------------------------------------
                 Wall time: 3.49389e+01 sec 
============================================================


============================================================
                          Orbitals
------------------------------------------------------------
 Orb    F(i,i)        Error         nNodes  Spin  Occ  Done 
------------------------------------------------------------
  0  -1.40308e+01   9.04709e-07        808    p    2    1
  1  -9.94317e+00   3.11223e-06          0    p    2    0
  2  -8.74650e-01   2.95366e-05          0    p    2    0
  3  -6.19348e-01   2.36463e-05          0    p    2    0
  4  -3.47490e-01   7.33084e-05        712    p    2    0
  5  -3.47489e-01   1.46023e-05          0    p    2    0
  6  -2.80332e-01   1.22916e-04          0    p    2    0
------------------------------------------------------------
 Total error:                            1.48788e-04    0
============================================================


============================================================
                    Energy                 Update      Done 
------------------------------------------------------------
 Orbital      -5.288662011464923e+01    -5.18694e-05    1
 Kinetic       9.301094672292032e+01    -2.29030e-05    1
 N-E          -2.662121292491466e+02     7.14643e-05    1
 Coulomb       6.817097984832554e+01    -5.35501e-05    1
 Exchange      0.000000000000000e+00     0.00000e+00    1
 X-C          -1.248151350681798e+01     6.13140e-06    1
------------------------------------------------------------
 Electronic   -1.175117316736793e+02    -2.35717e-07    1
 Nuclear       2.418081485944711e+01     0.00000e+00    1
------------------------------------------------------------
 Total        -9.333091681423221e+01    -2.35717e-07    1
============================================================


################ Wall time: 4.06937e+02 sec ################




####################### SCF cycle  4 #######################


============================================================
 Current precision                              1.00000e-07
------------------------------------------------------------
 Orbital threshold                              1.00000e-06
 Property threshold                            -1.00000e+00
============================================================


============================================================
                   Calculating SCF energy
------------------------------------------------------------
 Nuclear energy                       2.418081485944711e+01
 Electronic energy                   -1.175117317669029e+02
------------------------------------------------------------
 Total energy                        -9.333091690745583e+01
------------------------------------------------------------
                 Wall time: 2.87455e+01 sec 
============================================================


============================================================
                Rotating Helmholtz argument
------------------------------------------------------------
 Rotating orbitals                              1.85692e+00
------------------------------------------------------------
                 Wall time: 1.85701e+00 sec 
============================================================


============================================================
                Applying Helmholtz operators
------------------------------------------------------------
 Orb    RealNorm   Nodes     ImagNorm   Nodes     Timing
------------------------------------------------------------
  0    1.00000e+00   776    0.00000e+00     0   7.85694e+01
  4    1.00000e+00   712    0.00000e+00     0   8.54261e+01
------------------------------------------------------------
                 Wall time: 1.63998e+02 sec 
============================================================


============================================================
                 Lowdin orthonormalization
------------------------------------------------------------
 Computing Lowdin matrix                        9.15010e+01
 Rotating orbitals                              1.66108e+00
------------------------------------------------------------
                 Wall time: 9.31621e+01 sec 
============================================================


============================================================
               Iterative subspace accelerator
------------------------------------------------------------
 Push back orbitals                             3.51630e-02
 Setup linear system                            9.70541e-01
 Solve linear system                            1.25960e-05
 Expand solution                                1.55701e+00
------------------------------------------------------------
                 Wall time: 2.56287e+00 sec 
============================================================


============================================================
                 Lowdin orthonormalization
------------------------------------------------------------
 Computing Lowdin matrix                        6.94258e-01
 Rotating orbitals                              1.62811e+00
------------------------------------------------------------
                 Wall time: 2.32246e+00 sec 
============================================================


============================================================
                  Setting up Fock operator
------------------------------------------------------------
 Precision                                      1.00000e-07
------------------------------------------------------------
 Coulomb density                       968      1.60754e+00
 Coulomb potential                     488      5.07108e+01
 Allreduce potential                   680      8.37254e+00
 XC total density                     1608      3.17629e+00
 XC evaluate xcfun                    8040      2.66624e+01
 XC energy                            1608      1.66631e-04
 XC potential                         1608      9.25353e-01
------------------------------------------------------------
                 Wall time: 9.20485e+01 sec 
============================================================


============================================================
                  Calculating Fock matrix
------------------------------------------------------------
 Kinetic part                         6.930071324000000e+00
 Potential part                       2.853767903300000e+01
------------------------------------------------------------
                 Wall time: 3.54679e+01 sec 
============================================================


============================================================
                          Orbitals
------------------------------------------------------------
 Orb    F(i,i)        Error         nNodes  Spin  Occ  Done 
------------------------------------------------------------
  0  -1.40308e+01   6.12644e-07        808    p    2    1
  1  -9.94318e+00   3.00022e-06          0    p    2    0
  2  -8.74652e-01   1.45773e-05          0    p    2    0
  3  -6.19349e-01   3.76135e-05          0    p    2    0
  4  -3.47492e-01   4.46621e-05        712    p    2    0
  5  -3.47491e-01   2.75142e-05          0    p    2    0
  6  -2.80334e-01   2.16852e-04          0    p    2    0
------------------------------------------------------------
 Total error:                            2.26744e-04    0
============================================================


============================================================
                    Energy                 Update      Done 
------------------------------------------------------------
 Orbital      -5.288660598702731e+01     1.41276e-05    1
 Kinetic       9.301096155308453e+01     1.48302e-05    1
 N-E          -2.662121566966276e+02    -2.74475e-05    1
 Coulomb       6.817099458869718e+01     1.47404e-05    1
 Exchange      0.000000000000000e+00     0.00000e+00    1
 X-C          -1.248151525314051e+01    -1.74632e-06    1
------------------------------------------------------------
 Electronic   -1.175117317669029e+02    -9.32236e-08    1
 Nuclear       2.418081485944711e+01     0.00000e+00    1
------------------------------------------------------------
 Total        -9.333091690745583e+01    -9.32236e-08    1
============================================================


################ Wall time: 4.20565e+02 sec ################




####################### SCF cycle  5 #######################


============================================================
 Current precision                              1.00000e-07
------------------------------------------------------------
 Orbital threshold                              1.00000e-06
 Property threshold                            -1.00000e+00
============================================================


============================================================
                   Calculating SCF energy
------------------------------------------------------------
 Nuclear energy                       2.418081485944711e+01
 Electronic energy                   -1.175117318715067e+02
------------------------------------------------------------
 Total energy                        -9.333091701205963e+01
------------------------------------------------------------
                 Wall time: 2.83438e+01 sec 
============================================================


============================================================
                Rotating Helmholtz argument
------------------------------------------------------------
 Rotating orbitals                              1.84637e+00
------------------------------------------------------------
                 Wall time: 1.84646e+00 sec 
============================================================


============================================================
                Applying Helmholtz operators
------------------------------------------------------------
 Orb    RealNorm   Nodes     ImagNorm   Nodes     Timing
------------------------------------------------------------
  0    1.00000e+00   776    0.00000e+00     0   7.93006e+01
  4    9.99999e-01   712    0.00000e+00     0   8.75214e+01
------------------------------------------------------------
                 Wall time: 1.66824e+02 sec 
============================================================


============================================================
                 Lowdin orthonormalization
------------------------------------------------------------
 Computing Lowdin matrix                        8.75573e+01
 Rotating orbitals                              1.70919e+00
------------------------------------------------------------
                 Wall time: 8.92666e+01 sec 
============================================================


============================================================
               Iterative subspace accelerator
------------------------------------------------------------
 Push back orbitals                             1.87562e-02
 Setup linear system                            1.94672e+00
 Solve linear system                            9.19000e-06
 Expand solution                                2.29427e+00
------------------------------------------------------------
                 Wall time: 4.25989e+00 sec 
============================================================


============================================================
                 Lowdin orthonormalization
------------------------------------------------------------
 Computing Lowdin matrix                        7.87133e-01
 Rotating orbitals                              1.69724e+00
------------------------------------------------------------
                 Wall time: 2.48446e+00 sec 
============================================================


============================================================
                  Setting up Fock operator
------------------------------------------------------------
 Precision                                      1.00000e-07
------------------------------------------------------------
 Coulomb density                       968      1.62501e+00
 Coulomb potential                     488      5.10388e+01
 Allreduce potential                   680      9.21142e+00
 XC total density                     1608      3.01224e+00
 XC evaluate xcfun                    8040      2.67213e+01
 XC energy                            1608      1.66163e-04
 XC potential                         1608      9.35454e-01
------------------------------------------------------------
                 Wall time: 9.31419e+01 sec 
============================================================


============================================================
                  Calculating Fock matrix
------------------------------------------------------------
 Kinetic part                         6.883279407000000e+00
 Potential part                       2.936237812800000e+01
------------------------------------------------------------
                 Wall time: 3.62458e+01 sec 
============================================================


============================================================
                          Orbitals
------------------------------------------------------------
 Orb    F(i,i)        Error         nNodes  Spin  Occ  Done 
------------------------------------------------------------
  0  -1.40308e+01   3.97353e-07        808    p    2    1
  1  -9.94317e+00   1.13404e-06          0    p    2    0
  2  -8.74649e-01   6.82200e-06          0    p    2    0
  3  -6.19346e-01   1.13284e-05          0    p    2    0
  4  -3.47489e-01   2.10970e-05        712    p    2    0
  5  -3.47488e-01   8.15961e-06          0    p    2    0
  6  -2.80332e-01   1.11002e-04          0    p    2    0
------------------------------------------------------------
 Total error:                            1.14059e-04    0
============================================================


============================================================
                    Energy                 Update      Done 
------------------------------------------------------------
 Orbital      -5.288663584705345e+01    -2.98600e-05    1
 Kinetic       9.301094050107103e+01    -2.10520e-05    1
 N-E          -2.662121083199241e+02     4.83767e-05    1
 Coulomb       6.817096367831773e+01    -3.09104e-05    1
 Exchange      0.000000000000000e+00     0.00000e+00    1
 X-C          -1.248151146917788e+01     3.78396e-06    1
------------------------------------------------------------
 Electronic   -1.175117318715067e+02    -1.04604e-07    1
 Nuclear       2.418081485944711e+01     0.00000e+00    1
------------------------------------------------------------
 Total        -9.333091701205963e+01    -1.04604e-07    1
============================================================


################ Wall time: 4.22894e+02 sec ################




####################### SCF cycle  6 #######################


============================================================
 Current precision                              1.00000e-07
------------------------------------------------------------
 Orbital threshold                              1.00000e-06
 Property threshold                            -1.00000e+00
============================================================


============================================================
                   Calculating SCF energy
------------------------------------------------------------
 Nuclear energy                       2.418081485944711e+01
 Electronic energy                   -1.175117318928978e+02
------------------------------------------------------------
 Total energy                        -9.333091703345066e+01
------------------------------------------------------------
                 Wall time: 2.99065e+01 sec 
============================================================


============================================================
                Rotating Helmholtz argument
------------------------------------------------------------
 Rotating orbitals                              1.87860e+00
------------------------------------------------------------
                 Wall time: 1.87870e+00 sec 
============================================================


============================================================
                Applying Helmholtz operators
------------------------------------------------------------
 Orb    RealNorm   Nodes     ImagNorm   Nodes     Timing
------------------------------------------------------------
  0    1.00000e+00   776    0.00000e+00     0   8.13392e+01
  4    1.00000e+00   712    0.00000e+00     0   8.76851e+01
------------------------------------------------------------
                 Wall time: 1.69025e+02 sec 
============================================================


============================================================
                 Lowdin orthonormalization
------------------------------------------------------------
 Computing Lowdin matrix                        9.87504e+01
 Rotating orbitals                              1.81004e+00
------------------------------------------------------------
                 Wall time: 1.00561e+02 sec 
============================================================


============================================================
               Iterative subspace accelerator
------------------------------------------------------------
 Push back orbitals                             2.69049e-02
 Setup linear system                            2.00725e+00
 Solve linear system                            9.36500e-06
 Expand solution                                2.45492e+00
------------------------------------------------------------
                 Wall time: 4.48924e+00 sec 
============================================================


============================================================
                 Lowdin orthonormalization
------------------------------------------------------------
 Computing Lowdin matrix                        8.11909e-01
 Rotating orbitals                              1.74752e+00
------------------------------------------------------------
                 Wall time: 2.55952e+00 sec 
============================================================


============================================================
                  Setting up Fock operator
------------------------------------------------------------
 Precision                                      1.00000e-07
------------------------------------------------------------
 Coulomb density                       968      1.66267e+00
 Coulomb potential                     488      5.28645e+01
 Allreduce potential                   680      8.24720e+00
 XC total density                     1608      3.40264e+00
 XC evaluate xcfun                    8040      2.67924e+01
 XC energy                            1608      1.83829e-04
 XC potential                         1608      9.29873e-01
------------------------------------------------------------
                 Wall time: 9.44825e+01 sec 
============================================================


============================================================
                  Calculating Fock matrix
------------------------------------------------------------
 Kinetic part                         7.543164055000000e+00
 Potential part                       2.991969693600000e+01
------------------------------------------------------------
                 Wall time: 3.74630e+01 sec 
============================================================


============================================================
                          Orbitals
------------------------------------------------------------
 Orb    F(i,i)        Error         nNodes  Spin  Occ  Done 
------------------------------------------------------------
  0  -1.40308e+01   7.38002e-08        808    p    2    1
  1  -9.94318e+00   2.79314e-07          0    p    2    1
  2  -8.74652e-01   2.54406e-06          0    p    2    0
  3  -6.19349e-01   3.84063e-06          0    p    2    0
  4  -3.47491e-01   4.37940e-06        712    p    2    0
  5  -3.47490e-01   2.14497e-06          0    p    2    0
  6  -2.80333e-01   2.36680e-05          0    p    2    0
------------------------------------------------------------
 Total error:                            2.46021e-05    0
============================================================


============================================================
                    Energy                 Update      Done 
------------------------------------------------------------
 Orbital      -5.288658260444235e+01     5.32426e-05    1
 Kinetic       9.301097599473742e+01     3.54937e-05    1
 N-E          -2.662121925214283e+02    -8.42015e-05    1
 Coulomb       6.817101892471514e+01     5.52464e-05    1
 Exchange      0.000000000000000e+00     0.00000e+00    1
 X-C          -1.248151791366314e+01    -6.44449e-06    1
------------------------------------------------------------
 Electronic   -1.175117318928978e+02    -2.13910e-08    1
 Nuclear       2.418081485944711e+01     0.00000e+00    1
------------------------------------------------------------
 Total        -9.333091703345066e+01    -2.13910e-08    1
============================================================


################ Wall time: 4.40864e+02 sec ################




####################### SCF cycle  7 #######################


============================================================
 Current precision                              1.00000e-07
------------------------------------------------------------
 Orbital threshold                              1.00000e-06
 Property threshold                            -1.00000e+00
============================================================


============================================================
                   Calculating SCF energy
------------------------------------------------------------
 Nuclear energy                       2.418081485944711e+01
 Electronic energy                   -1.175117318946657e+02
------------------------------------------------------------
 Total energy                        -9.333091703521855e+01
------------------------------------------------------------
                 Wall time: 3.05410e+01 sec 
============================================================


============================================================
                Rotating Helmholtz argument
------------------------------------------------------------
 Rotating orbitals                              1.91115e+00
------------------------------------------------------------
                 Wall time: 1.91124e+00 sec 
============================================================


============================================================
                Applying Helmholtz operators
------------------------------------------------------------
 Orb    RealNorm   Nodes     ImagNorm   Nodes     Timing
------------------------------------------------------------
  0    1.00000e+00   776    0.00000e+00     0   8.10101e+01
  4    1.00000e+00   712    0.00000e+00     0   8.46293e+01
------------------------------------------------------------
                 Wall time: 1.65640e+02 sec 
============================================================


============================================================
                 Lowdin orthonormalization
------------------------------------------------------------
 Computing Lowdin matrix                        9.65444e+01
 Rotating orbitals                              1.76769e+00
------------------------------------------------------------
                 Wall time: 9.83122e+01 sec 
============================================================


============================================================
               Iterative subspace accelerator
------------------------------------------------------------
 Push back orbitals                             5.60191e-02
 Setup linear system                            2.05505e+00
 Solve linear system                            9.19500e-06
 Expand solution                                2.36380e+00
------------------------------------------------------------
                 Wall time: 4.47502e+00 sec 
============================================================


============================================================
                 Lowdin orthonormalization
------------------------------------------------------------
 Computing Lowdin matrix                        7.15484e-01
 Rotating orbitals                              1.65224e+00
------------------------------------------------------------
                 Wall time: 2.36781e+00 sec 
============================================================


============================================================
                  Setting up Fock operator
------------------------------------------------------------
 Precision                                      1.00000e-07
------------------------------------------------------------
 Coulomb density                       968      1.60287e+00
 Coulomb potential                     488      5.04672e+01
 Allreduce potential                   680      1.05656e+01
 XC total density                     1608      3.36064e+00
 XC evaluate xcfun                    8040      2.64976e+01
 XC energy                            1608      1.59998e-04
 XC potential                         1608      9.38156e-01
------------------------------------------------------------
                 Wall time: 9.40299e+01 sec 
============================================================


============================================================
                  Calculating Fock matrix
------------------------------------------------------------
 Kinetic part                         7.945600154000000e+00
 Potential part                       3.081290599900000e+01
------------------------------------------------------------
                 Wall time: 3.87586e+01 sec 
============================================================


============================================================
                          Orbitals
------------------------------------------------------------
 Orb    F(i,i)        Error         nNodes  Spin  Occ  Done 
------------------------------------------------------------
  0  -1.40308e+01   8.39872e-08        808    p    2    1
  1  -9.94317e+00   1.06118e-07          0    p    2    1
  2  -8.74650e-01   2.24511e-06          0    p    2    0
  3  -6.19347e-01   6.87692e-06          0    p    2    0
  4  -3.47489e-01   2.94806e-06        712    p    2    0
  5  -3.47489e-01   1.32658e-06          0    p    2    0
  6  -2.80332e-01   1.23210e-05          0    p    2    0
------------------------------------------------------------
 Total error:                            1.46495e-05    0
============================================================


============================================================
                    Energy                 Update      Done 
------------------------------------------------------------
 Orbital      -5.288662736687382e+01    -4.47624e-05    1
 Kinetic       9.301094503668391e+01    -3.09581e-05    1
 N-E          -2.662121205288122e+02     7.19926e-05    1
 Coulomb       6.817097250285825e+01    -4.64219e-05    1
 Exchange      0.000000000000000e+00     0.00000e+00    1
 X-C          -1.248151250505274e+01     5.40861e-06    1
------------------------------------------------------------
 Electronic   -1.175117318946657e+02    -1.76789e-09    1
 Nuclear       2.418081485944711e+01     0.00000e+00    1
------------------------------------------------------------
 Total        -9.333091703521855e+01    -1.76789e-09    1
============================================================


################ Wall time: 4.36465e+02 sec ################




####################### SCF cycle  8 #######################


============================================================
 Current precision                              1.00000e-07
------------------------------------------------------------
 Orbital threshold                              1.00000e-06
 Property threshold                            -1.00000e+00
============================================================


============================================================
                   Calculating SCF energy
------------------------------------------------------------
 Nuclear energy                       2.418081485944711e+01
 Electronic energy                   -1.175117318952873e+02
------------------------------------------------------------
 Total energy                        -9.333091703584020e+01
------------------------------------------------------------
                 Wall time: 3.14790e+01 sec 
============================================================


============================================================
                Rotating Helmholtz argument
------------------------------------------------------------
 Rotating orbitals                              1.91595e+00
------------------------------------------------------------
                 Wall time: 1.91604e+00 sec 
============================================================


============================================================
                Applying Helmholtz operators
------------------------------------------------------------
 Orb    RealNorm   Nodes     ImagNorm   Nodes     Timing
------------------------------------------------------------
  0    1.00000e+00   776    0.00000e+00     0   7.89252e+01
  4    1.00000e+00   712    0.00000e+00     0   8.84588e+01
------------------------------------------------------------
                 Wall time: 1.67385e+02 sec 
============================================================


============================================================
                 Lowdin orthonormalization
------------------------------------------------------------
 Computing Lowdin matrix                        1.02207e+02
 Rotating orbitals                              1.86246e+00
------------------------------------------------------------
                 Wall time: 1.04069e+02 sec 
============================================================


============================================================
               Iterative subspace accelerator
------------------------------------------------------------
 Push back orbitals                             4.52566e-02
 Setup linear system                            2.04988e+00
 Solve linear system                            9.42800e-06
 Expand solution                                2.35291e+00
------------------------------------------------------------
                 Wall time: 4.44819e+00 sec 
============================================================


============================================================
                 Lowdin orthonormalization
------------------------------------------------------------
 Computing Lowdin matrix                        6.93453e-01
 Rotating orbitals                              1.62521e+00
------------------------------------------------------------
                 Wall time: 2.31876e+00 sec 
============================================================


============================================================
                  Setting up Fock operator
------------------------------------------------------------
 Precision                                      1.00000e-07
------------------------------------------------------------
 Coulomb density                       968      1.62543e+00
 Coulomb potential                     488      5.00752e+01
 Allreduce potential                   680      1.12468e+01
 XC total density                     1608      3.38469e+00
 XC evaluate xcfun                    8040      2.67701e+01
 XC energy                            1608      1.76190e-04
 XC potential                         1608      9.05032e-01
------------------------------------------------------------
                 Wall time: 9.46009e+01 sec 
============================================================


============================================================
                  Calculating Fock matrix
------------------------------------------------------------
 Kinetic part                         7.824743925000000e+00
 Potential part                       2.981241405800000e+01
------------------------------------------------------------
                 Wall time: 3.76373e+01 sec 
============================================================


============================================================
                          Orbitals
------------------------------------------------------------
 Orb    F(i,i)        Error         nNodes  Spin  Occ  Done 
------------------------------------------------------------
  0  -1.40308e+01   9.32759e-08        808    p    2    1
  1  -9.94317e+00   9.49016e-08          0    p    2    1
  2  -8.74651e-01   2.08288e-06          0    p    2    0
  3  -6.19348e-01   9.44600e-06          0    p    2    0
  4  -3.47491e-01   2.74053e-06        712    p    2    0
  5  -3.47490e-01   9.29759e-07          0    p    2    1
  6  -2.80333e-01   6.26322e-06          0    p    2    0
------------------------------------------------------------
 Total error:                            1.18822e-05    0
============================================================


============================================================
                    Energy                 Update      Done 
------------------------------------------------------------
 Orbital      -5.288659694785181e+01     3.04190e-05    1
 Kinetic       9.301096626076873e+01     2.12241e-05    1
 N-E          -2.662121695954491e+02    -4.90666e-05    1
 Coulomb       6.817100405785754e+01     3.15550e-05    1
 Exchange      0.000000000000000e+00     0.00000e+00    1
 X-C          -1.248151621000418e+01    -3.70495e-06    1
------------------------------------------------------------
 Electronic   -1.175117318952873e+02    -6.21654e-10    1
 Nuclear       2.418081485944711e+01     0.00000e+00    1
------------------------------------------------------------
 Total        -9.333091703584020e+01    -6.21654e-10    1
============================================================


################ Wall time: 4.44292e+02 sec ################




####################### SCF cycle  9 #######################


============================================================
 Current precision                              1.00000e-07
------------------------------------------------------------
 Orbital threshold                              1.00000e-06
 Property threshold                            -1.00000e+00
============================================================


============================================================
                   Calculating SCF energy
------------------------------------------------------------
 Nuclear energy                       2.418081485944711e+01
 Electronic energy                   -1.175117318955322e+02
------------------------------------------------------------
 Total energy                        -9.333091703608508e+01
------------------------------------------------------------
                 Wall time: 3.12917e+01 sec 
============================================================


============================================================
                Rotating Helmholtz argument
------------------------------------------------------------
 Rotating orbitals                              1.89650e+00
------------------------------------------------------------
                 Wall time: 1.89659e+00 sec 
============================================================


============================================================
                Applying Helmholtz operators
------------------------------------------------------------
 Orb    RealNorm   Nodes     ImagNorm   Nodes     Timing
------------------------------------------------------------
  0    1.00000e+00   776    0.00000e+00     0   8.21939e+01
  4    1.00000e+00   712    0.00000e+00     0   8.66161e+01
------------------------------------------------------------
                 Wall time: 1.68811e+02 sec 
============================================================


============================================================
                 Lowdin orthonormalization
------------------------------------------------------------
 Computing Lowdin matrix                        1.02536e+02
 Rotating orbitals                              1.69584e+00
------------------------------------------------------------
                 Wall time: 1.04232e+02 sec 
============================================================


============================================================
               Iterative subspace accelerator
------------------------------------------------------------
 Push back orbitals                             1.09364e-01
 Setup linear system                            1.97566e+00
 Solve linear system                            8.96100e-06
 Expand solution                                2.45620e+00
------------------------------------------------------------
                 Wall time: 4.54136e+00 sec 
============================================================


============================================================
                 Lowdin orthonormalization
------------------------------------------------------------
 Computing Lowdin matrix                        6.82565e-01
 Rotating orbitals                              1.62854e+00
------------------------------------------------------------
                 Wall time: 2.31119e+00 sec 
============================================================


============================================================
                  Setting up Fock operator
------------------------------------------------------------
 Precision                                      1.00000e-07
------------------------------------------------------------
 Coulomb density                       968      1.69636e+00
 Coulomb potential                     488      5.12162e+01
 Allreduce potential                   680      8.52439e+00
 XC total density                     1608      3.41383e+00
 XC evaluate xcfun                    8040      2.66087e+01
 XC energy                            1608      1.68864e-04
 XC potential                         1608      9.11176e-01
------------------------------------------------------------
                 Wall time: 9.29703e+01 sec 
============================================================


============================================================
                  Calculating Fock matrix
------------------------------------------------------------
 Kinetic part                         7.870970659000000e+00
 Potential part                       3.086837887600000e+01
------------------------------------------------------------
                 Wall time: 3.87395e+01 sec 
============================================================


============================================================
                          Orbitals
------------------------------------------------------------
 Orb    F(i,i)        Error         nNodes  Spin  Occ  Done 
------------------------------------------------------------
  0  -1.40308e+01   2.39997e-08        808    p    2    1
  1  -9.94317e+00   8.83229e-08          0    p    2    1
  2  -8.74651e-01   4.26018e-07          0    p    2    1
  3  -6.19348e-01   3.07843e-06          0    p    2    0
  4  -3.47490e-01   9.62231e-07        712    p    2    1
  5  -3.47489e-01   3.16404e-07          0    p    2    1
  6  -2.80333e-01   3.46498e-06          0    p    2    0
------------------------------------------------------------
 Total error:                            4.76431e-06    0
============================================================


============================================================
                    Energy                 Update      Done 
------------------------------------------------------------
 Orbital      -5.288661549647575e+01    -1.85486e-05    1
 Kinetic       9.301095354245710e+01    -1.27183e-05    1
 N-E          -2.662121398705116e+02     2.97249e-05    1
 Coulomb       6.817098482449633e+01    -1.92334e-05    1
 Exchange      0.000000000000000e+00     0.00000e+00    1
 X-C          -1.248151398211816e+01     2.22789e-06    1
------------------------------------------------------------
 Electronic   -1.175117318955322e+02    -2.44881e-10    1
 Nuclear       2.418081485944711e+01     0.00000e+00    1
------------------------------------------------------------
 Total        -9.333091703608508e+01    -2.44881e-10    1
============================================================


################ Wall time: 4.45238e+02 sec ################




####################### SCF cycle 10 #######################


============================================================
 Current precision                              1.00000e-07
------------------------------------------------------------
 Orbital threshold                              1.00000e-06
 Property threshold                            -1.00000e+00
============================================================


============================================================
                   Calculating SCF energy
------------------------------------------------------------
 Nuclear energy                       2.418081485944711e+01
 Electronic energy                   -1.175117318956167e+02
------------------------------------------------------------
 Total energy                        -9.333091703616955e+01
------------------------------------------------------------
                 Wall time: 3.12268e+01 sec 
============================================================


============================================================
                Rotating Helmholtz argument
------------------------------------------------------------
 Rotating orbitals                              1.91993e+00
------------------------------------------------------------
                 Wall time: 1.92002e+00 sec 
============================================================


============================================================
                Applying Helmholtz operators
------------------------------------------------------------
 Orb    RealNorm   Nodes     ImagNorm   Nodes     Timing
------------------------------------------------------------
  0    1.00000e+00   776    0.00000e+00     0   7.79940e+01
  4    1.00000e+00   712    0.00000e+00     0   8.48295e+01
------------------------------------------------------------
                 Wall time: 1.62825e+02 sec 
============================================================


============================================================
                 Lowdin orthonormalization
------------------------------------------------------------
 Computing Lowdin matrix                        1.10174e+02
 Rotating orbitals                              1.67838e+00
------------------------------------------------------------
                 Wall time: 1.11853e+02 sec 
============================================================


============================================================
               Iterative subspace accelerator
------------------------------------------------------------
 Push back orbitals                             6.31411e-02
 Setup linear system                            1.98025e+00
 Solve linear system                            9.39800e-06
 Expand solution                                2.34737e+00
------------------------------------------------------------
                 Wall time: 4.39090e+00 sec 
============================================================


============================================================
                 Lowdin orthonormalization
------------------------------------------------------------
 Computing Lowdin matrix                        6.90422e-01
 Rotating orbitals                              1.47341e+00
------------------------------------------------------------
                 Wall time: 2.16392e+00 sec 
============================================================


============================================================
                  Setting up Fock operator
------------------------------------------------------------
 Precision                                      1.00000e-07
------------------------------------------------------------
 Coulomb density                       968      1.60816e+00
 Coulomb potential                     488      5.00796e+01
 Allreduce potential                   680      1.02321e+01
 XC total density                     1608      3.35549e+00
 XC evaluate xcfun                    8040      2.66076e+01
 XC energy                            1608      1.62721e-04
 XC potential                         1608      9.16826e-01
------------------------------------------------------------
                 Wall time: 9.34088e+01 sec 
============================================================


============================================================
                  Calculating Fock matrix
------------------------------------------------------------
 Kinetic part                         7.618991556000000e+00
 Potential part                       3.062335741800000e+01
------------------------------------------------------------
                 Wall time: 3.82425e+01 sec 
============================================================


============================================================
                          Orbitals
------------------------------------------------------------
 Orb    F(i,i)        Error         nNodes  Spin  Occ  Done 
------------------------------------------------------------
  0  -1.40308e+01   1.81911e-08        808    p    2    1
  1  -9.94317e+00   2.66879e-08          0    p    2    1
  2  -8.74651e-01   3.08013e-07          0    p    2    1
  3  -6.19348e-01   7.75379e-07          0    p    2    1
  4  -3.47490e-01   5.14117e-07        712    p    2    1
  5  -3.47489e-01   9.16495e-08          0    p    2    1
  6  -2.80333e-01   1.47664e-06          0    p    2    0
------------------------------------------------------------
 Total error:                            1.77491e-06    0
============================================================


============================================================
                    Energy                 Update      Done 
------------------------------------------------------------
 Orbital      -5.288661187605852e+01     3.62042e-06    1
 Kinetic       9.301095602774990e+01     2.48529e-06    1
 N-E          -2.662121456828787e+02    -5.81237e-06    1
 Coulomb       6.817098857792692e+01     3.75343e-06    1
 Exchange      0.000000000000000e+00     0.00000e+00    1
 X-C          -1.248151441334409e+01    -4.31226e-07    1
------------------------------------------------------------
 Electronic   -1.175117318956167e+02    -8.44693e-11    1
 Nuclear       2.418081485944711e+01     0.00000e+00    1
------------------------------------------------------------
 Total        -9.333091703616955e+01    -8.44693e-11    1
============================================================


################ Wall time: 4.46452e+02 sec ################




####################### SCF cycle 11 #######################


============================================================
 Current precision                              1.00000e-07
------------------------------------------------------------
 Orbital threshold                              1.00000e-06
 Property threshold                            -1.00000e+00
============================================================


============================================================
                   Calculating SCF energy
------------------------------------------------------------
 Nuclear energy                       2.418081485944711e+01
 Electronic energy                   -1.175117318956275e+02
------------------------------------------------------------
 Total energy                        -9.333091703618041e+01
------------------------------------------------------------
                 Wall time: 3.14039e+01 sec 
============================================================


============================================================
                Rotating Helmholtz argument
------------------------------------------------------------
 Rotating orbitals                              1.89682e+00
------------------------------------------------------------
                 Wall time: 1.89692e+00 sec 
============================================================


============================================================
                Applying Helmholtz operators
------------------------------------------------------------
 Orb    RealNorm   Nodes     ImagNorm   Nodes     Timing
------------------------------------------------------------
  0    1.00000e+00   776    0.00000e+00     0   7.89813e+01
  4    1.00000e+00   712    0.00000e+00     0   8.59671e+01
------------------------------------------------------------
                 Wall time: 1.64949e+02 sec 
============================================================


============================================================
                 Lowdin orthonormalization
------------------------------------------------------------
 Computing Lowdin matrix                        1.16760e+02
 Rotating orbitals                              1.63896e+00
------------------------------------------------------------
                 Wall time: 1.18399e+02 sec 
============================================================


============================================================
               Iterative subspace accelerator
------------------------------------------------------------
 Push back orbitals                             1.42632e-01
 Setup linear system                            1.99176e+00
 Solve linear system                            8.95100e-06
 Expand solution                                2.28583e+00
------------------------------------------------------------
                 Wall time: 4.42036e+00 sec 
============================================================


============================================================
                 Lowdin orthonormalization
------------------------------------------------------------
 Computing Lowdin matrix                        6.76379e-01
 Rotating orbitals                              1.38904e+00
------------------------------------------------------------
                 Wall time: 2.06549e+00 sec 
============================================================


============================================================
                  Setting up Fock operator
------------------------------------------------------------
 Precision                                      1.00000e-07
------------------------------------------------------------
 Coulomb density                       968      1.63380e+00
 Coulomb potential                     488      5.00736e+01
 Allreduce potential                   680      9.08897e+00
 XC total density                     1608      3.24903e+00
 XC evaluate xcfun                    8040      2.65505e+01
 XC energy                            1608      1.66501e-04
 XC potential                         1608      9.21326e-01
------------------------------------------------------------
                 Wall time: 9.21072e+01 sec 
============================================================


============================================================
                  Calculating Fock matrix
------------------------------------------------------------
 Kinetic part                         7.312595826000000e+00
 Potential part                       2.956417701400000e+01
------------------------------------------------------------
                 Wall time: 3.68769e+01 sec 
============================================================


============================================================
                          Orbitals
------------------------------------------------------------
 Orb    F(i,i)        Error         nNodes  Spin  Occ  Done 
------------------------------------------------------------
  0  -1.40308e+01   2.09142e-08        808    p    2    1
  1  -9.94317e+00   1.85665e-08          0    p    2    1
  2  -8.74651e-01   1.74054e-07          0    p    2    1
  3  -6.19348e-01   1.90389e-07          0    p    2    1
  4  -3.47490e-01   3.98381e-07        712    p    2    1
  5  -3.47489e-01   6.37369e-08          0    p    2    1
  6  -2.80333e-01   3.03220e-07          0    p    2    1
------------------------------------------------------------
 Total error:                            5.67483e-07    1
============================================================


============================================================
                    Energy                 Update      Done 
------------------------------------------------------------
 Orbital      -5.288661287584077e+01    -9.99782e-07    1
 Kinetic       9.301095532305607e+01    -7.04694e-07    1
 N-E          -2.662121440653541e+02     1.61752e-06    1
 Coulomb       6.817098754062346e+01    -1.03730e-06    1
 Exchange      0.000000000000000e+00     0.00000e+00    1
 X-C          -1.248151429040194e+01     1.22942e-07    1
------------------------------------------------------------
 Electronic   -1.175117318956275e+02    -1.08571e-11    1
 Nuclear       2.418081485944711e+01     0.00000e+00    1
------------------------------------------------------------
 Total        -9.333091703618041e+01    -1.08571e-11    1
============================================================


################ Wall time: 4.52526e+02 sec ################


============================================================
                      Convergence rate
------------------------------------------------------------
Iter    OrbError       Property                   Update  
------------------------------------------------------------
  1    2.28813e-03    -9.333090883372449e+01   -9.33309e+01
  2    3.13664e-04    -9.333091657851527e+01   -7.74479e-06
  3    1.48788e-04    -9.333091681423221e+01   -2.35717e-07
  4    2.26744e-04    -9.333091690745583e+01   -9.32236e-08
  5    1.14059e-04    -9.333091701205963e+01   -1.04604e-07
  6    2.46021e-05    -9.333091703345066e+01   -2.13910e-08
  7    1.46495e-05    -9.333091703521855e+01   -1.76789e-09
  8    1.18822e-05    -9.333091703584020e+01   -6.21654e-10
  9    4.76431e-06    -9.333091703608508e+01   -2.44881e-10
 10    1.77491e-06    -9.333091703616955e+01   -8.44693e-11
 11    5.67483e-07    -9.333091703618041e+01   -1.08571e-11
------------------------------------------------------------
                      SCF converged!!!                      
============================================================


============================================================
                  Digonalizing Fock matrix
------------------------------------------------------------
 Computing Lowdin matrix                        3.53266e-01
 Diagonalizing matrix                           1.30970e-05
 Rotating orbitals                              2.11148e+00
------------------------------------------------------------
                 Wall time: 2.46485e+00 sec 
============================================================


============================================================
                  Setting up Fock operator
------------------------------------------------------------
 Precision                                      1.00000e-07
------------------------------------------------------------
 Coulomb density                      1032      1.71862e+00
 Coulomb potential                     488      4.74254e+01
 Allreduce potential                   680      4.93228e+00
 XC total density                     1672      3.11667e+00
 XC evaluate xcfun                    8360      2.70329e+01
 XC energy                            1672      1.58756e-04
 XC potential                         1672      7.59466e-01
------------------------------------------------------------
                 Wall time: 8.55724e+01 sec 
============================================================


============================================================
                   Calculating SCF energy
------------------------------------------------------------
------------------------------------------------------------
                 Wall time: 3.19996e+01 sec 
============================================================


============================================================
                 Calculating dipole moment
------------------------------------------------------------
------------------------------------------------------------
                 Wall time: 1.13461e+01 sec 
============================================================


============================================================
                        Fock matrix
------------------------------------------------------------
-1.40308e+01  0.00000e+00  0.00000e+00  0.00000e+00  0.00000e+00  0.00000e+00  0.00000e+00
 0.00000e+00 -9.94317e+00  0.00000e+00  0.00000e+00  0.00000e+00  0.00000e+00  0.00000e+00
 0.00000e+00  0.00000e+00 -8.74651e-01  0.00000e+00  0.00000e+00  0.00000e+00  0.00000e+00
 0.00000e+00  0.00000e+00  0.00000e+00 -6.19348e-01  0.00000e+00  0.00000e+00  0.00000e+00
 0.00000e+00  0.00000e+00  0.00000e+00  0.00000e+00 -3.47490e-01  0.00000e+00  0.00000e+00
 0.00000e+00  0.00000e+00  0.00000e+00  0.00000e+00  0.00000e+00 -3.47489e-01  0.00000e+00
 0.00000e+00  0.00000e+00  0.00000e+00  0.00000e+00  0.00000e+00  0.00000e+00 -2.80333e-01
============================================================


============================================================
                      Orbital energies
------------------------------------------------------------
    n  spin  occ                            epsilon  
------------------------------------------------------------
    0    p    2                      -1.403082055351409e+01
    1    p    2                      -9.943174107322790e+00
    2    p    2                      -8.746505819715321e-01
    3    p    2                      -6.193480242442586e-01
    4    p    2                      -3.474903393536758e-01
    5    p    2                      -3.474893809965308e-01
    6    p    2                      -2.803327752133678e-01
============================================================


============================================================
                          Molecule
------------------------------------------------------------
 Nr  Element             x             y             z      
------------------------------------------------------------
  1     C           0.00000e+00   0.00000e+00  -1.39934e+00
  2     N           0.00000e+00   0.00000e+00   8.16551e-01
  3     H           0.00000e+00   0.00000e+00   2.68020e+00
------------------------------------------------------------
 Center of mass:    0.00000e+00   0.00000e+00  -9.87508e-02
============================================================


                                                            
============================================================
                         SCF Energy                         
------------------------------------------------------------
                                                            
 Sum orbital energy:                 -5.288661152523249e+01
 Kinetic energy:                      9.301095626246766e+01
 E-N energy:                         -2.662121462290600e+02
 Coulomb energy:                      6.817098894067684e+01
 Exchange energy:                     0.000000000000000e+00
 X-C energy:                         -1.248151445091740e+01
 El. external field energy:          -1.640364920539131e-05
 Nuc. external field energy:          9.304115222184216e-15
                                                            
------------------------------------------------------------
                                                            
 Electronic energy:                  -1.175117318804820e+02
 Nuclear energy:                      2.418081485944711e+01
                                                            
------------------------------------------------------------
                                                            
 Total energy       (au)             -9.333091702103494e+01
                    (kJ/mol)         -2.450402871729788e+05
                    (kcal/mol)       -5.856603418115269e+04
                    (eV)             -2.539663520128981e+03
                                                            
============================================================
                                                            

                                                            
============================================================
                         Dipole moment                      
------------------------------------------------------------
                                                            
 Length of vector:   (au)                  1.2061224089e+00
                     (Debye)               3.0656570870e+00
                                                            
-------------------------- Total ---------------------------
                                                            
 [-9.2459080109e-11,  1.6403649196e-02,  1.2060108563e+00] 
                                                            
------------------------- Nuclear --------------------------
                                                            
 [-9.2910780345e-12, -9.3041152222e-12,  1.3825108305e+00] 
                                                            
------------------------ Electronic ------------------------
                                                            
 [-8.3168002074e-11,  1.6403649205e-02, -1.7649997416e-01] 
                                                            
============================================================
                                                            



************************************************************
***                                                      ***
***                    Exiting MRChem                    ***
***                                                      ***
***               Wall time: 4.977756e+03                ***
***                                                      ***
************************************************************


