


************************************************************
***     __  __ ____   ____ _                             ***
***    |  \/  |  _ \ / ___| |__   ___ _ __ ___           ***
***    | |\/| | |_) | |   | '_ \ / _ \ '_ ` _ \          ***
***    | |  | |  _ <| |___| | | |  __/ | | | | |         ***
***    |_|  |_|_| \_\\____|_| |_|\___|_| |_| |_|         ***
***                                                      ***
***    VERSION 0.0.1 (rev. 1c6f79f)                     ***
***                                                      ***
***    Stig Rune Jensen <stig.r.jensen@uit.no>           ***
***    Luca Frediani    <luca.frediani@uit.no>           ***
***    Peter Wind       <peter.wind@uit.no>              ***
***                                                      ***
************************************************************


+++ Parallel execution: 
  MPI hosts available     : 4
  Threads/host            : 2
  Total used CPUs         : 8


------------------------------------------------------------

 MRCPP version   : X.Y.Z
 Git revision    : bbc2aed

 Linear algebra  : EIGEN
 Parallelization : MPI/OpenMP

------------------------------------------------------------




============================================================
                  MultiResolution Analysis                  
------------------------------------------------------------
 polynomial order = 11
 polynomial type  = Interpolating
------------------------------------------------------------
 total boxes      = 8
 boxes            = [           2           2           2 ]
 unit lengths     = [    32.00000    32.00000    32.00000 ]
 scaling factor   = [     1.00000     1.00000     1.00000 ]
 lower bounds     = [   -32.00000   -32.00000   -32.00000 ]
 upper bounds     = [    32.00000    32.00000    32.00000 ]
 total length     = [    64.00000    64.00000    64.00000 ]
============================================================


============================================================
                          Molecule
------------------------------------------------------------
 Nr  Element             x             y             z      
------------------------------------------------------------
  1     Li          0.00000e+00   0.00000e+00   0.00000e+00
  2     Cl          0.00000e+00   0.00000e+00   3.81857e+00
------------------------------------------------------------
 Center of mass:    0.00000e+00   0.00000e+00   3.19337e+00
============================================================


============================================================
                Setting up nuclear potential
------------------------------------------------------------
 Nr  Element         Charge        Precision     Smoothing 
------------------------------------------------------------
  1     Li          3.00000e+00   1.00000e-07   1.21421e-04
  2     Cl          1.70000e+01   1.00000e-07   6.74137e-06
------------------------------------------------------------
 Nuclear potential                    1160      1.09089e+00
 Allreduce potential                  2408      1.29055e+00
------------------------------------------------------------
                 Wall time: 2.38157e+00 sec 
============================================================


============================================================
 OrbitalVector:  10 orbitals    10 occupied    20 electrons
------------------------------------------------------------
   n  RankID           Norm          Spin Occ      Error    
------------------------------------------------------------
   0     0       1.000000000000e+00    p   2    1.00000e+00
   1     1      -1.000000000000e+00    p   2    1.00000e+00
   2     2      -1.000000000000e+00    p   2    1.00000e+00
   3     3      -1.000000000000e+00    p   2    1.00000e+00
   4     0       1.000000000000e+00    p   2    1.00000e+00
   5     1      -1.000000000000e+00    p   2    1.00000e+00
   6     2      -1.000000000000e+00    p   2    1.00000e+00
   7     3      -1.000000000000e+00    p   2    1.00000e+00
   8     0       1.000000000000e+00    p   2    1.00000e+00
   9     1      -1.000000000000e+00    p   2    1.00000e+00
============================================================


============================================================
                  Setting up Fock operator
------------------------------------------------------------
 Precision                                      1.00000e-07
------------------------------------------------------------
 Coulomb density                      1032      2.33417e+00
 Coulomb potential                     616      5.75138e+01
 Allreduce potential                   712      1.08534e+01
 XC total density                     1512      3.50187e+00
 XC evaluate xcfun                    7560      2.46475e+01
 XC energy                            1512      1.70369e-04
 XC potential                         1512      7.90395e-01
------------------------------------------------------------
                 Wall time: 1.00234e+02 sec 
============================================================


============================================================
                  Calculating Fock matrix
------------------------------------------------------------
 Kinetic part                         8.672641258000001e+00
 Potential part                       3.080315515400000e+01
------------------------------------------------------------
                 Wall time: 3.94759e+01 sec 
============================================================




####################### SCF cycle  1 #######################


============================================================
 Current precision                              1.00000e-07
------------------------------------------------------------
 Orbital threshold                              1.00000e-06
 Property threshold                            -1.00000e+00
============================================================


============================================================
                  Digonalizing Fock matrix
------------------------------------------------------------
 Computing Lowdin matrix                        5.58001e-01
 Diagonalizing matrix                           2.31500e-05
 Rotating orbitals                              2.23348e+00
------------------------------------------------------------
                 Wall time: 2.79159e+00 sec 
============================================================


============================================================
                   Calculating SCF energy
------------------------------------------------------------
 Nuclear energy                       1.335473908427447e+01
 Electronic energy                   -4.809645631899587e+02
------------------------------------------------------------
 Total energy                        -4.676098241056843e+02
------------------------------------------------------------
                 Wall time: 2.36232e+01 sec 
============================================================


============================================================
                Rotating Helmholtz argument
------------------------------------------------------------
 Rotating orbitals                              6.64727e-01
------------------------------------------------------------
                 Wall time: 6.64818e-01 sec 
============================================================


============================================================
                Applying Helmholtz operators
------------------------------------------------------------
 Orb    RealNorm   Nodes     ImagNorm   Nodes     Timing
------------------------------------------------------------
  0    1.00000e+00   872    0.00000e+00     0   7.43020e+01
  4    1.00000e+00   616    0.00000e+00     0   5.72337e+01
  8    1.00012e+00   648    0.00000e+00     0   7.89421e+01
------------------------------------------------------------
                 Wall time: 2.10502e+02 sec 
============================================================


============================================================
                 Lowdin orthonormalization
------------------------------------------------------------
 Computing Lowdin matrix                        4.94899e+01
 Rotating orbitals                              2.22794e+00
------------------------------------------------------------
                 Wall time: 5.17179e+01 sec 
============================================================


============================================================
               Iterative subspace accelerator
------------------------------------------------------------
 Push back orbitals                             4.57890e-05
 Copy orbitals                                  9.10715e-02
 Copy orbital updates                           9.16525e-02
------------------------------------------------------------
                 Wall time: 1.82886e-01 sec 
============================================================


============================================================
                 Lowdin orthonormalization
------------------------------------------------------------
 Computing Lowdin matrix                        4.35492e-01
 Rotating orbitals                              1.08878e+00
------------------------------------------------------------
                 Wall time: 1.52435e+00 sec 
============================================================


============================================================
                  Setting up Fock operator
------------------------------------------------------------
 Precision                                      1.00000e-07
------------------------------------------------------------
 Coulomb density                      1000      1.98842e+00
 Coulomb potential                     616      5.91424e+01
 Allreduce potential                   712      1.07566e+01
 XC total density                     1480      2.86859e+00
 XC evaluate xcfun                    7400      2.40978e+01
 XC energy                            1480      1.63132e-04
 XC potential                         1480      7.46414e-01
------------------------------------------------------------
                 Wall time: 1.00134e+02 sec 
============================================================


============================================================
                  Calculating Fock matrix
------------------------------------------------------------
 Kinetic part                         6.622789266000000e+00
 Potential part                       2.519863781800000e+01
------------------------------------------------------------
                 Wall time: 3.18216e+01 sec 
============================================================


============================================================
                          Orbitals
------------------------------------------------------------
 Orb    F(i,i)        Error         nNodes  Spin  Occ  Done 
------------------------------------------------------------
  0  -1.00563e+02   1.14789e-06        712    p    2    0
  1  -9.07960e+00   7.04600e-06          0    p    2    0
  2  -6.89632e+00   1.94924e-05          0    p    2    0
  3  -6.89575e+00   1.48160e-05          0    p    2    0
  4  -6.89575e+00   1.48155e-05        488    p    2    0
  5  -1.89897e+00   2.41475e-04          0    p    2    0
  6  -6.43357e-01   3.30001e-04          0    p    2    0
  7  -2.37240e-01   2.40464e-03          0    p    2    0
  8  -2.15881e-01   1.92334e-03        648    p    2    0
  9  -2.15881e-01   1.92330e-03          0    p    2    0
------------------------------------------------------------
 Total error:                            3.65359e-03    0
============================================================


============================================================
                    Energy                 Update      Done 
------------------------------------------------------------
 Orbital      -2.670762115294844e+02    -2.67076e+02    1
 Kinetic       4.669830047621011e+02     4.66983e+02    1
 N-E          -1.140628205802967e+03    -1.14063e+03    1
 Coulomb       2.226430907077515e+02     2.22643e+02    1
 Exchange      0.000000000000000e+00     0.00000e+00    1
 X-C          -2.996619369473905e+01    -2.99662e+01    1
------------------------------------------------------------
 Electronic   -4.809645631899587e+02    -4.80965e+02    1
 Nuclear       1.335473908427447e+01     1.33547e+01    1
------------------------------------------------------------
 Total        -4.676098241056843e+02    -4.67610e+02    1
============================================================


################ Wall time: 4.23201e+02 sec ################




####################### SCF cycle  2 #######################


============================================================
 Current precision                              1.00000e-07
------------------------------------------------------------
 Orbital threshold                              1.00000e-06
 Property threshold                            -1.00000e+00
============================================================


============================================================
                  Digonalizing Fock matrix
------------------------------------------------------------
 Computing Lowdin matrix                        3.97440e-01
 Diagonalizing matrix                           2.13710e-05
 Rotating orbitals                              2.14423e+00
------------------------------------------------------------
                 Wall time: 2.54178e+00 sec 
============================================================


============================================================
                   Calculating SCF energy
------------------------------------------------------------
 Nuclear energy                       1.335473908427447e+01
 Electronic energy                   -4.809645776143819e+02
------------------------------------------------------------
 Total energy                        -4.676098385301075e+02
------------------------------------------------------------
                 Wall time: 2.36405e+01 sec 
============================================================


============================================================
                Rotating Helmholtz argument
------------------------------------------------------------
 Rotating orbitals                              6.65096e-01
------------------------------------------------------------
                 Wall time: 6.65182e-01 sec 
============================================================


============================================================
                Applying Helmholtz operators
------------------------------------------------------------
 Orb    RealNorm   Nodes     ImagNorm   Nodes     Timing
------------------------------------------------------------
  0    1.00000e+00   872    0.00000e+00     0   7.48215e+01
  4    9.99999e-01   616    0.00000e+00     0   5.70820e+01
  8    9.99977e-01   648    0.00000e+00     0   7.95044e+01
------------------------------------------------------------
                 Wall time: 2.11415e+02 sec 
============================================================


============================================================
                 Lowdin orthonormalization
------------------------------------------------------------
 Computing Lowdin matrix                        4.64839e+01
 Rotating orbitals                              2.22159e+00
------------------------------------------------------------
                 Wall time: 4.87056e+01 sec 
============================================================


============================================================
               Iterative subspace accelerator
------------------------------------------------------------
 Push back orbitals                             3.40120e-05
 Copy orbitals                                  9.10571e-02
 Copy orbital updates                           8.98213e-02
------------------------------------------------------------
                 Wall time: 1.81029e-01 sec 
============================================================


============================================================
                 Lowdin orthonormalization
------------------------------------------------------------
 Computing Lowdin matrix                        4.45172e-01
 Rotating orbitals                              1.08158e+00
------------------------------------------------------------
                 Wall time: 1.52684e+00 sec 
============================================================


============================================================
                  Setting up Fock operator
------------------------------------------------------------
 Precision                                      1.00000e-07
------------------------------------------------------------
 Coulomb density                      1000      1.96481e+00
 Coulomb potential                     616      5.94026e+01
 Allreduce potential                   712      1.02733e+01
 XC total density                     1480      2.81342e+00
 XC evaluate xcfun                    7400      2.41397e+01
 XC energy                            1480      1.78981e-04
 XC potential                         1480      7.45006e-01
------------------------------------------------------------
                 Wall time: 9.98771e+01 sec 
============================================================


============================================================
                  Calculating Fock matrix
------------------------------------------------------------
 Kinetic part                         6.638262463000000e+00
 Potential part                       2.507571574200000e+01
------------------------------------------------------------
                 Wall time: 3.17141e+01 sec 
============================================================


============================================================
                          Orbitals
------------------------------------------------------------
 Orb    F(i,i)        Error         nNodes  Spin  Occ  Done 
------------------------------------------------------------
  0  -1.00563e+02   5.17414e-07        712    p    2    1
  1  -9.07955e+00   6.28715e-06          0    p    2    0
  2  -6.89627e+00   9.58636e-06          0    p    2    0
  3  -6.89570e+00   6.44709e-06          0    p    2    0
  4  -6.89570e+00   6.44747e-06        488    p    2    0
  5  -1.89889e+00   6.19833e-05          0    p    2    0
  6  -6.43383e-01   1.96745e-04          0    p    2    0
  7  -2.37259e-01   4.49600e-04          0    p    2    0
  8  -2.15906e-01   3.60900e-04        648    p    2    0
  9  -2.15906e-01   3.60896e-04          0    p    2    0
------------------------------------------------------------
 Total error:                            7.10915e-04    0
============================================================


============================================================
                    Energy                 Update      Done 
------------------------------------------------------------
 Orbital      -2.670836713598421e+02    -7.45983e-03    1
 Kinetic       4.669810562321897e+02    -1.94853e-03    1
 N-E          -1.140619104528768e+03     9.10127e-03    1
 Coulomb       2.226355049476054e+02    -7.58576e-03    1
 Exchange      0.000000000000000e+00     0.00000e+00    1
 X-C          -2.996574890273477e+01     4.44792e-04    1
------------------------------------------------------------
 Electronic   -4.809645776143819e+02    -1.44244e-05    1
 Nuclear       1.335473908427447e+01     0.00000e+00    1
------------------------------------------------------------
 Total        -4.676098385301075e+02    -1.44244e-05    1
============================================================


################ Wall time: 4.20519e+02 sec ################




####################### SCF cycle  3 #######################


============================================================
 Current precision                              1.00000e-07
------------------------------------------------------------
 Orbital threshold                              1.00000e-06
 Property threshold                            -1.00000e+00
============================================================


============================================================
                   Calculating SCF energy
------------------------------------------------------------
 Nuclear energy                       1.335473908427447e+01
 Electronic energy                   -4.809645784733359e+02
------------------------------------------------------------
 Total energy                        -4.676098393890614e+02
------------------------------------------------------------
                 Wall time: 2.47763e+01 sec 
============================================================


============================================================
                Rotating Helmholtz argument
------------------------------------------------------------
 Rotating orbitals                              2.55855e+00
------------------------------------------------------------
                 Wall time: 2.55864e+00 sec 
============================================================


============================================================
                Applying Helmholtz operators
------------------------------------------------------------
 Orb    RealNorm   Nodes     ImagNorm   Nodes     Timing
------------------------------------------------------------
  0    1.00000e+00   872    0.00000e+00     0   7.85674e+01
  4    1.00000e+00   616    0.00000e+00     0   5.85970e+01
  8    1.00001e+00   648    0.00000e+00     0   8.07863e+01
------------------------------------------------------------
                 Wall time: 2.17966e+02 sec 
============================================================


============================================================
                 Lowdin orthonormalization
------------------------------------------------------------
 Computing Lowdin matrix                        5.10372e+01
 Rotating orbitals                              2.18596e+00
------------------------------------------------------------
                 Wall time: 5.32233e+01 sec 
============================================================


============================================================
               Iterative subspace accelerator
------------------------------------------------------------
 Push back orbitals                             7.80865e-03
 Setup linear system                            2.99980e-01
 Solve linear system                            1.21230e-05
 Expand solution                                1.42236e+00
------------------------------------------------------------
                 Wall time: 1.73030e+00 sec 
============================================================


============================================================
                 Lowdin orthonormalization
------------------------------------------------------------
 Computing Lowdin matrix                        1.01799e+00
 Rotating orbitals                              2.26642e+00
------------------------------------------------------------
                 Wall time: 3.28449e+00 sec 
============================================================


============================================================
                  Setting up Fock operator
------------------------------------------------------------
 Precision                                      1.00000e-07
------------------------------------------------------------
 Coulomb density                      1000      2.00026e+00
 Coulomb potential                     616      6.04144e+01
 Allreduce potential                   712      1.19659e+01
 XC total density                     1480      2.93199e+00
 XC evaluate xcfun                    7400      2.42261e+01
 XC energy                            1480      1.62921e-04
 XC potential                         1480      8.21868e-01
------------------------------------------------------------
                 Wall time: 1.02906e+02 sec 
============================================================


============================================================
                  Calculating Fock matrix
------------------------------------------------------------
 Kinetic part                         6.898871695000000e+00
 Potential part                       2.590552964800000e+01
------------------------------------------------------------
                 Wall time: 3.28045e+01 sec 
============================================================


============================================================
                          Orbitals
------------------------------------------------------------
 Orb    F(i,i)        Error         nNodes  Spin  Occ  Done 
------------------------------------------------------------
  0  -1.00563e+02   2.57949e-07        712    p    2    1
  1  -9.07970e+00   2.28144e-06          0    p    2    0
  2  -6.89642e+00   2.80134e-06          0    p    2    0
  3  -6.89584e+00   1.80248e-06          0    p    2    0
  4  -6.89584e+00   1.80317e-06        488    p    2    0
  5  -1.89880e+00   3.12846e-05          0    p    2    0
  6  -6.43482e-01   4.50603e-05          0    p    2    0
  7  -2.37341e-01   2.70876e-04          0    p    2    0
  8  -2.15990e-01   2.63358e-04        648    p    2    0
  9  -2.15990e-01   2.63337e-04          0    p    2    0
------------------------------------------------------------
 Total error:                            4.63796e-04    0
============================================================


============================================================
                    Energy                 Update      Done 
------------------------------------------------------------
 Orbital      -2.670831141446520e+02     5.57215e-04    1
 Kinetic       4.669825700884408e+02     1.51386e-03    1
 N-E          -1.140621141158728e+03    -2.03663e-03    1
 Coulomb       2.226360763225212e+02     5.71375e-04    1
 Exchange      0.000000000000000e+00     0.00000e+00    1
 X-C          -2.996579569901330e+01    -4.67963e-05    1
------------------------------------------------------------
 Electronic   -4.809645784733359e+02    -8.58954e-07    1
 Nuclear       1.335473908427447e+01     0.00000e+00    1
------------------------------------------------------------
 Total        -4.676098393890614e+02    -8.58954e-07    1
============================================================


################ Wall time: 4.39789e+02 sec ################




####################### SCF cycle  4 #######################


============================================================
 Current precision                              1.00000e-07
------------------------------------------------------------
 Orbital threshold                              1.00000e-06
 Property threshold                            -1.00000e+00
============================================================


============================================================
                   Calculating SCF energy
------------------------------------------------------------
 Nuclear energy                       1.335473908427447e+01
 Electronic energy                   -4.809645786980099e+02
------------------------------------------------------------
 Total energy                        -4.676098396137355e+02
------------------------------------------------------------
                 Wall time: 2.52651e+01 sec 
============================================================


============================================================
                Rotating Helmholtz argument
------------------------------------------------------------
 Rotating orbitals                              2.60554e+00
------------------------------------------------------------
                 Wall time: 2.60564e+00 sec 
============================================================


============================================================
                Applying Helmholtz operators
------------------------------------------------------------
 Orb    RealNorm   Nodes     ImagNorm   Nodes     Timing
------------------------------------------------------------
  0    1.00000e+00   872    0.00000e+00     0   8.09748e+01
  4    1.00000e+00   616    0.00000e+00     0   6.03460e+01
  8    9.99984e-01   648    0.00000e+00     0   8.32220e+01
------------------------------------------------------------
                 Wall time: 2.24557e+02 sec 
============================================================


============================================================
                 Lowdin orthonormalization
------------------------------------------------------------
 Computing Lowdin matrix                        5.49603e+01
 Rotating orbitals                              2.21254e+00
------------------------------------------------------------
                 Wall time: 5.71729e+01 sec 
============================================================


============================================================
               Iterative subspace accelerator
------------------------------------------------------------
 Push back orbitals                             2.30262e-02
 Setup linear system                            9.27438e-01
 Solve linear system                            1.48690e-05
 Expand solution                                2.56685e+00
------------------------------------------------------------
                 Wall time: 3.51748e+00 sec 
============================================================


============================================================
                 Lowdin orthonormalization
------------------------------------------------------------
 Computing Lowdin matrix                        1.24720e+00
 Rotating orbitals                              2.45553e+00
------------------------------------------------------------
                 Wall time: 3.70281e+00 sec 
============================================================


============================================================
                  Setting up Fock operator
------------------------------------------------------------
 Precision                                      1.00000e-07
------------------------------------------------------------
 Coulomb density                      1000      2.00360e+00
 Coulomb potential                     616      6.28373e+01
 Allreduce potential                   712      1.34626e+01
 XC total density                     1480      2.92256e+00
 XC evaluate xcfun                    7400      2.44400e+01
 XC energy                            1480      1.62002e-04
 XC potential                         1480      8.36349e-01
------------------------------------------------------------
                 Wall time: 1.07059e+02 sec 
============================================================


============================================================
                  Calculating Fock matrix
------------------------------------------------------------
 Kinetic part                         6.998777989000000e+00
 Potential part                       2.637629915100000e+01
------------------------------------------------------------
                 Wall time: 3.33752e+01 sec 
============================================================


============================================================
                          Orbitals
------------------------------------------------------------
 Orb    F(i,i)        Error         nNodes  Spin  Occ  Done 
------------------------------------------------------------
  0  -1.00563e+02   6.49369e-08        712    p    2    1
  1  -9.07962e+00   1.19154e-06          0    p    2    0
  2  -6.89634e+00   9.15388e-07          0    p    2    1
  3  -6.89576e+00   6.87802e-07          0    p    2    1
  4  -6.89576e+00   6.87744e-07        488    p    2    1
  5  -1.89879e+00   2.85947e-06          0    p    2    0
  6  -6.43442e-01   1.93927e-05          0    p    2    0
  7  -2.37309e-01   4.09213e-05          0    p    2    0
  8  -2.15959e-01   5.49987e-05        648    p    2    0
  9  -2.15959e-01   5.49894e-05          0    p    2    0
------------------------------------------------------------
 Total error:                            9.00595e-05    0
============================================================


============================================================
                    Energy                 Update      Done 
------------------------------------------------------------
 Orbital      -2.670851474306853e+02    -2.03329e-03    1
 Kinetic       4.669819880768813e+02    -5.82012e-04    1
 N-E          -1.140618622469822e+03     2.51869e-03    1
 Coulomb       2.226339969211577e+02    -2.07940e-03    1
 Exchange      0.000000000000000e+00     0.00000e+00    1
 X-C          -2.996565119290883e+01     1.44506e-04    1
------------------------------------------------------------
 Electronic   -4.809645786980099e+02    -2.24674e-07    1
 Nuclear       1.335473908427447e+01     0.00000e+00    1
------------------------------------------------------------
 Total        -4.676098396137355e+02    -2.24674e-07    1
============================================================


################ Wall time: 4.57914e+02 sec ################




####################### SCF cycle  5 #######################


============================================================
 Current precision                              1.00000e-07
------------------------------------------------------------
 Orbital threshold                              1.00000e-06
 Property threshold                            -1.00000e+00
============================================================


============================================================
                   Calculating SCF energy
------------------------------------------------------------
 Nuclear energy                       1.335473908427447e+01
 Electronic energy                   -4.809645787210864e+02
------------------------------------------------------------
 Total energy                        -4.676098396368120e+02
------------------------------------------------------------
                 Wall time: 2.68214e+01 sec 
============================================================


============================================================
                Rotating Helmholtz argument
------------------------------------------------------------
 Rotating orbitals                              2.67565e+00
------------------------------------------------------------
                 Wall time: 2.67575e+00 sec 
============================================================


============================================================
                Applying Helmholtz operators
------------------------------------------------------------
 Orb    RealNorm   Nodes     ImagNorm   Nodes     Timing
------------------------------------------------------------
  0    1.00000e+00   872    0.00000e+00     0   8.31388e+01
  4    1.00000e+00   616    0.00000e+00     0   6.03604e+01
  8    1.00001e+00   648    0.00000e+00     0   8.43654e+01
------------------------------------------------------------
                 Wall time: 2.27871e+02 sec 
============================================================


============================================================
                 Lowdin orthonormalization
------------------------------------------------------------
 Computing Lowdin matrix                        5.59024e+01
 Rotating orbitals                              2.18742e+00
------------------------------------------------------------
                 Wall time: 5.80900e+01 sec 
============================================================


============================================================
               Iterative subspace accelerator
------------------------------------------------------------
 Push back orbitals                             5.99831e-02
 Setup linear system                            1.87673e+00
 Solve linear system                            9.20900e-06
 Expand solution                                3.32794e+00
------------------------------------------------------------
                 Wall time: 5.26481e+00 sec 
============================================================


============================================================
                 Lowdin orthonormalization
------------------------------------------------------------
 Computing Lowdin matrix                        1.19991e+00
 Rotating orbitals                              2.31844e+00
------------------------------------------------------------
                 Wall time: 3.51844e+00 sec 
============================================================


============================================================
                  Setting up Fock operator
------------------------------------------------------------
 Precision                                      1.00000e-07
------------------------------------------------------------
 Coulomb density                      1000      1.95721e+00
 Coulomb potential                     616      6.29944e+01
 Allreduce potential                   712      1.60014e+01
 XC total density                     1480      2.97309e+00
 XC evaluate xcfun                    7400      2.39336e+01
 XC energy                            1480      1.57373e-04
 XC potential                         1480      8.47470e-01
------------------------------------------------------------
                 Wall time: 1.09272e+02 sec 
============================================================


============================================================
                  Calculating Fock matrix
------------------------------------------------------------
 Kinetic part                         7.769474441000000e+00
 Potential part                       2.725332495800000e+01
------------------------------------------------------------
                 Wall time: 3.50229e+01 sec 
============================================================


============================================================
                          Orbitals
------------------------------------------------------------
 Orb    F(i,i)        Error         nNodes  Spin  Occ  Done 
------------------------------------------------------------
  0  -1.00563e+02   5.50969e-08        712    p    2    1
  1  -9.07966e+00   3.28802e-07          0    p    2    1
  2  -6.89638e+00   5.42993e-07          0    p    2    1
  3  -6.89580e+00   6.65596e-07          0    p    2    1
  4  -6.89580e+00   6.65979e-07        488    p    2    1
  5  -1.89879e+00   2.10402e-06          0    p    2    0
  6  -6.43464e-01   5.19663e-06          0    p    2    0
  7  -2.37327e-01   2.94484e-05          0    p    2    0
  8  -2.15977e-01   3.60891e-05        648    p    2    0
  9  -2.15977e-01   3.60721e-05          0    p    2    0
------------------------------------------------------------
 Total error:                            5.91908e-05    0
============================================================


============================================================
                    Energy                 Update      Done 
------------------------------------------------------------
 Orbital      -2.670839914743661e+02     1.15596e-03    1
 Kinetic       4.669827243951838e+02     7.36318e-04    1
 N-E          -1.140620457191779e+03    -1.83472e-03    1
 Coulomb       2.226351788045588e+02     1.18188e-03    1
 Exchange      0.000000000000000e+00     0.00000e+00    1
 X-C          -2.996573461235685e+01    -8.34194e-05    1
------------------------------------------------------------
 Electronic   -4.809645787210864e+02    -2.30765e-08    1
 Nuclear       1.335473908427447e+01     0.00000e+00    1
------------------------------------------------------------
 Total        -4.676098396368120e+02    -2.30765e-08    1
============================================================


################ Wall time: 4.69112e+02 sec ################




####################### SCF cycle  6 #######################


============================================================
 Current precision                              1.00000e-07
------------------------------------------------------------
 Orbital threshold                              1.00000e-06
 Property threshold                            -1.00000e+00
============================================================


============================================================
                   Calculating SCF energy
------------------------------------------------------------
 Nuclear energy                       1.335473908427447e+01
 Electronic energy                   -4.809645787301648e+02
------------------------------------------------------------
 Total energy                        -4.676098396458903e+02
------------------------------------------------------------
                 Wall time: 2.68589e+01 sec 
============================================================


============================================================
                Rotating Helmholtz argument
------------------------------------------------------------
 Rotating orbitals                              2.69366e+00
------------------------------------------------------------
                 Wall time: 2.69377e+00 sec 
============================================================


============================================================
                Applying Helmholtz operators
------------------------------------------------------------
 Orb    RealNorm   Nodes     ImagNorm   Nodes     Timing
------------------------------------------------------------
  0    1.00000e+00   872    0.00000e+00     0   8.72037e+01
  4    1.00000e+00   616    0.00000e+00     0   6.34436e+01
  8    1.00000e+00   648    0.00000e+00     0   8.41907e+01
------------------------------------------------------------
                 Wall time: 2.34847e+02 sec 
============================================================


============================================================
                 Lowdin orthonormalization
------------------------------------------------------------
 Computing Lowdin matrix                        5.53242e+01
 Rotating orbitals                              2.05461e+00
------------------------------------------------------------
                 Wall time: 5.73789e+01 sec 
============================================================


============================================================
               Iterative subspace accelerator
------------------------------------------------------------
 Push back orbitals                             1.18977e-01
 Setup linear system                            1.90886e+00
 Solve linear system                            9.14000e-06
 Expand solution                                3.43293e+00
------------------------------------------------------------
                 Wall time: 5.46092e+00 sec 
============================================================


============================================================
                 Lowdin orthonormalization
------------------------------------------------------------
 Computing Lowdin matrix                        1.25372e+00
 Rotating orbitals                              2.38294e+00
------------------------------------------------------------
                 Wall time: 3.63675e+00 sec 
============================================================


============================================================
                  Setting up Fock operator
------------------------------------------------------------
 Precision                                      1.00000e-07
------------------------------------------------------------
 Coulomb density                      1000      2.13966e+00
 Coulomb potential                     616      6.49071e+01
 Allreduce potential                   712      1.06266e+01
 XC total density                     1480      3.10308e+00
 XC evaluate xcfun                    7400      2.43755e+01
 XC energy                            1480      1.77310e-04
 XC potential                         1480      8.75528e-01
------------------------------------------------------------
                 Wall time: 1.06597e+02 sec 
============================================================


============================================================
                  Calculating Fock matrix
------------------------------------------------------------
 Kinetic part                         6.780912351000000e+00
 Potential part                       2.580377940800000e+01
------------------------------------------------------------
                 Wall time: 3.25848e+01 sec 
============================================================


============================================================
                          Orbitals
------------------------------------------------------------
 Orb    F(i,i)        Error         nNodes  Spin  Occ  Done 
------------------------------------------------------------
  0  -1.00563e+02   1.90858e-08        712    p    2    1
  1  -9.07965e+00   2.28490e-07          0    p    2    1
  2  -6.89637e+00   4.30135e-07          0    p    2    1
  3  -6.89580e+00   3.20428e-07          0    p    2    1
  4  -6.89580e+00   3.20671e-07        488    p    2    1
  5  -1.89878e+00   6.38275e-07          0    p    2    1
  6  -6.43462e-01   2.19816e-06          0    p    2    0
  7  -2.37325e-01   1.22394e-05          0    p    2    0
  8  -2.15975e-01   1.27351e-05        648    p    2    0
  9  -2.15975e-01   1.27130e-05          0    p    2    0
------------------------------------------------------------
 Total error:                            2.18927e-05    0
============================================================


============================================================
                    Energy                 Update      Done 
------------------------------------------------------------
 Orbital      -2.670845684535458e+02    -5.76979e-04    1
 Kinetic       4.669824137873635e+02    -3.10608e-04    1
 N-E          -1.140619598077230e+03     8.59115e-04    1
 Coulomb       2.226345885929794e+02    -5.90212e-04    1
 Exchange      0.000000000000000e+00     0.00000e+00    1
 X-C          -2.996569280930872e+01     4.18030e-05    1
------------------------------------------------------------
 Electronic   -4.809645787301648e+02    -9.07835e-09    1
 Nuclear       1.335473908427447e+01     0.00000e+00    1
------------------------------------------------------------
 Total        -4.676098396458903e+02    -9.07835e-09    1
============================================================


################ Wall time: 4.70669e+02 sec ################




####################### SCF cycle  7 #######################


============================================================
 Current precision                              1.00000e-07
------------------------------------------------------------
 Orbital threshold                              1.00000e-06
 Property threshold                            -1.00000e+00
============================================================


============================================================
                   Calculating SCF energy
------------------------------------------------------------
 Nuclear energy                       1.335473908427447e+01
 Electronic energy                   -4.809645787320253e+02
------------------------------------------------------------
 Total energy                        -4.676098396477508e+02
------------------------------------------------------------
                 Wall time: 2.66795e+01 sec 
============================================================


============================================================
                Rotating Helmholtz argument
------------------------------------------------------------
 Rotating orbitals                              2.70210e+00
------------------------------------------------------------
                 Wall time: 2.70221e+00 sec 
============================================================


============================================================
                Applying Helmholtz operators
------------------------------------------------------------
 Orb    RealNorm   Nodes     ImagNorm   Nodes     Timing
------------------------------------------------------------
  0    1.00000e+00   872    0.00000e+00     0   8.53796e+01
  4    1.00000e+00   616    0.00000e+00     0   6.39899e+01
  8    1.00000e+00   648    0.00000e+00     0   8.20935e+01
------------------------------------------------------------
                 Wall time: 2.31468e+02 sec 
============================================================


============================================================
                 Lowdin orthonormalization
------------------------------------------------------------
 Computing Lowdin matrix                        5.56840e+01
 Rotating orbitals                              2.12206e+00
------------------------------------------------------------
                 Wall time: 5.78062e+01 sec 
============================================================


============================================================
               Iterative subspace accelerator
------------------------------------------------------------
 Push back orbitals                             1.32933e-01
 Setup linear system                            1.90610e+00
 Solve linear system                            9.01000e-06
 Expand solution                                3.31405e+00
------------------------------------------------------------
                 Wall time: 5.35324e+00 sec 
============================================================


============================================================
                 Lowdin orthonormalization
------------------------------------------------------------
 Computing Lowdin matrix                        1.08660e+00
 Rotating orbitals                              2.16154e+00
------------------------------------------------------------
                 Wall time: 3.24824e+00 sec 
============================================================


============================================================
                  Setting up Fock operator
------------------------------------------------------------
 Precision                                      1.00000e-07
------------------------------------------------------------
 Coulomb density                      1000      2.17234e+00
 Coulomb potential                     616      6.64764e+01
 Allreduce potential                   712      1.07635e+01
 XC total density                     1480      3.03652e+00
 XC evaluate xcfun                    7400      2.45692e+01
 XC energy                            1480      1.69406e-04
 XC potential                         1480      8.46632e-01
------------------------------------------------------------
                 Wall time: 1.08435e+02 sec 
============================================================


============================================================
                  Calculating Fock matrix
------------------------------------------------------------
 Kinetic part                         6.618930597000000e+00
 Potential part                       2.730688776200000e+01
------------------------------------------------------------
                 Wall time: 3.39260e+01 sec 
============================================================


============================================================
                          Orbitals
------------------------------------------------------------
 Orb    F(i,i)        Error         nNodes  Spin  Occ  Done 
------------------------------------------------------------
  0  -1.00563e+02   1.51717e-08        712    p    2    1
  1  -9.07965e+00   1.54204e-07          0    p    2    1
  2  -6.89637e+00   3.03218e-07          0    p    2    1
  3  -6.89580e+00   2.12480e-07          0    p    2    1
  4  -6.89580e+00   2.12656e-07        488    p    2    1
  5  -1.89879e+00   4.89193e-07          0    p    2    1
  6  -6.43462e-01   1.59533e-06          0    p    2    0
  7  -2.37325e-01   5.34488e-06          0    p    2    0
  8  -2.15976e-01   4.40763e-06        648    p    2    0
  9  -2.15976e-01   4.38500e-06          0    p    2    0
------------------------------------------------------------
 Total error:                            8.37937e-06    0
============================================================


============================================================
                    Energy                 Update      Done 
------------------------------------------------------------
 Orbital      -2.670845020443347e+02     6.64092e-05    1
 Kinetic       4.669824594069734e+02     4.56196e-05    1
 N-E          -1.140619706742976e+03    -1.08666e-04    1
 Coulomb       2.226346564434876e+02     6.78505e-05    1
 Exchange      0.000000000000000e+00     0.00000e+00    1
 X-C          -2.996569757220778e+01    -4.76290e-06    1
------------------------------------------------------------
 Electronic   -4.809645787320253e+02    -1.86054e-09    1
 Nuclear       1.335473908427447e+01     0.00000e+00    1
------------------------------------------------------------
 Total        -4.676098396477508e+02    -1.86054e-09    1
============================================================


################ Wall time: 4.70188e+02 sec ################




####################### SCF cycle  8 #######################


============================================================
 Current precision                              1.00000e-07
------------------------------------------------------------
 Orbital threshold                              1.00000e-06
 Property threshold                            -1.00000e+00
============================================================


============================================================
                   Calculating SCF energy
------------------------------------------------------------
 Nuclear energy                       1.335473908427447e+01
 Electronic energy                   -4.809645787324565e+02
------------------------------------------------------------
 Total energy                        -4.676098396481821e+02
------------------------------------------------------------
                 Wall time: 2.78580e+01 sec 
============================================================


============================================================
                Rotating Helmholtz argument
------------------------------------------------------------
 Rotating orbitals                              2.71005e+00
------------------------------------------------------------
                 Wall time: 2.71015e+00 sec 
============================================================


============================================================
                Applying Helmholtz operators
------------------------------------------------------------
 Orb    RealNorm   Nodes     ImagNorm   Nodes     Timing
------------------------------------------------------------
  0    1.00000e+00   872    0.00000e+00     0   8.40850e+01
  4    1.00000e+00   616    0.00000e+00     0   6.24839e+01
  8    1.00000e+00   648    0.00000e+00     0   8.93719e+01
------------------------------------------------------------
                 Wall time: 2.35958e+02 sec 
============================================================


============================================================
                 Lowdin orthonormalization
------------------------------------------------------------
 Computing Lowdin matrix                        6.00195e+01
 Rotating orbitals                              1.95186e+00
------------------------------------------------------------
                 Wall time: 6.19715e+01 sec 
============================================================


============================================================
               Iterative subspace accelerator
------------------------------------------------------------
 Push back orbitals                             9.13333e-02
 Setup linear system                            1.75961e+00
 Solve linear system                            9.08600e-06
 Expand solution                                3.37298e+00
------------------------------------------------------------
                 Wall time: 5.22409e+00 sec 
============================================================


============================================================
                 Lowdin orthonormalization
------------------------------------------------------------
 Computing Lowdin matrix                        1.15150e+00
 Rotating orbitals                              2.22041e+00
------------------------------------------------------------
                 Wall time: 3.37201e+00 sec 
============================================================


============================================================
                  Setting up Fock operator
------------------------------------------------------------
 Precision                                      1.00000e-07
------------------------------------------------------------
 Coulomb density                      1000      2.16965e+00
 Coulomb potential                     616      6.62440e+01
 Allreduce potential                   712      8.79727e+00
 XC total density                     1480      3.18783e+00
 XC evaluate xcfun                    7400      2.42095e+01
 XC energy                            1480      1.78133e-04
 XC potential                         1480      8.37422e-01
------------------------------------------------------------
                 Wall time: 1.06028e+02 sec 
============================================================


============================================================
                  Calculating Fock matrix
------------------------------------------------------------
 Kinetic part                         7.653504719000000e+00
 Potential part                       2.706014798300000e+01
------------------------------------------------------------
                 Wall time: 3.47138e+01 sec 
============================================================


============================================================
                          Orbitals
------------------------------------------------------------
 Orb    F(i,i)        Error         nNodes  Spin  Occ  Done 
------------------------------------------------------------
  0  -1.00563e+02   1.16498e-08        712    p    2    1
  1  -9.07965e+00   5.31815e-08          0    p    2    1
  2  -6.89637e+00   1.16051e-07          0    p    2    1
  3  -6.89580e+00   6.59364e-08          0    p    2    1
  4  -6.89580e+00   6.60487e-08        488    p    2    1
  5  -1.89879e+00   1.86412e-07          0    p    2    1
  6  -6.43462e-01   5.93396e-07          0    p    2    1
  7  -2.37325e-01   1.29820e-06          0    p    2    0
  8  -2.15976e-01   2.02048e-06        648    p    2    0
  9  -2.15976e-01   2.00794e-06          0    p    2    0
------------------------------------------------------------
 Total error:                            3.19554e-06    0
============================================================


============================================================
                    Energy                 Update      Done 
------------------------------------------------------------
 Orbital      -2.670845115128553e+02    -9.46852e-06    1
 Kinetic       4.669824529923416e+02    -6.41463e-06    1
 N-E          -1.140619691412715e+03     1.53303e-05    1
 Coulomb       2.226346467124316e+02    -9.73106e-06    1
 Exchange      0.000000000000000e+00     0.00000e+00    1
 X-C          -2.996569675257356e+01     8.19634e-07    1
------------------------------------------------------------
 Electronic   -4.809645787324565e+02    -4.31214e-10    1
 Nuclear       1.335473908427447e+01     0.00000e+00    1
------------------------------------------------------------
 Total        -4.676098396481821e+02    -4.31214e-10    1
============================================================


################ Wall time: 4.78422e+02 sec ################




####################### SCF cycle  9 #######################


============================================================
 Current precision                              1.00000e-07
------------------------------------------------------------
 Orbital threshold                              1.00000e-06
 Property threshold                            -1.00000e+00
============================================================


============================================================
                   Calculating SCF energy
------------------------------------------------------------
 Nuclear energy                       1.335473908427447e+01
 Electronic energy                   -4.809645787325426e+02
------------------------------------------------------------
 Total energy                        -4.676098396482682e+02
------------------------------------------------------------
                 Wall time: 2.73334e+01 sec 
============================================================


============================================================
                Rotating Helmholtz argument
------------------------------------------------------------
 Rotating orbitals                              2.73824e+00
------------------------------------------------------------
                 Wall time: 2.73834e+00 sec 
============================================================


============================================================
                Applying Helmholtz operators
------------------------------------------------------------
 Orb    RealNorm   Nodes     ImagNorm   Nodes     Timing
------------------------------------------------------------
  0    1.00000e+00   872    0.00000e+00     0   8.55050e+01
  4    1.00000e+00   616    0.00000e+00     0   6.52647e+01
  8    1.00000e+00   648    0.00000e+00     0   8.46237e+01
------------------------------------------------------------
                 Wall time: 2.35400e+02 sec 
============================================================


============================================================
                 Lowdin orthonormalization
------------------------------------------------------------
 Computing Lowdin matrix                        5.86232e+01
 Rotating orbitals                              1.77543e+00
------------------------------------------------------------
                 Wall time: 6.03988e+01 sec 
============================================================


============================================================
               Iterative subspace accelerator
------------------------------------------------------------
 Push back orbitals                             1.18341e-01
 Setup linear system                            1.84159e+00
 Solve linear system                            9.03000e-06
 Expand solution                                3.16108e+00
------------------------------------------------------------
                 Wall time: 5.12116e+00 sec 
============================================================


============================================================
                 Lowdin orthonormalization
------------------------------------------------------------
 Computing Lowdin matrix                        1.09385e+00
 Rotating orbitals                              2.16084e+00
------------------------------------------------------------
                 Wall time: 3.25478e+00 sec 
============================================================


============================================================
                  Setting up Fock operator
------------------------------------------------------------
 Precision                                      1.00000e-07
------------------------------------------------------------
 Coulomb density                      1000      2.12154e+00
 Coulomb potential                     616      6.48092e+01
 Allreduce potential                   712      1.24877e+01
 XC total density                     1480      3.13497e+00
 XC evaluate xcfun                    7400      2.44902e+01
 XC energy                            1480      1.74146e-04
 XC potential                         1480      8.68428e-01
------------------------------------------------------------
                 Wall time: 1.08502e+02 sec 
============================================================


============================================================
                  Calculating Fock matrix
------------------------------------------------------------
 Kinetic part                         6.836230080000000e+00
 Potential part                       2.793089188100000e+01
------------------------------------------------------------
                 Wall time: 3.47672e+01 sec 
============================================================


============================================================
                          Orbitals
------------------------------------------------------------
 Orb    F(i,i)        Error         nNodes  Spin  Occ  Done 
------------------------------------------------------------
  0  -1.00563e+02   1.45093e-08        712    p    2    1
  1  -9.07965e+00   3.24259e-08          0    p    2    1
  2  -6.89637e+00   8.15269e-08          0    p    2    1
  3  -6.89580e+00   2.76944e-08          0    p    2    1
  4  -6.89580e+00   2.77679e-08        488    p    2    1
  5  -1.89879e+00   9.65984e-08          0    p    2    1
  6  -6.43462e-01   4.21403e-07          0    p    2    1
  7  -2.37325e-01   6.58940e-07          0    p    2    1
  8  -2.15976e-01   1.46882e-06        648    p    2    0
  9  -2.15976e-01   1.46158e-06          0    p    2    0
------------------------------------------------------------
 Total error:                            2.21906e-06    0
============================================================


============================================================
                    Energy                 Update      Done 
------------------------------------------------------------
 Orbital      -2.670845101724872e+02     1.34037e-06    1
 Kinetic       4.669824525751181e+02    -4.17223e-07    1
 N-E          -1.140619692325370e+03    -9.12655e-07    1
 Coulomb       2.226346480613154e+02     1.34888e-06    1
 Exchange      0.000000000000000e+00     0.00000e+00    1
 X-C          -2.996569676825738e+01    -1.56838e-08    1
------------------------------------------------------------
 Electronic   -4.809645787325426e+02    -8.61178e-11    1
 Nuclear       1.335473908427447e+01     0.00000e+00    1
------------------------------------------------------------
 Total        -4.676098396482682e+02    -8.61178e-11    1
============================================================


################ Wall time: 4.78068e+02 sec ################




####################### SCF cycle 10 #######################


============================================================
 Current precision                              1.00000e-07
------------------------------------------------------------
 Orbital threshold                              1.00000e-06
 Property threshold                            -1.00000e+00
============================================================


============================================================
                   Calculating SCF energy
------------------------------------------------------------
 Nuclear energy                       1.335473908427447e+01
 Electronic energy                   -4.809645787325644e+02
------------------------------------------------------------
 Total energy                        -4.676098396482899e+02
------------------------------------------------------------
                 Wall time: 2.84089e+01 sec 
============================================================


============================================================
                Rotating Helmholtz argument
------------------------------------------------------------
 Rotating orbitals                              2.75582e+00
------------------------------------------------------------
                 Wall time: 2.75592e+00 sec 
============================================================


============================================================
                Applying Helmholtz operators
------------------------------------------------------------
 Orb    RealNorm   Nodes     ImagNorm   Nodes     Timing
------------------------------------------------------------
  0    1.00000e+00   872    0.00000e+00     0   8.48940e+01
  4    1.00000e+00   616    0.00000e+00     0   6.42610e+01
  8    1.00000e+00   648    0.00000e+00     0   8.56213e+01
------------------------------------------------------------
                 Wall time: 2.34784e+02 sec 
============================================================


============================================================
                 Lowdin orthonormalization
------------------------------------------------------------
 Computing Lowdin matrix                        6.17017e+01
 Rotating orbitals                              1.85239e+00
------------------------------------------------------------
                 Wall time: 6.35542e+01 sec 
============================================================


============================================================
               Iterative subspace accelerator
------------------------------------------------------------
 Push back orbitals                             1.56559e-01
 Setup linear system                            1.87378e+00
 Solve linear system                            8.88300e-06
 Expand solution                                3.02005e+00
------------------------------------------------------------
                 Wall time: 5.05054e+00 sec 
============================================================


============================================================
                 Lowdin orthonormalization
------------------------------------------------------------
 Computing Lowdin matrix                        1.09263e+00
 Rotating orbitals                              2.07717e+00
------------------------------------------------------------
                 Wall time: 3.16988e+00 sec 
============================================================


============================================================
                  Setting up Fock operator
------------------------------------------------------------
 Precision                                      1.00000e-07
------------------------------------------------------------
 Coulomb density                      1000      2.07348e+00
 Coulomb potential                     616      6.54590e+01
 Allreduce potential                   712      1.32148e+01
 XC total density                     1480      3.23785e+00
 XC evaluate xcfun                    7400      2.44790e+01
 XC energy                            1480      1.72539e-04
 XC potential                         1480      8.38486e-01
------------------------------------------------------------
                 Wall time: 1.09879e+02 sec 
============================================================


============================================================
                  Calculating Fock matrix
------------------------------------------------------------
 Kinetic part                         7.654235735000000e+00
 Potential part                       2.875523075800000e+01
------------------------------------------------------------
                 Wall time: 3.64096e+01 sec 
============================================================


============================================================
                          Orbitals
------------------------------------------------------------
 Orb    F(i,i)        Error         nNodes  Spin  Occ  Done 
------------------------------------------------------------
  0  -1.00563e+02   8.32457e-09        712    p    2    1
  1  -9.07965e+00   1.69928e-08          0    p    2    1
  2  -6.89637e+00   3.87547e-08          0    p    2    1
  3  -6.89580e+00   5.08087e-09          0    p    2    1
  4  -6.89580e+00   5.07204e-09        488    p    2    1
  5  -1.89879e+00   4.15621e-08          0    p    2    1
  6  -6.43462e-01   5.71645e-08          0    p    2    1
  7  -2.37325e-01   1.69574e-07          0    p    2    1
  8  -2.15976e-01   2.73977e-07        648    p    2    1
  9  -2.15976e-01   2.72096e-07          0    p    2    1
------------------------------------------------------------
 Total error:                            4.29839e-07    1
============================================================


============================================================
                    Energy                 Update      Done 
------------------------------------------------------------
 Orbital      -2.670845120387206e+02    -1.86623e-06    1
 Kinetic       4.669824505243599e+02    -2.05076e-06    1
 N-E          -1.140619688541332e+03     3.78404e-06    1
 Coulomb       2.226346461426937e+02    -1.91862e-06    1
 Exchange      0.000000000000000e+00     0.00000e+00    1
 X-C          -2.996569658188513e+01     1.86372e-07    1
------------------------------------------------------------
 Electronic   -4.809645787325644e+02    -2.17710e-11    1
 Nuclear       1.335473908427447e+01     0.00000e+00    1
------------------------------------------------------------
 Total        -4.676098396482899e+02    -2.17710e-11    1
============================================================


################ Wall time: 4.84551e+02 sec ################


============================================================
                      Convergence rate
------------------------------------------------------------
Iter    OrbError       Property                   Update  
------------------------------------------------------------
  1    3.65359e-03    -4.676098241056843e+02   -4.67610e+02
  2    7.10915e-04    -4.676098385301075e+02   -1.44244e-05
  3    4.63796e-04    -4.676098393890614e+02   -8.58954e-07
  4    9.00595e-05    -4.676098396137355e+02   -2.24674e-07
  5    5.91908e-05    -4.676098396368120e+02   -2.30765e-08
  6    2.18927e-05    -4.676098396458903e+02   -9.07835e-09
  7    8.37937e-06    -4.676098396477508e+02   -1.86054e-09
  8    3.19554e-06    -4.676098396481821e+02   -4.31214e-10
  9    2.21906e-06    -4.676098396482682e+02   -8.61178e-11
 10    4.29839e-07    -4.676098396482899e+02   -2.17710e-11
------------------------------------------------------------
                      SCF converged!!!                      
============================================================


============================================================
                  Digonalizing Fock matrix
------------------------------------------------------------
 Computing Lowdin matrix                        3.76135e-01
 Diagonalizing matrix                           2.05200e-05
 Rotating orbitals                              2.83763e+00
------------------------------------------------------------
                 Wall time: 3.21388e+00 sec 
============================================================


============================================================
                  Setting up Fock operator
------------------------------------------------------------
 Precision                                      1.00000e-07
------------------------------------------------------------
 Coulomb density                      1032      2.23766e+00
 Coulomb potential                     616      5.76159e+01
 Allreduce potential                   712      1.06417e+01
 XC total density                     1512      3.26932e+00
 XC evaluate xcfun                    7560      2.44269e+01
 XC energy                            1512      1.59943e-04
 XC potential                         1512      6.82246e-01
------------------------------------------------------------
                 Wall time: 9.94040e+01 sec 
============================================================


============================================================
                   Calculating SCF energy
------------------------------------------------------------
------------------------------------------------------------
                 Wall time: 2.97741e+01 sec 
============================================================


============================================================
                 Calculating dipole moment
------------------------------------------------------------
------------------------------------------------------------
                 Wall time: 1.16081e+01 sec 
============================================================


============================================================
                        Fock matrix
------------------------------------------------------------
-1.00563e+02  0.00000e+00  0.00000e+00  0.00000e+00  0.00000e+00  0.00000e+00  0.00000e+00  0.00000e+00  0.00000e+00  0.00000e+00
 0.00000e+00 -9.07965e+00  0.00000e+00  0.00000e+00  0.00000e+00  0.00000e+00  0.00000e+00  0.00000e+00  0.00000e+00  0.00000e+00
 0.00000e+00  0.00000e+00 -6.89637e+00  0.00000e+00  0.00000e+00  0.00000e+00  0.00000e+00  0.00000e+00  0.00000e+00  0.00000e+00
 0.00000e+00  0.00000e+00  0.00000e+00 -6.89580e+00  0.00000e+00  0.00000e+00  0.00000e+00  0.00000e+00  0.00000e+00  0.00000e+00
 0.00000e+00  0.00000e+00  0.00000e+00  0.00000e+00 -6.89580e+00  0.00000e+00  0.00000e+00  0.00000e+00  0.00000e+00  0.00000e+00
 0.00000e+00  0.00000e+00  0.00000e+00  0.00000e+00  0.00000e+00 -1.89879e+00  0.00000e+00  0.00000e+00  0.00000e+00  0.00000e+00
 0.00000e+00  0.00000e+00  0.00000e+00  0.00000e+00  0.00000e+00  0.00000e+00 -6.43462e-01  0.00000e+00  0.00000e+00  0.00000e+00
 0.00000e+00  0.00000e+00  0.00000e+00  0.00000e+00  0.00000e+00  0.00000e+00  0.00000e+00 -2.37325e-01  0.00000e+00  0.00000e+00
 0.00000e+00  0.00000e+00  0.00000e+00  0.00000e+00  0.00000e+00  0.00000e+00  0.00000e+00  0.00000e+00 -2.15976e-01  0.00000e+00
 0.00000e+00  0.00000e+00  0.00000e+00  0.00000e+00  0.00000e+00  0.00000e+00  0.00000e+00  0.00000e+00  0.00000e+00 -2.15976e-01
============================================================


============================================================
                      Orbital energies
------------------------------------------------------------
    n  spin  occ                            epsilon  
------------------------------------------------------------
    0    p    2                      -1.005631089250731e+02
    1    p    2                      -9.079652638710797e+00
    2    p    2                      -6.896373828609561e+00
    3    p    2                      -6.895797571774943e+00
    4    p    2                      -6.895797571570887e+00
    5    p    2                      -1.898785461004803e+00
    6    p    2                      -6.434621117504239e-01
    7    p    2                      -2.373252061772169e-01
    8    p    2                      -2.159755387921556e-01
    9    p    2                      -2.159755387837382e-01
============================================================


============================================================
                          Molecule
------------------------------------------------------------
 Nr  Element             x             y             z      
------------------------------------------------------------
  1     Li          0.00000e+00   0.00000e+00   0.00000e+00
  2     Cl          0.00000e+00   0.00000e+00   3.81857e+00
------------------------------------------------------------
 Center of mass:    0.00000e+00   0.00000e+00   3.19337e+00
============================================================


                                                            
============================================================
                         SCF Energy                         
------------------------------------------------------------
                                                            
 Sum orbital energy:                 -2.670845087844951e+02
 Kinetic energy:                      4.669824524027661e+02
 E-N energy:                         -1.140619693504348e+03
 Coulomb energy:                      2.226346494705749e+02
 Exchange energy:                     0.000000000000000e+00
 X-C energy:                         -2.996569681587129e+01
 El. external field energy:           3.709722908249607e-03
 Nuc. external field energy:         -1.048362051378156e-03
                                                            
------------------------------------------------------------
                                                            
 Electronic energy:                  -4.809645787239697e+02
 Nuclear energy:                      1.335473908427447e+01
                                                            
------------------------------------------------------------
                                                            
 Total energy       (au)             -4.676098396396952e+02
                    (kJ/mol)         -1.227709456282281e+06
                    (kcal/mol)       -2.934296021714803e+05
                    (eV)             -1.272431139960450e+04
                                                            
============================================================
                                                            

                                                            
============================================================
                         Dipole moment                      
------------------------------------------------------------
                                                            
 Length of vector:   (au)                  2.6613608569e+00
                     (Debye)               6.7645039274e+00
                                                            
-------------------------- Total ---------------------------
                                                            
 [-1.3159799093e-11,  1.6709240391e-12, -2.6613608569e+00] 
                                                            
------------------------- Nuclear --------------------------
                                                            
 [-1.3371364700e-11, -1.3319182503e-11,  1.0483620514e+00] 
                                                            
------------------------ Electronic ------------------------
                                                            
 [ 2.1156560711e-13,  1.4990106542e-11, -3.7097229082e+00] 
                                                            
============================================================
                                                            



************************************************************
***                                                      ***
***                    Exiting MRChem                    ***
***                                                      ***
***               Wall time: 4.882802e+03                ***
***                                                      ***
************************************************************


