


************************************************************
***     __  __ ____   ____ _                             ***
***    |  \/  |  _ \ / ___| |__   ___ _ __ ___           ***
***    | |\/| | |_) | |   | '_ \ / _ \ '_ ` _ \          ***
***    | |  | |  _ <| |___| | | |  __/ | | | | |         ***
***    |_|  |_|_| \_\\____|_| |_|\___|_| |_| |_|         ***
***                                                      ***
***    VERSION 0.0.1 (rev. 1c6f79f)                     ***
***                                                      ***
***    Stig Rune Jensen <stig.r.jensen@uit.no>           ***
***    Luca Frediani    <luca.frediani@uit.no>           ***
***    Peter Wind       <peter.wind@uit.no>              ***
***                                                      ***
************************************************************


+++ Parallel execution: 
  MPI hosts available     : 4
  Threads/host            : 2
  Total used CPUs         : 8


------------------------------------------------------------

 MRCPP version   : X.Y.Z
 Git revision    : bbc2aed

 Linear algebra  : EIGEN
 Parallelization : MPI/OpenMP

------------------------------------------------------------




============================================================
                  MultiResolution Analysis                  
------------------------------------------------------------
 polynomial order = 11
 polynomial type  = Interpolating
------------------------------------------------------------
 total boxes      = 8
 boxes            = [           2           2           2 ]
 unit lengths     = [    32.00000    32.00000    32.00000 ]
 scaling factor   = [     1.00000     1.00000     1.00000 ]
 lower bounds     = [   -32.00000   -32.00000   -32.00000 ]
 upper bounds     = [    32.00000    32.00000    32.00000 ]
 total length     = [    64.00000    64.00000    64.00000 ]
============================================================


============================================================
                          Molecule
------------------------------------------------------------
 Nr  Element             x             y             z      
------------------------------------------------------------
  1     Mg          0.00000e+00   0.00000e+00   0.00000e+00
------------------------------------------------------------
 Center of mass:    0.00000e+00   0.00000e+00   0.00000e+00
============================================================


============================================================
                Setting up nuclear potential
------------------------------------------------------------
 Nr  Element         Charge        Precision     Smoothing 
------------------------------------------------------------
  1     Mg          1.20000e+01   1.00000e-07   1.20465e-05
------------------------------------------------------------
 Nuclear potential                    1416      1.22295e+00
 Allreduce potential                  1416      3.79280e-01
------------------------------------------------------------
                 Wall time: 1.60234e+00 sec 
============================================================


============================================================
 OrbitalVector:   6 orbitals     6 occupied    12 electrons
------------------------------------------------------------
   n  RankID           Norm          Spin Occ      Error    
------------------------------------------------------------
   0     0       1.000000000000e+00    p   2    1.00000e+00
   1     1      -1.000000000000e+00    p   2    1.00000e+00
   2     2      -1.000000000000e+00    p   2    1.00000e+00
   3     3      -1.000000000000e+00    p   2    1.00000e+00
   4     0       1.000000000000e+00    p   2    1.00000e+00
   5     1      -1.000000000000e+00    p   2    1.00000e+00
============================================================


============================================================
                  Setting up Fock operator
------------------------------------------------------------
 Precision                                      1.00000e-07
------------------------------------------------------------
 Coulomb density                       904      1.32775e+00
 Coulomb potential                     520      4.81245e+01
 Allreduce potential                   520      1.48530e-01
 XC total density                      904      1.68696e+00
 XC evaluate xcfun                    1808      4.24529e+00
 XC energy                             904      1.63182e-04
 XC potential                          904      6.05826e-02
------------------------------------------------------------
                 Wall time: 5.56141e+01 sec 
============================================================


============================================================
                  Calculating Fock matrix
------------------------------------------------------------
 Kinetic part                         4.834069733000000e+00
 Potential part                       1.186391927000000e+01
------------------------------------------------------------
                 Wall time: 1.66981e+01 sec 
============================================================




####################### SCF cycle  1 #######################


============================================================
 Current precision                              1.00000e-07
------------------------------------------------------------
 Orbital threshold                              1.00000e-06
 Property threshold                            -1.00000e+00
============================================================


============================================================
                  Digonalizing Fock matrix
------------------------------------------------------------
 Computing Lowdin matrix                        2.52631e-01
 Diagonalizing matrix                           1.17150e-05
 Rotating orbitals                              1.12798e+00
------------------------------------------------------------
                 Wall time: 1.38071e+00 sec 
============================================================


============================================================
                   Calculating SCF energy
------------------------------------------------------------
 Nuclear energy                      -7.690981803244040e-15
 Electronic energy                   -1.991394063219354e+02
------------------------------------------------------------
 Total energy                        -1.991394063219354e+02
------------------------------------------------------------
                 Wall time: 1.08773e+01 sec 
============================================================


============================================================
                Rotating Helmholtz argument
------------------------------------------------------------
 Rotating orbitals                              3.75448e-01
------------------------------------------------------------
                 Wall time: 3.75531e-01 sec 
============================================================


============================================================
                Applying Helmholtz operators
------------------------------------------------------------
 Orb    RealNorm   Nodes     ImagNorm   Nodes     Timing
------------------------------------------------------------
  0    1.00000e+00   840    0.00000e+00     0   8.11389e+01
  4    1.00000e+00   584    0.00000e+00     0   5.96464e+01
------------------------------------------------------------
                 Wall time: 1.40786e+02 sec 
============================================================


============================================================
                 Lowdin orthonormalization
------------------------------------------------------------
 Computing Lowdin matrix                        2.61739e+01
 Rotating orbitals                              8.94735e-01
------------------------------------------------------------
                 Wall time: 2.70687e+01 sec 
============================================================


============================================================
               Iterative subspace accelerator
------------------------------------------------------------
 Push back orbitals                             4.26190e-05
 Copy orbitals                                  6.98598e-02
 Copy orbital updates                           7.02235e-02
------------------------------------------------------------
                 Wall time: 1.40238e-01 sec 
============================================================


============================================================
                 Lowdin orthonormalization
------------------------------------------------------------
 Computing Lowdin matrix                        2.33774e-01
 Rotating orbitals                              4.80708e-01
------------------------------------------------------------
                 Wall time: 7.14562e-01 sec 
============================================================


============================================================
                  Setting up Fock operator
------------------------------------------------------------
 Precision                                      1.00000e-07
------------------------------------------------------------
 Coulomb density                       904      1.25332e+00
 Coulomb potential                     520      4.87772e+01
 Allreduce potential                   520      1.50608e-01
 XC total density                      904      1.61889e+00
 XC evaluate xcfun                    1808      4.25344e+00
 XC energy                             904      1.44250e-04
 XC potential                          904      4.39904e-02
------------------------------------------------------------
                 Wall time: 5.61160e+01 sec 
============================================================


============================================================
                  Calculating Fock matrix
------------------------------------------------------------
 Kinetic part                         4.234984833000000e+00
 Potential part                       1.138758916600000e+01
------------------------------------------------------------
                 Wall time: 1.56227e+01 sec 
============================================================


============================================================
                          Orbitals
------------------------------------------------------------
 Orb    F(i,i)        Error         nNodes  Spin  Occ  Done 
------------------------------------------------------------
  0  -4.59732e+01   1.16774e-06        840    p    2    0
  1  -2.90376e+00   2.77918e-05          0    p    2    0
  2  -1.71898e+00   7.75322e-05          0    p    2    0
  3  -1.71898e+00   7.75322e-05          0    p    2    0
  4  -1.71898e+00   2.84380e-04        584    p    2    0
  5  -1.75445e-01   6.71274e-03          0    p    2    0
------------------------------------------------------------
 Total error:                            6.71971e-03    0
============================================================


============================================================
                    Energy                 Update      Done 
------------------------------------------------------------
 Orbital      -1.084185004859763e+02    -1.08419e+02    1
 Kinetic       1.985415001453231e+02     1.98542e+02    1
 N-E          -4.778991441940024e+02    -4.77899e+02    1
 Coulomb       9.567328900841107e+01     9.56733e+01    1
 Exchange      0.000000000000000e+00     0.00000e+00    1
 X-C          -1.545505128166720e+01    -1.54551e+01    1
------------------------------------------------------------
 Electronic   -1.991394063219354e+02    -1.99139e+02    1
 Nuclear      -7.690981803244040e-15    -7.69098e-15    1
------------------------------------------------------------
 Total        -1.991394063219354e+02    -1.99139e+02    1
============================================================


################ Wall time: 2.53251e+02 sec ################




####################### SCF cycle  2 #######################


============================================================
 Current precision                              1.00000e-07
------------------------------------------------------------
 Orbital threshold                              1.00000e-06
 Property threshold                            -1.00000e+00
============================================================


============================================================
                  Digonalizing Fock matrix
------------------------------------------------------------
 Computing Lowdin matrix                        2.23426e-01
 Diagonalizing matrix                           9.82900e-06
 Rotating orbitals                              9.28481e-01
------------------------------------------------------------
                 Wall time: 1.15200e+00 sec 
============================================================


============================================================
                   Calculating SCF energy
------------------------------------------------------------
 Nuclear energy                      -7.690981803244040e-15
 Electronic energy                   -1.991394385953119e+02
------------------------------------------------------------
 Total energy                        -1.991394385953119e+02
------------------------------------------------------------
                 Wall time: 1.08572e+01 sec 
============================================================


============================================================
                Rotating Helmholtz argument
------------------------------------------------------------
 Rotating orbitals                              3.74803e-01
------------------------------------------------------------
                 Wall time: 3.74882e-01 sec 
============================================================


============================================================
                Applying Helmholtz operators
------------------------------------------------------------
 Orb    RealNorm   Nodes     ImagNorm   Nodes     Timing
------------------------------------------------------------
  0    1.00000e+00   840    0.00000e+00     0   8.21279e+01
  4    1.00000e+00   584    0.00000e+00     0   6.04285e+01
------------------------------------------------------------
                 Wall time: 1.42567e+02 sec 
============================================================


============================================================
                 Lowdin orthonormalization
------------------------------------------------------------
 Computing Lowdin matrix                        2.31537e+01
 Rotating orbitals                              9.03188e-01
------------------------------------------------------------
                 Wall time: 2.40570e+01 sec 
============================================================


============================================================
               Iterative subspace accelerator
------------------------------------------------------------
 Push back orbitals                             4.15720e-05
 Copy orbitals                                  7.11830e-02
 Copy orbital updates                           7.03122e-02
------------------------------------------------------------
                 Wall time: 1.41638e-01 sec 
============================================================


============================================================
                 Lowdin orthonormalization
------------------------------------------------------------
 Computing Lowdin matrix                        2.37311e-01
 Rotating orbitals                              4.79419e-01
------------------------------------------------------------
                 Wall time: 7.16814e-01 sec 
============================================================


============================================================
                  Setting up Fock operator
------------------------------------------------------------
 Precision                                      1.00000e-07
------------------------------------------------------------
 Coulomb density                       904      1.25737e+00
 Coulomb potential                     520      4.92911e+01
 Allreduce potential                   520      1.50945e-01
 XC total density                      904      1.56901e+00
 XC evaluate xcfun                    1808      4.29911e+00
 XC energy                             904      1.53131e-04
 XC potential                          904      4.52083e-02
------------------------------------------------------------
                 Wall time: 5.66311e+01 sec 
============================================================


============================================================
                  Calculating Fock matrix
------------------------------------------------------------
 Kinetic part                         3.961533894000000e+00
 Potential part                       1.121885860400000e+01
------------------------------------------------------------
                 Wall time: 1.51805e+01 sec 
============================================================


============================================================
                          Orbitals
------------------------------------------------------------
 Orb    F(i,i)        Error         nNodes  Spin  Occ  Done 
------------------------------------------------------------
  0  -4.59732e+01   1.49588e-06        840    p    2    0
  1  -2.90378e+00   1.27708e-05          0    p    2    0
  2  -1.71901e+00   5.92842e-05          0    p    2    0
  3  -1.71901e+00   5.92842e-05          0    p    2    0
  4  -1.71901e+00   1.21462e-04        584    p    2    0
  5  -1.75454e-01   1.85996e-03          0    p    2    0
------------------------------------------------------------
 Total error:                            1.86585e-03    0
============================================================


============================================================
                    Energy                 Update      Done 
------------------------------------------------------------
 Orbital      -1.084186878014369e+02    -1.87315e-04    1
 Kinetic       1.985414547269083e+02    -4.54184e-05    1
 N-E          -4.778989295257569e+02     2.14668e-04    1
 Coulomb       9.567313203241721e+01    -1.56976e-04    1
 Exchange      0.000000000000000e+00     0.00000e+00    1
 X-C          -1.545504515629686e+01     6.12537e-06    1
------------------------------------------------------------
 Electronic   -1.991394385953119e+02    -3.22734e-05    1
 Nuclear      -7.690981803244040e-15     0.00000e+00    1
------------------------------------------------------------
 Total        -1.991394385953119e+02    -3.22734e-05    1
============================================================


################ Wall time: 2.51852e+02 sec ################




####################### SCF cycle  3 #######################


============================================================
 Current precision                              1.00000e-07
------------------------------------------------------------
 Orbital threshold                              1.00000e-06
 Property threshold                            -1.00000e+00
============================================================


============================================================
                   Calculating SCF energy
------------------------------------------------------------
 Nuclear energy                      -7.690981803244040e-15
 Electronic energy                   -1.991394415051633e+02
------------------------------------------------------------
 Total energy                        -1.991394415051633e+02
------------------------------------------------------------
                 Wall time: 1.12883e+01 sec 
============================================================


============================================================
                Rotating Helmholtz argument
------------------------------------------------------------
 Rotating orbitals                              8.89144e-01
------------------------------------------------------------
                 Wall time: 8.89224e-01 sec 
============================================================


============================================================
                Applying Helmholtz operators
------------------------------------------------------------
 Orb    RealNorm   Nodes     ImagNorm   Nodes     Timing
------------------------------------------------------------
  0    1.00000e+00   840    0.00000e+00     0   8.36936e+01
  4    1.00000e+00   584    0.00000e+00     0   6.20359e+01
------------------------------------------------------------
                 Wall time: 1.45739e+02 sec 
============================================================


============================================================
                 Lowdin orthonormalization
------------------------------------------------------------
 Computing Lowdin matrix                        2.04607e+01
 Rotating orbitals                              8.83810e-01
------------------------------------------------------------
                 Wall time: 2.13446e+01 sec 
============================================================


============================================================
               Iterative subspace accelerator
------------------------------------------------------------
 Push back orbitals                             5.41632e-02
 Setup linear system                            1.97949e-01
 Solve linear system                            1.12790e-05
 Expand solution                                8.69356e-01
------------------------------------------------------------
                 Wall time: 1.12160e+00 sec 
============================================================


============================================================
                 Lowdin orthonormalization
------------------------------------------------------------
 Computing Lowdin matrix                        4.05539e-01
 Rotating orbitals                              9.25276e-01
------------------------------------------------------------
                 Wall time: 1.33090e+00 sec 
============================================================


============================================================
                  Setting up Fock operator
------------------------------------------------------------
 Precision                                      1.00000e-07
------------------------------------------------------------
 Coulomb density                       904      1.30904e+00
 Coulomb potential                     520      4.98337e+01
 Allreduce potential                   520      1.57587e-01
 XC total density                      904      1.59624e+00
 XC evaluate xcfun                    1808      4.25715e+00
 XC energy                             904      1.57483e-04
 XC potential                          904      4.49815e-02
------------------------------------------------------------
                 Wall time: 5.72168e+01 sec 
============================================================


============================================================
                  Calculating Fock matrix
------------------------------------------------------------
 Kinetic part                         3.954906245000000e+00
 Potential part                       1.117342910400000e+01
------------------------------------------------------------
                 Wall time: 1.51285e+01 sec 
============================================================


============================================================
                          Orbitals
------------------------------------------------------------
 Orb    F(i,i)        Error         nNodes  Spin  Occ  Done 
------------------------------------------------------------
  0  -4.59732e+01   1.08960e-06        840    p    2    0
  1  -2.90379e+00   1.70720e-05          0    p    2    0
  2  -1.71902e+00   5.51955e-05          0    p    2    0
  3  -1.71902e+00   5.51955e-05          0    p    2    0
  4  -1.71902e+00   9.69200e-05        584    p    2    0
  5  -1.75459e-01   8.53680e-04          0    p    2    0
------------------------------------------------------------
 Total error:                            8.62872e-04    0
============================================================


============================================================
                    Energy                 Update      Done 
------------------------------------------------------------
 Orbital      -1.084189379304645e+02    -2.50129e-04    1
 Kinetic       1.985413959026212e+02    -5.88243e-05    1
 N-E          -4.778986222831561e+02     3.07243e-04    1
 Coulomb       9.567288045817810e+01    -2.51574e-04    1
 Exchange      0.000000000000000e+00     0.00000e+00    1
 X-C          -1.545503102446237e+01     1.41318e-05    1
------------------------------------------------------------
 Electronic   -1.991394415051633e+02    -2.90985e-06    1
 Nuclear      -7.690981803244040e-15     0.00000e+00    1
------------------------------------------------------------
 Total        -1.991394415051633e+02    -2.90985e-06    1
============================================================


################ Wall time: 2.54417e+02 sec ################




####################### SCF cycle  4 #######################


============================================================
 Current precision                              1.00000e-07
------------------------------------------------------------
 Orbital threshold                              1.00000e-06
 Property threshold                            -1.00000e+00
============================================================


============================================================
                   Calculating SCF energy
------------------------------------------------------------
 Nuclear energy                      -7.690981803244040e-15
 Electronic energy                   -1.991394419808412e+02
------------------------------------------------------------
 Total energy                        -1.991394419808412e+02
------------------------------------------------------------
                 Wall time: 1.12708e+01 sec 
============================================================


============================================================
                Rotating Helmholtz argument
------------------------------------------------------------
 Rotating orbitals                              1.00252e+00
------------------------------------------------------------
                 Wall time: 1.00260e+00 sec 
============================================================


============================================================
                Applying Helmholtz operators
------------------------------------------------------------
 Orb    RealNorm   Nodes     ImagNorm   Nodes     Timing
------------------------------------------------------------
  0    1.00000e+00   840    0.00000e+00     0   8.48134e+01
  4    1.00000e+00   584    0.00000e+00     0   6.37362e+01
------------------------------------------------------------
                 Wall time: 1.48558e+02 sec 
============================================================


============================================================
                 Lowdin orthonormalization
------------------------------------------------------------
 Computing Lowdin matrix                        2.11369e+01
 Rotating orbitals                              9.09475e-01
------------------------------------------------------------
                 Wall time: 2.20465e+01 sec 
============================================================


============================================================
               Iterative subspace accelerator
------------------------------------------------------------
 Push back orbitals                             4.27209e-02
 Setup linear system                            5.97121e-01
 Solve linear system                            2.57930e-05
 Expand solution                                1.67812e+00
------------------------------------------------------------
                 Wall time: 2.31810e+00 sec 
============================================================


============================================================
                 Lowdin orthonormalization
------------------------------------------------------------
 Computing Lowdin matrix                        4.95224e-01
 Rotating orbitals                              1.06169e+00
------------------------------------------------------------
                 Wall time: 1.55699e+00 sec 
============================================================


============================================================
                  Setting up Fock operator
------------------------------------------------------------
 Precision                                      1.00000e-07
------------------------------------------------------------
 Coulomb density                       904      1.31484e+00
 Coulomb potential                     520      5.05110e+01
 Allreduce potential                   520      1.54668e-01
 XC total density                      904      1.62415e+00
 XC evaluate xcfun                    1808      4.26904e+00
 XC energy                             904      1.57893e-04
 XC potential                          904      4.53124e-02
------------------------------------------------------------
                 Wall time: 5.79382e+01 sec 
============================================================


============================================================
                  Calculating Fock matrix
------------------------------------------------------------
 Kinetic part                         4.052911908000000e+00
 Potential part                       1.137145221000000e+01
------------------------------------------------------------
                 Wall time: 1.54245e+01 sec 
============================================================


============================================================
                          Orbitals
------------------------------------------------------------
 Orb    F(i,i)        Error         nNodes  Spin  Occ  Done 
------------------------------------------------------------
  0  -4.59732e+01   5.32671e-07        840    p    2    1
  1  -2.90380e+00   1.08666e-05          0    p    2    0
  2  -1.71902e+00   2.02633e-05          0    p    2    0
  3  -1.71902e+00   2.02633e-05          0    p    2    0
  4  -1.71902e+00   4.22390e-05        584    p    2    0
  5  -1.75459e-01   1.49394e-04          0    p    2    0
------------------------------------------------------------
 Total error:                            1.58248e-04    0
============================================================


============================================================
                    Energy                 Update      Done 
------------------------------------------------------------
 Orbital      -1.084190473022444e+02    -1.09372e-04    1
 Kinetic       1.985413984238399e+02     2.52122e-06    1
 N-E          -4.778985132601383e+02     1.09023e-04    1
 Coulomb       9.567277022579506e+01    -1.10232e-04    1
 Exchange      0.000000000000000e+00     0.00000e+00    1
 X-C          -1.545502650689085e+01     4.51757e-06    1
------------------------------------------------------------
 Electronic   -1.991394419808412e+02    -4.75678e-07    1
 Nuclear      -7.690981803244040e-15     0.00000e+00    1
------------------------------------------------------------
 Total        -1.991394419808412e+02    -4.75678e-07    1
============================================================


################ Wall time: 2.60559e+02 sec ################




####################### SCF cycle  5 #######################


============================================================
 Current precision                              1.00000e-07
------------------------------------------------------------
 Orbital threshold                              1.00000e-06
 Property threshold                            -1.00000e+00
============================================================


============================================================
                   Calculating SCF energy
------------------------------------------------------------
 Nuclear energy                      -7.690981803244040e-15
 Electronic energy                   -1.991394420123952e+02
------------------------------------------------------------
 Total energy                        -1.991394420123952e+02
------------------------------------------------------------
                 Wall time: 1.15027e+01 sec 
============================================================


============================================================
                Rotating Helmholtz argument
------------------------------------------------------------
 Rotating orbitals                              1.00331e+00
------------------------------------------------------------
                 Wall time: 1.00339e+00 sec 
============================================================


============================================================
                Applying Helmholtz operators
------------------------------------------------------------
 Orb    RealNorm   Nodes     ImagNorm   Nodes     Timing
------------------------------------------------------------
  0    1.00000e+00   840    0.00000e+00     0   8.52467e+01
  4    1.00000e+00   584    0.00000e+00     0   6.27961e+01
------------------------------------------------------------
                 Wall time: 1.48052e+02 sec 
============================================================


============================================================
                 Lowdin orthonormalization
------------------------------------------------------------
 Computing Lowdin matrix                        2.63981e+01
 Rotating orbitals                              8.43026e-01
------------------------------------------------------------
                 Wall time: 2.72412e+01 sec 
============================================================


============================================================
               Iterative subspace accelerator
------------------------------------------------------------
 Push back orbitals                             9.97257e-02
 Setup linear system                            1.21528e+00
 Solve linear system                            9.21100e-06
 Expand solution                                2.50583e+00
------------------------------------------------------------
                 Wall time: 3.82097e+00 sec 
============================================================


============================================================
                 Lowdin orthonormalization
------------------------------------------------------------
 Computing Lowdin matrix                        7.31734e-01
 Rotating orbitals                              1.30145e+00
------------------------------------------------------------
                 Wall time: 2.03327e+00 sec 
============================================================


============================================================
                  Setting up Fock operator
------------------------------------------------------------
 Precision                                      1.00000e-07
------------------------------------------------------------
 Coulomb density                       904      1.27647e+00
 Coulomb potential                     520      5.15134e+01
 Allreduce potential                   520      1.49516e-01
 XC total density                      904      1.71860e+00
 XC evaluate xcfun                    1808      4.21332e+00
 XC energy                             904      1.62534e-04
 XC potential                          904      4.60569e-02
------------------------------------------------------------
                 Wall time: 5.89359e+01 sec 
============================================================


============================================================
                  Calculating Fock matrix
------------------------------------------------------------
 Kinetic part                         3.940583598000000e+00
 Potential part                       1.145251309100000e+01
------------------------------------------------------------
                 Wall time: 1.53932e+01 sec 
============================================================


============================================================
                          Orbitals
------------------------------------------------------------
 Orb    F(i,i)        Error         nNodes  Spin  Occ  Done 
------------------------------------------------------------
  0  -4.59732e+01   5.86092e-08        840    p    2    1
  1  -2.90379e+00   9.94497e-07          0    p    2    1
  2  -1.71902e+00   3.09895e-06          0    p    2    0
  3  -1.71902e+00   3.09895e-06          0    p    2    0
  4  -1.71902e+00   5.06380e-06        584    p    2    0
  5  -1.75459e-01   1.53890e-05          0    p    2    0
------------------------------------------------------------
 Total error:                            1.68126e-05    0
============================================================


============================================================
                    Energy                 Update      Done 
------------------------------------------------------------
 Orbital      -1.084190530223814e+02    -5.72014e-06    1
 Kinetic       1.985413957906797e+02    -2.63316e-06    1
 N-E          -4.778985045037301e+02     8.75641e-06    1
 Coulomb       9.567276448077158e+01    -5.74502e-06    1
 Exchange      0.000000000000000e+00     0.00000e+00    1
 X-C          -1.545502631939299e+01     1.87498e-07    1
------------------------------------------------------------
 Electronic   -1.991394420123952e+02    -3.15540e-08    1
 Nuclear      -7.690981803244040e-15     0.00000e+00    1
------------------------------------------------------------
 Total        -1.991394420123952e+02    -3.15540e-08    1
============================================================


################ Wall time: 2.68530e+02 sec ################




####################### SCF cycle  6 #######################


============================================================
 Current precision                              1.00000e-07
------------------------------------------------------------
 Orbital threshold                              1.00000e-06
 Property threshold                            -1.00000e+00
============================================================


============================================================
                   Calculating SCF energy
------------------------------------------------------------
 Nuclear energy                      -7.690981803244040e-15
 Electronic energy                   -1.991394420131956e+02
------------------------------------------------------------
 Total energy                        -1.991394420131956e+02
------------------------------------------------------------
                 Wall time: 1.16396e+01 sec 
============================================================


============================================================
                Rotating Helmholtz argument
------------------------------------------------------------
 Rotating orbitals                              9.98047e-01
------------------------------------------------------------
                 Wall time: 9.98132e-01 sec 
============================================================


============================================================
                Applying Helmholtz operators
------------------------------------------------------------
 Orb    RealNorm   Nodes     ImagNorm   Nodes     Timing
------------------------------------------------------------
  0    1.00000e+00   840    0.00000e+00     0   8.60831e+01
  4    1.00000e+00   584    0.00000e+00     0   6.48707e+01
------------------------------------------------------------
                 Wall time: 1.50963e+02 sec 
============================================================


============================================================
                 Lowdin orthonormalization
------------------------------------------------------------
 Computing Lowdin matrix                        2.69318e+01
 Rotating orbitals                              8.52361e-01
------------------------------------------------------------
                 Wall time: 2.77842e+01 sec 
============================================================


============================================================
               Iterative subspace accelerator
------------------------------------------------------------
 Push back orbitals                             1.09221e-01
 Setup linear system                            1.21778e+00
 Solve linear system                            9.41600e-06
 Expand solution                                2.57448e+00
------------------------------------------------------------
                 Wall time: 3.90161e+00 sec 
============================================================


============================================================
                 Lowdin orthonormalization
------------------------------------------------------------
 Computing Lowdin matrix                        6.68837e-01
 Rotating orbitals                              1.14898e+00
------------------------------------------------------------
                 Wall time: 1.81790e+00 sec 
============================================================


============================================================
                  Setting up Fock operator
------------------------------------------------------------
 Precision                                      1.00000e-07
------------------------------------------------------------
 Coulomb density                       904      1.31678e+00
 Coulomb potential                     520      5.26379e+01
 Allreduce potential                   520      1.50382e-01
 XC total density                      904      1.74371e+00
 XC evaluate xcfun                    1808      4.26118e+00
 XC energy                             904      1.61310e-04
 XC potential                          904      4.67947e-02
------------------------------------------------------------
                 Wall time: 6.01756e+01 sec 
============================================================


============================================================
                  Calculating Fock matrix
------------------------------------------------------------
 Kinetic part                         4.069461541000000e+00
 Potential part                       1.186340245600000e+01
------------------------------------------------------------
                 Wall time: 1.59330e+01 sec 
============================================================


============================================================
                          Orbitals
------------------------------------------------------------
 Orb    F(i,i)        Error         nNodes  Spin  Occ  Done 
------------------------------------------------------------
  0  -4.59732e+01   1.44412e-08        840    p    2    1
  1  -2.90379e+00   2.23277e-07          0    p    2    1
  2  -1.71902e+00   1.58435e-07          0    p    2    1
  3  -1.71902e+00   1.58435e-07          0    p    2    1
  4  -1.71902e+00   9.42249e-07        584    p    2    1
  5  -1.75459e-01   1.94295e-06          0    p    2    0
------------------------------------------------------------
 Total error:                            2.18246e-06    0
============================================================


============================================================
                    Energy                 Update      Done 
------------------------------------------------------------
 Orbital      -1.084190471023354e+02     5.92005e-06    1
 Kinetic       1.985413974524086e+02     1.66173e-06    1
 N-E          -4.778985118643122e+02    -7.36058e-06    1
 Coulomb       9.567277052737361e+01     6.04660e-06    1
 Exchange      0.000000000000000e+00     0.00000e+00    1
 X-C          -1.545502672956484e+01    -4.10172e-07    1
------------------------------------------------------------
 Electronic   -1.991394420131956e+02    -8.00441e-10    1
 Nuclear      -7.690981803244040e-15     0.00000e+00    1
------------------------------------------------------------
 Total        -1.991394420131956e+02    -8.00441e-10    1
============================================================


################ Wall time: 2.73785e+02 sec ################




####################### SCF cycle  7 #######################


============================================================
 Current precision                              1.00000e-07
------------------------------------------------------------
 Orbital threshold                              1.00000e-06
 Property threshold                            -1.00000e+00
============================================================


============================================================
                   Calculating SCF energy
------------------------------------------------------------
 Nuclear energy                      -7.690981803244040e-15
 Electronic energy                   -1.991394420132588e+02
------------------------------------------------------------
 Total energy                        -1.991394420132588e+02
------------------------------------------------------------
                 Wall time: 1.19222e+01 sec 
============================================================


============================================================
                Rotating Helmholtz argument
------------------------------------------------------------
 Rotating orbitals                              1.02939e+00
------------------------------------------------------------
                 Wall time: 1.02948e+00 sec 
============================================================


============================================================
                Applying Helmholtz operators
------------------------------------------------------------
 Orb    RealNorm   Nodes     ImagNorm   Nodes     Timing
------------------------------------------------------------
  0    1.00000e+00   840    0.00000e+00     0   9.24396e+01
  4    1.00000e+00   584    0.00000e+00     0   6.73565e+01
------------------------------------------------------------
                 Wall time: 1.59797e+02 sec 
============================================================


============================================================
                 Lowdin orthonormalization
------------------------------------------------------------
 Computing Lowdin matrix                        1.98669e+01
 Rotating orbitals                              7.95010e-01
------------------------------------------------------------
                 Wall time: 2.06620e+01 sec 
============================================================


============================================================
               Iterative subspace accelerator
------------------------------------------------------------
 Push back orbitals                             1.72818e-01
 Setup linear system                            1.22081e+00
 Solve linear system                            9.08300e-06
 Expand solution                                2.34786e+00
------------------------------------------------------------
                 Wall time: 3.74163e+00 sec 
============================================================


============================================================
                 Lowdin orthonormalization
------------------------------------------------------------
 Computing Lowdin matrix                        4.51189e-01
 Rotating orbitals                              8.34492e-01
------------------------------------------------------------
                 Wall time: 1.28576e+00 sec 
============================================================


============================================================
                  Setting up Fock operator
------------------------------------------------------------
 Precision                                      1.00000e-07
------------------------------------------------------------
 Coulomb density                       904      1.41067e+00
 Coulomb potential                     520      5.17506e+01
 Allreduce potential                   520      3.66417e-01
 XC total density                      904      1.68646e+00
 XC evaluate xcfun                    1808      4.30020e+00
 XC energy                             904      1.74960e-04
 XC potential                          904      4.47322e-02
------------------------------------------------------------
                 Wall time: 5.95784e+01 sec 
============================================================


============================================================
                  Calculating Fock matrix
------------------------------------------------------------
 Kinetic part                         3.980216055000000e+00
 Potential part                       1.228185857500000e+01
------------------------------------------------------------
                 Wall time: 1.62622e+01 sec 
============================================================


============================================================
                          Orbitals
------------------------------------------------------------
 Orb    F(i,i)        Error         nNodes  Spin  Occ  Done 
------------------------------------------------------------
  0  -4.59732e+01   1.35048e-08        840    p    2    1
  1  -2.90379e+00   1.14533e-07          0    p    2    1
  2  -1.71902e+00   7.51411e-08          0    p    2    1
  3  -1.71902e+00   7.51411e-08          0    p    2    1
  4  -1.71902e+00   6.56176e-07        584    p    2    1
  5  -1.75459e-01   1.35285e-06          0    p    2    0
------------------------------------------------------------
 Total error:                            1.51174e-06    0
============================================================


============================================================
                    Energy                 Update      Done 
------------------------------------------------------------
 Orbital      -1.084190477604808e+02    -6.58145e-07    1
 Kinetic       1.985413969921769e+02    -4.60232e-07    1
 N-E          -4.778985107879932e+02     1.07632e-06    1
 Coulomb       9.567276985033749e+01    -6.77036e-07    1
 Exchange      0.000000000000000e+00     0.00000e+00    1
 X-C          -1.545502666994565e+01     5.96192e-08    1
------------------------------------------------------------
 Electronic   -1.991394420132588e+02    -6.32099e-11    1
 Nuclear      -7.690981803244040e-15     0.00000e+00    1
------------------------------------------------------------
 Total        -1.991394420132588e+02    -6.32099e-11    1
============================================================


################ Wall time: 2.74702e+02 sec ################




####################### SCF cycle  8 #######################


============================================================
 Current precision                              1.00000e-07
------------------------------------------------------------
 Orbital threshold                              1.00000e-06
 Property threshold                            -1.00000e+00
============================================================


============================================================
                   Calculating SCF energy
------------------------------------------------------------
 Nuclear energy                      -7.690981803244040e-15
 Electronic energy                   -1.991394420132737e+02
------------------------------------------------------------
 Total energy                        -1.991394420132737e+02
------------------------------------------------------------
                 Wall time: 1.23477e+01 sec 
============================================================


============================================================
                Rotating Helmholtz argument
------------------------------------------------------------
 Rotating orbitals                              9.90728e-01
------------------------------------------------------------
                 Wall time: 9.90814e-01 sec 
============================================================


============================================================
                Applying Helmholtz operators
------------------------------------------------------------
 Orb    RealNorm   Nodes     ImagNorm   Nodes     Timing
------------------------------------------------------------
  0    1.00000e+00   840    0.00000e+00     0   9.17736e+01
  4    1.00000e+00   584    0.00000e+00     0   6.78360e+01
------------------------------------------------------------
                 Wall time: 1.59611e+02 sec 
============================================================


============================================================
                 Lowdin orthonormalization
------------------------------------------------------------
 Computing Lowdin matrix                        2.58054e+01
 Rotating orbitals                              7.87070e-01
------------------------------------------------------------
                 Wall time: 2.65925e+01 sec 
============================================================


============================================================
               Iterative subspace accelerator
------------------------------------------------------------
 Push back orbitals                             1.27255e-01
 Setup linear system                            1.19967e+00
 Solve linear system                            9.11800e-06
 Expand solution                                2.46712e+00
------------------------------------------------------------
                 Wall time: 3.79419e+00 sec 
============================================================


============================================================
                 Lowdin orthonormalization
------------------------------------------------------------
 Computing Lowdin matrix                        5.07135e-01
 Rotating orbitals                              8.93938e-01
------------------------------------------------------------
                 Wall time: 1.40116e+00 sec 
============================================================


============================================================
                  Setting up Fock operator
------------------------------------------------------------
 Precision                                      1.00000e-07
------------------------------------------------------------
 Coulomb density                       904      1.35897e+00
 Coulomb potential                     520      5.27904e+01
 Allreduce potential                   520      1.51746e-01
 XC total density                      904      1.73399e+00
 XC evaluate xcfun                    1808      4.36884e+00
 XC energy                             904      1.73900e-04
 XC potential                          904      4.74872e-02
------------------------------------------------------------
                 Wall time: 6.04713e+01 sec 
============================================================


============================================================
                  Calculating Fock matrix
------------------------------------------------------------
 Kinetic part                         3.932137382000000e+00
 Potential part                       1.208413285000000e+01
------------------------------------------------------------
                 Wall time: 1.60164e+01 sec 
============================================================


============================================================
                          Orbitals
------------------------------------------------------------
 Orb    F(i,i)        Error         nNodes  Spin  Occ  Done 
------------------------------------------------------------
  0  -4.59732e+01   7.10324e-09        840    p    2    1
  1  -2.90379e+00   1.74363e-08          0    p    2    1
  2  -1.71902e+00   5.87796e-09          0    p    2    1
  3  -1.71902e+00   5.87796e-09          0    p    2    1
  4  -1.71902e+00   4.85187e-08        584    p    2    1
  5  -1.75459e-01   9.37829e-08          0    p    2    1
------------------------------------------------------------
 Total error:                            1.07577e-07    1
============================================================


============================================================
                    Energy                 Update      Done 
------------------------------------------------------------
 Orbital      -1.084190478572749e+02    -9.67942e-08    1
 Kinetic       1.985413971313097e+02     1.39133e-07    1
 N-E          -4.778985108261611e+02    -3.81679e-08    1
 Coulomb       9.567276975466343e+01    -9.56741e-08    1
 Exchange      0.000000000000000e+00     0.00000e+00    1
 X-C          -1.545502667245534e+01    -2.50969e-09    1
------------------------------------------------------------
 Electronic   -1.991394420132737e+02    -1.48361e-11    1
 Nuclear      -7.690981803244040e-15     0.00000e+00    1
------------------------------------------------------------
 Total        -1.991394420132737e+02    -1.48361e-11    1
============================================================


################ Wall time: 2.81670e+02 sec ################


============================================================
                      Convergence rate
------------------------------------------------------------
Iter    OrbError       Property                   Update  
------------------------------------------------------------
  1    6.71971e-03    -1.991394063219354e+02   -1.99139e+02
  2    1.86585e-03    -1.991394385953119e+02   -3.22734e-05
  3    8.62872e-04    -1.991394415051633e+02   -2.90985e-06
  4    1.58248e-04    -1.991394419808412e+02   -4.75678e-07
  5    1.68126e-05    -1.991394420123952e+02   -3.15540e-08
  6    2.18246e-06    -1.991394420131956e+02   -8.00441e-10
  7    1.51174e-06    -1.991394420132588e+02   -6.32099e-11
  8    1.07577e-07    -1.991394420132737e+02   -1.48361e-11
------------------------------------------------------------
                      SCF converged!!!                      
============================================================


============================================================
                  Digonalizing Fock matrix
------------------------------------------------------------
 Computing Lowdin matrix                        1.96041e-01
 Diagonalizing matrix                           9.63400e-06
 Rotating orbitals                              1.00490e+00
------------------------------------------------------------
                 Wall time: 1.20104e+00 sec 
============================================================


============================================================
                  Setting up Fock operator
------------------------------------------------------------
 Precision                                      1.00000e-07
------------------------------------------------------------
 Coulomb density                       904      1.29051e+00
 Coulomb potential                     520      4.81386e+01
 Allreduce potential                   520      1.48425e-01
 XC total density                      904      1.54977e+00
 XC evaluate xcfun                    1808      4.23187e+00
 XC energy                             904      1.46073e-04
 XC potential                          904      4.41620e-02
------------------------------------------------------------
                 Wall time: 5.54224e+01 sec 
============================================================


============================================================
                   Calculating SCF energy
------------------------------------------------------------
------------------------------------------------------------
                 Wall time: 1.16510e+01 sec 
============================================================


============================================================
                 Calculating dipole moment
------------------------------------------------------------
------------------------------------------------------------
                 Wall time: 5.75761e+00 sec 
============================================================


============================================================
                        Fock matrix
------------------------------------------------------------
-4.59732e+01  0.00000e+00  0.00000e+00  0.00000e+00  0.00000e+00  0.00000e+00
 0.00000e+00 -2.90379e+00  0.00000e+00  0.00000e+00  0.00000e+00  0.00000e+00
 0.00000e+00  0.00000e+00 -1.71902e+00  0.00000e+00  0.00000e+00  0.00000e+00
 0.00000e+00  0.00000e+00  0.00000e+00 -1.71902e+00  0.00000e+00  0.00000e+00
 0.00000e+00  0.00000e+00  0.00000e+00  0.00000e+00 -1.71902e+00  0.00000e+00
 0.00000e+00  0.00000e+00  0.00000e+00  0.00000e+00  0.00000e+00 -1.75459e-01
============================================================


============================================================
                      Orbital energies
------------------------------------------------------------
    n  spin  occ                            epsilon  
------------------------------------------------------------
    0    p    2                      -4.597321735373343e+01
    1    p    2                      -2.903794679835963e+00
    2    p    2                      -1.719018120131469e+00
    3    p    2                      -1.719018120131446e+00
    4    p    2                      -1.719017158032109e+00
    5    p    2                      -1.754585133440530e-01
============================================================


============================================================
                          Molecule
------------------------------------------------------------
 Nr  Element             x             y             z      
------------------------------------------------------------
  1     Mg          0.00000e+00   0.00000e+00   0.00000e+00
------------------------------------------------------------
 Center of mass:    0.00000e+00   0.00000e+00   0.00000e+00
============================================================


                                                            
============================================================
                         SCF Energy                         
------------------------------------------------------------
                                                            
 Sum orbital energy:                 -1.084190478904169e+02
 Kinetic energy:                      1.985413970582040e+02
 E-N energy:                         -4.778985107227268e+02
 Coulomb energy:                      9.567276971956797e+01
 Exchange energy:                     0.000000000000000e+00
 X-C energy:                         -1.545502666723923e+01
 El. external field energy:          -7.140084135306773e-05
 Nuc. external field energy:         -7.690981803244040e-15
                                                            
------------------------------------------------------------
                                                            
 Electronic energy:                  -1.991394420130354e+02
 Nuclear energy:                     -7.690981803244040e-15
                                                            
------------------------------------------------------------
                                                            
 Total energy       (au)             -1.991394420130354e+02
                    (kJ/mol)         -5.228405293322366e+05
                    (kcal/mol)       -1.249618855145561e+05
                    (eV)             -5.418860035258854e+03
                                                            
============================================================
                                                            

                                                            
============================================================
                         Dipole moment                      
------------------------------------------------------------
                                                            
 Length of vector:   (au)                  7.1400841361e-02
                     (Debye)               1.8148281942e-01
                                                            
-------------------------- Total ---------------------------
                                                            
 [-7.2620796759e-12, -7.6424708574e-12, -7.1400841361e-02] 
                                                            
------------------------- Nuclear --------------------------
                                                            
 [-7.6493673863e-12, -8.0218343361e-12, -7.6909818032e-12] 
                                                            
------------------------ Electronic ------------------------
                                                            
 [ 3.8728771039e-13,  3.7936347873e-13, -7.1400841353e-02] 
                                                            
============================================================
                                                            



************************************************************
***                                                      ***
***                    Exiting MRChem                    ***
***                                                      ***
***               Wall time: 2.269174e+03                ***
***                                                      ***
************************************************************


