


************************************************************
***     __  __ ____   ____ _                             ***
***    |  \/  |  _ \ / ___| |__   ___ _ __ ___           ***
***    | |\/| | |_) | |   | '_ \ / _ \ '_ ` _ \          ***
***    | |  | |  _ <| |___| | | |  __/ | | | | |         ***
***    |_|  |_|_| \_\\____|_| |_|\___|_| |_| |_|         ***
***                                                      ***
***    VERSION 0.0.1 (rev. 1c6f79f)                     ***
***                                                      ***
***    Stig Rune Jensen <stig.r.jensen@uit.no>           ***
***    Luca Frediani    <luca.frediani@uit.no>           ***
***    Peter Wind       <peter.wind@uit.no>              ***
***                                                      ***
************************************************************


+++ Parallel execution: 
  MPI hosts available     : 4
  Threads/host            : 2
  Total used CPUs         : 8


------------------------------------------------------------

 MRCPP version   : X.Y.Z
 Git revision    : bbc2aed

 Linear algebra  : EIGEN
 Parallelization : MPI/OpenMP

------------------------------------------------------------




============================================================
                  MultiResolution Analysis                  
------------------------------------------------------------
 polynomial order = 11
 polynomial type  = Interpolating
------------------------------------------------------------
 total boxes      = 8
 boxes            = [           2           2           2 ]
 unit lengths     = [    32.00000    32.00000    32.00000 ]
 scaling factor   = [     1.00000     1.00000     1.00000 ]
 lower bounds     = [   -32.00000   -32.00000   -32.00000 ]
 upper bounds     = [    32.00000    32.00000    32.00000 ]
 total length     = [    64.00000    64.00000    64.00000 ]
============================================================


============================================================
                          Molecule
------------------------------------------------------------
 Nr  Element             x             y             z      
------------------------------------------------------------
  1     N           0.00000e+00   0.00000e+00   0.00000e+00
  2     H           0.00000e+00   0.00000e+00   1.95356e+00
  3     N           2.20145e+00   0.00000e+00  -8.68814e-01
  4     H           3.53561e+00   0.00000e+00   5.58208e-01
------------------------------------------------------------
 Center of mass:    1.14551e+00   0.00000e+00  -3.20937e-01
============================================================


============================================================
                Setting up nuclear potential
------------------------------------------------------------
 Nr  Element         Charge        Precision     Smoothing 
------------------------------------------------------------
  1     N           7.00000e+00   1.00000e-07   2.95801e-05
  2     H           1.00000e+00   1.00000e-07   7.57698e-04
  3     N           7.00000e+00   1.00000e-07   2.95801e-05
  4     H           1.00000e+00   1.00000e-07   7.57698e-04
------------------------------------------------------------
 Nuclear potential                    1352      1.30506e+00
 Allreduce potential                  3368      1.43109e+00
------------------------------------------------------------
                 Wall time: 2.73627e+00 sec 
============================================================


============================================================
 OrbitalVector:   8 orbitals     8 occupied    16 electrons
------------------------------------------------------------
   n  RankID           Norm          Spin Occ      Error    
------------------------------------------------------------
   0     0       1.000000000000e+00    p   2    1.00000e+00
   1     1      -1.000000000000e+00    p   2    1.00000e+00
   2     2      -1.000000000000e+00    p   2    1.00000e+00
   3     3      -1.000000000000e+00    p   2    1.00000e+00
   4     0       1.000000000000e+00    p   2    1.00000e+00
   5     1      -1.000000000000e+00    p   2    1.00000e+00
   6     2      -1.000000000000e+00    p   2    1.00000e+00
   7     3      -1.000000000000e+00    p   2    1.00000e+00
============================================================


============================================================
                  Setting up Fock operator
------------------------------------------------------------
 Precision                                      1.00000e-07
------------------------------------------------------------
 Coulomb density                      1896      2.81405e+00
 Coulomb potential                     696      6.85311e+01
 Allreduce potential                   680      1.97436e-01
 XC total density                     1896      3.81163e+00
 XC evaluate xcfun                    9480      3.08468e+01
 XC energy                            1896      1.68078e-04
 XC potential                         1896      1.00410e+00
------------------------------------------------------------
                 Wall time: 1.07953e+02 sec 
============================================================


============================================================
                  Calculating Fock matrix
------------------------------------------------------------
 Kinetic part                         1.057373075600000e+01
 Potential part                       3.829208025000000e+01
------------------------------------------------------------
                 Wall time: 4.88659e+01 sec 
============================================================




####################### SCF cycle  1 #######################


============================================================
 Current precision                              1.00000e-07
------------------------------------------------------------
 Orbital threshold                              1.00000e-06
 Property threshold                            -1.00000e+00
============================================================


============================================================
                  Digonalizing Fock matrix
------------------------------------------------------------
 Computing Lowdin matrix                        7.06034e-01
 Diagonalizing matrix                           1.91010e-05
 Rotating orbitals                              2.53419e+00
------------------------------------------------------------
                 Wall time: 3.24033e+00 sec 
============================================================


============================================================
                   Calculating SCF energy
------------------------------------------------------------
 Nuclear energy                       3.204320240983880e+01
 Electronic energy                   -1.426097174265082e+02
------------------------------------------------------------
 Total energy                        -1.105665150166694e+02
------------------------------------------------------------
                 Wall time: 2.97974e+01 sec 
============================================================


============================================================
                Rotating Helmholtz argument
------------------------------------------------------------
 Rotating orbitals                              8.76159e-01
------------------------------------------------------------
                 Wall time: 8.76254e-01 sec 
============================================================


============================================================
                Applying Helmholtz operators
------------------------------------------------------------
 Orb    RealNorm   Nodes     ImagNorm   Nodes     Timing
------------------------------------------------------------
  0    1.00000e+00  1112    0.00000e+00     0   1.15475e+02
  4    9.99866e-01  1192    0.00000e+00     0   1.31106e+02
------------------------------------------------------------
                 Wall time: 2.46581e+02 sec 
============================================================


============================================================
                 Lowdin orthonormalization
------------------------------------------------------------
 Computing Lowdin matrix                        6.52672e+01
 Rotating orbitals                              2.33390e+00
------------------------------------------------------------
                 Wall time: 6.76011e+01 sec 
============================================================


============================================================
               Iterative subspace accelerator
------------------------------------------------------------
 Push back orbitals                             3.51490e-05
 Copy orbitals                                  1.12977e-01
 Copy orbital updates                           1.12942e-01
------------------------------------------------------------
                 Wall time: 2.26066e-01 sec 
============================================================


============================================================
                 Lowdin orthonormalization
------------------------------------------------------------
 Computing Lowdin matrix                        6.14031e-01
 Rotating orbitals                              1.31043e+00
------------------------------------------------------------
                 Wall time: 1.92454e+00 sec 
============================================================


============================================================
                  Setting up Fock operator
------------------------------------------------------------
 Precision                                      1.00000e-07
------------------------------------------------------------
 Coulomb density                      1688      2.34249e+00
 Coulomb potential                     648      6.28685e+01
 Allreduce potential                   680      8.91912e-01
 XC total density                     1832      3.38289e+00
 XC evaluate xcfun                    9160      2.99842e+01
 XC energy                            1832      1.63198e-04
 XC potential                         1832      9.33596e-01
------------------------------------------------------------
                 Wall time: 1.01074e+02 sec 
============================================================


============================================================
                  Calculating Fock matrix
------------------------------------------------------------
 Kinetic part                         9.152832133000000e+00
 Potential part                       3.273066626600000e+01
------------------------------------------------------------
                 Wall time: 4.18836e+01 sec 
============================================================


============================================================
                          Orbitals
------------------------------------------------------------
 Orb    F(i,i)        Error         nNodes  Spin  Occ  Done 
------------------------------------------------------------
  0  -1.40498e+01   9.22630e-06       1080    p    2    0
  1  -1.40494e+01   1.68931e-05          0    p    2    0
  2  -9.54184e-01   1.39836e-04          0    p    2    0
  3  -6.27621e-01   2.80496e-04          0    p    2    0
  4  -5.17686e-01   8.50506e-04       1192    p    2    0
  5  -3.67831e-01   8.67219e-04          0    p    2    0
  6  -3.37135e-01   1.12260e-03          0    p    2    0
  7  -2.15405e-01   1.81371e-03          0    p    2    0
------------------------------------------------------------
 Total error:                            2.47463e-03    0
============================================================


============================================================
                    Energy                 Update      Done 
------------------------------------------------------------
 Orbital      -6.224091513681114e+01    -6.22409e+01    1
 Kinetic       1.101655733989916e+02     1.10166e+02    1
 N-E          -3.228907196679508e+02    -3.22891e+02    1
 Coulomb       8.445336396974557e+01     8.44534e+01    1
 Exchange      0.000000000000000e+00     0.00000e+00    1
 X-C          -1.433848832948333e+01    -1.43385e+01    1
------------------------------------------------------------
 Electronic   -1.426097174265082e+02    -1.42610e+02    1
 Nuclear       3.204320240983880e+01     3.20432e+01    1
------------------------------------------------------------
 Total        -1.105665150166694e+02    -1.10567e+02    1
============================================================


################ Wall time: 4.93515e+02 sec ################




####################### SCF cycle  2 #######################


============================================================
 Current precision                              1.00000e-07
------------------------------------------------------------
 Orbital threshold                              1.00000e-06
 Property threshold                            -1.00000e+00
============================================================


============================================================
                  Digonalizing Fock matrix
------------------------------------------------------------
 Computing Lowdin matrix                        5.39371e-01
 Diagonalizing matrix                           1.71060e-05
 Rotating orbitals                              2.32670e+00
------------------------------------------------------------
                 Wall time: 2.86617e+00 sec 
============================================================


============================================================
                   Calculating SCF energy
------------------------------------------------------------
 Nuclear energy                       3.204320240983880e+01
 Electronic energy                   -1.426097270854155e+02
------------------------------------------------------------
 Total energy                        -1.105665246755767e+02
------------------------------------------------------------
                 Wall time: 2.97484e+01 sec 
============================================================


============================================================
                Rotating Helmholtz argument
------------------------------------------------------------
 Rotating orbitals                              8.87256e-01
------------------------------------------------------------
                 Wall time: 8.87340e-01 sec 
============================================================


============================================================
                Applying Helmholtz operators
------------------------------------------------------------
 Orb    RealNorm   Nodes     ImagNorm   Nodes     Timing
------------------------------------------------------------
  0    1.00000e+00  1112    0.00000e+00     0   1.16797e+02
  4    9.99956e-01  1192    0.00000e+00     0   1.28261e+02
------------------------------------------------------------
                 Wall time: 2.45064e+02 sec 
============================================================


============================================================
                 Lowdin orthonormalization
------------------------------------------------------------
 Computing Lowdin matrix                        6.24954e+01
 Rotating orbitals                              2.33993e+00
------------------------------------------------------------
                 Wall time: 6.48354e+01 sec 
============================================================


============================================================
               Iterative subspace accelerator
------------------------------------------------------------
 Push back orbitals                             3.22080e-05
 Copy orbitals                                  1.15541e-01
 Copy orbital updates                           1.13866e-01
------------------------------------------------------------
                 Wall time: 2.29546e-01 sec 
============================================================


============================================================
                 Lowdin orthonormalization
------------------------------------------------------------
 Computing Lowdin matrix                        6.14047e-01
 Rotating orbitals                              1.34178e+00
------------------------------------------------------------
                 Wall time: 1.95589e+00 sec 
============================================================


============================================================
                  Setting up Fock operator
------------------------------------------------------------
 Precision                                      1.00000e-07
------------------------------------------------------------
 Coulomb density                      1688      2.33419e+00
 Coulomb potential                     712      6.83775e+01
 Allreduce potential                   680      2.12856e-01
 XC total density                     1832      3.41870e+00
 XC evaluate xcfun                    9160      2.96614e+01
 XC energy                            1832      1.64245e-04
 XC potential                         1832      9.27780e-01
------------------------------------------------------------
                 Wall time: 1.05597e+02 sec 
============================================================


============================================================
                  Calculating Fock matrix
------------------------------------------------------------
 Kinetic part                         9.097122234000000e+00
 Potential part                       3.241916777300000e+01
------------------------------------------------------------
                 Wall time: 4.15164e+01 sec 
============================================================


============================================================
                          Orbitals
------------------------------------------------------------
 Orb    F(i,i)        Error         nNodes  Spin  Occ  Done 
------------------------------------------------------------
  0  -1.40498e+01   4.51613e-06       1080    p    2    0
  1  -1.40493e+01   7.08642e-06          0    p    2    0
  2  -9.54179e-01   6.45938e-05          0    p    2    0
  3  -6.27629e-01   1.23297e-04          0    p    2    0
  4  -5.17698e-01   1.45192e-04       1192    p    2    0
  5  -3.67820e-01   1.04054e-04          0    p    2    0
  6  -3.37116e-01   1.85938e-04          0    p    2    0
  7  -2.15400e-01   4.47472e-04          0    p    2    0
------------------------------------------------------------
 Total error:                            5.34937e-04    0
============================================================


============================================================
                    Energy                 Update      Done 
------------------------------------------------------------
 Orbital      -6.223807040851325e+01     2.84473e-03    1
 Kinetic       1.101649884037070e+02    -5.84995e-04    1
 N-E          -3.228929081523448e+02    -2.18848e-03    1
 Coulomb       8.445626129576826e+01     2.89733e-03    1
 Exchange      0.000000000000000e+00     0.00000e+00    1
 X-C          -1.433860521201931e+01    -1.16883e-04    1
------------------------------------------------------------
 Electronic   -1.426097270854155e+02    -9.65891e-06    1
 Nuclear       3.204320240983880e+01     0.00000e+00    1
------------------------------------------------------------
 Total        -1.105665246755767e+02    -9.65891e-06    1
============================================================


################ Wall time: 4.93017e+02 sec ################




####################### SCF cycle  3 #######################


============================================================
 Current precision                              1.00000e-07
------------------------------------------------------------
 Orbital threshold                              1.00000e-06
 Property threshold                            -1.00000e+00
============================================================


============================================================
                   Calculating SCF energy
------------------------------------------------------------
 Nuclear energy                       3.204320240983880e+01
 Electronic energy                   -1.426097276961167e+02
------------------------------------------------------------
 Total energy                        -1.105665252862780e+02
------------------------------------------------------------
                 Wall time: 3.17382e+01 sec 
============================================================


============================================================
                Rotating Helmholtz argument
------------------------------------------------------------
 Rotating orbitals                              2.28394e+00
------------------------------------------------------------
                 Wall time: 2.28404e+00 sec 
============================================================


============================================================
                Applying Helmholtz operators
------------------------------------------------------------
 Orb    RealNorm   Nodes     ImagNorm   Nodes     Timing
------------------------------------------------------------
  0    1.00000e+00  1112    0.00000e+00     0   1.20172e+02
  4    9.99976e-01  1192    0.00000e+00     0   1.29638e+02
------------------------------------------------------------
                 Wall time: 2.49814e+02 sec 
============================================================


============================================================
                 Lowdin orthonormalization
------------------------------------------------------------
 Computing Lowdin matrix                        6.06852e+01
 Rotating orbitals                              2.24522e+00
------------------------------------------------------------
                 Wall time: 6.29305e+01 sec 
============================================================


============================================================
               Iterative subspace accelerator
------------------------------------------------------------
 Push back orbitals                             3.06000e-05
 Setup linear system                            3.84494e-01
 Solve linear system                            1.18430e-05
 Expand solution                                1.22798e+00
------------------------------------------------------------
                 Wall time: 1.61264e+00 sec 
============================================================


============================================================
                 Lowdin orthonormalization
------------------------------------------------------------
 Computing Lowdin matrix                        9.08040e-01
 Rotating orbitals                              2.17112e+00
------------------------------------------------------------
                 Wall time: 3.07925e+00 sec 
============================================================


============================================================
                  Setting up Fock operator
------------------------------------------------------------
 Precision                                      1.00000e-07
------------------------------------------------------------
 Coulomb density                      1688      2.32062e+00
 Coulomb potential                     712      6.87837e+01
 Allreduce potential                   680      2.12170e-01
 XC total density                     1832      3.54195e+00
 XC evaluate xcfun                    9160      2.99883e+01
 XC energy                            1832      1.62326e-04
 XC potential                         1832      1.03111e+00
------------------------------------------------------------
                 Wall time: 1.06546e+02 sec 
============================================================


============================================================
                  Calculating Fock matrix
------------------------------------------------------------
 Kinetic part                         8.852111531000000e+00
 Potential part                       3.294816914600000e+01
------------------------------------------------------------
                 Wall time: 4.18004e+01 sec 
============================================================


============================================================
                          Orbitals
------------------------------------------------------------
 Orb    F(i,i)        Error         nNodes  Spin  Occ  Done 
------------------------------------------------------------
  0  -1.40497e+01   3.55881e-06       1080    p    2    0
  1  -1.40493e+01   6.81399e-06          0    p    2    0
  2  -9.54134e-01   2.29181e-05          0    p    2    0
  3  -6.27608e-01   6.22905e-05          0    p    2    0
  4  -5.17675e-01   7.71821e-05       1192    p    2    0
  5  -3.67779e-01   7.78847e-05          0    p    2    0
  6  -3.37070e-01   6.34042e-05          0    p    2    0
  7  -2.15368e-01   2.61165e-04          0    p    2    0
------------------------------------------------------------
 Total error:                            2.97850e-04    0
============================================================


============================================================
                    Energy                 Update      Done 
------------------------------------------------------------
 Orbital      -6.223800112070665e+01     6.92878e-05    1
 Kinetic       1.101643725686982e+02    -6.15835e-04    1
 N-E          -3.228924002491230e+02     5.07903e-04    1
 Coulomb       8.445631783892586e+01     5.65432e-05    1
 Exchange      0.000000000000000e+00     0.00000e+00    1
 X-C          -1.433855174869584e+01     5.34633e-05    1
------------------------------------------------------------
 Electronic   -1.426097276961167e+02    -6.10701e-07    1
 Nuclear       3.204320240983880e+01     0.00000e+00    1
------------------------------------------------------------
 Total        -1.105665252862780e+02    -6.10701e-07    1
============================================================


################ Wall time: 5.00301e+02 sec ################




####################### SCF cycle  4 #######################


============================================================
 Current precision                              1.00000e-07
------------------------------------------------------------
 Orbital threshold                              1.00000e-06
 Property threshold                            -1.00000e+00
============================================================


============================================================
                   Calculating SCF energy
------------------------------------------------------------
 Nuclear energy                       3.204320240983880e+01
 Electronic energy                   -1.426097279178138e+02
------------------------------------------------------------
 Total energy                        -1.105665255079750e+02
------------------------------------------------------------
                 Wall time: 3.35347e+01 sec 
============================================================


============================================================
                Rotating Helmholtz argument
------------------------------------------------------------
 Rotating orbitals                              2.39104e+00
------------------------------------------------------------
                 Wall time: 2.39113e+00 sec 
============================================================


============================================================
                Applying Helmholtz operators
------------------------------------------------------------
 Orb    RealNorm   Nodes     ImagNorm   Nodes     Timing
------------------------------------------------------------
  0    1.00000e+00  1112    0.00000e+00     0   1.25603e+02
  4    9.99996e-01  1192    0.00000e+00     0   1.36327e+02
------------------------------------------------------------
                 Wall time: 2.61947e+02 sec 
============================================================


============================================================
                 Lowdin orthonormalization
------------------------------------------------------------
 Computing Lowdin matrix                        6.08360e+01
 Rotating orbitals                              2.42396e+00
------------------------------------------------------------
                 Wall time: 6.32601e+01 sec 
============================================================


============================================================
               Iterative subspace accelerator
------------------------------------------------------------
 Push back orbitals                             2.81796e-02
 Setup linear system                            1.15666e+00
 Solve linear system                            1.59950e-05
 Expand solution                                1.87733e+00
------------------------------------------------------------
                 Wall time: 3.06233e+00 sec 
============================================================


============================================================
                 Lowdin orthonormalization
------------------------------------------------------------
 Computing Lowdin matrix                        9.14529e-01
 Rotating orbitals                              2.14025e+00
------------------------------------------------------------
                 Wall time: 3.05486e+00 sec 
============================================================


============================================================
                  Setting up Fock operator
------------------------------------------------------------
 Precision                                      1.00000e-07
------------------------------------------------------------
 Coulomb density                      1688      2.38406e+00
 Coulomb potential                     712      7.24861e+01
 Allreduce potential                   680      2.21131e-01
 XC total density                     1832      3.63151e+00
 XC evaluate xcfun                    9160      3.02889e+01
 XC energy                            1832      1.61217e-04
 XC potential                         1832      1.05381e+00
------------------------------------------------------------
                 Wall time: 1.10759e+02 sec 
============================================================


============================================================
                  Calculating Fock matrix
------------------------------------------------------------
 Kinetic part                         9.168828946000000e+00
 Potential part                       3.439566890900000e+01
------------------------------------------------------------
                 Wall time: 4.35646e+01 sec 
============================================================


============================================================
                          Orbitals
------------------------------------------------------------
 Orb    F(i,i)        Error         nNodes  Spin  Occ  Done 
------------------------------------------------------------
  0  -1.40497e+01   3.06477e-06       1080    p    2    0
  1  -1.40493e+01   5.44309e-06          0    p    2    0
  2  -9.54145e-01   1.81516e-05          0    p    2    0
  3  -6.27623e-01   4.23873e-05          0    p    2    0
  4  -5.17690e-01   3.71564e-05       1192    p    2    0
  5  -3.67787e-01   6.98199e-05          0    p    2    0
  6  -3.37075e-01   4.88113e-05          0    p    2    0
  7  -2.15375e-01   1.49589e-04          0    p    2    0
------------------------------------------------------------
 Total error:                            1.82154e-04    0
============================================================


============================================================
                    Energy                 Update      Done 
------------------------------------------------------------
 Orbital      -6.223726231691332e+01     7.38804e-04    1
 Kinetic       1.101644523602743e+02     7.97916e-05    1
 N-E          -3.228931939379238e+02    -7.93689e-04    1
 Coulomb       8.445707142855730e+01     7.53590e-04    1
 Exchange      0.000000000000000e+00     0.00000e+00    1
 X-C          -1.433859037195560e+01    -3.86233e-05    1
------------------------------------------------------------
 Electronic   -1.426097279178138e+02    -2.21697e-07    1
 Nuclear       3.204320240983880e+01     0.00000e+00    1
------------------------------------------------------------
 Total        -1.105665255079750e+02    -2.21697e-07    1
============================================================


################ Wall time: 5.22083e+02 sec ################




####################### SCF cycle  5 #######################


============================================================
 Current precision                              1.00000e-07
------------------------------------------------------------
 Orbital threshold                              1.00000e-06
 Property threshold                            -1.00000e+00
============================================================


============================================================
                   Calculating SCF energy
------------------------------------------------------------
 Nuclear energy                       3.204320240983880e+01
 Electronic energy                   -1.426097280044460e+02
------------------------------------------------------------
 Total energy                        -1.105665255946072e+02
------------------------------------------------------------
                 Wall time: 3.50972e+01 sec 
============================================================


============================================================
                Rotating Helmholtz argument
------------------------------------------------------------
 Rotating orbitals                              2.41681e+00
------------------------------------------------------------
                 Wall time: 2.41688e+00 sec 
============================================================


============================================================
                Applying Helmholtz operators
------------------------------------------------------------
 Orb    RealNorm   Nodes     ImagNorm   Nodes     Timing
------------------------------------------------------------
  0    1.00000e+00  1112    0.00000e+00     0   1.29631e+02
  4    9.99998e-01  1192    0.00000e+00     0   1.34680e+02
------------------------------------------------------------
                 Wall time: 2.64332e+02 sec 
============================================================


============================================================
                 Lowdin orthonormalization
------------------------------------------------------------
 Computing Lowdin matrix                        6.64924e+01
 Rotating orbitals                              2.48554e+00
------------------------------------------------------------
                 Wall time: 6.89780e+01 sec 
============================================================


============================================================
               Iterative subspace accelerator
------------------------------------------------------------
 Push back orbitals                             2.84183e-02
 Setup linear system                            2.45068e+00
 Solve linear system                            1.05180e-05
 Expand solution                                2.75809e+00
------------------------------------------------------------
                 Wall time: 5.23735e+00 sec 
============================================================


============================================================
                 Lowdin orthonormalization
------------------------------------------------------------
 Computing Lowdin matrix                        1.01077e+00
 Rotating orbitals                              2.25013e+00
------------------------------------------------------------
                 Wall time: 3.26099e+00 sec 
============================================================


============================================================
                  Setting up Fock operator
------------------------------------------------------------
 Precision                                      1.00000e-07
------------------------------------------------------------
 Coulomb density                      1688      2.39993e+00
 Coulomb potential                     712      7.15000e+01
 Allreduce potential                   680      2.21580e-01
 XC total density                     1832      3.80454e+00
 XC evaluate xcfun                    9160      3.08832e+01
 XC energy                            1832      1.76248e-04
 XC potential                         1832      1.04752e+00
------------------------------------------------------------
                 Wall time: 1.10608e+02 sec 
============================================================


============================================================
                  Calculating Fock matrix
------------------------------------------------------------
 Kinetic part                         8.468118080000000e+00
 Potential part                       3.366741393600000e+01
------------------------------------------------------------
                 Wall time: 4.21357e+01 sec 
============================================================


============================================================
                          Orbitals
------------------------------------------------------------
 Orb    F(i,i)        Error         nNodes  Spin  Occ  Done 
------------------------------------------------------------
  0  -1.40496e+01   8.69133e-07       1080    p    2    1
  1  -1.40493e+01   2.18574e-06          0    p    2    0
  2  -9.54123e-01   6.57965e-06          0    p    2    0
  3  -6.27610e-01   1.30604e-05          0    p    2    0
  4  -5.17675e-01   1.21912e-05       1192    p    2    0
  5  -3.67768e-01   3.46987e-05          0    p    2    0
  6  -3.37056e-01   1.47340e-05          0    p    2    0
  7  -2.15360e-01   6.22414e-05          0    p    2    0
------------------------------------------------------------
 Total error:                            7.52537e-05    0
============================================================


============================================================
                    Energy                 Update      Done 
------------------------------------------------------------
 Orbital      -6.223741864176918e+01    -1.56325e-04    1
 Kinetic       1.101641236384847e+02    -3.28722e-04    1
 N-E          -3.228927442214414e+02     4.49716e-04    1
 Coulomb       8.445690211645515e+01    -1.69312e-04    1
 Exchange      0.000000000000000e+00     0.00000e+00    1
 X-C          -1.433854173066209e+01     4.86413e-05    1
------------------------------------------------------------
 Electronic   -1.426097280044460e+02    -8.66322e-08    1
 Nuclear       3.204320240983880e+01     0.00000e+00    1
------------------------------------------------------------
 Total        -1.105665255946072e+02    -8.66322e-08    1
============================================================


################ Wall time: 5.32601e+02 sec ################




####################### SCF cycle  6 #######################


============================================================
 Current precision                              1.00000e-07
------------------------------------------------------------
 Orbital threshold                              1.00000e-06
 Property threshold                            -1.00000e+00
============================================================


============================================================
                   Calculating SCF energy
------------------------------------------------------------
 Nuclear energy                       3.204320240983880e+01
 Electronic energy                   -1.426097280242471e+02
------------------------------------------------------------
 Total energy                        -1.105665256144083e+02
------------------------------------------------------------
                 Wall time: 3.55546e+01 sec 
============================================================


============================================================
                Rotating Helmholtz argument
------------------------------------------------------------
 Rotating orbitals                              2.42983e+00
------------------------------------------------------------
                 Wall time: 2.42993e+00 sec 
============================================================


============================================================
                Applying Helmholtz operators
------------------------------------------------------------
 Orb    RealNorm   Nodes     ImagNorm   Nodes     Timing
------------------------------------------------------------
  0    1.00000e+00  1112    0.00000e+00     0   1.27087e+02
  4    1.00000e+00  1192    0.00000e+00     0   1.37295e+02
------------------------------------------------------------
                 Wall time: 2.64412e+02 sec 
============================================================


============================================================
                 Lowdin orthonormalization
------------------------------------------------------------
 Computing Lowdin matrix                        6.94650e+01
 Rotating orbitals                              2.28508e+00
------------------------------------------------------------
                 Wall time: 7.17501e+01 sec 
============================================================


============================================================
               Iterative subspace accelerator
------------------------------------------------------------
 Push back orbitals                             1.62378e-01
 Setup linear system                            2.32177e+00
 Solve linear system                            1.04660e-05
 Expand solution                                2.47764e+00
------------------------------------------------------------
                 Wall time: 4.96195e+00 sec 
============================================================


============================================================
                 Lowdin orthonormalization
------------------------------------------------------------
 Computing Lowdin matrix                        9.54863e-01
 Rotating orbitals                              2.11020e+00
------------------------------------------------------------
                 Wall time: 3.06514e+00 sec 
============================================================


============================================================
                  Setting up Fock operator
------------------------------------------------------------
 Precision                                      1.00000e-07
------------------------------------------------------------
 Coulomb density                      1688      2.60871e+00
 Coulomb potential                     712      7.50516e+01
 Allreduce potential                   680      2.18950e-01
 XC total density                     1832      3.76320e+00
 XC evaluate xcfun                    9160      3.02145e+01
 XC energy                            1832      1.66640e-04
 XC potential                         1832      1.03012e+00
------------------------------------------------------------
                 Wall time: 1.13602e+02 sec 
============================================================


============================================================
                  Calculating Fock matrix
------------------------------------------------------------
 Kinetic part                         9.270571021000000e+00
 Potential part                       3.474807807400000e+01
------------------------------------------------------------
                 Wall time: 4.40188e+01 sec 
============================================================


============================================================
                          Orbitals
------------------------------------------------------------
 Orb    F(i,i)        Error         nNodes  Spin  Occ  Done 
------------------------------------------------------------
  0  -1.40496e+01   6.21904e-07       1080    p    2    1
  1  -1.40493e+01   1.13999e-06          0    p    2    0
  2  -9.54127e-01   5.44661e-06          0    p    2    0
  3  -6.27614e-01   8.78517e-06          0    p    2    0
  4  -5.17678e-01   8.95868e-06       1192    p    2    0
  5  -3.67771e-01   2.24270e-05          0    p    2    0
  6  -3.37058e-01   7.73614e-06          0    p    2    0
  7  -2.15362e-01   2.89458e-05          0    p    2    0
------------------------------------------------------------
 Total error:                            3.98681e-05    0
============================================================


============================================================
                    Energy                 Update      Done 
------------------------------------------------------------
 Orbital      -6.223705610193060e+01     3.62540e-04    1
 Kinetic       1.101643018661411e+02     1.78228e-04    1
 N-E          -3.228932628128507e+02    -5.18591e-04    1
 Coulomb       8.445727536693586e+01     3.73250e-04    1
 Exchange      0.000000000000000e+00     0.00000e+00    1
 X-C          -1.433857451020780e+01    -3.27795e-05    1
------------------------------------------------------------
 Electronic   -1.426097280242471e+02    -1.98011e-08    1
 Nuclear       3.204320240983880e+01     0.00000e+00    1
------------------------------------------------------------
 Total        -1.105665256144083e+02    -1.98011e-08    1
============================================================


################ Wall time: 5.40320e+02 sec ################




####################### SCF cycle  7 #######################


============================================================
 Current precision                              1.00000e-07
------------------------------------------------------------
 Orbital threshold                              1.00000e-06
 Property threshold                            -1.00000e+00
============================================================


============================================================
                   Calculating SCF energy
------------------------------------------------------------
 Nuclear energy                       3.204320240983880e+01
 Electronic energy                   -1.426097280300503e+02
------------------------------------------------------------
 Total energy                        -1.105665256202115e+02
------------------------------------------------------------
                 Wall time: 3.49168e+01 sec 
============================================================


============================================================
                Rotating Helmholtz argument
------------------------------------------------------------
 Rotating orbitals                              2.50341e+00
------------------------------------------------------------
                 Wall time: 2.50351e+00 sec 
============================================================


============================================================
                Applying Helmholtz operators
------------------------------------------------------------
 Orb    RealNorm   Nodes     ImagNorm   Nodes     Timing
------------------------------------------------------------
  0    1.00000e+00  1112    0.00000e+00     0   1.33021e+02
  4    1.00000e+00  1192    0.00000e+00     0   1.40909e+02
------------------------------------------------------------
                 Wall time: 2.73953e+02 sec 
============================================================


============================================================
                 Lowdin orthonormalization
------------------------------------------------------------
 Computing Lowdin matrix                        5.58671e+01
 Rotating orbitals                              2.35382e+00
------------------------------------------------------------
                 Wall time: 5.82210e+01 sec 
============================================================


============================================================
               Iterative subspace accelerator
------------------------------------------------------------
 Push back orbitals                             7.16125e-02
 Setup linear system                            2.48104e+00
 Solve linear system                            1.01940e-05
 Expand solution                                2.29363e+00
------------------------------------------------------------
                 Wall time: 4.84642e+00 sec 
============================================================


============================================================
                 Lowdin orthonormalization
------------------------------------------------------------
 Computing Lowdin matrix                        8.75963e-01
 Rotating orbitals                              2.21036e+00
------------------------------------------------------------
                 Wall time: 3.08640e+00 sec 
============================================================


============================================================
                  Setting up Fock operator
------------------------------------------------------------
 Precision                                      1.00000e-07
------------------------------------------------------------
 Coulomb density                      1688      2.70466e+00
 Coulomb potential                     712      7.33093e+01
 Allreduce potential                   680      2.30795e-01
 XC total density                     1832      4.00380e+00
 XC evaluate xcfun                    9160      3.11150e+01
 XC energy                            1832      1.78123e-04
 XC potential                         1832      1.06508e+00
------------------------------------------------------------
                 Wall time: 1.13132e+02 sec 
============================================================


============================================================
                  Calculating Fock matrix
------------------------------------------------------------
 Kinetic part                         9.871070031000000e+00
 Potential part                       3.589245634200000e+01
------------------------------------------------------------
                 Wall time: 4.57636e+01 sec 
============================================================


============================================================
                          Orbitals
------------------------------------------------------------
 Orb    F(i,i)        Error         nNodes  Spin  Occ  Done 
------------------------------------------------------------
  0  -1.40496e+01   6.10275e-07       1080    p    2    1
  1  -1.40493e+01   1.13664e-06          0    p    2    0
  2  -9.54124e-01   6.01715e-06          0    p    2    0
  3  -6.27612e-01   7.09862e-06          0    p    2    0
  4  -5.17676e-01   1.17254e-05       1192    p    2    0
  5  -3.67769e-01   2.26643e-05          0    p    2    0
  6  -3.37056e-01   7.75574e-06          0    p    2    0
  7  -2.15360e-01   1.76239e-05          0    p    2    0
------------------------------------------------------------
 Total error:                            3.33192e-05    0
============================================================


============================================================
                    Energy                 Update      Done 
------------------------------------------------------------
 Orbital      -6.223710824639866e+01    -5.21445e-05    1
 Kinetic       1.101642385339849e+02    -6.33322e-05    1
 N-E          -3.228931535996485e+02     1.09213e-04    1
 Coulomb       8.445722067602148e+01    -5.46909e-05    1
 Exchange      0.000000000000000e+00     0.00000e+00    1
 X-C          -1.433856564982194e+01     8.86039e-06    1
------------------------------------------------------------
 Electronic   -1.426097280300503e+02    -5.80323e-09    1
 Nuclear       3.204320240983880e+01     0.00000e+00    1
------------------------------------------------------------
 Total        -1.105665256202115e+02    -5.80323e-09    1
============================================================


################ Wall time: 5.36933e+02 sec ################




####################### SCF cycle  8 #######################


============================================================
 Current precision                              1.00000e-07
------------------------------------------------------------
 Orbital threshold                              1.00000e-06
 Property threshold                            -1.00000e+00
============================================================


============================================================
                   Calculating SCF energy
------------------------------------------------------------
 Nuclear energy                       3.204320240983880e+01
 Electronic energy                   -1.426097280327386e+02
------------------------------------------------------------
 Total energy                        -1.105665256228998e+02
------------------------------------------------------------
                 Wall time: 3.72147e+01 sec 
============================================================


============================================================
                Rotating Helmholtz argument
------------------------------------------------------------
 Rotating orbitals                              2.50087e+00
------------------------------------------------------------
                 Wall time: 2.50096e+00 sec 
============================================================


============================================================
                Applying Helmholtz operators
------------------------------------------------------------
 Orb    RealNorm   Nodes     ImagNorm   Nodes     Timing
------------------------------------------------------------
  0    1.00000e+00  1112    0.00000e+00     0   1.26507e+02
  4    1.00000e+00  1192    0.00000e+00     0   1.38973e+02
------------------------------------------------------------
                 Wall time: 2.65499e+02 sec 
============================================================


============================================================
                 Lowdin orthonormalization
------------------------------------------------------------
 Computing Lowdin matrix                        8.34799e+01
 Rotating orbitals                              2.33157e+00
------------------------------------------------------------
                 Wall time: 8.58116e+01 sec 
============================================================


============================================================
               Iterative subspace accelerator
------------------------------------------------------------
 Push back orbitals                             1.24972e-01
 Setup linear system                            2.44423e+00
 Solve linear system                            1.05400e-05
 Expand solution                                2.24649e+00
------------------------------------------------------------
                 Wall time: 4.81584e+00 sec 
============================================================


============================================================
                 Lowdin orthonormalization
------------------------------------------------------------
 Computing Lowdin matrix                        9.74389e-01
 Rotating orbitals                              2.24346e+00
------------------------------------------------------------
                 Wall time: 3.21792e+00 sec 
============================================================


============================================================
                  Setting up Fock operator
------------------------------------------------------------
 Precision                                      1.00000e-07
------------------------------------------------------------
 Coulomb density                      1688      2.55349e+00
 Coulomb potential                     712      7.13948e+01
 Allreduce potential                   680      2.20208e-01
 XC total density                     1832      3.77988e+00
 XC evaluate xcfun                    9160      3.10468e+01
 XC energy                            1832      1.82298e-04
 XC potential                         1832      1.07621e+00
------------------------------------------------------------
                 Wall time: 1.10810e+02 sec 
============================================================


============================================================
                  Calculating Fock matrix
------------------------------------------------------------
 Kinetic part                         9.194456514000001e+00
 Potential part                       3.567534558400000e+01
------------------------------------------------------------
                 Wall time: 4.48699e+01 sec 
============================================================


============================================================
                          Orbitals
------------------------------------------------------------
 Orb    F(i,i)        Error         nNodes  Spin  Occ  Done 
------------------------------------------------------------
  0  -1.40496e+01   4.16716e-07       1080    p    2    1
  1  -1.40493e+01   8.67318e-07          0    p    2    1
  2  -9.54126e-01   2.57543e-06          0    p    2    0
  3  -6.27613e-01   1.87210e-06          0    p    2    0
  4  -5.17677e-01   6.92519e-06       1192    p    2    0
  5  -3.67771e-01   1.01950e-05          0    p    2    0
  6  -3.37058e-01   5.93967e-06          0    p    2    0
  7  -2.15361e-01   5.42825e-06          0    p    2    0
------------------------------------------------------------
 Total error:                            1.50899e-05    0
============================================================


============================================================
                    Energy                 Update      Done 
------------------------------------------------------------
 Orbital      -6.223706967651690e+01     3.85699e-05    1
 Kinetic       1.101642597740910e+02     2.12401e-05    1
 N-E          -3.228932093405792e+02    -5.57409e-05    1
 Coulomb       8.445726091801225e+01     4.02420e-05    1
 Exchange      0.000000000000000e+00     0.00000e+00    1
 X-C          -1.433857137260113e+01    -5.72278e-06    1
------------------------------------------------------------
 Electronic   -1.426097280327386e+02    -2.68827e-09    1
 Nuclear       3.204320240983880e+01     0.00000e+00    1
------------------------------------------------------------
 Total        -1.105665256228998e+02    -2.68827e-09    1
============================================================


################ Wall time: 5.55231e+02 sec ################




####################### SCF cycle  9 #######################


============================================================
 Current precision                              1.00000e-07
------------------------------------------------------------
 Orbital threshold                              1.00000e-06
 Property threshold                            -1.00000e+00
============================================================


============================================================
                   Calculating SCF energy
------------------------------------------------------------
 Nuclear energy                       3.204320240983880e+01
 Electronic energy                   -1.426097280335008e+02
------------------------------------------------------------
 Total energy                        -1.105665256236620e+02
------------------------------------------------------------
                 Wall time: 3.63839e+01 sec 
============================================================


============================================================
                Rotating Helmholtz argument
------------------------------------------------------------
 Rotating orbitals                              2.54943e+00
------------------------------------------------------------
                 Wall time: 2.54952e+00 sec 
============================================================


============================================================
                Applying Helmholtz operators
------------------------------------------------------------
 Orb    RealNorm   Nodes     ImagNorm   Nodes     Timing
------------------------------------------------------------
  0    1.00000e+00  1112    0.00000e+00     0   1.31935e+02
  4    1.00000e+00  1192    0.00000e+00     0   1.45412e+02
------------------------------------------------------------
                 Wall time: 2.77367e+02 sec 
============================================================


============================================================
                 Lowdin orthonormalization
------------------------------------------------------------
 Computing Lowdin matrix                        6.62920e+01
 Rotating orbitals                              2.27326e+00
------------------------------------------------------------
                 Wall time: 6.85653e+01 sec 
============================================================


============================================================
               Iterative subspace accelerator
------------------------------------------------------------
 Push back orbitals                             7.17983e-02
 Setup linear system                            2.43557e+00
 Solve linear system                            1.03700e-05
 Expand solution                                2.34018e+00
------------------------------------------------------------
                 Wall time: 4.84769e+00 sec 
============================================================


============================================================
                 Lowdin orthonormalization
------------------------------------------------------------
 Computing Lowdin matrix                        8.86566e-01
 Rotating orbitals                              2.02864e+00
------------------------------------------------------------
                 Wall time: 2.91529e+00 sec 
============================================================


============================================================
                  Setting up Fock operator
------------------------------------------------------------
 Precision                                      1.00000e-07
------------------------------------------------------------
 Coulomb density                      1688      2.50817e+00
 Coulomb potential                     712      7.36556e+01
 Allreduce potential                   680      2.22409e-01
 XC total density                     1832      3.77945e+00
 XC evaluate xcfun                    9160      2.96889e+01
 XC energy                            1832      1.80141e-04
 XC potential                         1832      1.12822e+00
------------------------------------------------------------
                 Wall time: 1.11681e+02 sec 
============================================================


============================================================
                  Calculating Fock matrix
------------------------------------------------------------
 Kinetic part                         1.022109715400000e+01
 Potential part                       3.609465822200000e+01
------------------------------------------------------------
                 Wall time: 4.63159e+01 sec 
============================================================


============================================================
                          Orbitals
------------------------------------------------------------
 Orb    F(i,i)        Error         nNodes  Spin  Occ  Done 
------------------------------------------------------------
  0  -1.40496e+01   2.54799e-07       1080    p    2    1
  1  -1.40493e+01   5.09968e-07          0    p    2    1
  2  -9.54126e-01   1.43084e-06          0    p    2    0
  3  -6.27613e-01   1.12990e-06          0    p    2    0
  4  -5.17677e-01   2.88007e-06       1192    p    2    0
  5  -3.67771e-01   5.14405e-06          0    p    2    0
  6  -3.37058e-01   3.78510e-06          0    p    2    0
  7  -2.15361e-01   4.25734e-06          0    p    2    0
------------------------------------------------------------
 Total error:                            8.41766e-06    0
============================================================


============================================================
                    Energy                 Update      Done 
------------------------------------------------------------
 Orbital      -6.223710552260114e+01    -3.58461e-05    1
 Kinetic       1.101642457963526e+02    -1.39777e-05    1
 N-E          -3.228931606115526e+02     4.87290e-05    1
 Coulomb       8.445722435570562e+01    -3.65623e-05    1
 Exchange      0.000000000000000e+00     0.00000e+00    1
 X-C          -1.433856957164230e+01     1.80096e-06    1
------------------------------------------------------------
 Electronic   -1.426097280335008e+02    -7.62242e-10    1
 Nuclear       3.204320240983880e+01     0.00000e+00    1
------------------------------------------------------------
 Total        -1.105665256236620e+02    -7.62242e-10    1
============================================================


################ Wall time: 5.51115e+02 sec ################




####################### SCF cycle 10 #######################


============================================================
 Current precision                              1.00000e-07
------------------------------------------------------------
 Orbital threshold                              1.00000e-06
 Property threshold                            -1.00000e+00
============================================================


============================================================
                   Calculating SCF energy
------------------------------------------------------------
 Nuclear energy                       3.204320240983880e+01
 Electronic energy                   -1.426097280337362e+02
------------------------------------------------------------
 Total energy                        -1.105665256238974e+02
------------------------------------------------------------
                 Wall time: 3.45740e+01 sec 
============================================================


============================================================
                Rotating Helmholtz argument
------------------------------------------------------------
 Rotating orbitals                              2.52773e+00
------------------------------------------------------------
                 Wall time: 2.52783e+00 sec 
============================================================


============================================================
                Applying Helmholtz operators
------------------------------------------------------------
 Orb    RealNorm   Nodes     ImagNorm   Nodes     Timing
------------------------------------------------------------
  0    1.00000e+00  1112    0.00000e+00     0   1.36076e+02
  4    9.99999e-01  1192    0.00000e+00     0   1.43872e+02
------------------------------------------------------------
                 Wall time: 2.79960e+02 sec 
============================================================


============================================================
                 Lowdin orthonormalization
------------------------------------------------------------
 Computing Lowdin matrix                        6.68983e+01
 Rotating orbitals                              2.36871e+00
------------------------------------------------------------
                 Wall time: 6.92671e+01 sec 
============================================================


============================================================
               Iterative subspace accelerator
------------------------------------------------------------
 Push back orbitals                             4.24500e-02
 Setup linear system                            2.37852e+00
 Solve linear system                            9.87800e-06
 Expand solution                                2.40128e+00
------------------------------------------------------------
                 Wall time: 4.82238e+00 sec 
============================================================


============================================================
                 Lowdin orthonormalization
------------------------------------------------------------
 Computing Lowdin matrix                        8.66263e-01
 Rotating orbitals                              2.15615e+00
------------------------------------------------------------
                 Wall time: 3.02248e+00 sec 
============================================================


============================================================
                  Setting up Fock operator
------------------------------------------------------------
 Precision                                      1.00000e-07
------------------------------------------------------------
 Coulomb density                      1688      2.54954e+00
 Coulomb potential                     712      7.46252e+01
 Allreduce potential                   680      2.28174e-01
 XC total density                     1832      3.65686e+00
 XC evaluate xcfun                    9160      3.05674e+01
 XC energy                            1832      1.69114e-04
 XC potential                         1832      1.10232e+00
------------------------------------------------------------
                 Wall time: 1.13440e+02 sec 
============================================================


============================================================
                  Calculating Fock matrix
------------------------------------------------------------
 Kinetic part                         9.456346332000001e+00
 Potential part                       3.481178839500000e+01
------------------------------------------------------------
                 Wall time: 4.42682e+01 sec 
============================================================


============================================================
                          Orbitals
------------------------------------------------------------
 Orb    F(i,i)        Error         nNodes  Spin  Occ  Done 
------------------------------------------------------------
  0  -1.40496e+01   1.79238e-07       1080    p    2    1
  1  -1.40493e+01   2.80502e-07          0    p    2    1
  2  -9.54127e-01   5.89989e-07          0    p    2    1
  3  -6.27613e-01   1.34756e-06          0    p    2    0
  4  -5.17677e-01   2.07536e-06       1192    p    2    0
  5  -3.67771e-01   2.27713e-06          0    p    2    0
  6  -3.37058e-01   2.02307e-06          0    p    2    0
  7  -2.15361e-01   4.05221e-06          0    p    2    0
------------------------------------------------------------
 Total error:                            5.68159e-06    0
============================================================


============================================================
                    Energy                 Update      Done 
------------------------------------------------------------
 Orbital      -6.223710248696419e+01     3.03564e-06    1
 Kinetic       1.101642531199523e+02     7.32360e-06    1
 N-E          -3.228931701637015e+02    -9.55215e-06    1
 Coulomb       8.445722767989949e+01     3.32419e-06    1
 Exchange      0.000000000000000e+00     0.00000e+00    1
 X-C          -1.433857067105126e+01    -1.09941e-06    1
------------------------------------------------------------
 Electronic   -1.426097280337362e+02    -2.35389e-10    1
 Nuclear       3.204320240983880e+01     0.00000e+00    1
------------------------------------------------------------
 Total        -1.105665256238974e+02    -2.35389e-10    1
============================================================


################ Wall time: 5.52391e+02 sec ################




####################### SCF cycle 11 #######################


============================================================
 Current precision                              1.00000e-07
------------------------------------------------------------
 Orbital threshold                              1.00000e-06
 Property threshold                            -1.00000e+00
============================================================


============================================================
                   Calculating SCF energy
------------------------------------------------------------
 Nuclear energy                       3.204320240983880e+01
 Electronic energy                   -1.426097280338210e+02
------------------------------------------------------------
 Total energy                        -1.105665256239822e+02
------------------------------------------------------------
                 Wall time: 3.68316e+01 sec 
============================================================


============================================================
                Rotating Helmholtz argument
------------------------------------------------------------
 Rotating orbitals                              2.52594e+00
------------------------------------------------------------
                 Wall time: 2.52603e+00 sec 
============================================================


============================================================
                Applying Helmholtz operators
------------------------------------------------------------
 Orb    RealNorm   Nodes     ImagNorm   Nodes     Timing
------------------------------------------------------------
  0    1.00000e+00  1112    0.00000e+00     0   1.37407e+02
  4    9.99999e-01  1192    0.00000e+00     0   1.47603e+02
------------------------------------------------------------
                 Wall time: 2.85028e+02 sec 
============================================================


============================================================
                 Lowdin orthonormalization
------------------------------------------------------------
 Computing Lowdin matrix                        6.27525e+01
 Rotating orbitals                              2.24629e+00
------------------------------------------------------------
                 Wall time: 6.49989e+01 sec 
============================================================


============================================================
               Iterative subspace accelerator
------------------------------------------------------------
 Push back orbitals                             1.03413e-01
 Setup linear system                            2.47448e+00
 Solve linear system                            1.01430e-05
 Expand solution                                2.31317e+00
------------------------------------------------------------
                 Wall time: 4.89120e+00 sec 
============================================================


============================================================
                 Lowdin orthonormalization
------------------------------------------------------------
 Computing Lowdin matrix                        9.12757e-01
 Rotating orbitals                              2.00749e+00
------------------------------------------------------------
                 Wall time: 2.92033e+00 sec 
============================================================


============================================================
                  Setting up Fock operator
------------------------------------------------------------
 Precision                                      1.00000e-07
------------------------------------------------------------
 Coulomb density                      1688      2.64882e+00
 Coulomb potential                     712      7.61511e+01
 Allreduce potential                   680      2.27972e-01
 XC total density                     1832      3.91806e+00
 XC evaluate xcfun                    9160      2.99365e+01
 XC energy                            1832      1.80079e-04
 XC potential                         1832      1.09435e+00
------------------------------------------------------------
                 Wall time: 1.14708e+02 sec 
============================================================


============================================================
                  Calculating Fock matrix
------------------------------------------------------------
 Kinetic part                         1.024494069300000e+01
 Potential part                       3.652338814300000e+01
------------------------------------------------------------
                 Wall time: 4.67684e+01 sec 
============================================================


============================================================
                          Orbitals
------------------------------------------------------------
 Orb    F(i,i)        Error         nNodes  Spin  Occ  Done 
------------------------------------------------------------
  0  -1.40496e+01   8.84456e-08       1080    p    2    1
  1  -1.40493e+01   1.06627e-07          0    p    2    1
  2  -9.54126e-01   2.33243e-07          0    p    2    1
  3  -6.27613e-01   7.70926e-07          0    p    2    1
  4  -5.17677e-01   1.49900e-06       1192    p    2    0
  5  -3.67771e-01   9.95050e-07          0    p    2    1
  6  -3.37058e-01   9.12703e-07          0    p    2    1
  7  -2.15361e-01   1.20890e-06          0    p    2    0
------------------------------------------------------------
 Total error:                            2.48988e-06    0
============================================================


============================================================
                    Energy                 Update      Done 
------------------------------------------------------------
 Orbital      -6.223711162953218e+01    -9.14257e-06    1
 Kinetic       1.101642495961555e+02    -3.52380e-06    1
 N-E          -3.228931582884247e+02     1.18753e-05    1
 Coulomb       8.445721819732159e+01    -9.48258e-06    1
 Exchange      0.000000000000000e+00     0.00000e+00    1
 X-C          -1.433856954087754e+01     1.13017e-06    1
------------------------------------------------------------
 Electronic   -1.426097280338210e+02    -8.48388e-11    1
 Nuclear       3.204320240983880e+01     0.00000e+00    1
------------------------------------------------------------
 Total        -1.105665256239822e+02    -8.48388e-11    1
============================================================


################ Wall time: 5.59158e+02 sec ################




####################### SCF cycle 12 #######################


============================================================
 Current precision                              1.00000e-07
------------------------------------------------------------
 Orbital threshold                              1.00000e-06
 Property threshold                            -1.00000e+00
============================================================


============================================================
                   Calculating SCF energy
------------------------------------------------------------
 Nuclear energy                       3.204320240983880e+01
 Electronic energy                   -1.426097280338454e+02
------------------------------------------------------------
 Total energy                        -1.105665256240066e+02
------------------------------------------------------------
                 Wall time: 3.77906e+01 sec 
============================================================


============================================================
                Rotating Helmholtz argument
------------------------------------------------------------
 Rotating orbitals                              2.53898e+00
------------------------------------------------------------
                 Wall time: 2.53907e+00 sec 
============================================================


============================================================
                Applying Helmholtz operators
------------------------------------------------------------
 Orb    RealNorm   Nodes     ImagNorm   Nodes     Timing
------------------------------------------------------------
  0    1.00000e+00  1112    0.00000e+00     0   1.37500e+02
  4    1.00000e+00  1192    0.00000e+00     0   1.51672e+02
------------------------------------------------------------
                 Wall time: 2.89190e+02 sec 
============================================================


============================================================
                 Lowdin orthonormalization
------------------------------------------------------------
 Computing Lowdin matrix                        7.15401e+01
 Rotating orbitals                              2.26320e+00
------------------------------------------------------------
                 Wall time: 7.38034e+01 sec 
============================================================


============================================================
               Iterative subspace accelerator
------------------------------------------------------------
 Push back orbitals                             5.25273e-02
 Setup linear system                            2.27410e+00
 Solve linear system                            1.05220e-05
 Expand solution                                2.32381e+00
------------------------------------------------------------
                 Wall time: 4.65058e+00 sec 
============================================================


============================================================
                 Lowdin orthonormalization
------------------------------------------------------------
 Computing Lowdin matrix                        9.25079e-01
 Rotating orbitals                              2.02516e+00
------------------------------------------------------------
                 Wall time: 2.95031e+00 sec 
============================================================


============================================================
                  Setting up Fock operator
------------------------------------------------------------
 Precision                                      1.00000e-07
------------------------------------------------------------
 Coulomb density                      1688      2.53915e+00
 Coulomb potential                     712      7.66723e+01
 Allreduce potential                   680      2.30515e-01
 XC total density                     1832      3.88860e+00
 XC evaluate xcfun                    9160      3.02793e+01
 XC energy                            1832      1.81329e-04
 XC potential                         1832      1.10870e+00
------------------------------------------------------------
                 Wall time: 1.15443e+02 sec 
============================================================


============================================================
                  Calculating Fock matrix
------------------------------------------------------------
 Kinetic part                         9.987160922999999e+00
 Potential part                       3.712871814600000e+01
------------------------------------------------------------
                 Wall time: 4.71160e+01 sec 
============================================================


============================================================
                          Orbitals
------------------------------------------------------------
 Orb    F(i,i)        Error         nNodes  Spin  Occ  Done 
------------------------------------------------------------
  0  -1.40496e+01   3.20652e-08       1080    p    2    1
  1  -1.40493e+01   4.06651e-08          0    p    2    1
  2  -9.54126e-01   1.63952e-07          0    p    2    1
  3  -6.27613e-01   2.70398e-07          0    p    2    1
  4  -5.17677e-01   7.53696e-07       1192    p    2    1
  5  -3.67771e-01   9.02136e-07          0    p    2    1
  6  -3.37058e-01   5.74218e-07          0    p    2    1
  7  -2.15361e-01   4.35686e-07          0    p    2    1
------------------------------------------------------------
 Total error:                            1.41567e-06    1
============================================================


============================================================
                    Energy                 Update      Done 
------------------------------------------------------------
 Orbital      -6.223710580196756e+01     5.82756e-06    1
 Kinetic       1.101642535098311e+02     3.91368e-06    1
 N-E          -3.228931677977205e+02    -9.50930e-06    1
 Coulomb       8.445722416068776e+01     5.96337e-06    1
 Exchange      0.000000000000000e+00     0.00000e+00    1
 X-C          -1.433856990705218e+01    -3.66175e-07    1
------------------------------------------------------------
 Electronic   -1.426097280338454e+02    -2.43574e-11    1
 Nuclear       3.204320240983880e+01     0.00000e+00    1
------------------------------------------------------------
 Total        -1.105665256240066e+02    -2.43574e-11    1
============================================================


################ Wall time: 5.73987e+02 sec ################


============================================================
                      Convergence rate
------------------------------------------------------------
Iter    OrbError       Property                   Update  
------------------------------------------------------------
  1    2.47463e-03    -1.105665150166694e+02   -1.10567e+02
  2    5.34937e-04    -1.105665246755767e+02   -9.65891e-06
  3    2.97850e-04    -1.105665252862780e+02   -6.10701e-07
  4    1.82154e-04    -1.105665255079750e+02   -2.21697e-07
  5    7.52537e-05    -1.105665255946072e+02   -8.66322e-08
  6    3.98681e-05    -1.105665256144083e+02   -1.98011e-08
  7    3.33192e-05    -1.105665256202115e+02   -5.80323e-09
  8    1.50899e-05    -1.105665256228998e+02   -2.68827e-09
  9    8.41766e-06    -1.105665256236620e+02   -7.62242e-10
 10    5.68159e-06    -1.105665256238974e+02   -2.35389e-10
 11    2.48988e-06    -1.105665256239822e+02   -8.48388e-11
 12    1.41567e-06    -1.105665256240066e+02   -2.43574e-11
------------------------------------------------------------
                      SCF converged!!!                      
============================================================


============================================================
                  Digonalizing Fock matrix
------------------------------------------------------------
 Computing Lowdin matrix                        5.22746e-01
 Diagonalizing matrix                           1.63910e-05
 Rotating orbitals                              2.90043e+00
------------------------------------------------------------
                 Wall time: 3.42327e+00 sec 
============================================================


============================================================
                  Setting up Fock operator
------------------------------------------------------------
 Precision                                      1.00000e-07
------------------------------------------------------------
 Coulomb density                      1896      2.69810e+00
 Coulomb potential                     712      6.89167e+01
 Allreduce potential                   680      2.10942e-01
 XC total density                     1912      3.57585e+00
 XC evaluate xcfun                    9560      3.07782e+01
 XC energy                            1912      1.57426e-04
 XC potential                         1912      8.83842e-01
------------------------------------------------------------
                 Wall time: 1.07738e+02 sec 
============================================================


============================================================
                   Calculating SCF energy
------------------------------------------------------------
------------------------------------------------------------
                 Wall time: 3.72652e+01 sec 
============================================================


============================================================
                 Calculating dipole moment
------------------------------------------------------------
------------------------------------------------------------
                 Wall time: 1.33913e+01 sec 
============================================================


============================================================
                        Fock matrix
------------------------------------------------------------
-1.40496e+01  0.00000e+00  0.00000e+00  0.00000e+00  0.00000e+00  0.00000e+00  0.00000e+00  0.00000e+00
 0.00000e+00 -1.40493e+01  0.00000e+00  0.00000e+00  0.00000e+00  0.00000e+00  0.00000e+00  0.00000e+00
 0.00000e+00  0.00000e+00 -9.54126e-01  0.00000e+00  0.00000e+00  0.00000e+00  0.00000e+00  0.00000e+00
 0.00000e+00  0.00000e+00  0.00000e+00 -6.27613e-01  0.00000e+00  0.00000e+00  0.00000e+00  0.00000e+00
 0.00000e+00  0.00000e+00  0.00000e+00  0.00000e+00 -5.17677e-01  0.00000e+00  0.00000e+00  0.00000e+00
 0.00000e+00  0.00000e+00  0.00000e+00  0.00000e+00  0.00000e+00 -3.67771e-01  0.00000e+00  0.00000e+00
 0.00000e+00  0.00000e+00  0.00000e+00  0.00000e+00  0.00000e+00  0.00000e+00 -3.37058e-01  0.00000e+00
 0.00000e+00  0.00000e+00  0.00000e+00  0.00000e+00  0.00000e+00  0.00000e+00  0.00000e+00 -2.15361e-01
============================================================


============================================================
                      Orbital energies
------------------------------------------------------------
    n  spin  occ                            epsilon  
------------------------------------------------------------
    0    p    2                      -1.404962353471391e+01
    1    p    2                      -1.404932326309745e+01
    2    p    2                      -9.541262908876725e-01
    3    p    2                      -6.276128949901865e-01
    4    p    2                      -5.176770794766604e-01
    5    p    2                      -3.677711087743386e-01
    6    p    2                      -3.370580040900219e-01
    7    p    2                      -2.153608556028327e-01
============================================================


============================================================
                          Molecule
------------------------------------------------------------
 Nr  Element             x             y             z      
------------------------------------------------------------
  1     N           0.00000e+00   0.00000e+00   0.00000e+00
  2     H           0.00000e+00   0.00000e+00   1.95356e+00
  3     N           2.20145e+00   0.00000e+00  -8.68814e-01
  4     H           3.53561e+00   0.00000e+00   5.58208e-01
------------------------------------------------------------
 Center of mass:    1.14551e+00   0.00000e+00  -3.20937e-01
============================================================


                                                            
============================================================
                         SCF Energy                         
------------------------------------------------------------
                                                            
 Sum orbital energy:                 -6.223710606326613e+01
 Kinetic energy:                      1.101642522220120e+02
 E-N energy:                         -3.228931664745087e+02
 Coulomb energy:                      8.445722382277617e+01
 Exchange energy:                     0.000000000000000e+00
 X-C energy:                         -1.433856960754142e+01
 El. external field energy:           5.319980383990213e-04
 Nuc. external field energy:         -1.565064030511112e-03
                                                            
------------------------------------------------------------
                                                            
 Electronic energy:                  -1.426097280392235e+02
 Nuclear energy:                      3.204320240983880e+01
                                                            
------------------------------------------------------------
                                                            
 Total energy       (au)             -1.105665256293847e+02
                    (kJ/mol)         -2.902923710246697e+05
                    (kcal/mol)       -6.938154178687008e+04
                    (eV)             -3.008668302541880e+03
                                                            
============================================================
                                                            

                                                            
============================================================
                         Dipole moment                      
------------------------------------------------------------
                                                            
 Length of vector:   (au)                  1.1068440316e+00
                     (Debye)               2.8133166457e+00
                                                            
-------------------------- Total ---------------------------
                                                            
 [ 3.9733910736e-01, -1.0513048472e-11,  1.0330659921e+00] 
                                                            
------------------------- Nuclear --------------------------
                                                            
 [ 6.1765994236e-01, -1.0623837088e-11,  1.5650640305e+00] 
                                                            
------------------------ Electronic ------------------------
                                                            
 [-2.2032083500e-01,  1.1078861628e-13, -5.3199803840e-01] 
                                                            
============================================================
                                                            



************************************************************
***                                                      ***
***                    Exiting MRChem                    ***
***                                                      ***
***               Wall time: 6.736451e+03                ***
***                                                      ***
************************************************************


