


************************************************************
***     __  __ ____   ____ _                             ***
***    |  \/  |  _ \ / ___| |__   ___ _ __ ___           ***
***    | |\/| | |_) | |   | '_ \ / _ \ '_ ` _ \          ***
***    | |  | |  _ <| |___| | | |  __/ | | | | |         ***
***    |_|  |_|_| \_\\____|_| |_|\___|_| |_| |_|         ***
***                                                      ***
***    VERSION 0.0.1 (rev. 1c6f79f)                     ***
***                                                      ***
***    Stig Rune Jensen <stig.r.jensen@uit.no>           ***
***    Luca Frediani    <luca.frediani@uit.no>           ***
***    Peter Wind       <peter.wind@uit.no>              ***
***                                                      ***
************************************************************


+++ Parallel execution: 
  MPI hosts available     : 4
  Threads/host            : 2
  Total used CPUs         : 8


------------------------------------------------------------

 MRCPP version   : X.Y.Z
 Git revision    : bbc2aed

 Linear algebra  : EIGEN
 Parallelization : MPI/OpenMP

------------------------------------------------------------




============================================================
                  MultiResolution Analysis                  
------------------------------------------------------------
 polynomial order = 11
 polynomial type  = Interpolating
------------------------------------------------------------
 total boxes      = 8
 boxes            = [           2           2           2 ]
 unit lengths     = [    32.00000    32.00000    32.00000 ]
 scaling factor   = [     1.00000     1.00000     1.00000 ]
 lower bounds     = [   -32.00000   -32.00000   -32.00000 ]
 upper bounds     = [    32.00000    32.00000    32.00000 ]
 total length     = [    64.00000    64.00000    64.00000 ]
============================================================


============================================================
                          Molecule
------------------------------------------------------------
 Nr  Element             x             y             z      
------------------------------------------------------------
  1     N           0.00000e+00   1.36627e+00  -2.12216e-01
  2     N           0.00000e+00  -1.36627e+00  -2.12216e-01
  3     H          -8.44708e-01   1.89558e+00   1.42901e+00
  4     H           8.44708e-01  -1.89558e+00   1.42901e+00
  5     H           1.82604e+00   1.89558e+00   5.68808e-02
  6     H          -1.82604e+00  -1.89558e+00   5.68808e-02
------------------------------------------------------------
 Center of mass:    0.00000e+00   0.00000e+00  -9.20429e-02
============================================================


============================================================
                Setting up nuclear potential
------------------------------------------------------------
 Nr  Element         Charge        Precision     Smoothing 
------------------------------------------------------------
  1     N           7.00000e+00   1.00000e-07   2.95801e-05
  2     N           7.00000e+00   1.00000e-07   2.95801e-05
  3     H           1.00000e+00   1.00000e-07   7.57698e-04
  4     H           1.00000e+00   1.00000e-07   7.57698e-04
  5     H           1.00000e+00   1.00000e-07   7.57698e-04
  6     H           1.00000e+00   1.00000e-07   7.57698e-04
------------------------------------------------------------
 Nuclear potential                    1928      2.89628e+00
 Allreduce potential                  4072      1.73484e+00
------------------------------------------------------------
                 Wall time: 4.63125e+00 sec 
============================================================


============================================================
 OrbitalVector:   9 orbitals     9 occupied    18 electrons
------------------------------------------------------------
   n  RankID           Norm          Spin Occ      Error    
------------------------------------------------------------
   0     0       1.000000000000e+00    p   2    1.00000e+00
   1     1      -1.000000000000e+00    p   2    1.00000e+00
   2     2      -1.000000000000e+00    p   2    1.00000e+00
   3     3      -1.000000000000e+00    p   2    1.00000e+00
   4     0       1.000000000000e+00    p   2    1.00000e+00
   5     1      -1.000000000000e+00    p   2    1.00000e+00
   6     2      -1.000000000000e+00    p   2    1.00000e+00
   7     3      -1.000000000000e+00    p   2    1.00000e+00
   8     0       1.000000000000e+00    p   2    1.00000e+00
============================================================


============================================================
                  Setting up Fock operator
------------------------------------------------------------
 Precision                                      1.00000e-07
------------------------------------------------------------
 Coulomb density                      2136      4.63646e+00
 Coulomb potential                     664      6.41099e+01
 Allreduce potential                   632      1.98542e-01
 XC total density                     2168      5.41848e+00
 XC evaluate xcfun                   10840      3.52628e+01
 XC energy                            2168      1.70131e-04
 XC potential                         2168      1.10928e+00
------------------------------------------------------------
                 Wall time: 1.11542e+02 sec 
============================================================


============================================================
                  Calculating Fock matrix
------------------------------------------------------------
 Kinetic part                         1.451459747700000e+01
 Potential part                       5.230254888500000e+01
------------------------------------------------------------
                 Wall time: 6.68173e+01 sec 
============================================================




####################### SCF cycle  1 #######################


============================================================
 Current precision                              1.00000e-07
------------------------------------------------------------
 Orbital threshold                              1.00000e-06
 Property threshold                            -1.00000e+00
============================================================


============================================================
                  Digonalizing Fock matrix
------------------------------------------------------------
 Computing Lowdin matrix                        9.73210e-01
 Diagonalizing matrix                           2.34030e-05
 Rotating orbitals                              3.15318e+00
------------------------------------------------------------
                 Wall time: 4.12649e+00 sec 
============================================================


============================================================
                   Calculating SCF energy
------------------------------------------------------------
 Nuclear energy                       4.156198914746620e+01
 Electronic energy                   -1.533508036589654e+02
------------------------------------------------------------
 Total energy                        -1.117888145114992e+02
------------------------------------------------------------
                 Wall time: 3.85361e+01 sec 
============================================================


============================================================
                Rotating Helmholtz argument
------------------------------------------------------------
 Rotating orbitals                              1.01818e+00
------------------------------------------------------------
                 Wall time: 1.01827e+00 sec 
============================================================


============================================================
                Applying Helmholtz operators
------------------------------------------------------------
 Orb    RealNorm   Nodes     ImagNorm   Nodes     Timing
------------------------------------------------------------
  0    1.00000e+00  1000    0.00000e+00     0   9.83463e+01
  4    9.99953e-01  1272    0.00000e+00     0   1.31611e+02
  8    1.00006e+00  1224    0.00000e+00     0   1.30559e+02
------------------------------------------------------------
                 Wall time: 3.60548e+02 sec 
============================================================


============================================================
                 Lowdin orthonormalization
------------------------------------------------------------
 Computing Lowdin matrix                        6.26628e-01
 Rotating orbitals                              2.94829e+00
------------------------------------------------------------
                 Wall time: 3.57501e+00 sec 
============================================================


============================================================
               Iterative subspace accelerator
------------------------------------------------------------
 Push back orbitals                             3.97430e-05
 Copy orbitals                                  1.75131e-01
 Copy orbital updates                           1.71577e-01
------------------------------------------------------------
                 Wall time: 3.46875e-01 sec 
============================================================


============================================================
                 Lowdin orthonormalization
------------------------------------------------------------
 Computing Lowdin matrix                        6.90395e-01
 Rotating orbitals                              1.39143e+00
------------------------------------------------------------
                 Wall time: 2.08191e+00 sec 
============================================================


============================================================
                  Setting up Fock operator
------------------------------------------------------------
 Precision                                      1.00000e-07
------------------------------------------------------------
 Coulomb density                      1896      3.77369e+00
 Coulomb potential                     664      6.78504e+01
 Allreduce potential                   632      2.02422e-01
 XC total density                     1976      4.40248e+00
 XC evaluate xcfun                    9880      3.25274e+01
 XC energy                            1976      1.69510e-04
 XC potential                         1976      9.74890e-01
------------------------------------------------------------
                 Wall time: 1.10409e+02 sec 
============================================================


============================================================
                  Calculating Fock matrix
------------------------------------------------------------
 Kinetic part                         1.090025527200000e+01
 Potential part                       4.220101698800000e+01
------------------------------------------------------------
                 Wall time: 5.31014e+01 sec 
============================================================


============================================================
                          Orbitals
------------------------------------------------------------
 Orb    F(i,i)        Error         nNodes  Spin  Occ  Done 
------------------------------------------------------------
  0  -1.39958e+01   1.41501e-05        968    p    2    0
  1  -1.39958e+01   8.02449e-06          0    p    2    0
  2  -8.79808e-01   2.37043e-04          0    p    2    0
  3  -6.84608e-01   2.79789e-04          0    p    2    0
  4  -4.61113e-01   7.49261e-04       1272    p    2    0
  5  -4.42321e-01   1.00163e-03          0    p    2    0
  6  -3.90974e-01   8.11097e-04          0    p    2    0
  7  -2.52621e-01   1.54924e-03          0    p    2    0
  8  -1.94739e-01   1.94080e-03       1224    p    2    0
------------------------------------------------------------
 Total error:                            2.91961e-03    0
============================================================


============================================================
                    Energy                 Update      Done 
------------------------------------------------------------
 Orbital      -6.259846996278017e+01    -6.25985e+01    1
 Kinetic       1.114234565254312e+02     1.11423e+02    1
 N-E          -3.446910987011698e+02    -3.44691e+02    1
 Coulomb       9.508359719497196e+01     9.50836e+01    1
 Exchange      0.000000000000000e+00     0.00000e+00    1
 X-C          -1.516737885435149e+01    -1.51674e+01    1
------------------------------------------------------------
 Electronic   -1.533508036589654e+02    -1.53351e+02    1
 Nuclear       4.156198914746620e+01     4.15620e+01    1
------------------------------------------------------------
 Total        -1.117888145114992e+02    -1.11789e+02    1
============================================================


################ Wall time: 5.74134e+02 sec ################




####################### SCF cycle  2 #######################


============================================================
 Current precision                              1.00000e-07
------------------------------------------------------------
 Orbital threshold                              1.00000e-06
 Property threshold                            -1.00000e+00
============================================================


============================================================
                  Digonalizing Fock matrix
------------------------------------------------------------
 Computing Lowdin matrix                        6.78310e-01
 Diagonalizing matrix                           2.09890e-05
 Rotating orbitals                              2.89633e+00
------------------------------------------------------------
                 Wall time: 3.57475e+00 sec 
============================================================


============================================================
                   Calculating SCF energy
------------------------------------------------------------
 Nuclear energy                       4.156198914746620e+01
 Electronic energy                   -1.533508148443218e+02
------------------------------------------------------------
 Total energy                        -1.117888256968556e+02
------------------------------------------------------------
                 Wall time: 3.90369e+01 sec 
============================================================


============================================================
                Rotating Helmholtz argument
------------------------------------------------------------
 Rotating orbitals                              1.01264e+00
------------------------------------------------------------
                 Wall time: 1.01273e+00 sec 
============================================================


============================================================
                Applying Helmholtz operators
------------------------------------------------------------
 Orb    RealNorm   Nodes     ImagNorm   Nodes     Timing
------------------------------------------------------------
  0    1.00000e+00  1000    0.00000e+00     0   9.79597e+01
  4    9.99988e-01  1272    0.00000e+00     0   1.32466e+02
  8    1.00001e+00  1224    0.00000e+00     0   1.28774e+02
------------------------------------------------------------
                 Wall time: 3.59221e+02 sec 
============================================================


============================================================
                 Lowdin orthonormalization
------------------------------------------------------------
 Computing Lowdin matrix                        6.31685e-01
 Rotating orbitals                              2.89012e+00
------------------------------------------------------------
                 Wall time: 3.52189e+00 sec 
============================================================


============================================================
               Iterative subspace accelerator
------------------------------------------------------------
 Push back orbitals                             3.52940e-05
 Copy orbitals                                  1.68547e-01
 Copy orbital updates                           1.72366e-01
------------------------------------------------------------
                 Wall time: 3.41061e-01 sec 
============================================================


============================================================
                 Lowdin orthonormalization
------------------------------------------------------------
 Computing Lowdin matrix                        6.83663e-01
 Rotating orbitals                              1.39021e+00
------------------------------------------------------------
                 Wall time: 2.07395e+00 sec 
============================================================


============================================================
                  Setting up Fock operator
------------------------------------------------------------
 Precision                                      1.00000e-07
------------------------------------------------------------
 Coulomb density                      1896      3.84834e+00
 Coulomb potential                     664      6.82466e+01
 Allreduce potential                   632      1.96721e-01
 XC total density                     1976      4.43743e+00
 XC evaluate xcfun                    9880      3.20074e+01
 XC energy                            1976      1.61344e-04
 XC potential                         1976      9.65403e-01
------------------------------------------------------------
                 Wall time: 1.10391e+02 sec 
============================================================


============================================================
                  Calculating Fock matrix
------------------------------------------------------------
 Kinetic part                         1.125044980000000e+01
 Potential part                       4.183624590400000e+01
------------------------------------------------------------
                 Wall time: 5.30868e+01 sec 
============================================================


============================================================
                          Orbitals
------------------------------------------------------------
 Orb    F(i,i)        Error         nNodes  Spin  Occ  Done 
------------------------------------------------------------
  0  -1.39959e+01   4.11712e-06        968    p    2    0
  1  -1.39958e+01   4.31539e-06          0    p    2    0
  2  -8.79822e-01   8.21214e-05          0    p    2    0
  3  -6.84616e-01   1.00859e-04          0    p    2    0
  4  -4.61128e-01   7.94619e-05       1272    p    2    0
  5  -4.42349e-01   1.22450e-04          0    p    2    0
  6  -3.90983e-01   9.86757e-05          0    p    2    0
  7  -2.52637e-01   1.85435e-04          0    p    2    0
  8  -1.94762e-01   3.98305e-04       1224    p    2    0
------------------------------------------------------------
 Total error:                            4.90948e-04    0
============================================================


============================================================
                    Energy                 Update      Done 
------------------------------------------------------------
 Orbital      -6.259562241118189e+01     2.84755e-03    1
 Kinetic       1.114227507288372e+02    -7.05797e-04    1
 N-E          -3.446931712897693e+02    -2.07259e-03    1
 Coulomb       9.508649611091586e+01     2.89892e-03    1
 Exchange      0.000000000000000e+00     0.00000e+00    1
 X-C          -1.516749000579961e+01    -1.11151e-04    1
------------------------------------------------------------
 Electronic   -1.533508148443218e+02    -1.11854e-05    1
 Nuclear       4.156198914746620e+01     0.00000e+00    1
------------------------------------------------------------
 Total        -1.117888256968556e+02    -1.11854e-05    1
============================================================


################ Wall time: 5.72679e+02 sec ################




####################### SCF cycle  3 #######################


============================================================
 Current precision                              1.00000e-07
------------------------------------------------------------
 Orbital threshold                              1.00000e-06
 Property threshold                            -1.00000e+00
============================================================


============================================================
                   Calculating SCF energy
------------------------------------------------------------
 Nuclear energy                       4.156198914746620e+01
 Electronic energy                   -1.533508152418088e+02
------------------------------------------------------------
 Total energy                        -1.117888260943427e+02
------------------------------------------------------------
                 Wall time: 4.34133e+01 sec 
============================================================


============================================================
                Rotating Helmholtz argument
------------------------------------------------------------
 Rotating orbitals                              2.96840e+00
------------------------------------------------------------
                 Wall time: 2.96849e+00 sec 
============================================================


============================================================
                Applying Helmholtz operators
------------------------------------------------------------
 Orb    RealNorm   Nodes     ImagNorm   Nodes     Timing
------------------------------------------------------------
  0    1.00000e+00  1000    0.00000e+00     0   1.02766e+02
  4    9.99991e-01  1272    0.00000e+00     0   1.39458e+02
  8    9.99980e-01  1224    0.00000e+00     0   1.36450e+02
------------------------------------------------------------
                 Wall time: 3.78697e+02 sec 
============================================================


============================================================
                 Lowdin orthonormalization
------------------------------------------------------------
 Computing Lowdin matrix                        6.25340e-01
 Rotating orbitals                              2.98066e+00
------------------------------------------------------------
                 Wall time: 3.60609e+00 sec 
============================================================


============================================================
               Iterative subspace accelerator
------------------------------------------------------------
 Push back orbitals                             3.68490e-05
 Setup linear system                            4.88489e-01
 Solve linear system                            1.16660e-05
 Expand solution                                1.49207e+00
------------------------------------------------------------
                 Wall time: 1.98074e+00 sec 
============================================================


============================================================
                 Lowdin orthonormalization
------------------------------------------------------------
 Computing Lowdin matrix                        1.08899e+00
 Rotating orbitals                              2.77624e+00
------------------------------------------------------------
                 Wall time: 3.86532e+00 sec 
============================================================


============================================================
                  Setting up Fock operator
------------------------------------------------------------
 Precision                                      1.00000e-07
------------------------------------------------------------
 Coulomb density                      1896      4.05594e+00
 Coulomb potential                     664      7.09205e+01
 Allreduce potential                   632      2.06993e-01
 XC total density                     1976      4.62774e+00
 XC evaluate xcfun                    9880      3.27347e+01
 XC energy                            1976      1.83191e-04
 XC potential                         1976      1.09115e+00
------------------------------------------------------------
                 Wall time: 1.14379e+02 sec 
============================================================


============================================================
                  Calculating Fock matrix
------------------------------------------------------------
 Kinetic part                         1.124969216800000e+01
 Potential part                       4.287775639800000e+01
------------------------------------------------------------
                 Wall time: 5.41276e+01 sec 
============================================================


============================================================
                          Orbitals
------------------------------------------------------------
 Orb    F(i,i)        Error         nNodes  Spin  Occ  Done 
------------------------------------------------------------
  0  -1.39958e+01   3.10967e-06        968    p    2    0
  1  -1.39957e+01   4.05433e-06          0    p    2    0
  2  -8.79779e-01   1.70829e-05          0    p    2    0
  3  -6.84582e-01   3.67893e-05          0    p    2    0
  4  -4.61099e-01   4.18195e-05       1272    p    2    0
  5  -4.42316e-01   6.62089e-05          0    p    2    0
  6  -3.90947e-01   4.45242e-05          0    p    2    0
  7  -2.52597e-01   5.13009e-05          0    p    2    0
  8  -1.94724e-01   1.93124e-04       1224    p    2    0
------------------------------------------------------------
 Total error:                            2.22969e-04    0
============================================================


============================================================
                    Energy                 Update      Done 
------------------------------------------------------------
 Orbital      -6.259598986026422e+01    -3.67449e-04    1
 Kinetic       1.114220892876110e+02    -6.61441e-04    1
 N-E          -3.446922006093602e+02     9.70680e-04    1
 Coulomb       9.508610661475085e+01    -3.89496e-04    1
 Exchange      0.000000000000000e+00     0.00000e+00    1
 X-C          -1.516740831656693e+01     8.16892e-05    1
------------------------------------------------------------
 Electronic   -1.533508152418088e+02    -3.97487e-07    1
 Nuclear       4.156198914746620e+01     0.00000e+00    1
------------------------------------------------------------
 Total        -1.117888260943427e+02    -3.97487e-07    1
============================================================


################ Wall time: 6.03699e+02 sec ################




####################### SCF cycle  4 #######################


============================================================
 Current precision                              1.00000e-07
------------------------------------------------------------
 Orbital threshold                              1.00000e-06
 Property threshold                            -1.00000e+00
============================================================


============================================================
                   Calculating SCF energy
------------------------------------------------------------
 Nuclear energy                       4.156198914746620e+01
 Electronic energy                   -1.533508153404470e+02
------------------------------------------------------------
 Total energy                        -1.117888261929808e+02
------------------------------------------------------------
                 Wall time: 4.26098e+01 sec 
============================================================


============================================================
                Rotating Helmholtz argument
------------------------------------------------------------
 Rotating orbitals                              2.99588e+00
------------------------------------------------------------
                 Wall time: 2.99598e+00 sec 
============================================================


============================================================
                Applying Helmholtz operators
------------------------------------------------------------
 Orb    RealNorm   Nodes     ImagNorm   Nodes     Timing
------------------------------------------------------------
  0    1.00000e+00  1000    0.00000e+00     0   1.09516e+02
  4    1.00000e+00  1272    0.00000e+00     0   1.38429e+02
  8    9.99996e-01  1224    0.00000e+00     0   1.39074e+02
------------------------------------------------------------
                 Wall time: 3.87104e+02 sec 
============================================================


============================================================
                 Lowdin orthonormalization
------------------------------------------------------------
 Computing Lowdin matrix                        6.26475e-01
 Rotating orbitals                              3.04581e+00
------------------------------------------------------------
                 Wall time: 3.67238e+00 sec 
============================================================


============================================================
               Iterative subspace accelerator
------------------------------------------------------------
 Push back orbitals                             4.29359e-02
 Setup linear system                            1.45645e+00
 Solve linear system                            1.54240e-05
 Expand solution                                2.44501e+00
------------------------------------------------------------
                 Wall time: 3.94458e+00 sec 
============================================================


============================================================
                 Lowdin orthonormalization
------------------------------------------------------------
 Computing Lowdin matrix                        1.04385e+00
 Rotating orbitals                              2.74361e+00
------------------------------------------------------------
                 Wall time: 3.78755e+00 sec 
============================================================


============================================================
                  Setting up Fock operator
------------------------------------------------------------
 Precision                                      1.00000e-07
------------------------------------------------------------
 Coulomb density                      1896      4.10918e+00
 Coulomb potential                     664      7.27986e+01
 Allreduce potential                   632      2.05252e-01
 XC total density                     1976      4.67194e+00
 XC evaluate xcfun                    9880      3.30382e+01
 XC energy                            1976      1.66985e-04
 XC potential                         1976      1.09698e+00
------------------------------------------------------------
                 Wall time: 1.16654e+02 sec 
============================================================


============================================================
                  Calculating Fock matrix
------------------------------------------------------------
 Kinetic part                         1.152815972800000e+01
 Potential part                       4.416467437200000e+01
------------------------------------------------------------
                 Wall time: 5.56930e+01 sec 
============================================================


============================================================
                          Orbitals
------------------------------------------------------------
 Orb    F(i,i)        Error         nNodes  Spin  Occ  Done 
------------------------------------------------------------
  0  -1.39958e+01   1.88179e-06        968    p    2    0
  1  -1.39958e+01   3.48071e-06          0    p    2    0
  2  -8.79804e-01   1.23552e-05          0    p    2    0
  3  -6.84602e-01   2.20934e-05          0    p    2    0
  4  -4.61120e-01   2.17752e-05       1272    p    2    0
  5  -4.42341e-01   2.25118e-05          0    p    2    0
  6  -3.90965e-01   2.62140e-05          0    p    2    0
  7  -2.52618e-01   3.35459e-05          0    p    2    0
  8  -1.94745e-01   7.75571e-05       1224    p    2    0
------------------------------------------------------------
 Total error:                            9.72881e-05    0
============================================================


============================================================
                    Energy                 Update      Done 
------------------------------------------------------------
 Orbital      -6.259513088512469e+01     8.58975e-04    1
 Kinetic       1.114223489634224e+02     2.59676e-04    1
 N-E          -3.446932768885524e+02    -1.07628e-03    1
 Coulomb       9.508698753573162e+01     8.80921e-04    1
 Exchange      0.000000000000000e+00     0.00000e+00    1
 X-C          -1.516747190669256e+01    -6.35901e-05    1
------------------------------------------------------------
 Electronic   -1.533508153404470e+02    -9.86381e-08    1
 Nuclear       4.156198914746620e+01     0.00000e+00    1
------------------------------------------------------------
 Total        -1.117888261929808e+02    -9.86381e-08    1
============================================================


################ Wall time: 6.17137e+02 sec ################




####################### SCF cycle  5 #######################


============================================================
 Current precision                              1.00000e-07
------------------------------------------------------------
 Orbital threshold                              1.00000e-06
 Property threshold                            -1.00000e+00
============================================================


============================================================
                   Calculating SCF energy
------------------------------------------------------------
 Nuclear energy                       4.156198914746620e+01
 Electronic energy                   -1.533508153677210e+02
------------------------------------------------------------
 Total energy                        -1.117888262202548e+02
------------------------------------------------------------
                 Wall time: 4.52792e+01 sec 
============================================================


============================================================
                Rotating Helmholtz argument
------------------------------------------------------------
 Rotating orbitals                              3.10030e+00
------------------------------------------------------------
                 Wall time: 3.10039e+00 sec 
============================================================


============================================================
                Applying Helmholtz operators
------------------------------------------------------------
 Orb    RealNorm   Nodes     ImagNorm   Nodes     Timing
------------------------------------------------------------
  0    1.00000e+00  1000    0.00000e+00     0   1.06069e+02
  4    9.99997e-01  1272    0.00000e+00     0   1.40989e+02
  8    9.99986e-01  1224    0.00000e+00     0   1.37129e+02
------------------------------------------------------------
                 Wall time: 3.84226e+02 sec 
============================================================


============================================================
                 Lowdin orthonormalization
------------------------------------------------------------
 Computing Lowdin matrix                        6.28384e-01
 Rotating orbitals                              3.01952e+00
------------------------------------------------------------
                 Wall time: 3.64828e+00 sec 
============================================================


============================================================
               Iterative subspace accelerator
------------------------------------------------------------
 Push back orbitals                             4.30954e-02
 Setup linear system                            2.94357e+00
 Solve linear system                            1.07930e-05
 Expand solution                                3.51296e+00
------------------------------------------------------------
                 Wall time: 6.49980e+00 sec 
============================================================


============================================================
                 Lowdin orthonormalization
------------------------------------------------------------
 Computing Lowdin matrix                        1.07646e+00
 Rotating orbitals                              2.91252e+00
------------------------------------------------------------
                 Wall time: 3.98907e+00 sec 
============================================================


============================================================
                  Setting up Fock operator
------------------------------------------------------------
 Precision                                      1.00000e-07
------------------------------------------------------------
 Coulomb density                      1896      4.05678e+00
 Coulomb potential                     664      7.25539e+01
 Allreduce potential                   632      2.06724e-01
 XC total density                     1976      4.69407e+00
 XC evaluate xcfun                    9880      3.31999e+01
 XC energy                            1976      1.77792e-04
 XC potential                         1976      1.15533e+00
------------------------------------------------------------
                 Wall time: 1.16605e+02 sec 
============================================================


============================================================
                  Calculating Fock matrix
------------------------------------------------------------
 Kinetic part                         1.155715512300000e+01
 Potential part                       4.531628138400000e+01
------------------------------------------------------------
                 Wall time: 5.68736e+01 sec 
============================================================


============================================================
                          Orbitals
------------------------------------------------------------
 Orb    F(i,i)        Error         nNodes  Spin  Occ  Done 
------------------------------------------------------------
  0  -1.39958e+01   1.12134e-06        968    p    2    0
  1  -1.39957e+01   2.64605e-06          0    p    2    0
  2  -8.79784e-01   3.99551e-06          0    p    2    0
  3  -6.84587e-01   1.08029e-05          0    p    2    0
  4  -4.61107e-01   1.23352e-05       1272    p    2    0
  5  -4.42325e-01   1.61105e-05          0    p    2    0
  6  -3.90950e-01   1.18864e-05          0    p    2    0
  7  -2.52601e-01   1.49778e-05          0    p    2    0
  8  -1.94729e-01   5.67092e-05       1224    p    2    0
------------------------------------------------------------
 Total error:                            6.42976e-05    0
============================================================


============================================================
                    Energy                 Update      Done 
------------------------------------------------------------
 Orbital      -6.259558015018754e+01    -4.49265e-04    1
 Kinetic       1.114219543683928e+02    -3.94595e-04    1
 N-E          -3.446924809042208e+02     7.95984e-04    1
 Coulomb       9.508651876119146e+01    -4.68775e-04    1
 Exchange      0.000000000000000e+00     0.00000e+00    1
 X-C          -1.516740440915809e+01     6.74975e-05    1
------------------------------------------------------------
 Electronic   -1.533508153677210e+02    -2.72741e-08    1
 Nuclear       4.156198914746620e+01     0.00000e+00    1
------------------------------------------------------------
 Total        -1.117888262202548e+02    -2.72741e-08    1
============================================================


################ Wall time: 6.20940e+02 sec ################




####################### SCF cycle  6 #######################


============================================================
 Current precision                              1.00000e-07
------------------------------------------------------------
 Orbital threshold                              1.00000e-06
 Property threshold                            -1.00000e+00
============================================================


============================================================
                   Calculating SCF energy
------------------------------------------------------------
 Nuclear energy                       4.156198914746620e+01
 Electronic energy                   -1.533508153779724e+02
------------------------------------------------------------
 Total energy                        -1.117888262305062e+02
------------------------------------------------------------
                 Wall time: 4.71866e+01 sec 
============================================================


============================================================
                Rotating Helmholtz argument
------------------------------------------------------------
 Rotating orbitals                              3.12204e+00
------------------------------------------------------------
                 Wall time: 3.12213e+00 sec 
============================================================


============================================================
                Applying Helmholtz operators
------------------------------------------------------------
 Orb    RealNorm   Nodes     ImagNorm   Nodes     Timing
------------------------------------------------------------
  0    1.00000e+00  1000    0.00000e+00     0   1.12237e+02
  4    1.00000e+00  1272    0.00000e+00     0   1.46652e+02
  8    9.99997e-01  1224    0.00000e+00     0   1.41178e+02
------------------------------------------------------------
                 Wall time: 4.00093e+02 sec 
============================================================


============================================================
                 Lowdin orthonormalization
------------------------------------------------------------
 Computing Lowdin matrix                        6.29357e-01
 Rotating orbitals                              3.06400e+00
------------------------------------------------------------
                 Wall time: 3.69345e+00 sec 
============================================================


============================================================
               Iterative subspace accelerator
------------------------------------------------------------
 Push back orbitals                             5.51808e-02
 Setup linear system                            2.81383e+00
 Solve linear system                            1.02100e-05
 Expand solution                                3.46625e+00
------------------------------------------------------------
                 Wall time: 6.33544e+00 sec 
============================================================


============================================================
                 Lowdin orthonormalization
------------------------------------------------------------
 Computing Lowdin matrix                        1.12036e+00
 Rotating orbitals                              2.58223e+00
------------------------------------------------------------
                 Wall time: 3.70268e+00 sec 
============================================================


============================================================
                  Setting up Fock operator
------------------------------------------------------------
 Precision                                      1.00000e-07
------------------------------------------------------------
 Coulomb density                      1896      4.19991e+00
 Coulomb potential                     664      7.18498e+01
 Allreduce potential                   632      2.08174e-01
 XC total density                     1976      4.79849e+00
 XC evaluate xcfun                    9880      3.25967e+01
 XC energy                            1976      1.99765e-04
 XC potential                         1976      1.01346e+00
------------------------------------------------------------
                 Wall time: 1.15387e+02 sec 
============================================================


============================================================
                  Calculating Fock matrix
------------------------------------------------------------
 Kinetic part                         1.193954886800000e+01
 Potential part                       4.510300061000000e+01
------------------------------------------------------------
                 Wall time: 5.70427e+01 sec 
============================================================


============================================================
                          Orbitals
------------------------------------------------------------
 Orb    F(i,i)        Error         nNodes  Spin  Occ  Done 
------------------------------------------------------------
  0  -1.39958e+01   3.60528e-07        968    p    2    1
  1  -1.39957e+01   1.24430e-06          0    p    2    0
  2  -8.79785e-01   2.50524e-06          0    p    2    0
  3  -6.84588e-01   5.69826e-06          0    p    2    0
  4  -4.61108e-01   4.43431e-06       1272    p    2    0
  5  -4.42327e-01   3.12013e-06          0    p    2    0
  6  -3.90950e-01   3.27305e-06          0    p    2    0
  7  -2.52603e-01   6.23781e-06          0    p    2    0
  8  -1.94730e-01   2.20180e-05       1224    p    2    0
------------------------------------------------------------
 Total error:                            2.45813e-05    0
============================================================


============================================================
                    Energy                 Update      Done 
------------------------------------------------------------
 Orbital      -6.259520048119094e+01     3.79669e-04    1
 Kinetic       1.114221091000114e+02     1.54732e-04    1
 N-E          -3.446929945151198e+02    -5.13611e-04    1
 Coulomb       9.508690884262916e+01     3.90081e-04    1
 Exchange      0.000000000000000e+00     0.00000e+00    1
 X-C          -1.516743554536761e+01    -3.11362e-05    1
------------------------------------------------------------
 Electronic   -1.533508153779724e+02    -1.02514e-08    1
 Nuclear       4.156198914746620e+01     0.00000e+00    1
------------------------------------------------------------
 Total        -1.117888262305062e+02    -1.02514e-08    1
============================================================


################ Wall time: 6.37314e+02 sec ################




####################### SCF cycle  7 #######################


============================================================
 Current precision                              1.00000e-07
------------------------------------------------------------
 Orbital threshold                              1.00000e-06
 Property threshold                            -1.00000e+00
============================================================


============================================================
                   Calculating SCF energy
------------------------------------------------------------
 Nuclear energy                       4.156198914746620e+01
 Electronic energy                   -1.533508153795530e+02
------------------------------------------------------------
 Total energy                        -1.117888262320868e+02
------------------------------------------------------------
                 Wall time: 4.58201e+01 sec 
============================================================


============================================================
                Rotating Helmholtz argument
------------------------------------------------------------
 Rotating orbitals                              3.07678e+00
------------------------------------------------------------
                 Wall time: 3.07686e+00 sec 
============================================================


============================================================
                Applying Helmholtz operators
------------------------------------------------------------
 Orb    RealNorm   Nodes     ImagNorm   Nodes     Timing
------------------------------------------------------------
  0    1.00000e+00  1000    0.00000e+00     0   1.11313e+02
  4    1.00000e+00  1272    0.00000e+00     0   1.44269e+02
  8    9.99998e-01  1224    0.00000e+00     0   1.40027e+02
------------------------------------------------------------
                 Wall time: 3.95639e+02 sec 
============================================================


============================================================
                 Lowdin orthonormalization
------------------------------------------------------------
 Computing Lowdin matrix                        6.35248e-01
 Rotating orbitals                              3.10285e+00
------------------------------------------------------------
                 Wall time: 3.73819e+00 sec 
============================================================


============================================================
               Iterative subspace accelerator
------------------------------------------------------------
 Push back orbitals                             5.02236e-02
 Setup linear system                            3.01140e+00
 Solve linear system                            1.05320e-05
 Expand solution                                3.50658e+00
------------------------------------------------------------
                 Wall time: 6.56839e+00 sec 
============================================================


============================================================
                 Lowdin orthonormalization
------------------------------------------------------------
 Computing Lowdin matrix                        1.19603e+00
 Rotating orbitals                              2.73960e+00
------------------------------------------------------------
                 Wall time: 3.93572e+00 sec 
============================================================


============================================================
                  Setting up Fock operator
------------------------------------------------------------
 Precision                                      1.00000e-07
------------------------------------------------------------
 Coulomb density                      1896      4.21236e+00
 Coulomb potential                     664      7.19677e+01
 Allreduce potential                   632      2.03251e-01
 XC total density                     1976      4.78039e+00
 XC evaluate xcfun                    9880      3.32327e+01
 XC energy                            1976      1.76105e-04
 XC potential                         1976      1.01530e+00
------------------------------------------------------------
                 Wall time: 1.16151e+02 sec 
============================================================


============================================================
                  Calculating Fock matrix
------------------------------------------------------------
 Kinetic part                         1.160042005300000e+01
 Potential part                       4.514870493000000e+01
------------------------------------------------------------
                 Wall time: 5.67492e+01 sec 
============================================================


============================================================
                          Orbitals
------------------------------------------------------------
 Orb    F(i,i)        Error         nNodes  Spin  Occ  Done 
------------------------------------------------------------
  0  -1.39958e+01   2.16021e-07        968    p    2    1
  1  -1.39957e+01   6.86740e-07          0    p    2    1
  2  -8.79785e-01   1.33503e-06          0    p    2    0
  3  -6.84588e-01   3.59763e-06          0    p    2    0
  4  -4.61108e-01   3.57432e-06       1272    p    2    0
  5  -4.42326e-01   2.79954e-06          0    p    2    0
  6  -3.90950e-01   1.54855e-06          0    p    2    0
  7  -2.52602e-01   2.51847e-06          0    p    2    0
  8  -1.94730e-01   1.30630e-05       1224    p    2    0
------------------------------------------------------------
 Total error:                            1.46710e-05    0
============================================================


============================================================
                    Energy                 Update      Done 
------------------------------------------------------------
 Orbital      -6.259522139459872e+01    -2.09134e-05    1
 Kinetic       1.114220667013212e+02    -4.23987e-05    1
 N-E          -3.446929353388562e+02     5.91763e-05    1
 Coulomb       9.508688640975058e+01    -2.24329e-05    1
 Exchange      0.000000000000000e+00     0.00000e+00    1
 X-C          -1.516742986447137e+01     5.68090e-06    1
------------------------------------------------------------
 Electronic   -1.533508153795530e+02    -1.58053e-09    1
 Nuclear       4.156198914746620e+01     0.00000e+00    1
------------------------------------------------------------
 Total        -1.117888262320868e+02    -1.58053e-09    1
============================================================


################ Wall time: 6.32406e+02 sec ################




####################### SCF cycle  8 #######################


============================================================
 Current precision                              1.00000e-07
------------------------------------------------------------
 Orbital threshold                              1.00000e-06
 Property threshold                            -1.00000e+00
============================================================


============================================================
                   Calculating SCF energy
------------------------------------------------------------
 Nuclear energy                       4.156198914746620e+01
 Electronic energy                   -1.533508153799698e+02
------------------------------------------------------------
 Total energy                        -1.117888262325036e+02
------------------------------------------------------------
                 Wall time: 4.72466e+01 sec 
============================================================


============================================================
                Rotating Helmholtz argument
------------------------------------------------------------
 Rotating orbitals                              3.13181e+00
------------------------------------------------------------
                 Wall time: 3.13192e+00 sec 
============================================================


============================================================
                Applying Helmholtz operators
------------------------------------------------------------
 Orb    RealNorm   Nodes     ImagNorm   Nodes     Timing
------------------------------------------------------------
  0    1.00000e+00  1000    0.00000e+00     0   1.10622e+02
  4    1.00000e+00  1272    0.00000e+00     0   1.41677e+02
  8    1.00000e+00  1224    0.00000e+00     0   1.38760e+02
------------------------------------------------------------
                 Wall time: 3.91091e+02 sec 
============================================================


============================================================
                 Lowdin orthonormalization
------------------------------------------------------------
 Computing Lowdin matrix                        6.30248e-01
 Rotating orbitals                              3.00051e+00
------------------------------------------------------------
                 Wall time: 3.63085e+00 sec 
============================================================


============================================================
               Iterative subspace accelerator
------------------------------------------------------------
 Push back orbitals                             5.16145e-02
 Setup linear system                            3.08939e+00
 Solve linear system                            1.05030e-05
 Expand solution                                3.54060e+00
------------------------------------------------------------
                 Wall time: 6.68178e+00 sec 
============================================================


============================================================
                 Lowdin orthonormalization
------------------------------------------------------------
 Computing Lowdin matrix                        1.18434e+00
 Rotating orbitals                              2.69723e+00
------------------------------------------------------------
                 Wall time: 3.88167e+00 sec 
============================================================


============================================================
                  Setting up Fock operator
------------------------------------------------------------
 Precision                                      1.00000e-07
------------------------------------------------------------
 Coulomb density                      1896      4.21705e+00
 Coulomb potential                     664      7.36498e+01
 Allreduce potential                   632      2.06298e-01
 XC total density                     1976      4.80490e+00
 XC evaluate xcfun                    9880      3.27274e+01
 XC energy                            1976      1.72826e-04
 XC potential                         1976      1.00893e+00
------------------------------------------------------------
                 Wall time: 1.17332e+02 sec 
============================================================


============================================================
                  Calculating Fock matrix
------------------------------------------------------------
 Kinetic part                         1.203181150000000e+01
 Potential part                       4.509089125300000e+01
------------------------------------------------------------
                 Wall time: 5.71228e+01 sec 
============================================================


============================================================
                          Orbitals
------------------------------------------------------------
 Orb    F(i,i)        Error         nNodes  Spin  Occ  Done 
------------------------------------------------------------
  0  -1.39958e+01   1.74254e-07        968    p    2    1
  1  -1.39957e+01   1.42248e-07          0    p    2    1
  2  -8.79785e-01   4.16287e-07          0    p    2    1
  3  -6.84588e-01   1.20745e-06          0    p    2    0
  4  -4.61108e-01   2.22609e-06       1272    p    2    0
  5  -4.42327e-01   2.78888e-06          0    p    2    0
  6  -3.90950e-01   1.65957e-06          0    p    2    0
  7  -2.52603e-01   1.01370e-06          0    p    2    0
  8  -1.94730e-01   3.34098e-06       1224    p    2    0
------------------------------------------------------------
 Total error:                            5.41840e-06    0
============================================================


============================================================
                    Energy                 Update      Done 
------------------------------------------------------------
 Orbital      -6.259520985389076e+01     1.15407e-05    1
 Kinetic       1.114220616400490e+02    -5.06127e-06    1
 N-E          -3.446929411938688e+02    -5.85501e-06    1
 Coulomb       9.508689824957415e+01     1.18398e-05    1
 Exchange      0.000000000000000e+00     0.00000e+00    1
 X-C          -1.516743078321366e+01    -9.18742e-07    1
------------------------------------------------------------
 Electronic   -1.533508153799698e+02    -4.16833e-10    1
 Nuclear       4.156198914746620e+01     0.00000e+00    1
------------------------------------------------------------
 Total        -1.117888262325036e+02    -4.16833e-10    1
============================================================


################ Wall time: 6.30877e+02 sec ################




####################### SCF cycle  9 #######################


============================================================
 Current precision                              1.00000e-07
------------------------------------------------------------
 Orbital threshold                              1.00000e-06
 Property threshold                            -1.00000e+00
============================================================


============================================================
                   Calculating SCF energy
------------------------------------------------------------
 Nuclear energy                       4.156198914746620e+01
 Electronic energy                   -1.533508153800561e+02
------------------------------------------------------------
 Total energy                        -1.117888262325899e+02
------------------------------------------------------------
                 Wall time: 4.72855e+01 sec 
============================================================


============================================================
                Rotating Helmholtz argument
------------------------------------------------------------
 Rotating orbitals                              3.15700e+00
------------------------------------------------------------
                 Wall time: 3.15709e+00 sec 
============================================================


============================================================
                Applying Helmholtz operators
------------------------------------------------------------
 Orb    RealNorm   Nodes     ImagNorm   Nodes     Timing
------------------------------------------------------------
  0    1.00000e+00  1000    0.00000e+00     0   1.15271e+02
  4    1.00000e+00  1272    0.00000e+00     0   1.44123e+02
  8    1.00000e+00  1224    0.00000e+00     0   1.44039e+02
------------------------------------------------------------
                 Wall time: 4.03448e+02 sec 
============================================================


============================================================
                 Lowdin orthonormalization
------------------------------------------------------------
 Computing Lowdin matrix                        6.34328e-01
 Rotating orbitals                              2.89738e+00
------------------------------------------------------------
                 Wall time: 3.53180e+00 sec 
============================================================


============================================================
               Iterative subspace accelerator
------------------------------------------------------------
 Push back orbitals                             4.91535e-02
 Setup linear system                            3.12486e+00
 Solve linear system                            1.09510e-05
 Expand solution                                3.61899e+00
------------------------------------------------------------
                 Wall time: 6.79319e+00 sec 
============================================================


============================================================
                 Lowdin orthonormalization
------------------------------------------------------------
 Computing Lowdin matrix                        1.15405e+00
 Rotating orbitals                              2.71716e+00
------------------------------------------------------------
                 Wall time: 3.87130e+00 sec 
============================================================


============================================================
                  Setting up Fock operator
------------------------------------------------------------
 Precision                                      1.00000e-07
------------------------------------------------------------
 Coulomb density                      1896      4.14835e+00
 Coulomb potential                     664      7.65494e+01
 Allreduce potential                   632      2.04865e-01
 XC total density                     1976      4.80137e+00
 XC evaluate xcfun                    9880      3.37808e+01
 XC energy                            1976      1.82225e-04
 XC potential                         1976      1.02092e+00
------------------------------------------------------------
                 Wall time: 1.21251e+02 sec 
============================================================


============================================================
                  Calculating Fock matrix
------------------------------------------------------------
 Kinetic part                         1.166705903500000e+01
 Potential part                       4.568388828100000e+01
------------------------------------------------------------
                 Wall time: 5.73511e+01 sec 
============================================================


============================================================
                          Orbitals
------------------------------------------------------------
 Orb    F(i,i)        Error         nNodes  Spin  Occ  Done 
------------------------------------------------------------
  0  -1.39958e+01   7.88669e-08        968    p    2    1
  1  -1.39957e+01   7.89331e-08          0    p    2    1
  2  -8.79785e-01   3.28176e-07          0    p    2    1
  3  -6.84588e-01   5.09156e-07          0    p    2    1
  4  -4.61108e-01   8.07926e-07       1272    p    2    1
  5  -4.42327e-01   1.15064e-06          0    p    2    0
  6  -3.90950e-01   7.95568e-07          0    p    2    1
  7  -2.52602e-01   8.75170e-07          0    p    2    1
  8  -1.94730e-01   1.44663e-06       1224    p    2    0
------------------------------------------------------------
 Total error:                            2.41820e-06    0
============================================================


============================================================
                    Energy                 Update      Done 
------------------------------------------------------------
 Orbital      -6.259522000430158e+01    -1.01504e-05    1
 Kinetic       1.114220562341778e+02    -5.40587e-06    1
 N-E          -3.446929257504555e+02     1.54434e-05    1
 Coulomb       9.508688795376813e+01    -1.02958e-05    1
 Exchange      0.000000000000000e+00     0.00000e+00    1
 X-C          -1.516743052856322e+01     2.54650e-07    1
------------------------------------------------------------
 Electronic   -1.533508153800561e+02    -8.62883e-11    1
 Nuclear       4.156198914746620e+01     0.00000e+00    1
------------------------------------------------------------
 Total        -1.117888262325899e+02    -8.62883e-11    1
============================================================


################ Wall time: 6.47483e+02 sec ################




####################### SCF cycle 10 #######################


============================================================
 Current precision                              1.00000e-07
------------------------------------------------------------
 Orbital threshold                              1.00000e-06
 Property threshold                            -1.00000e+00
============================================================


============================================================
                   Calculating SCF energy
------------------------------------------------------------
 Nuclear energy                       4.156198914746620e+01
 Electronic energy                   -1.533508153800730e+02
------------------------------------------------------------
 Total energy                        -1.117888262326068e+02
------------------------------------------------------------
                 Wall time: 4.73296e+01 sec 
============================================================


============================================================
                Rotating Helmholtz argument
------------------------------------------------------------
 Rotating orbitals                              3.22686e+00
------------------------------------------------------------
                 Wall time: 3.22696e+00 sec 
============================================================


============================================================
                Applying Helmholtz operators
------------------------------------------------------------
 Orb    RealNorm   Nodes     ImagNorm   Nodes     Timing
------------------------------------------------------------
  0    1.00000e+00  1000    0.00000e+00     0   1.13900e+02
  4    1.00000e+00  1272    0.00000e+00     0   1.41658e+02
  8    1.00000e+00  1224    0.00000e+00     0   1.45160e+02
------------------------------------------------------------
                 Wall time: 4.00723e+02 sec 
============================================================


============================================================
                 Lowdin orthonormalization
------------------------------------------------------------
 Computing Lowdin matrix                        6.26869e-01
 Rotating orbitals                              2.66297e+00
------------------------------------------------------------
                 Wall time: 3.28994e+00 sec 
============================================================


============================================================
               Iterative subspace accelerator
------------------------------------------------------------
 Push back orbitals                             5.36599e-02
 Setup linear system                            3.00603e+00
 Solve linear system                            1.08160e-05
 Expand solution                                3.64757e+00
------------------------------------------------------------
                 Wall time: 6.70743e+00 sec 
============================================================


============================================================
                 Lowdin orthonormalization
------------------------------------------------------------
 Computing Lowdin matrix                        1.15247e+00
 Rotating orbitals                              2.37647e+00
------------------------------------------------------------
                 Wall time: 3.52903e+00 sec 
============================================================


============================================================
                  Setting up Fock operator
------------------------------------------------------------
 Precision                                      1.00000e-07
------------------------------------------------------------
 Coulomb density                      1896      4.17369e+00
 Coulomb potential                     664      7.39682e+01
 Allreduce potential                   632      2.10681e-01
 XC total density                     1976      4.99184e+00
 XC evaluate xcfun                    9880      3.28339e+01
 XC energy                            1976      1.73666e-04
 XC potential                         1976      9.96177e-01
------------------------------------------------------------
                 Wall time: 1.17925e+02 sec 
============================================================


============================================================
                  Calculating Fock matrix
------------------------------------------------------------
 Kinetic part                         1.175895703300000e+01
 Potential part                       4.523073119000000e+01
------------------------------------------------------------
                 Wall time: 5.69898e+01 sec 
============================================================


============================================================
                          Orbitals
------------------------------------------------------------
 Orb    F(i,i)        Error         nNodes  Spin  Occ  Done 
------------------------------------------------------------
  0  -1.39958e+01   9.91601e-09        968    p    2    1
  1  -1.39957e+01   5.61776e-09          0    p    2    1
  2  -8.79785e-01   1.04451e-07          0    p    2    1
  3  -6.84588e-01   1.80618e-07          0    p    2    1
  4  -4.61108e-01   1.17854e-07       1272    p    2    1
  5  -4.42327e-01   1.71731e-07          0    p    2    1
  6  -3.90950e-01   1.52026e-07          0    p    2    1
  7  -2.52603e-01   2.01373e-07          0    p    2    1
  8  -1.94730e-01   4.51835e-07       1224    p    2    1
------------------------------------------------------------
 Total error:                            5.95703e-07    1
============================================================


============================================================
                    Energy                 Update      Done 
------------------------------------------------------------
 Orbital      -6.259521670023135e+01     3.30407e-06    1
 Kinetic       1.114220606401289e+02     4.40595e-06    1
 N-E          -3.446929328235067e+02    -7.07305e-06    1
 Coulomb       9.508689149114581e+01     3.53738e-06    1
 Exchange      0.000000000000000e+00     0.00000e+00    1
 X-C          -1.516743140089298e+01    -8.72330e-07    1
------------------------------------------------------------
 Electronic   -1.533508153800730e+02    -1.69393e-11    1
 Nuclear       4.156198914746620e+01     0.00000e+00    1
------------------------------------------------------------
 Total        -1.117888262326068e+02    -1.69393e-11    1
============================================================


################ Wall time: 6.40505e+02 sec ################


============================================================
                      Convergence rate
------------------------------------------------------------
Iter    OrbError       Property                   Update  
------------------------------------------------------------
  1    2.91961e-03    -1.117888145114992e+02   -1.11789e+02
  2    4.90948e-04    -1.117888256968556e+02   -1.11854e-05
  3    2.22969e-04    -1.117888260943427e+02   -3.97487e-07
  4    9.72881e-05    -1.117888261929808e+02   -9.86381e-08
  5    6.42976e-05    -1.117888262202548e+02   -2.72741e-08
  6    2.45813e-05    -1.117888262305062e+02   -1.02514e-08
  7    1.46710e-05    -1.117888262320868e+02   -1.58053e-09
  8    5.41840e-06    -1.117888262325036e+02   -4.16833e-10
  9    2.41820e-06    -1.117888262325899e+02   -8.62883e-11
 10    5.95703e-07    -1.117888262326068e+02   -1.69393e-11
------------------------------------------------------------
                      SCF converged!!!                      
============================================================


============================================================
                  Digonalizing Fock matrix
------------------------------------------------------------
 Computing Lowdin matrix                        6.92855e-01
 Diagonalizing matrix                           2.04760e-05
 Rotating orbitals                              4.31360e+00
------------------------------------------------------------
                 Wall time: 5.00657e+00 sec 
============================================================


============================================================
                  Setting up Fock operator
------------------------------------------------------------
 Precision                                      1.00000e-07
------------------------------------------------------------
 Coulomb density                      2104      4.39988e+00
 Coulomb potential                     664      6.41086e+01
 Allreduce potential                   632      1.98240e-01
 XC total density                     2136      5.07277e+00
 XC evaluate xcfun                   10680      3.45346e+01
 XC energy                            2136      1.53603e-04
 XC potential                         2136      9.38339e-01
------------------------------------------------------------
                 Wall time: 1.09961e+02 sec 
============================================================


============================================================
                   Calculating SCF energy
------------------------------------------------------------
------------------------------------------------------------
                 Wall time: 5.03192e+01 sec 
============================================================


============================================================
                 Calculating dipole moment
------------------------------------------------------------
------------------------------------------------------------
                 Wall time: 1.93972e+01 sec 
============================================================


============================================================
                        Fock matrix
------------------------------------------------------------
-1.39958e+01  0.00000e+00  0.00000e+00  0.00000e+00  0.00000e+00  0.00000e+00  0.00000e+00  0.00000e+00  0.00000e+00
 0.00000e+00 -1.39957e+01  0.00000e+00  0.00000e+00  0.00000e+00  0.00000e+00  0.00000e+00  0.00000e+00  0.00000e+00
 0.00000e+00  0.00000e+00 -8.79785e-01  0.00000e+00  0.00000e+00  0.00000e+00  0.00000e+00  0.00000e+00  0.00000e+00
 0.00000e+00  0.00000e+00  0.00000e+00 -6.84588e-01  0.00000e+00  0.00000e+00  0.00000e+00  0.00000e+00  0.00000e+00
 0.00000e+00  0.00000e+00  0.00000e+00  0.00000e+00 -4.61108e-01  0.00000e+00  0.00000e+00  0.00000e+00  0.00000e+00
 0.00000e+00  0.00000e+00  0.00000e+00  0.00000e+00  0.00000e+00 -4.42327e-01  0.00000e+00  0.00000e+00  0.00000e+00
 0.00000e+00  0.00000e+00  0.00000e+00  0.00000e+00  0.00000e+00  0.00000e+00 -3.90950e-01  0.00000e+00  0.00000e+00
 0.00000e+00  0.00000e+00  0.00000e+00  0.00000e+00  0.00000e+00  0.00000e+00  0.00000e+00 -2.52603e-01  0.00000e+00
 0.00000e+00  0.00000e+00  0.00000e+00  0.00000e+00  0.00000e+00  0.00000e+00  0.00000e+00  0.00000e+00 -1.94730e-01
============================================================


============================================================
                      Orbital energies
------------------------------------------------------------
    n  spin  occ                            epsilon  
------------------------------------------------------------
    0    p    2                      -1.399577720935635e+01
    1    p    2                      -1.399574245469815e+01
    2    p    2                      -8.797854572122537e-01
    3    p    2                      -6.845880726580101e-01
    4    p    2                      -4.611082758625613e-01
    5    p    2                      -4.423268119833468e-01
    6    p    2                      -3.909500542095025e-01
    7    p    2                      -2.526025731888865e-01
    8    p    2                      -1.947299543259362e-01
============================================================


============================================================
                          Molecule
------------------------------------------------------------
 Nr  Element             x             y             z      
------------------------------------------------------------
  1     N           0.00000e+00   1.36627e+00  -2.12216e-01
  2     N           0.00000e+00  -1.36627e+00  -2.12216e-01
  3     H          -8.44708e-01   1.89558e+00   1.42901e+00
  4     H           8.44708e-01  -1.89558e+00   1.42901e+00
  5     H           1.82604e+00   1.89558e+00   5.68808e-02
  6     H          -1.82604e+00  -1.89558e+00   5.68808e-02
------------------------------------------------------------
 Center of mass:    0.00000e+00   0.00000e+00  -9.20429e-02
============================================================


                                                            
============================================================
                         SCF Energy                         
------------------------------------------------------------
                                                            
 Sum orbital energy:                 -6.259522172699000e+01
 Kinetic energy:                      1.114220577057412e+02
 E-N energy:                         -3.446929252775324e+02
 Coulomb energy:                      9.508688628630527e+01
 Exchange energy:                     0.000000000000000e+00
 X-C energy:                         -1.516743081302431e+01
 El. external field energy:           5.967128477863274e-04
 Nuc. external field energy:         -1.657527644299885e-03
                                                            
------------------------------------------------------------
                                                            
 Electronic energy:                  -1.533508153856624e+02
 Nuclear energy:                      4.156198914746620e+01
                                                            
------------------------------------------------------------
                                                            
 Total energy       (au)             -1.117888262381962e+02
                    (kJ/mol)         -2.935015208086303e+05
                    (kcal/mol)       -7.014854699286379e+04
                    (eV)             -3.041928795055101e+03
                                                            
============================================================
                                                            

                                                            
============================================================
                         Dipole moment                      
------------------------------------------------------------
                                                            
 Length of vector:   (au)                  1.0608147965e+00
                     (Debye)               2.6963220109e+00
                                                            
-------------------------- Total ---------------------------
                                                            
 [-2.7170719217e-11, -7.3048946216e-11,  1.0608147965e+00] 
                                                            
------------------------- Nuclear --------------------------
                                                            
 [-9.8472341392e-12, -1.7303936062e-12,  1.6575276443e+00] 
                                                            
------------------------ Electronic ------------------------
                                                            
 [-1.7323485078e-11, -7.1318552610e-11, -5.9671284779e-01] 
                                                            
============================================================
                                                            



************************************************************
***                                                      ***
***                    Exiting MRChem                    ***
***                                                      ***
***               Wall time: 6.550116e+03                ***
***                                                      ***
************************************************************


