


************************************************************
***     __  __ ____   ____ _                             ***
***    |  \/  |  _ \ / ___| |__   ___ _ __ ___           ***
***    | |\/| | |_) | |   | '_ \ / _ \ '_ ` _ \          ***
***    | |  | |  _ <| |___| | | |  __/ | | | | |         ***
***    |_|  |_|_| \_\\____|_| |_|\___|_| |_| |_|         ***
***                                                      ***
***    VERSION 0.0.1 (rev. 1c6f79f)                     ***
***                                                      ***
***    Stig Rune Jensen <stig.r.jensen@uit.no>           ***
***    Luca Frediani    <luca.frediani@uit.no>           ***
***    Peter Wind       <peter.wind@uit.no>              ***
***                                                      ***
************************************************************


+++ Parallel execution: 
  MPI hosts available     : 4
  Threads/host            : 2
  Total used CPUs         : 8


------------------------------------------------------------

 MRCPP version   : X.Y.Z
 Git revision    : bbc2aed

 Linear algebra  : EIGEN
 Parallelization : MPI/OpenMP

------------------------------------------------------------




============================================================
                  MultiResolution Analysis                  
------------------------------------------------------------
 polynomial order = 11
 polynomial type  = Interpolating
------------------------------------------------------------
 total boxes      = 8
 boxes            = [           2           2           2 ]
 unit lengths     = [    32.00000    32.00000    32.00000 ]
 scaling factor   = [     1.00000     1.00000     1.00000 ]
 lower bounds     = [   -32.00000   -32.00000   -32.00000 ]
 upper bounds     = [    32.00000    32.00000    32.00000 ]
 total length     = [    64.00000    64.00000    64.00000 ]
============================================================


============================================================
                          Molecule
------------------------------------------------------------
 Nr  Element             x             y             z      
------------------------------------------------------------
  1     Na          0.00000e+00   0.00000e+00   0.00000e+00
  2     Na          0.00000e+00   0.00000e+00   5.81828e+00
------------------------------------------------------------
 Center of mass:    0.00000e+00   0.00000e+00   2.90914e+00
============================================================


============================================================
                Setting up nuclear potential
------------------------------------------------------------
 Nr  Element         Charge        Precision     Smoothing 
------------------------------------------------------------
  1     Na          1.10000e+01   1.00000e-07   1.39265e-05
  2     Na          1.10000e+01   1.00000e-07   1.39265e-05
------------------------------------------------------------
 Nuclear potential                    1416      1.36416e+00
 Allreduce potential                  2600      9.84146e-01
------------------------------------------------------------
                 Wall time: 2.34843e+00 sec 
============================================================


============================================================
 OrbitalVector:  11 orbitals    11 occupied    22 electrons
------------------------------------------------------------
   n  RankID           Norm          Spin Occ      Error    
------------------------------------------------------------
   0     0       1.000000000000e+00    p   2    1.00000e+00
   1     1      -1.000000000000e+00    p   2    1.00000e+00
   2     2      -1.000000000000e+00    p   2    1.00000e+00
   3     3      -1.000000000000e+00    p   2    1.00000e+00
   4     0       1.000000000000e+00    p   2    1.00000e+00
   5     1      -1.000000000000e+00    p   2    1.00000e+00
   6     2      -1.000000000000e+00    p   2    1.00000e+00
   7     3      -1.000000000000e+00    p   2    1.00000e+00
   8     0       1.000000000000e+00    p   2    1.00000e+00
   9     1      -1.000000000000e+00    p   2    1.00000e+00
  10     2      -1.000000000000e+00    p   2    1.00000e+00
============================================================


============================================================
                  Setting up Fock operator
------------------------------------------------------------
 Precision                                      1.00000e-07
------------------------------------------------------------
 Coulomb density                      1272      3.39933e+00
 Coulomb potential                     712      6.66734e+01
 Allreduce potential                   808      9.54574e+00
 XC total density                     1608      4.36282e+00
 XC evaluate xcfun                    8040      2.65478e+01
 XC energy                            1608      1.68351e-04
 XC potential                         1608      8.54810e-01
------------------------------------------------------------
                 Wall time: 1.12021e+02 sec 
============================================================


============================================================
                  Calculating Fock matrix
------------------------------------------------------------
 Kinetic part                         1.157385102900000e+01
 Potential part                       4.435998319700000e+01
------------------------------------------------------------
                 Wall time: 5.59340e+01 sec 
============================================================




####################### SCF cycle  1 #######################


============================================================
 Current precision                              1.00000e-07
------------------------------------------------------------
 Orbital threshold                              1.00000e-06
 Property threshold                            -1.00000e+00
============================================================


============================================================
                  Digonalizing Fock matrix
------------------------------------------------------------
 Computing Lowdin matrix                        8.50779e-01
 Diagonalizing matrix                           2.72790e-05
 Rotating orbitals                              2.70109e+00
------------------------------------------------------------
                 Wall time: 3.55200e+00 sec 
============================================================


============================================================
                   Calculating SCF energy
------------------------------------------------------------
 Nuclear energy                       2.079653353960365e+01
 Electronic energy                   -3.451699623407563e+02
------------------------------------------------------------
 Total energy                        -3.243734288011527e+02
------------------------------------------------------------
                 Wall time: 3.57098e+01 sec 
============================================================


============================================================
                Rotating Helmholtz argument
------------------------------------------------------------
 Rotating orbitals                              1.00382e+00
------------------------------------------------------------
                 Wall time: 1.00391e+00 sec 
============================================================


============================================================
                Applying Helmholtz operators
------------------------------------------------------------
 Orb    RealNorm   Nodes     ImagNorm   Nodes     Timing
------------------------------------------------------------
  0    1.00000e+00  1160    0.00000e+00     0   1.13541e+02
  4    1.00000e+00   936    0.00000e+00     0   1.11271e+02
  8    1.00000e+00   872    0.00000e+00     0   1.05048e+02
------------------------------------------------------------
                 Wall time: 3.29879e+02 sec 
============================================================


============================================================
                 Lowdin orthonormalization
------------------------------------------------------------
 Computing Lowdin matrix                        7.72576e+01
 Rotating orbitals                              2.67489e+00
------------------------------------------------------------
                 Wall time: 7.99326e+01 sec 
============================================================


============================================================
               Iterative subspace accelerator
------------------------------------------------------------
 Push back orbitals                             1.40102e-01
 Copy orbitals                                  1.47095e-01
 Copy orbital updates                           1.46409e-01
------------------------------------------------------------
                 Wall time: 4.33743e-01 sec 
============================================================


============================================================
                 Lowdin orthonormalization
------------------------------------------------------------
 Computing Lowdin matrix                        7.33437e-01
 Rotating orbitals                              1.39097e+00
------------------------------------------------------------
                 Wall time: 2.12449e+00 sec 
============================================================


============================================================
                  Setting up Fock operator
------------------------------------------------------------
 Precision                                      1.00000e-07
------------------------------------------------------------
 Coulomb density                      1224      2.81220e+00
 Coulomb potential                     712      6.93673e+01
 Allreduce potential                   808      1.16275e+01
 XC total density                     1608      3.92169e+00
 XC evaluate xcfun                    8040      2.63082e+01
 XC energy                            1608      1.59492e-04
 XC potential                         1608      8.86229e-01
------------------------------------------------------------
                 Wall time: 1.15530e+02 sec 
============================================================


============================================================
                  Calculating Fock matrix
------------------------------------------------------------
 Kinetic part                         1.043945731400000e+01
 Potential part                       3.868437981600000e+01
------------------------------------------------------------
                 Wall time: 4.91240e+01 sec 
============================================================


============================================================
                          Orbitals
------------------------------------------------------------
 Orb    F(i,i)        Error         nNodes  Spin  Occ  Done 
------------------------------------------------------------
  0  -3.79044e+01   1.51404e-06       1128    p    2    0
  1  -3.79044e+01   1.49869e-06          0    p    2    0
  2  -2.05826e+00   3.88799e-05          0    p    2    0
  3  -2.05811e+00   4.24844e-05          0    p    2    0
  4  -1.03553e+00   1.48633e-04        936    p    2    0
  5  -1.03459e+00   1.43648e-04          0    p    2    0
  6  -1.03459e+00   5.66037e-04          0    p    2    0
  7  -1.03436e+00   1.41474e-04          0    p    2    0
  8  -1.03436e+00   2.32425e-04        872    p    2    0
  9  -1.03347e+00   1.37282e-04          0    p    2    0
 10  -1.14922e-01   1.36178e-02          0    p    2    0
------------------------------------------------------------
 Total error:                            1.36347e-02    0
============================================================


============================================================
                    Energy                 Update      Done 
------------------------------------------------------------
 Orbital      -1.724930154592472e+02    -1.72493e+02    1
 Kinetic       3.237113750806111e+02     3.23711e+02    1
 N-E          -8.212177807338009e+02    -8.21218e+02    1
 Coulomb       1.809385590811133e+02     1.80939e+02    1
 Exchange      0.000000000000000e+00     0.00000e+00    1
 X-C          -2.860211576867986e+01    -2.86021e+01    1
------------------------------------------------------------
 Electronic   -3.451699623407563e+02    -3.45170e+02    1
 Nuclear       2.079653353960365e+01     2.07965e+01    1
------------------------------------------------------------
 Total        -3.243734288011527e+02    -3.24373e+02    1
============================================================


################ Wall time: 6.17650e+02 sec ################




####################### SCF cycle  2 #######################


============================================================
 Current precision                              1.00000e-07
------------------------------------------------------------
 Orbital threshold                              1.00000e-06
 Property threshold                            -1.00000e+00
============================================================


============================================================
                  Digonalizing Fock matrix
------------------------------------------------------------
 Computing Lowdin matrix                        6.74544e-01
 Diagonalizing matrix                           2.48230e-05
 Rotating orbitals                              2.66842e+00
------------------------------------------------------------
                 Wall time: 3.34308e+00 sec 
============================================================


============================================================
                   Calculating SCF energy
------------------------------------------------------------
 Nuclear energy                       2.079653353960365e+01
 Electronic energy                   -3.451700479730953e+02
------------------------------------------------------------
 Total energy                        -3.243735144334916e+02
------------------------------------------------------------
                 Wall time: 3.50871e+01 sec 
============================================================


============================================================
                Rotating Helmholtz argument
------------------------------------------------------------
 Rotating orbitals                              9.73735e-01
------------------------------------------------------------
                 Wall time: 9.73822e-01 sec 
============================================================


============================================================
                Applying Helmholtz operators
------------------------------------------------------------
 Orb    RealNorm   Nodes     ImagNorm   Nodes     Timing
------------------------------------------------------------
  0    1.00000e+00  1064    0.00000e+00     0   1.08752e+02
  4    1.00000e+00   936    0.00000e+00     0   1.08173e+02
  8    1.00000e+00   872    0.00000e+00     0   1.01486e+02
------------------------------------------------------------
                 Wall time: 3.18443e+02 sec 
============================================================


============================================================
                 Lowdin orthonormalization
------------------------------------------------------------
 Computing Lowdin matrix                        6.94317e+01
 Rotating orbitals                              2.36999e+00
------------------------------------------------------------
                 Wall time: 7.18017e+01 sec 
============================================================


============================================================
               Iterative subspace accelerator
------------------------------------------------------------
 Push back orbitals                             2.88499e-01
 Copy orbitals                                  1.40353e-01
 Copy orbital updates                           1.39557e-01
------------------------------------------------------------
                 Wall time: 5.68530e-01 sec 
============================================================


============================================================
                 Lowdin orthonormalization
------------------------------------------------------------
 Computing Lowdin matrix                        7.15324e-01
 Rotating orbitals                              1.42459e+00
------------------------------------------------------------
                 Wall time: 2.14000e+00 sec 
============================================================


============================================================
                  Setting up Fock operator
------------------------------------------------------------
 Precision                                      1.00000e-07
------------------------------------------------------------
 Coulomb density                      1256      2.65762e+00
 Coulomb potential                     744      7.48872e+01
 Allreduce potential                   808      3.81712e+00
 XC total density                     1608      3.80126e+00
 XC evaluate xcfun                    8040      2.61676e+01
 XC energy                            1608      1.60877e-04
 XC potential                         1608      8.68056e-01
------------------------------------------------------------
                 Wall time: 1.12792e+02 sec 
============================================================


============================================================
                  Calculating Fock matrix
------------------------------------------------------------
 Kinetic part                         1.028531463600000e+01
 Potential part                       3.735587064900000e+01
------------------------------------------------------------
                 Wall time: 4.76413e+01 sec 
============================================================


============================================================
                          Orbitals
------------------------------------------------------------
 Orb    F(i,i)        Error         nNodes  Spin  Occ  Done 
------------------------------------------------------------
  0  -3.79044e+01   1.78406e-06       1064    p    2    0
  1  -3.79044e+01   1.75387e-06          0    p    2    0
  2  -2.05831e+00   2.48764e-05          0    p    2    0
  3  -2.05817e+00   2.41940e-05          0    p    2    0
  4  -1.03558e+00   1.13994e-04        936    p    2    0
  5  -1.03465e+00   1.05855e-04          0    p    2    0
  6  -1.03464e+00   2.30828e-04          0    p    2    0
  7  -1.03441e+00   1.48925e-04          0    p    2    0
  8  -1.03441e+00   1.04884e-04        872    p    2    0
  9  -1.03352e+00   1.06289e-04          0    p    2    0
 10  -1.14952e-01   4.20802e-03          0    p    2    0
------------------------------------------------------------
 Total error:                            4.22263e-03    0
============================================================


============================================================
                    Energy                 Update      Done 
------------------------------------------------------------
 Orbital      -1.724937847865742e+02    -7.69327e-04    1
 Kinetic       3.237112634633421e+02    -1.11617e-04    1
 N-E          -8.212169508390768e+02     8.29895e-04    1
 Coulomb       1.809378697538382e+02    -6.89327e-04    1
 Exchange      0.000000000000000e+00     0.00000e+00    1
 X-C          -2.860209838302065e+01     1.73857e-05    1
------------------------------------------------------------
 Electronic   -3.451700479730953e+02    -8.56323e-05    1
 Nuclear       2.079653353960365e+01     0.00000e+00    1
------------------------------------------------------------
 Total        -3.243735144334916e+02    -8.56323e-05    1
============================================================


################ Wall time: 5.93157e+02 sec ################




####################### SCF cycle  3 #######################


============================================================
 Current precision                              1.00000e-07
------------------------------------------------------------
 Orbital threshold                              1.00000e-06
 Property threshold                            -1.00000e+00
============================================================


============================================================
                   Calculating SCF energy
------------------------------------------------------------
 Nuclear energy                       2.079653353960365e+01
 Electronic energy                   -3.451700581425888e+02
------------------------------------------------------------
 Total energy                        -3.243735246029851e+02
------------------------------------------------------------
                 Wall time: 3.78597e+01 sec 
============================================================


============================================================
                Rotating Helmholtz argument
------------------------------------------------------------
 Rotating orbitals                              3.33348e+00
------------------------------------------------------------
                 Wall time: 3.33357e+00 sec 
============================================================


============================================================
                Applying Helmholtz operators
------------------------------------------------------------
 Orb    RealNorm   Nodes     ImagNorm   Nodes     Timing
------------------------------------------------------------
  0    1.00000e+00  1064    0.00000e+00     0   1.13334e+02
  4    1.00000e+00   936    0.00000e+00     0   1.10997e+02
  8    1.00000e+00   872    0.00000e+00     0   1.03390e+02
------------------------------------------------------------
                 Wall time: 3.27761e+02 sec 
============================================================


============================================================
                 Lowdin orthonormalization
------------------------------------------------------------
 Computing Lowdin matrix                        7.70849e+01
 Rotating orbitals                              2.50719e+00
------------------------------------------------------------
                 Wall time: 7.95922e+01 sec 
============================================================


============================================================
               Iterative subspace accelerator
------------------------------------------------------------
 Push back orbitals                             2.20953e-01
 Setup linear system                            4.52551e-01
 Solve linear system                            1.30120e-05
 Expand solution                                1.97010e+00
------------------------------------------------------------
                 Wall time: 2.64376e+00 sec 
============================================================


============================================================
                 Lowdin orthonormalization
------------------------------------------------------------
 Computing Lowdin matrix                        1.50579e+00
 Rotating orbitals                              2.69689e+00
------------------------------------------------------------
                 Wall time: 4.20278e+00 sec 
============================================================


============================================================
                  Setting up Fock operator
------------------------------------------------------------
 Precision                                      1.00000e-07
------------------------------------------------------------
 Coulomb density                      1256      2.78812e+00
 Coulomb potential                     744      7.70535e+01
 Allreduce potential                   808      4.50892e+00
 XC total density                     1608      4.04466e+00
 XC evaluate xcfun                    8040      2.63133e+01
 XC energy                            1608      1.68250e-04
 XC potential                         1608      9.07788e-01
------------------------------------------------------------
                 Wall time: 1.16208e+02 sec 
============================================================


============================================================
                  Calculating Fock matrix
------------------------------------------------------------
 Kinetic part                         1.018883208500000e+01
 Potential part                       3.863319538200000e+01
------------------------------------------------------------
                 Wall time: 4.88222e+01 sec 
============================================================


============================================================
                          Orbitals
------------------------------------------------------------
 Orb    F(i,i)        Error         nNodes  Spin  Occ  Done 
------------------------------------------------------------
  0  -3.79044e+01   1.36152e-06       1064    p    2    0
  1  -3.79044e+01   1.36099e-06          0    p    2    0
  2  -2.05834e+00   3.04397e-05          0    p    2    0
  3  -2.05820e+00   3.16582e-05          0    p    2    0
  4  -1.03561e+00   1.02790e-04        936    p    2    0
  5  -1.03468e+00   9.61223e-05          0    p    2    0
  6  -1.03467e+00   1.92993e-04          0    p    2    0
  7  -1.03444e+00   1.49821e-04          0    p    2    0
  8  -1.03444e+00   9.50980e-05        872    p    2    0
  9  -1.03355e+00   9.50725e-05          0    p    2    0
 10  -1.14967e-01   2.62986e-03          0    p    2    0
------------------------------------------------------------
 Total error:                            2.64871e-03    0
============================================================


============================================================
                    Energy                 Update      Done 
------------------------------------------------------------
 Orbital      -1.724949488299478e+02    -1.16404e-03    1
 Kinetic       3.237111290968595e+02    -1.34366e-04    1
 N-E          -8.212156639624329e+02     1.28688e-03    1
 Coulomb       1.809367039931647e+02    -1.16576e-03    1
 Exchange      0.000000000000000e+00     0.00000e+00    1
 X-C          -2.860205631756549e+01     4.20655e-05    1
------------------------------------------------------------
 Electronic   -3.451700581425888e+02    -1.01695e-05    1
 Nuclear       2.079653353960365e+01     0.00000e+00    1
------------------------------------------------------------
 Total        -3.243735246029851e+02    -1.01695e-05    1
============================================================


################ Wall time: 6.21286e+02 sec ################




####################### SCF cycle  4 #######################


============================================================
 Current precision                              1.00000e-07
------------------------------------------------------------
 Orbital threshold                              1.00000e-06
 Property threshold                            -1.00000e+00
============================================================


============================================================
                   Calculating SCF energy
------------------------------------------------------------
 Nuclear energy                       2.079653353960365e+01
 Electronic energy                   -3.451700605030300e+02
------------------------------------------------------------
 Total energy                        -3.243735269634263e+02
------------------------------------------------------------
                 Wall time: 3.94746e+01 sec 
============================================================


============================================================
                Rotating Helmholtz argument
------------------------------------------------------------
 Rotating orbitals                              3.37794e+00
------------------------------------------------------------
                 Wall time: 3.37803e+00 sec 
============================================================


============================================================
                Applying Helmholtz operators
------------------------------------------------------------
 Orb    RealNorm   Nodes     ImagNorm   Nodes     Timing
------------------------------------------------------------
  0    1.00000e+00  1064    0.00000e+00     0   1.13860e+02
  4    1.00000e+00   936    0.00000e+00     0   1.14984e+02
  8    1.00000e+00   872    0.00000e+00     0   1.05134e+02
------------------------------------------------------------
                 Wall time: 3.34016e+02 sec 
============================================================


============================================================
                 Lowdin orthonormalization
------------------------------------------------------------
 Computing Lowdin matrix                        7.90871e+01
 Rotating orbitals                              2.41295e+00
------------------------------------------------------------
                 Wall time: 8.15001e+01 sec 
============================================================


============================================================
               Iterative subspace accelerator
------------------------------------------------------------
 Push back orbitals                             3.06520e-01
 Setup linear system                            1.35781e+00
 Solve linear system                            1.61720e-05
 Expand solution                                3.43024e+00
------------------------------------------------------------
                 Wall time: 5.09471e+00 sec 
============================================================


============================================================
                 Lowdin orthonormalization
------------------------------------------------------------
 Computing Lowdin matrix                        1.66522e+00
 Rotating orbitals                              2.93590e+00
------------------------------------------------------------
                 Wall time: 4.60121e+00 sec 
============================================================


============================================================
                  Setting up Fock operator
------------------------------------------------------------
 Precision                                      1.00000e-07
------------------------------------------------------------
 Coulomb density                      1256      2.82916e+00
 Coulomb potential                     744      7.68103e+01
 Allreduce potential                   808      5.29196e+00
 XC total density                     1608      3.92569e+00
 XC evaluate xcfun                    8040      2.64681e+01
 XC energy                            1608      1.70807e-04
 XC potential                         1608      9.23122e-01
------------------------------------------------------------
                 Wall time: 1.16853e+02 sec 
============================================================


============================================================
                  Calculating Fock matrix
------------------------------------------------------------
 Kinetic part                         9.979272702999999e+00
 Potential part                       3.860801946100000e+01
------------------------------------------------------------
                 Wall time: 4.85874e+01 sec 
============================================================


============================================================
                          Orbitals
------------------------------------------------------------
 Orb    F(i,i)        Error         nNodes  Spin  Occ  Done 
------------------------------------------------------------
  0  -3.79044e+01   5.98502e-07       1064    p    2    1
  1  -3.79044e+01   5.98667e-07          0    p    2    1
  2  -2.05835e+00   1.22869e-05          0    p    2    0
  3  -2.05820e+00   1.26876e-05          0    p    2    0
  4  -1.03562e+00   1.71417e-05        936    p    2    0
  5  -1.03468e+00   1.64187e-05          0    p    2    0
  6  -1.03468e+00   4.94688e-05          0    p    2    0
  7  -1.03444e+00   3.49845e-05          0    p    2    0
  8  -1.03445e+00   1.62610e-05        872    p    2    0
  9  -1.03355e+00   1.58718e-05          0    p    2    0
 10  -1.14967e-01   4.49714e-04          0    p    2    0
------------------------------------------------------------
 Total error:                            4.55309e-04    0
============================================================


============================================================
                    Energy                 Update      Done 
------------------------------------------------------------
 Orbital      -1.724955714670840e+02    -6.22637e-04    1
 Kinetic       3.237111639221328e+02     3.48253e-05    1
 N-E          -8.212150663490200e+02     5.97613e-04    1
 Coulomb       1.809360812166170e+02    -6.22777e-04    1
 Exchange      0.000000000000000e+00     0.00000e+00    1
 X-C          -2.860204497313373e+01     1.13444e-05    1
------------------------------------------------------------
 Electronic   -3.451700605030300e+02    -2.36044e-06    1
 Nuclear       2.079653353960365e+01     0.00000e+00    1
------------------------------------------------------------
 Total        -3.243735269634263e+02    -2.36044e-06    1
============================================================


################ Wall time: 6.34523e+02 sec ################




####################### SCF cycle  5 #######################


============================================================
 Current precision                              1.00000e-07
------------------------------------------------------------
 Orbital threshold                              1.00000e-06
 Property threshold                            -1.00000e+00
============================================================


============================================================
                   Calculating SCF energy
------------------------------------------------------------
 Nuclear energy                       2.079653353960365e+01
 Electronic energy                   -3.451700605961304e+02
------------------------------------------------------------
 Total energy                        -3.243735270565267e+02
------------------------------------------------------------
                 Wall time: 3.97509e+01 sec 
============================================================


============================================================
                Rotating Helmholtz argument
------------------------------------------------------------
 Rotating orbitals                              3.39916e+00
------------------------------------------------------------
                 Wall time: 3.39925e+00 sec 
============================================================


============================================================
                Applying Helmholtz operators
------------------------------------------------------------
 Orb    RealNorm   Nodes     ImagNorm   Nodes     Timing
------------------------------------------------------------
  0    1.00000e+00  1064    0.00000e+00     0   1.19589e+02
  4    1.00000e+00   936    0.00000e+00     0   1.12800e+02
  8    1.00000e+00   872    0.00000e+00     0   1.05721e+02
------------------------------------------------------------
                 Wall time: 3.38145e+02 sec 
============================================================


============================================================
                 Lowdin orthonormalization
------------------------------------------------------------
 Computing Lowdin matrix                        7.87731e+01
 Rotating orbitals                              2.44486e+00
------------------------------------------------------------
                 Wall time: 8.12181e+01 sec 
============================================================


============================================================
               Iterative subspace accelerator
------------------------------------------------------------
 Push back orbitals                             2.56213e-01
 Setup linear system                            2.78252e+00
 Solve linear system                            1.06950e-05
 Expand solution                                5.06071e+00
------------------------------------------------------------
                 Wall time: 8.09960e+00 sec 
============================================================


============================================================
                 Lowdin orthonormalization
------------------------------------------------------------
 Computing Lowdin matrix                        2.30676e+00
 Rotating orbitals                              3.47248e+00
------------------------------------------------------------
                 Wall time: 5.77932e+00 sec 
============================================================


============================================================
                  Setting up Fock operator
------------------------------------------------------------
 Precision                                      1.00000e-07
------------------------------------------------------------
 Coulomb density                      1256      2.75678e+00
 Coulomb potential                     744      7.60930e+01
 Allreduce potential                   808      2.53770e+00
 XC total density                     1608      3.78144e+00
 XC evaluate xcfun                    8040      2.67999e+01
 XC energy                            1608      1.59512e-04
 XC potential                         1608      9.09739e-01
------------------------------------------------------------
                 Wall time: 1.13487e+02 sec 
============================================================


============================================================
                  Calculating Fock matrix
------------------------------------------------------------
 Kinetic part                         9.428824455999999e+00
 Potential part                       3.701219225800000e+01
------------------------------------------------------------
                 Wall time: 4.64411e+01 sec 
============================================================


============================================================
                          Orbitals
------------------------------------------------------------
 Orb    F(i,i)        Error         nNodes  Spin  Occ  Done 
------------------------------------------------------------
  0  -3.79044e+01   6.44149e-08       1064    p    2    1
  1  -3.79044e+01   6.39064e-08          0    p    2    1
  2  -2.05834e+00   1.63546e-06          0    p    2    0
  3  -2.05820e+00   1.67982e-06          0    p    2    0
  4  -1.03561e+00   3.83008e-06        936    p    2    0
  5  -1.03468e+00   3.33005e-06          0    p    2    0
  6  -1.03467e+00   6.78684e-06          0    p    2    0
  7  -1.03444e+00   5.69264e-06          0    p    2    0
  8  -1.03444e+00   3.26104e-06        872    p    2    0
  9  -1.03355e+00   3.31382e-06          0    p    2    0
 10  -1.14966e-01   5.12342e-05          0    p    2    0
------------------------------------------------------------
 Total error:                            5.25004e-05    0
============================================================


============================================================
                    Energy                 Update      Done 
------------------------------------------------------------
 Orbital      -1.724956225341648e+02    -5.10671e-05    1
 Kinetic       3.237111011713921e+02    -6.27507e-05    1
 N-E          -8.212149541884472e+02     1.12161e-04    1
 Coulomb       1.809360289150359e+02    -5.23016e-05    1
 Exchange      0.000000000000000e+00     0.00000e+00    1
 X-C          -2.860203998363640e+01     4.98950e-06    1
------------------------------------------------------------
 Electronic   -3.451700605961304e+02    -9.31004e-08    1
 Nuclear       2.079653353960365e+01     0.00000e+00    1
------------------------------------------------------------
 Total        -3.243735270565267e+02    -9.31004e-08    1
============================================================


################ Wall time: 6.37353e+02 sec ################




####################### SCF cycle  6 #######################


============================================================
 Current precision                              1.00000e-07
------------------------------------------------------------
 Orbital threshold                              1.00000e-06
 Property threshold                            -1.00000e+00
============================================================


============================================================
                   Calculating SCF energy
------------------------------------------------------------
 Nuclear energy                       2.079653353960365e+01
 Electronic energy                   -3.451700605986319e+02
------------------------------------------------------------
 Total energy                        -3.243735270590283e+02
------------------------------------------------------------
                 Wall time: 3.83518e+01 sec 
============================================================


============================================================
                Rotating Helmholtz argument
------------------------------------------------------------
 Rotating orbitals                              3.29374e+00
------------------------------------------------------------
                 Wall time: 3.29385e+00 sec 
============================================================


============================================================
                Applying Helmholtz operators
------------------------------------------------------------
 Orb    RealNorm   Nodes     ImagNorm   Nodes     Timing
------------------------------------------------------------
  0    1.00000e+00  1064    0.00000e+00     0   1.15594e+02
  4    1.00000e+00   936    0.00000e+00     0   1.16428e+02
  8    1.00000e+00   872    0.00000e+00     0   1.07237e+02
------------------------------------------------------------
                 Wall time: 3.39313e+02 sec 
============================================================


============================================================
                 Lowdin orthonormalization
------------------------------------------------------------
 Computing Lowdin matrix                        6.86154e+01
 Rotating orbitals                              2.33616e+00
------------------------------------------------------------
                 Wall time: 7.09517e+01 sec 
============================================================


============================================================
               Iterative subspace accelerator
------------------------------------------------------------
 Push back orbitals                             2.39742e-01
 Setup linear system                            2.72998e+00
 Solve linear system                            1.08190e-05
 Expand solution                                5.15547e+00
------------------------------------------------------------
                 Wall time: 8.12534e+00 sec 
============================================================


============================================================
                 Lowdin orthonormalization
------------------------------------------------------------
 Computing Lowdin matrix                        2.27171e+00
 Rotating orbitals                              3.54871e+00
------------------------------------------------------------
                 Wall time: 5.82053e+00 sec 
============================================================


============================================================
                  Setting up Fock operator
------------------------------------------------------------
 Precision                                      1.00000e-07
------------------------------------------------------------
 Coulomb density                      1256      2.81129e+00
 Coulomb potential                     744      7.85651e+01
 Allreduce potential                   808      3.06612e+00
 XC total density                     1608      4.03944e+00
 XC evaluate xcfun                    8040      2.66182e+01
 XC energy                            1608      1.72499e-04
 XC potential                         1608      9.11084e-01
------------------------------------------------------------
                 Wall time: 1.16629e+02 sec 
============================================================


============================================================
                  Calculating Fock matrix
------------------------------------------------------------
 Kinetic part                         9.632733972000000e+00
 Potential part                       3.901117370700000e+01
------------------------------------------------------------
                 Wall time: 4.86440e+01 sec 
============================================================


============================================================
                          Orbitals
------------------------------------------------------------
 Orb    F(i,i)        Error         nNodes  Spin  Occ  Done 
------------------------------------------------------------
  0  -3.79044e+01   1.25276e-08       1064    p    2    1
  1  -3.79044e+01   1.20340e-08          0    p    2    1
  2  -2.05834e+00   2.87088e-07          0    p    2    1
  3  -2.05820e+00   3.27081e-07          0    p    2    1
  4  -1.03562e+00   2.75668e-07        936    p    2    1
  5  -1.03468e+00   2.59622e-07          0    p    2    1
  6  -1.03467e+00   1.23498e-06          0    p    2    0
  7  -1.03444e+00   6.42059e-07          0    p    2    1
  8  -1.03444e+00   2.59033e-07        872    p    2    1
  9  -1.03355e+00   2.73199e-07          0    p    2    1
 10  -1.14966e-01   5.90996e-06          0    p    2    0
------------------------------------------------------------
 Total error:                            6.11064e-06    0
============================================================


============================================================
                    Energy                 Update      Done 
------------------------------------------------------------
 Orbital      -1.724955708659421e+02     5.16682e-05    1
 Kinetic       3.237111465017465e+02     4.53304e-05    1
 N-E          -8.212150478710922e+02    -9.36826e-05    1
 Coulomb       1.809360822111111e+02     5.32961e-05    1
 Exchange      0.000000000000000e+00     0.00000e+00    1
 X-C          -2.860204518704096e+01    -5.20340e-06    1
------------------------------------------------------------
 Electronic   -3.451700605986319e+02    -2.50157e-09    1
 Nuclear       2.079653353960365e+01     0.00000e+00    1
------------------------------------------------------------
 Total        -3.243735270590283e+02    -2.50157e-09    1
============================================================


################ Wall time: 6.32255e+02 sec ################




####################### SCF cycle  7 #######################


============================================================
 Current precision                              1.00000e-07
------------------------------------------------------------
 Orbital threshold                              1.00000e-06
 Property threshold                            -1.00000e+00
============================================================


============================================================
                   Calculating SCF energy
------------------------------------------------------------
 Nuclear energy                       2.079653353960365e+01
 Electronic energy                   -3.451700605987561e+02
------------------------------------------------------------
 Total energy                        -3.243735270591524e+02
------------------------------------------------------------
                 Wall time: 3.94333e+01 sec 
============================================================


============================================================
                Rotating Helmholtz argument
------------------------------------------------------------
 Rotating orbitals                              3.36317e+00
------------------------------------------------------------
                 Wall time: 3.36328e+00 sec 
============================================================


============================================================
                Applying Helmholtz operators
------------------------------------------------------------
 Orb    RealNorm   Nodes     ImagNorm   Nodes     Timing
------------------------------------------------------------
  0    1.00000e+00  1064    0.00000e+00     0   1.20915e+02
  4    1.00000e+00   936    0.00000e+00     0   1.15134e+02
  8    1.00000e+00   872    0.00000e+00     0   1.09802e+02
------------------------------------------------------------
                 Wall time: 3.45913e+02 sec 
============================================================


============================================================
                 Lowdin orthonormalization
------------------------------------------------------------
 Computing Lowdin matrix                        6.62826e+01
 Rotating orbitals                              2.19128e+00
------------------------------------------------------------
                 Wall time: 6.84740e+01 sec 
============================================================


============================================================
               Iterative subspace accelerator
------------------------------------------------------------
 Push back orbitals                             3.33301e-01
 Setup linear system                            2.74922e+00
 Solve linear system                            1.06830e-05
 Expand solution                                4.69632e+00
------------------------------------------------------------
                 Wall time: 7.77900e+00 sec 
============================================================


============================================================
                 Lowdin orthonormalization
------------------------------------------------------------
 Computing Lowdin matrix                        1.62690e+00
 Rotating orbitals                              2.52261e+00
------------------------------------------------------------
                 Wall time: 4.14959e+00 sec 
============================================================


============================================================
                  Setting up Fock operator
------------------------------------------------------------
 Precision                                      1.00000e-07
------------------------------------------------------------
 Coulomb density                      1256      2.85564e+00
 Coulomb potential                     744      8.08228e+01
 Allreduce potential                   808      3.62317e+00
 XC total density                     1608      4.12740e+00
 XC evaluate xcfun                    8040      2.63150e+01
 XC energy                            1608      1.67213e-04
 XC potential                         1608      8.76600e-01
------------------------------------------------------------
                 Wall time: 1.19258e+02 sec 
============================================================


============================================================
                  Calculating Fock matrix
------------------------------------------------------------
 Kinetic part                         1.018477673200000e+01
 Potential part                       4.001580439500000e+01
------------------------------------------------------------
                 Wall time: 5.02007e+01 sec 
============================================================


============================================================
                          Orbitals
------------------------------------------------------------
 Orb    F(i,i)        Error         nNodes  Spin  Occ  Done 
------------------------------------------------------------
  0  -3.79044e+01   1.24032e-08       1064    p    2    1
  1  -3.79044e+01   1.13607e-08          0    p    2    1
  2  -2.05834e+00   1.10295e-07          0    p    2    1
  3  -2.05820e+00   1.26169e-07          0    p    2    1
  4  -1.03561e+00   1.38668e-07        936    p    2    1
  5  -1.03468e+00   1.27435e-07          0    p    2    1
  6  -1.03467e+00   4.88618e-07          0    p    2    1
  7  -1.03444e+00   1.89890e-07          0    p    2    1
  8  -1.03444e+00   1.25607e-07        872    p    2    1
  9  -1.03355e+00   1.26206e-07          0    p    2    1
 10  -1.14966e-01   1.77948e-06          0    p    2    0
------------------------------------------------------------
 Total error:                            1.88066e-06    0
============================================================


============================================================
                    Energy                 Update      Done 
------------------------------------------------------------
 Orbital      -1.724955897221536e+02    -1.88562e-05    1
 Kinetic       3.237111245878144e+02    -2.19139e-05    1
 N-E          -8.212150087109929e+02     3.91601e-05    1
 Coulomb       1.809360626265840e+02    -1.95845e-05    1
 Exchange      0.000000000000000e+00     0.00000e+00    1
 X-C          -2.860204284553692e+01     2.34150e-06    1
------------------------------------------------------------
 Electronic   -3.451700605987561e+02    -1.24146e-10    1
 Nuclear       2.079653353960365e+01     0.00000e+00    1
------------------------------------------------------------
 Total        -3.243735270591524e+02    -1.24146e-10    1
============================================================


################ Wall time: 6.39401e+02 sec ################




####################### SCF cycle  8 #######################


============================================================
 Current precision                              1.00000e-07
------------------------------------------------------------
 Orbital threshold                              1.00000e-06
 Property threshold                            -1.00000e+00
============================================================


============================================================
                   Calculating SCF energy
------------------------------------------------------------
 Nuclear energy                       2.079653353960365e+01
 Electronic energy                   -3.451700605987754e+02
------------------------------------------------------------
 Total energy                        -3.243735270591717e+02
------------------------------------------------------------
                 Wall time: 4.16339e+01 sec 
============================================================


============================================================
                Rotating Helmholtz argument
------------------------------------------------------------
 Rotating orbitals                              3.33324e+00
------------------------------------------------------------
                 Wall time: 3.33336e+00 sec 
============================================================


============================================================
                Applying Helmholtz operators
------------------------------------------------------------
 Orb    RealNorm   Nodes     ImagNorm   Nodes     Timing
------------------------------------------------------------
  0    1.00000e+00  1064    0.00000e+00     0   1.25458e+02
  4    1.00000e+00   936    0.00000e+00     0   1.20993e+02
  8    1.00000e+00   872    0.00000e+00     0   1.12272e+02
------------------------------------------------------------
                 Wall time: 3.58760e+02 sec 
============================================================


============================================================
                 Lowdin orthonormalization
------------------------------------------------------------
 Computing Lowdin matrix                        7.75055e+01
 Rotating orbitals                              2.25058e+00
------------------------------------------------------------
                 Wall time: 7.97562e+01 sec 
============================================================


============================================================
               Iterative subspace accelerator
------------------------------------------------------------
 Push back orbitals                             3.06539e-01
 Setup linear system                            2.84534e+00
 Solve linear system                            1.10170e-05
 Expand solution                                4.44895e+00
------------------------------------------------------------
                 Wall time: 7.60099e+00 sec 
============================================================


============================================================
                 Lowdin orthonormalization
------------------------------------------------------------
 Computing Lowdin matrix                        1.41228e+00
 Rotating orbitals                              2.26662e+00
------------------------------------------------------------
                 Wall time: 3.67898e+00 sec 
============================================================


============================================================
                  Setting up Fock operator
------------------------------------------------------------
 Precision                                      1.00000e-07
------------------------------------------------------------
 Coulomb density                      1256      2.94664e+00
 Coulomb potential                     744      8.43591e+01
 Allreduce potential                   808      5.63599e+00
 XC total density                     1608      4.30827e+00
 XC evaluate xcfun                    8040      2.65017e+01
 XC energy                            1608      1.68889e-04
 XC potential                         1608      9.02136e-01
------------------------------------------------------------
                 Wall time: 1.25320e+02 sec 
============================================================


============================================================
                  Calculating Fock matrix
------------------------------------------------------------
 Kinetic part                         1.041840329400000e+01
 Potential part                       4.158721965000000e+01
------------------------------------------------------------
                 Wall time: 5.20057e+01 sec 
============================================================


============================================================
                          Orbitals
------------------------------------------------------------
 Orb    F(i,i)        Error         nNodes  Spin  Occ  Done 
------------------------------------------------------------
  0  -3.79044e+01   7.86038e-09       1064    p    2    1
  1  -3.79044e+01   6.57333e-09          0    p    2    1
  2  -2.05834e+00   4.61605e-08          0    p    2    1
  3  -2.05820e+00   4.92706e-08          0    p    2    1
  4  -1.03561e+00   4.01786e-08        936    p    2    1
  5  -1.03468e+00   3.78528e-08          0    p    2    1
  6  -1.03467e+00   1.79330e-07          0    p    2    1
  7  -1.03444e+00   5.61696e-08          0    p    2    1
  8  -1.03444e+00   3.72462e-08        872    p    2    1
  9  -1.03355e+00   3.71071e-08          0    p    2    1
 10  -1.14966e-01   5.59630e-07          0    p    2    1
------------------------------------------------------------
 Total error:                            5.99145e-07    1
============================================================


============================================================
                    Energy                 Update      Done 
------------------------------------------------------------
 Orbital      -1.724955826096869e+02     7.11247e-06    1
 Kinetic       3.237111332493677e+02     8.66155e-06    1
 N-E          -8.212150238495655e+02    -1.51386e-05    1
 Coulomb       1.809360700259730e+02     7.39939e-06    1
 Exchange      0.000000000000000e+00     0.00000e+00    1
 X-C          -2.860204376155328e+01    -9.16016e-07    1
------------------------------------------------------------
 Electronic   -3.451700605987754e+02    -1.93268e-11    1
 Nuclear       2.079653353960365e+01     0.00000e+00    1
------------------------------------------------------------
 Total        -3.243735270591717e+02    -1.93268e-11    1
============================================================


################ Wall time: 6.72820e+02 sec ################


============================================================
                      Convergence rate
------------------------------------------------------------
Iter    OrbError       Property                   Update  
------------------------------------------------------------
  1    1.36347e-02    -3.243734288011527e+02   -3.24373e+02
  2    4.22263e-03    -3.243735144334916e+02   -8.56323e-05
  3    2.64871e-03    -3.243735246029851e+02   -1.01695e-05
  4    4.55309e-04    -3.243735269634263e+02   -2.36044e-06
  5    5.25004e-05    -3.243735270565267e+02   -9.31004e-08
  6    6.11064e-06    -3.243735270590283e+02   -2.50157e-09
  7    1.88066e-06    -3.243735270591524e+02   -1.24146e-10
  8    5.99145e-07    -3.243735270591717e+02   -1.93268e-11
------------------------------------------------------------
                      SCF converged!!!                      
============================================================


============================================================
                  Digonalizing Fock matrix
------------------------------------------------------------
 Computing Lowdin matrix                        6.60447e-01
 Diagonalizing matrix                           2.46270e-05
 Rotating orbitals                              3.41108e+00
------------------------------------------------------------
                 Wall time: 4.07165e+00 sec 
============================================================


============================================================
                  Setting up Fock operator
------------------------------------------------------------
 Precision                                      1.00000e-07
------------------------------------------------------------
 Coulomb density                      1448      3.22487e+00
 Coulomb potential                     744      7.30919e+01
 Allreduce potential                   808      3.43392e+00
 XC total density                     1672      4.09361e+00
 XC evaluate xcfun                    8360      2.71212e+01
 XC energy                            1672      1.55329e-04
 XC potential                         1672      7.62223e-01
------------------------------------------------------------
                 Wall time: 1.12323e+02 sec 
============================================================


============================================================
                   Calculating SCF energy
------------------------------------------------------------
------------------------------------------------------------
                 Wall time: 4.12954e+01 sec 
============================================================


============================================================
                 Calculating dipole moment
------------------------------------------------------------
------------------------------------------------------------
                 Wall time: 1.59622e+01 sec 
============================================================


============================================================
                        Fock matrix
------------------------------------------------------------
-3.79044e+01  0.00000e+00  0.00000e+00  0.00000e+00  0.00000e+00  0.00000e+00  0.00000e+00  0.00000e+00  0.00000e+00  0.00000e+00  0.00000e+00
 0.00000e+00 -3.79044e+01  0.00000e+00  0.00000e+00  0.00000e+00  0.00000e+00  0.00000e+00  0.00000e+00  0.00000e+00  0.00000e+00  0.00000e+00
 0.00000e+00  0.00000e+00 -2.05834e+00  0.00000e+00  0.00000e+00  0.00000e+00  0.00000e+00  0.00000e+00  0.00000e+00  0.00000e+00  0.00000e+00
 0.00000e+00  0.00000e+00  0.00000e+00 -2.05820e+00  0.00000e+00  0.00000e+00  0.00000e+00  0.00000e+00  0.00000e+00  0.00000e+00  0.00000e+00
 0.00000e+00  0.00000e+00  0.00000e+00  0.00000e+00 -1.03561e+00  0.00000e+00  0.00000e+00  0.00000e+00  0.00000e+00  0.00000e+00  0.00000e+00
 0.00000e+00  0.00000e+00  0.00000e+00  0.00000e+00  0.00000e+00 -1.03468e+00  0.00000e+00  0.00000e+00  0.00000e+00  0.00000e+00  0.00000e+00
 0.00000e+00  0.00000e+00  0.00000e+00  0.00000e+00  0.00000e+00  0.00000e+00 -1.03467e+00  0.00000e+00  0.00000e+00  0.00000e+00  0.00000e+00
 0.00000e+00  0.00000e+00  0.00000e+00  0.00000e+00  0.00000e+00  0.00000e+00  0.00000e+00 -1.03444e+00  0.00000e+00  0.00000e+00  0.00000e+00
 0.00000e+00  0.00000e+00  0.00000e+00  0.00000e+00  0.00000e+00  0.00000e+00  0.00000e+00  0.00000e+00 -1.03444e+00  0.00000e+00  0.00000e+00
 0.00000e+00  0.00000e+00  0.00000e+00  0.00000e+00  0.00000e+00  0.00000e+00  0.00000e+00  0.00000e+00  0.00000e+00 -1.03355e+00  0.00000e+00
 0.00000e+00  0.00000e+00  0.00000e+00  0.00000e+00  0.00000e+00  0.00000e+00  0.00000e+00  0.00000e+00  0.00000e+00  0.00000e+00 -1.14966e-01
============================================================


============================================================
                      Orbital energies
------------------------------------------------------------
    n  spin  occ                            epsilon  
------------------------------------------------------------
    0    p    2                      -3.790443971686778e+01
    1    p    2                      -3.790443949326124e+01
    2    p    2                      -2.058344419943711e+00
    3    p    2                      -2.058199235595008e+00
    4    p    2                      -1.035614912998913e+00
    5    p    2                      -1.034677355988651e+00
    6    p    2                      -1.034673845148471e+00
    7    p    2                      -1.034444120207020e+00
    8    p    2                      -1.034443354533014e+00
    9    p    2                      -1.033550457386496e+00
   10    p    2                      -1.149661252207196e-01
============================================================


============================================================
                          Molecule
------------------------------------------------------------
 Nr  Element             x             y             z      
------------------------------------------------------------
  1     Na          0.00000e+00   0.00000e+00   0.00000e+00
  2     Na          0.00000e+00   0.00000e+00   5.81828e+00
------------------------------------------------------------
 Center of mass:    0.00000e+00   0.00000e+00   2.90914e+00
============================================================


                                                            
============================================================
                         SCF Energy                         
------------------------------------------------------------
                                                            
 Sum orbital energy:                 -1.724955860743020e+02
 Kinetic energy:                      3.237111291693668e+02
 E-N energy:                         -8.212150166084851e+02
 Coulomb energy:                      1.809360664230444e+02
 Exchange energy:                     0.000000000000000e+00
 X-C energy:                         -2.860204332882146e+01
 El. external field energy:          -1.962643656562088e-04
 Nuc. external field energy:         -1.458770022231279e-14
                                                            
------------------------------------------------------------
                                                            
 Electronic energy:                  -3.451700606092610e+02
 Nuclear energy:                      2.079653353960365e+01
                                                            
------------------------------------------------------------
                                                            
 Total energy       (au)             -3.243735270696574e+02
                    (kJ/mol)         -8.516425720594452e+05
                    (kcal/mol)       -2.035474597291378e+05
                    (eV)             -8.826652945119045e+03
                                                            
============================================================
                                                            

                                                            
============================================================
                         Dipole moment                      
------------------------------------------------------------
                                                            
 Length of vector:   (au)                  1.9626436567e-01
                     (Debye)               4.9885421174e-01
                                                            
-------------------------- Total ---------------------------
                                                            
 [-1.3286816220e-11, -1.9626436567e-01, -8.7500720928e-07] 
                                                            
------------------------- Nuclear --------------------------
                                                            
 [-1.4278839274e-11, -1.4587700222e-11,  1.1250023135e-10] 
                                                            
------------------------ Electronic ------------------------
                                                            
 [ 9.9202305358e-13, -1.9626436566e-01, -8.7511970951e-07] 
                                                            
============================================================
                                                            



************************************************************
***                                                      ***
***                    Exiting MRChem                    ***
***                                                      ***
***               Wall time: 5.396726e+03                ***
***                                                      ***
************************************************************


