


************************************************************
***     __  __ ____   ____ _                             ***
***    |  \/  |  _ \ / ___| |__   ___ _ __ ___           ***
***    | |\/| | |_) | |   | '_ \ / _ \ '_ ` _ \          ***
***    | |  | |  _ <| |___| | | |  __/ | | | | |         ***
***    |_|  |_|_| \_\\____|_| |_|\___|_| |_| |_|         ***
***                                                      ***
***    VERSION 0.0.1 (rev. 1c6f79f)                     ***
***                                                      ***
***    Stig Rune Jensen <stig.r.jensen@uit.no>           ***
***    Luca Frediani    <luca.frediani@uit.no>           ***
***    Peter Wind       <peter.wind@uit.no>              ***
***                                                      ***
************************************************************


+++ Parallel execution: 
  MPI hosts available     : 4
  Threads/host            : 2
  Total used CPUs         : 8


------------------------------------------------------------

 MRCPP version   : X.Y.Z
 Git revision    : bbc2aed

 Linear algebra  : EIGEN
 Parallelization : MPI/OpenMP

------------------------------------------------------------




============================================================
                  MultiResolution Analysis                  
------------------------------------------------------------
 polynomial order = 11
 polynomial type  = Interpolating
------------------------------------------------------------
 total boxes      = 8
 boxes            = [           2           2           2 ]
 unit lengths     = [    32.00000    32.00000    32.00000 ]
 scaling factor   = [     1.00000     1.00000     1.00000 ]
 lower bounds     = [   -32.00000   -32.00000   -32.00000 ]
 upper bounds     = [    32.00000    32.00000    32.00000 ]
 total length     = [    64.00000    64.00000    64.00000 ]
============================================================


============================================================
                          Molecule
------------------------------------------------------------
 Nr  Element             x             y             z      
------------------------------------------------------------
  1     Na          0.00000e+00   0.00000e+00   0.00000e+00
  2     H           0.00000e+00   0.00000e+00   3.56667e+00
------------------------------------------------------------
 Center of mass:    0.00000e+00   0.00000e+00   1.49805e-01
============================================================


============================================================
                Setting up nuclear potential
------------------------------------------------------------
 Nr  Element         Charge        Precision     Smoothing 
------------------------------------------------------------
  1     Na          1.10000e+01   1.00000e-07   1.39265e-05
  2     H           1.00000e+00   1.00000e-07   7.57698e-04
------------------------------------------------------------
 Nuclear potential                    1416      1.36765e+00
 Allreduce potential                  2088      7.19996e-01
------------------------------------------------------------
                 Wall time: 2.08777e+00 sec 
============================================================


============================================================
 OrbitalVector:   6 orbitals     6 occupied    12 electrons
------------------------------------------------------------
   n  RankID           Norm          Spin Occ      Error    
------------------------------------------------------------
   0     0       1.000000000000e+00    p   2    1.00000e+00
   1     1      -1.000000000000e+00    p   2    1.00000e+00
   2     2      -1.000000000000e+00    p   2    1.00000e+00
   3     3      -1.000000000000e+00    p   2    1.00000e+00
   4     0       1.000000000000e+00    p   2    1.00000e+00
   5     1      -1.000000000000e+00    p   2    1.00000e+00
============================================================


============================================================
                  Setting up Fock operator
------------------------------------------------------------
 Precision                                      1.00000e-07
------------------------------------------------------------
 Coulomb density                       968      1.63903e+00
 Coulomb potential                     520      5.34591e+01
 Allreduce potential                   584      3.80724e+00
 XC total density                     1192      2.26142e+00
 XC evaluate xcfun                    2384      6.52305e+00
 XC energy                            1192      1.76451e-04
 XC potential                         1192      7.89660e-02
------------------------------------------------------------
                 Wall time: 6.77905e+01 sec 
============================================================


============================================================
                  Calculating Fock matrix
------------------------------------------------------------
 Kinetic part                         6.034989618000000e+00
 Potential part                       1.608506271600000e+01
------------------------------------------------------------
                 Wall time: 2.21202e+01 sec 
============================================================




####################### SCF cycle  1 #######################


============================================================
 Current precision                              1.00000e-07
------------------------------------------------------------
 Orbital threshold                              1.00000e-06
 Property threshold                            -1.00000e+00
============================================================


============================================================
                  Digonalizing Fock matrix
------------------------------------------------------------
 Computing Lowdin matrix                        2.73341e-01
 Diagonalizing matrix                           1.19150e-05
 Rotating orbitals                              1.25629e+00
------------------------------------------------------------
                 Wall time: 1.52973e+00 sec 
============================================================


============================================================
                   Calculating SCF energy
------------------------------------------------------------
 Nuclear energy                       3.084110277506603e+00
 Electronic energy                   -1.650889941711155e+02
------------------------------------------------------------
 Total energy                        -1.620048838936089e+02
------------------------------------------------------------
                 Wall time: 1.35490e+01 sec 
============================================================


============================================================
                Rotating Helmholtz argument
------------------------------------------------------------
 Rotating orbitals                              4.20764e-01
------------------------------------------------------------
                 Wall time: 4.20852e-01 sec 
============================================================


============================================================
                Applying Helmholtz operators
------------------------------------------------------------
 Orb    RealNorm   Nodes     ImagNorm   Nodes     Timing
------------------------------------------------------------
  0    1.00000e+00   840    0.00000e+00     0   8.86861e+01
  4    1.00000e+00   744    0.00000e+00     0   8.09075e+01
------------------------------------------------------------
                 Wall time: 1.69603e+02 sec 
============================================================


============================================================
                 Lowdin orthonormalization
------------------------------------------------------------
 Computing Lowdin matrix                        3.17447e+01
 Rotating orbitals                              1.00128e+00
------------------------------------------------------------
                 Wall time: 3.27460e+01 sec 
============================================================


============================================================
               Iterative subspace accelerator
------------------------------------------------------------
 Push back orbitals                             8.41314e-02
 Copy orbitals                                  8.04146e-02
 Copy orbital updates                           8.10855e-02
------------------------------------------------------------
                 Wall time: 2.45767e-01 sec 
============================================================


============================================================
                 Lowdin orthonormalization
------------------------------------------------------------
 Computing Lowdin matrix                        2.70617e-01
 Rotating orbitals                              6.08474e-01
------------------------------------------------------------
                 Wall time: 8.79176e-01 sec 
============================================================


============================================================
                  Setting up Fock operator
------------------------------------------------------------
 Precision                                      1.00000e-07
------------------------------------------------------------
 Coulomb density                       968      1.51531e+00
 Coulomb potential                     520      5.47200e+01
 Allreduce potential                   584      4.00066e+00
 XC total density                     1192      2.09291e+00
 XC evaluate xcfun                    2384      6.53348e+00
 XC energy                            1192      1.61205e-04
 XC potential                         1192      5.77155e-02
------------------------------------------------------------
                 Wall time: 6.89415e+01 sec 
============================================================


============================================================
                  Calculating Fock matrix
------------------------------------------------------------
 Kinetic part                         4.951056942000000e+00
 Potential part                       1.430031763400000e+01
------------------------------------------------------------
                 Wall time: 1.92515e+01 sec 
============================================================


============================================================
                          Orbitals
------------------------------------------------------------
 Orb    F(i,i)        Error         nNodes  Spin  Occ  Done 
------------------------------------------------------------
  0  -3.77062e+01   1.55616e-06        840    p    2    0
  1  -2.05204e+00   4.16458e-05          0    p    2    0
  2  -1.04999e+00   1.42045e-04          0    p    2    0
  3  -1.04999e+00   3.08190e-04          0    p    2    0
  4  -1.04742e+00   1.43471e-04        744    p    2    0
  5  -1.58795e-01   5.29657e-03          0    p    2    0
------------------------------------------------------------
 Total error:                            5.30954e-03    0
============================================================


============================================================
                    Energy                 Update      Done 
------------------------------------------------------------
 Orbital      -8.612884626607669e+01    -8.61288e+01    1
 Kinetic       1.614265158241345e+02     1.61427e+02    1
 N-E          -3.960335552183260e+02    -3.96034e+02    1
 Coulomb       8.339460730672587e+01     8.33946e+01    1
 Exchange      0.000000000000000e+00     0.00000e+00    1
 X-C          -1.387656208364985e+01    -1.38766e+01    1
------------------------------------------------------------
 Electronic   -1.650889941711155e+02    -1.65089e+02    1
 Nuclear       3.084110277506603e+00     3.08411e+00    1
------------------------------------------------------------
 Total        -1.620048838936089e+02    -1.62005e+02    1
============================================================


################ Wall time: 3.07362e+02 sec ################




####################### SCF cycle  2 #######################


============================================================
 Current precision                              1.00000e-07
------------------------------------------------------------
 Orbital threshold                              1.00000e-06
 Property threshold                            -1.00000e+00
============================================================


============================================================
                  Digonalizing Fock matrix
------------------------------------------------------------
 Computing Lowdin matrix                        2.45069e-01
 Diagonalizing matrix                           1.02650e-05
 Rotating orbitals                              1.13844e+00
------------------------------------------------------------
                 Wall time: 1.38361e+00 sec 
============================================================


============================================================
                   Calculating SCF energy
------------------------------------------------------------
 Nuclear energy                       3.084110277506603e+00
 Electronic energy                   -1.650890130469375e+02
------------------------------------------------------------
 Total energy                        -1.620049027694309e+02
------------------------------------------------------------
                 Wall time: 1.36882e+01 sec 
============================================================


============================================================
                Rotating Helmholtz argument
------------------------------------------------------------
 Rotating orbitals                              4.21668e-01
------------------------------------------------------------
                 Wall time: 4.21748e-01 sec 
============================================================


============================================================
                Applying Helmholtz operators
------------------------------------------------------------
 Orb    RealNorm   Nodes     ImagNorm   Nodes     Timing
------------------------------------------------------------
  0    1.00000e+00   840    0.00000e+00     0   8.93655e+01
  4    1.00000e+00   744    0.00000e+00     0   8.02839e+01
------------------------------------------------------------
                 Wall time: 1.69661e+02 sec 
============================================================


============================================================
                 Lowdin orthonormalization
------------------------------------------------------------
 Computing Lowdin matrix                        2.98480e+01
 Rotating orbitals                              1.06617e+00
------------------------------------------------------------
                 Wall time: 3.09143e+01 sec 
============================================================


============================================================
               Iterative subspace accelerator
------------------------------------------------------------
 Push back orbitals                             1.28555e-01
 Copy orbitals                                  8.01997e-02
 Copy orbital updates                           7.94903e-02
------------------------------------------------------------
                 Wall time: 2.88375e-01 sec 
============================================================


============================================================
                 Lowdin orthonormalization
------------------------------------------------------------
 Computing Lowdin matrix                        2.68221e-01
 Rotating orbitals                              5.97617e-01
------------------------------------------------------------
                 Wall time: 8.65922e-01 sec 
============================================================


============================================================
                  Setting up Fock operator
------------------------------------------------------------
 Precision                                      1.00000e-07
------------------------------------------------------------
 Coulomb density                       968      1.48433e+00
 Coulomb potential                     520      5.41492e+01
 Allreduce potential                   584      3.92030e+00
 XC total density                     1192      2.06695e+00
 XC evaluate xcfun                    2384      6.46642e+00
 XC energy                            1192      1.63252e-04
 XC potential                         1192      5.74001e-02
------------------------------------------------------------
                 Wall time: 6.81655e+01 sec 
============================================================


============================================================
                  Calculating Fock matrix
------------------------------------------------------------
 Kinetic part                         4.967270533000000e+00
 Potential part                       1.408730919900000e+01
------------------------------------------------------------
                 Wall time: 1.90547e+01 sec 
============================================================


============================================================
                          Orbitals
------------------------------------------------------------
 Orb    F(i,i)        Error         nNodes  Spin  Occ  Done 
------------------------------------------------------------
  0  -3.77062e+01   7.87031e-07        840    p    2    1
  1  -2.05205e+00   1.32601e-05          0    p    2    0
  2  -1.05000e+00   1.04980e-04          0    p    2    0
  3  -1.05000e+00   2.54524e-05          0    p    2    0
  4  -1.04743e+00   3.32501e-05        744    p    2    0
  5  -1.58813e-01   1.51421e-03          0    p    2    0
------------------------------------------------------------
 Total error:                            1.51848e-03    0
============================================================


============================================================
                    Energy                 Update      Done 
------------------------------------------------------------
 Orbital      -8.612893693679763e+01    -9.06707e-05    1
 Kinetic       1.614264980590599e+02    -1.77651e-05    1
 N-E          -3.960334599486179e+02     9.52697e-05    1
 Coulomb       8.339453285140222e+01    -7.44553e-05    1
 Exchange      0.000000000000000e+00     0.00000e+00    1
 X-C          -1.387655353930117e+01     8.54435e-06    1
------------------------------------------------------------
 Electronic   -1.650890130469375e+02    -1.88758e-05    1
 Nuclear       3.084110277506603e+00     0.00000e+00    1
------------------------------------------------------------
 Total        -1.620049027694309e+02    -1.88758e-05    1
============================================================


################ Wall time: 3.04642e+02 sec ################




####################### SCF cycle  3 #######################


============================================================
 Current precision                              1.00000e-07
------------------------------------------------------------
 Orbital threshold                              1.00000e-06
 Property threshold                            -1.00000e+00
============================================================


============================================================
                   Calculating SCF energy
------------------------------------------------------------
 Nuclear energy                       3.084110277506603e+00
 Electronic energy                   -1.650890149220715e+02
------------------------------------------------------------
 Total energy                        -1.620049046445649e+02
------------------------------------------------------------
                 Wall time: 1.41993e+01 sec 
============================================================


============================================================
                Rotating Helmholtz argument
------------------------------------------------------------
 Rotating orbitals                              1.23199e+00
------------------------------------------------------------
                 Wall time: 1.23209e+00 sec 
============================================================


============================================================
                Applying Helmholtz operators
------------------------------------------------------------
 Orb    RealNorm   Nodes     ImagNorm   Nodes     Timing
------------------------------------------------------------
  0    1.00000e+00   840    0.00000e+00     0   9.09289e+01
  4    1.00000e+00   744    0.00000e+00     0   8.12110e+01
------------------------------------------------------------
                 Wall time: 1.72152e+02 sec 
============================================================


============================================================
                 Lowdin orthonormalization
------------------------------------------------------------
 Computing Lowdin matrix                        2.91022e+01
 Rotating orbitals                              1.07864e+00
------------------------------------------------------------
                 Wall time: 3.01810e+01 sec 
============================================================


============================================================
               Iterative subspace accelerator
------------------------------------------------------------
 Push back orbitals                             1.30423e-01
 Setup linear system                            2.37434e-01
 Solve linear system                            1.13750e-05
 Expand solution                                9.79223e-01
------------------------------------------------------------
                 Wall time: 1.34724e+00 sec 
============================================================


============================================================
                 Lowdin orthonormalization
------------------------------------------------------------
 Computing Lowdin matrix                        4.50630e-01
 Rotating orbitals                              1.16900e+00
------------------------------------------------------------
                 Wall time: 1.61972e+00 sec 
============================================================


============================================================
                  Setting up Fock operator
------------------------------------------------------------
 Precision                                      1.00000e-07
------------------------------------------------------------
 Coulomb density                       968      1.54609e+00
 Coulomb potential                     520      5.51673e+01
 Allreduce potential                   584      4.50441e+00
 XC total density                     1192      2.13038e+00
 XC evaluate xcfun                    2384      6.48054e+00
 XC energy                            1192      1.63514e-04
 XC potential                         1192      5.97973e-02
------------------------------------------------------------
                 Wall time: 6.99091e+01 sec 
============================================================


============================================================
                  Calculating Fock matrix
------------------------------------------------------------
 Kinetic part                         4.820115217000000e+00
 Potential part                       1.433744764500000e+01
------------------------------------------------------------
                 Wall time: 1.91577e+01 sec 
============================================================


============================================================
                          Orbitals
------------------------------------------------------------
 Orb    F(i,i)        Error         nNodes  Spin  Occ  Done 
------------------------------------------------------------
  0  -3.77063e+01   6.21931e-07        840    p    2    1
  1  -2.05205e+00   8.90864e-06          0    p    2    0
  2  -1.05000e+00   1.05449e-04          0    p    2    0
  3  -1.05000e+00   3.21847e-05          0    p    2    0
  4  -1.04743e+00   3.67731e-05        744    p    2    0
  5  -1.58817e-01   1.09929e-03          0    p    2    0
------------------------------------------------------------
 Total error:                            1.10545e-03    0
============================================================


============================================================
                    Energy                 Update      Done 
------------------------------------------------------------
 Orbital      -8.612906920419444e+01    -1.32267e-04    1
 Kinetic       1.614264639669651e+02    -3.40921e-05    1
 N-E          -3.960333021818402e+02     1.57767e-04    1
 Coulomb       8.339439704246695e+01    -1.35809e-04    1
 Exchange      0.000000000000000e+00     0.00000e+00    1
 X-C          -1.387653598870902e+01     1.75506e-05    1
------------------------------------------------------------
 Electronic   -1.650890149220715e+02    -1.87513e-06    1
 Nuclear       3.084110277506603e+00     0.00000e+00    1
------------------------------------------------------------
 Total        -1.620049046445649e+02    -1.87513e-06    1
============================================================


################ Wall time: 3.10197e+02 sec ################




####################### SCF cycle  4 #######################


============================================================
 Current precision                              1.00000e-07
------------------------------------------------------------
 Orbital threshold                              1.00000e-06
 Property threshold                            -1.00000e+00
============================================================


============================================================
                   Calculating SCF energy
------------------------------------------------------------
 Nuclear energy                       3.084110277506603e+00
 Electronic energy                   -1.650890154749917e+02
------------------------------------------------------------
 Total energy                        -1.620049051974851e+02
------------------------------------------------------------
                 Wall time: 1.45505e+01 sec 
============================================================


============================================================
                Rotating Helmholtz argument
------------------------------------------------------------
 Rotating orbitals                              1.21243e+00
------------------------------------------------------------
                 Wall time: 1.21252e+00 sec 
============================================================


============================================================
                Applying Helmholtz operators
------------------------------------------------------------
 Orb    RealNorm   Nodes     ImagNorm   Nodes     Timing
------------------------------------------------------------
  0    1.00000e+00   840    0.00000e+00     0   9.32737e+01
  4    1.00000e+00   744    0.00000e+00     0   8.14513e+01
------------------------------------------------------------
                 Wall time: 1.74725e+02 sec 
============================================================


============================================================
                 Lowdin orthonormalization
------------------------------------------------------------
 Computing Lowdin matrix                        2.94408e+01
 Rotating orbitals                              1.08207e+00
------------------------------------------------------------
                 Wall time: 3.05230e+01 sec 
============================================================


============================================================
               Iterative subspace accelerator
------------------------------------------------------------
 Push back orbitals                             1.77093e-01
 Setup linear system                            7.14106e-01
 Solve linear system                            1.43430e-05
 Expand solution                                1.60888e+00
------------------------------------------------------------
                 Wall time: 2.50025e+00 sec 
============================================================


============================================================
                 Lowdin orthonormalization
------------------------------------------------------------
 Computing Lowdin matrix                        5.32656e-01
 Rotating orbitals                              1.32881e+00
------------------------------------------------------------
                 Wall time: 1.86156e+00 sec 
============================================================


============================================================
                  Setting up Fock operator
------------------------------------------------------------
 Precision                                      1.00000e-07
------------------------------------------------------------
 Coulomb density                       968      1.51681e+00
 Coulomb potential                     520      5.56154e+01
 Allreduce potential                   584      4.36165e+00
 XC total density                     1192      2.22976e+00
 XC evaluate xcfun                    2384      6.45483e+00
 XC energy                            1192      1.58725e-04
 XC potential                         1192      5.80354e-02
------------------------------------------------------------
                 Wall time: 7.02569e+01 sec 
============================================================


============================================================
                  Calculating Fock matrix
------------------------------------------------------------
 Kinetic part                         5.302288740000000e+00
 Potential part                       1.490270141200000e+01
------------------------------------------------------------
                 Wall time: 2.02051e+01 sec 
============================================================


============================================================
                          Orbitals
------------------------------------------------------------
 Orb    F(i,i)        Error         nNodes  Spin  Occ  Done 
------------------------------------------------------------
  0  -3.77063e+01   1.90515e-07        840    p    2    1
  1  -2.05205e+00   3.95670e-06          0    p    2    0
  2  -1.05001e+00   3.48996e-05          0    p    2    0
  3  -1.05001e+00   7.79798e-06          0    p    2    0
  4  -1.04743e+00   7.74565e-06        744    p    2    0
  5  -1.58819e-01   2.27366e-04          0    p    2    0
------------------------------------------------------------
 Total error:                            2.30326e-04    0
============================================================


============================================================
                    Energy                 Update      Done 
------------------------------------------------------------
 Orbital      -8.612911351319173e+01    -4.43090e-05    1
 Kinetic       1.614264739023761e+02     9.93541e-06    1
 N-E          -3.960332658372555e+02     3.63446e-05    1
 Coulomb       8.339435274560688e+01    -4.42969e-05    1
 Exchange      0.000000000000000e+00     0.00000e+00    1
 X-C          -1.387653408332580e+01     1.90538e-06    1
------------------------------------------------------------
 Electronic   -1.650890154749917e+02    -5.52920e-07    1
 Nuclear       3.084110277506603e+00     0.00000e+00    1
------------------------------------------------------------
 Total        -1.620049051974851e+02    -5.52920e-07    1
============================================================


################ Wall time: 3.16264e+02 sec ################




####################### SCF cycle  5 #######################


============================================================
 Current precision                              1.00000e-07
------------------------------------------------------------
 Orbital threshold                              1.00000e-06
 Property threshold                            -1.00000e+00
============================================================


============================================================
                   Calculating SCF energy
------------------------------------------------------------
 Nuclear energy                       3.084110277506603e+00
 Electronic energy                   -1.650890155052654e+02
------------------------------------------------------------
 Total energy                        -1.620049052277588e+02
------------------------------------------------------------
                 Wall time: 1.51142e+01 sec 
============================================================


============================================================
                Rotating Helmholtz argument
------------------------------------------------------------
 Rotating orbitals                              1.20438e+00
------------------------------------------------------------
                 Wall time: 1.20447e+00 sec 
============================================================


============================================================
                Applying Helmholtz operators
------------------------------------------------------------
 Orb    RealNorm   Nodes     ImagNorm   Nodes     Timing
------------------------------------------------------------
  0    1.00000e+00   840    0.00000e+00     0   9.50263e+01
  4    1.00000e+00   744    0.00000e+00     0   8.26446e+01
------------------------------------------------------------
                 Wall time: 1.77671e+02 sec 
============================================================


============================================================
                 Lowdin orthonormalization
------------------------------------------------------------
 Computing Lowdin matrix                        3.00619e+01
 Rotating orbitals                              1.03039e+00
------------------------------------------------------------
                 Wall time: 3.10924e+01 sec 
============================================================


============================================================
               Iterative subspace accelerator
------------------------------------------------------------
 Push back orbitals                             2.35446e-01
 Setup linear system                            1.48139e+00
 Solve linear system                            9.20800e-06
 Expand solution                                2.47940e+00
------------------------------------------------------------
                 Wall time: 4.19638e+00 sec 
============================================================


============================================================
                 Lowdin orthonormalization
------------------------------------------------------------
 Computing Lowdin matrix                        6.53398e-01
 Rotating orbitals                              1.41720e+00
------------------------------------------------------------
                 Wall time: 2.07068e+00 sec 
============================================================


============================================================
                  Setting up Fock operator
------------------------------------------------------------
 Precision                                      1.00000e-07
------------------------------------------------------------
 Coulomb density                       968      1.50165e+00
 Coulomb potential                     520      5.58778e+01
 Allreduce potential                   584      7.77333e+00
 XC total density                     1192      2.23999e+00
 XC evaluate xcfun                    2384      6.44140e+00
 XC energy                            1192      1.62849e-04
 XC potential                         1192      5.79294e-02
------------------------------------------------------------
                 Wall time: 7.39142e+01 sec 
============================================================


============================================================
                  Calculating Fock matrix
------------------------------------------------------------
 Kinetic part                         5.025872045000000e+00
 Potential part                       1.506184482500000e+01
------------------------------------------------------------
                 Wall time: 2.00878e+01 sec 
============================================================


============================================================
                          Orbitals
------------------------------------------------------------
 Orb    F(i,i)        Error         nNodes  Spin  Occ  Done 
------------------------------------------------------------
  0  -3.77063e+01   5.24682e-08        840    p    2    1
  1  -2.05205e+00   5.76629e-07          0    p    2    1
  2  -1.05000e+00   6.01579e-06          0    p    2    0
  3  -1.05000e+00   7.18382e-07          0    p    2    1
  4  -1.04743e+00   9.02548e-07        744    p    2    1
  5  -1.58818e-01   2.44076e-05          0    p    2    0
------------------------------------------------------------
 Total error:                            2.51711e-05    0
============================================================


============================================================
                    Energy                 Update      Done 
------------------------------------------------------------
 Orbital      -8.612913469990302e+01    -2.11867e-05    1
 Kinetic       1.614264641296330e+02    -9.77274e-06    1
 N-E          -3.960332363963507e+02     2.94409e-05    1
 Coulomb       8.339433072343920e+01    -2.20222e-05    1
 Exchange      0.000000000000000e+00     0.00000e+00    1
 X-C          -1.387653129802177e+01     2.78530e-06    1
------------------------------------------------------------
 Electronic   -1.650890155052654e+02    -3.02737e-08    1
 Nuclear       3.084110277506603e+00     0.00000e+00    1
------------------------------------------------------------
 Total        -1.620049052277588e+02    -3.02737e-08    1
============================================================


################ Wall time: 3.25862e+02 sec ################




####################### SCF cycle  6 #######################


============================================================
 Current precision                              1.00000e-07
------------------------------------------------------------
 Orbital threshold                              1.00000e-06
 Property threshold                            -1.00000e+00
============================================================


============================================================
                   Calculating SCF energy
------------------------------------------------------------
 Nuclear energy                       3.084110277506603e+00
 Electronic energy                   -1.650890155063772e+02
------------------------------------------------------------
 Total energy                        -1.620049052288706e+02
------------------------------------------------------------
                 Wall time: 1.54407e+01 sec 
============================================================


============================================================
                Rotating Helmholtz argument
------------------------------------------------------------
 Rotating orbitals                              1.26306e+00
------------------------------------------------------------
                 Wall time: 1.26316e+00 sec 
============================================================


============================================================
                Applying Helmholtz operators
------------------------------------------------------------
 Orb    RealNorm   Nodes     ImagNorm   Nodes     Timing
------------------------------------------------------------
  0    1.00000e+00   840    0.00000e+00     0   9.70855e+01
  4    1.00000e+00   744    0.00000e+00     0   8.30720e+01
------------------------------------------------------------
                 Wall time: 1.80167e+02 sec 
============================================================


============================================================
                 Lowdin orthonormalization
------------------------------------------------------------
 Computing Lowdin matrix                        3.14686e+01
 Rotating orbitals                              1.04361e+00
------------------------------------------------------------
                 Wall time: 3.25123e+01 sec 
============================================================


============================================================
               Iterative subspace accelerator
------------------------------------------------------------
 Push back orbitals                             2.64414e-01
 Setup linear system                            1.49733e+00
 Solve linear system                            9.33900e-06
 Expand solution                                2.50048e+00
------------------------------------------------------------
                 Wall time: 4.26238e+00 sec 
============================================================


============================================================
                 Lowdin orthonormalization
------------------------------------------------------------
 Computing Lowdin matrix                        6.59710e-01
 Rotating orbitals                              1.25907e+00
------------------------------------------------------------
                 Wall time: 1.91886e+00 sec 
============================================================


============================================================
                  Setting up Fock operator
------------------------------------------------------------
 Precision                                      1.00000e-07
------------------------------------------------------------
 Coulomb density                       968      1.64562e+00
 Coulomb potential                     520      5.84924e+01
 Allreduce potential                   584      5.51974e+00
 XC total density                     1192      2.20785e+00
 XC evaluate xcfun                    2384      6.58868e+00
 XC energy                            1192      1.96251e-04
 XC potential                         1192      6.39679e-02
------------------------------------------------------------
                 Wall time: 7.45406e+01 sec 
============================================================


============================================================
                  Calculating Fock matrix
------------------------------------------------------------
 Kinetic part                         5.018229480000000e+00
 Potential part                       1.553495601400000e+01
------------------------------------------------------------
                 Wall time: 2.05533e+01 sec 
============================================================


============================================================
                          Orbitals
------------------------------------------------------------
 Orb    F(i,i)        Error         nNodes  Spin  Occ  Done 
------------------------------------------------------------
  0  -3.77063e+01   1.27603e-08        840    p    2    1
  1  -2.05205e+00   1.92309e-07          0    p    2    1
  2  -1.05000e+00   1.35069e-06          0    p    2    0
  3  -1.05000e+00   1.21003e-07          0    p    2    1
  4  -1.04743e+00   1.41643e-07        744    p    2    1
  5  -1.58819e-01   4.23910e-06          0    p    2    0
------------------------------------------------------------
 Total error:                            4.45715e-06    0
============================================================


============================================================
                    Energy                 Update      Done 
------------------------------------------------------------
 Orbital      -8.612912269792078e+01     1.20020e-05    1
 Kinetic       1.614264713069704e+02     7.17734e-06    1
 N-E          -3.960332543213981e+02    -1.79250e-05    1
 Coulomb       8.339434329302861e+01     1.25696e-05    1
 Exchange      0.000000000000000e+00     0.00000e+00    1
 X-C          -1.387653310566064e+01    -1.80764e-06    1
------------------------------------------------------------
 Electronic   -1.650890155063772e+02    -1.11174e-09    1
 Nuclear       3.084110277506603e+00     0.00000e+00    1
------------------------------------------------------------
 Total        -1.620049052288706e+02    -1.11174e-09    1
============================================================


################ Wall time: 3.31153e+02 sec ################




####################### SCF cycle  7 #######################


============================================================
 Current precision                              1.00000e-07
------------------------------------------------------------
 Orbital threshold                              1.00000e-06
 Property threshold                            -1.00000e+00
============================================================


============================================================
                   Calculating SCF energy
------------------------------------------------------------
 Nuclear energy                       3.084110277506603e+00
 Electronic energy                   -1.650890155064653e+02
------------------------------------------------------------
 Total energy                        -1.620049052289587e+02
------------------------------------------------------------
                 Wall time: 1.61700e+01 sec 
============================================================


============================================================
                Rotating Helmholtz argument
------------------------------------------------------------
 Rotating orbitals                              1.23650e+00
------------------------------------------------------------
                 Wall time: 1.23659e+00 sec 
============================================================


============================================================
                Applying Helmholtz operators
------------------------------------------------------------
 Orb    RealNorm   Nodes     ImagNorm   Nodes     Timing
------------------------------------------------------------
  0    1.00000e+00   840    0.00000e+00     0   9.73711e+01
  4    1.00000e+00   744    0.00000e+00     0   8.51684e+01
------------------------------------------------------------
                 Wall time: 1.82540e+02 sec 
============================================================


============================================================
                 Lowdin orthonormalization
------------------------------------------------------------
 Computing Lowdin matrix                        3.47337e+01
 Rotating orbitals                              1.02918e+00
------------------------------------------------------------
                 Wall time: 3.57629e+01 sec 
============================================================


============================================================
               Iterative subspace accelerator
------------------------------------------------------------
 Push back orbitals                             1.79095e-01
 Setup linear system                            1.46496e+00
 Solve linear system                            9.41800e-06
 Expand solution                                2.38069e+00
------------------------------------------------------------
                 Wall time: 4.02490e+00 sec 
============================================================


============================================================
                 Lowdin orthonormalization
------------------------------------------------------------
 Computing Lowdin matrix                        5.13140e-01
 Rotating orbitals                              8.95370e-01
------------------------------------------------------------
                 Wall time: 1.40858e+00 sec 
============================================================


============================================================
                  Setting up Fock operator
------------------------------------------------------------
 Precision                                      1.00000e-07
------------------------------------------------------------
 Coulomb density                       968      1.71866e+00
 Coulomb potential                     520      5.77395e+01
 Allreduce potential                   584      8.65109e+00
 XC total density                     1192      2.23421e+00
 XC evaluate xcfun                    2384      6.61833e+00
 XC energy                            1192      1.62745e-04
 XC potential                         1192      5.87661e-02
------------------------------------------------------------
                 Wall time: 7.70426e+01 sec 
============================================================


============================================================
                  Calculating Fock matrix
------------------------------------------------------------
 Kinetic part                         4.930283758000000e+00
 Potential part                       1.566584219100000e+01
------------------------------------------------------------
                 Wall time: 2.05962e+01 sec 
============================================================


============================================================
                          Orbitals
------------------------------------------------------------
 Orb    F(i,i)        Error         nNodes  Spin  Occ  Done 
------------------------------------------------------------
  0  -3.77063e+01   7.77511e-09        840    p    2    1
  1  -2.05205e+00   6.59651e-08          0    p    2    1
  2  -1.05000e+00   4.86777e-07          0    p    2    1
  3  -1.05000e+00   3.10130e-08          0    p    2    1
  4  -1.04743e+00   3.85467e-08        744    p    2    1
  5  -1.58818e-01   1.31190e-06          0    p    2    0
------------------------------------------------------------
 Total error:                            1.40174e-06    0
============================================================


============================================================
                    Energy                 Update      Done 
------------------------------------------------------------
 Orbital      -8.612912774989465e+01    -5.05197e-06    1
 Kinetic       1.614264672348137e+02    -4.07216e-06    1
 N-E          -3.960332458363723e+02     8.48503e-06    1
 Coulomb       8.339433794564737e+01    -5.34738e-06    1
 Exchange      0.000000000000000e+00     0.00000e+00    1
 X-C          -1.387653216667545e+01     9.38985e-07    1
------------------------------------------------------------
 Electronic   -1.650890155064653e+02    -8.81357e-11    1
 Nuclear       3.084110277506603e+00     0.00000e+00    1
------------------------------------------------------------
 Total        -1.620049052289587e+02    -8.81357e-11    1
============================================================


################ Wall time: 3.39188e+02 sec ################




####################### SCF cycle  8 #######################


============================================================
 Current precision                              1.00000e-07
------------------------------------------------------------
 Orbital threshold                              1.00000e-06
 Property threshold                            -1.00000e+00
============================================================


============================================================
                   Calculating SCF energy
------------------------------------------------------------
 Nuclear energy                       3.084110277506603e+00
 Electronic energy                   -1.650890155064791e+02
------------------------------------------------------------
 Total energy                        -1.620049052289725e+02
------------------------------------------------------------
                 Wall time: 1.62381e+01 sec 
============================================================


============================================================
                Rotating Helmholtz argument
------------------------------------------------------------
 Rotating orbitals                              1.25068e+00
------------------------------------------------------------
                 Wall time: 1.25077e+00 sec 
============================================================


============================================================
                Applying Helmholtz operators
------------------------------------------------------------
 Orb    RealNorm   Nodes     ImagNorm   Nodes     Timing
------------------------------------------------------------
  0    1.00000e+00   840    0.00000e+00     0   9.88654e+01
  4    1.00000e+00   744    0.00000e+00     0   8.78204e+01
------------------------------------------------------------
                 Wall time: 1.86697e+02 sec 
============================================================


============================================================
                 Lowdin orthonormalization
------------------------------------------------------------
 Computing Lowdin matrix                        3.67799e+01
 Rotating orbitals                              1.03696e+00
------------------------------------------------------------
                 Wall time: 3.78170e+01 sec 
============================================================


============================================================
               Iterative subspace accelerator
------------------------------------------------------------
 Push back orbitals                             2.17910e-01
 Setup linear system                            1.50074e+00
 Solve linear system                            9.22700e-06
 Expand solution                                2.28232e+00
------------------------------------------------------------
                 Wall time: 4.00113e+00 sec 
============================================================


============================================================
                 Lowdin orthonormalization
------------------------------------------------------------
 Computing Lowdin matrix                        4.78823e-01
 Rotating orbitals                              8.90716e-01
------------------------------------------------------------
                 Wall time: 1.36962e+00 sec 
============================================================


============================================================
                  Setting up Fock operator
------------------------------------------------------------
 Precision                                      1.00000e-07
------------------------------------------------------------
 Coulomb density                       968      1.65430e+00
 Coulomb potential                     520      5.82154e+01
 Allreduce potential                   584      8.77233e+00
 XC total density                     1192      2.28498e+00
 XC evaluate xcfun                    2384      6.62510e+00
 XC energy                            1192      1.71293e-04
 XC potential                         1192      6.08252e-02
------------------------------------------------------------
                 Wall time: 7.76346e+01 sec 
============================================================


============================================================
                  Calculating Fock matrix
------------------------------------------------------------
 Kinetic part                         4.983147477000000e+00
 Potential part                       1.559876976400000e+01
------------------------------------------------------------
                 Wall time: 2.05820e+01 sec 
============================================================


============================================================
                          Orbitals
------------------------------------------------------------
 Orb    F(i,i)        Error         nNodes  Spin  Occ  Done 
------------------------------------------------------------
  0  -3.77063e+01   8.18813e-09        840    p    2    1
  1  -2.05205e+00   3.91573e-08          0    p    2    1
  2  -1.05000e+00   2.04321e-07          0    p    2    1
  3  -1.05000e+00   1.15388e-08          0    p    2    1
  4  -1.04743e+00   1.57092e-08        744    p    2    1
  5  -1.58818e-01   5.02861e-07          0    p    2    1
------------------------------------------------------------
 Total error:                            5.44607e-07    1
============================================================


============================================================
                    Energy                 Update      Done 
------------------------------------------------------------
 Orbital      -8.612912590386287e+01     1.84603e-06    1
 Kinetic       1.614264686911976e+02     1.45638e-06    1
 N-E          -3.960332489466942e+02    -3.11032e-06    1
 Coulomb       8.339433987983193e+01     1.93418e-06    1
 Exchange      0.000000000000000e+00     0.00000e+00    1
 X-C          -1.387653244608768e+01    -2.79412e-07    1
------------------------------------------------------------
 Electronic   -1.650890155064791e+02    -1.38130e-11    1
 Nuclear       3.084110277506603e+00     0.00000e+00    1
------------------------------------------------------------
 Total        -1.620049052289725e+02    -1.38130e-11    1
============================================================


################ Wall time: 3.46006e+02 sec ################


============================================================
                      Convergence rate
------------------------------------------------------------
Iter    OrbError       Property                   Update  
------------------------------------------------------------
  1    5.30954e-03    -1.620048838936089e+02   -1.62005e+02
  2    1.51848e-03    -1.620049027694309e+02   -1.88758e-05
  3    1.10545e-03    -1.620049046445649e+02   -1.87513e-06
  4    2.30326e-04    -1.620049051974851e+02   -5.52920e-07
  5    2.51711e-05    -1.620049052277588e+02   -3.02737e-08
  6    4.45715e-06    -1.620049052288706e+02   -1.11174e-09
  7    1.40174e-06    -1.620049052289587e+02   -8.81357e-11
  8    5.44607e-07    -1.620049052289725e+02   -1.38130e-11
------------------------------------------------------------
                      SCF converged!!!                      
============================================================


============================================================
                  Digonalizing Fock matrix
------------------------------------------------------------
 Computing Lowdin matrix                        2.41928e-01
 Diagonalizing matrix                           9.87800e-06
 Rotating orbitals                              1.27843e+00
------------------------------------------------------------
                 Wall time: 1.52046e+00 sec 
============================================================


============================================================
                  Setting up Fock operator
------------------------------------------------------------
 Precision                                      1.00000e-07
------------------------------------------------------------
 Coulomb density                       968      1.54983e+00
 Coulomb potential                     520      5.34480e+01
 Allreduce potential                   584      3.87236e+00
 XC total density                     1192      2.12435e+00
 XC evaluate xcfun                    2384      6.44986e+00
 XC energy                            1192      1.54867e-04
 XC potential                         1192      5.82027e-02
------------------------------------------------------------
                 Wall time: 6.75233e+01 sec 
============================================================


============================================================
                   Calculating SCF energy
------------------------------------------------------------
------------------------------------------------------------
                 Wall time: 1.55642e+01 sec 
============================================================


============================================================
                 Calculating dipole moment
------------------------------------------------------------
------------------------------------------------------------
                 Wall time: 7.68051e+00 sec 
============================================================


============================================================
                        Fock matrix
------------------------------------------------------------
-3.77063e+01  0.00000e+00  0.00000e+00  0.00000e+00  0.00000e+00  0.00000e+00
 0.00000e+00 -2.05205e+00  0.00000e+00  0.00000e+00  0.00000e+00  0.00000e+00
 0.00000e+00  0.00000e+00 -1.05000e+00  0.00000e+00  0.00000e+00  0.00000e+00
 0.00000e+00  0.00000e+00  0.00000e+00 -1.05000e+00  0.00000e+00  0.00000e+00
 0.00000e+00  0.00000e+00  0.00000e+00  0.00000e+00 -1.04743e+00  0.00000e+00
 0.00000e+00  0.00000e+00  0.00000e+00  0.00000e+00  0.00000e+00 -1.58818e-01
============================================================


============================================================
                      Orbital energies
------------------------------------------------------------
    n  spin  occ                            epsilon  
------------------------------------------------------------
    0    p    2                      -3.770625123671951e+01
    1    p    2                      -2.052052140108566e+00
    2    p    2                      -1.050004746307849e+00
    3    p    2                      -1.050004449337511e+00
    4    p    2                      -1.047432217575928e+00
    5    p    2                      -1.588183873759725e-01
============================================================


============================================================
                          Molecule
------------------------------------------------------------
 Nr  Element             x             y             z      
------------------------------------------------------------
  1     Na          0.00000e+00   0.00000e+00   0.00000e+00
  2     H           0.00000e+00   0.00000e+00   3.56667e+00
------------------------------------------------------------
 Center of mass:    0.00000e+00   0.00000e+00   1.49805e-01
============================================================


                                                            
============================================================
                         SCF Energy                         
------------------------------------------------------------
                                                            
 Sum orbital energy:                 -8.612912635485068e+01
 Kinetic energy:                      1.614264682938705e+02
 E-N energy:                         -3.960332481532782e+02
 Coulomb energy:                      8.339433940317744e+01
 Exchange energy:                     0.000000000000000e+00
 X-C energy:                         -1.387653236490998e+01
 El. external field energy:          -4.268533395388153e-05
 Nuc. external field energy:          7.685028023904382e-15
                                                            
------------------------------------------------------------
                                                            
 Electronic energy:                  -1.650890155064742e+02
 Nuclear energy:                      3.084110277506603e+00
                                                            
------------------------------------------------------------
                                                            
 Total energy       (au)             -1.620049052289676e+02
                    (kJ/mol)         -4.253438171167905e+05
                    (kcal/mol)       -1.016596120556248e+05
                    (eV)             -4.408377856174196e+03
                                                            
============================================================
                                                            

                                                            
============================================================
                         Dipole moment                      
------------------------------------------------------------
                                                            
 Length of vector:   (au)                  2.2327737052e+00
                     (Debye)               5.6751441499e+00
                                                            
-------------------------- Total ---------------------------
                                                            
 [ 4.2685333946e-02, -8.1259230117e-12, -2.2323656467e+00] 
                                                            
------------------------- Nuclear --------------------------
                                                            
 [-7.6850280239e-12, -8.0186375982e-12,  1.7690030634e+00] 
                                                            
------------------------ Electronic ------------------------
                                                            
 [ 4.2685333954e-02, -1.0728541353e-13, -4.0013687102e+00] 
                                                            
============================================================
                                                            



************************************************************
***                                                      ***
***                    Exiting MRChem                    ***
***                                                      ***
***               Wall time: 2.767297e+03                ***
***                                                      ***
************************************************************


