


************************************************************
***     __  __ ____   ____ _                             ***
***    |  \/  |  _ \ / ___| |__   ___ _ __ ___           ***
***    | |\/| | |_) | |   | '_ \ / _ \ '_ ` _ \          ***
***    | |  | |  _ <| |___| | | |  __/ | | | | |         ***
***    |_|  |_|_| \_\\____|_| |_|\___|_| |_| |_|         ***
***                                                      ***
***    VERSION 0.0.1 (rev. 1c6f79f)                     ***
***                                                      ***
***    Stig Rune Jensen <stig.r.jensen@uit.no>           ***
***    Luca Frediani    <luca.frediani@uit.no>           ***
***    Peter Wind       <peter.wind@uit.no>              ***
***                                                      ***
************************************************************


+++ Parallel execution: 
  MPI hosts available     : 4
  Threads/host            : 2
  Total used CPUs         : 8


------------------------------------------------------------

 MRCPP version   : X.Y.Z
 Git revision    : bbc2aed

 Linear algebra  : EIGEN
 Parallelization : MPI/OpenMP

------------------------------------------------------------




============================================================
                  MultiResolution Analysis                  
------------------------------------------------------------
 polynomial order = 11
 polynomial type  = Interpolating
------------------------------------------------------------
 total boxes      = 8
 boxes            = [           2           2           2 ]
 unit lengths     = [    32.00000    32.00000    32.00000 ]
 scaling factor   = [     1.00000     1.00000     1.00000 ]
 lower bounds     = [   -32.00000   -32.00000   -32.00000 ]
 upper bounds     = [    32.00000    32.00000    32.00000 ]
 total length     = [    64.00000    64.00000    64.00000 ]
============================================================


============================================================
                          Molecule
------------------------------------------------------------
 Nr  Element             x             y             z      
------------------------------------------------------------
  1     Ne          0.00000e+00   0.00000e+00   0.00000e+00
------------------------------------------------------------
 Center of mass:    0.00000e+00   0.00000e+00   0.00000e+00
============================================================


============================================================
                Setting up nuclear potential
------------------------------------------------------------
 Nr  Element         Charge        Precision     Smoothing 
------------------------------------------------------------
  1     Ne          1.00000e+01   1.00000e-07   1.63241e-05
------------------------------------------------------------
 Nuclear potential                    1352      1.28073e+00
 Allreduce potential                  1352      3.79490e-01
------------------------------------------------------------
                 Wall time: 1.66035e+00 sec 
============================================================


============================================================
 OrbitalVector:   5 orbitals     5 occupied    10 electrons
------------------------------------------------------------
   n  RankID           Norm          Spin Occ      Error    
------------------------------------------------------------
   0     0       1.000000000000e+00    p   2    1.00000e+00
   1     1      -1.000000000000e+00    p   2    1.00000e+00
   2     2      -1.000000000000e+00    p   2    1.00000e+00
   3     3      -1.000000000000e+00    p   2    1.00000e+00
   4     0       1.000000000000e+00    p   2    1.00000e+00
============================================================


============================================================
                  Setting up Fock operator
------------------------------------------------------------
 Precision                                      1.00000e-07
------------------------------------------------------------
 Coulomb density                       840      1.30717e+00
 Coulomb potential                     520      5.31732e+01
 Allreduce potential                   520      1.62500e-01
 XC total density                      840      1.54528e+00
 XC evaluate xcfun                    4200      1.37848e+01
 XC energy                             840      1.69795e-04
 XC potential                          840      4.58646e-01
------------------------------------------------------------
                 Wall time: 7.07761e+01 sec 
============================================================


============================================================
                  Calculating Fock matrix
------------------------------------------------------------
 Kinetic part                         3.587203274000000e+00
 Potential part                       1.406661451400000e+01
------------------------------------------------------------
                 Wall time: 1.76539e+01 sec 
============================================================




####################### SCF cycle  1 #######################


============================================================
 Current precision                              1.00000e-07
------------------------------------------------------------
 Orbital threshold                              1.00000e-06
 Property threshold                            -1.00000e+00
============================================================


============================================================
                  Digonalizing Fock matrix
------------------------------------------------------------
 Computing Lowdin matrix                        2.12135e-01
 Diagonalizing matrix                           1.04880e-05
 Rotating orbitals                              9.21884e-01
------------------------------------------------------------
                 Wall time: 1.13412e+00 sec 
============================================================


============================================================
                   Calculating SCF energy
------------------------------------------------------------
 Nuclear energy                      -6.409151502703367e-15
 Electronic energy                   -1.288664334724329e+02
------------------------------------------------------------
 Total energy                        -1.288664334724329e+02
------------------------------------------------------------
                 Wall time: 1.33581e+01 sec 
============================================================


============================================================
                Rotating Helmholtz argument
------------------------------------------------------------
 Rotating orbitals                              3.04942e-01
------------------------------------------------------------
                 Wall time: 3.05038e-01 sec 
============================================================


============================================================
                Applying Helmholtz operators
------------------------------------------------------------
 Orb    RealNorm   Nodes     ImagNorm   Nodes     Timing
------------------------------------------------------------
  0    1.00000e+00   776    0.00000e+00     0   8.92096e+01
  4    1.00000e+00   520    0.00000e+00     0   6.12746e+01
------------------------------------------------------------
                 Wall time: 1.50485e+02 sec 
============================================================


============================================================
                 Lowdin orthonormalization
------------------------------------------------------------
 Computing Lowdin matrix                        1.76210e-01
 Rotating orbitals                              8.86572e-01
------------------------------------------------------------
                 Wall time: 1.06288e+00 sec 
============================================================


============================================================
               Iterative subspace accelerator
------------------------------------------------------------
 Push back orbitals                             3.22910e-05
 Copy orbitals                                  7.13297e-02
 Copy orbital updates                           7.11820e-02
------------------------------------------------------------
                 Wall time: 1.42666e-01 sec 
============================================================


============================================================
                 Lowdin orthonormalization
------------------------------------------------------------
 Computing Lowdin matrix                        1.81946e-01
 Rotating orbitals                              4.58903e-01
------------------------------------------------------------
                 Wall time: 6.40935e-01 sec 
============================================================


============================================================
                  Setting up Fock operator
------------------------------------------------------------
 Precision                                      1.00000e-07
------------------------------------------------------------
 Coulomb density                       840      1.24288e+00
 Coulomb potential                     520      5.40247e+01
 Allreduce potential                   520      1.61710e-01
 XC total density                      840      1.49451e+00
 XC evaluate xcfun                    4200      1.38790e+01
 XC energy                             840      1.63854e-04
 XC potential                          840      4.81279e-01
------------------------------------------------------------
                 Wall time: 7.16028e+01 sec 
============================================================


============================================================
                  Calculating Fock matrix
------------------------------------------------------------
 Kinetic part                         3.495167137000000e+00
 Potential part                       1.398712852200000e+01
------------------------------------------------------------
                 Wall time: 1.74824e+01 sec 
============================================================


============================================================
                          Orbitals
------------------------------------------------------------
 Orb    F(i,i)        Error         nNodes  Spin  Occ  Done 
------------------------------------------------------------
  0  -3.04893e+01   1.91935e-06        840    p    2    0
  1  -1.33318e+00   8.85118e-05          0    p    2    0
  2  -4.90504e-01   3.32573e-04          0    p    2    0
  3  -4.90504e-01   3.32573e-04          0    p    2    0
  4  -4.90504e-01   6.31260e-04        520    p    2    0
------------------------------------------------------------
 Total error:                            7.92173e-04    0
============================================================


============================================================
                    Energy                 Update      Done 
------------------------------------------------------------
 Orbital      -6.658807329204218e+01    -6.65881e+01    1
 Kinetic       1.285626401537168e+02     1.28563e+02    1
 N-E          -3.108976472922145e+02    -3.10898e+02    1
 Coulomb       6.584310421302757e+01     6.58431e+01    1
 Exchange      0.000000000000000e+00     0.00000e+00    1
 X-C          -1.237453054696271e+01    -1.23745e+01    1
------------------------------------------------------------
 Electronic   -1.288664334724329e+02    -1.28866e+02    1
 Nuclear      -6.409151502703367e-15    -6.40915e-15    1
------------------------------------------------------------
 Total        -1.288664334724329e+02    -1.28866e+02    1
============================================================


################ Wall time: 2.56377e+02 sec ################




####################### SCF cycle  2 #######################


============================================================
 Current precision                              1.00000e-07
------------------------------------------------------------
 Orbital threshold                              1.00000e-06
 Property threshold                            -1.00000e+00
============================================================


============================================================
                  Digonalizing Fock matrix
------------------------------------------------------------
 Computing Lowdin matrix                        1.84698e-01
 Diagonalizing matrix                           8.51200e-06
 Rotating orbitals                              8.76629e-01
------------------------------------------------------------
                 Wall time: 1.06142e+00 sec 
============================================================


============================================================
                   Calculating SCF energy
------------------------------------------------------------
 Nuclear energy                      -6.409151502703367e-15
 Electronic energy                   -1.288664349781532e+02
------------------------------------------------------------
 Total energy                        -1.288664349781532e+02
------------------------------------------------------------
                 Wall time: 1.35138e+01 sec 
============================================================


============================================================
                Rotating Helmholtz argument
------------------------------------------------------------
 Rotating orbitals                              3.12829e-01
------------------------------------------------------------
                 Wall time: 3.12904e-01 sec 
============================================================


============================================================
                Applying Helmholtz operators
------------------------------------------------------------
 Orb    RealNorm   Nodes     ImagNorm   Nodes     Timing
------------------------------------------------------------
  0    1.00000e+00   776    0.00000e+00     0   8.88118e+01
  4    1.00000e+00   520    0.00000e+00     0   6.08027e+01
------------------------------------------------------------
                 Wall time: 1.49615e+02 sec 
============================================================


============================================================
                 Lowdin orthonormalization
------------------------------------------------------------
 Computing Lowdin matrix                        1.78193e-01
 Rotating orbitals                              8.65122e-01
------------------------------------------------------------
                 Wall time: 1.04341e+00 sec 
============================================================


============================================================
               Iterative subspace accelerator
------------------------------------------------------------
 Push back orbitals                             2.93900e-05
 Copy orbitals                                  7.11184e-02
 Copy orbital updates                           7.09001e-02
------------------------------------------------------------
                 Wall time: 1.42165e-01 sec 
============================================================


============================================================
                 Lowdin orthonormalization
------------------------------------------------------------
 Computing Lowdin matrix                        1.82242e-01
 Rotating orbitals                              4.60114e-01
------------------------------------------------------------
                 Wall time: 6.42461e-01 sec 
============================================================


============================================================
                  Setting up Fock operator
------------------------------------------------------------
 Precision                                      1.00000e-07
------------------------------------------------------------
 Coulomb density                       840      1.21136e+00
 Coulomb potential                     520      5.31997e+01
 Allreduce potential                   520      1.60254e-01
 XC total density                      840      1.45867e+00
 XC evaluate xcfun                    4200      1.37702e+01
 XC energy                             840      1.58653e-04
 XC potential                          840      4.76926e-01
------------------------------------------------------------
                 Wall time: 7.05920e+01 sec 
============================================================


============================================================
                  Calculating Fock matrix
------------------------------------------------------------
 Kinetic part                         3.480523008000000e+00
 Potential part                       1.368386458900000e+01
------------------------------------------------------------
                 Wall time: 1.71645e+01 sec 
============================================================


============================================================
                          Orbitals
------------------------------------------------------------
 Orb    F(i,i)        Error         nNodes  Spin  Occ  Done 
------------------------------------------------------------
  0  -3.04893e+01   3.70993e-07        840    p    2    1
  1  -1.33319e+00   2.47495e-05          0    p    2    0
  2  -4.90506e-01   9.23889e-05          0    p    2    0
  3  -4.90506e-01   3.40105e-05          0    p    2    0
  4  -4.90506e-01   3.40105e-05        520    p    2    0
------------------------------------------------------------
 Total error:                            1.07060e-04    0
============================================================


============================================================
                    Energy                 Update      Done 
------------------------------------------------------------
 Orbital      -6.658807028746438e+01     3.00458e-06    1
 Kinetic       1.285626560485450e+02     1.58948e-05    1
 N-E          -3.108976658307747e+02    -1.85386e-05    1
 Coulomb       6.584310901997105e+01     4.80694e-06    1
 Exchange      0.000000000000000e+00     0.00000e+00    1
 X-C          -1.237453154622395e+01    -9.99261e-07    1
------------------------------------------------------------
 Electronic   -1.288664349781532e+02    -1.50572e-06    1
 Nuclear      -6.409151502703367e-15     0.00000e+00    1
------------------------------------------------------------
 Total        -1.288664349781532e+02    -1.50572e-06    1
============================================================


################ Wall time: 2.54266e+02 sec ################




####################### SCF cycle  3 #######################


============================================================
 Current precision                              1.00000e-07
------------------------------------------------------------
 Orbital threshold                              1.00000e-06
 Property threshold                            -1.00000e+00
============================================================


============================================================
                   Calculating SCF energy
------------------------------------------------------------
 Nuclear energy                      -6.409151502703367e-15
 Electronic energy                   -1.288664350092121e+02
------------------------------------------------------------
 Total energy                        -1.288664350092121e+02
------------------------------------------------------------
                 Wall time: 1.35724e+01 sec 
============================================================


============================================================
                Rotating Helmholtz argument
------------------------------------------------------------
 Rotating orbitals                              9.52959e-01
------------------------------------------------------------
                 Wall time: 9.53052e-01 sec 
============================================================


============================================================
                Applying Helmholtz operators
------------------------------------------------------------
 Orb    RealNorm   Nodes     ImagNorm   Nodes     Timing
------------------------------------------------------------
  0    1.00000e+00   776    0.00000e+00     0   8.96096e+01
  4    1.00000e+00   520    0.00000e+00     0   6.15272e+01
------------------------------------------------------------
                 Wall time: 1.51147e+02 sec 
============================================================


============================================================
                 Lowdin orthonormalization
------------------------------------------------------------
 Computing Lowdin matrix                        1.74709e-01
 Rotating orbitals                              8.72628e-01
------------------------------------------------------------
                 Wall time: 1.04743e+00 sec 
============================================================


============================================================
               Iterative subspace accelerator
------------------------------------------------------------
 Push back orbitals                             3.18380e-05
 Setup linear system                            1.97018e-01
 Solve linear system                            1.17280e-05
 Expand solution                                8.76094e-01
------------------------------------------------------------
                 Wall time: 1.07328e+00 sec 
============================================================


============================================================
                 Lowdin orthonormalization
------------------------------------------------------------
 Computing Lowdin matrix                        3.66019e-01
 Rotating orbitals                              8.04172e-01
------------------------------------------------------------
                 Wall time: 1.17027e+00 sec 
============================================================


============================================================
                  Setting up Fock operator
------------------------------------------------------------
 Precision                                      1.00000e-07
------------------------------------------------------------
 Coulomb density                       840      1.29696e+00
 Coulomb potential                     520      5.42930e+01
 Allreduce potential                   520      1.61863e-01
 XC total density                      840      1.48856e+00
 XC evaluate xcfun                    4200      1.38279e+01
 XC energy                             840      1.60030e-04
 XC potential                          840      4.80036e-01
------------------------------------------------------------
                 Wall time: 7.18625e+01 sec 
============================================================


============================================================
                  Calculating Fock matrix
------------------------------------------------------------
 Kinetic part                         3.493221030000000e+00
 Potential part                       1.401065228600000e+01
------------------------------------------------------------
                 Wall time: 1.75040e+01 sec 
============================================================


============================================================
                          Orbitals
------------------------------------------------------------
 Orb    F(i,i)        Error         nNodes  Spin  Occ  Done 
------------------------------------------------------------
  0  -3.04893e+01   2.40345e-07        840    p    2    1
  1  -1.33319e+00   7.13480e-06          0    p    2    0
  2  -4.90505e-01   1.84049e-05          0    p    2    0
  3  -4.90505e-01   4.87093e-06          0    p    2    0
  4  -4.90505e-01   4.87093e-06        520    p    2    0
------------------------------------------------------------
 Total error:                            2.09083e-05    0
============================================================


============================================================
                    Energy                 Update      Done 
------------------------------------------------------------
 Orbital      -6.658809044342060e+01    -2.01560e-05    1
 Kinetic       1.285626435372700e+02    -1.25113e-05    1
 N-E          -3.108976345265069e+02     3.13043e-05    1
 Coulomb       6.584308811606031e+01    -2.09039e-05    1
 Exchange      0.000000000000000e+00     0.00000e+00    1
 X-C          -1.237452912686762e+01     2.41936e-06    1
------------------------------------------------------------
 Electronic   -1.288664350092121e+02    -3.10589e-08    1
 Nuclear      -6.409151502703367e-15     0.00000e+00    1
------------------------------------------------------------
 Total        -1.288664350092121e+02    -3.10589e-08    1
============================================================


################ Wall time: 2.58712e+02 sec ################




####################### SCF cycle  4 #######################


============================================================
 Current precision                              1.00000e-07
------------------------------------------------------------
 Orbital threshold                              1.00000e-06
 Property threshold                            -1.00000e+00
============================================================


============================================================
                   Calculating SCF energy
------------------------------------------------------------
 Nuclear energy                      -6.409151502703367e-15
 Electronic energy                   -1.288664350110702e+02
------------------------------------------------------------
 Total energy                        -1.288664350110702e+02
------------------------------------------------------------
                 Wall time: 1.39504e+01 sec 
============================================================


============================================================
                Rotating Helmholtz argument
------------------------------------------------------------
 Rotating orbitals                              9.62735e-01
------------------------------------------------------------
                 Wall time: 9.62828e-01 sec 
============================================================


============================================================
                Applying Helmholtz operators
------------------------------------------------------------
 Orb    RealNorm   Nodes     ImagNorm   Nodes     Timing
------------------------------------------------------------
  0    1.00000e+00   776    0.00000e+00     0   9.05121e+01
  4    1.00000e+00   520    0.00000e+00     0   6.24323e+01
------------------------------------------------------------
                 Wall time: 1.52959e+02 sec 
============================================================


============================================================
                 Lowdin orthonormalization
------------------------------------------------------------
 Computing Lowdin matrix                        1.74907e-01
 Rotating orbitals                              8.81417e-01
------------------------------------------------------------
                 Wall time: 1.05642e+00 sec 
============================================================


============================================================
               Iterative subspace accelerator
------------------------------------------------------------
 Push back orbitals                             1.69904e-02
 Setup linear system                            5.86519e-01
 Solve linear system                            1.41550e-05
 Expand solution                                1.54242e+00
------------------------------------------------------------
                 Wall time: 2.14611e+00 sec 
============================================================


============================================================
                 Lowdin orthonormalization
------------------------------------------------------------
 Computing Lowdin matrix                        4.09361e-01
 Rotating orbitals                              8.45529e-01
------------------------------------------------------------
                 Wall time: 1.25496e+00 sec 
============================================================


============================================================
                  Setting up Fock operator
------------------------------------------------------------
 Precision                                      1.00000e-07
------------------------------------------------------------
 Coulomb density                       840      1.28049e+00
 Coulomb potential                     520      5.50504e+01
 Allreduce potential                   520      1.61805e-01
 XC total density                      840      1.48148e+00
 XC evaluate xcfun                    4200      1.37803e+01
 XC energy                             840      1.65083e-04
 XC potential                          840      4.81142e-01
------------------------------------------------------------
                 Wall time: 7.25523e+01 sec 
============================================================


============================================================
                  Calculating Fock matrix
------------------------------------------------------------
 Kinetic part                         3.538394505000000e+00
 Potential part                       1.407615406800000e+01
------------------------------------------------------------
                 Wall time: 1.76147e+01 sec 
============================================================


============================================================
                          Orbitals
------------------------------------------------------------
 Orb    F(i,i)        Error         nNodes  Spin  Occ  Done 
------------------------------------------------------------
  0  -3.04893e+01   1.00482e-07        840    p    2    1
  1  -1.33319e+00   2.12642e-06          0    p    2    0
  2  -4.90506e-01   1.91651e-06          0    p    2    0
  3  -4.90506e-01   1.04868e-06          0    p    2    0
  4  -4.90506e-01   1.04868e-06        520    p    2    0
------------------------------------------------------------
 Total error:                            3.22556e-06    0
============================================================


============================================================
                    Energy                 Update      Done 
------------------------------------------------------------
 Orbital      -6.658807857005490e+01     1.18734e-05    1
 Kinetic       1.285626588055740e+02     1.52683e-05    1
 N-E          -3.108976604756025e+02    -2.59491e-05    1
 Coulomb       6.584310049741258e+01     1.23814e-05    1
 Exchange      0.000000000000000e+00     0.00000e+00    1
 X-C          -1.237453076764540e+01    -1.64078e-06    1
------------------------------------------------------------
 Electronic   -1.288664350110702e+02    -1.85804e-09    1
 Nuclear      -6.409151502703367e-15     0.00000e+00    1
------------------------------------------------------------
 Total        -1.288664350110702e+02    -1.85804e-09    1
============================================================


################ Wall time: 2.62881e+02 sec ################




####################### SCF cycle  5 #######################


============================================================
 Current precision                              1.00000e-07
------------------------------------------------------------
 Orbital threshold                              1.00000e-06
 Property threshold                            -1.00000e+00
============================================================


============================================================
                   Calculating SCF energy
------------------------------------------------------------
 Nuclear energy                      -6.409151502703367e-15
 Electronic energy                   -1.288664350112191e+02
------------------------------------------------------------
 Total energy                        -1.288664350112191e+02
------------------------------------------------------------
                 Wall time: 1.42582e+01 sec 
============================================================


============================================================
                Rotating Helmholtz argument
------------------------------------------------------------
 Rotating orbitals                              9.60702e-01
------------------------------------------------------------
                 Wall time: 9.60792e-01 sec 
============================================================


============================================================
                Applying Helmholtz operators
------------------------------------------------------------
 Orb    RealNorm   Nodes     ImagNorm   Nodes     Timing
------------------------------------------------------------
  0    1.00000e+00   776    0.00000e+00     0   9.36177e+01
  4    1.00000e+00   520    0.00000e+00     0   6.46541e+01
------------------------------------------------------------
                 Wall time: 1.58288e+02 sec 
============================================================


============================================================
                 Lowdin orthonormalization
------------------------------------------------------------
 Computing Lowdin matrix                        1.76889e-01
 Rotating orbitals                              8.36420e-01
------------------------------------------------------------
                 Wall time: 1.01339e+00 sec 
============================================================


============================================================
               Iterative subspace accelerator
------------------------------------------------------------
 Push back orbitals                             1.71602e-02
 Setup linear system                            1.20309e+00
 Solve linear system                            9.68600e-06
 Expand solution                                2.13328e+00
------------------------------------------------------------
                 Wall time: 3.35369e+00 sec 
============================================================


============================================================
                 Lowdin orthonormalization
------------------------------------------------------------
 Computing Lowdin matrix                        3.84322e-01
 Rotating orbitals                              7.74617e-01
------------------------------------------------------------
                 Wall time: 1.15902e+00 sec 
============================================================


============================================================
                  Setting up Fock operator
------------------------------------------------------------
 Precision                                      1.00000e-07
------------------------------------------------------------
 Coulomb density                       840      1.31474e+00
 Coulomb potential                     520      5.64507e+01
 Allreduce potential                   520      1.59371e-01
 XC total density                      840      1.54652e+00
 XC evaluate xcfun                    4200      1.38695e+01
 XC energy                             840      1.67511e-04
 XC potential                          840      4.75136e-01
------------------------------------------------------------
                 Wall time: 7.41360e+01 sec 
============================================================


============================================================
                  Calculating Fock matrix
------------------------------------------------------------
 Kinetic part                         3.597640358000000e+00
 Potential part                       1.473560853700000e+01
------------------------------------------------------------
                 Wall time: 1.83334e+01 sec 
============================================================


============================================================
                          Orbitals
------------------------------------------------------------
 Orb    F(i,i)        Error         nNodes  Spin  Occ  Done 
------------------------------------------------------------
  0  -3.04893e+01   1.91138e-08        840    p    2    1
  1  -1.33319e+00   5.67806e-07          0    p    2    1
  2  -4.90505e-01   4.20275e-07          0    p    2    1
  3  -4.90505e-01   3.37145e-07          0    p    2    1
  4  -4.90505e-01   3.37144e-07        520    p    2    1
------------------------------------------------------------
 Total error:                            8.52486e-07    1
============================================================


============================================================
                    Energy                 Update      Done 
------------------------------------------------------------
 Orbital      -6.658809233695646e+01    -1.37669e-05    1
 Kinetic       1.285626450267916e+02    -1.37788e-05    1
 N-E          -3.108976341594922e+02     2.63161e-05    1
 Coulomb       6.584308616539478e+01    -1.43320e-05    1
 Exchange      0.000000000000000e+00     0.00000e+00    1
 X-C          -1.237452896935910e+01     1.79829e-06    1
------------------------------------------------------------
 Electronic   -1.288664350112191e+02    -1.48958e-10    1
 Nuclear      -6.409151502703367e-15     0.00000e+00    1
------------------------------------------------------------
 Total        -1.288664350112191e+02    -1.48958e-10    1
============================================================


################ Wall time: 2.71869e+02 sec ################


============================================================
                      Convergence rate
------------------------------------------------------------
Iter    OrbError       Property                   Update  
------------------------------------------------------------
  1    7.92173e-04    -1.288664334724329e+02   -1.28866e+02
  2    1.07060e-04    -1.288664349781532e+02   -1.50572e-06
  3    2.09083e-05    -1.288664350092121e+02   -3.10589e-08
  4    3.22556e-06    -1.288664350110702e+02   -1.85804e-09
  5    8.52486e-07    -1.288664350112191e+02   -1.48958e-10
------------------------------------------------------------
                      SCF converged!!!                      
============================================================


============================================================
                  Digonalizing Fock matrix
------------------------------------------------------------
 Computing Lowdin matrix                        1.89613e-01
 Diagonalizing matrix                           8.82100e-06
 Rotating orbitals                              9.23918e-01
------------------------------------------------------------
                 Wall time: 1.11363e+00 sec 
============================================================


============================================================
                  Setting up Fock operator
------------------------------------------------------------
 Precision                                      1.00000e-07
------------------------------------------------------------
 Coulomb density                       840      1.26611e+00
 Coulomb potential                     520      5.33832e+01
 Allreduce potential                   520      1.62236e-01
 XC total density                      840      1.51354e+00
 XC evaluate xcfun                    4200      1.37264e+01
 XC energy                             840      1.57510e-04
 XC potential                          840      4.01778e-01
------------------------------------------------------------
                 Wall time: 7.07644e+01 sec 
============================================================


============================================================
                   Calculating SCF energy
------------------------------------------------------------
------------------------------------------------------------
                 Wall time: 1.36869e+01 sec 
============================================================


============================================================
                 Calculating dipole moment
------------------------------------------------------------
------------------------------------------------------------
                 Wall time: 5.50538e+00 sec 
============================================================


============================================================
                        Fock matrix
------------------------------------------------------------
-3.04893e+01  0.00000e+00  0.00000e+00  0.00000e+00  0.00000e+00
 0.00000e+00 -1.33319e+00  0.00000e+00  0.00000e+00  0.00000e+00
 0.00000e+00  0.00000e+00 -4.90505e-01  0.00000e+00  0.00000e+00
 0.00000e+00  0.00000e+00  0.00000e+00 -4.90505e-01  0.00000e+00
 0.00000e+00  0.00000e+00  0.00000e+00  0.00000e+00 -4.90505e-01
============================================================


============================================================
                      Orbital energies
------------------------------------------------------------
    n  spin  occ                            epsilon  
------------------------------------------------------------
    0    p    2                      -3.048933903539243e+01
    1    p    2                      -1.333185828907288e+00
    2    p    2                      -4.905052250652537e-01
    3    p    2                      -4.905050663318630e-01
    4    p    2                      -4.905050662992105e-01
============================================================


============================================================
                          Molecule
------------------------------------------------------------
 Nr  Element             x             y             z      
------------------------------------------------------------
  1     Ne          0.00000e+00   0.00000e+00   0.00000e+00
------------------------------------------------------------
 Center of mass:    0.00000e+00   0.00000e+00   0.00000e+00
============================================================


                                                            
============================================================
                         SCF Energy                         
------------------------------------------------------------
                                                            
 Sum orbital energy:                 -6.658808044399211e+01
 Kinetic energy:                      1.285626574149307e+02
 E-N energy:                         -3.108976573617693e+02
 Coulomb energy:                      6.584309854913899e+01
 Exchange energy:                     0.000000000000000e+00
 X-C energy:                         -1.237453053808895e+01
 El. external field energy:          -3.075122165805335e-06
 Nuc. external field energy:         -6.409151502703367e-15
                                                            
------------------------------------------------------------
                                                            
 Electronic energy:                  -1.288664350109108e+02
 Nuclear energy:                     -6.409151502703367e-15
                                                            
------------------------------------------------------------
                                                            
 Total energy       (au)             -1.288664350109108e+02
                    (kJ/mol)         -3.383387761519009e+05
                    (kcal/mol)       -8.086490820561962e+04
                    (eV)             -3.506634183102694e+03
                                                            
============================================================
                                                            

                                                            
============================================================
                         Dipole moment                      
------------------------------------------------------------
                                                            
 Length of vector:   (au)                  3.0751221722e-03
                     (Debye)               7.8161801912e-03
                                                            
-------------------------- Total ---------------------------
                                                            
 [-6.8931904861e-12, -7.2161568772e-12, -3.0751221722e-03] 
                                                            
------------------------- Nuclear --------------------------
                                                            
 [-6.3744728219e-12, -6.6848619468e-12, -6.4091515027e-12] 
                                                            
------------------------ Electronic ------------------------
                                                            
 [-5.1871766424e-13, -5.3129493046e-13, -3.0751221658e-03] 
                                                            
============================================================
                                                            



************************************************************
***                                                      ***
***                    Exiting MRChem                    ***
***                                                      ***
***               Wall time: 1.486824e+03                ***
***                                                      ***
************************************************************


