


************************************************************
***     __  __ ____   ____ _                             ***
***    |  \/  |  _ \ / ___| |__   ___ _ __ ___           ***
***    | |\/| | |_) | |   | '_ \ / _ \ '_ ` _ \          ***
***    | |  | |  _ <| |___| | | |  __/ | | | | |         ***
***    |_|  |_|_| \_\\____|_| |_|\___|_| |_| |_|         ***
***                                                      ***
***    VERSION 0.0.1 (rev. 1c6f79f)                     ***
***                                                      ***
***    Stig Rune Jensen <stig.r.jensen@uit.no>           ***
***    Luca Frediani    <luca.frediani@uit.no>           ***
***    Peter Wind       <peter.wind@uit.no>              ***
***                                                      ***
************************************************************


+++ Parallel execution: 
  MPI hosts available     : 4
  Threads/host            : 2
  Total used CPUs         : 8


------------------------------------------------------------

 MRCPP version   : X.Y.Z
 Git revision    : bbc2aed

 Linear algebra  : EIGEN
 Parallelization : MPI/OpenMP

------------------------------------------------------------




============================================================
                  MultiResolution Analysis                  
------------------------------------------------------------
 polynomial order = 11
 polynomial type  = Interpolating
------------------------------------------------------------
 total boxes      = 8
 boxes            = [           2           2           2 ]
 unit lengths     = [    32.00000    32.00000    32.00000 ]
 scaling factor   = [     1.00000     1.00000     1.00000 ]
 lower bounds     = [   -32.00000   -32.00000   -32.00000 ]
 upper bounds     = [    32.00000    32.00000    32.00000 ]
 total length     = [    64.00000    64.00000    64.00000 ]
============================================================


============================================================
                          Molecule
------------------------------------------------------------
 Nr  Element             x             y             z      
------------------------------------------------------------
  1     Ne          0.00000e+00   0.00000e+00   0.00000e+00
------------------------------------------------------------
 Center of mass:    0.00000e+00   0.00000e+00   0.00000e+00
============================================================


============================================================
                Setting up nuclear potential
------------------------------------------------------------
 Nr  Element         Charge        Precision     Smoothing 
------------------------------------------------------------
  1     Ne          1.00000e+01   1.00000e-07   1.63241e-05
------------------------------------------------------------
 Nuclear potential                    1352      1.14449e+00
 Allreduce potential                  1352      3.56396e-01
------------------------------------------------------------
                 Wall time: 1.50100e+00 sec 
============================================================


============================================================
 OrbitalVector:   5 orbitals     5 occupied    10 electrons
------------------------------------------------------------
   n  RankID           Norm          Spin Occ      Error    
------------------------------------------------------------
   0     0       1.000000000000e+00    p   2    1.00000e+00
   1     1      -1.000000000000e+00    p   2    1.00000e+00
   2     2      -1.000000000000e+00    p   2    1.00000e+00
   3     3      -1.000000000000e+00    p   2    1.00000e+00
   4     0       1.000000000000e+00    p   2    1.00000e+00
============================================================


============================================================
                  Setting up Fock operator
------------------------------------------------------------
 Precision                                      1.00000e-07
------------------------------------------------------------
 Coulomb density                       840      1.19184e+00
 Coulomb potential                     520      4.89543e+01
 Allreduce potential                   520      1.42635e-01
 XC total density                      840      1.40560e+00
 XC evaluate xcfun                    4200      1.25667e+01
 XC energy                             840      1.74507e-04
 XC potential                          840      4.36225e-01
------------------------------------------------------------
                 Wall time: 6.50129e+01 sec 
============================================================


============================================================
                  Calculating Fock matrix
------------------------------------------------------------
 Kinetic part                         3.309607024000000e+00
 Potential part                       1.303927779100000e+01
------------------------------------------------------------
                 Wall time: 1.63490e+01 sec 
============================================================




####################### SCF cycle  1 #######################


============================================================
 Current precision                              1.00000e-07
------------------------------------------------------------
 Orbital threshold                              1.00000e-06
 Property threshold                            -1.00000e+00
============================================================


============================================================
                  Digonalizing Fock matrix
------------------------------------------------------------
 Computing Lowdin matrix                        1.81831e-01
 Diagonalizing matrix                           1.06670e-05
 Rotating orbitals                              8.34333e-01
------------------------------------------------------------
                 Wall time: 1.01658e+00 sec 
============================================================


============================================================
                   Calculating SCF energy
------------------------------------------------------------
 Nuclear energy                       6.374472821877968e-15
 Electronic energy                   -1.288664334724330e+02
------------------------------------------------------------
 Total energy                        -1.288664334724330e+02
------------------------------------------------------------
                 Wall time: 1.23860e+01 sec 
============================================================


============================================================
                Rotating Helmholtz argument
------------------------------------------------------------
 Rotating orbitals                              2.72798e-01
------------------------------------------------------------
                 Wall time: 2.72883e-01 sec 
============================================================


============================================================
                Applying Helmholtz operators
------------------------------------------------------------
 Orb    RealNorm   Nodes     ImagNorm   Nodes     Timing
------------------------------------------------------------
  0    1.00000e+00   776    0.00000e+00     0   8.16586e+01
  4    1.00000e+00   520    0.00000e+00     0   5.59439e+01
------------------------------------------------------------
                 Wall time: 1.37624e+02 sec 
============================================================


============================================================
                 Lowdin orthonormalization
------------------------------------------------------------
 Computing Lowdin matrix                        1.62939e-01
 Rotating orbitals                              8.11033e-01
------------------------------------------------------------
                 Wall time: 9.74057e-01 sec 
============================================================


============================================================
               Iterative subspace accelerator
------------------------------------------------------------
 Push back orbitals                             4.15620e-05
 Copy orbitals                                  6.65955e-02
 Copy orbital updates                           6.55102e-02
------------------------------------------------------------
                 Wall time: 1.32255e-01 sec 
============================================================


============================================================
                 Lowdin orthonormalization
------------------------------------------------------------
 Computing Lowdin matrix                        1.67289e-01
 Rotating orbitals                              4.21167e-01
------------------------------------------------------------
                 Wall time: 5.88541e-01 sec 
============================================================


============================================================
                  Setting up Fock operator
------------------------------------------------------------
 Precision                                      1.00000e-07
------------------------------------------------------------
 Coulomb density                       840      1.11083e+00
 Coulomb potential                     520      4.93485e+01
 Allreduce potential                   520      1.42329e-01
 XC total density                      840      1.32960e+00
 XC evaluate xcfun                    4200      1.24291e+01
 XC energy                             840      1.70389e-04
 XC potential                          840      4.34622e-01
------------------------------------------------------------
                 Wall time: 6.50819e+01 sec 
============================================================


============================================================
                  Calculating Fock matrix
------------------------------------------------------------
 Kinetic part                         3.189116931000000e+00
 Potential part                       1.274190774900000e+01
------------------------------------------------------------
                 Wall time: 1.59312e+01 sec 
============================================================


============================================================
                          Orbitals
------------------------------------------------------------
 Orb    F(i,i)        Error         nNodes  Spin  Occ  Done 
------------------------------------------------------------
  0  -3.04893e+01   1.91935e-06        840    p    2    0
  1  -1.33318e+00   8.85118e-05          0    p    2    0
  2  -4.90504e-01   3.32573e-04          0    p    2    0
  3  -4.90504e-01   3.32573e-04          0    p    2    0
  4  -4.90504e-01   6.31260e-04        520    p    2    0
------------------------------------------------------------
 Total error:                            7.92173e-04    0
============================================================


============================================================
                    Energy                 Update      Done 
------------------------------------------------------------
 Orbital      -6.658807329204224e+01    -6.65881e+01    1
 Kinetic       1.285626401537165e+02     1.28563e+02    1
 N-E          -3.108976472922144e+02    -3.10898e+02    1
 Coulomb       6.584310421302760e+01     6.58431e+01    1
 Exchange      0.000000000000000e+00     0.00000e+00    1
 X-C          -1.237453054696271e+01    -1.23745e+01    1
------------------------------------------------------------
 Electronic   -1.288664334724330e+02    -1.28866e+02    1
 Nuclear       6.374472821877968e-15     6.37447e-15    1
------------------------------------------------------------
 Total        -1.288664334724330e+02    -1.28866e+02    1
============================================================


################ Wall time: 2.34168e+02 sec ################




####################### SCF cycle  2 #######################


============================================================
 Current precision                              1.00000e-07
------------------------------------------------------------
 Orbital threshold                              1.00000e-06
 Property threshold                            -1.00000e+00
============================================================


============================================================
                  Digonalizing Fock matrix
------------------------------------------------------------
 Computing Lowdin matrix                        1.69346e-01
 Diagonalizing matrix                           8.52200e-06
 Rotating orbitals                              8.09813e-01
------------------------------------------------------------
                 Wall time: 9.79256e-01 sec 
============================================================


============================================================
                   Calculating SCF energy
------------------------------------------------------------
 Nuclear energy                       6.374472821877968e-15
 Electronic energy                   -1.288664349768996e+02
------------------------------------------------------------
 Total energy                        -1.288664349768996e+02
------------------------------------------------------------
                 Wall time: 1.23638e+01 sec 
============================================================


============================================================
                Rotating Helmholtz argument
------------------------------------------------------------
 Rotating orbitals                              2.69976e-01
------------------------------------------------------------
                 Wall time: 2.70066e-01 sec 
============================================================


============================================================
                Applying Helmholtz operators
------------------------------------------------------------
 Orb    RealNorm   Nodes     ImagNorm   Nodes     Timing
------------------------------------------------------------
  0    1.00000e+00   776    0.00000e+00     0   8.19619e+01
  4    1.00000e+00   520    0.00000e+00     0   5.61617e+01
------------------------------------------------------------
                 Wall time: 1.38124e+02 sec 
============================================================


============================================================
                 Lowdin orthonormalization
------------------------------------------------------------
 Computing Lowdin matrix                        1.61872e-01
 Rotating orbitals                              7.86937e-01
------------------------------------------------------------
                 Wall time: 9.48893e-01 sec 
============================================================


============================================================
               Iterative subspace accelerator
------------------------------------------------------------
 Push back orbitals                             4.17390e-05
 Copy orbitals                                  6.70859e-02
 Copy orbital updates                           6.62949e-02
------------------------------------------------------------
                 Wall time: 1.33522e-01 sec 
============================================================


============================================================
                 Lowdin orthonormalization
------------------------------------------------------------
 Computing Lowdin matrix                        1.68315e-01
 Rotating orbitals                              4.26739e-01
------------------------------------------------------------
                 Wall time: 5.95140e-01 sec 
============================================================


============================================================
                  Setting up Fock operator
------------------------------------------------------------
 Precision                                      1.00000e-07
------------------------------------------------------------
 Coulomb density                       840      1.13662e+00
 Coulomb potential                     520      4.90362e+01
 Allreduce potential                   520      1.39962e-01
 XC total density                      840      1.35894e+00
 XC evaluate xcfun                    4200      1.24636e+01
 XC energy                             840      1.63864e-04
 XC potential                          840      4.33394e-01
------------------------------------------------------------
                 Wall time: 6.48570e+01 sec 
============================================================


============================================================
                  Calculating Fock matrix
------------------------------------------------------------
 Kinetic part                         3.151025754000000e+00
 Potential part                       1.270810483800000e+01
------------------------------------------------------------
                 Wall time: 1.58593e+01 sec 
============================================================


============================================================
                          Orbitals
------------------------------------------------------------
 Orb    F(i,i)        Error         nNodes  Spin  Occ  Done 
------------------------------------------------------------
  0  -3.04893e+01   3.70993e-07        840    p    2    1
  1  -1.33319e+00   2.47495e-05          0    p    2    0
  2  -4.90506e-01   9.23889e-05          0    p    2    0
  3  -4.90506e-01   3.40105e-05          0    p    2    0
  4  -4.90506e-01   3.40105e-05        520    p    2    0
------------------------------------------------------------
 Total error:                            1.07060e-04    0
============================================================


============================================================
                    Energy                 Update      Done 
------------------------------------------------------------
 Orbital      -6.658807028386900e+01     3.00817e-06    1
 Kinetic       1.285626560488205e+02     1.58951e-05    1
 N-E          -3.108976658310350e+02    -1.85388e-05    1
 Coulomb       6.584310902123285e+01     4.80821e-06    1
 Exchange      0.000000000000000e+00     0.00000e+00    1
 X-C          -1.237453154624727e+01    -9.99285e-07    1
------------------------------------------------------------
 Electronic   -1.288664349768996e+02    -1.50447e-06    1
 Nuclear       6.374472821877968e-15     0.00000e+00    1
------------------------------------------------------------
 Total        -1.288664349768996e+02    -1.50447e-06    1
============================================================


################ Wall time: 2.34309e+02 sec ################




####################### SCF cycle  3 #######################


============================================================
 Current precision                              1.00000e-07
------------------------------------------------------------
 Orbital threshold                              1.00000e-06
 Property threshold                            -1.00000e+00
============================================================


============================================================
                   Calculating SCF energy
------------------------------------------------------------
 Nuclear energy                       6.374472821877968e-15
 Electronic energy                   -1.288664350087045e+02
------------------------------------------------------------
 Total energy                        -1.288664350087045e+02
------------------------------------------------------------
                 Wall time: 1.25124e+01 sec 
============================================================


============================================================
                Rotating Helmholtz argument
------------------------------------------------------------
 Rotating orbitals                              8.77998e-01
------------------------------------------------------------
                 Wall time: 8.78069e-01 sec 
============================================================


============================================================
                Applying Helmholtz operators
------------------------------------------------------------
 Orb    RealNorm   Nodes     ImagNorm   Nodes     Timing
------------------------------------------------------------
  0    1.00000e+00   776    0.00000e+00     0   8.27035e+01
  4    1.00000e+00   520    0.00000e+00     0   5.67608e+01
------------------------------------------------------------
                 Wall time: 1.39477e+02 sec 
============================================================


============================================================
                 Lowdin orthonormalization
------------------------------------------------------------
 Computing Lowdin matrix                        1.60080e-01
 Rotating orbitals                              7.96534e-01
------------------------------------------------------------
                 Wall time: 9.56689e-01 sec 
============================================================


============================================================
               Iterative subspace accelerator
------------------------------------------------------------
 Push back orbitals                             4.24420e-05
 Setup linear system                            1.80701e-01
 Solve linear system                            1.17970e-05
 Expand solution                                8.13405e-01
------------------------------------------------------------
                 Wall time: 9.94271e-01 sec 
============================================================


============================================================
                 Lowdin orthonormalization
------------------------------------------------------------
 Computing Lowdin matrix                        3.35599e-01
 Rotating orbitals                              7.28783e-01
------------------------------------------------------------
                 Wall time: 1.06445e+00 sec 
============================================================


============================================================
                  Setting up Fock operator
------------------------------------------------------------
 Precision                                      1.00000e-07
------------------------------------------------------------
 Coulomb density                       840      1.16488e+00
 Coulomb potential                     520      4.98297e+01
 Allreduce potential                   520      1.40181e-01
 XC total density                      840      1.36352e+00
 XC evaluate xcfun                    4200      1.24296e+01
 XC energy                             840      1.67751e-04
 XC potential                          840      4.35865e-01
------------------------------------------------------------
                 Wall time: 6.56509e+01 sec 
============================================================


============================================================
                  Calculating Fock matrix
------------------------------------------------------------
 Kinetic part                         3.198077968000000e+00
 Potential part                       1.290448887400000e+01
------------------------------------------------------------
                 Wall time: 1.61027e+01 sec 
============================================================


============================================================
                          Orbitals
------------------------------------------------------------
 Orb    F(i,i)        Error         nNodes  Spin  Occ  Done 
------------------------------------------------------------
  0  -3.04893e+01   2.40346e-07        840    p    2    1
  1  -1.33319e+00   7.13480e-06          0    p    2    0
  2  -4.90505e-01   1.84049e-05          0    p    2    0
  3  -4.90505e-01   4.87093e-06          0    p    2    0
  4  -4.90505e-01   4.87093e-06        520    p    2    0
------------------------------------------------------------
 Total error:                            2.09083e-05    0
============================================================


============================================================
                    Energy                 Update      Done 
------------------------------------------------------------
 Orbital      -6.658809044333178e+01    -2.01595e-05    1
 Kinetic       1.285626435347683e+02    -1.25141e-05    1
 N-E          -3.108976345224360e+02     3.13086e-05    1
 Coulomb       6.584308811478749e+01    -2.09064e-05    1
 Exchange      0.000000000000000e+00     0.00000e+00    1
 X-C          -1.237452912665634e+01     2.41959e-06    1
------------------------------------------------------------
 Electronic   -1.288664350087045e+02    -3.18049e-08    1
 Nuclear       6.374472821877968e-15     0.00000e+00    1
------------------------------------------------------------
 Total        -1.288664350087045e+02    -3.18049e-08    1
============================================================


################ Wall time: 2.37957e+02 sec ################




####################### SCF cycle  4 #######################


============================================================
 Current precision                              1.00000e-07
------------------------------------------------------------
 Orbital threshold                              1.00000e-06
 Property threshold                            -1.00000e+00
============================================================


============================================================
                   Calculating SCF energy
------------------------------------------------------------
 Nuclear energy                       6.374472821877968e-15
 Electronic energy                   -1.288664350105624e+02
------------------------------------------------------------
 Total energy                        -1.288664350105624e+02
------------------------------------------------------------
                 Wall time: 1.28206e+01 sec 
============================================================


============================================================
                Rotating Helmholtz argument
------------------------------------------------------------
 Rotating orbitals                              8.79826e-01
------------------------------------------------------------
                 Wall time: 8.79928e-01 sec 
============================================================


============================================================
                Applying Helmholtz operators
------------------------------------------------------------
 Orb    RealNorm   Nodes     ImagNorm   Nodes     Timing
------------------------------------------------------------
  0    1.00000e+00   776    0.00000e+00     0   8.37127e+01
  4    1.00000e+00   520    0.00000e+00     0   5.79817e+01
------------------------------------------------------------
                 Wall time: 1.41704e+02 sec 
============================================================


============================================================
                 Lowdin orthonormalization
------------------------------------------------------------
 Computing Lowdin matrix                        1.62215e-01
 Rotating orbitals                              8.00884e-01
------------------------------------------------------------
                 Wall time: 9.63474e-01 sec 
============================================================


============================================================
               Iterative subspace accelerator
------------------------------------------------------------
 Push back orbitals                             1.77615e-02
 Setup linear system                            5.45453e-01
 Solve linear system                            1.46070e-05
 Expand solution                                1.40135e+00
------------------------------------------------------------
                 Wall time: 1.96471e+00 sec 
============================================================


============================================================
                 Lowdin orthonormalization
------------------------------------------------------------
 Computing Lowdin matrix                        3.80689e-01
 Rotating orbitals                              7.67369e-01
------------------------------------------------------------
                 Wall time: 1.14814e+00 sec 
============================================================


============================================================
                  Setting up Fock operator
------------------------------------------------------------
 Precision                                      1.00000e-07
------------------------------------------------------------
 Coulomb density                       840      1.20532e+00
 Coulomb potential                     520      5.01878e+01
 Allreduce potential                   520      1.43304e-01
 XC total density                      840      1.38931e+00
 XC evaluate xcfun                    4200      1.26492e+01
 XC energy                             840      1.67476e-04
 XC potential                          840      4.31159e-01
------------------------------------------------------------
                 Wall time: 6.63016e+01 sec 
============================================================


============================================================
                  Calculating Fock matrix
------------------------------------------------------------
 Kinetic part                         3.243855171000000e+00
 Potential part                       1.298700981800000e+01
------------------------------------------------------------
                 Wall time: 1.62310e+01 sec 
============================================================


============================================================
                          Orbitals
------------------------------------------------------------
 Orb    F(i,i)        Error         nNodes  Spin  Occ  Done 
------------------------------------------------------------
  0  -3.04893e+01   1.00482e-07        840    p    2    1
  1  -1.33319e+00   2.12642e-06          0    p    2    0
  2  -4.90506e-01   1.91651e-06          0    p    2    0
  3  -4.90506e-01   1.04869e-06          0    p    2    0
  4  -4.90506e-01   1.04869e-06        520    p    2    0
------------------------------------------------------------
 Total error:                            3.22556e-06    0
============================================================


============================================================
                    Energy                 Update      Done 
------------------------------------------------------------
 Orbital      -6.658807856833586e+01     1.18750e-05    1
 Kinetic       1.285626588059230e+02     1.52712e-05    1
 N-E          -3.108976604758435e+02    -2.59534e-05    1
 Coulomb       6.584310049784028e+01     1.23831e-05    1
 Exchange      0.000000000000000e+00     0.00000e+00    1
 X-C          -1.237453076767334e+01    -1.64102e-06    1
------------------------------------------------------------
 Electronic   -1.288664350105624e+02    -1.85790e-09    1
 Nuclear       6.374472821877968e-15     0.00000e+00    1
------------------------------------------------------------
 Total        -1.288664350105624e+02    -1.85790e-09    1
============================================================


################ Wall time: 2.42368e+02 sec ################




####################### SCF cycle  5 #######################


============================================================
 Current precision                              1.00000e-07
------------------------------------------------------------
 Orbital threshold                              1.00000e-06
 Property threshold                            -1.00000e+00
============================================================


============================================================
                   Calculating SCF energy
------------------------------------------------------------
 Nuclear energy                       6.374472821877968e-15
 Electronic energy                   -1.288664350107117e+02
------------------------------------------------------------
 Total energy                        -1.288664350107117e+02
------------------------------------------------------------
                 Wall time: 1.28529e+01 sec 
============================================================


============================================================
                Rotating Helmholtz argument
------------------------------------------------------------
 Rotating orbitals                              8.89803e-01
------------------------------------------------------------
                 Wall time: 8.89876e-01 sec 
============================================================


============================================================
                Applying Helmholtz operators
------------------------------------------------------------
 Orb    RealNorm   Nodes     ImagNorm   Nodes     Timing
------------------------------------------------------------
  0    1.00000e+00   776    0.00000e+00     0   8.49296e+01
  4    1.00000e+00   520    0.00000e+00     0   5.66225e+01
------------------------------------------------------------
                 Wall time: 1.41572e+02 sec 
============================================================


============================================================
                 Lowdin orthonormalization
------------------------------------------------------------
 Computing Lowdin matrix                        1.62322e-01
 Rotating orbitals                              7.62154e-01
------------------------------------------------------------
                 Wall time: 9.24566e-01 sec 
============================================================


============================================================
               Iterative subspace accelerator
------------------------------------------------------------
 Push back orbitals                             1.76816e-02
 Setup linear system                            1.10845e+00
 Solve linear system                            9.50600e-06
 Expand solution                                1.95163e+00
------------------------------------------------------------
                 Wall time: 3.07791e+00 sec 
============================================================


============================================================
                 Lowdin orthonormalization
------------------------------------------------------------
 Computing Lowdin matrix                        3.64784e-01
 Rotating orbitals                              6.94733e-01
------------------------------------------------------------
                 Wall time: 1.05959e+00 sec 
============================================================


============================================================
                  Setting up Fock operator
------------------------------------------------------------
 Precision                                      1.00000e-07
------------------------------------------------------------
 Coulomb density                       840      1.14751e+00
 Coulomb potential                     520      5.04948e+01
 Allreduce potential                   520      1.44059e-01
 XC total density                      840      1.42390e+00
 XC evaluate xcfun                    4200      1.25962e+01
 XC energy                             840      1.75154e-04
 XC potential                          840      4.54838e-01
------------------------------------------------------------
                 Wall time: 6.65620e+01 sec 
============================================================


============================================================
                  Calculating Fock matrix
------------------------------------------------------------
 Kinetic part                         3.317732059000000e+00
 Potential part                       1.337177881000000e+01
------------------------------------------------------------
                 Wall time: 1.66896e+01 sec 
============================================================


============================================================
                          Orbitals
------------------------------------------------------------
 Orb    F(i,i)        Error         nNodes  Spin  Occ  Done 
------------------------------------------------------------
  0  -3.04893e+01   1.91136e-08        840    p    2    1
  1  -1.33319e+00   5.67789e-07          0    p    2    1
  2  -4.90505e-01   4.20283e-07          0    p    2    1
  3  -4.90505e-01   3.37163e-07          0    p    2    1
  4  -4.90505e-01   3.37161e-07        520    p    2    1
------------------------------------------------------------
 Total error:                            8.52493e-07    1
============================================================


============================================================
                    Energy                 Update      Done 
------------------------------------------------------------
 Orbital      -6.658809233682820e+01    -1.37685e-05    1
 Kinetic       1.285626450257946e+02    -1.37801e-05    1
 N-E          -3.108976341569389e+02     2.63189e-05    1
 Coulomb       6.584308616416949e+01    -1.43337e-05    1
 Exchange      0.000000000000000e+00     0.00000e+00    1
 X-C          -1.237452896918271e+01     1.79849e-06    1
------------------------------------------------------------
 Electronic   -1.288664350107117e+02    -1.49271e-10    1
 Nuclear       6.374472821877968e-15     0.00000e+00    1
------------------------------------------------------------
 Total        -1.288664350107117e+02    -1.49271e-10    1
============================================================


################ Wall time: 2.43971e+02 sec ################


============================================================
                      Convergence rate
------------------------------------------------------------
Iter    OrbError       Property                   Update  
------------------------------------------------------------
  1    7.92173e-04    -1.288664334724330e+02   -1.28866e+02
  2    1.07060e-04    -1.288664349768996e+02   -1.50447e-06
  3    2.09083e-05    -1.288664350087045e+02   -3.18049e-08
  4    3.22556e-06    -1.288664350105624e+02   -1.85790e-09
  5    8.52493e-07    -1.288664350107117e+02   -1.49271e-10
------------------------------------------------------------
                      SCF converged!!!                      
============================================================


============================================================
                  Digonalizing Fock matrix
------------------------------------------------------------
 Computing Lowdin matrix                        1.67559e-01
 Diagonalizing matrix                           8.50200e-06
 Rotating orbitals                              8.25139e-01
------------------------------------------------------------
                 Wall time: 9.92793e-01 sec 
============================================================


============================================================
                  Setting up Fock operator
------------------------------------------------------------
 Precision                                      1.00000e-07
------------------------------------------------------------
 Coulomb density                       840      1.17268e+00
 Coulomb potential                     520      4.88798e+01
 Allreduce potential                   520      1.44589e-01
 XC total density                      840      1.38090e+00
 XC evaluate xcfun                    4200      1.26341e+01
 XC energy                             840      1.63184e-04
 XC potential                          840      3.73117e-01
------------------------------------------------------------
                 Wall time: 6.48742e+01 sec 
============================================================


============================================================
                   Calculating SCF energy
------------------------------------------------------------
------------------------------------------------------------
                 Wall time: 1.27036e+01 sec 
============================================================


============================================================
                 Calculating dipole moment
------------------------------------------------------------
------------------------------------------------------------
                 Wall time: 5.05453e+00 sec 
============================================================


============================================================
                        Fock matrix
------------------------------------------------------------
-3.04893e+01  0.00000e+00  0.00000e+00  0.00000e+00  0.00000e+00
 0.00000e+00 -1.33319e+00  0.00000e+00  0.00000e+00  0.00000e+00
 0.00000e+00  0.00000e+00 -4.90505e-01  0.00000e+00  0.00000e+00
 0.00000e+00  0.00000e+00  0.00000e+00 -4.90505e-01  0.00000e+00
 0.00000e+00  0.00000e+00  0.00000e+00  0.00000e+00 -4.90505e-01
============================================================


============================================================
                      Orbital energies
------------------------------------------------------------
    n  spin  occ                            epsilon  
------------------------------------------------------------
    0    p    2                      -3.048933903495056e+01
    1    p    2                      -1.333185828936050e+00
    2    p    2                      -4.905052251267846e-01
    3    p    2                      -4.905050662937018e-01
    4    p    2                      -4.905050662730784e-01
============================================================


============================================================
                          Molecule
------------------------------------------------------------
 Nr  Element             x             y             z      
------------------------------------------------------------
  1     Ne          0.00000e+00   0.00000e+00   0.00000e+00
------------------------------------------------------------
 Center of mass:    0.00000e+00   0.00000e+00   0.00000e+00
============================================================


                                                            
============================================================
                         SCF Energy                         
------------------------------------------------------------
                                                            
 Sum orbital energy:                 -6.658808044316035e+01
 Kinetic energy:                      1.285626574144688e+02
 E-N energy:                         -3.108976573606303e+02
 Coulomb energy:                      6.584309854877120e+01
 Exchange energy:                     0.000000000000000e+00
 X-C energy:                         -1.237453053800558e+01
 El. external field energy:          -3.075122136655132e-06
 Nuc. external field energy:          6.374472821877968e-15
                                                            
------------------------------------------------------------
                                                            
 Electronic energy:                  -1.288664350105181e+02
 Nuclear energy:                      6.374472821877968e-15
                                                            
------------------------------------------------------------
                                                            
 Total energy       (au)             -1.288664350105181e+02
                    (kJ/mol)         -3.383387761508699e+05
                    (kcal/mol)       -8.086490820537320e+04
                    (eV)             -3.506634183092008e+03
                                                            
============================================================
                                                            

                                                            
============================================================
                         Dipole moment                      
------------------------------------------------------------
                                                            
 Length of vector:   (au)                  3.0751221303e-03
                     (Debye)               7.8161800847e-03
                                                            
-------------------------- Total ---------------------------
                                                            
 [ 3.0751221303e-03, -7.2450772499e-12, -7.1622897124e-12] 
                                                            
------------------------- Nuclear --------------------------
                                                            
 [-6.3744728219e-12, -6.6848619468e-12, -6.4091515027e-12] 
                                                            
------------------------ Electronic ------------------------
                                                            
 [ 3.0751221367e-03, -5.6021530310e-13, -7.5313820972e-13] 
                                                            
============================================================
                                                            



************************************************************
***                                                      ***
***                    Exiting MRChem                    ***
***                                                      ***
***               Wall time: 1.360901e+03                ***
***                                                      ***
************************************************************


