


************************************************************
***     __  __ ____   ____ _                             ***
***    |  \/  |  _ \ / ___| |__   ___ _ __ ___           ***
***    | |\/| | |_) | |   | '_ \ / _ \ '_ ` _ \          ***
***    | |  | |  _ <| |___| | | |  __/ | | | | |         ***
***    |_|  |_|_| \_\\____|_| |_|\___|_| |_| |_|         ***
***                                                      ***
***    VERSION 0.0.1 (rev. 1c6f79f)                     ***
***                                                      ***
***    Stig Rune Jensen <stig.r.jensen@uit.no>           ***
***    Luca Frediani    <luca.frediani@uit.no>           ***
***    Peter Wind       <peter.wind@uit.no>              ***
***                                                      ***
************************************************************


+++ Parallel execution: 
  MPI hosts available     : 4
  Threads/host            : 2
  Total used CPUs         : 8


------------------------------------------------------------

 MRCPP version   : X.Y.Z
 Git revision    : bbc2aed

 Linear algebra  : EIGEN
 Parallelization : MPI/OpenMP

------------------------------------------------------------




============================================================
                  MultiResolution Analysis                  
------------------------------------------------------------
 polynomial order = 11
 polynomial type  = Interpolating
------------------------------------------------------------
 total boxes      = 8
 boxes            = [           2           2           2 ]
 unit lengths     = [    32.00000    32.00000    32.00000 ]
 scaling factor   = [     1.00000     1.00000     1.00000 ]
 lower bounds     = [   -32.00000   -32.00000   -32.00000 ]
 upper bounds     = [    32.00000    32.00000    32.00000 ]
 total length     = [    64.00000    64.00000    64.00000 ]
============================================================


============================================================
                          Molecule
------------------------------------------------------------
 Nr  Element             x             y             z      
------------------------------------------------------------
  1     N           0.00000e+00   0.00000e+00   0.00000e+00
  2     H           0.00000e+00  -1.77200e+00  -7.21119e-01
  3     H           1.53465e+00   8.86093e-01  -7.21119e-01
  4     H          -1.53465e+00   8.86093e-01  -7.21119e-01
------------------------------------------------------------
 Center of mass:    0.00000e+00   1.11842e-05  -1.28037e-01
============================================================


============================================================
                Setting up nuclear potential
------------------------------------------------------------
 Nr  Element         Charge        Precision     Smoothing 
------------------------------------------------------------
  1     N           7.00000e+00   1.00000e-07   2.95801e-05
  2     H           1.00000e+00   1.00000e-07   7.57698e-04
  3     H           1.00000e+00   1.00000e-07   7.57698e-04
  4     H           1.00000e+00   1.00000e-07   7.57698e-04
------------------------------------------------------------
 Nuclear potential                    1288      1.21465e+00
 Allreduce potential                  2664      1.12774e+00
------------------------------------------------------------
                 Wall time: 2.34252e+00 sec 
============================================================


============================================================
 OrbitalVector:   5 orbitals     5 occupied    10 electrons
------------------------------------------------------------
   n  RankID           Norm          Spin Occ      Error    
------------------------------------------------------------
   0     0       1.000000000000e+00    p   2    1.00000e+00
   1     1      -1.000000000000e+00    p   2    1.00000e+00
   2     2      -1.000000000000e+00    p   2    1.00000e+00
   3     3      -1.000000000000e+00    p   2    1.00000e+00
   4     0       1.000000000000e+00    p   2    1.00000e+00
============================================================


============================================================
                  Setting up Fock operator
------------------------------------------------------------
 Precision                                      1.00000e-07
------------------------------------------------------------
 Coulomb density                      1096      1.96122e+00
 Coulomb potential                     520      5.35678e+01
 Allreduce potential                   520      1.75969e-01
 XC total density                     1336      2.41142e+00
 XC evaluate xcfun                    6680      2.17848e+01
 XC energy                            1336      1.78240e-04
 XC potential                         1336      7.36690e-01
------------------------------------------------------------
                 Wall time: 8.11773e+01 sec 
============================================================


============================================================
                  Calculating Fock matrix
------------------------------------------------------------
 Kinetic part                         5.746032802000000e+00
 Potential part                       2.283348528800000e+01
------------------------------------------------------------
                 Wall time: 2.85796e+01 sec 
============================================================




####################### SCF cycle  1 #######################


============================================================
 Current precision                              1.00000e-07
------------------------------------------------------------
 Orbital threshold                              1.00000e-06
 Property threshold                            -1.00000e+00
============================================================


============================================================
                  Digonalizing Fock matrix
------------------------------------------------------------
 Computing Lowdin matrix                        3.32972e-01
 Diagonalizing matrix                           1.18740e-05
 Rotating orbitals                              1.31439e+00
------------------------------------------------------------
                 Wall time: 1.64746e+00 sec 
============================================================


============================================================
                   Calculating SCF energy
------------------------------------------------------------
 Nuclear energy                       1.195399458656202e+01
 Electronic energy                   -6.847127618634335e+01
------------------------------------------------------------
 Total energy                        -5.651728159978132e+01
------------------------------------------------------------
                 Wall time: 1.87223e+01 sec 
============================================================


============================================================
                Rotating Helmholtz argument
------------------------------------------------------------
 Rotating orbitals                              4.40958e-01
------------------------------------------------------------
                 Wall time: 4.41044e-01 sec 
============================================================


============================================================
                Applying Helmholtz operators
------------------------------------------------------------
 Orb    RealNorm   Nodes     ImagNorm   Nodes     Timing
------------------------------------------------------------
  0    1.00000e+00   776    0.00000e+00     0   9.16780e+01
  4    1.00000e+00   936    0.00000e+00     0   1.07131e+02
------------------------------------------------------------
                 Wall time: 1.98819e+02 sec 
============================================================


============================================================
                 Lowdin orthonormalization
------------------------------------------------------------
 Computing Lowdin matrix                        2.55448e-01
 Rotating orbitals                              1.41959e+00
------------------------------------------------------------
                 Wall time: 1.67512e+00 sec 
============================================================


============================================================
               Iterative subspace accelerator
------------------------------------------------------------
 Push back orbitals                             3.39730e-05
 Copy orbitals                                  8.99117e-02
 Copy orbital updates                           8.84932e-02
------------------------------------------------------------
                 Wall time: 1.78561e-01 sec 
============================================================


============================================================
                 Lowdin orthonormalization
------------------------------------------------------------
 Computing Lowdin matrix                        2.55057e-01
 Rotating orbitals                              6.17611e-01
------------------------------------------------------------
                 Wall time: 8.72737e-01 sec 
============================================================


============================================================
                  Setting up Fock operator
------------------------------------------------------------
 Precision                                      1.00000e-07
------------------------------------------------------------
 Coulomb density                      1096      1.71130e+00
 Coulomb potential                     520      5.50132e+01
 Allreduce potential                   520      1.73218e-01
 XC total density                     1336      2.08051e+00
 XC evaluate xcfun                    6680      2.17791e+01
 XC energy                            1336      1.66514e-04
 XC potential                         1336      7.08234e-01
------------------------------------------------------------
                 Wall time: 8.19614e+01 sec 
============================================================


============================================================
                  Calculating Fock matrix
------------------------------------------------------------
 Kinetic part                         4.861826493000000e+00
 Potential part                       1.948166282500000e+01
------------------------------------------------------------
                 Wall time: 2.43436e+01 sec 
============================================================


============================================================
                          Orbitals
------------------------------------------------------------
 Orb    F(i,i)        Error         nNodes  Spin  Occ  Done 
------------------------------------------------------------
  0  -1.39634e+01   1.75584e-05        776    p    2    0
  1  -7.79009e-01   1.72171e-04          0    p    2    0
  2  -4.15850e-01   1.03138e-03          0    p    2    0
  3  -4.15428e-01   1.04478e-03          0    p    2    0
  4  -2.27201e-01   1.38329e-03        936    p    2    0
------------------------------------------------------------
 Total error:                            2.02454e-03    0
============================================================


============================================================
                    Energy                 Update      Done 
------------------------------------------------------------
 Orbital      -3.160184715871910e+01    -3.16018e+01    1
 Kinetic       5.630146329700340e+01     5.63015e+01    1
 N-E          -1.559640060332547e+02    -1.55964e+02    1
 Coulomb       3.913878226525686e+01     3.91388e+01    1
 Exchange      0.000000000000000e+00     0.00000e+00    1
 X-C          -7.947515715348988e+00    -7.94752e+00    1
------------------------------------------------------------
 Electronic   -6.847127618634335e+01    -6.84713e+01    1
 Nuclear       1.195399458656202e+01     1.19540e+01    1
------------------------------------------------------------
 Total        -5.651728159978132e+01    -5.65173e+01    1
============================================================


################ Wall time: 3.28870e+02 sec ################




####################### SCF cycle  2 #######################


============================================================
 Current precision                              1.00000e-07
------------------------------------------------------------
 Orbital threshold                              1.00000e-06
 Property threshold                            -1.00000e+00
============================================================


============================================================
                  Digonalizing Fock matrix
------------------------------------------------------------
 Computing Lowdin matrix                        2.67430e-01
 Diagonalizing matrix                           1.01120e-05
 Rotating orbitals                              1.40720e+00
------------------------------------------------------------
                 Wall time: 1.67475e+00 sec 
============================================================


============================================================
                   Calculating SCF energy
------------------------------------------------------------
 Nuclear energy                       1.195399458656202e+01
 Electronic energy                   -6.847128296940217e+01
------------------------------------------------------------
 Total energy                        -5.651728838284014e+01
------------------------------------------------------------
                 Wall time: 1.87848e+01 sec 
============================================================


============================================================
                Rotating Helmholtz argument
------------------------------------------------------------
 Rotating orbitals                              4.45685e-01
------------------------------------------------------------
                 Wall time: 4.45763e-01 sec 
============================================================


============================================================
                Applying Helmholtz operators
------------------------------------------------------------
 Orb    RealNorm   Nodes     ImagNorm   Nodes     Timing
------------------------------------------------------------
  0    1.00000e+00   776    0.00000e+00     0   9.05534e+01
  4    1.00000e+00   936    0.00000e+00     0   1.06008e+02
------------------------------------------------------------
                 Wall time: 1.96562e+02 sec 
============================================================


============================================================
                 Lowdin orthonormalization
------------------------------------------------------------
 Computing Lowdin matrix                        2.52700e-01
 Rotating orbitals                              1.33045e+00
------------------------------------------------------------
                 Wall time: 1.58324e+00 sec 
============================================================


============================================================
               Iterative subspace accelerator
------------------------------------------------------------
 Push back orbitals                             3.32030e-05
 Copy orbitals                                  8.79803e-02
 Copy orbital updates                           8.77241e-02
------------------------------------------------------------
                 Wall time: 1.75857e-01 sec 
============================================================


============================================================
                 Lowdin orthonormalization
------------------------------------------------------------
 Computing Lowdin matrix                        2.56492e-01
 Rotating orbitals                              6.09364e-01
------------------------------------------------------------
                 Wall time: 8.65931e-01 sec 
============================================================


============================================================
                  Setting up Fock operator
------------------------------------------------------------
 Precision                                      1.00000e-07
------------------------------------------------------------
 Coulomb density                      1096      1.66511e+00
 Coulomb potential                     520      5.47454e+01
 Allreduce potential                   520      1.73982e-01
 XC total density                     1336      2.10035e+00
 XC evaluate xcfun                    6680      2.19547e+01
 XC energy                            1336      1.72483e-04
 XC potential                         1336      7.14301e-01
------------------------------------------------------------
                 Wall time: 8.18503e+01 sec 
============================================================


============================================================
                  Calculating Fock matrix
------------------------------------------------------------
 Kinetic part                         4.814872875000000e+00
 Potential part                       1.935465072300000e+01
------------------------------------------------------------
                 Wall time: 2.41696e+01 sec 
============================================================


============================================================
                          Orbitals
------------------------------------------------------------
 Orb    F(i,i)        Error         nNodes  Spin  Occ  Done 
------------------------------------------------------------
  0  -1.39635e+01   7.31901e-06        776    p    2    0
  1  -7.79012e-01   9.33234e-05          0    p    2    0
  2  -4.15834e-01   1.99790e-04          0    p    2    0
  3  -4.15449e-01   2.03576e-04          0    p    2    0
  4  -2.27204e-01   2.06127e-04        936    p    2    0
------------------------------------------------------------
 Total error:                            3.64157e-04    0
============================================================


============================================================
                    Energy                 Update      Done 
------------------------------------------------------------
 Orbital      -3.160187101335683e+01    -2.38546e-05    1
 Kinetic       5.630145945615831e+01    -3.84085e-06    1
 N-E          -1.559639814912932e+02     2.45420e-05    1
 Coulomb       3.913876461883072e+01    -1.76464e-05    1
 Exchange      0.000000000000000e+00     0.00000e+00    1
 X-C          -7.947513828026378e+00     1.88732e-06    1
------------------------------------------------------------
 Electronic   -6.847128296940217e+01    -6.78306e-06    1
 Nuclear       1.195399458656202e+01     0.00000e+00    1
------------------------------------------------------------
 Total        -5.651728838284014e+01    -6.78306e-06    1
============================================================


################ Wall time: 3.26329e+02 sec ################




####################### SCF cycle  3 #######################


============================================================
 Current precision                              1.00000e-07
------------------------------------------------------------
 Orbital threshold                              1.00000e-06
 Property threshold                            -1.00000e+00
============================================================


============================================================
                   Calculating SCF energy
------------------------------------------------------------
 Nuclear energy                       1.195399458656202e+01
 Electronic energy                   -6.847128330913115e+01
------------------------------------------------------------
 Total energy                        -5.651728872256913e+01
------------------------------------------------------------
                 Wall time: 1.91178e+01 sec 
============================================================


============================================================
                Rotating Helmholtz argument
------------------------------------------------------------
 Rotating orbitals                              1.30093e+00
------------------------------------------------------------
                 Wall time: 1.30102e+00 sec 
============================================================


============================================================
                Applying Helmholtz operators
------------------------------------------------------------
 Orb    RealNorm   Nodes     ImagNorm   Nodes     Timing
------------------------------------------------------------
  0    1.00000e+00   776    0.00000e+00     0   9.18752e+01
  4    1.00000e+00   936    0.00000e+00     0   1.07735e+02
------------------------------------------------------------
                 Wall time: 1.99610e+02 sec 
============================================================


============================================================
                 Lowdin orthonormalization
------------------------------------------------------------
 Computing Lowdin matrix                        2.52988e-01
 Rotating orbitals                              1.42651e+00
------------------------------------------------------------
                 Wall time: 1.67959e+00 sec 
============================================================


============================================================
               Iterative subspace accelerator
------------------------------------------------------------
 Push back orbitals                             3.25500e-05
 Setup linear system                            2.44932e-01
 Solve linear system                            1.21810e-05
 Expand solution                                7.50482e-01
------------------------------------------------------------
                 Wall time: 9.95594e-01 sec 
============================================================


============================================================
                 Lowdin orthonormalization
------------------------------------------------------------
 Computing Lowdin matrix                        4.01743e-01
 Rotating orbitals                              1.26815e+00
------------------------------------------------------------
                 Wall time: 1.66998e+00 sec 
============================================================


============================================================
                  Setting up Fock operator
------------------------------------------------------------
 Precision                                      1.00000e-07
------------------------------------------------------------
 Coulomb density                      1096      1.72455e+00
 Coulomb potential                     520      5.54060e+01
 Allreduce potential                   520      1.73923e-01
 XC total density                     1336      2.09648e+00
 XC evaluate xcfun                    6680      2.15944e+01
 XC energy                            1336      1.72771e-04
 XC potential                         1336      7.59444e-01
------------------------------------------------------------
                 Wall time: 8.22480e+01 sec 
============================================================


============================================================
                  Calculating Fock matrix
------------------------------------------------------------
 Kinetic part                         4.827093243000000e+00
 Potential part                       1.975992850600000e+01
------------------------------------------------------------
                 Wall time: 2.45871e+01 sec 
============================================================


============================================================
                          Orbitals
------------------------------------------------------------
 Orb    F(i,i)        Error         nNodes  Spin  Occ  Done 
------------------------------------------------------------
  0  -1.39635e+01   5.61339e-06        776    p    2    0
  1  -7.79011e-01   3.63568e-05          0    p    2    0
  2  -4.15822e-01   9.39574e-05          0    p    2    0
  3  -4.15460e-01   9.64749e-05          0    p    2    0
  4  -2.27203e-01   8.82749e-05        936    p    2    0
------------------------------------------------------------
 Total error:                            1.65170e-04    0
============================================================


============================================================
                    Energy                 Update      Done 
------------------------------------------------------------
 Orbital      -3.160190707679929e+01    -3.60634e-05    1
 Kinetic       5.630144566091616e+01    -1.37952e-05    1
 N-E          -1.559639337055139e+02     4.77858e-05    1
 Coulomb       3.913872741734205e+01    -3.72015e-05    1
 Exchange      0.000000000000000e+00     0.00000e+00    1
 X-C          -7.947509114615511e+00     4.71341e-06    1
------------------------------------------------------------
 Electronic   -6.847128330913115e+01    -3.39729e-07    1
 Nuclear       1.195399458656202e+01     0.00000e+00    1
------------------------------------------------------------
 Total        -5.651728872256913e+01    -3.39729e-07    1
============================================================


################ Wall time: 3.31560e+02 sec ################




####################### SCF cycle  4 #######################


============================================================
 Current precision                              1.00000e-07
------------------------------------------------------------
 Orbital threshold                              1.00000e-06
 Property threshold                            -1.00000e+00
============================================================


============================================================
                   Calculating SCF energy
------------------------------------------------------------
 Nuclear energy                       1.195399458656202e+01
 Electronic energy                   -6.847128339864226e+01
------------------------------------------------------------
 Total energy                        -5.651728881208023e+01
------------------------------------------------------------
                 Wall time: 1.98714e+01 sec 
============================================================


============================================================
                Rotating Helmholtz argument
------------------------------------------------------------
 Rotating orbitals                              1.32708e+00
------------------------------------------------------------
                 Wall time: 1.32717e+00 sec 
============================================================


============================================================
                Applying Helmholtz operators
------------------------------------------------------------
 Orb    RealNorm   Nodes     ImagNorm   Nodes     Timing
------------------------------------------------------------
  0    1.00000e+00   776    0.00000e+00     0   9.70417e+01
  4    1.00000e+00   936    0.00000e+00     0   1.10130e+02
------------------------------------------------------------
                 Wall time: 2.07177e+02 sec 
============================================================


============================================================
                 Lowdin orthonormalization
------------------------------------------------------------
 Computing Lowdin matrix                        2.53033e-01
 Rotating orbitals                              1.45743e+00
------------------------------------------------------------
                 Wall time: 1.71057e+00 sec 
============================================================


============================================================
               Iterative subspace accelerator
------------------------------------------------------------
 Push back orbitals                             2.14247e-02
 Setup linear system                            7.38558e-01
 Solve linear system                            1.60410e-05
 Expand solution                                1.22205e+00
------------------------------------------------------------
                 Wall time: 1.98222e+00 sec 
============================================================


============================================================
                 Lowdin orthonormalization
------------------------------------------------------------
 Computing Lowdin matrix                        4.31443e-01
 Rotating orbitals                              1.27382e+00
------------------------------------------------------------
                 Wall time: 1.70535e+00 sec 
============================================================


============================================================
                  Setting up Fock operator
------------------------------------------------------------
 Precision                                      1.00000e-07
------------------------------------------------------------
 Coulomb density                      1096      1.75507e+00
 Coulomb potential                     520      5.64694e+01
 Allreduce potential                   520      1.71931e-01
 XC total density                     1336      2.10144e+00
 XC evaluate xcfun                    6680      2.18045e+01
 XC energy                            1336      1.65022e-04
 XC potential                         1336      7.71659e-01
------------------------------------------------------------
                 Wall time: 8.35782e+01 sec 
============================================================


============================================================
                  Calculating Fock matrix
------------------------------------------------------------
 Kinetic part                         4.841985600000000e+00
 Potential part                       2.001936575000000e+01
------------------------------------------------------------
                 Wall time: 2.48615e+01 sec 
============================================================


============================================================
                          Orbitals
------------------------------------------------------------
 Orb    F(i,i)        Error         nNodes  Spin  Occ  Done 
------------------------------------------------------------
  0  -1.39635e+01   3.97174e-06        776    p    2    0
  1  -7.79013e-01   1.00031e-05          0    p    2    0
  2  -4.15817e-01   5.29462e-05          0    p    2    0
  3  -4.15469e-01   5.29413e-05          0    p    2    0
  4  -2.27205e-01   6.38376e-05        936    p    2    0
------------------------------------------------------------
 Total error:                            9.89806e-05    0
============================================================


============================================================
                    Energy                 Update      Done 
------------------------------------------------------------
 Orbital      -3.160189055339111e+01     1.65234e-05    1
 Kinetic       5.630146217934185e+01     1.65184e-05    1
 N-E          -1.559639646899707e+02    -3.09845e-05    1
 Coulomb       3.913874470338799e+01     1.72860e-05    1
 Exchange      0.000000000000000e+00     0.00000e+00    1
 X-C          -7.947511330918799e+00    -2.21630e-06    1
------------------------------------------------------------
 Electronic   -6.847128339864226e+01    -8.95111e-08    1
 Nuclear       1.195399458656202e+01     0.00000e+00    1
------------------------------------------------------------
 Total        -5.651728881208023e+01    -8.95111e-08    1
============================================================


################ Wall time: 3.42586e+02 sec ################




####################### SCF cycle  5 #######################


============================================================
 Current precision                              1.00000e-07
------------------------------------------------------------
 Orbital threshold                              1.00000e-06
 Property threshold                            -1.00000e+00
============================================================


============================================================
                   Calculating SCF energy
------------------------------------------------------------
 Nuclear energy                       1.195399458656202e+01
 Electronic energy                   -6.847128342725493e+01
------------------------------------------------------------
 Total energy                        -5.651728884069291e+01
------------------------------------------------------------
                 Wall time: 2.05722e+01 sec 
============================================================


============================================================
                Rotating Helmholtz argument
------------------------------------------------------------
 Rotating orbitals                              1.34437e+00
------------------------------------------------------------
                 Wall time: 1.34446e+00 sec 
============================================================


============================================================
                Applying Helmholtz operators
------------------------------------------------------------
 Orb    RealNorm   Nodes     ImagNorm   Nodes     Timing
------------------------------------------------------------
  0    1.00000e+00   776    0.00000e+00     0   1.01269e+02
  4    9.99999e-01   936    0.00000e+00     0   1.11798e+02
------------------------------------------------------------
                 Wall time: 2.13090e+02 sec 
============================================================


============================================================
                 Lowdin orthonormalization
------------------------------------------------------------
 Computing Lowdin matrix                        2.47481e-01
 Rotating orbitals                              1.44214e+00
------------------------------------------------------------
                 Wall time: 1.68971e+00 sec 
============================================================


============================================================
               Iterative subspace accelerator
------------------------------------------------------------
 Push back orbitals                             2.17130e-02
 Setup linear system                            1.49575e+00
 Solve linear system                            1.07870e-05
 Expand solution                                1.91473e+00
------------------------------------------------------------
                 Wall time: 3.43237e+00 sec 
============================================================


============================================================
                 Lowdin orthonormalization
------------------------------------------------------------
 Computing Lowdin matrix                        5.05862e-01
 Rotating orbitals                              1.41746e+00
------------------------------------------------------------
                 Wall time: 1.92341e+00 sec 
============================================================


============================================================
                  Setting up Fock operator
------------------------------------------------------------
 Precision                                      1.00000e-07
------------------------------------------------------------
 Coulomb density                      1096      1.68113e+00
 Coulomb potential                     520      5.83750e+01
 Allreduce potential                   520      1.72939e-01
 XC total density                     1336      2.20352e+00
 XC evaluate xcfun                    6680      2.20878e+01
 XC energy                            1336      1.70160e-04
 XC potential                         1336      7.88908e-01
------------------------------------------------------------
                 Wall time: 8.58147e+01 sec 
============================================================


============================================================
                  Calculating Fock matrix
------------------------------------------------------------
 Kinetic part                         4.880609860000000e+00
 Potential part                       2.043715575900000e+01
------------------------------------------------------------
                 Wall time: 2.53179e+01 sec 
============================================================


============================================================
                          Orbitals
------------------------------------------------------------
 Orb    F(i,i)        Error         nNodes  Spin  Occ  Done 
------------------------------------------------------------
  0  -1.39634e+01   5.38436e-07        776    p    2    1
  1  -7.79009e-01   2.29753e-06          0    p    2    0
  2  -4.15812e-01   1.08034e-05          0    p    2    0
  3  -4.15467e-01   1.24958e-05          0    p    2    0
  4  -2.27201e-01   2.46540e-05        936    p    2    0
------------------------------------------------------------
 Total error:                            2.97699e-05    0
============================================================


============================================================
                    Energy                 Update      Done 
------------------------------------------------------------
 Orbital      -3.160191940054632e+01    -2.88472e-05    1
 Kinetic       5.630144191398356e+01    -2.02654e-05    1
 N-E          -1.559639182028341e+02     4.64871e-05    1
 Coulomb       3.913871466479366e+01    -3.00386e-05    1
 Exchange      0.000000000000000e+00     0.00000e+00    1
 X-C          -7.947507348927622e+00     3.98199e-06    1
------------------------------------------------------------
 Electronic   -6.847128342725493e+01    -2.86127e-08    1
 Nuclear       1.195399458656202e+01     0.00000e+00    1
------------------------------------------------------------
 Total        -5.651728884069291e+01    -2.86127e-08    1
============================================================


################ Wall time: 3.53616e+02 sec ################




####################### SCF cycle  6 #######################


============================================================
 Current precision                              1.00000e-07
------------------------------------------------------------
 Orbital threshold                              1.00000e-06
 Property threshold                            -1.00000e+00
============================================================


============================================================
                   Calculating SCF energy
------------------------------------------------------------
 Nuclear energy                       1.195399458656202e+01
 Electronic energy                   -6.847128343004766e+01
------------------------------------------------------------
 Total energy                        -5.651728884348564e+01
------------------------------------------------------------
                 Wall time: 1.97520e+01 sec 
============================================================


============================================================
                Rotating Helmholtz argument
------------------------------------------------------------
 Rotating orbitals                              1.34237e+00
------------------------------------------------------------
                 Wall time: 1.34246e+00 sec 
============================================================


============================================================
                Applying Helmholtz operators
------------------------------------------------------------
 Orb    RealNorm   Nodes     ImagNorm   Nodes     Timing
------------------------------------------------------------
  0    1.00000e+00   776    0.00000e+00     0   9.87683e+01
  4    1.00000e+00   936    0.00000e+00     0   1.10772e+02
------------------------------------------------------------
                 Wall time: 2.09554e+02 sec 
============================================================


============================================================
                 Lowdin orthonormalization
------------------------------------------------------------
 Computing Lowdin matrix                        2.50348e-01
 Rotating orbitals                              1.45656e+00
------------------------------------------------------------
                 Wall time: 1.70726e+00 sec 
============================================================


============================================================
               Iterative subspace accelerator
------------------------------------------------------------
 Push back orbitals                             3.15900e-02
 Setup linear system                            1.48879e+00
 Solve linear system                            1.06190e-05
 Expand solution                                1.95121e+00
------------------------------------------------------------
                 Wall time: 3.47176e+00 sec 
============================================================


============================================================
                 Lowdin orthonormalization
------------------------------------------------------------
 Computing Lowdin matrix                        5.20313e-01
 Rotating orbitals                              1.37788e+00
------------------------------------------------------------
                 Wall time: 1.89828e+00 sec 
============================================================


============================================================
                  Setting up Fock operator
------------------------------------------------------------
 Precision                                      1.00000e-07
------------------------------------------------------------
 Coulomb density                      1096      1.82841e+00
 Coulomb potential                     520      5.96704e+01
 Allreduce potential                   520      1.77349e-01
 XC total density                     1336      2.18625e+00
 XC evaluate xcfun                    6680      2.24964e+01
 XC energy                            1336      1.79696e-04
 XC potential                         1336      7.75861e-01
------------------------------------------------------------
                 Wall time: 8.76594e+01 sec 
============================================================


============================================================
                  Calculating Fock matrix
------------------------------------------------------------
 Kinetic part                         4.880386185000000e+00
 Potential part                       2.068813176800000e+01
------------------------------------------------------------
                 Wall time: 2.55686e+01 sec 
============================================================


============================================================
                          Orbitals
------------------------------------------------------------
 Orb    F(i,i)        Error         nNodes  Spin  Occ  Done 
------------------------------------------------------------
  0  -1.39635e+01   2.06877e-07        776    p    2    1
  1  -7.79014e-01   1.41878e-06          0    p    2    0
  2  -4.15815e-01   3.60939e-06          0    p    2    0
  3  -4.15470e-01   2.99522e-06          0    p    2    0
  4  -2.27205e-01   8.57508e-06        936    p    2    0
------------------------------------------------------------
 Total error:                            9.87860e-06    0
============================================================


============================================================
                    Energy                 Update      Done 
------------------------------------------------------------
 Orbital      -3.160187051694698e+01     4.88836e-05    1
 Kinetic       5.630147661482039e+01     3.47008e-05    1
 N-E          -1.559639971446173e+02    -7.89418e-05    1
 Coulomb       3.913876560340594e+01     5.09386e-05    1
 Exchange      0.000000000000000e+00     0.00000e+00    1
 X-C          -7.947514014845367e+00    -6.66592e-06    1
------------------------------------------------------------
 Electronic   -6.847128343004766e+01    -2.79273e-09    1
 Nuclear       1.195399458656202e+01     0.00000e+00    1
------------------------------------------------------------
 Total        -5.651728884348564e+01    -2.79273e-09    1
============================================================


################ Wall time: 3.51397e+02 sec ################




####################### SCF cycle  7 #######################


============================================================
 Current precision                              1.00000e-07
------------------------------------------------------------
 Orbital threshold                              1.00000e-06
 Property threshold                            -1.00000e+00
============================================================


============================================================
                   Calculating SCF energy
------------------------------------------------------------
 Nuclear energy                       1.195399458656202e+01
 Electronic energy                   -6.847128343034561e+01
------------------------------------------------------------
 Total energy                        -5.651728884378358e+01
------------------------------------------------------------
                 Wall time: 2.08876e+01 sec 
============================================================


============================================================
                Rotating Helmholtz argument
------------------------------------------------------------
 Rotating orbitals                              1.39169e+00
------------------------------------------------------------
                 Wall time: 1.39178e+00 sec 
============================================================


============================================================
                Applying Helmholtz operators
------------------------------------------------------------
 Orb    RealNorm   Nodes     ImagNorm   Nodes     Timing
------------------------------------------------------------
  0    1.00000e+00   776    0.00000e+00     0   1.01190e+02
  4    9.99999e-01   936    0.00000e+00     0   1.10404e+02
------------------------------------------------------------
                 Wall time: 2.11600e+02 sec 
============================================================


============================================================
                 Lowdin orthonormalization
------------------------------------------------------------
 Computing Lowdin matrix                        2.54724e-01
 Rotating orbitals                              1.48004e+00
------------------------------------------------------------
                 Wall time: 1.73485e+00 sec 
============================================================


============================================================
               Iterative subspace accelerator
------------------------------------------------------------
 Push back orbitals                             3.16604e-02
 Setup linear system                            1.44733e+00
 Solve linear system                            1.10320e-05
 Expand solution                                1.82621e+00
------------------------------------------------------------
                 Wall time: 3.30537e+00 sec 
============================================================


============================================================
                 Lowdin orthonormalization
------------------------------------------------------------
 Computing Lowdin matrix                        4.18219e-01
 Rotating orbitals                              1.27151e+00
------------------------------------------------------------
                 Wall time: 1.68981e+00 sec 
============================================================


============================================================
                  Setting up Fock operator
------------------------------------------------------------
 Precision                                      1.00000e-07
------------------------------------------------------------
 Coulomb density                      1096      1.80339e+00
 Coulomb potential                     520      6.16343e+01
 Allreduce potential                   520      1.83159e-01
 XC total density                     1336      2.17596e+00
 XC evaluate xcfun                    6680      2.21825e+01
 XC energy                            1336      1.73347e-04
 XC potential                         1336      7.80596e-01
------------------------------------------------------------
                 Wall time: 8.92859e+01 sec 
============================================================


============================================================
                  Calculating Fock matrix
------------------------------------------------------------
 Kinetic part                         5.029081760000000e+00
 Potential part                       2.125131598700000e+01
------------------------------------------------------------
                 Wall time: 2.62805e+01 sec 
============================================================


============================================================
                          Orbitals
------------------------------------------------------------
 Orb    F(i,i)        Error         nNodes  Spin  Occ  Done 
------------------------------------------------------------
  0  -1.39635e+01   2.26437e-07        776    p    2    1
  1  -7.79011e-01   8.95569e-07          0    p    2    1
  2  -4.15813e-01   2.63143e-06          0    p    2    0
  3  -4.15468e-01   2.84966e-06          0    p    2    0
  4  -2.27203e-01   6.68037e-06        936    p    2    0
------------------------------------------------------------
 Total error:                            7.77982e-06    0
============================================================


============================================================
                    Energy                 Update      Done 
------------------------------------------------------------
 Orbital      -3.160192150085201e+01    -5.09839e-05    1
 Kinetic       5.630144038469834e+01    -3.62301e-05    1
 N-E          -1.559639147086242e+02     8.24360e-05    1
 Coulomb       3.913871249178840e+01    -5.31116e-05    1
 Exchange      0.000000000000000e+00     0.00000e+00    1
 X-C          -7.947507105686650e+00     6.90916e-06    1
------------------------------------------------------------
 Electronic   -6.847128343034561e+01    -2.97945e-10    1
 Nuclear       1.195399458656202e+01     0.00000e+00    1
------------------------------------------------------------
 Total        -5.651728884378358e+01    -2.97945e-10    1
============================================================


################ Wall time: 3.56577e+02 sec ################




####################### SCF cycle  8 #######################


============================================================
 Current precision                              1.00000e-07
------------------------------------------------------------
 Orbital threshold                              1.00000e-06
 Property threshold                            -1.00000e+00
============================================================


============================================================
                   Calculating SCF energy
------------------------------------------------------------
 Nuclear energy                       1.195399458656202e+01
 Electronic energy                   -6.847128343043570e+01
------------------------------------------------------------
 Total energy                        -5.651728884387368e+01
------------------------------------------------------------
                 Wall time: 2.11727e+01 sec 
============================================================


============================================================
                Rotating Helmholtz argument
------------------------------------------------------------
 Rotating orbitals                              1.37986e+00
------------------------------------------------------------
                 Wall time: 1.37996e+00 sec 
============================================================


============================================================
                Applying Helmholtz operators
------------------------------------------------------------
 Orb    RealNorm   Nodes     ImagNorm   Nodes     Timing
------------------------------------------------------------
  0    1.00000e+00   776    0.00000e+00     0   1.02519e+02
  4    1.00000e+00   936    0.00000e+00     0   1.13276e+02
------------------------------------------------------------
                 Wall time: 2.15802e+02 sec 
============================================================


============================================================
                 Lowdin orthonormalization
------------------------------------------------------------
 Computing Lowdin matrix                        2.57831e-01
 Rotating orbitals                              1.41771e+00
------------------------------------------------------------
                 Wall time: 1.67563e+00 sec 
============================================================


============================================================
               Iterative subspace accelerator
------------------------------------------------------------
 Push back orbitals                             3.14017e-02
 Setup linear system                            1.53616e+00
 Solve linear system                            1.06670e-05
 Expand solution                                1.84378e+00
------------------------------------------------------------
                 Wall time: 3.41151e+00 sec 
============================================================


============================================================
                 Lowdin orthonormalization
------------------------------------------------------------
 Computing Lowdin matrix                        4.23346e-01
 Rotating orbitals                              1.28342e+00
------------------------------------------------------------
                 Wall time: 1.70684e+00 sec 
============================================================


============================================================
                  Setting up Fock operator
------------------------------------------------------------
 Precision                                      1.00000e-07
------------------------------------------------------------
 Coulomb density                      1096      1.91811e+00
 Coulomb potential                     520      5.72194e+01
 Allreduce potential                   520      1.83458e-01
 XC total density                     1336      2.24231e+00
 XC evaluate xcfun                    6680      2.20484e+01
 XC energy                            1336      1.69450e-04
 XC potential                         1336      7.86677e-01
------------------------------------------------------------
                 Wall time: 8.49152e+01 sec 
============================================================


============================================================
                  Calculating Fock matrix
------------------------------------------------------------
 Kinetic part                         4.991842790000000e+00
 Potential part                       2.096354086000000e+01
------------------------------------------------------------
                 Wall time: 2.59555e+01 sec 
============================================================


============================================================
                          Orbitals
------------------------------------------------------------
 Orb    F(i,i)        Error         nNodes  Spin  Occ  Done 
------------------------------------------------------------
  0  -1.39635e+01   2.05226e-07        776    p    2    1
  1  -7.79012e-01   4.88155e-07          0    p    2    1
  2  -4.15814e-01   2.20127e-06          0    p    2    0
  3  -4.15469e-01   2.37654e-06          0    p    2    0
  4  -2.27204e-01   2.14511e-06        936    p    2    0
------------------------------------------------------------
 Total error:                            3.92116e-06    0
============================================================


============================================================
                    Energy                 Update      Done 
------------------------------------------------------------
 Orbital      -3.160189370231897e+01     2.77985e-05    1
 Kinetic       5.630146026650234e+01     1.98818e-05    1
 N-E          -1.559639597641427e+02    -4.50555e-05    1
 Coulomb       3.913874145580645e+01     2.89640e-05    1
 Exchange      0.000000000000000e+00     0.00000e+00    1
 X-C          -7.947510895511660e+00    -3.78983e-06    1
------------------------------------------------------------
 Electronic   -6.847128343043570e+01    -9.00968e-11    1
 Nuclear       1.195399458656202e+01     0.00000e+00    1
------------------------------------------------------------
 Total        -5.651728884387368e+01    -9.00968e-11    1
============================================================


################ Wall time: 3.56398e+02 sec ################




####################### SCF cycle  9 #######################


============================================================
 Current precision                              1.00000e-07
------------------------------------------------------------
 Orbital threshold                              1.00000e-06
 Property threshold                            -1.00000e+00
============================================================


============================================================
                   Calculating SCF energy
------------------------------------------------------------
 Nuclear energy                       1.195399458656202e+01
 Electronic energy                   -6.847128343047946e+01
------------------------------------------------------------
 Total energy                        -5.651728884391743e+01
------------------------------------------------------------
                 Wall time: 2.09334e+01 sec 
============================================================


============================================================
                Rotating Helmholtz argument
------------------------------------------------------------
 Rotating orbitals                              1.33422e+00
------------------------------------------------------------
                 Wall time: 1.33431e+00 sec 
============================================================


============================================================
                Applying Helmholtz operators
------------------------------------------------------------
 Orb    RealNorm   Nodes     ImagNorm   Nodes     Timing
------------------------------------------------------------
  0    1.00000e+00   776    0.00000e+00     0   9.88853e+01
  4    1.00000e+00   936    0.00000e+00     0   1.15984e+02
------------------------------------------------------------
                 Wall time: 2.14875e+02 sec 
============================================================


============================================================
                 Lowdin orthonormalization
------------------------------------------------------------
 Computing Lowdin matrix                        2.52162e-01
 Rotating orbitals                              1.39965e+00
------------------------------------------------------------
                 Wall time: 1.65191e+00 sec 
============================================================


============================================================
               Iterative subspace accelerator
------------------------------------------------------------
 Push back orbitals                             3.12574e-02
 Setup linear system                            1.44935e+00
 Solve linear system                            1.06160e-05
 Expand solution                                1.82753e+00
------------------------------------------------------------
                 Wall time: 3.30830e+00 sec 
============================================================


============================================================
                 Lowdin orthonormalization
------------------------------------------------------------
 Computing Lowdin matrix                        4.62802e-01
 Rotating orbitals                              1.20295e+00
------------------------------------------------------------
                 Wall time: 1.66584e+00 sec 
============================================================


============================================================
                  Setting up Fock operator
------------------------------------------------------------
 Precision                                      1.00000e-07
------------------------------------------------------------
 Coulomb density                      1096      1.81661e+00
 Coulomb potential                     520      5.91638e+01
 Allreduce potential                   520      1.76603e-01
 XC total density                     1336      2.20603e+00
 XC evaluate xcfun                    6680      2.23166e+01
 XC energy                            1336      1.74849e-04
 XC potential                         1336      7.78336e-01
------------------------------------------------------------
                 Wall time: 8.69579e+01 sec 
============================================================


============================================================
                  Calculating Fock matrix
------------------------------------------------------------
 Kinetic part                         4.966998549000000e+00
 Potential part                       2.087514706600000e+01
------------------------------------------------------------
                 Wall time: 2.58423e+01 sec 
============================================================


============================================================
                          Orbitals
------------------------------------------------------------
 Orb    F(i,i)        Error         nNodes  Spin  Occ  Done 
------------------------------------------------------------
  0  -1.39635e+01   8.65440e-09        776    p    2    1
  1  -7.79012e-01   1.19017e-07          0    p    2    1
  2  -4.15814e-01   5.18125e-07          0    p    2    1
  3  -4.15469e-01   5.16888e-07          0    p    2    1
  4  -2.27204e-01   4.18635e-07        936    p    2    1
------------------------------------------------------------
 Total error:                            8.51540e-07    1
============================================================


============================================================
                    Energy                 Update      Done 
------------------------------------------------------------
 Orbital      -3.160190004938595e+01    -6.34707e-06    1
 Kinetic       5.630145579609918e+01    -4.47040e-06    1
 N-E          -1.559639495443120e+02     1.02198e-05    1
 Coulomb       3.913873484387344e+01    -6.61193e-06    1
 Exchange      0.000000000000000e+00     0.00000e+00    1
 X-C          -7.947510036301101e+00     8.59211e-07    1
------------------------------------------------------------
 Electronic   -6.847128343047946e+01    -4.37552e-11    1
 Nuclear       1.195399458656202e+01     0.00000e+00    1
------------------------------------------------------------
 Total        -5.651728884391743e+01    -4.37552e-11    1
============================================================


################ Wall time: 3.56975e+02 sec ################


============================================================
                      Convergence rate
------------------------------------------------------------
Iter    OrbError       Property                   Update  
------------------------------------------------------------
  1    2.02454e-03    -5.651728159978132e+01   -5.65173e+01
  2    3.64157e-04    -5.651728838284014e+01   -6.78306e-06
  3    1.65170e-04    -5.651728872256913e+01   -3.39729e-07
  4    9.89806e-05    -5.651728881208023e+01   -8.95111e-08
  5    2.97699e-05    -5.651728884069291e+01   -2.86127e-08
  6    9.87860e-06    -5.651728884348564e+01   -2.79273e-09
  7    7.77982e-06    -5.651728884378358e+01   -2.97945e-10
  8    3.92116e-06    -5.651728884387368e+01   -9.00968e-11
  9    8.51540e-07    -5.651728884391743e+01   -4.37552e-11
------------------------------------------------------------
                      SCF converged!!!                      
============================================================


============================================================
                  Digonalizing Fock matrix
------------------------------------------------------------
 Computing Lowdin matrix                        2.38291e-01
 Diagonalizing matrix                           9.63900e-06
 Rotating orbitals                              1.77032e+00
------------------------------------------------------------
                 Wall time: 2.00871e+00 sec 
============================================================


============================================================
                  Setting up Fock operator
------------------------------------------------------------
 Precision                                      1.00000e-07
------------------------------------------------------------
 Coulomb density                      1096      1.84536e+00
 Coulomb potential                     520      5.40526e+01
 Allreduce potential                   520      1.76704e-01
 XC total density                     1336      2.27282e+00
 XC evaluate xcfun                    6680      2.16011e+01
 XC energy                            1336      1.55726e-04
 XC potential                         1336      6.37633e-01
------------------------------------------------------------
                 Wall time: 8.10697e+01 sec 
============================================================


============================================================
                   Calculating SCF energy
------------------------------------------------------------
------------------------------------------------------------
                 Wall time: 2.16133e+01 sec 
============================================================


============================================================
                 Calculating dipole moment
------------------------------------------------------------
------------------------------------------------------------
                 Wall time: 7.86908e+00 sec 
============================================================


============================================================
                        Fock matrix
------------------------------------------------------------
-1.39635e+01  0.00000e+00  0.00000e+00  0.00000e+00  0.00000e+00
 0.00000e+00 -7.79012e-01  0.00000e+00  0.00000e+00  0.00000e+00
 0.00000e+00  0.00000e+00 -4.15814e-01  0.00000e+00  0.00000e+00
 0.00000e+00  0.00000e+00  0.00000e+00 -4.15469e-01  0.00000e+00
 0.00000e+00  0.00000e+00  0.00000e+00  0.00000e+00 -2.27204e-01
============================================================


============================================================
                      Orbital energies
------------------------------------------------------------
    n  spin  occ                            epsilon  
------------------------------------------------------------
    0    p    2                      -1.396345189293452e+01
    1    p    2                      -7.790117983042893e-01
    2    p    2                      -4.158140835746781e-01
    3    p    2                      -4.154686398865292e-01
    4    p    2                      -2.272035280853121e-01
============================================================


============================================================
                          Molecule
------------------------------------------------------------
 Nr  Element             x             y             z      
------------------------------------------------------------
  1     N           0.00000e+00   0.00000e+00   0.00000e+00
  2     H           0.00000e+00  -1.77200e+00  -7.21119e-01
  3     H           1.53465e+00   8.86093e-01  -7.21119e-01
  4     H          -1.53465e+00   8.86093e-01  -7.21119e-01
------------------------------------------------------------
 Center of mass:    0.00000e+00   1.11842e-05  -1.28037e-01
============================================================


                                                            
============================================================
                         SCF Energy                         
------------------------------------------------------------
                                                            
 Sum orbital energy:                 -3.160189988557066e+01
 Kinetic energy:                      5.630145590674587e+01
 E-N energy:                         -1.559639498057923e+02
 Coulomb energy:                      3.913873501402304e+01
 Exchange energy:                     0.000000000000000e+00
 X-C energy:                         -7.947510056079057e+00
 El. external field energy:          -1.448930319242838e-05
 Nuc. external field energy:          4.744685547231065e-15
                                                            
------------------------------------------------------------
                                                            
 Electronic energy:                  -6.847128343040566e+01
 Nuclear energy:                      1.195399458656202e+01
                                                            
------------------------------------------------------------
                                                            
 Total energy       (au)             -5.651728884384364e+01
                    (kJ/mol)         -1.483861203829417e+05
                    (kcal/mol)       -3.546513391171995e+04
                    (eV)             -1.537913708711899e+03
                                                            
============================================================
                                                            

                                                            
============================================================
                         Dipole moment                      
------------------------------------------------------------
                                                            
 Length of vector:   (au)                  5.8037901937e-01
                     (Debye)               1.4751761851e+00
                                                            
-------------------------- Total ---------------------------
                                                            
 [ 1.4489303188e-02,  1.7668371947e-05, -5.8019812642e-01] 
                                                            
------------------------- Nuclear --------------------------
                                                            
 [-4.7446491180e-12,  7.7130647532e-05, -8.8299208984e-01] 
                                                            
------------------------ Electronic ------------------------
                                                            
 [ 1.4489303192e-02, -5.9462275586e-05,  3.0279396341e-01] 
                                                            
============================================================
                                                            



************************************************************
***                                                      ***
***                    Exiting MRChem                    ***
***                                                      ***
***               Wall time: 3.332865e+03                ***
***                                                      ***
************************************************************


