


************************************************************
***     __  __ ____   ____ _                             ***
***    |  \/  |  _ \ / ___| |__   ___ _ __ ___           ***
***    | |\/| | |_) | |   | '_ \ / _ \ '_ ` _ \          ***
***    | |  | |  _ <| |___| | | |  __/ | | | | |         ***
***    |_|  |_|_| \_\\____|_| |_|\___|_| |_| |_|         ***
***                                                      ***
***    VERSION 0.0.1 (rev. 1c6f79f)                     ***
***                                                      ***
***    Stig Rune Jensen <stig.r.jensen@uit.no>           ***
***    Luca Frediani    <luca.frediani@uit.no>           ***
***    Peter Wind       <peter.wind@uit.no>              ***
***                                                      ***
************************************************************


+++ Parallel execution: 
  MPI hosts available     : 4
  Threads/host            : 2
  Total used CPUs         : 8


------------------------------------------------------------

 MRCPP version   : X.Y.Z
 Git revision    : bbc2aed

 Linear algebra  : EIGEN
 Parallelization : MPI/OpenMP

------------------------------------------------------------




============================================================
                  MultiResolution Analysis                  
------------------------------------------------------------
 polynomial order = 11
 polynomial type  = Interpolating
------------------------------------------------------------
 total boxes      = 8
 boxes            = [           2           2           2 ]
 unit lengths     = [    32.00000    32.00000    32.00000 ]
 scaling factor   = [     1.00000     1.00000     1.00000 ]
 lower bounds     = [   -32.00000   -32.00000   -32.00000 ]
 upper bounds     = [    32.00000    32.00000    32.00000 ]
 total length     = [    64.00000    64.00000    64.00000 ]
============================================================


============================================================
                          Molecule
------------------------------------------------------------
 Nr  Element             x             y             z      
------------------------------------------------------------
  1     N           0.00000e+00   0.00000e+00   0.00000e+00
  2     H           0.00000e+00   0.00000e+00   1.95813e+00
------------------------------------------------------------
 Center of mass:    0.00000e+00   0.00000e+00   1.31450e-01
============================================================


============================================================
                Setting up nuclear potential
------------------------------------------------------------
 Nr  Element         Charge        Precision     Smoothing 
------------------------------------------------------------
  1     N           7.00000e+00   1.00000e-07   2.95801e-05
  2     H           1.00000e+00   1.00000e-07   7.57698e-04
------------------------------------------------------------
 Nuclear potential                    1288      1.21473e+00
 Allreduce potential                  1960      6.89728e-01
------------------------------------------------------------
                 Wall time: 1.90459e+00 sec 
============================================================


============================================================
 OrbitalVector:   8 orbitals     8 occupied     8 electrons
------------------------------------------------------------
   n  RankID           Norm          Spin Occ      Error    
------------------------------------------------------------
   0     0       1.000000000000e+00    a   1    1.00000e+00
   1     1      -1.000000000000e+00    a   1    1.00000e+00
   2     2      -1.000000000000e+00    a   1    1.00000e+00
   3     3      -1.000000000000e+00    a   1    1.00000e+00
   4     0       1.000000000000e+00    a   1    1.00000e+00
   5     1      -1.000000000000e+00    b   1    1.00000e+00
   6     2      -1.000000000000e+00    b   1    1.00000e+00
   7     3      -1.000000000000e+00    b   1    1.00000e+00
============================================================


============================================================
                  Setting up Fock operator
------------------------------------------------------------
 Precision                                      1.00000e-07
------------------------------------------------------------
 Coulomb density                       840      1.39631e+00
 Coulomb potential                     456      4.71259e+01
 Allreduce potential                   456      1.91608e-01
 XC alpha density                     1128      1.78489e+00
 XC beta density                      1128      1.43797e+00
 XC evaluate xcfun                    3384      8.30199e+00
 XC energy                            1128      1.67288e-04
 XC potential                         2256      1.49013e-01
------------------------------------------------------------
                 Wall time: 6.04155e+01 sec 
============================================================


============================================================
                  Calculating Fock matrix
------------------------------------------------------------
 Kinetic part                         6.681864860000000e+00
 Potential part                       1.680979911000000e+01
------------------------------------------------------------
                 Wall time: 2.34918e+01 sec 
============================================================




####################### SCF cycle  1 #######################


============================================================
 Current precision                              1.00000e-07
------------------------------------------------------------
 Orbital threshold                              1.00000e-06
 Property threshold                            -1.00000e+00
============================================================


============================================================
                  Digonalizing Fock matrix
------------------------------------------------------------
 Computing Lowdin matrix                        3.83683e-01
 Diagonalizing matrix                           1.70820e-05
 Rotating orbitals                              1.33566e+00
------------------------------------------------------------
                 Wall time: 1.71946e+00 sec 
============================================================


============================================================
                   Calculating SCF energy
------------------------------------------------------------
 Nuclear energy                       3.574831829934391e+00
 Electronic energy                   -5.834226374299487e+01
------------------------------------------------------------
 Total energy                        -5.476743191306048e+01
------------------------------------------------------------
                 Wall time: 1.48788e+01 sec 
============================================================


============================================================
                Rotating Helmholtz argument
------------------------------------------------------------
 Rotating orbitals                              5.66331e-01
------------------------------------------------------------
                 Wall time: 5.66416e-01 sec 
============================================================


============================================================
                Applying Helmholtz operators
------------------------------------------------------------
 Orb    RealNorm   Nodes     ImagNorm   Nodes     Timing
------------------------------------------------------------
  0    1.00000e+00   776    0.00000e+00     0   8.46916e+01
  4    1.00000e+00   552    0.00000e+00     0   6.45841e+01
------------------------------------------------------------
                 Wall time: 1.49283e+02 sec 
============================================================


============================================================
                 Lowdin orthonormalization
------------------------------------------------------------
 Computing Lowdin matrix                        6.34479e+01
 Rotating orbitals                              1.23813e+00
------------------------------------------------------------
                 Wall time: 6.46861e+01 sec 
============================================================


============================================================
               Iterative subspace accelerator
------------------------------------------------------------
 Push back orbitals                             2.68002e-03
 Copy orbitals                                  6.91434e-02
 Copy orbital updates                           6.85949e-02
------------------------------------------------------------
                 Wall time: 1.40554e-01 sec 
============================================================


============================================================
                 Lowdin orthonormalization
------------------------------------------------------------
 Computing Lowdin matrix                        3.86366e-01
 Rotating orbitals                              8.73583e-01
------------------------------------------------------------
                 Wall time: 1.26002e+00 sec 
============================================================


============================================================
                  Setting up Fock operator
------------------------------------------------------------
 Precision                                      1.00000e-07
------------------------------------------------------------
 Coulomb density                       840      1.27979e+00
 Coulomb potential                     456      4.77700e+01
 Allreduce potential                   456      4.29150e-01
 XC alpha density                     1128      1.63395e+00
 XC beta density                      1128      1.35968e+00
 XC evaluate xcfun                    3384      8.38982e+00
 XC energy                            1128      1.56103e-04
 XC potential                         2256      1.13421e-01
------------------------------------------------------------
                 Wall time: 6.10013e+01 sec 
============================================================


============================================================
                  Calculating Fock matrix
------------------------------------------------------------
 Kinetic part                         6.023675893000000e+00
 Potential part                       1.558031708900000e+01
------------------------------------------------------------
                 Wall time: 2.16041e+01 sec 
============================================================


============================================================
                          Orbitals
------------------------------------------------------------
 Orb    F(i,i)        Error         nNodes  Spin  Occ  Done 
------------------------------------------------------------
  0  -1.39527e+01   5.35452e-06        776    a    1    0
  1  -7.64067e-01   2.36003e-04          0    a    1    0
  2  -3.64593e-01   7.66319e-04          0    a    1    0
  3  -2.93091e-01   8.93714e-04          0    a    1    0
  4  -2.93092e-01   1.61958e-03        552    a    1    0
  5  -1.39103e+01   6.06165e-06          0    b    1    0
  6  -6.76388e-01   6.74744e-04          0    b    1    0
  7  -3.12892e-01   1.01803e-03          0    b    1    0
------------------------------------------------------------
 Total error:                            2.35721e-03    0
============================================================


============================================================
                    Energy                 Update      Done 
------------------------------------------------------------
 Orbital      -3.056714586692637e+01    -3.05671e+01    1
 Kinetic       5.447575250557875e+01     5.44758e+01    1
 N-E          -1.360439070412277e+02    -1.36044e+02    1
 Coulomb       2.989139101532344e+01     2.98914e+01    1
 Exchange      0.000000000000000e+00     0.00000e+00    1
 X-C          -6.665500222669395e+00    -6.66550e+00    1
------------------------------------------------------------
 Electronic   -5.834226374299487e+01    -5.83423e+01    1
 Nuclear       3.574831829934391e+00     3.57483e+00    1
------------------------------------------------------------
 Total        -5.476743191306048e+01    -5.47674e+01    1
============================================================


################ Wall time: 3.15356e+02 sec ################




####################### SCF cycle  2 #######################


============================================================
 Current precision                              1.00000e-07
------------------------------------------------------------
 Orbital threshold                              1.00000e-06
 Property threshold                            -1.00000e+00
============================================================


============================================================
                  Digonalizing Fock matrix
------------------------------------------------------------
 Computing Lowdin matrix                        3.29779e-01
 Diagonalizing matrix                           1.43400e-05
 Rotating orbitals                              1.29751e+00
------------------------------------------------------------
                 Wall time: 1.62739e+00 sec 
============================================================


============================================================
                   Calculating SCF energy
------------------------------------------------------------
 Nuclear energy                       3.574831829934391e+00
 Electronic energy                   -5.834226823272832e+01
------------------------------------------------------------
 Total energy                        -5.476743640279393e+01
------------------------------------------------------------
                 Wall time: 1.49398e+01 sec 
============================================================


============================================================
                Rotating Helmholtz argument
------------------------------------------------------------
 Rotating orbitals                              5.74921e-01
------------------------------------------------------------
                 Wall time: 5.75008e-01 sec 
============================================================


============================================================
                Applying Helmholtz operators
------------------------------------------------------------
 Orb    RealNorm   Nodes     ImagNorm   Nodes     Timing
------------------------------------------------------------
  0    1.00000e+00   776    0.00000e+00     0   8.50920e+01
  4    1.00000e+00   552    0.00000e+00     0   6.35922e+01
------------------------------------------------------------
                 Wall time: 1.48688e+02 sec 
============================================================


============================================================
                 Lowdin orthonormalization
------------------------------------------------------------
 Computing Lowdin matrix                        6.66852e+01
 Rotating orbitals                              1.24530e+00
------------------------------------------------------------
                 Wall time: 6.79306e+01 sec 
============================================================


============================================================
               Iterative subspace accelerator
------------------------------------------------------------
 Push back orbitals                             7.58313e-02
 Copy orbitals                                  6.91070e-02
 Copy orbital updates                           6.90187e-02
------------------------------------------------------------
                 Wall time: 2.14088e-01 sec 
============================================================


============================================================
                 Lowdin orthonormalization
------------------------------------------------------------
 Computing Lowdin matrix                        3.81194e-01
 Rotating orbitals                              8.75800e-01
------------------------------------------------------------
                 Wall time: 1.25707e+00 sec 
============================================================


============================================================
                  Setting up Fock operator
------------------------------------------------------------
 Precision                                      1.00000e-07
------------------------------------------------------------
 Coulomb density                       840      1.26664e+00
 Coulomb potential                     456      4.79265e+01
 Allreduce potential                   456      9.92956e-01
 XC alpha density                     1128      1.63861e+00
 XC beta density                      1128      1.35552e+00
 XC evaluate xcfun                    3384      8.35340e+00
 XC energy                            1128      1.56835e-04
 XC potential                         2256      1.11354e-01
------------------------------------------------------------
                 Wall time: 6.16708e+01 sec 
============================================================


============================================================
                  Calculating Fock matrix
------------------------------------------------------------
 Kinetic part                         5.979577757000000e+00
 Potential part                       1.572313551600000e+01
------------------------------------------------------------
                 Wall time: 2.17028e+01 sec 
============================================================


============================================================
                          Orbitals
------------------------------------------------------------
 Orb    F(i,i)        Error         nNodes  Spin  Occ  Done 
------------------------------------------------------------
  0  -1.39527e+01   2.98001e-06        776    a    1    0
  1  -7.64070e-01   1.12392e-04          0    a    1    0
  2  -3.64596e-01   1.12376e-04          0    a    1    0
  3  -2.93095e-01   3.93552e-04          0    a    1    0
  4  -2.93094e-01   1.31648e-04        552    a    1    0
  5  -1.39103e+01   1.32030e-06          0    b    1    0
  6  -6.76391e-01   9.98467e-05          0    b    1    0
  7  -3.12895e-01   1.60584e-04          0    b    1    0
------------------------------------------------------------
 Total error:                            4.82951e-04    0
============================================================


============================================================
                    Energy                 Update      Done 
------------------------------------------------------------
 Orbital      -3.056716250731590e+01    -1.66404e-05    1
 Kinetic       5.447575077197971e+01    -1.73360e-06    1
 N-E          -1.360438909830857e+02     1.60581e-05    1
 Coulomb       2.989137840061581e+01    -1.26147e-05    1
 Exchange      0.000000000000000e+00     0.00000e+00    1
 X-C          -6.665498759327946e+00     1.46334e-06    1
------------------------------------------------------------
 Electronic   -5.834226823272832e+01    -4.48973e-06    1
 Nuclear       3.574831829934391e+00     0.00000e+00    1
------------------------------------------------------------
 Total        -5.476743640279393e+01    -4.48973e-06    1
============================================================


################ Wall time: 3.18822e+02 sec ################




####################### SCF cycle  3 #######################


============================================================
 Current precision                              1.00000e-07
------------------------------------------------------------
 Orbital threshold                              1.00000e-06
 Property threshold                            -1.00000e+00
============================================================


============================================================
                   Calculating SCF energy
------------------------------------------------------------
 Nuclear energy                       3.574831829934391e+00
 Electronic energy                   -5.834226846072720e+01
------------------------------------------------------------
 Total energy                        -5.476743663079281e+01
------------------------------------------------------------
                 Wall time: 1.59612e+01 sec 
============================================================


============================================================
                Rotating Helmholtz argument
------------------------------------------------------------
 Rotating orbitals                              1.43991e+00
------------------------------------------------------------
                 Wall time: 1.43999e+00 sec 
============================================================


============================================================
                Applying Helmholtz operators
------------------------------------------------------------
 Orb    RealNorm   Nodes     ImagNorm   Nodes     Timing
------------------------------------------------------------
  0    1.00000e+00   776    0.00000e+00     0   8.58876e+01
  4    1.00000e+00   552    0.00000e+00     0   6.32843e+01
------------------------------------------------------------
                 Wall time: 1.49175e+02 sec 
============================================================


============================================================
                 Lowdin orthonormalization
------------------------------------------------------------
 Computing Lowdin matrix                        6.47203e+01
 Rotating orbitals                              1.23028e+00
------------------------------------------------------------
                 Wall time: 6.59506e+01 sec 
============================================================


============================================================
               Iterative subspace accelerator
------------------------------------------------------------
 Push back orbitals                             1.11770e-01
 Setup linear system                            2.64632e-01
 Solve linear system                            1.23040e-05
 Expand solution                                6.85675e-01
------------------------------------------------------------
                 Wall time: 1.06223e+00 sec 
============================================================


============================================================
                 Lowdin orthonormalization
------------------------------------------------------------
 Computing Lowdin matrix                        4.27186e-01
 Rotating orbitals                              1.19478e+00
------------------------------------------------------------
                 Wall time: 1.62205e+00 sec 
============================================================


============================================================
                  Setting up Fock operator
------------------------------------------------------------
 Precision                                      1.00000e-07
------------------------------------------------------------
 Coulomb density                       840      1.29375e+00
 Coulomb potential                     456      4.79368e+01
 Allreduce potential                   456      1.72633e+00
 XC alpha density                     1128      1.65269e+00
 XC beta density                      1128      1.36313e+00
 XC evaluate xcfun                    3384      8.26853e+00
 XC energy                            1128      1.65652e-04
 XC potential                         2256      1.10031e-01
------------------------------------------------------------
                 Wall time: 6.23771e+01 sec 
============================================================


============================================================
                  Calculating Fock matrix
------------------------------------------------------------
 Kinetic part                         5.713555918000000e+00
 Potential part                       1.578845706000000e+01
------------------------------------------------------------
                 Wall time: 2.15021e+01 sec 
============================================================


============================================================
                          Orbitals
------------------------------------------------------------
 Orb    F(i,i)        Error         nNodes  Spin  Occ  Done 
------------------------------------------------------------
  0  -1.39527e+01   2.47049e-06        776    a    1    0
  1  -7.64069e-01   5.47908e-05          0    a    1    0
  2  -3.64596e-01   3.05534e-05          0    a    1    0
  3  -2.93094e-01   1.68253e-04          0    a    1    0
  4  -2.93094e-01   3.16518e-05        552    a    1    0
  5  -1.39103e+01   5.63734e-07          0    b    1    1
  6  -6.76391e-01   7.51022e-05          0    b    1    0
  7  -3.12895e-01   1.06766e-04          0    b    1    0
------------------------------------------------------------
 Total error:                            2.24260e-04    0
============================================================


============================================================
                    Energy                 Update      Done 
------------------------------------------------------------
 Orbital      -3.056718929785987e+01    -2.67905e-05    1
 Kinetic       5.447573754605346e+01    -1.32259e-05    1
 N-E          -1.360438528566519e+02     3.81264e-05    1
 Coulomb       2.989135055690358e+01    -2.78437e-05    1
 Exchange      0.000000000000000e+00     0.00000e+00    1
 X-C          -6.665494727416615e+00     4.03191e-06    1
------------------------------------------------------------
 Electronic   -5.834226846072720e+01    -2.27999e-07    1
 Nuclear       3.574831829934391e+00     0.00000e+00    1
------------------------------------------------------------
 Total        -5.476743663079281e+01    -2.27999e-07    1
============================================================


################ Wall time: 3.19392e+02 sec ################




####################### SCF cycle  4 #######################


============================================================
 Current precision                              1.00000e-07
------------------------------------------------------------
 Orbital threshold                              1.00000e-06
 Property threshold                            -1.00000e+00
============================================================


============================================================
                   Calculating SCF energy
------------------------------------------------------------
 Nuclear energy                       3.574831829934391e+00
 Electronic energy                   -5.834226853760359e+01
------------------------------------------------------------
 Total energy                        -5.476743670766920e+01
------------------------------------------------------------
                 Wall time: 1.60072e+01 sec 
============================================================


============================================================
                Rotating Helmholtz argument
------------------------------------------------------------
 Rotating orbitals                              1.43791e+00
------------------------------------------------------------
                 Wall time: 1.43800e+00 sec 
============================================================


============================================================
                Applying Helmholtz operators
------------------------------------------------------------
 Orb    RealNorm   Nodes     ImagNorm   Nodes     Timing
------------------------------------------------------------
  0    1.00000e+00   776    0.00000e+00     0   8.74251e+01
  4    1.00000e+00   552    0.00000e+00     0   6.46709e+01
------------------------------------------------------------
                 Wall time: 1.52100e+02 sec 
============================================================


============================================================
                 Lowdin orthonormalization
------------------------------------------------------------
 Computing Lowdin matrix                        6.80975e+01
 Rotating orbitals                              1.25736e+00
------------------------------------------------------------
                 Wall time: 6.93549e+01 sec 
============================================================


============================================================
               Iterative subspace accelerator
------------------------------------------------------------
 Push back orbitals                             1.14986e-01
 Setup linear system                            7.74171e-01
 Solve linear system                            1.62690e-05
 Expand solution                                1.11885e+00
------------------------------------------------------------
                 Wall time: 2.00818e+00 sec 
============================================================


============================================================
                 Lowdin orthonormalization
------------------------------------------------------------
 Computing Lowdin matrix                        5.41513e-01
 Rotating orbitals                              1.25781e+00
------------------------------------------------------------
                 Wall time: 1.79941e+00 sec 
============================================================


============================================================
                  Setting up Fock operator
------------------------------------------------------------
 Precision                                      1.00000e-07
------------------------------------------------------------
 Coulomb density                       840      1.33761e+00
 Coulomb potential                     456      4.81685e+01
 Allreduce potential                   456      2.33665e+00
 XC alpha density                     1128      1.69228e+00
 XC beta density                      1128      1.41825e+00
 XC evaluate xcfun                    3384      8.29112e+00
 XC energy                            1128      1.60385e-04
 XC potential                         2256      1.12413e-01
------------------------------------------------------------
                 Wall time: 6.33823e+01 sec 
============================================================


============================================================
                  Calculating Fock matrix
------------------------------------------------------------
 Kinetic part                         5.749259606000000e+00
 Potential part                       1.604200668200000e+01
------------------------------------------------------------
                 Wall time: 2.17914e+01 sec 
============================================================


============================================================
                          Orbitals
------------------------------------------------------------
 Orb    F(i,i)        Error         nNodes  Spin  Occ  Done 
------------------------------------------------------------
  0  -1.39528e+01   3.67193e-06        776    a    1    0
  1  -7.64071e-01   3.59818e-05          0    a    1    0
  2  -3.64597e-01   4.19403e-05          0    a    1    0
  3  -2.93096e-01   9.84615e-05          0    a    1    0
  4  -2.93095e-01   3.03207e-05        552    a    1    0
  5  -1.39103e+01   6.59517e-07          0    b    1    1
  6  -6.76393e-01   1.58887e-04          0    b    1    0
  7  -3.12896e-01   2.53637e-04          0    b    1    0
------------------------------------------------------------
 Total error:                            3.21338e-04    0
============================================================


============================================================
                    Energy                 Update      Done 
------------------------------------------------------------
 Orbital      -3.056718407170834e+01     5.22615e-06    1
 Kinetic       5.447574796025118e+01     1.04142e-05    1
 N-E          -1.360438676457289e+02    -1.47891e-05    1
 Coulomb       2.989135611578288e+01     5.55888e-06    1
 Exchange      0.000000000000000e+00     0.00000e+00    1
 X-C          -6.665495517552698e+00    -7.90136e-07    1
------------------------------------------------------------
 Electronic   -5.834226853760359e+01    -7.68764e-08    1
 Nuclear       3.574831829934391e+00     0.00000e+00    1
------------------------------------------------------------
 Total        -5.476743670766920e+01    -7.68764e-08    1
============================================================


################ Wall time: 3.28189e+02 sec ################




####################### SCF cycle  5 #######################


============================================================
 Current precision                              1.00000e-07
------------------------------------------------------------
 Orbital threshold                              1.00000e-06
 Property threshold                            -1.00000e+00
============================================================


============================================================
                   Calculating SCF energy
------------------------------------------------------------
 Nuclear energy                       3.574831829934391e+00
 Electronic energy                   -5.834226864372390e+01
------------------------------------------------------------
 Total energy                        -5.476743681378951e+01
------------------------------------------------------------
                 Wall time: 1.64080e+01 sec 
============================================================


============================================================
                Rotating Helmholtz argument
------------------------------------------------------------
 Rotating orbitals                              1.46361e+00
------------------------------------------------------------
                 Wall time: 1.46371e+00 sec 
============================================================


============================================================
                Applying Helmholtz operators
------------------------------------------------------------
 Orb    RealNorm   Nodes     ImagNorm   Nodes     Timing
------------------------------------------------------------
  0    1.00000e+00   776    0.00000e+00     0   8.85821e+01
  4    9.99999e-01   552    0.00000e+00     0   6.47847e+01
------------------------------------------------------------
                 Wall time: 1.53367e+02 sec 
============================================================


============================================================
                 Lowdin orthonormalization
------------------------------------------------------------
 Computing Lowdin matrix                        6.83165e+01
 Rotating orbitals                              1.23622e+00
------------------------------------------------------------
                 Wall time: 6.95528e+01 sec 
============================================================


============================================================
               Iterative subspace accelerator
------------------------------------------------------------
 Push back orbitals                             1.24736e-01
 Setup linear system                            1.63887e+00
 Solve linear system                            1.09290e-05
 Expand solution                                1.57774e+00
------------------------------------------------------------
                 Wall time: 3.34151e+00 sec 
============================================================


============================================================
                 Lowdin orthonormalization
------------------------------------------------------------
 Computing Lowdin matrix                        5.99590e-01
 Rotating orbitals                              1.32462e+00
------------------------------------------------------------
                 Wall time: 1.92430e+00 sec 
============================================================


============================================================
                  Setting up Fock operator
------------------------------------------------------------
 Precision                                      1.00000e-07
------------------------------------------------------------
 Coulomb density                       840      1.28367e+00
 Coulomb potential                     456      4.93861e+01
 Allreduce potential                   456      6.96147e-01
 XC alpha density                     1128      1.68033e+00
 XC beta density                      1128      1.48087e+00
 XC evaluate xcfun                    3384      8.42819e+00
 XC energy                            1128      1.61752e-04
 XC potential                         2256      1.17140e-01
------------------------------------------------------------
                 Wall time: 6.30981e+01 sec 
============================================================


============================================================
                  Calculating Fock matrix
------------------------------------------------------------
 Kinetic part                         5.717486697000000e+00
 Potential part                       1.639859700500000e+01
------------------------------------------------------------
                 Wall time: 2.21162e+01 sec 
============================================================


============================================================
                          Orbitals
------------------------------------------------------------
 Orb    F(i,i)        Error         nNodes  Spin  Occ  Done 
------------------------------------------------------------
  0  -1.39527e+01   2.70071e-06        776    a    1    0
  1  -7.64067e-01   2.23329e-05          0    a    1    0
  2  -3.64593e-01   4.58692e-05          0    a    1    0
  3  -2.93092e-01   7.34873e-05          0    a    1    0
  4  -2.93091e-01   3.82173e-05        552    a    1    0
  5  -1.39103e+01   1.02090e-06          0    b    1    0
  6  -6.76389e-01   1.81159e-04          0    b    1    0
  7  -3.12893e-01   3.60090e-04          0    b    1    0
------------------------------------------------------------
 Total error:                            4.14675e-04    0
============================================================


============================================================
                    Energy                 Update      Done 
------------------------------------------------------------
 Orbital      -3.056720118495025e+01    -1.71132e-05    1
 Kinetic       5.447573252539899e+01    -1.54349e-05    1
 N-E          -1.360438369954369e+02     3.06503e-05    1
 Coulomb       2.989133821210422e+01    -1.79037e-05    1
 Exchange      0.000000000000000e+00     0.00000e+00    1
 X-C          -6.665492710586383e+00     2.80697e-06    1
------------------------------------------------------------
 Electronic   -5.834226864372390e+01    -1.06120e-07    1
 Nuclear       3.574831829934391e+00     0.00000e+00    1
------------------------------------------------------------
 Total        -5.476743681378951e+01    -1.06120e-07    1
============================================================


################ Wall time: 3.31599e+02 sec ################




####################### SCF cycle  6 #######################


============================================================
 Current precision                              1.00000e-07
------------------------------------------------------------
 Orbital threshold                              1.00000e-06
 Property threshold                            -1.00000e+00
============================================================


============================================================
                   Calculating SCF energy
------------------------------------------------------------
 Nuclear energy                       3.574831829934391e+00
 Electronic energy                   -5.834226870213459e+01
------------------------------------------------------------
 Total energy                        -5.476743687220020e+01
------------------------------------------------------------
                 Wall time: 1.71727e+01 sec 
============================================================


============================================================
                Rotating Helmholtz argument
------------------------------------------------------------
 Rotating orbitals                              1.46155e+00
------------------------------------------------------------
                 Wall time: 1.46165e+00 sec 
============================================================


============================================================
                Applying Helmholtz operators
------------------------------------------------------------
 Orb    RealNorm   Nodes     ImagNorm   Nodes     Timing
------------------------------------------------------------
  0    1.00000e+00   776    0.00000e+00     0   9.17697e+01
  4    1.00000e+00   552    0.00000e+00     0   6.58118e+01
------------------------------------------------------------
                 Wall time: 1.57586e+02 sec 
============================================================


============================================================
                 Lowdin orthonormalization
------------------------------------------------------------
 Computing Lowdin matrix                        6.86699e+01
 Rotating orbitals                              1.29066e+00
------------------------------------------------------------
                 Wall time: 6.99607e+01 sec 
============================================================


============================================================
               Iterative subspace accelerator
------------------------------------------------------------
 Push back orbitals                             1.45324e-01
 Setup linear system                            1.64249e+00
 Solve linear system                            1.10990e-05
 Expand solution                                1.68274e+00
------------------------------------------------------------
                 Wall time: 3.47073e+00 sec 
============================================================


============================================================
                 Lowdin orthonormalization
------------------------------------------------------------
 Computing Lowdin matrix                        6.95286e-01
 Rotating orbitals                              1.38849e+00
------------------------------------------------------------
                 Wall time: 2.08387e+00 sec 
============================================================


============================================================
                  Setting up Fock operator
------------------------------------------------------------
 Precision                                      1.00000e-07
------------------------------------------------------------
 Coulomb density                       840      1.36031e+00
 Coulomb potential                     456      5.12479e+01
 Allreduce potential                   456      1.39034e-01
 XC alpha density                     1128      1.73543e+00
 XC beta density                      1128      1.51677e+00
 XC evaluate xcfun                    3384      8.39517e+00
 XC energy                            1128      1.81950e-04
 XC potential                         2256      1.16586e-01
------------------------------------------------------------
                 Wall time: 6.45367e+01 sec 
============================================================


============================================================
                  Calculating Fock matrix
------------------------------------------------------------
 Kinetic part                         5.521009219000000e+00
 Potential part                       1.642256633700000e+01
------------------------------------------------------------
                 Wall time: 2.19437e+01 sec 
============================================================


============================================================
                          Orbitals
------------------------------------------------------------
 Orb    F(i,i)        Error         nNodes  Spin  Occ  Done 
------------------------------------------------------------
  0  -1.39528e+01   7.25322e-07        776    a    1    1
  1  -7.64071e-01   6.87951e-06          0    a    1    0
  2  -3.64597e-01   7.85432e-06          0    a    1    0
  3  -2.93097e-01   1.72333e-05          0    a    1    0
  4  -2.93096e-01   8.04170e-06        552    a    1    0
  5  -1.39103e+01   4.45481e-07          0    b    1    1
  6  -6.76393e-01   9.00608e-06          0    b    1    0
  7  -3.12897e-01   1.05292e-04          0    b    1    0
------------------------------------------------------------
 Total error:                            1.07884e-04    0
============================================================


============================================================
                    Energy                 Update      Done 
------------------------------------------------------------
 Orbital      -3.056715871880084e+01     4.24661e-05    1
 Kinetic       5.447577018165940e+01     3.76563e-05    1
 N-E          -1.360439124796093e+02    -7.54842e-05    1
 Coulomb       2.989138286475659e+01     4.46527e-05    1
 Exchange      0.000000000000000e+00     0.00000e+00    1
 X-C          -6.665499348029262e+00    -6.63744e-06    1
------------------------------------------------------------
 Electronic   -5.834226870213459e+01    -5.84107e-08    1
 Nuclear       3.574831829934391e+00     0.00000e+00    1
------------------------------------------------------------
 Total        -5.476743687220020e+01    -5.84107e-08    1
============================================================


################ Wall time: 3.38564e+02 sec ################




####################### SCF cycle  7 #######################


============================================================
 Current precision                              1.00000e-07
------------------------------------------------------------
 Orbital threshold                              1.00000e-06
 Property threshold                            -1.00000e+00
============================================================


============================================================
                   Calculating SCF energy
------------------------------------------------------------
 Nuclear energy                       3.574831829934391e+00
 Electronic energy                   -5.834226871168235e+01
------------------------------------------------------------
 Total energy                        -5.476743688174796e+01
------------------------------------------------------------
                 Wall time: 1.69262e+01 sec 
============================================================


============================================================
                Rotating Helmholtz argument
------------------------------------------------------------
 Rotating orbitals                              1.45252e+00
------------------------------------------------------------
                 Wall time: 1.45262e+00 sec 
============================================================


============================================================
                Applying Helmholtz operators
------------------------------------------------------------
 Orb    RealNorm   Nodes     ImagNorm   Nodes     Timing
------------------------------------------------------------
  0    1.00000e+00   776    0.00000e+00     0   9.05330e+01
  4    9.99999e-01   552    0.00000e+00     0   6.77463e+01
------------------------------------------------------------
                 Wall time: 1.58280e+02 sec 
============================================================


============================================================
                 Lowdin orthonormalization
------------------------------------------------------------
 Computing Lowdin matrix                        7.73685e+01
 Rotating orbitals                              1.26482e+00
------------------------------------------------------------
                 Wall time: 7.86334e+01 sec 
============================================================


============================================================
               Iterative subspace accelerator
------------------------------------------------------------
 Push back orbitals                             1.21472e-01
 Setup linear system                            1.63388e+00
 Solve linear system                            1.11250e-05
 Expand solution                                1.64880e+00
------------------------------------------------------------
                 Wall time: 3.40431e+00 sec 
============================================================


============================================================
                 Lowdin orthonormalization
------------------------------------------------------------
 Computing Lowdin matrix                        5.86975e-01
 Rotating orbitals                              1.30401e+00
------------------------------------------------------------
                 Wall time: 1.89107e+00 sec 
============================================================


============================================================
                  Setting up Fock operator
------------------------------------------------------------
 Precision                                      1.00000e-07
------------------------------------------------------------
 Coulomb density                       840      1.40032e+00
 Coulomb potential                     456      4.99586e+01
 Allreduce potential                   456      2.13589e+00
 XC alpha density                     1128      1.77136e+00
 XC beta density                      1128      1.49116e+00
 XC evaluate xcfun                    3384      8.41509e+00
 XC energy                            1128      1.71100e-04
 XC potential                         2256      1.16008e-01
------------------------------------------------------------
                 Wall time: 6.53154e+01 sec 
============================================================


============================================================
                  Calculating Fock matrix
------------------------------------------------------------
 Kinetic part                         5.614720680000000e+00
 Potential part                       1.662728638100000e+01
------------------------------------------------------------
                 Wall time: 2.22421e+01 sec 
============================================================


============================================================
                          Orbitals
------------------------------------------------------------
 Orb    F(i,i)        Error         nNodes  Spin  Occ  Done 
------------------------------------------------------------
  0  -1.39527e+01   1.14991e-06        776    a    1    0
  1  -7.64063e-01   1.34428e-05          0    a    1    0
  2  -3.64590e-01   1.03578e-05          0    a    1    0
  3  -2.93089e-01   2.97442e-05          0    a    1    0
  4  -2.93088e-01   8.82686e-06        552    a    1    0
  5  -1.39103e+01   5.09245e-07          0    b    1    1
  6  -6.76385e-01   4.68473e-05          0    b    1    0
  7  -3.12890e-01   2.02834e-04          0    b    1    0
------------------------------------------------------------
 Total error:                            2.11160e-04    0
============================================================


============================================================
                    Energy                 Update      Done 
------------------------------------------------------------
 Orbital      -3.056720698518084e+01    -4.82664e-05    1
 Kinetic       5.447572470019528e+01    -4.54815e-05    1
 N-E          -1.360438237790093e+02     8.87006e-05    1
 Coulomb       2.989133222940027e+01    -5.06354e-05    1
 Exchange      0.000000000000000e+00     0.00000e+00    1
 X-C          -6.665491902854181e+00     7.44518e-06    1
------------------------------------------------------------
 Electronic   -5.834226871168235e+01    -9.54776e-09    1
 Nuclear       3.574831829934391e+00     0.00000e+00    1
------------------------------------------------------------
 Total        -5.476743688174796e+01    -9.54776e-09    1
============================================================


################ Wall time: 3.48491e+02 sec ################




####################### SCF cycle  8 #######################


============================================================
 Current precision                              1.00000e-07
------------------------------------------------------------
 Orbital threshold                              1.00000e-06
 Property threshold                            -1.00000e+00
============================================================


============================================================
                   Calculating SCF energy
------------------------------------------------------------
 Nuclear energy                       3.574831829934391e+00
 Electronic energy                   -5.834226872759834e+01
------------------------------------------------------------
 Total energy                        -5.476743689766395e+01
------------------------------------------------------------
                 Wall time: 1.73155e+01 sec 
============================================================


============================================================
                Rotating Helmholtz argument
------------------------------------------------------------
 Rotating orbitals                              1.48562e+00
------------------------------------------------------------
                 Wall time: 1.48572e+00 sec 
============================================================


============================================================
                Applying Helmholtz operators
------------------------------------------------------------
 Orb    RealNorm   Nodes     ImagNorm   Nodes     Timing
------------------------------------------------------------
  0    1.00000e+00   776    0.00000e+00     0   9.59804e+01
  4    1.00000e+00   552    0.00000e+00     0   6.78008e+01
------------------------------------------------------------
                 Wall time: 1.63782e+02 sec 
============================================================


============================================================
                 Lowdin orthonormalization
------------------------------------------------------------
 Computing Lowdin matrix                        7.04948e+01
 Rotating orbitals                              1.32677e+00
------------------------------------------------------------
                 Wall time: 7.18217e+01 sec 
============================================================


============================================================
               Iterative subspace accelerator
------------------------------------------------------------
 Push back orbitals                             1.41992e-01
 Setup linear system                            1.62025e+00
 Solve linear system                            1.09990e-05
 Expand solution                                1.67396e+00
------------------------------------------------------------
                 Wall time: 3.43634e+00 sec 
============================================================


============================================================
                 Lowdin orthonormalization
------------------------------------------------------------
 Computing Lowdin matrix                        5.79575e-01
 Rotating orbitals                              1.31378e+00
------------------------------------------------------------
                 Wall time: 1.89344e+00 sec 
============================================================


============================================================
                  Setting up Fock operator
------------------------------------------------------------
 Precision                                      1.00000e-07
------------------------------------------------------------
 Coulomb density                       840      1.35520e+00
 Coulomb potential                     456      5.06571e+01
 Allreduce potential                   456      1.58292e+00
 XC alpha density                     1128      1.74906e+00
 XC beta density                      1128      1.49091e+00
 XC evaluate xcfun                    3384      8.47180e+00
 XC energy                            1128      1.67840e-04
 XC potential                         2256      1.17001e-01
------------------------------------------------------------
                 Wall time: 6.54499e+01 sec 
============================================================


============================================================
                  Calculating Fock matrix
------------------------------------------------------------
 Kinetic part                         5.586917571000000e+00
 Potential part                       1.679895847700000e+01
------------------------------------------------------------
                 Wall time: 2.23860e+01 sec 
============================================================


============================================================
                          Orbitals
------------------------------------------------------------
 Orb    F(i,i)        Error         nNodes  Spin  Occ  Done 
------------------------------------------------------------
  0  -1.39528e+01   4.87971e-07        776    a    1    1
  1  -7.64072e-01   6.32628e-06          0    a    1    0
  2  -3.64598e-01   7.65560e-06          0    a    1    0
  3  -2.93097e-01   2.20992e-05          0    a    1    0
  4  -2.93096e-01   7.06427e-06        552    a    1    0
  5  -1.39103e+01   2.04270e-07          0    b    1    1
  6  -6.76393e-01   5.80431e-05          0    b    1    0
  7  -3.12897e-01   9.60208e-05          0    b    1    0
------------------------------------------------------------
 Total error:                            1.15005e-04    0
============================================================


============================================================
                    Energy                 Update      Done 
------------------------------------------------------------
 Orbital      -3.056712301469380e+01     8.39705e-05    1
 Kinetic       5.447580403712131e+01     7.93369e-05    1
 N-E          -1.360439780645152e+02    -1.54286e-04    1
 Coulomb       2.989142045758280e+01     8.82282e-05    1
 Exchange      0.000000000000000e+00     0.00000e+00    1
 X-C          -6.665505157807919e+00    -1.32550e-05    1
------------------------------------------------------------
 Electronic   -5.834226872759834e+01    -1.59160e-08    1
 Nuclear       3.574831829934391e+00     0.00000e+00    1
------------------------------------------------------------
 Total        -5.476743689766395e+01    -1.59160e-08    1
============================================================


################ Wall time: 3.47911e+02 sec ################




####################### SCF cycle  9 #######################


============================================================
 Current precision                              1.00000e-07
------------------------------------------------------------
 Orbital threshold                              1.00000e-06
 Property threshold                            -1.00000e+00
============================================================


============================================================
                   Calculating SCF energy
------------------------------------------------------------
 Nuclear energy                       3.574831829934391e+00
 Electronic energy                   -5.834226873231759e+01
------------------------------------------------------------
 Total energy                        -5.476743690238320e+01
------------------------------------------------------------
                 Wall time: 1.73799e+01 sec 
============================================================


============================================================
                Rotating Helmholtz argument
------------------------------------------------------------
 Rotating orbitals                              1.48202e+00
------------------------------------------------------------
                 Wall time: 1.48212e+00 sec 
============================================================


============================================================
                Applying Helmholtz operators
------------------------------------------------------------
 Orb    RealNorm   Nodes     ImagNorm   Nodes     Timing
------------------------------------------------------------
  0    1.00000e+00   776    0.00000e+00     0   9.60211e+01
  4    9.99999e-01   552    0.00000e+00     0   7.05371e+01
------------------------------------------------------------
                 Wall time: 1.66562e+02 sec 
============================================================


============================================================
                 Lowdin orthonormalization
------------------------------------------------------------
 Computing Lowdin matrix                        7.01590e+01
 Rotating orbitals                              1.34626e+00
------------------------------------------------------------
                 Wall time: 7.15053e+01 sec 
============================================================


============================================================
               Iterative subspace accelerator
------------------------------------------------------------
 Push back orbitals                             1.44513e-01
 Setup linear system                            1.62465e+00
 Solve linear system                            1.13120e-05
 Expand solution                                1.69064e+00
------------------------------------------------------------
                 Wall time: 3.45996e+00 sec 
============================================================


============================================================
                 Lowdin orthonormalization
------------------------------------------------------------
 Computing Lowdin matrix                        5.72674e-01
 Rotating orbitals                              1.27852e+00
------------------------------------------------------------
                 Wall time: 1.85129e+00 sec 
============================================================


============================================================
                  Setting up Fock operator
------------------------------------------------------------
 Precision                                      1.00000e-07
------------------------------------------------------------
 Coulomb density                       840      1.39640e+00
 Coulomb potential                     456      5.11430e+01
 Allreduce potential                   456      1.54868e+00
 XC alpha density                     1128      1.78372e+00
 XC beta density                      1128      1.49851e+00
 XC evaluate xcfun                    3384      8.46055e+00
 XC energy                            1128      1.64724e-04
 XC potential                         2256      1.20560e-01
------------------------------------------------------------
                 Wall time: 6.59772e+01 sec 
============================================================


============================================================
                  Calculating Fock matrix
------------------------------------------------------------
 Kinetic part                         5.594011589000000e+00
 Potential part                       1.689578599100000e+01
------------------------------------------------------------
                 Wall time: 2.24899e+01 sec 
============================================================


============================================================
                          Orbitals
------------------------------------------------------------
 Orb    F(i,i)        Error         nNodes  Spin  Occ  Done 
------------------------------------------------------------
  0  -1.39527e+01   3.09079e-07        776    a    1    1
  1  -7.64069e-01   5.85877e-06          0    a    1    0
  2  -3.64596e-01   2.94572e-06          0    a    1    0
  3  -2.93095e-01   9.16920e-06          0    a    1    0
  4  -2.93094e-01   4.00407e-06        552    a    1    0
  5  -1.39103e+01   2.13785e-07          0    b    1    1
  6  -6.76391e-01   2.37697e-05          0    b    1    0
  7  -3.12895e-01   8.06694e-06          0    b    1    0
------------------------------------------------------------
 Total error:                            2.78087e-05    0
============================================================


============================================================
                    Energy                 Update      Done 
------------------------------------------------------------
 Orbital      -3.056720972761994e+01    -8.67129e-05    1
 Kinetic       5.447572279041035e+01    -8.12467e-05    1
 N-E          -1.360438193004626e+02     1.58764e-04    1
 Coulomb       2.989132942997281e+01    -9.10276e-05    1
 Exchange      0.000000000000000e+00     0.00000e+00    1
 X-C          -6.665491653889238e+00     1.35039e-05    1
------------------------------------------------------------
 Electronic   -5.834226873231759e+01    -4.71925e-09    1
 Nuclear       3.574831829934391e+00     0.00000e+00    1
------------------------------------------------------------
 Total        -5.476743690238320e+01    -4.71925e-09    1
============================================================


################ Wall time: 3.51045e+02 sec ################




####################### SCF cycle 10 #######################


============================================================
 Current precision                              1.00000e-07
------------------------------------------------------------
 Orbital threshold                              1.00000e-06
 Property threshold                            -1.00000e+00
============================================================


============================================================
                   Calculating SCF energy
------------------------------------------------------------
 Nuclear energy                       3.574831829934391e+00
 Electronic energy                   -5.834226873349271e+01
------------------------------------------------------------
 Total energy                        -5.476743690355832e+01
------------------------------------------------------------
                 Wall time: 1.77928e+01 sec 
============================================================


============================================================
                Rotating Helmholtz argument
------------------------------------------------------------
 Rotating orbitals                              1.48707e+00
------------------------------------------------------------
                 Wall time: 1.48716e+00 sec 
============================================================


============================================================
                Applying Helmholtz operators
------------------------------------------------------------
 Orb    RealNorm   Nodes     ImagNorm   Nodes     Timing
------------------------------------------------------------
  0    1.00000e+00   776    0.00000e+00     0   9.52940e+01
  4    1.00000e+00   552    0.00000e+00     0   6.83596e+01
------------------------------------------------------------
                 Wall time: 1.63658e+02 sec 
============================================================


============================================================
                 Lowdin orthonormalization
------------------------------------------------------------
 Computing Lowdin matrix                        7.72097e+01
 Rotating orbitals                              1.28705e+00
------------------------------------------------------------
                 Wall time: 7.84969e+01 sec 
============================================================


============================================================
               Iterative subspace accelerator
------------------------------------------------------------
 Push back orbitals                             1.13096e-01
 Setup linear system                            1.60981e+00
 Solve linear system                            1.09980e-05
 Expand solution                                1.62396e+00
------------------------------------------------------------
                 Wall time: 3.34702e+00 sec 
============================================================


============================================================
                 Lowdin orthonormalization
------------------------------------------------------------
 Computing Lowdin matrix                        5.84445e-01
 Rotating orbitals                              1.24505e+00
------------------------------------------------------------
                 Wall time: 1.82958e+00 sec 
============================================================


============================================================
                  Setting up Fock operator
------------------------------------------------------------
 Precision                                      1.00000e-07
------------------------------------------------------------
 Coulomb density                       840      1.33383e+00
 Coulomb potential                     456      5.17366e+01
 Allreduce potential                   456      1.43593e-01
 XC alpha density                     1128      1.70497e+00
 XC beta density                      1128      1.47051e+00
 XC evaluate xcfun                    3384      8.43121e+00
 XC energy                            1128      1.70341e-04
 XC potential                         2256      1.18325e-01
------------------------------------------------------------
                 Wall time: 6.49649e+01 sec 
============================================================


============================================================
                  Calculating Fock matrix
------------------------------------------------------------
 Kinetic part                         5.665962691000000e+00
 Potential part                       1.651933642300000e+01
------------------------------------------------------------
                 Wall time: 2.21854e+01 sec 
============================================================


============================================================
                          Orbitals
------------------------------------------------------------
 Orb    F(i,i)        Error         nNodes  Spin  Occ  Done 
------------------------------------------------------------
  0  -1.39527e+01   1.18289e-07        776    a    1    1
  1  -7.64069e-01   3.80835e-06          0    a    1    0
  2  -3.64596e-01   5.57527e-07          0    a    1    1
  3  -2.93095e-01   3.26364e-06          0    a    1    0
  4  -2.93094e-01   1.04159e-06        552    a    1    0
  5  -1.39103e+01   7.18469e-08          0    b    1    1
  6  -6.76391e-01   2.34141e-06          0    b    1    0
  7  -3.12895e-01   1.37198e-05          0    b    1    0
------------------------------------------------------------
 Total error:                            1.48420e-05    0
============================================================


============================================================
                    Energy                 Update      Done 
------------------------------------------------------------
 Orbital      -3.056718577173753e+01     2.39559e-05    1
 Kinetic       5.447574524896073e+01     2.24586e-05    1
 N-E          -1.360438632257847e+02    -4.39253e-05    1
 Coulomb       2.989135456174575e+01     2.51318e-05    1
 Exchange      0.000000000000000e+00     0.00000e+00    1
 X-C          -6.665495332224303e+00    -3.67834e-06    1
------------------------------------------------------------
 Electronic   -5.834226873349271e+01    -1.17512e-09    1
 Nuclear       3.574831829934391e+00     0.00000e+00    1
------------------------------------------------------------
 Total        -5.476743690355832e+01    -1.17512e-09    1
============================================================


################ Wall time: 3.54177e+02 sec ################




####################### SCF cycle 11 #######################


============================================================
 Current precision                              1.00000e-07
------------------------------------------------------------
 Orbital threshold                              1.00000e-06
 Property threshold                            -1.00000e+00
============================================================


============================================================
                   Calculating SCF energy
------------------------------------------------------------
 Nuclear energy                       3.574831829934391e+00
 Electronic energy                   -5.834226873367960e+01
------------------------------------------------------------
 Total energy                        -5.476743690374521e+01
------------------------------------------------------------
                 Wall time: 1.79435e+01 sec 
============================================================


============================================================
                Rotating Helmholtz argument
------------------------------------------------------------
 Rotating orbitals                              1.49518e+00
------------------------------------------------------------
                 Wall time: 1.49528e+00 sec 
============================================================


============================================================
                Applying Helmholtz operators
------------------------------------------------------------
 Orb    RealNorm   Nodes     ImagNorm   Nodes     Timing
------------------------------------------------------------
  0    1.00000e+00   776    0.00000e+00     0   9.69501e+01
  4    1.00000e+00   552    0.00000e+00     0   6.99922e+01
------------------------------------------------------------
                 Wall time: 1.66951e+02 sec 
============================================================


============================================================
                 Lowdin orthonormalization
------------------------------------------------------------
 Computing Lowdin matrix                        7.37638e+01
 Rotating orbitals                              1.26637e+00
------------------------------------------------------------
                 Wall time: 7.50303e+01 sec 
============================================================


============================================================
               Iterative subspace accelerator
------------------------------------------------------------
 Push back orbitals                             1.35549e-01
 Setup linear system                            1.66125e+00
 Solve linear system                            1.04410e-05
 Expand solution                                1.56374e+00
------------------------------------------------------------
                 Wall time: 3.36069e+00 sec 
============================================================


============================================================
                 Lowdin orthonormalization
------------------------------------------------------------
 Computing Lowdin matrix                        5.66917e-01
 Rotating orbitals                              1.16621e+00
------------------------------------------------------------
                 Wall time: 1.73320e+00 sec 
============================================================


============================================================
                  Setting up Fock operator
------------------------------------------------------------
 Precision                                      1.00000e-07
------------------------------------------------------------
 Coulomb density                       840      1.35859e+00
 Coulomb potential                     456      5.28192e+01
 Allreduce potential                   456      1.37294e-01
 XC alpha density                     1128      1.72775e+00
 XC beta density                      1128      1.51932e+00
 XC evaluate xcfun                    3384      8.53648e+00
 XC energy                            1128      1.69706e-04
 XC potential                         2256      1.17862e-01
------------------------------------------------------------
                 Wall time: 6.62419e+01 sec 
============================================================


============================================================
                  Calculating Fock matrix
------------------------------------------------------------
 Kinetic part                         5.472954594000000e+00
 Potential part                       1.691186592600000e+01
------------------------------------------------------------
                 Wall time: 2.23849e+01 sec 
============================================================


============================================================
                          Orbitals
------------------------------------------------------------
 Orb    F(i,i)        Error         nNodes  Spin  Occ  Done 
------------------------------------------------------------
  0  -1.39527e+01   2.54173e-08        776    a    1    1
  1  -7.64069e-01   1.61529e-06          0    a    1    0
  2  -3.64596e-01   3.03716e-07          0    a    1    1
  3  -2.93095e-01   1.48718e-06          0    a    1    0
  4  -2.93094e-01   1.89534e-07        552    a    1    1
  5  -1.39103e+01   2.25574e-08          0    b    1    1
  6  -6.76391e-01   9.51380e-07          0    b    1    1
  7  -3.12895e-01   5.37367e-06          0    b    1    0
------------------------------------------------------------
 Total error:                            5.89335e-06    0
============================================================


============================================================
                    Energy                 Update      Done 
------------------------------------------------------------
 Orbital      -3.056718804844137e+01    -2.27670e-06    1
 Kinetic       5.447574298113869e+01    -2.26782e-06    1
 N-E          -1.360438589536093e+02     4.27218e-06    1
 Coulomb       2.989135215845762e+01    -2.40329e-06    1
 Exchange      0.000000000000000e+00     0.00000e+00    1
 X-C          -6.665494937651350e+00     3.94573e-07    1
------------------------------------------------------------
 Electronic   -5.834226873367960e+01    -1.86894e-10    1
 Nuclear       3.574831829934391e+00     0.00000e+00    1
------------------------------------------------------------
 Total        -5.476743690374521e+01    -1.86894e-10    1
============================================================


################ Wall time: 3.55480e+02 sec ################




####################### SCF cycle 12 #######################


============================================================
 Current precision                              1.00000e-07
------------------------------------------------------------
 Orbital threshold                              1.00000e-06
 Property threshold                            -1.00000e+00
============================================================


============================================================
                   Calculating SCF energy
------------------------------------------------------------
 Nuclear energy                       3.574831829934391e+00
 Electronic energy                   -5.834226873370058e+01
------------------------------------------------------------
 Total energy                        -5.476743690376619e+01
------------------------------------------------------------
                 Wall time: 1.70164e+01 sec 
============================================================


============================================================
                Rotating Helmholtz argument
------------------------------------------------------------
 Rotating orbitals                              1.47421e+00
------------------------------------------------------------
                 Wall time: 1.47431e+00 sec 
============================================================


============================================================
                Applying Helmholtz operators
------------------------------------------------------------
 Orb    RealNorm   Nodes     ImagNorm   Nodes     Timing
------------------------------------------------------------
  0    1.00000e+00   776    0.00000e+00     0   9.67854e+01
  4    1.00000e+00   552    0.00000e+00     0   7.15437e+01
------------------------------------------------------------
                 Wall time: 1.68334e+02 sec 
============================================================


============================================================
                 Lowdin orthonormalization
------------------------------------------------------------
 Computing Lowdin matrix                        7.12200e+01
 Rotating orbitals                              1.27449e+00
------------------------------------------------------------
                 Wall time: 7.24946e+01 sec 
============================================================


============================================================
               Iterative subspace accelerator
------------------------------------------------------------
 Push back orbitals                             1.72135e-01
 Setup linear system                            1.63035e+00
 Solve linear system                            1.09280e-05
 Expand solution                                1.28700e+00
------------------------------------------------------------
                 Wall time: 3.08966e+00 sec 
============================================================


============================================================
                 Lowdin orthonormalization
------------------------------------------------------------
 Computing Lowdin matrix                        5.63957e-01
 Rotating orbitals                              1.12241e+00
------------------------------------------------------------
                 Wall time: 1.68644e+00 sec 
============================================================


============================================================
                  Setting up Fock operator
------------------------------------------------------------
 Precision                                      1.00000e-07
------------------------------------------------------------
 Coulomb density                       840      1.37271e+00
 Coulomb potential                     456      5.24956e+01
 Allreduce potential                   456      1.38756e-01
 XC alpha density                     1128      1.75616e+00
 XC beta density                      1128      1.49384e+00
 XC evaluate xcfun                    3384      8.51870e+00
 XC energy                            1128      1.70104e-04
 XC potential                         2256      1.16877e-01
------------------------------------------------------------
                 Wall time: 6.59188e+01 sec 
============================================================


============================================================
                  Calculating Fock matrix
------------------------------------------------------------
 Kinetic part                         5.550125709000000e+00
 Potential part                       1.684919170400000e+01
------------------------------------------------------------
                 Wall time: 2.23994e+01 sec 
============================================================


============================================================
                          Orbitals
------------------------------------------------------------
 Orb    F(i,i)        Error         nNodes  Spin  Occ  Done 
------------------------------------------------------------
  0  -1.39527e+01   5.53028e-09        776    a    1    1
  1  -7.64069e-01   3.31577e-07          0    a    1    1
  2  -3.64596e-01   1.62514e-07          0    a    1    1
  3  -2.93095e-01   5.18180e-07          0    a    1    1
  4  -2.93094e-01   1.08848e-07        552    a    1    1
  5  -1.39103e+01   5.60385e-09          0    b    1    1
  6  -6.76391e-01   4.75015e-07          0    b    1    1
  7  -3.12895e-01   2.10048e-07          0    b    1    1
------------------------------------------------------------
 Total error:                            8.28573e-07    1
============================================================


============================================================
                    Energy                 Update      Done 
------------------------------------------------------------
 Orbital      -3.056718670669093e+01     1.34175e-06    1
 Kinetic       5.447574415605607e+01     1.17492e-06    1
 N-E          -1.360438613413723e+02    -2.38776e-06    1
 Coulomb       2.989135356110298e+01     1.40265e-06    1
 Exchange      0.000000000000000e+00     0.00000e+00    1
 X-C          -6.665495128340208e+00    -1.90689e-07    1
------------------------------------------------------------
 Electronic   -5.834226873370058e+01    -2.09752e-11    1
 Nuclear       3.574831829934391e+00     0.00000e+00    1
------------------------------------------------------------
 Total        -5.476743690376619e+01    -2.09752e-11    1
============================================================


################ Wall time: 3.53018e+02 sec ################


============================================================
                      Convergence rate
------------------------------------------------------------
Iter    OrbError       Property                   Update  
------------------------------------------------------------
  1    2.35721e-03    -5.476743191306048e+01   -5.47674e+01
  2    4.82951e-04    -5.476743640279393e+01   -4.48973e-06
  3    2.24260e-04    -5.476743663079281e+01   -2.27999e-07
  4    3.21338e-04    -5.476743670766920e+01   -7.68764e-08
  5    4.14675e-04    -5.476743681378951e+01   -1.06120e-07
  6    1.07884e-04    -5.476743687220020e+01   -5.84107e-08
  7    2.11160e-04    -5.476743688174796e+01   -9.54776e-09
  8    1.15005e-04    -5.476743689766395e+01   -1.59160e-08
  9    2.78087e-05    -5.476743690238320e+01   -4.71925e-09
 10    1.48420e-05    -5.476743690355832e+01   -1.17512e-09
 11    5.89335e-06    -5.476743690374521e+01   -1.86894e-10
 12    8.28573e-07    -5.476743690376619e+01   -2.09752e-11
------------------------------------------------------------
                      SCF converged!!!                      
============================================================


============================================================
                  Digonalizing Fock matrix
------------------------------------------------------------
 Computing Lowdin matrix                        3.21452e-01
 Diagonalizing matrix                           1.47260e-05
 Rotating orbitals                              1.36938e+00
------------------------------------------------------------
                 Wall time: 1.69094e+00 sec 
============================================================


============================================================
                  Setting up Fock operator
------------------------------------------------------------
 Precision                                      1.00000e-07
------------------------------------------------------------
 Coulomb density                       840      1.35845e+00
 Coulomb potential                     456      4.73383e+01
 Allreduce potential                   456      1.41955e-01
 XC alpha density                     1128      1.70302e+00
 XC beta density                      1128      1.35694e+00
 XC evaluate xcfun                    3384      8.28814e+00
 XC energy                            1128      1.51286e-04
 XC potential                         2256      1.09412e-01
------------------------------------------------------------
                 Wall time: 6.03222e+01 sec 
============================================================


============================================================
                   Calculating SCF energy
------------------------------------------------------------
------------------------------------------------------------
                 Wall time: 1.61908e+01 sec 
============================================================


============================================================
                 Calculating dipole moment
------------------------------------------------------------
------------------------------------------------------------
                 Wall time: 8.10428e+00 sec 
============================================================


============================================================
                        Fock matrix
------------------------------------------------------------
-1.39527e+01  0.00000e+00  0.00000e+00  0.00000e+00  0.00000e+00  0.00000e+00  0.00000e+00  0.00000e+00
 0.00000e+00 -7.64069e-01  0.00000e+00  0.00000e+00  0.00000e+00  0.00000e+00  0.00000e+00  0.00000e+00
 0.00000e+00  0.00000e+00 -3.64596e-01  0.00000e+00  0.00000e+00  0.00000e+00  0.00000e+00  0.00000e+00
 0.00000e+00  0.00000e+00  0.00000e+00 -2.93095e-01  0.00000e+00  0.00000e+00  0.00000e+00  0.00000e+00
 0.00000e+00  0.00000e+00  0.00000e+00  0.00000e+00 -2.93094e-01  0.00000e+00  0.00000e+00  0.00000e+00
 0.00000e+00  0.00000e+00  0.00000e+00  0.00000e+00  0.00000e+00 -1.39103e+01  0.00000e+00  0.00000e+00
 0.00000e+00  0.00000e+00  0.00000e+00  0.00000e+00  0.00000e+00  0.00000e+00 -6.76391e-01  0.00000e+00
 0.00000e+00  0.00000e+00  0.00000e+00  0.00000e+00  0.00000e+00  0.00000e+00  0.00000e+00 -3.12895e-01
============================================================


============================================================
                      Orbital energies
------------------------------------------------------------
    n  spin  occ                            epsilon  
------------------------------------------------------------
    0    a    1                      -1.395274918243794e+01
    1    a    1                      -1.391029782505701e+01
    2    a    1                      -7.640694653588325e-01
    3    a    1                      -6.763911429004948e-01
    4    a    1                      -3.645959074455665e-01
    5    b    1                      -3.128951542483242e-01
    6    b    1                      -2.930949322940388e-01
    7    b    1                      -2.930941776456165e-01
============================================================


============================================================
                          Molecule
------------------------------------------------------------
 Nr  Element             x             y             z      
------------------------------------------------------------
  1     N           0.00000e+00   0.00000e+00   0.00000e+00
  2     H           0.00000e+00   0.00000e+00   1.95813e+00
------------------------------------------------------------
 Center of mass:    0.00000e+00   0.00000e+00   1.31450e-01
============================================================


                                                            
============================================================
                         SCF Energy                         
------------------------------------------------------------
                                                            
 Sum orbital energy:                 -3.056718778738783e+01
 Kinetic energy:                      5.447574310812975e+01
 E-N energy:                         -1.360438593313276e+02
 Coulomb energy:                      2.989135242457014e+01
 Exchange energy:                     0.000000000000000e+00
 X-C energy:                         -6.665494953720759e+00
 El. external field energy:          -9.981343813676102e-06
 Nuc. external field energy:          5.333593403935579e-15
                                                            
------------------------------------------------------------
                                                            
 Electronic energy:                  -5.834226873369223e+01
 Nuclear energy:                      3.574831829934391e+00
                                                            
------------------------------------------------------------
                                                            
 Total energy       (au)             -5.476743690375784e+01
                    (kJ/mol)         -1.437918847791902e+05
                    (kcal/mol)       -3.436708524996808e+04
                    (eV)             -1.490297813789734e+03
                                                            
============================================================
                                                            

                                                            
============================================================
                         Dipole moment                      
------------------------------------------------------------
                                                            
 Length of vector:   (au)                  6.0232635184e-01
                     (Debye)               1.5309607346e+00
                                                            
-------------------------- Total ---------------------------
                                                            
 [-5.2018572310e-12,  9.9813438083e-03,  6.0224364413e-01] 
                                                            
------------------------- Nuclear --------------------------
                                                            
 [-5.1161540180e-12, -5.3335934039e-12,  9.0653302104e-01] 
                                                            
------------------------ Electronic ------------------------
                                                            
 [-8.5703212980e-14,  9.9813438137e-03, -3.0428937691e-01] 
                                                            
============================================================
                                                            



************************************************************
***                                                      ***
***                    Exiting MRChem                    ***
***                                                      ***
***               Wall time: 4.238793e+03                ***
***                                                      ***
************************************************************


