


************************************************************
***     __  __ ____   ____ _                             ***
***    |  \/  |  _ \ / ___| |__   ___ _ __ ___           ***
***    | |\/| | |_) | |   | '_ \ / _ \ '_ ` _ \          ***
***    | |  | |  _ <| |___| | | |  __/ | | | | |         ***
***    |_|  |_|_| \_\\____|_| |_|\___|_| |_| |_|         ***
***                                                      ***
***    VERSION 0.0.1 (rev. 1c6f79f)                     ***
***                                                      ***
***    Stig Rune Jensen <stig.r.jensen@uit.no>           ***
***    Luca Frediani    <luca.frediani@uit.no>           ***
***    Peter Wind       <peter.wind@uit.no>              ***
***                                                      ***
************************************************************


+++ Parallel execution: 
  MPI hosts available     : 4
  Threads/host            : 2
  Total used CPUs         : 8


------------------------------------------------------------

 MRCPP version   : X.Y.Z
 Git revision    : bbc2aed

 Linear algebra  : EIGEN
 Parallelization : MPI/OpenMP

------------------------------------------------------------




============================================================
                  MultiResolution Analysis                  
------------------------------------------------------------
 polynomial order = 11
 polynomial type  = Interpolating
------------------------------------------------------------
 total boxes      = 8
 boxes            = [           2           2           2 ]
 unit lengths     = [    32.00000    32.00000    32.00000 ]
 scaling factor   = [     1.00000     1.00000     1.00000 ]
 lower bounds     = [   -32.00000   -32.00000   -32.00000 ]
 upper bounds     = [    32.00000    32.00000    32.00000 ]
 total length     = [    64.00000    64.00000    64.00000 ]
============================================================


============================================================
                          Molecule
------------------------------------------------------------
 Nr  Element             x             y             z      
------------------------------------------------------------
  1     N           0.00000e+00   0.00000e+00   0.00000e+00
  2     H           0.00000e+00   0.00000e+00   1.95813e+00
------------------------------------------------------------
 Center of mass:    0.00000e+00   0.00000e+00   1.31450e-01
============================================================


============================================================
                Setting up nuclear potential
------------------------------------------------------------
 Nr  Element         Charge        Precision     Smoothing 
------------------------------------------------------------
  1     N           7.00000e+00   1.00000e-07   2.95801e-05
  2     H           1.00000e+00   1.00000e-07   7.57698e-04
------------------------------------------------------------
 Nuclear potential                    1288      1.22099e+00
 Allreduce potential                  1960      6.83474e-01
------------------------------------------------------------
                 Wall time: 1.90459e+00 sec 
============================================================


============================================================
 OrbitalVector:   8 orbitals     8 occupied     8 electrons
------------------------------------------------------------
   n  RankID           Norm          Spin Occ      Error    
------------------------------------------------------------
   0     0       1.000000000000e+00    a   1    1.00000e+00
   1     1      -1.000000000000e+00    a   1    1.00000e+00
   2     2      -1.000000000000e+00    a   1    1.00000e+00
   3     3      -1.000000000000e+00    a   1    1.00000e+00
   4     0       1.000000000000e+00    a   1    1.00000e+00
   5     1      -1.000000000000e+00    b   1    1.00000e+00
   6     2      -1.000000000000e+00    b   1    1.00000e+00
   7     3      -1.000000000000e+00    b   1    1.00000e+00
============================================================


============================================================
                  Setting up Fock operator
------------------------------------------------------------
 Precision                                      1.00000e-07
------------------------------------------------------------
 Coulomb density                       840      1.39111e+00
 Coulomb potential                     456      4.70623e+01
 Allreduce potential                   456      5.30197e-01
 XC alpha density                     1128      1.78524e+00
 XC beta density                      1128      1.58769e+00
 XC evaluate xcfun                   10152      3.79646e+01
 XC energy                            1128      1.66909e-04
 XC potential                         2256      1.15924e+00
------------------------------------------------------------
                 Wall time: 9.23770e+01 sec 
============================================================


============================================================
                  Calculating Fock matrix
------------------------------------------------------------
 Kinetic part                         6.326397504000000e+00
 Potential part                       2.433947931500000e+01
------------------------------------------------------------
                 Wall time: 3.06660e+01 sec 
============================================================




####################### SCF cycle  1 #######################


============================================================
 Current precision                              1.00000e-07
------------------------------------------------------------
 Orbital threshold                              1.00000e-06
 Property threshold                            -1.00000e+00
============================================================


============================================================
                  Digonalizing Fock matrix
------------------------------------------------------------
 Computing Lowdin matrix                        3.82379e-01
 Diagonalizing matrix                           1.71790e-05
 Rotating orbitals                              1.24205e+00
------------------------------------------------------------
                 Wall time: 1.62454e+00 sec 
============================================================


============================================================
                   Calculating SCF energy
------------------------------------------------------------
 Nuclear energy                       3.574831829934380e+00
 Electronic energy                   -5.875169402851299e+01
------------------------------------------------------------
 Total energy                        -5.517686219857860e+01
------------------------------------------------------------
                 Wall time: 1.98628e+01 sec 
============================================================


============================================================
                Rotating Helmholtz argument
------------------------------------------------------------
 Rotating orbitals                              5.62724e-01
------------------------------------------------------------
                 Wall time: 5.62806e-01 sec 
============================================================


============================================================
                Applying Helmholtz operators
------------------------------------------------------------
 Orb    RealNorm   Nodes     ImagNorm   Nodes     Timing
------------------------------------------------------------
  0    1.00000e+00   776    0.00000e+00     0   8.99272e+01
  4    1.00000e+00   552    0.00000e+00     0   6.61743e+01
------------------------------------------------------------
                 Wall time: 1.56114e+02 sec 
============================================================


============================================================
                 Lowdin orthonormalization
------------------------------------------------------------
 Computing Lowdin matrix                        6.68054e+01
 Rotating orbitals                              1.25893e+00
------------------------------------------------------------
                 Wall time: 6.80644e+01 sec 
============================================================


============================================================
               Iterative subspace accelerator
------------------------------------------------------------
 Push back orbitals                             4.78070e-05
 Copy orbitals                                  6.93516e-02
 Copy orbital updates                           6.91604e-02
------------------------------------------------------------
                 Wall time: 1.38685e-01 sec 
============================================================


============================================================
                 Lowdin orthonormalization
------------------------------------------------------------
 Computing Lowdin matrix                        3.77637e-01
 Rotating orbitals                              8.79291e-01
------------------------------------------------------------
                 Wall time: 1.25702e+00 sec 
============================================================


============================================================
                  Setting up Fock operator
------------------------------------------------------------
 Precision                                      1.00000e-07
------------------------------------------------------------
 Coulomb density                       840      1.27818e+00
 Coulomb potential                     456      4.82131e+01
 Allreduce potential                   456      1.83780e-01
 XC alpha density                     1128      1.62277e+00
 XC beta density                      1128      1.34096e+00
 XC evaluate xcfun                   10152      3.78698e+01
 XC energy                            1128      1.60300e-04
 XC potential                         2256      1.15062e+00
------------------------------------------------------------
                 Wall time: 9.24583e+01 sec 
============================================================


============================================================
                  Calculating Fock matrix
------------------------------------------------------------
 Kinetic part                         5.580806560000000e+00
 Potential part                       2.087545054100000e+01
------------------------------------------------------------
                 Wall time: 2.64564e+01 sec 
============================================================


============================================================
                          Orbitals
------------------------------------------------------------
 Orb    F(i,i)        Error         nNodes  Spin  Occ  Done 
------------------------------------------------------------
  0  -1.40677e+01   5.25913e-06        776    a    1    0
  1  -7.68649e-01   2.35438e-04          0    a    1    0
  2  -3.57877e-01   7.83867e-04          0    a    1    0
  3  -2.91156e-01   9.01705e-04          0    a    1    0
  4  -2.91156e-01   1.64595e-03        552    a    1    0
  5  -1.40304e+01   5.96441e-06          0    b    1    0
  6  -6.74682e-01   6.63140e-04          0    b    1    0
  7  -3.18231e-01   9.82303e-04          0    b    1    0
------------------------------------------------------------
 Total error:                            2.36577e-03    0
============================================================


============================================================
                    Energy                 Update      Done 
------------------------------------------------------------
 Orbital      -3.079985540407221e+01    -3.07999e+01    1
 Kinetic       5.500700794263262e+01     5.50070e+01    1
 N-E          -1.366238638323913e+02    -1.36624e+02    1
 Coulomb       2.996975405743347e+01     2.99698e+01    1
 Exchange      0.000000000000000e+00     0.00000e+00    1
 X-C          -7.104592196187818e+00    -7.10459e+00    1
------------------------------------------------------------
 Electronic   -5.875169402851299e+01    -5.87517e+01    1
 Nuclear       3.574831829934380e+00     3.57483e+00    1
------------------------------------------------------------
 Total        -5.517686219857860e+01    -5.51769e+01    1
============================================================


################ Wall time: 3.66744e+02 sec ################




####################### SCF cycle  2 #######################


============================================================
 Current precision                              1.00000e-07
------------------------------------------------------------
 Orbital threshold                              1.00000e-06
 Property threshold                            -1.00000e+00
============================================================


============================================================
                  Digonalizing Fock matrix
------------------------------------------------------------
 Computing Lowdin matrix                        3.17022e-01
 Diagonalizing matrix                           1.42510e-05
 Rotating orbitals                              1.24270e+00
------------------------------------------------------------
                 Wall time: 1.55983e+00 sec 
============================================================


============================================================
                   Calculating SCF energy
------------------------------------------------------------
 Nuclear energy                       3.574831829934380e+00
 Electronic energy                   -5.875169849057034e+01
------------------------------------------------------------
 Total energy                        -5.517686666063596e+01
------------------------------------------------------------
                 Wall time: 1.98781e+01 sec 
============================================================


============================================================
                Rotating Helmholtz argument
------------------------------------------------------------
 Rotating orbitals                              5.56736e-01
------------------------------------------------------------
                 Wall time: 5.56819e-01 sec 
============================================================


============================================================
                Applying Helmholtz operators
------------------------------------------------------------
 Orb    RealNorm   Nodes     ImagNorm   Nodes     Timing
------------------------------------------------------------
  0    1.00000e+00   776    0.00000e+00     0   8.97287e+01
  4    1.00000e+00   552    0.00000e+00     0   6.56798e+01
------------------------------------------------------------
                 Wall time: 1.55412e+02 sec 
============================================================


============================================================
                 Lowdin orthonormalization
------------------------------------------------------------
 Computing Lowdin matrix                        6.80851e+01
 Rotating orbitals                              1.25074e+00
------------------------------------------------------------
                 Wall time: 6.93360e+01 sec 
============================================================


============================================================
               Iterative subspace accelerator
------------------------------------------------------------
 Push back orbitals                             8.06250e-02
 Copy orbitals                                  6.89729e-02
 Copy orbital updates                           6.89865e-02
------------------------------------------------------------
                 Wall time: 2.18716e-01 sec 
============================================================


============================================================
                 Lowdin orthonormalization
------------------------------------------------------------
 Computing Lowdin matrix                        3.78470e-01
 Rotating orbitals                              8.75907e-01
------------------------------------------------------------
                 Wall time: 1.25445e+00 sec 
============================================================


============================================================
                  Setting up Fock operator
------------------------------------------------------------
 Precision                                      1.00000e-07
------------------------------------------------------------
 Coulomb density                       840      1.27435e+00
 Coulomb potential                     456      4.84361e+01
 Allreduce potential                   456      1.36350e-01
 XC alpha density                     1128      1.61044e+00
 XC beta density                      1128      1.33840e+00
 XC evaluate xcfun                   10152      3.78193e+01
 XC energy                            1128      1.64224e-04
 XC potential                         2256      1.14941e+00
------------------------------------------------------------
                 Wall time: 9.25603e+01 sec 
============================================================


============================================================
                  Calculating Fock matrix
------------------------------------------------------------
 Kinetic part                         6.135345716000000e+00
 Potential part                       2.084820065900000e+01
------------------------------------------------------------
                 Wall time: 2.69837e+01 sec 
============================================================


============================================================
                          Orbitals
------------------------------------------------------------
 Orb    F(i,i)        Error         nNodes  Spin  Occ  Done 
------------------------------------------------------------
  0  -1.40677e+01   3.02410e-06        776    a    1    0
  1  -7.68652e-01   1.11525e-04          0    a    1    0
  2  -3.57879e-01   1.07591e-04          0    a    1    0
  3  -2.91159e-01   3.88176e-04          0    a    1    0
  4  -2.91159e-01   1.26911e-04        552    a    1    0
  5  -1.40304e+01   1.51286e-06          0    b    1    0
  6  -6.74685e-01   9.92920e-05          0    b    1    0
  7  -3.18233e-01   1.49373e-04          0    b    1    0
------------------------------------------------------------
 Total error:                            4.72211e-04    0
============================================================


============================================================
                    Energy                 Update      Done 
------------------------------------------------------------
 Orbital      -3.079987203666353e+01    -1.66326e-05    1
 Kinetic       5.500700518906266e+01    -2.75357e-06    1
 N-E          -1.366238468113351e+02     1.70211e-05    1
 Coulomb       2.996974141192415e+01    -1.26455e-05    1
 Exchange      0.000000000000000e+00     0.00000e+00    1
 X-C          -7.104590646221956e+00     1.54997e-06    1
------------------------------------------------------------
 Electronic   -5.875169849057034e+01    -4.46206e-06    1
 Nuclear       3.574831829934380e+00     0.00000e+00    1
------------------------------------------------------------
 Total        -5.517686666063596e+01    -4.46206e-06    1
============================================================


################ Wall time: 3.67979e+02 sec ################




####################### SCF cycle  3 #######################


============================================================
 Current precision                              1.00000e-07
------------------------------------------------------------
 Orbital threshold                              1.00000e-06
 Property threshold                            -1.00000e+00
============================================================


============================================================
                   Calculating SCF energy
------------------------------------------------------------
 Nuclear energy                       3.574831829934380e+00
 Electronic energy                   -5.875169871500597e+01
------------------------------------------------------------
 Total energy                        -5.517686688507159e+01
------------------------------------------------------------
                 Wall time: 2.08369e+01 sec 
============================================================


============================================================
                Rotating Helmholtz argument
------------------------------------------------------------
 Rotating orbitals                              1.42227e+00
------------------------------------------------------------
                 Wall time: 1.42236e+00 sec 
============================================================


============================================================
                Applying Helmholtz operators
------------------------------------------------------------
 Orb    RealNorm   Nodes     ImagNorm   Nodes     Timing
------------------------------------------------------------
  0    1.00000e+00   776    0.00000e+00     0   9.06990e+01
  4    1.00000e+00   552    0.00000e+00     0   6.70216e+01
------------------------------------------------------------
                 Wall time: 1.57727e+02 sec 
============================================================


============================================================
                 Lowdin orthonormalization
------------------------------------------------------------
 Computing Lowdin matrix                        7.27247e+01
 Rotating orbitals                              1.23654e+00
------------------------------------------------------------
                 Wall time: 7.39614e+01 sec 
============================================================


============================================================
               Iterative subspace accelerator
------------------------------------------------------------
 Push back orbitals                             9.04068e-02
 Setup linear system                            2.60020e-01
 Solve linear system                            1.19710e-05
 Expand solution                                8.88723e-01
------------------------------------------------------------
                 Wall time: 1.23930e+00 sec 
============================================================


============================================================
                 Lowdin orthonormalization
------------------------------------------------------------
 Computing Lowdin matrix                        5.61811e-01
 Rotating orbitals                              1.33762e+00
------------------------------------------------------------
                 Wall time: 1.89952e+00 sec 
============================================================


============================================================
                  Setting up Fock operator
------------------------------------------------------------
 Precision                                      1.00000e-07
------------------------------------------------------------
 Coulomb density                       840      1.28036e+00
 Coulomb potential                     456      4.95551e+01
 Allreduce potential                   456      7.31988e-01
 XC alpha density                     1128      1.63497e+00
 XC beta density                      1128      1.34861e+00
 XC evaluate xcfun                   10152      3.81887e+01
 XC energy                            1128      1.65602e-04
 XC potential                         2256      1.30371e+00
------------------------------------------------------------
                 Wall time: 9.48521e+01 sec 
============================================================


============================================================
                  Calculating Fock matrix
------------------------------------------------------------
 Kinetic part                         5.499632491000000e+00
 Potential part                       2.094473772300000e+01
------------------------------------------------------------
                 Wall time: 2.64445e+01 sec 
============================================================


============================================================
                          Orbitals
------------------------------------------------------------
 Orb    F(i,i)        Error         nNodes  Spin  Occ  Done 
------------------------------------------------------------
  0  -1.40677e+01   2.55185e-06        776    a    1    0
  1  -7.68652e-01   5.72949e-05          0    a    1    0
  2  -3.57879e-01   2.92771e-05          0    a    1    0
  3  -2.91159e-01   1.64148e-04          0    a    1    0
  4  -2.91158e-01   2.73427e-05        552    a    1    0
  5  -1.40304e+01   6.97745e-07          0    b    1    1
  6  -6.74685e-01   7.90851e-05          0    b    1    0
  7  -3.18233e-01   1.06098e-04          0    b    1    0
------------------------------------------------------------
 Total error:                            2.22149e-04    0
============================================================


============================================================
                    Energy                 Update      Done 
------------------------------------------------------------
 Orbital      -3.079989915897703e+01    -2.71223e-05    1
 Kinetic       5.500699125578849e+01    -1.39333e-05    1
 N-E          -1.366238077578024e+02     3.90535e-05    1
 Coulomb       2.996971319240723e+01    -2.82195e-05    1
 Exchange      0.000000000000000e+00     0.00000e+00    1
 X-C          -7.104586481200943e+00     4.16502e-06    1
------------------------------------------------------------
 Electronic   -5.875169871500597e+01    -2.24436e-07    1
 Nuclear       3.574831829934380e+00     0.00000e+00    1
------------------------------------------------------------
 Total        -5.517686688507159e+01    -2.24436e-07    1
============================================================


################ Wall time: 3.78746e+02 sec ################




####################### SCF cycle  4 #######################


============================================================
 Current precision                              1.00000e-07
------------------------------------------------------------
 Orbital threshold                              1.00000e-06
 Property threshold                            -1.00000e+00
============================================================


============================================================
                   Calculating SCF energy
------------------------------------------------------------
 Nuclear energy                       3.574831829934380e+00
 Electronic energy                   -5.875169879523740e+01
------------------------------------------------------------
 Total energy                        -5.517686696530301e+01
------------------------------------------------------------
                 Wall time: 2.12485e+01 sec 
============================================================


============================================================
                Rotating Helmholtz argument
------------------------------------------------------------
 Rotating orbitals                              1.42474e+00
------------------------------------------------------------
                 Wall time: 1.42484e+00 sec 
============================================================


============================================================
                Applying Helmholtz operators
------------------------------------------------------------
 Orb    RealNorm   Nodes     ImagNorm   Nodes     Timing
------------------------------------------------------------
  0    1.00000e+00   776    0.00000e+00     0   9.33416e+01
  4    1.00000e+00   552    0.00000e+00     0   6.70387e+01
------------------------------------------------------------
                 Wall time: 1.60388e+02 sec 
============================================================


============================================================
                 Lowdin orthonormalization
------------------------------------------------------------
 Computing Lowdin matrix                        7.29418e+01
 Rotating orbitals                              1.26632e+00
------------------------------------------------------------
                 Wall time: 7.42082e+01 sec 
============================================================


============================================================
               Iterative subspace accelerator
------------------------------------------------------------
 Push back orbitals                             1.33278e-01
 Setup linear system                            8.08054e-01
 Solve linear system                            1.57950e-05
 Expand solution                                1.53363e+00
------------------------------------------------------------
                 Wall time: 2.47513e+00 sec 
============================================================


============================================================
                 Lowdin orthonormalization
------------------------------------------------------------
 Computing Lowdin matrix                        6.54937e-01
 Rotating orbitals                              1.49084e+00
------------------------------------------------------------
                 Wall time: 2.14587e+00 sec 
============================================================


============================================================
                  Setting up Fock operator
------------------------------------------------------------
 Precision                                      1.00000e-07
------------------------------------------------------------
 Coulomb density                       840      1.26886e+00
 Coulomb potential                     456      5.06102e+01
 Allreduce potential                   456      4.67069e-01
 XC alpha density                     1128      1.70370e+00
 XC beta density                      1128      1.39154e+00
 XC evaluate xcfun                   10152      3.79255e+01
 XC energy                            1128      1.68218e-04
 XC potential                         2256      1.28745e+00
------------------------------------------------------------
                 Wall time: 9.54799e+01 sec 
============================================================


============================================================
                  Calculating Fock matrix
------------------------------------------------------------
 Kinetic part                         6.377198174000000e+00
 Potential part                       2.157123805700000e+01
------------------------------------------------------------
                 Wall time: 2.79486e+01 sec 
============================================================


============================================================
                          Orbitals
------------------------------------------------------------
 Orb    F(i,i)        Error         nNodes  Spin  Occ  Done 
------------------------------------------------------------
  0  -1.40677e+01   3.79013e-06        776    a    1    0
  1  -7.68653e-01   4.21631e-05          0    a    1    0
  2  -3.57880e-01   4.78785e-05          0    a    1    0
  3  -2.91160e-01   1.00501e-04          0    a    1    0
  4  -2.91160e-01   3.23985e-05        552    a    1    0
  5  -1.40304e+01   7.95333e-07          0    b    1    1
  6  -6.74686e-01   1.70062e-04          0    b    1    0
  7  -3.18235e-01   2.57439e-04          0    b    1    0
------------------------------------------------------------
 Total error:                            3.32312e-04    0
============================================================


============================================================
                    Energy                 Update      Done 
------------------------------------------------------------
 Orbital      -3.079989326171141e+01     5.89727e-06    1
 Kinetic       5.500700174471240e+01     1.04889e-05    1
 N-E          -1.366238231980840e+02    -1.54403e-05    1
 Coulomb       2.996971941707354e+01     6.22467e-06    1
 Exchange      0.000000000000000e+00     0.00000e+00    1
 X-C          -7.104587374464250e+00    -8.93263e-07    1
------------------------------------------------------------
 Electronic   -5.875169879523740e+01    -8.02314e-08    1
 Nuclear       3.574831829934380e+00     0.00000e+00    1
------------------------------------------------------------
 Total        -5.517686696530301e+01    -8.02314e-08    1
============================================================


################ Wall time: 3.85711e+02 sec ################




####################### SCF cycle  5 #######################


============================================================
 Current precision                              1.00000e-07
------------------------------------------------------------
 Orbital threshold                              1.00000e-06
 Property threshold                            -1.00000e+00
============================================================


============================================================
                   Calculating SCF energy
------------------------------------------------------------
 Nuclear energy                       3.574831829934380e+00
 Electronic energy                   -5.875169890824526e+01
------------------------------------------------------------
 Total energy                        -5.517686707831088e+01
------------------------------------------------------------
                 Wall time: 2.18205e+01 sec 
============================================================


============================================================
                Rotating Helmholtz argument
------------------------------------------------------------
 Rotating orbitals                              1.44187e+00
------------------------------------------------------------
                 Wall time: 1.44197e+00 sec 
============================================================


============================================================
                Applying Helmholtz operators
------------------------------------------------------------
 Orb    RealNorm   Nodes     ImagNorm   Nodes     Timing
------------------------------------------------------------
  0    1.00000e+00   776    0.00000e+00     0   9.52424e+01
  4    9.99999e-01   552    0.00000e+00     0   6.74441e+01
------------------------------------------------------------
                 Wall time: 1.62691e+02 sec 
============================================================


============================================================
                 Lowdin orthonormalization
------------------------------------------------------------
 Computing Lowdin matrix                        6.87338e+01
 Rotating orbitals                              1.24418e+00
------------------------------------------------------------
                 Wall time: 6.99781e+01 sec 
============================================================


============================================================
               Iterative subspace accelerator
------------------------------------------------------------
 Push back orbitals                             1.23451e-01
 Setup linear system                            1.58984e+00
 Solve linear system                            1.06750e-05
 Expand solution                                2.15316e+00
------------------------------------------------------------
                 Wall time: 3.86660e+00 sec 
============================================================


============================================================
                 Lowdin orthonormalization
------------------------------------------------------------
 Computing Lowdin matrix                        7.58932e-01
 Rotating orbitals                              1.65535e+00
------------------------------------------------------------
                 Wall time: 2.41437e+00 sec 
============================================================


============================================================
                  Setting up Fock operator
------------------------------------------------------------
 Precision                                      1.00000e-07
------------------------------------------------------------
 Coulomb density                       840      1.34197e+00
 Coulomb potential                     456      5.01259e+01
 Allreduce potential                   456      3.81232e+00
 XC alpha density                     1128      1.61929e+00
 XC beta density                      1128      1.37806e+00
 XC evaluate xcfun                   10152      3.86296e+01
 XC energy                            1128      1.73864e-04
 XC potential                         2256      1.30112e+00
------------------------------------------------------------
                 Wall time: 9.90356e+01 sec 
============================================================


============================================================
                  Calculating Fock matrix
------------------------------------------------------------
 Kinetic part                         5.621766380000000e+00
 Potential part                       2.215521760000000e+01
------------------------------------------------------------
                 Wall time: 2.77771e+01 sec 
============================================================


============================================================
                          Orbitals
------------------------------------------------------------
 Orb    F(i,i)        Error         nNodes  Spin  Occ  Done 
------------------------------------------------------------
  0  -1.40677e+01   2.78656e-06        776    a    1    0
  1  -7.68649e-01   2.48867e-05          0    a    1    0
  2  -3.57876e-01   5.08937e-05          0    a    1    0
  3  -2.91156e-01   7.87990e-05          0    a    1    0
  4  -2.91156e-01   4.26803e-05        552    a    1    0
  5  -1.40304e+01   1.26215e-06          0    b    1    0
  6  -6.74682e-01   2.00462e-04          0    b    1    0
  7  -3.18231e-01   3.73598e-04          0    b    1    0
------------------------------------------------------------
 Total error:                            4.37047e-04    0
============================================================


============================================================
                    Energy                 Update      Done 
------------------------------------------------------------
 Orbital      -3.079991075910853e+01    -1.74974e-05    1
 Kinetic       5.500698567427015e+01    -1.60704e-05    1
 N-E          -1.366237917019621e+02     3.14961e-05    1
 Coulomb       2.996970109372901e+01    -1.83233e-05    1
 Exchange      0.000000000000000e+00     0.00000e+00    1
 X-C          -7.104584346181652e+00     3.02828e-06    1
------------------------------------------------------------
 Electronic   -5.875169890824526e+01    -1.13008e-07    1
 Nuclear       3.574831829934380e+00     0.00000e+00    1
------------------------------------------------------------
 Total        -5.517686707831088e+01    -1.13008e-07    1
============================================================


################ Wall time: 3.89473e+02 sec ################




####################### SCF cycle  6 #######################


============================================================
 Current precision                              1.00000e-07
------------------------------------------------------------
 Orbital threshold                              1.00000e-06
 Property threshold                            -1.00000e+00
============================================================


============================================================
                   Calculating SCF energy
------------------------------------------------------------
 Nuclear energy                       3.574831829934380e+00
 Electronic energy                   -5.875169897261769e+01
------------------------------------------------------------
 Total energy                        -5.517686714268331e+01
------------------------------------------------------------
                 Wall time: 2.30016e+01 sec 
============================================================


============================================================
                Rotating Helmholtz argument
------------------------------------------------------------
 Rotating orbitals                              1.46263e+00
------------------------------------------------------------
                 Wall time: 1.46272e+00 sec 
============================================================


============================================================
                Applying Helmholtz operators
------------------------------------------------------------
 Orb    RealNorm   Nodes     ImagNorm   Nodes     Timing
------------------------------------------------------------
  0    1.00000e+00   776    0.00000e+00     0   9.65730e+01
  4    1.00000e+00   552    0.00000e+00     0   7.01021e+01
------------------------------------------------------------
                 Wall time: 1.66682e+02 sec 
============================================================


============================================================
                 Lowdin orthonormalization
------------------------------------------------------------
 Computing Lowdin matrix                        6.97115e+01
 Rotating orbitals                              1.27707e+00
------------------------------------------------------------
                 Wall time: 7.09887e+01 sec 
============================================================


============================================================
               Iterative subspace accelerator
------------------------------------------------------------
 Push back orbitals                             1.44661e-01
 Setup linear system                            1.59474e+00
 Solve linear system                            1.06370e-05
 Expand solution                                2.11072e+00
------------------------------------------------------------
                 Wall time: 3.85028e+00 sec 
============================================================


============================================================
                 Lowdin orthonormalization
------------------------------------------------------------
 Computing Lowdin matrix                        9.01569e-01
 Rotating orbitals                              1.78335e+00
------------------------------------------------------------
                 Wall time: 2.68500e+00 sec 
============================================================


============================================================
                  Setting up Fock operator
------------------------------------------------------------
 Precision                                      1.00000e-07
------------------------------------------------------------
 Coulomb density                       840      1.30980e+00
 Coulomb potential                     456      5.15827e+01
 Allreduce potential                   456      1.40128e-01
 XC alpha density                     1128      1.68111e+00
 XC beta density                      1128      1.40188e+00
 XC evaluate xcfun                   10152      3.82945e+01
 XC energy                            1128      1.66041e-04
 XC potential                         2256      1.30232e+00
------------------------------------------------------------
                 Wall time: 9.65575e+01 sec 
============================================================


============================================================
                  Calculating Fock matrix
------------------------------------------------------------
 Kinetic part                         6.035507278000000e+00
 Potential part                       2.198618962000000e+01
------------------------------------------------------------
                 Wall time: 2.80218e+01 sec 
============================================================


============================================================
                          Orbitals
------------------------------------------------------------
 Orb    F(i,i)        Error         nNodes  Spin  Occ  Done 
------------------------------------------------------------
  0  -1.40677e+01   8.88848e-07        776    a    1    1
  1  -7.68654e-01   8.23600e-06          0    a    1    0
  2  -3.57881e-01   7.26589e-06          0    a    1    0
  3  -2.91161e-01   1.81696e-05          0    a    1    0
  4  -2.91160e-01   8.63869e-06        552    a    1    0
  5  -1.40304e+01   5.20599e-07          0    b    1    1
  6  -6.74687e-01   1.11733e-05          0    b    1    0
  7  -3.18235e-01   1.03836e-04          0    b    1    0
------------------------------------------------------------
 Total error:                            1.06927e-04    0
============================================================


============================================================
                    Energy                 Update      Done 
------------------------------------------------------------
 Orbital      -3.079986664232071e+01     4.41168e-05    1
 Kinetic       5.500702402977662e+01     3.83555e-05    1
 N-E          -1.366238692013296e+02    -7.74994e-05    1
 Coulomb       2.996974742494437e+01     4.63312e-05    1
 Exchange      0.000000000000000e+00     0.00000e+00    1
 X-C          -7.104591335904917e+00    -6.98972e-06    1
------------------------------------------------------------
 Electronic   -5.875169897261769e+01    -6.43724e-08    1
 Nuclear       3.574831829934380e+00     0.00000e+00    1
------------------------------------------------------------
 Total        -5.517686714268331e+01    -6.43724e-08    1
============================================================


################ Wall time: 3.93704e+02 sec ################




####################### SCF cycle  7 #######################


============================================================
 Current precision                              1.00000e-07
------------------------------------------------------------
 Orbital threshold                              1.00000e-06
 Property threshold                            -1.00000e+00
============================================================


============================================================
                   Calculating SCF energy
------------------------------------------------------------
 Nuclear energy                       3.574831829934380e+00
 Electronic energy                   -5.875169898248346e+01
------------------------------------------------------------
 Total energy                        -5.517686715254908e+01
------------------------------------------------------------
                 Wall time: 2.24642e+01 sec 
============================================================


============================================================
                Rotating Helmholtz argument
------------------------------------------------------------
 Rotating orbitals                              1.43015e+00
------------------------------------------------------------
                 Wall time: 1.43025e+00 sec 
============================================================


============================================================
                Applying Helmholtz operators
------------------------------------------------------------
 Orb    RealNorm   Nodes     ImagNorm   Nodes     Timing
------------------------------------------------------------
  0    1.00000e+00   776    0.00000e+00     0   9.77543e+01
  4    9.99999e-01   552    0.00000e+00     0   6.77046e+01
------------------------------------------------------------
                 Wall time: 1.65462e+02 sec 
============================================================


============================================================
                 Lowdin orthonormalization
------------------------------------------------------------
 Computing Lowdin matrix                        6.98521e+01
 Rotating orbitals                              1.25491e+00
------------------------------------------------------------
                 Wall time: 7.11071e+01 sec 
============================================================


============================================================
               Iterative subspace accelerator
------------------------------------------------------------
 Push back orbitals                             1.73703e-01
 Setup linear system                            1.59932e+00
 Solve linear system                            1.06590e-05
 Expand solution                                2.26379e+00
------------------------------------------------------------
                 Wall time: 4.03696e+00 sec 
============================================================


============================================================
                 Lowdin orthonormalization
------------------------------------------------------------
 Computing Lowdin matrix                        7.12503e-01
 Rotating orbitals                              1.62209e+00
------------------------------------------------------------
                 Wall time: 2.33468e+00 sec 
============================================================


============================================================
                  Setting up Fock operator
------------------------------------------------------------
 Precision                                      1.00000e-07
------------------------------------------------------------
 Coulomb density                       840      1.40316e+00
 Coulomb potential                     456      5.17603e+01
 Allreduce potential                   456      6.22957e-01
 XC alpha density                     1128      1.75816e+00
 XC beta density                      1128      1.39037e+00
 XC evaluate xcfun                   10152      3.78567e+01
 XC energy                            1128      1.64764e-04
 XC potential                         2256      1.30985e+00
------------------------------------------------------------
                 Wall time: 9.69385e+01 sec 
============================================================


============================================================
                  Calculating Fock matrix
------------------------------------------------------------
 Kinetic part                         6.605519007000000e+00
 Potential part                       2.219295196900000e+01
------------------------------------------------------------
                 Wall time: 2.87986e+01 sec 
============================================================


============================================================
                          Orbitals
------------------------------------------------------------
 Orb    F(i,i)        Error         nNodes  Spin  Occ  Done 
------------------------------------------------------------
  0  -1.40677e+01   1.28536e-06        776    a    1    0
  1  -7.68646e-01   1.54314e-05          0    a    1    0
  2  -3.57873e-01   1.09498e-05          0    a    1    0
  3  -2.91153e-01   3.04939e-05          0    a    1    0
  4  -2.91152e-01   9.63090e-06        552    a    1    0
  5  -1.40304e+01   6.57751e-07          0    b    1    1
  6  -6.74679e-01   4.00588e-05          0    b    1    0
  7  -3.18228e-01   1.99103e-04          0    b    1    0
------------------------------------------------------------
 Total error:                            2.06469e-04    0
============================================================


============================================================
                    Energy                 Update      Done 
------------------------------------------------------------
 Orbital      -3.079991695220875e+01    -5.03099e-05    1
 Kinetic       5.500697739936684e+01    -4.66304e-05    1
 N-E          -1.366237777356284e+02     9.14657e-05    1
 Coulomb       2.996969469549600e+01    -5.27294e-05    1
 Exchange      0.000000000000000e+00     0.00000e+00    1
 X-C          -7.104583415150548e+00     7.92075e-06    1
------------------------------------------------------------
 Electronic   -5.875169898248346e+01    -9.86577e-09    1
 Nuclear       3.574831829934380e+00     0.00000e+00    1
------------------------------------------------------------
 Total        -5.517686715254908e+01    -9.86577e-09    1
============================================================


################ Wall time: 3.93028e+02 sec ################




####################### SCF cycle  8 #######################


============================================================
 Current precision                              1.00000e-07
------------------------------------------------------------
 Orbital threshold                              1.00000e-06
 Property threshold                            -1.00000e+00
============================================================


============================================================
                   Calculating SCF energy
------------------------------------------------------------
 Nuclear energy                       3.574831829934380e+00
 Electronic energy                   -5.875169899815826e+01
------------------------------------------------------------
 Total energy                        -5.517686716822388e+01
------------------------------------------------------------
                 Wall time: 2.24298e+01 sec 
============================================================


============================================================
                Rotating Helmholtz argument
------------------------------------------------------------
 Rotating orbitals                              1.45788e+00
------------------------------------------------------------
                 Wall time: 1.45798e+00 sec 
============================================================


============================================================
                Applying Helmholtz operators
------------------------------------------------------------
 Orb    RealNorm   Nodes     ImagNorm   Nodes     Timing
------------------------------------------------------------
  0    1.00000e+00   776    0.00000e+00     0   9.70512e+01
  4    1.00000e+00   552    0.00000e+00     0   6.81402e+01
------------------------------------------------------------
                 Wall time: 1.65199e+02 sec 
============================================================


============================================================
                 Lowdin orthonormalization
------------------------------------------------------------
 Computing Lowdin matrix                        7.50447e+01
 Rotating orbitals                              1.30954e+00
------------------------------------------------------------
                 Wall time: 7.63543e+01 sec 
============================================================


============================================================
               Iterative subspace accelerator
------------------------------------------------------------
 Push back orbitals                             1.73609e-01
 Setup linear system                            1.62082e+00
 Solve linear system                            1.10530e-05
 Expand solution                                2.30793e+00
------------------------------------------------------------
                 Wall time: 4.10251e+00 sec 
============================================================


============================================================
                 Lowdin orthonormalization
------------------------------------------------------------
 Computing Lowdin matrix                        7.74981e-01
 Rotating orbitals                              1.64213e+00
------------------------------------------------------------
                 Wall time: 2.41719e+00 sec 
============================================================


============================================================
                  Setting up Fock operator
------------------------------------------------------------
 Precision                                      1.00000e-07
------------------------------------------------------------
 Coulomb density                       840      1.41131e+00
 Coulomb potential                     456      5.03520e+01
 Allreduce potential                   456      2.52449e+00
 XC alpha density                     1128      1.68381e+00
 XC beta density                      1128      1.39332e+00
 XC evaluate xcfun                   10152      3.84315e+01
 XC energy                            1128      1.74968e-04
 XC potential                         2256      1.31824e+00
------------------------------------------------------------
                 Wall time: 9.79404e+01 sec 
============================================================


============================================================
                  Calculating Fock matrix
------------------------------------------------------------
 Kinetic part                         5.942123148000000e+00
 Potential part                       2.261179951500000e+01
------------------------------------------------------------
                 Wall time: 2.85541e+01 sec 
============================================================


============================================================
                          Orbitals
------------------------------------------------------------
 Orb    F(i,i)        Error         nNodes  Spin  Occ  Done 
------------------------------------------------------------
  0  -1.40677e+01   5.43781e-07        776    a    1    1
  1  -7.68654e-01   7.35794e-06          0    a    1    0
  2  -3.57881e-01   8.47304e-06          0    a    1    0
  3  -2.91162e-01   2.48151e-05          0    a    1    0
  4  -2.91161e-01   7.27194e-06        552    a    1    0
  5  -1.40304e+01   2.62055e-07          0    b    1    1
  6  -6.74687e-01   5.88020e-05          0    b    1    0
  7  -3.18236e-01   1.05264e-04          0    b    1    0
------------------------------------------------------------
 Total error:                            1.23827e-04    0
============================================================


============================================================
                    Energy                 Update      Done 
------------------------------------------------------------
 Orbital      -3.079983244689312e+01     8.45053e-05    1
 Kinetic       5.500705652788068e+01     7.91285e-05    1
 N-E          -1.366239318419233e+02    -1.54106e-04    1
 Coulomb       2.996978342645775e+01     8.87310e-05    1
 Exchange      0.000000000000000e+00     0.00000e+00    1
 X-C          -7.104597142544737e+00    -1.37274e-05    1
------------------------------------------------------------
 Electronic   -5.875169899815826e+01    -1.56748e-08    1
 Nuclear       3.574831829934380e+00     0.00000e+00    1
------------------------------------------------------------
 Total        -5.517686716822388e+01    -1.56748e-08    1
============================================================


################ Wall time: 3.98893e+02 sec ################




####################### SCF cycle  9 #######################


============================================================
 Current precision                              1.00000e-07
------------------------------------------------------------
 Orbital threshold                              1.00000e-06
 Property threshold                            -1.00000e+00
============================================================


============================================================
                   Calculating SCF energy
------------------------------------------------------------
 Nuclear energy                       3.574831829934380e+00
 Electronic energy                   -5.875169900350081e+01
------------------------------------------------------------
 Total energy                        -5.517686717356643e+01
------------------------------------------------------------
                 Wall time: 2.28097e+01 sec 
============================================================


============================================================
                Rotating Helmholtz argument
------------------------------------------------------------
 Rotating orbitals                              1.46543e+00
------------------------------------------------------------
                 Wall time: 1.46552e+00 sec 
============================================================


============================================================
                Applying Helmholtz operators
------------------------------------------------------------
 Orb    RealNorm   Nodes     ImagNorm   Nodes     Timing
------------------------------------------------------------
  0    1.00000e+00   776    0.00000e+00     0   9.82913e+01
  4    9.99999e-01   552    0.00000e+00     0   6.93697e+01
------------------------------------------------------------
                 Wall time: 1.67670e+02 sec 
============================================================


============================================================
                 Lowdin orthonormalization
------------------------------------------------------------
 Computing Lowdin matrix                        8.04203e+01
 Rotating orbitals                              1.30083e+00
------------------------------------------------------------
                 Wall time: 8.17212e+01 sec 
============================================================


============================================================
               Iterative subspace accelerator
------------------------------------------------------------
 Push back orbitals                             1.62577e-01
 Setup linear system                            1.60386e+00
 Solve linear system                            1.07410e-05
 Expand solution                                2.32650e+00
------------------------------------------------------------
                 Wall time: 4.09310e+00 sec 
============================================================


============================================================
                 Lowdin orthonormalization
------------------------------------------------------------
 Computing Lowdin matrix                        7.65922e-01
 Rotating orbitals                              1.66570e+00
------------------------------------------------------------
                 Wall time: 2.43171e+00 sec 
============================================================


============================================================
                  Setting up Fock operator
------------------------------------------------------------
 Precision                                      1.00000e-07
------------------------------------------------------------
 Coulomb density                       840      1.35070e+00
 Coulomb potential                     456      5.06380e+01
 Allreduce potential                   456      2.04442e+00
 XC alpha density                     1128      1.75757e+00
 XC beta density                      1128      1.49224e+00
 XC evaluate xcfun                   10152      3.85644e+01
 XC energy                            1128      1.69334e-04
 XC potential                         2256      1.30294e+00
------------------------------------------------------------
                 Wall time: 9.79772e+01 sec 
============================================================


============================================================
                  Calculating Fock matrix
------------------------------------------------------------
 Kinetic part                         6.195461590000000e+00
 Potential part                       2.248694671600000e+01
------------------------------------------------------------
                 Wall time: 2.86825e+01 sec 
============================================================


============================================================
                          Orbitals
------------------------------------------------------------
 Orb    F(i,i)        Error         nNodes  Spin  Occ  Done 
------------------------------------------------------------
  0  -1.40677e+01   4.13302e-07        776    a    1    1
  1  -7.68652e-01   7.05305e-06          0    a    1    0
  2  -3.57879e-01   3.06093e-06          0    a    1    0
  3  -2.91159e-01   1.14398e-05          0    a    1    0
  4  -2.91158e-01   4.65311e-06        552    a    1    0
  5  -1.40304e+01   2.67766e-07          0    b    1    1
  6  -6.74685e-01   2.92399e-05          0    b    1    0
  7  -3.18233e-01   5.83484e-06          0    b    1    0
------------------------------------------------------------
 Total error:                            3.31797e-05    0
============================================================


============================================================
                    Energy                 Update      Done 
------------------------------------------------------------
 Orbital      -3.079992073664702e+01    -8.82898e-05    1
 Kinetic       5.500697498618251e+01    -8.15417e-05    1
 N-E          -1.366237717519546e+02     1.60090e-04    1
 Coulomb       2.996969084208471e+01    -9.25844e-05    1
 Exchange      0.000000000000000e+00     0.00000e+00    1
 X-C          -7.104583110193694e+00     1.40324e-05    1
------------------------------------------------------------
 Electronic   -5.875169900350081e+01    -5.34255e-09    1
 Nuclear       3.574831829934380e+00     0.00000e+00    1
------------------------------------------------------------
 Total        -5.517686717356643e+01    -5.34255e-09    1
============================================================


################ Wall time: 4.07288e+02 sec ################




####################### SCF cycle 10 #######################


============================================================
 Current precision                              1.00000e-07
------------------------------------------------------------
 Orbital threshold                              1.00000e-06
 Property threshold                            -1.00000e+00
============================================================


============================================================
                   Calculating SCF energy
------------------------------------------------------------
 Nuclear energy                       3.574831829934380e+00
 Electronic energy                   -5.875169900507794e+01
------------------------------------------------------------
 Total energy                        -5.517686717514356e+01
------------------------------------------------------------
                 Wall time: 2.30375e+01 sec 
============================================================


============================================================
                Rotating Helmholtz argument
------------------------------------------------------------
 Rotating orbitals                              1.46595e+00
------------------------------------------------------------
                 Wall time: 1.46604e+00 sec 
============================================================


============================================================
                Applying Helmholtz operators
------------------------------------------------------------
 Orb    RealNorm   Nodes     ImagNorm   Nodes     Timing
------------------------------------------------------------
  0    1.00000e+00   776    0.00000e+00     0   9.88712e+01
  4    1.00000e+00   552    0.00000e+00     0   7.15825e+01
------------------------------------------------------------
                 Wall time: 1.70462e+02 sec 
============================================================


============================================================
                 Lowdin orthonormalization
------------------------------------------------------------
 Computing Lowdin matrix                        6.86097e+01
 Rotating orbitals                              1.27736e+00
------------------------------------------------------------
                 Wall time: 6.98872e+01 sec 
============================================================


============================================================
               Iterative subspace accelerator
------------------------------------------------------------
 Push back orbitals                             1.27976e-01
 Setup linear system                            1.57596e+00
 Solve linear system                            1.05720e-05
 Expand solution                                2.32048e+00
------------------------------------------------------------
                 Wall time: 4.02457e+00 sec 
============================================================


============================================================
                 Lowdin orthonormalization
------------------------------------------------------------
 Computing Lowdin matrix                        7.78583e-01
 Rotating orbitals                              1.61995e+00
------------------------------------------------------------
                 Wall time: 2.39861e+00 sec 
============================================================


============================================================
                  Setting up Fock operator
------------------------------------------------------------
 Precision                                      1.00000e-07
------------------------------------------------------------
 Coulomb density                       840      1.32371e+00
 Coulomb potential                     456      5.18815e+01
 Allreduce potential                   456      2.21797e+00
 XC alpha density                     1128      1.66837e+00
 XC beta density                      1128      1.36173e+00
 XC evaluate xcfun                   10152      3.83621e+01
 XC energy                            1128      1.60065e-04
 XC potential                         2256      1.32611e+00
------------------------------------------------------------
                 Wall time: 9.89726e+01 sec 
============================================================


============================================================
                  Calculating Fock matrix
------------------------------------------------------------
 Kinetic part                         6.174192487000000e+00
 Potential part                       2.252502635800000e+01
------------------------------------------------------------
                 Wall time: 2.86993e+01 sec 
============================================================


============================================================
                          Orbitals
------------------------------------------------------------
 Orb    F(i,i)        Error         nNodes  Spin  Occ  Done 
------------------------------------------------------------
  0  -1.40677e+01   1.34021e-07        776    a    1    1
  1  -7.68652e-01   4.31765e-06          0    a    1    0
  2  -3.57879e-01   7.28642e-07          0    a    1    1
  3  -2.91159e-01   3.21179e-06          0    a    1    0
  4  -2.91159e-01   1.06346e-06        552    a    1    0
  5  -1.40304e+01   9.14361e-08          0    b    1    1
  6  -6.74685e-01   2.91226e-06          0    b    1    0
  7  -3.18233e-01   1.31602e-05          0    b    1    0
------------------------------------------------------------
 Total error:                            1.45711e-05    0
============================================================


============================================================
                    Energy                 Update      Done 
------------------------------------------------------------
 Orbital      -3.079989492111983e+01     2.58155e-05    1
 Kinetic       5.500699882940895e+01     2.38432e-05    1
 N-E          -1.366238186199584e+02    -4.68680e-05    1
 Coulomb       2.996971790353192e+01     2.70614e-05    1
 Exchange      0.000000000000000e+00     0.00000e+00    1
 X-C          -7.104587160445123e+00    -4.05025e-06    1
------------------------------------------------------------
 Electronic   -5.875169900507794e+01    -1.57713e-09    1
 Nuclear       3.574831829934380e+00     0.00000e+00    1
------------------------------------------------------------
 Total        -5.517686717514356e+01    -1.57713e-09    1
============================================================


################ Wall time: 3.99395e+02 sec ################




####################### SCF cycle 11 #######################


============================================================
 Current precision                              1.00000e-07
------------------------------------------------------------
 Orbital threshold                              1.00000e-06
 Property threshold                            -1.00000e+00
============================================================


============================================================
                   Calculating SCF energy
------------------------------------------------------------
 Nuclear energy                       3.574831829934380e+00
 Electronic energy                   -5.875169900529905e+01
------------------------------------------------------------
 Total energy                        -5.517686717536467e+01
------------------------------------------------------------
                 Wall time: 2.30366e+01 sec 
============================================================


============================================================
                Rotating Helmholtz argument
------------------------------------------------------------
 Rotating orbitals                              1.46766e+00
------------------------------------------------------------
                 Wall time: 1.46776e+00 sec 
============================================================


============================================================
                Applying Helmholtz operators
------------------------------------------------------------
 Orb    RealNorm   Nodes     ImagNorm   Nodes     Timing
------------------------------------------------------------
  0    1.00000e+00   776    0.00000e+00     0   9.86737e+01
  4    1.00000e+00   552    0.00000e+00     0   7.13276e+01
------------------------------------------------------------
                 Wall time: 1.70013e+02 sec 
============================================================


============================================================
                 Lowdin orthonormalization
------------------------------------------------------------
 Computing Lowdin matrix                        7.43869e+01
 Rotating orbitals                              1.23528e+00
------------------------------------------------------------
                 Wall time: 7.56223e+01 sec 
============================================================


============================================================
               Iterative subspace accelerator
------------------------------------------------------------
 Push back orbitals                             1.46952e-01
 Setup linear system                            1.58629e+00
 Solve linear system                            1.08800e-05
 Expand solution                                2.23587e+00
------------------------------------------------------------
                 Wall time: 3.96926e+00 sec 
============================================================


============================================================
                 Lowdin orthonormalization
------------------------------------------------------------
 Computing Lowdin matrix                        7.55971e-01
 Rotating orbitals                              1.49998e+00
------------------------------------------------------------
                 Wall time: 2.25602e+00 sec 
============================================================


============================================================
                  Setting up Fock operator
------------------------------------------------------------
 Precision                                      1.00000e-07
------------------------------------------------------------
 Coulomb density                       840      1.30884e+00
 Coulomb potential                     456      5.06499e+01
 Allreduce potential                   456      3.04230e+00
 XC alpha density                     1128      1.70415e+00
 XC beta density                      1128      1.38226e+00
 XC evaluate xcfun                   10152      3.80991e+01
 XC energy                            1128      1.72492e-04
 XC potential                         2256      1.31918e+00
------------------------------------------------------------
                 Wall time: 9.83446e+01 sec 
============================================================


============================================================
                  Calculating Fock matrix
------------------------------------------------------------
 Kinetic part                         6.562450880000000e+00
 Potential part                       2.244844575400000e+01
------------------------------------------------------------
                 Wall time: 2.90110e+01 sec 
============================================================


============================================================
                          Orbitals
------------------------------------------------------------
 Orb    F(i,i)        Error         nNodes  Spin  Occ  Done 
------------------------------------------------------------
  0  -1.40677e+01   2.72808e-08        776    a    1    1
  1  -7.68652e-01   1.94519e-06          0    a    1    0
  2  -3.57879e-01   4.81982e-07          0    a    1    1
  3  -2.91159e-01   1.51119e-06          0    a    1    0
  4  -2.91158e-01   1.89676e-07        552    a    1    1
  5  -1.40304e+01   3.08159e-08          0    b    1    1
  6  -6.74685e-01   9.84167e-07          0    b    1    1
  7  -3.18233e-01   5.58605e-06          0    b    1    0
------------------------------------------------------------
 Total error:                            6.20564e-06    0
============================================================


============================================================
                    Energy                 Update      Done 
------------------------------------------------------------
 Orbital      -3.079989742280915e+01    -2.50169e-06    1
 Kinetic       5.500699631144890e+01    -2.51796e-06    1
 N-E          -1.366238139207650e+02     4.69919e-06    1
 Coulomb       2.996971526280036e+01    -2.64073e-06    1
 Exchange      0.000000000000000e+00     0.00000e+00    1
 X-C          -7.104586705041216e+00     4.55404e-07    1
------------------------------------------------------------
 Electronic   -5.875169900529905e+01    -2.21114e-10    1
 Nuclear       3.574831829934380e+00     0.00000e+00    1
------------------------------------------------------------
 Total        -5.517686717536467e+01    -2.21114e-10    1
============================================================


################ Wall time: 4.04150e+02 sec ################




####################### SCF cycle 12 #######################


============================================================
 Current precision                              1.00000e-07
------------------------------------------------------------
 Orbital threshold                              1.00000e-06
 Property threshold                            -1.00000e+00
============================================================


============================================================
                   Calculating SCF energy
------------------------------------------------------------
 Nuclear energy                       3.574831829934380e+00
 Electronic energy                   -5.875169900532660e+01
------------------------------------------------------------
 Total energy                        -5.517686717539222e+01
------------------------------------------------------------
                 Wall time: 2.27204e+01 sec 
============================================================


============================================================
                Rotating Helmholtz argument
------------------------------------------------------------
 Rotating orbitals                              1.45763e+00
------------------------------------------------------------
                 Wall time: 1.45773e+00 sec 
============================================================


============================================================
                Applying Helmholtz operators
------------------------------------------------------------
 Orb    RealNorm   Nodes     ImagNorm   Nodes     Timing
------------------------------------------------------------
  0    1.00000e+00   776    0.00000e+00     0   9.83996e+01
  4    1.00000e+00   552    0.00000e+00     0   7.12222e+01
------------------------------------------------------------
                 Wall time: 1.69631e+02 sec 
============================================================


============================================================
                 Lowdin orthonormalization
------------------------------------------------------------
 Computing Lowdin matrix                        7.27786e+01
 Rotating orbitals                              1.24486e+00
------------------------------------------------------------
                 Wall time: 7.40235e+01 sec 
============================================================


============================================================
               Iterative subspace accelerator
------------------------------------------------------------
 Push back orbitals                             1.70410e-01
 Setup linear system                            1.62717e+00
 Solve linear system                            1.08340e-05
 Expand solution                                2.08222e+00
------------------------------------------------------------
                 Wall time: 3.87996e+00 sec 
============================================================


============================================================
                 Lowdin orthonormalization
------------------------------------------------------------
 Computing Lowdin matrix                        7.78117e-01
 Rotating orbitals                              1.39231e+00
------------------------------------------------------------
                 Wall time: 2.17050e+00 sec 
============================================================


============================================================
                  Setting up Fock operator
------------------------------------------------------------
 Precision                                      1.00000e-07
------------------------------------------------------------
 Coulomb density                       840      1.37145e+00
 Coulomb potential                     456      5.14786e+01
 Allreduce potential                   456      2.77838e+00
 XC alpha density                     1128      1.70929e+00
 XC beta density                      1128      1.41432e+00
 XC evaluate xcfun                   10152      3.83177e+01
 XC energy                            1128      1.78213e-04
 XC potential                         2256      1.31892e+00
------------------------------------------------------------
                 Wall time: 9.92134e+01 sec 
============================================================


============================================================
                  Calculating Fock matrix
------------------------------------------------------------
 Kinetic part                         6.352629012000000e+00
 Potential part                       2.238122546500000e+01
------------------------------------------------------------
                 Wall time: 2.87340e+01 sec 
============================================================


============================================================
                          Orbitals
------------------------------------------------------------
 Orb    F(i,i)        Error         nNodes  Spin  Occ  Done 
------------------------------------------------------------
  0  -1.40677e+01   5.14717e-09        776    a    1    1
  1  -7.68652e-01   3.71427e-07          0    a    1    1
  2  -3.57879e-01   1.95832e-07          0    a    1    1
  3  -2.91159e-01   4.83411e-07          0    a    1    1
  4  -2.91158e-01   1.43470e-07        552    a    1    1
  5  -1.40304e+01   5.47232e-09          0    b    1    1
  6  -6.74685e-01   5.56426e-07          0    b    1    1
  7  -3.18233e-01   1.61326e-07          0    b    1    1
------------------------------------------------------------
 Total error:                            8.75369e-07    1
============================================================


============================================================
                    Energy                 Update      Done 
------------------------------------------------------------
 Orbital      -3.079989579995470e+01     1.62285e-06    1
 Kinetic       5.500699767860559e+01     1.36716e-06    1
 N-E          -1.366238167539007e+02    -2.83314e-06    1
 Coulomb       2.996971695541751e+01     1.69262e-06    1
 Exchange      0.000000000000000e+00     0.00000e+00    1
 X-C          -7.104586932576510e+00    -2.27535e-07    1
------------------------------------------------------------
 Electronic   -5.875169900532660e+01    -2.75477e-11    1
 Nuclear       3.574831829934380e+00     0.00000e+00    1
------------------------------------------------------------
 Total        -5.517686717539222e+01    -2.75477e-11    1
============================================================


################ Wall time: 4.02235e+02 sec ################


============================================================
                      Convergence rate
------------------------------------------------------------
Iter    OrbError       Property                   Update  
------------------------------------------------------------
  1    2.36577e-03    -5.517686219857860e+01   -5.51769e+01
  2    4.72211e-04    -5.517686666063596e+01   -4.46206e-06
  3    2.22149e-04    -5.517686688507159e+01   -2.24436e-07
  4    3.32312e-04    -5.517686696530301e+01   -8.02314e-08
  5    4.37047e-04    -5.517686707831088e+01   -1.13008e-07
  6    1.06927e-04    -5.517686714268331e+01   -6.43724e-08
  7    2.06469e-04    -5.517686715254908e+01   -9.86577e-09
  8    1.23827e-04    -5.517686716822388e+01   -1.56748e-08
  9    3.31797e-05    -5.517686717356643e+01   -5.34255e-09
 10    1.45711e-05    -5.517686717514356e+01   -1.57713e-09
 11    6.20564e-06    -5.517686717536467e+01   -2.21114e-10
 12    8.75369e-07    -5.517686717539222e+01   -2.75477e-11
------------------------------------------------------------
                      SCF converged!!!                      
============================================================


============================================================
                  Digonalizing Fock matrix
------------------------------------------------------------
 Computing Lowdin matrix                        3.53814e-01
 Diagonalizing matrix                           1.50120e-05
 Rotating orbitals                              1.38927e+00
------------------------------------------------------------
                 Wall time: 1.74319e+00 sec 
============================================================


============================================================
                  Setting up Fock operator
------------------------------------------------------------
 Precision                                      1.00000e-07
------------------------------------------------------------
 Coulomb density                       840      1.36509e+00
 Coulomb potential                     456      4.71164e+01
 Allreduce potential                   456      1.84613e-01
 XC alpha density                     1128      1.69276e+00
 XC beta density                      1128      1.48424e+00
 XC evaluate xcfun                   10152      3.77063e+01
 XC energy                            1128      1.57279e-04
 XC potential                         2256      1.05898e+00
------------------------------------------------------------
                 Wall time: 9.13997e+01 sec 
============================================================


============================================================
                   Calculating SCF energy
------------------------------------------------------------
------------------------------------------------------------
                 Wall time: 2.40415e+01 sec 
============================================================


============================================================
                 Calculating dipole moment
------------------------------------------------------------
------------------------------------------------------------
                 Wall time: 8.58227e+00 sec 
============================================================


============================================================
                        Fock matrix
------------------------------------------------------------
-1.40677e+01  0.00000e+00  0.00000e+00  0.00000e+00  0.00000e+00  0.00000e+00  0.00000e+00  0.00000e+00
 0.00000e+00 -7.68652e-01  0.00000e+00  0.00000e+00  0.00000e+00  0.00000e+00  0.00000e+00  0.00000e+00
 0.00000e+00  0.00000e+00 -3.57879e-01  0.00000e+00  0.00000e+00  0.00000e+00  0.00000e+00  0.00000e+00
 0.00000e+00  0.00000e+00  0.00000e+00 -2.91159e-01  0.00000e+00  0.00000e+00  0.00000e+00  0.00000e+00
 0.00000e+00  0.00000e+00  0.00000e+00  0.00000e+00 -2.91158e-01  0.00000e+00  0.00000e+00  0.00000e+00
 0.00000e+00  0.00000e+00  0.00000e+00  0.00000e+00  0.00000e+00 -1.40304e+01  0.00000e+00  0.00000e+00
 0.00000e+00  0.00000e+00  0.00000e+00  0.00000e+00  0.00000e+00  0.00000e+00 -6.74685e-01  0.00000e+00
 0.00000e+00  0.00000e+00  0.00000e+00  0.00000e+00  0.00000e+00  0.00000e+00  0.00000e+00 -3.18233e-01
============================================================


============================================================
                      Orbital energies
------------------------------------------------------------
    n  spin  occ                            epsilon  
------------------------------------------------------------
    0    a    1                      -1.406769556698258e+01
    1    a    1                      -1.403043420519712e+01
    2    a    1                      -7.686519210297797e-01
    3    a    1                      -6.746849914974755e-01
    4    a    1                      -3.578792760794155e-01
    5    b    1                      -3.182334686181786e-01
    6    b    1                      -2.911591941794378e-01
    7    b    1                      -2.911584994774664e-01
============================================================


============================================================
                          Molecule
------------------------------------------------------------
 Nr  Element             x             y             z      
------------------------------------------------------------
  1     N           0.00000e+00   0.00000e+00   0.00000e+00
  2     H           0.00000e+00   0.00000e+00   1.95813e+00
------------------------------------------------------------
 Center of mass:    0.00000e+00   0.00000e+00   1.31450e-01
============================================================


                                                            
============================================================
                         SCF Energy                         
------------------------------------------------------------
                                                            
 Sum orbital energy:                 -3.079989712306145e+01
 Kinetic energy:                      5.500699639725405e+01
 E-N energy:                         -1.366238143037600e+02
 Coulomb energy:                      2.996971556396847e+01
 Exchange energy:                     0.000000000000000e+00
 X-C energy:                         -7.104586710076168e+00
 El. external field energy:          -9.953144285216697e-06
 Nuc. external field energy:         -5.116154018041915e-15
                                                            
------------------------------------------------------------
                                                            
 Electronic energy:                  -5.875169900575789e+01
 Nuclear energy:                      3.574831829934380e+00
                                                            
------------------------------------------------------------
                                                            
 Total energy       (au)             -5.517686717582350e+01
                    (kJ/mol)         -1.448668438029151e+05
                    (kcal/mol)       -3.462400662258454e+04
                    (eV)             -1.501438978574039e+03
                                                            
============================================================
                                                            

                                                            
============================================================
                         Dipole moment                      
------------------------------------------------------------
                                                            
 Length of vector:   (au)                  5.8306734959e-01
                     (Debye)               1.4820092383e+00
                                                            
-------------------------- Total ---------------------------
                                                            
 [-9.9531442903e-03, -4.2836907455e-12,  5.8298239174e-01] 
                                                            
------------------------- Nuclear --------------------------
                                                            
 [-5.1161540180e-12, -5.3335934039e-12,  9.0653302104e-01] 
                                                            
------------------------ Electronic ------------------------
                                                            
 [-9.9531442852e-03,  1.0499026584e-12, -3.2355062930e-01] 
                                                            
============================================================
                                                            



************************************************************
***                                                      ***
***                    Exiting MRChem                    ***
***                                                      ***
***               Wall time: 4.942290e+03                ***
***                                                      ***
************************************************************


