


************************************************************
***     __  __ ____   ____ _                             ***
***    |  \/  |  _ \ / ___| |__   ___ _ __ ___           ***
***    | |\/| | |_) | |   | '_ \ / _ \ '_ ` _ \          ***
***    | |  | |  _ <| |___| | | |  __/ | | | | |         ***
***    |_|  |_|_| \_\\____|_| |_|\___|_| |_| |_|         ***
***                                                      ***
***    VERSION 0.0.1 (rev. 1c6f79f)                     ***
***                                                      ***
***    Stig Rune Jensen <stig.r.jensen@uit.no>           ***
***    Luca Frediani    <luca.frediani@uit.no>           ***
***    Peter Wind       <peter.wind@uit.no>              ***
***                                                      ***
************************************************************


+++ Parallel execution: 
  MPI hosts available     : 4
  Threads/host            : 2
  Total used CPUs         : 8


------------------------------------------------------------

 MRCPP version   : X.Y.Z
 Git revision    : bbc2aed

 Linear algebra  : EIGEN
 Parallelization : MPI/OpenMP

------------------------------------------------------------




============================================================
                  MultiResolution Analysis                  
------------------------------------------------------------
 polynomial order = 11
 polynomial type  = Interpolating
------------------------------------------------------------
 total boxes      = 8
 boxes            = [           2           2           2 ]
 unit lengths     = [    32.00000    32.00000    32.00000 ]
 scaling factor   = [     1.00000     1.00000     1.00000 ]
 lower bounds     = [   -32.00000   -32.00000   -32.00000 ]
 upper bounds     = [    32.00000    32.00000    32.00000 ]
 total length     = [    64.00000    64.00000    64.00000 ]
============================================================


============================================================
                          Molecule
------------------------------------------------------------
 Nr  Element             x             y             z      
------------------------------------------------------------
  1     O           0.00000e+00   0.00000e+00   0.00000e+00
  2     O           0.00000e+00   0.00000e+00   2.28184e+00
------------------------------------------------------------
 Center of mass:    0.00000e+00   0.00000e+00   1.14092e+00
============================================================


============================================================
                Setting up nuclear potential
------------------------------------------------------------
 Nr  Element         Charge        Precision     Smoothing 
------------------------------------------------------------
  1     O           8.00000e+00   1.00000e-07   2.36781e-05
  2     O           8.00000e+00   1.00000e-07   2.36781e-05
------------------------------------------------------------
 Nuclear potential                    1352      1.28523e+00
 Allreduce potential                  2440      9.27054e-01
------------------------------------------------------------
                 Wall time: 2.21242e+00 sec 
============================================================


============================================================
 OrbitalVector:  16 orbitals    16 occupied    16 electrons
------------------------------------------------------------
   n  RankID           Norm          Spin Occ      Error    
------------------------------------------------------------
   0     0       1.000000000000e+00    a   1    1.00000e+00
   1     1      -1.000000000000e+00    a   1    1.00000e+00
   2     2      -1.000000000000e+00    a   1    1.00000e+00
   3     3      -1.000000000000e+00    a   1    1.00000e+00
   4     0       1.000000000000e+00    a   1    1.00000e+00
   5     1      -1.000000000000e+00    a   1    1.00000e+00
   6     2      -1.000000000000e+00    a   1    1.00000e+00
   7     3      -1.000000000000e+00    a   1    1.00000e+00
   8     0       1.000000000000e+00    a   1    1.00000e+00
   9     1      -1.000000000000e+00    b   1    1.00000e+00
  10     2      -1.000000000000e+00    b   1    1.00000e+00
  11     3      -1.000000000000e+00    b   1    1.00000e+00
  12     0       1.000000000000e+00    b   1    1.00000e+00
  13     1      -1.000000000000e+00    b   1    1.00000e+00
  14     2      -1.000000000000e+00    b   1    1.00000e+00
  15     3      -1.000000000000e+00    b   1    1.00000e+00
============================================================


============================================================
                  Setting up Fock operator
------------------------------------------------------------
 Precision                                      1.00000e-07
------------------------------------------------------------
 Coulomb density                      1448      4.19076e+00
 Coulomb potential                     680      6.73208e+01
 Allreduce potential                   648      6.30620e+00
 XC alpha density                     1448      3.61301e+00
 XC beta density                      1448      2.80599e+00
 XC evaluate xcfun                    4344      1.05796e+01
 XC energy                            1448      1.71318e-04
 XC potential                         2896      1.84456e-01
------------------------------------------------------------
                 Wall time: 9.50344e+01 sec 
============================================================


============================================================
                  Calculating Fock matrix
------------------------------------------------------------
 Kinetic part                         1.817893658400000e+01
 Potential part                       3.945576170900000e+01
------------------------------------------------------------
                 Wall time: 5.76348e+01 sec 
============================================================




####################### SCF cycle  1 #######################


============================================================
 Current precision                              1.00000e-07
------------------------------------------------------------
 Orbital threshold                              1.00000e-06
 Property threshold                            -1.00000e+00
============================================================


============================================================
                  Digonalizing Fock matrix
------------------------------------------------------------
 Computing Lowdin matrix                        1.02591e+00
 Diagonalizing matrix                           3.88020e-05
 Rotating orbitals                              4.00638e+00
------------------------------------------------------------
                 Wall time: 5.03242e+00 sec 
============================================================


============================================================
                   Calculating SCF energy
------------------------------------------------------------
 Nuclear energy                       2.804748979603585e+01
 Electronic energy                   -1.773890719332199e+02
------------------------------------------------------------
 Total energy                        -1.493415821371840e+02
------------------------------------------------------------
                 Wall time: 3.33956e+01 sec 
============================================================


============================================================
                Rotating Helmholtz argument
------------------------------------------------------------
 Rotating orbitals                              1.46678e+00
------------------------------------------------------------
                 Wall time: 1.46686e+00 sec 
============================================================


============================================================
                Applying Helmholtz operators
------------------------------------------------------------
 Orb    RealNorm   Nodes     ImagNorm   Nodes     Timing
------------------------------------------------------------
  0    1.00000e+00  1288    0.00000e+00     0   1.34001e+02
  4    1.00001e+00   968    0.00000e+00     0   1.15601e+02
  8    1.00000e+00   744    0.00000e+00     0   8.65730e+01
 12    1.00000e+00  1064    0.00000e+00     0   1.25538e+02
------------------------------------------------------------
                 Wall time: 4.61744e+02 sec 
============================================================


============================================================
                 Lowdin orthonormalization
------------------------------------------------------------
 Computing Lowdin matrix                        2.05575e+01
 Rotating orbitals                              3.42177e+00
------------------------------------------------------------
                 Wall time: 2.39794e+01 sec 
============================================================


============================================================
               Iterative subspace accelerator
------------------------------------------------------------
 Push back orbitals                             3.61740e-05
 Copy orbitals                                  2.05979e-01
 Copy orbital updates                           2.02034e-01
------------------------------------------------------------
                 Wall time: 4.08170e-01 sec 
============================================================


============================================================
                 Lowdin orthonormalization
------------------------------------------------------------
 Computing Lowdin matrix                        1.01995e+00
 Rotating orbitals                              1.97570e+00
------------------------------------------------------------
                 Wall time: 2.99572e+00 sec 
============================================================


============================================================
                  Setting up Fock operator
------------------------------------------------------------
 Precision                                      1.00000e-07
------------------------------------------------------------
 Coulomb density                      1416      4.29123e+00
 Coulomb potential                     680      7.27099e+01
 Allreduce potential                   648      5.81595e+00
 XC alpha density                     1416      3.52882e+00
 XC beta density                      1416      2.84629e+00
 XC evaluate xcfun                    4248      1.04291e+01
 XC energy                            1416      1.73302e-04
 XC potential                         2832      1.55361e-01
------------------------------------------------------------
                 Wall time: 9.98067e+01 sec 
============================================================


============================================================
                  Calculating Fock matrix
------------------------------------------------------------
 Kinetic part                         1.635525102000000e+01
 Potential part                       3.681110174300000e+01
------------------------------------------------------------
                 Wall time: 5.31665e+01 sec 
============================================================


============================================================
                          Orbitals
------------------------------------------------------------
 Orb    F(i,i)        Error         nNodes  Spin  Occ  Done 
------------------------------------------------------------
  0  -1.87684e+01   3.70091e-06       1224    a    1    0
  1  -1.87683e+01   3.33607e-06          0    a    1    0
  2  -1.21181e+00   1.04996e-04          0    a    1    0
  3  -7.47012e-01   1.57352e-04          0    a    1    0
  4  -5.09880e-01   4.29831e-04        968    a    1    0
  5  -5.05695e-01   4.76928e-04          0    a    1    0
  6  -5.05686e-01   7.90649e-04          0    a    1    0
  7  -2.54984e-01   5.18524e-04          0    a    1    0
  8  -2.54984e-01   9.40177e-04        744    a    1    0
  9  -1.87378e+01   3.47081e-06          0    b    1    0
 10  -1.87377e+01   3.92581e-06          0    b    1    0
 11  -1.16523e+00   1.22798e-04          0    b    1    0
 12  -6.84434e-01   4.81993e-04       1096    b    1    0
 13  -4.67795e-01   4.74169e-04          0    b    1    0
 14  -4.42366e-01   5.58371e-04          0    b    1    0
 15  -4.42364e-01   9.54905e-04          0    b    1    0
------------------------------------------------------------
 Total error:                            1.98036e-03    0
============================================================


============================================================
                    Energy                 Update      Done 
------------------------------------------------------------
 Orbital      -8.220435820207157e+01    -8.22044e+01    1
 Kinetic       1.486042154876483e+02     1.48604e+02    1
 N-E          -4.103287940781772e+02    -4.10329e+02    1
 Coulomb       1.002478296260617e+02     1.00248e+02    1
 Exchange      0.000000000000000e+00     0.00000e+00    1
 X-C          -1.591232296875266e+01    -1.59123e+01    1
------------------------------------------------------------
 Electronic   -1.773890719332199e+02    -1.77389e+02    1
 Nuclear       2.804748979603585e+01     2.80475e+01    1
------------------------------------------------------------
 Total        -1.493415821371840e+02    -1.49342e+02    1
============================================================


################ Wall time: 6.82483e+02 sec ################




####################### SCF cycle  2 #######################


============================================================
 Current precision                              1.00000e-07
------------------------------------------------------------
 Orbital threshold                              1.00000e-06
 Property threshold                            -1.00000e+00
============================================================


============================================================
                  Digonalizing Fock matrix
------------------------------------------------------------
 Computing Lowdin matrix                        9.71679e-01
 Diagonalizing matrix                           3.27760e-05
 Rotating orbitals                              3.68269e+00
------------------------------------------------------------
                 Wall time: 4.65449e+00 sec 
============================================================


============================================================
                   Calculating SCF energy
------------------------------------------------------------
 Nuclear energy                       2.804748979603585e+01
 Electronic energy                   -1.773890760735367e+02
------------------------------------------------------------
 Total energy                        -1.493415862775008e+02
------------------------------------------------------------
                 Wall time: 3.35445e+01 sec 
============================================================


============================================================
                Rotating Helmholtz argument
------------------------------------------------------------
 Rotating orbitals                              1.45601e+00
------------------------------------------------------------
                 Wall time: 1.45609e+00 sec 
============================================================


============================================================
                Applying Helmholtz operators
------------------------------------------------------------
 Orb    RealNorm   Nodes     ImagNorm   Nodes     Timing
------------------------------------------------------------
  0    1.00000e+00  1288    0.00000e+00     0   1.36847e+02
  4    1.00000e+00   968    0.00000e+00     0   1.16182e+02
  8    1.00000e+00   744    0.00000e+00     0   8.87202e+01
 12    1.00000e+00  1064    0.00000e+00     0   1.27042e+02
------------------------------------------------------------
                 Wall time: 4.68817e+02 sec 
============================================================


============================================================
                 Lowdin orthonormalization
------------------------------------------------------------
 Computing Lowdin matrix                        1.78061e+01
 Rotating orbitals                              3.35320e+00
------------------------------------------------------------
                 Wall time: 2.11593e+01 sec 
============================================================


============================================================
               Iterative subspace accelerator
------------------------------------------------------------
 Push back orbitals                             4.30559e-02
 Copy orbitals                                  2.01263e-01
 Copy orbital updates                           2.01003e-01
------------------------------------------------------------
                 Wall time: 4.45446e-01 sec 
============================================================


============================================================
                 Lowdin orthonormalization
------------------------------------------------------------
 Computing Lowdin matrix                        9.64422e-01
 Rotating orbitals                              1.98659e+00
------------------------------------------------------------
                 Wall time: 2.95109e+00 sec 
============================================================


============================================================
                  Setting up Fock operator
------------------------------------------------------------
 Precision                                      1.00000e-07
------------------------------------------------------------
 Coulomb density                      1416      4.20556e+00
 Coulomb potential                     680      7.22078e+01
 Allreduce potential                   648      7.81314e+00
 XC alpha density                     1416      3.41532e+00
 XC beta density                      1416      2.83153e+00
 XC evaluate xcfun                    4248      1.03389e+01
 XC energy                            1416      1.64667e-04
 XC potential                         2832      1.39657e-01
------------------------------------------------------------
                 Wall time: 1.00982e+02 sec 
============================================================


============================================================
                  Calculating Fock matrix
------------------------------------------------------------
 Kinetic part                         1.605508905200000e+01
 Potential part                       3.799528878100000e+01
------------------------------------------------------------
                 Wall time: 5.40505e+01 sec 
============================================================


============================================================
                          Orbitals
------------------------------------------------------------
 Orb    F(i,i)        Error         nNodes  Spin  Occ  Done 
------------------------------------------------------------
  0  -1.87684e+01   1.34832e-06       1224    a    1    0
  1  -1.87683e+01   8.06090e-07          0    a    1    1
  2  -1.21181e+00   4.06222e-05          0    a    1    0
  3  -7.47014e-01   6.41956e-05          0    a    1    0
  4  -5.09882e-01   6.08902e-05        968    a    1    0
  5  -5.05696e-01   3.87795e-05          0    a    1    0
  6  -5.05687e-01   1.18499e-04          0    a    1    0
  7  -2.54986e-01   1.92440e-04          0    a    1    0
  8  -2.54986e-01   5.29049e-05        744    a    1    0
  9  -1.87378e+01   1.08536e-06          0    b    1    0
 10  -1.87377e+01   5.85639e-07          0    b    1    1
 11  -1.16523e+00   4.27514e-05          0    b    1    0
 12  -6.84435e-01   7.29964e-05       1096    b    1    0
 13  -4.67797e-01   6.51470e-05          0    b    1    0
 14  -4.42367e-01   4.95264e-05          0    b    1    0
 15  -4.42366e-01   1.42070e-04          0    b    1    0
------------------------------------------------------------
 Total error:                            3.14481e-04    0
============================================================


============================================================
                    Energy                 Update      Done 
------------------------------------------------------------
 Orbital      -8.220437390140901e+01    -1.56993e-05    1
 Kinetic       1.486042168294368e+02     1.34179e-06    1
 N-E          -4.103287812876585e+02     1.27905e-05    1
 Coulomb       1.002478177825029e+02    -1.18436e-05    1
 Exchange      0.000000000000000e+00     0.00000e+00    1
 X-C          -1.591232207178834e+01     8.96964e-07    1
------------------------------------------------------------
 Electronic   -1.773890760735367e+02    -4.14032e-06    1
 Nuclear       2.804748979603585e+01     0.00000e+00    1
------------------------------------------------------------
 Total        -1.493415862775008e+02    -4.14032e-06    1
============================================================


################ Wall time: 6.88561e+02 sec ################




####################### SCF cycle  3 #######################


============================================================
 Current precision                              1.00000e-07
------------------------------------------------------------
 Orbital threshold                              1.00000e-06
 Property threshold                            -1.00000e+00
============================================================


============================================================
                   Calculating SCF energy
------------------------------------------------------------
 Nuclear energy                       2.804748979603585e+01
 Electronic energy                   -1.773890761993205e+02
------------------------------------------------------------
 Total energy                        -1.493415864032847e+02
------------------------------------------------------------
                 Wall time: 3.78404e+01 sec 
============================================================


============================================================
                Rotating Helmholtz argument
------------------------------------------------------------
 Rotating orbitals                              4.18256e+00
------------------------------------------------------------
                 Wall time: 4.18265e+00 sec 
============================================================


============================================================
                Applying Helmholtz operators
------------------------------------------------------------
 Orb    RealNorm   Nodes     ImagNorm   Nodes     Timing
------------------------------------------------------------
  0    1.00000e+00  1288    0.00000e+00     0   1.38953e+02
  4    1.00000e+00   968    0.00000e+00     0   1.20347e+02
  8    1.00000e+00   744    0.00000e+00     0   8.79678e+01
 12    1.00000e+00  1064    0.00000e+00     0   1.25425e+02
------------------------------------------------------------
                 Wall time: 4.72702e+02 sec 
============================================================


============================================================
                 Lowdin orthonormalization
------------------------------------------------------------
 Computing Lowdin matrix                        1.91919e+01
 Rotating orbitals                              3.41496e+00
------------------------------------------------------------
                 Wall time: 2.26069e+01 sec 
============================================================


============================================================
               Iterative subspace accelerator
------------------------------------------------------------
 Push back orbitals                             5.70112e-02
 Setup linear system                            5.96094e-01
 Solve linear system                            1.21700e-05
 Expand solution                                1.22185e+00
------------------------------------------------------------
                 Wall time: 1.87511e+00 sec 
============================================================


============================================================
                 Lowdin orthonormalization
------------------------------------------------------------
 Computing Lowdin matrix                        1.50013e+00
 Rotating orbitals                              2.47880e+00
------------------------------------------------------------
                 Wall time: 3.97902e+00 sec 
============================================================


============================================================
                  Setting up Fock operator
------------------------------------------------------------
 Precision                                      1.00000e-07
------------------------------------------------------------
 Coulomb density                      1416      4.33703e+00
 Coulomb potential                     680      7.22647e+01
 Allreduce potential                   648      7.18596e+00
 XC alpha density                     1416      3.51170e+00
 XC beta density                      1416      2.89537e+00
 XC evaluate xcfun                    4248      1.04085e+01
 XC energy                            1416      1.75103e-04
 XC potential                         2832      1.42405e-01
------------------------------------------------------------
                 Wall time: 1.00777e+02 sec 
============================================================


============================================================
                  Calculating Fock matrix
------------------------------------------------------------
 Kinetic part                         1.573838320200000e+01
 Potential part                       3.693622410000000e+01
------------------------------------------------------------
                 Wall time: 5.26747e+01 sec 
============================================================


============================================================
                          Orbitals
------------------------------------------------------------
 Orb    F(i,i)        Error         nNodes  Spin  Occ  Done 
------------------------------------------------------------
  0  -1.87684e+01   7.28971e-07       1224    a    1    1
  1  -1.87683e+01   2.84969e-07          0    a    1    1
  2  -1.21181e+00   1.31771e-05          0    a    1    0
  3  -7.47013e-01   2.22940e-05          0    a    1    0
  4  -5.09881e-01   1.87150e-05        968    a    1    0
  5  -5.05696e-01   5.12189e-06          0    a    1    0
  6  -5.05687e-01   3.44935e-05          0    a    1    0
  7  -2.54986e-01   6.61891e-05          0    a    1    0
  8  -2.54985e-01   8.87468e-06        744    a    1    0
  9  -1.87378e+01   5.41295e-07          0    b    1    1
 10  -1.87377e+01   1.47893e-07          0    b    1    1
 11  -1.16523e+00   1.24465e-05          0    b    1    0
 12  -6.84435e-01   6.19064e-05       1096    b    1    0
 13  -4.67797e-01   1.68554e-05          0    b    1    0
 14  -4.42367e-01   7.11392e-06          0    b    1    0
 15  -4.42365e-01   3.64399e-05          0    b    1    0
------------------------------------------------------------
 Total error:                            1.11119e-04    0
============================================================


============================================================
                    Energy                 Update      Done 
------------------------------------------------------------
 Orbital      -8.220440815949773e+01    -3.42581e-05    1
 Kinetic       1.486042013098105e+02    -1.55196e-05    1
 N-E          -4.103287334298017e+02     4.78579e-05    1
 Coulomb       1.002477824529498e+02    -3.53296e-05    1
 Exchange      0.000000000000000e+00     0.00000e+00    1
 X-C          -1.591231830338400e+01     3.76840e-06    1
------------------------------------------------------------
 Electronic   -1.773890761993205e+02    -1.25784e-07    1
 Nuclear       2.804748979603585e+01     0.00000e+00    1
------------------------------------------------------------
 Total        -1.493415864032847e+02    -1.25784e-07    1
============================================================


################ Wall time: 6.97879e+02 sec ################




####################### SCF cycle  4 #######################


============================================================
 Current precision                              1.00000e-07
------------------------------------------------------------
 Orbital threshold                              1.00000e-06
 Property threshold                            -1.00000e+00
============================================================


============================================================
                   Calculating SCF energy
------------------------------------------------------------
 Nuclear energy                       2.804748979603585e+01
 Electronic energy                   -1.773890762332064e+02
------------------------------------------------------------
 Total energy                        -1.493415864371705e+02
------------------------------------------------------------
                 Wall time: 3.96163e+01 sec 
============================================================


============================================================
                Rotating Helmholtz argument
------------------------------------------------------------
 Rotating orbitals                              4.15649e+00
------------------------------------------------------------
                 Wall time: 4.15659e+00 sec 
============================================================


============================================================
                Applying Helmholtz operators
------------------------------------------------------------
 Orb    RealNorm   Nodes     ImagNorm   Nodes     Timing
------------------------------------------------------------
  0    1.00000e+00  1288    0.00000e+00     0   1.48380e+02
  4    1.00000e+00   968    0.00000e+00     0   1.21103e+02
  8    1.00000e+00   744    0.00000e+00     0   9.07699e+01
 12    1.00000e+00  1064    0.00000e+00     0   1.27671e+02
------------------------------------------------------------
                 Wall time: 4.87939e+02 sec 
============================================================


============================================================
                 Lowdin orthonormalization
------------------------------------------------------------
 Computing Lowdin matrix                        1.78703e+01
 Rotating orbitals                              3.29790e+00
------------------------------------------------------------
                 Wall time: 2.11682e+01 sec 
============================================================


============================================================
               Iterative subspace accelerator
------------------------------------------------------------
 Push back orbitals                             2.16327e-01
 Setup linear system                            1.78763e+00
 Solve linear system                            1.59390e-05
 Expand solution                                1.95171e+00
------------------------------------------------------------
                 Wall time: 3.95583e+00 sec 
============================================================


============================================================
                 Lowdin orthonormalization
------------------------------------------------------------
 Computing Lowdin matrix                        1.49557e+00
 Rotating orbitals                              3.06661e+00
------------------------------------------------------------
                 Wall time: 4.56227e+00 sec 
============================================================


============================================================
                  Setting up Fock operator
------------------------------------------------------------
 Precision                                      1.00000e-07
------------------------------------------------------------
 Coulomb density                      1416      4.68335e+00
 Coulomb potential                     680      7.72773e+01
 Allreduce potential                   648      6.97602e+00
 XC alpha density                     1416      3.87139e+00
 XC beta density                      1416      2.88359e+00
 XC evaluate xcfun                    4248      1.02170e+01
 XC energy                            1416      1.89634e-04
 XC potential                         2832      1.52178e-01
------------------------------------------------------------
                 Wall time: 1.06092e+02 sec 
============================================================


============================================================
                  Calculating Fock matrix
------------------------------------------------------------
 Kinetic part                         1.639033919200000e+01
 Potential part                       3.822193097900000e+01
------------------------------------------------------------
                 Wall time: 5.46124e+01 sec 
============================================================


============================================================
                          Orbitals
------------------------------------------------------------
 Orb    F(i,i)        Error         nNodes  Spin  Occ  Done 
------------------------------------------------------------
  0  -1.87684e+01   7.06059e-07       1224    a    1    1
  1  -1.87683e+01   9.74602e-07          0    a    1    1
  2  -1.21181e+00   6.94083e-06          0    a    1    0
  3  -7.47014e-01   1.23451e-05          0    a    1    0
  4  -5.09882e-01   1.36037e-05        968    a    1    0
  5  -5.05697e-01   9.87431e-06          0    a    1    0
  6  -5.05689e-01   1.63837e-05          0    a    1    0
  7  -2.54987e-01   2.97711e-05          0    a    1    0
  8  -2.54987e-01   8.32523e-06        744    a    1    0
  9  -1.87378e+01   3.84998e-07          0    b    1    1
 10  -1.87377e+01   1.93549e-07          0    b    1    1
 11  -1.16523e+00   5.02915e-06          0    b    1    0
 12  -6.84436e-01   1.29771e-04       1096    b    1    0
 13  -4.67798e-01   7.76150e-06          0    b    1    0
 14  -4.42368e-01   7.43169e-06          0    b    1    0
 15  -4.42366e-01   1.07417e-05          0    b    1    0
------------------------------------------------------------
 Total error:                            1.37133e-04    0
============================================================


============================================================
                    Energy                 Update      Done 
------------------------------------------------------------
 Orbital      -8.220439893426088e+01     9.22524e-06    1
 Kinetic       1.486042150299861e+02     1.37202e-05    1
 N-E          -4.103287553627938e+02    -2.19330e-05    1
 Coulomb       1.002477921115956e+02     9.65865e-06    1
 Exchange      0.000000000000000e+00     0.00000e+00    1
 X-C          -1.591231953498703e+01    -1.23160e-06    1
------------------------------------------------------------
 Electronic   -1.773890762332064e+02    -3.38859e-08    1
 Nuclear       2.804748979603585e+01     0.00000e+00    1
------------------------------------------------------------
 Total        -1.493415864371705e+02    -3.38859e-08    1
============================================================


################ Wall time: 7.23652e+02 sec ################




####################### SCF cycle  5 #######################


============================================================
 Current precision                              1.00000e-07
------------------------------------------------------------
 Orbital threshold                              1.00000e-06
 Property threshold                            -1.00000e+00
============================================================


============================================================
                   Calculating SCF energy
------------------------------------------------------------
 Nuclear energy                       2.804748979603585e+01
 Electronic energy                   -1.773890762745662e+02
------------------------------------------------------------
 Total energy                        -1.493415864785304e+02
------------------------------------------------------------
                 Wall time: 4.02758e+01 sec 
============================================================


============================================================
                Rotating Helmholtz argument
------------------------------------------------------------
 Rotating orbitals                              4.20653e+00
------------------------------------------------------------
                 Wall time: 4.20663e+00 sec 
============================================================


============================================================
                Applying Helmholtz operators
------------------------------------------------------------
 Orb    RealNorm   Nodes     ImagNorm   Nodes     Timing
------------------------------------------------------------
  0    1.00000e+00  1288    0.00000e+00     0   1.52164e+02
  4    1.00000e+00   968    0.00000e+00     0   1.25612e+02
  8    1.00000e+00   744    0.00000e+00     0   9.56077e+01
 12    1.00000e+00  1064    0.00000e+00     0   1.31082e+02
------------------------------------------------------------
                 Wall time: 5.04489e+02 sec 
============================================================


============================================================
                 Lowdin orthonormalization
------------------------------------------------------------
 Computing Lowdin matrix                        5.90765e+00
 Rotating orbitals                              3.45231e+00
------------------------------------------------------------
                 Wall time: 9.36005e+00 sec 
============================================================


============================================================
               Iterative subspace accelerator
------------------------------------------------------------
 Push back orbitals                             9.70260e-02
 Setup linear system                            3.68906e+00
 Solve linear system                            1.10540e-05
 Expand solution                                2.66758e+00
------------------------------------------------------------
                 Wall time: 6.45384e+00 sec 
============================================================


============================================================
                 Lowdin orthonormalization
------------------------------------------------------------
 Computing Lowdin matrix                        1.61102e+00
 Rotating orbitals                              3.49706e+00
------------------------------------------------------------
                 Wall time: 5.10816e+00 sec 
============================================================


============================================================
                  Setting up Fock operator
------------------------------------------------------------
 Precision                                      1.00000e-07
------------------------------------------------------------
 Coulomb density                      1416      4.44566e+00
 Coulomb potential                     680      7.35940e+01
 Allreduce potential                   648      6.39979e+00
 XC alpha density                     1416      3.65406e+00
 XC beta density                      1416      3.02758e+00
 XC evaluate xcfun                    4248      1.04689e+01
 XC energy                            1416      1.77474e-04
 XC potential                         2832      1.50420e-01
------------------------------------------------------------
                 Wall time: 1.01770e+02 sec 
============================================================


============================================================
                  Calculating Fock matrix
------------------------------------------------------------
 Kinetic part                         1.588776365000000e+01
 Potential part                       3.706190032900000e+01
------------------------------------------------------------
                 Wall time: 5.29498e+01 sec 
============================================================


============================================================
                          Orbitals
------------------------------------------------------------
 Orb    F(i,i)        Error         nNodes  Spin  Occ  Done 
------------------------------------------------------------
  0  -1.87684e+01   5.28205e-07       1224    a    1    1
  1  -1.87683e+01   1.72245e-06          0    a    1    0
  2  -1.21181e+00   4.78638e-06          0    a    1    0
  3  -7.47012e-01   5.91269e-06          0    a    1    0
  4  -5.09879e-01   1.02427e-05        968    a    1    0
  5  -5.05695e-01   8.75892e-06          0    a    1    0
  6  -5.05687e-01   1.04777e-05          0    a    1    0
  7  -2.54984e-01   1.74511e-05          0    a    1    0
  8  -2.54984e-01   8.73049e-06        744    a    1    0
  9  -1.87378e+01   4.16079e-07          0    b    1    1
 10  -1.87377e+01   4.17642e-07          0    b    1    1
 11  -1.16523e+00   3.12518e-06          0    b    1    0
 12  -6.84434e-01   1.44367e-04       1096    b    1    0
 13  -4.67796e-01   5.00717e-06          0    b    1    0
 14  -4.42366e-01   5.25012e-06          0    b    1    0
 15  -4.42364e-01   8.46541e-06          0    b    1    0
------------------------------------------------------------
 Total error:                            1.47341e-04    0
============================================================


============================================================
                    Energy                 Update      Done 
------------------------------------------------------------
 Orbital      -8.220442086944603e+01    -2.19352e-05    1
 Kinetic       1.486041979346818e+02    -1.70953e-05    1
 N-E          -4.103287181080872e+02     3.72547e-05    1
 Coulomb       1.002477693718108e+02    -2.27398e-05    1
 Exchange      0.000000000000000e+00     0.00000e+00    1
 X-C          -1.591231689483888e+01     2.64015e-06    1
------------------------------------------------------------
 Electronic   -1.773890762745662e+02    -4.13598e-08    1
 Nuclear       2.804748979603585e+01     0.00000e+00    1
------------------------------------------------------------
 Total        -1.493415864785304e+02    -4.13598e-08    1
============================================================


################ Wall time: 7.26912e+02 sec ################




####################### SCF cycle  6 #######################


============================================================
 Current precision                              1.00000e-07
------------------------------------------------------------
 Orbital threshold                              1.00000e-06
 Property threshold                            -1.00000e+00
============================================================


============================================================
                   Calculating SCF energy
------------------------------------------------------------
 Nuclear energy                       2.804748979603585e+01
 Electronic energy                   -1.773890762941778e+02
------------------------------------------------------------
 Total energy                        -1.493415864981420e+02
------------------------------------------------------------
                 Wall time: 4.00668e+01 sec 
============================================================


============================================================
                Rotating Helmholtz argument
------------------------------------------------------------
 Rotating orbitals                              4.22900e+00
------------------------------------------------------------
                 Wall time: 4.22910e+00 sec 
============================================================


============================================================
                Applying Helmholtz operators
------------------------------------------------------------
 Orb    RealNorm   Nodes     ImagNorm   Nodes     Timing
------------------------------------------------------------
  0    1.00000e+00  1288    0.00000e+00     0   1.53189e+02
  4    1.00000e+00   968    0.00000e+00     0   1.28735e+02
  8    1.00000e+00   744    0.00000e+00     0   9.66415e+01
 12    1.00000e+00  1064    0.00000e+00     0   1.41046e+02
------------------------------------------------------------
                 Wall time: 5.19647e+02 sec 
============================================================


============================================================
                 Lowdin orthonormalization
------------------------------------------------------------
 Computing Lowdin matrix                        8.02778e-01
 Rotating orbitals                              3.55019e+00
------------------------------------------------------------
                 Wall time: 4.35306e+00 sec 
============================================================


============================================================
               Iterative subspace accelerator
------------------------------------------------------------
 Push back orbitals                             5.24486e-02
 Setup linear system                            3.70397e+00
 Solve linear system                            1.12700e-05
 Expand solution                                2.67196e+00
------------------------------------------------------------
                 Wall time: 6.42855e+00 sec 
============================================================


============================================================
                 Lowdin orthonormalization
------------------------------------------------------------
 Computing Lowdin matrix                        1.80489e+00
 Rotating orbitals                              3.11508e+00
------------------------------------------------------------
                 Wall time: 4.92005e+00 sec 
============================================================


============================================================
                  Setting up Fock operator
------------------------------------------------------------
 Precision                                      1.00000e-07
------------------------------------------------------------
 Coulomb density                      1416      4.81672e+00
 Coulomb potential                     680      8.12260e+01
 Allreduce potential                   648      6.37578e+00
 XC alpha density                     1416      3.94646e+00
 XC beta density                      1416      3.12235e+00
 XC evaluate xcfun                    4248      1.07574e+01
 XC energy                            1416      1.73553e-04
 XC potential                         2832      1.60223e-01
------------------------------------------------------------
                 Wall time: 1.10440e+02 sec 
============================================================


============================================================
                  Calculating Fock matrix
------------------------------------------------------------
 Kinetic part                         1.443394942300000e+01
 Potential part                       3.926180824700000e+01
------------------------------------------------------------
                 Wall time: 5.36959e+01 sec 
============================================================


============================================================
                          Orbitals
------------------------------------------------------------
 Orb    F(i,i)        Error         nNodes  Spin  Occ  Done 
------------------------------------------------------------
  0  -1.87684e+01   9.62629e-08       1224    a    1    1
  1  -1.87683e+01   3.18863e-07          0    a    1    1
  2  -1.21181e+00   1.11643e-06          0    a    1    0
  3  -7.47014e-01   2.14990e-06          0    a    1    0
  4  -5.09881e-01   2.11820e-06        968    a    1    0
  5  -5.05697e-01   1.55031e-06          0    a    1    0
  6  -5.05690e-01   2.63863e-06          0    a    1    0
  7  -2.54987e-01   4.04871e-06          0    a    1    0
  8  -2.54986e-01   1.87092e-06        744    a    1    0
  9  -1.87378e+01   7.66632e-08          0    b    1    1
 10  -1.87377e+01   6.50204e-08          0    b    1    1
 11  -1.16523e+00   1.22879e-06          0    b    1    0
 12  -6.84436e-01   1.76505e-05       1096    b    1    0
 13  -4.67798e-01   2.15637e-06          0    b    1    0
 14  -4.42368e-01   1.69093e-06          0    b    1    0
 15  -4.42366e-01   2.73651e-06          0    b    1    0
------------------------------------------------------------
 Total error:                            1.91777e-05    0
============================================================


============================================================
                    Energy                 Update      Done 
------------------------------------------------------------
 Orbital      -8.220437123409496e+01     4.96354e-05    1
 Kinetic       1.486042399000617e+02     4.19654e-05    1
 N-E          -4.103288056102351e+02    -8.75021e-05    1
 Coulomb       1.002478209394314e+02     5.15676e-05    1
 Exchange      0.000000000000000e+00     0.00000e+00    1
 X-C          -1.591232285849490e+01    -5.96366e-06    1
------------------------------------------------------------
 Electronic   -1.773890762941778e+02    -1.96116e-08    1
 Nuclear       2.804748979603585e+01     0.00000e+00    1
------------------------------------------------------------
 Total        -1.493415864981420e+02    -1.96116e-08    1
============================================================


################ Wall time: 7.46033e+02 sec ################




####################### SCF cycle  7 #######################


============================================================
 Current precision                              1.00000e-07
------------------------------------------------------------
 Orbital threshold                              1.00000e-06
 Property threshold                            -1.00000e+00
============================================================


============================================================
                   Calculating SCF energy
------------------------------------------------------------
 Nuclear energy                       2.804748979603585e+01
 Electronic energy                   -1.773890762948808e+02
------------------------------------------------------------
 Total energy                        -1.493415864988450e+02
------------------------------------------------------------
                 Wall time: 4.20922e+01 sec 
============================================================


============================================================
                Rotating Helmholtz argument
------------------------------------------------------------
 Rotating orbitals                              4.38109e+00
------------------------------------------------------------
                 Wall time: 4.38118e+00 sec 
============================================================


============================================================
                Applying Helmholtz operators
------------------------------------------------------------
 Orb    RealNorm   Nodes     ImagNorm   Nodes     Timing
------------------------------------------------------------
  0    1.00000e+00  1288    0.00000e+00     0   1.54261e+02
  4    1.00000e+00   968    0.00000e+00     0   1.30103e+02
  8    1.00000e+00   744    0.00000e+00     0   9.77219e+01
 12    1.00000e+00  1064    0.00000e+00     0   1.42433e+02
------------------------------------------------------------
                 Wall time: 5.24530e+02 sec 
============================================================


============================================================
                 Lowdin orthonormalization
------------------------------------------------------------
 Computing Lowdin matrix                        5.19735e+00
 Rotating orbitals                              3.50329e+00
------------------------------------------------------------
                 Wall time: 8.70072e+00 sec 
============================================================


============================================================
               Iterative subspace accelerator
------------------------------------------------------------
 Push back orbitals                             5.08148e-02
 Setup linear system                            3.78042e+00
 Solve linear system                            1.08970e-05
 Expand solution                                2.53748e+00
------------------------------------------------------------
                 Wall time: 6.36887e+00 sec 
============================================================


============================================================
                 Lowdin orthonormalization
------------------------------------------------------------
 Computing Lowdin matrix                        1.59371e+00
 Rotating orbitals                              2.70153e+00
------------------------------------------------------------
                 Wall time: 4.29534e+00 sec 
============================================================


============================================================
                  Setting up Fock operator
------------------------------------------------------------
 Precision                                      1.00000e-07
------------------------------------------------------------
 Coulomb density                      1416      4.95034e+00
 Coulomb potential                     680      8.20469e+01
 Allreduce potential                   648      7.19223e+00
 XC alpha density                     1416      4.09474e+00
 XC beta density                      1416      3.23748e+00
 XC evaluate xcfun                    4248      1.12028e+01
 XC energy                            1416      2.09995e-04
 XC potential                         2832      1.60692e-01
------------------------------------------------------------
                 Wall time: 1.12918e+02 sec 
============================================================


============================================================
                  Calculating Fock matrix
------------------------------------------------------------
 Kinetic part                         1.450616877800000e+01
 Potential part                       4.193163022600000e+01
------------------------------------------------------------
                 Wall time: 5.64379e+01 sec 
============================================================


============================================================
                          Orbitals
------------------------------------------------------------
 Orb    F(i,i)        Error         nNodes  Spin  Occ  Done 
------------------------------------------------------------
  0  -1.87684e+01   2.55536e-08       1224    a    1    1
  1  -1.87683e+01   5.34948e-08          0    a    1    1
  2  -1.21181e+00   6.79339e-07          0    a    1    1
  3  -7.47013e-01   1.08940e-06          0    a    1    0
  4  -5.09880e-01   1.01103e-06        968    a    1    0
  5  -5.05696e-01   5.33420e-07          0    a    1    1
  6  -5.05688e-01   1.02181e-06          0    a    1    0
  7  -2.54986e-01   1.18839e-06          0    a    1    0
  8  -2.54985e-01   6.93361e-07        744    a    1    1
  9  -1.87378e+01   2.09006e-08          0    b    1    1
 10  -1.87377e+01   2.22695e-08          0    b    1    1
 11  -1.16523e+00   7.15258e-07          0    b    1    1
 12  -6.84435e-01   4.26456e-06       1096    b    1    0
 13  -4.67797e-01   9.51965e-07          0    b    1    1
 14  -4.42367e-01   6.44077e-07          0    b    1    1
 15  -4.42365e-01   1.11932e-06          0    b    1    0
------------------------------------------------------------
 Total error:                            5.21235e-06    0
============================================================


============================================================
                    Energy                 Update      Done 
------------------------------------------------------------
 Orbital      -8.220442016294112e+01    -4.89288e-05    1
 Kinetic       1.486041976406009e+02    -4.22595e-05    1
 N-E          -4.103287184282288e+02     8.71820e-05    1
 Coulomb       1.002477701174165e+02    -5.08220e-05    1
 Exchange      0.000000000000000e+00     0.00000e+00    1
 X-C          -1.591231695379915e+01     5.90470e-06    1
------------------------------------------------------------
 Electronic   -1.773890762948808e+02    -7.03011e-10    1
 Nuclear       2.804748979603585e+01     0.00000e+00    1
------------------------------------------------------------
 Total        -1.493415864988450e+02    -7.03011e-10    1
============================================================


################ Wall time: 7.62078e+02 sec ################




####################### SCF cycle  8 #######################


============================================================
 Current precision                              1.00000e-07
------------------------------------------------------------
 Orbital threshold                              1.00000e-06
 Property threshold                            -1.00000e+00
============================================================


============================================================
                   Calculating SCF energy
------------------------------------------------------------
 Nuclear energy                       2.804748979603585e+01
 Electronic energy                   -1.773890762949698e+02
------------------------------------------------------------
 Total energy                        -1.493415864989340e+02
------------------------------------------------------------
                 Wall time: 4.47070e+01 sec 
============================================================


============================================================
                Rotating Helmholtz argument
------------------------------------------------------------
 Rotating orbitals                              4.37184e+00
------------------------------------------------------------
                 Wall time: 4.37193e+00 sec 
============================================================


============================================================
                Applying Helmholtz operators
------------------------------------------------------------
 Orb    RealNorm   Nodes     ImagNorm   Nodes     Timing
------------------------------------------------------------
  0    1.00000e+00  1288    0.00000e+00     0   1.61986e+02
  4    1.00000e+00   968    0.00000e+00     0   1.29978e+02
  8    1.00000e+00   744    0.00000e+00     0   9.98761e+01
 12    1.00000e+00  1064    0.00000e+00     0   1.37632e+02
------------------------------------------------------------
                 Wall time: 5.29484e+02 sec 
============================================================


============================================================
                 Lowdin orthonormalization
------------------------------------------------------------
 Computing Lowdin matrix                        1.24140e+01
 Rotating orbitals                              3.60699e+00
------------------------------------------------------------
                 Wall time: 1.60211e+01 sec 
============================================================


============================================================
               Iterative subspace accelerator
------------------------------------------------------------
 Push back orbitals                             6.61511e-02
 Setup linear system                            3.73770e+00
 Solve linear system                            1.11160e-05
 Expand solution                                2.47228e+00
------------------------------------------------------------
                 Wall time: 6.27630e+00 sec 
============================================================


============================================================
                 Lowdin orthonormalization
------------------------------------------------------------
 Computing Lowdin matrix                        1.54399e+00
 Rotating orbitals                              2.63603e+00
------------------------------------------------------------
                 Wall time: 4.18010e+00 sec 
============================================================


============================================================
                  Setting up Fock operator
------------------------------------------------------------
 Precision                                      1.00000e-07
------------------------------------------------------------
 Coulomb density                      1416      4.51020e+00
 Coulomb potential                     680      8.18896e+01
 Allreduce potential                   648      3.01981e+00
 XC alpha density                     1416      3.70730e+00
 XC beta density                      1416      3.05393e+00
 XC evaluate xcfun                    4248      1.05226e+01
 XC energy                            1416      1.86303e-04
 XC potential                         2832      1.61845e-01
------------------------------------------------------------
                 Wall time: 1.06898e+02 sec 
============================================================


============================================================
                  Calculating Fock matrix
------------------------------------------------------------
 Kinetic part                         1.462907480200000e+01
 Potential part                       3.983378205600000e+01
------------------------------------------------------------
                 Wall time: 5.44630e+01 sec 
============================================================


============================================================
                          Orbitals
------------------------------------------------------------
 Orb    F(i,i)        Error         nNodes  Spin  Occ  Done 
------------------------------------------------------------
  0  -1.87684e+01   7.03935e-09       1224    a    1    1
  1  -1.87683e+01   2.26156e-08          0    a    1    1
  2  -1.21181e+00   5.41577e-07          0    a    1    1
  3  -7.47014e-01   7.64004e-07          0    a    1    1
  4  -5.09880e-01   6.97365e-07        968    a    1    1
  5  -5.05696e-01   1.54092e-07          0    a    1    1
  6  -5.05689e-01   6.65201e-07          0    a    1    1
  7  -2.54986e-01   5.47619e-07          0    a    1    1
  8  -2.54986e-01   2.02315e-07        744    a    1    1
  9  -1.87378e+01   1.57238e-08          0    b    1    1
 10  -1.87377e+01   3.58218e-09          0    b    1    1
 11  -1.16523e+00   5.55519e-07          0    b    1    1
 12  -6.84436e-01   1.53214e-06       1096    b    1    0
 13  -4.67797e-01   5.84789e-07          0    b    1    1
 14  -4.42367e-01   2.16127e-07          0    b    1    1
 15  -4.42366e-01   7.08767e-07          0    b    1    1
------------------------------------------------------------
 Total error:                            2.39130e-06    0
============================================================


============================================================
                    Energy                 Update      Done 
------------------------------------------------------------
 Orbital      -8.220439752728745e+01     2.26357e-05    1
 Kinetic       1.486042171313128e+02     1.94907e-05    1
 N-E          -4.103287586980883e+02    -4.02699e-05    1
 Coulomb       1.002477936297195e+02     2.35123e-05    1
 Exchange      0.000000000000000e+00     0.00000e+00    1
 X-C          -1.591231968631057e+01    -2.73251e-06    1
------------------------------------------------------------
 Electronic   -1.773890762949698e+02    -8.90168e-11    1
 Nuclear       2.804748979603585e+01     0.00000e+00    1
------------------------------------------------------------
 Total        -1.493415864989340e+02    -8.90168e-11    1
============================================================


################ Wall time: 7.68729e+02 sec ################




####################### SCF cycle  9 #######################


============================================================
 Current precision                              1.00000e-07
------------------------------------------------------------
 Orbital threshold                              1.00000e-06
 Property threshold                            -1.00000e+00
============================================================


============================================================
                   Calculating SCF energy
------------------------------------------------------------
 Nuclear energy                       2.804748979603585e+01
 Electronic energy                   -1.773890762949904e+02
------------------------------------------------------------
 Total energy                        -1.493415864989545e+02
------------------------------------------------------------
                 Wall time: 4.35718e+01 sec 
============================================================


============================================================
                Rotating Helmholtz argument
------------------------------------------------------------
 Rotating orbitals                              4.39002e+00
------------------------------------------------------------
                 Wall time: 4.39011e+00 sec 
============================================================


============================================================
                Applying Helmholtz operators
------------------------------------------------------------
 Orb    RealNorm   Nodes     ImagNorm   Nodes     Timing
------------------------------------------------------------
  0    1.00000e+00  1288    0.00000e+00     0   1.62759e+02
  4    1.00000e+00   968    0.00000e+00     0   1.35655e+02
  8    1.00000e+00   744    0.00000e+00     0   1.04850e+02
 12    1.00000e+00  1064    0.00000e+00     0   1.45435e+02
------------------------------------------------------------
                 Wall time: 5.48718e+02 sec 
============================================================


============================================================
                 Lowdin orthonormalization
------------------------------------------------------------
 Computing Lowdin matrix                        4.40855e+00
 Rotating orbitals                              3.53999e+00
------------------------------------------------------------
                 Wall time: 7.94862e+00 sec 
============================================================


============================================================
               Iterative subspace accelerator
------------------------------------------------------------
 Push back orbitals                             6.78167e-02
 Setup linear system                            3.79873e+00
 Solve linear system                            1.08420e-05
 Expand solution                                2.27921e+00
------------------------------------------------------------
                 Wall time: 6.14593e+00 sec 
============================================================


============================================================
                 Lowdin orthonormalization
------------------------------------------------------------
 Computing Lowdin matrix                        1.49255e+00
 Rotating orbitals                              2.38430e+00
------------------------------------------------------------
                 Wall time: 3.87693e+00 sec 
============================================================


============================================================
                  Setting up Fock operator
------------------------------------------------------------
 Precision                                      1.00000e-07
------------------------------------------------------------
 Coulomb density                      1416      4.79588e+00
 Coulomb potential                     680      8.02903e+01
 Allreduce potential                   648      1.05225e+01
 XC alpha density                     1416      3.90616e+00
 XC beta density                      1416      3.21920e+00
 XC evaluate xcfun                    4248      1.07586e+01
 XC energy                            1416      1.85241e-04
 XC potential                         2832      1.53581e-01
------------------------------------------------------------
                 Wall time: 1.13678e+02 sec 
============================================================


============================================================
                  Calculating Fock matrix
------------------------------------------------------------
 Kinetic part                         1.510998279200000e+01
 Potential part                       4.156629052900000e+01
------------------------------------------------------------
                 Wall time: 5.66764e+01 sec 
============================================================


============================================================
                          Orbitals
------------------------------------------------------------
 Orb    F(i,i)        Error         nNodes  Spin  Occ  Done 
------------------------------------------------------------
  0  -1.87684e+01   1.45482e-08       1224    a    1    1
  1  -1.87683e+01   7.44832e-08          0    a    1    1
  2  -1.21181e+00   1.86152e-07          0    a    1    1
  3  -7.47014e-01   1.68531e-07          0    a    1    1
  4  -5.09880e-01   2.51923e-07        968    a    1    1
  5  -5.05696e-01   6.59328e-08          0    a    1    1
  6  -5.05689e-01   2.10381e-07          0    a    1    1
  7  -2.54986e-01   6.66340e-07          0    a    1    1
  8  -2.54986e-01   6.64266e-08        744    a    1    1
  9  -1.87378e+01   1.70619e-08          0    b    1    1
 10  -1.87377e+01   7.31626e-09          0    b    1    1
 11  -1.16523e+00   1.82800e-07          0    b    1    1
 12  -6.84435e-01   3.70036e-07       1096    b    1    1
 13  -4.67797e-01   1.78476e-07          0    b    1    1
 14  -4.42367e-01   5.14834e-08          0    b    1    1
 15  -4.42366e-01   2.03624e-07          0    b    1    1
------------------------------------------------------------
 Total error:                            9.35929e-07    1
============================================================


============================================================
                    Energy                 Update      Done 
------------------------------------------------------------
 Orbital      -8.220440424339012e+01    -6.71610e-06    1
 Kinetic       1.486042113338818e+02    -5.79743e-06    1
 N-E          -4.103287467345626e+02     1.19635e-05    1
 Coulomb       1.002477866539601e+02    -6.97576e-06    1
 Exchange      0.000000000000000e+00     0.00000e+00    1
 X-C          -1.591231887669597e+01     8.09615e-07    1
------------------------------------------------------------
 Electronic   -1.773890762949904e+02    -2.05489e-11    1
 Nuclear       2.804748979603585e+01     0.00000e+00    1
------------------------------------------------------------
 Total        -1.493415864989545e+02    -2.05489e-11    1
============================================================


################ Wall time: 7.87389e+02 sec ################


============================================================
                      Convergence rate
------------------------------------------------------------
Iter    OrbError       Property                   Update  
------------------------------------------------------------
  1    1.98036e-03    -1.493415821371840e+02   -1.49342e+02
  2    3.14481e-04    -1.493415862775008e+02   -4.14032e-06
  3    1.11119e-04    -1.493415864032847e+02   -1.25784e-07
  4    1.37133e-04    -1.493415864371705e+02   -3.38859e-08
  5    1.47341e-04    -1.493415864785304e+02   -4.13598e-08
  6    1.91777e-05    -1.493415864981420e+02   -1.96116e-08
  7    5.21235e-06    -1.493415864988450e+02   -7.03011e-10
  8    2.39130e-06    -1.493415864989340e+02   -8.90168e-11
  9    9.35929e-07    -1.493415864989545e+02   -2.05489e-11
------------------------------------------------------------
                      SCF converged!!!                      
============================================================


============================================================
                  Digonalizing Fock matrix
------------------------------------------------------------
 Computing Lowdin matrix                        8.60976e-01
 Diagonalizing matrix                           3.20130e-05
 Rotating orbitals                              3.92528e+00
------------------------------------------------------------
                 Wall time: 4.78638e+00 sec 
============================================================


============================================================
                  Setting up Fock operator
------------------------------------------------------------
 Precision                                      1.00000e-07
------------------------------------------------------------
 Coulomb density                      1448      4.05798e+00
 Coulomb potential                     680      6.70801e+01
 Allreduce potential                   648      6.38008e+00
 XC alpha density                     1448      3.40311e+00
 XC beta density                      1448      2.67387e+00
 XC evaluate xcfun                    4344      1.04952e+01
 XC energy                            1448      1.56785e-04
 XC potential                         2896      1.35556e-01
------------------------------------------------------------
                 Wall time: 9.42550e+01 sec 
============================================================


============================================================
                   Calculating SCF energy
------------------------------------------------------------
------------------------------------------------------------
                 Wall time: 3.76143e+01 sec 
============================================================


============================================================
                 Calculating dipole moment
------------------------------------------------------------
------------------------------------------------------------
                 Wall time: 1.86928e+01 sec 
============================================================


============================================================
                        Fock matrix
------------------------------------------------------------
-1.87684e+01  0.00000e+00  0.00000e+00  0.00000e+00  0.00000e+00  0.00000e+00  0.00000e+00  0.00000e+00  0.00000e+00  0.00000e+00  0.00000e+00  0.00000e+00  0.00000e+00  0.00000e+00  0.00000e+00  0.00000e+00
 0.00000e+00 -1.87683e+01  0.00000e+00  0.00000e+00  0.00000e+00  0.00000e+00  0.00000e+00  0.00000e+00  0.00000e+00  0.00000e+00  0.00000e+00  0.00000e+00  0.00000e+00  0.00000e+00  0.00000e+00  0.00000e+00
 0.00000e+00  0.00000e+00 -1.21181e+00  0.00000e+00  0.00000e+00  0.00000e+00  0.00000e+00  0.00000e+00  0.00000e+00  0.00000e+00  0.00000e+00  0.00000e+00  0.00000e+00  0.00000e+00  0.00000e+00  0.00000e+00
 0.00000e+00  0.00000e+00  0.00000e+00 -7.47014e-01  0.00000e+00  0.00000e+00  0.00000e+00  0.00000e+00  0.00000e+00  0.00000e+00  0.00000e+00  0.00000e+00  0.00000e+00  0.00000e+00  0.00000e+00  0.00000e+00
 0.00000e+00  0.00000e+00  0.00000e+00  0.00000e+00 -5.09880e-01  0.00000e+00  0.00000e+00  0.00000e+00  0.00000e+00  0.00000e+00  0.00000e+00  0.00000e+00  0.00000e+00  0.00000e+00  0.00000e+00  0.00000e+00
 0.00000e+00  0.00000e+00  0.00000e+00  0.00000e+00  0.00000e+00 -5.05696e-01  0.00000e+00  0.00000e+00  0.00000e+00  0.00000e+00  0.00000e+00  0.00000e+00  0.00000e+00  0.00000e+00  0.00000e+00  0.00000e+00
 0.00000e+00  0.00000e+00  0.00000e+00  0.00000e+00  0.00000e+00  0.00000e+00 -5.05689e-01  0.00000e+00  0.00000e+00  0.00000e+00  0.00000e+00  0.00000e+00  0.00000e+00  0.00000e+00  0.00000e+00  0.00000e+00
 0.00000e+00  0.00000e+00  0.00000e+00  0.00000e+00  0.00000e+00  0.00000e+00  0.00000e+00 -2.54986e-01  0.00000e+00  0.00000e+00  0.00000e+00  0.00000e+00  0.00000e+00  0.00000e+00  0.00000e+00  0.00000e+00
 0.00000e+00  0.00000e+00  0.00000e+00  0.00000e+00  0.00000e+00  0.00000e+00  0.00000e+00  0.00000e+00 -2.54986e-01  0.00000e+00  0.00000e+00  0.00000e+00  0.00000e+00  0.00000e+00  0.00000e+00  0.00000e+00
 0.00000e+00  0.00000e+00  0.00000e+00  0.00000e+00  0.00000e+00  0.00000e+00  0.00000e+00  0.00000e+00  0.00000e+00 -1.87378e+01  0.00000e+00  0.00000e+00  0.00000e+00  0.00000e+00  0.00000e+00  0.00000e+00
 0.00000e+00  0.00000e+00  0.00000e+00  0.00000e+00  0.00000e+00  0.00000e+00  0.00000e+00  0.00000e+00  0.00000e+00  0.00000e+00 -1.87377e+01  0.00000e+00  0.00000e+00  0.00000e+00  0.00000e+00  0.00000e+00
 0.00000e+00  0.00000e+00  0.00000e+00  0.00000e+00  0.00000e+00  0.00000e+00  0.00000e+00  0.00000e+00  0.00000e+00  0.00000e+00  0.00000e+00 -1.16523e+00  0.00000e+00  0.00000e+00  0.00000e+00  0.00000e+00
 0.00000e+00  0.00000e+00  0.00000e+00  0.00000e+00  0.00000e+00  0.00000e+00  0.00000e+00  0.00000e+00  0.00000e+00  0.00000e+00  0.00000e+00  0.00000e+00 -6.84435e-01  0.00000e+00  0.00000e+00  0.00000e+00
 0.00000e+00  0.00000e+00  0.00000e+00  0.00000e+00  0.00000e+00  0.00000e+00  0.00000e+00  0.00000e+00  0.00000e+00  0.00000e+00  0.00000e+00  0.00000e+00  0.00000e+00 -4.67797e-01  0.00000e+00  0.00000e+00
 0.00000e+00  0.00000e+00  0.00000e+00  0.00000e+00  0.00000e+00  0.00000e+00  0.00000e+00  0.00000e+00  0.00000e+00  0.00000e+00  0.00000e+00  0.00000e+00  0.00000e+00  0.00000e+00 -4.42367e-01  0.00000e+00
 0.00000e+00  0.00000e+00  0.00000e+00  0.00000e+00  0.00000e+00  0.00000e+00  0.00000e+00  0.00000e+00  0.00000e+00  0.00000e+00  0.00000e+00  0.00000e+00  0.00000e+00  0.00000e+00  0.00000e+00 -4.42366e-01
============================================================


============================================================
                      Orbital energies
------------------------------------------------------------
    n  spin  occ                            epsilon  
------------------------------------------------------------
    0    a    1                      -1.876835552417343e+01
    1    a    1                      -1.876827173248629e+01
    2    a    1                      -1.873779975003035e+01
    3    a    1                      -1.873771604037079e+01
    4    a    1                      -1.211812339700693e+00
    5    a    1                      -1.165232535722788e+00
    6    a    1                      -7.470135258994358e-01
    7    a    1                      -6.844354864475748e-01
    8    a    1                      -5.098804131577407e-01
    9    b    1                      -5.056961100704764e-01
   10    b    1                      -5.056885620688722e-01
   11    b    1                      -4.677970894730058e-01
   12    b    1                      -4.423671926168146e-01
   13    b    1                      -4.423655996876302e-01
   14    b    1                      -2.549858747431649e-01
   15    b    1                      -2.549856540551584e-01
============================================================


============================================================
                          Molecule
------------------------------------------------------------
 Nr  Element             x             y             z      
------------------------------------------------------------
  1     O           0.00000e+00   0.00000e+00   0.00000e+00
  2     O           0.00000e+00   0.00000e+00   2.28184e+00
------------------------------------------------------------
 Center of mass:    0.00000e+00   0.00000e+00   1.14092e+00
============================================================


                                                            
============================================================
                         SCF Energy                         
------------------------------------------------------------
                                                            
 Sum orbital energy:                 -8.220440343070422e+01
 Kinetic energy:                      1.486042120191323e+02
 E-N energy:                         -4.103287481650676e+02
 Coulomb energy:                      1.002477874980475e+02
 Exchange energy:                     0.000000000000000e+00
 X-C energy:                         -1.591231897545960e+01
 El. external field energy:          -8.671375737327164e-06
 Nuc. external field energy:          1.036094024161119e-14
                                                            
------------------------------------------------------------
                                                            
 Electronic energy:                  -1.773890762947232e+02
 Nuclear energy:                      2.804748979603585e+01
                                                            
------------------------------------------------------------
                                                            
 Total energy       (au)             -1.493415864986874e+02
                    (kJ/mol)         -3.920962786025009e+05
                    (kcal/mol)       -9.371325964340888e+04
                    (eV)             -4.063791414193664e+03
                                                            
============================================================
                                                            

                                                            
============================================================
                         Dipole moment                      
------------------------------------------------------------
                                                            
 Length of vector:   (au)                  8.6713757290e-03
                     (Debye)               2.2040436577e-02
                                                            
-------------------------- Total ---------------------------
                                                            
 [ 8.6713757270e-03, -1.0892868637e-11,  1.8815654878e-07] 
                                                            
------------------------- Nuclear --------------------------
                                                            
 [-1.0360940242e-11, -1.0593821881e-11, -1.0691891816e-11] 
                                                            
------------------------ Electronic ------------------------
                                                            
 [ 8.6713757373e-03, -2.9904675580e-13,  1.8816724067e-07] 
                                                            
============================================================
                                                            



************************************************************
***                                                      ***
***                    Exiting MRChem                    ***
***                                                      ***
***               Wall time: 6.899902e+03                ***
***                                                      ***
************************************************************


