


************************************************************
***     __  __ ____   ____ _                             ***
***    |  \/  |  _ \ / ___| |__   ___ _ __ ___           ***
***    | |\/| | |_) | |   | '_ \ / _ \ '_ ` _ \          ***
***    | |  | |  _ <| |___| | | |  __/ | | | | |         ***
***    |_|  |_|_| \_\\____|_| |_|\___|_| |_| |_|         ***
***                                                      ***
***    VERSION 0.0.1 (rev. 1c6f79f)                     ***
***                                                      ***
***    Stig Rune Jensen <stig.r.jensen@uit.no>           ***
***    Luca Frediani    <luca.frediani@uit.no>           ***
***    Peter Wind       <peter.wind@uit.no>              ***
***                                                      ***
************************************************************


+++ Parallel execution: 
  MPI hosts available     : 4
  Threads/host            : 2
  Total used CPUs         : 8


------------------------------------------------------------

 MRCPP version   : X.Y.Z
 Git revision    : bbc2aed

 Linear algebra  : EIGEN
 Parallelization : MPI/OpenMP

------------------------------------------------------------




============================================================
                  MultiResolution Analysis                  
------------------------------------------------------------
 polynomial order = 11
 polynomial type  = Interpolating
------------------------------------------------------------
 total boxes      = 8
 boxes            = [           2           2           2 ]
 unit lengths     = [    32.00000    32.00000    32.00000 ]
 scaling factor   = [     1.00000     1.00000     1.00000 ]
 lower bounds     = [   -32.00000   -32.00000   -32.00000 ]
 upper bounds     = [    32.00000    32.00000    32.00000 ]
 total length     = [    64.00000    64.00000    64.00000 ]
============================================================


============================================================
                          Molecule
------------------------------------------------------------
 Nr  Element             x             y             z      
------------------------------------------------------------
  1     O           0.00000e+00   0.00000e+00   0.00000e+00
  2     O           0.00000e+00   0.00000e+00   2.28184e+00
------------------------------------------------------------
 Center of mass:    0.00000e+00   0.00000e+00   1.14092e+00
============================================================


============================================================
                Setting up nuclear potential
------------------------------------------------------------
 Nr  Element         Charge        Precision     Smoothing 
------------------------------------------------------------
  1     O           8.00000e+00   1.00000e-07   2.36781e-05
  2     O           8.00000e+00   1.00000e-07   2.36781e-05
------------------------------------------------------------
 Nuclear potential                    1352      1.29267e+00
 Allreduce potential                  2440      9.36569e-01
------------------------------------------------------------
                 Wall time: 2.22936e+00 sec 
============================================================


============================================================
 OrbitalVector:  16 orbitals    16 occupied    16 electrons
------------------------------------------------------------
   n  RankID           Norm          Spin Occ      Error    
------------------------------------------------------------
   0     0       1.000000000000e+00    a   1    1.00000e+00
   1     1      -1.000000000000e+00    a   1    1.00000e+00
   2     2      -1.000000000000e+00    a   1    1.00000e+00
   3     3      -1.000000000000e+00    a   1    1.00000e+00
   4     0       1.000000000000e+00    a   1    1.00000e+00
   5     1      -1.000000000000e+00    a   1    1.00000e+00
   6     2      -1.000000000000e+00    a   1    1.00000e+00
   7     3      -1.000000000000e+00    a   1    1.00000e+00
   8     0       1.000000000000e+00    a   1    1.00000e+00
   9     1      -1.000000000000e+00    b   1    1.00000e+00
  10     2      -1.000000000000e+00    b   1    1.00000e+00
  11     3      -1.000000000000e+00    b   1    1.00000e+00
  12     0       1.000000000000e+00    b   1    1.00000e+00
  13     1      -1.000000000000e+00    b   1    1.00000e+00
  14     2      -1.000000000000e+00    b   1    1.00000e+00
  15     3      -1.000000000000e+00    b   1    1.00000e+00
============================================================


============================================================
                  Setting up Fock operator
------------------------------------------------------------
 Precision                                      1.00000e-07
------------------------------------------------------------
 Coulomb density                      1448      4.30361e+00
 Coulomb potential                     680      6.78451e+01
 Allreduce potential                   648      5.32410e+00
 XC alpha density                     1448      3.78960e+00
 XC beta density                      1448      2.82315e+00
 XC evaluate xcfun                   13032      4.90588e+01
 XC energy                            1448      1.68746e-04
 XC potential                         2896      1.47035e+00
------------------------------------------------------------
                 Wall time: 1.35773e+02 sec 
============================================================


============================================================
                  Calculating Fock matrix
------------------------------------------------------------
 Kinetic part                         1.537483586100000e+01
 Potential part                       5.527878327400000e+01
------------------------------------------------------------
                 Wall time: 7.06537e+01 sec 
============================================================




####################### SCF cycle  1 #######################


============================================================
 Current precision                              1.00000e-07
------------------------------------------------------------
 Orbital threshold                              1.00000e-06
 Property threshold                            -1.00000e+00
============================================================


============================================================
                  Digonalizing Fock matrix
------------------------------------------------------------
 Computing Lowdin matrix                        1.08759e+00
 Diagonalizing matrix                           3.59530e-05
 Rotating orbitals                              3.53091e+00
------------------------------------------------------------
                 Wall time: 4.61862e+00 sec 
============================================================


============================================================
                   Calculating SCF energy
------------------------------------------------------------
 Nuclear energy                       2.804748979603583e+01
 Electronic energy                   -1.783069832336975e+02
------------------------------------------------------------
 Total energy                        -1.502594934376617e+02
------------------------------------------------------------
                 Wall time: 4.54123e+01 sec 
============================================================


============================================================
                Rotating Helmholtz argument
------------------------------------------------------------
 Rotating orbitals                              1.47059e+00
------------------------------------------------------------
                 Wall time: 1.47067e+00 sec 
============================================================


============================================================
                Applying Helmholtz operators
------------------------------------------------------------
 Orb    RealNorm   Nodes     ImagNorm   Nodes     Timing
------------------------------------------------------------
  0    1.00000e+00  1288    0.00000e+00     0   1.47463e+02
  4    1.00008e+00   968    0.00000e+00     0   1.24073e+02
  8    1.00000e+00   744    0.00000e+00     0   9.34025e+01
 12    1.00000e+00  1096    0.00000e+00     0   1.39692e+02
------------------------------------------------------------
                 Wall time: 5.04672e+02 sec 
============================================================


============================================================
                 Lowdin orthonormalization
------------------------------------------------------------
 Computing Lowdin matrix                        8.18176e-01
 Rotating orbitals                              3.55761e+00
------------------------------------------------------------
                 Wall time: 4.37587e+00 sec 
============================================================


============================================================
               Iterative subspace accelerator
------------------------------------------------------------
 Push back orbitals                             4.75690e-05
 Copy orbitals                                  2.11808e-01
 Copy orbital updates                           2.08163e-01
------------------------------------------------------------
                 Wall time: 4.20124e-01 sec 
============================================================


============================================================
                 Lowdin orthonormalization
------------------------------------------------------------
 Computing Lowdin matrix                        9.71919e-01
 Rotating orbitals                              2.04740e+00
------------------------------------------------------------
                 Wall time: 3.01939e+00 sec 
============================================================


============================================================
                  Setting up Fock operator
------------------------------------------------------------
 Precision                                      1.00000e-07
------------------------------------------------------------
 Coulomb density                      1448      4.35128e+00
 Coulomb potential                     680      7.36332e+01
 Allreduce potential                   648      4.93017e+00
 XC alpha density                     1448      3.60359e+00
 XC beta density                      1448      2.82656e+00
 XC evaluate xcfun                   13032      4.90180e+01
 XC energy                            1448      1.67539e-04
 XC potential                         2896      1.65927e+00
------------------------------------------------------------
                 Wall time: 1.41102e+02 sec 
============================================================


============================================================
                  Calculating Fock matrix
------------------------------------------------------------
 Kinetic part                         1.376290316900000e+01
 Potential part                       5.130595064700000e+01
------------------------------------------------------------
                 Wall time: 6.50690e+01 sec 
============================================================


============================================================
                          Orbitals
------------------------------------------------------------
 Orb    F(i,i)        Error         nNodes  Spin  Occ  Done 
------------------------------------------------------------
  0  -1.89047e+01   3.55890e-06       1256    a    1    0
  1  -1.89047e+01   3.29963e-06          0    a    1    0
  2  -1.20963e+00   1.06208e-04          0    a    1    0
  3  -7.53378e-01   1.54351e-04          0    a    1    0
  4  -4.98787e-01   5.19795e-04        968    a    1    0
  5  -4.98252e-01   4.80529e-04          0    a    1    0
  6  -4.98181e-01   7.51647e-04          0    a    1    0
  7  -2.50644e-01   5.28527e-04          0    a    1    0
  8  -2.50644e-01   9.69375e-04        744    a    1    0
  9  -1.88786e+01   3.47234e-06          0    b    1    0
 10  -1.88785e+01   3.86833e-06          0    b    1    0
 11  -1.16600e+00   1.27353e-04          0    b    1    0
 12  -6.87457e-01   4.73910e-04       1128    b    1    0
 13  -4.65298e-01   4.68243e-04          0    b    1    0
 14  -4.29773e-01   5.69909e-04          0    b    1    0
 15  -4.29772e-01   9.88071e-04          0    b    1    0
------------------------------------------------------------
 Total error:                            2.02025e-03    0
============================================================


============================================================
                    Energy                 Update      Done 
------------------------------------------------------------
 Orbital      -8.270426456484506e+01    -8.27043e+01    1
 Kinetic       1.498459017756588e+02     1.49846e+02    1
 N-E          -4.116948210092687e+02    -4.11695e+02    1
 Coulomb       1.004278229739137e+02     1.00428e+02    1
 Exchange      0.000000000000000e+00     0.00000e+00    1
 X-C          -1.688588697400127e+01    -1.68859e+01    1
------------------------------------------------------------
 Electronic   -1.783069832336975e+02    -1.78307e+02    1
 Nuclear       2.804748979603583e+01     2.80475e+01    1
------------------------------------------------------------
 Total        -1.502594934376617e+02    -1.50259e+02    1
============================================================


################ Wall time: 7.70639e+02 sec ################




####################### SCF cycle  2 #######################


============================================================
 Current precision                              1.00000e-07
------------------------------------------------------------
 Orbital threshold                              1.00000e-06
 Property threshold                            -1.00000e+00
============================================================


============================================================
                  Digonalizing Fock matrix
------------------------------------------------------------
 Computing Lowdin matrix                        8.89314e-01
 Diagonalizing matrix                           3.39790e-05
 Rotating orbitals                              3.45340e+00
------------------------------------------------------------
                 Wall time: 4.34283e+00 sec 
============================================================


============================================================
                   Calculating SCF energy
------------------------------------------------------------
 Nuclear energy                       2.804748979603583e+01
 Electronic energy                   -1.783069874059399e+02
------------------------------------------------------------
 Total energy                        -1.502594976099041e+02
------------------------------------------------------------
                 Wall time: 4.67832e+01 sec 
============================================================


============================================================
                Rotating Helmholtz argument
------------------------------------------------------------
 Rotating orbitals                              1.47516e+00
------------------------------------------------------------
                 Wall time: 1.47524e+00 sec 
============================================================


============================================================
                Applying Helmholtz operators
------------------------------------------------------------
 Orb    RealNorm   Nodes     ImagNorm   Nodes     Timing
------------------------------------------------------------
  0    1.00000e+00  1288    0.00000e+00     0   1.44393e+02
  4    1.00002e+00   968    0.00000e+00     0   1.22718e+02
  8    1.00000e+00   744    0.00000e+00     0   9.14897e+01
 12    1.00000e+00  1096    0.00000e+00     0   1.36644e+02
------------------------------------------------------------
                 Wall time: 4.95284e+02 sec 
============================================================


============================================================
                 Lowdin orthonormalization
------------------------------------------------------------
 Computing Lowdin matrix                        8.06654e-01
 Rotating orbitals                              3.34023e+00
------------------------------------------------------------
                 Wall time: 4.14697e+00 sec 
============================================================


============================================================
               Iterative subspace accelerator
------------------------------------------------------------
 Push back orbitals                             1.21929e-01
 Copy orbitals                                  2.07587e-01
 Copy orbital updates                           2.08438e-01
------------------------------------------------------------
                 Wall time: 5.38069e-01 sec 
============================================================


============================================================
                 Lowdin orthonormalization
------------------------------------------------------------
 Computing Lowdin matrix                        9.71825e-01
 Rotating orbitals                              2.01709e+00
------------------------------------------------------------
                 Wall time: 2.98899e+00 sec 
============================================================


============================================================
                  Setting up Fock operator
------------------------------------------------------------
 Precision                                      1.00000e-07
------------------------------------------------------------
 Coulomb density                      1448      4.27771e+00
 Coulomb potential                     680      7.21215e+01
 Allreduce potential                   648      6.70940e+00
 XC alpha density                     1448      3.60203e+00
 XC beta density                      1448      2.86887e+00
 XC evaluate xcfun                   13032      4.89079e+01
 XC energy                            1448      1.59066e-04
 XC potential                         2896      1.61977e+00
------------------------------------------------------------
                 Wall time: 1.41196e+02 sec 
============================================================


============================================================
                  Calculating Fock matrix
------------------------------------------------------------
 Kinetic part                         1.386483138100000e+01
 Potential part                       5.081417822800000e+01
------------------------------------------------------------
                 Wall time: 6.46791e+01 sec 
============================================================


============================================================
                          Orbitals
------------------------------------------------------------
 Orb    F(i,i)        Error         nNodes  Spin  Occ  Done 
------------------------------------------------------------
  0  -1.89047e+01   1.37598e-06       1256    a    1    0
  1  -1.89047e+01   8.23878e-07          0    a    1    1
  2  -1.20964e+00   4.03088e-05          0    a    1    0
  3  -7.53380e-01   6.30657e-05          0    a    1    0
  4  -4.98787e-01   6.71868e-05        968    a    1    0
  5  -4.98254e-01   3.35300e-05          0    a    1    0
  6  -4.98184e-01   1.04534e-04          0    a    1    0
  7  -2.50646e-01   1.97963e-04          0    a    1    0
  8  -2.50646e-01   5.25592e-05        744    a    1    0
  9  -1.88786e+01   1.09400e-06          0    b    1    0
 10  -1.88785e+01   6.34852e-07          0    b    1    1
 11  -1.16600e+00   4.21701e-05          0    b    1    0
 12  -6.87459e-01   7.00124e-05       1128    b    1    0
 13  -4.65300e-01   5.61335e-05          0    b    1    0
 14  -4.29775e-01   4.46529e-05          0    b    1    0
 15  -4.29773e-01   1.32772e-04          0    b    1    0
------------------------------------------------------------
 Total error:                            3.05904e-04    0
============================================================


============================================================
                    Energy                 Update      Done 
------------------------------------------------------------
 Orbital      -8.270428226150904e+01    -1.76967e-05    1
 Kinetic       1.498459009754083e+02    -8.00251e-07    1
 N-E          -4.116948042728546e+02     1.67364e-05    1
 Coulomb       1.004278091981783e+02    -1.37757e-05    1
 Exchange      0.000000000000000e+00     0.00000e+00    1
 X-C          -1.688588587769769e+01     1.09630e-06    1
------------------------------------------------------------
 Electronic   -1.783069874059399e+02    -4.17224e-06    1
 Nuclear       2.804748979603583e+01     0.00000e+00    1
------------------------------------------------------------
 Total        -1.502594976099041e+02    -4.17224e-06    1
============================================================


################ Wall time: 7.61943e+02 sec ################




####################### SCF cycle  3 #######################


============================================================
 Current precision                              1.00000e-07
------------------------------------------------------------
 Orbital threshold                              1.00000e-06
 Property threshold                            -1.00000e+00
============================================================


============================================================
                   Calculating SCF energy
------------------------------------------------------------
 Nuclear energy                       2.804748979603583e+01
 Electronic energy                   -1.783069875225201e+02
------------------------------------------------------------
 Total energy                        -1.502594977264843e+02
------------------------------------------------------------
                 Wall time: 5.30478e+01 sec 
============================================================


============================================================
                Rotating Helmholtz argument
------------------------------------------------------------
 Rotating orbitals                              4.10036e+00
------------------------------------------------------------
                 Wall time: 4.10045e+00 sec 
============================================================


============================================================
                Applying Helmholtz operators
------------------------------------------------------------
 Orb    RealNorm   Nodes     ImagNorm   Nodes     Timing
------------------------------------------------------------
  0    1.00000e+00  1288    0.00000e+00     0   1.49485e+02
  4    1.00001e+00   968    0.00000e+00     0   1.23899e+02
  8    1.00000e+00   744    0.00000e+00     0   9.13956e+01
 12    1.00000e+00  1096    0.00000e+00     0   1.37843e+02
------------------------------------------------------------
                 Wall time: 5.02642e+02 sec 
============================================================


============================================================
                 Lowdin orthonormalization
------------------------------------------------------------
 Computing Lowdin matrix                        1.55477e+01
 Rotating orbitals                              3.44322e+00
------------------------------------------------------------
                 Wall time: 1.89910e+01 sec 
============================================================


============================================================
               Iterative subspace accelerator
------------------------------------------------------------
 Push back orbitals                             1.09173e-01
 Setup linear system                            5.91952e-01
 Solve linear system                            1.14220e-05
 Expand solution                                1.79835e+00
------------------------------------------------------------
                 Wall time: 2.49962e+00 sec 
============================================================


============================================================
                 Lowdin orthonormalization
------------------------------------------------------------
 Computing Lowdin matrix                        1.95027e+00
 Rotating orbitals                              3.28512e+00
------------------------------------------------------------
                 Wall time: 5.23547e+00 sec 
============================================================


============================================================
                  Setting up Fock operator
------------------------------------------------------------
 Precision                                      1.00000e-07
------------------------------------------------------------
 Coulomb density                      1448      4.18228e+00
 Coulomb potential                     680      7.13070e+01
 Allreduce potential                   648      7.68351e+00
 XC alpha density                     1448      3.48561e+00
 XC beta density                      1448      2.84017e+00
 XC evaluate xcfun                   13032      4.89425e+01
 XC energy                            1448      1.68153e-04
 XC potential                         2896      1.63898e+00
------------------------------------------------------------
                 Wall time: 1.41126e+02 sec 
============================================================


============================================================
                  Calculating Fock matrix
------------------------------------------------------------
 Kinetic part                         1.448004077300000e+01
 Potential part                       5.162967669900000e+01
------------------------------------------------------------
                 Wall time: 6.61098e+01 sec 
============================================================


============================================================
                          Orbitals
------------------------------------------------------------
 Orb    F(i,i)        Error         nNodes  Spin  Occ  Done 
------------------------------------------------------------
  0  -1.89047e+01   7.41969e-07       1256    a    1    1
  1  -1.89047e+01   2.16984e-07          0    a    1    1
  2  -1.20964e+00   1.34704e-05          0    a    1    0
  3  -7.53379e-01   2.27619e-05          0    a    1    0
  4  -4.98784e-01   2.00992e-05        968    a    1    0
  5  -4.98253e-01   4.20143e-06          0    a    1    0
  6  -4.98187e-01   3.03589e-05          0    a    1    0
  7  -2.50645e-01   6.84713e-05          0    a    1    0
  8  -2.50645e-01   8.22481e-06        744    a    1    0
  9  -1.88786e+01   5.42129e-07          0    b    1    1
 10  -1.88785e+01   1.40393e-07          0    b    1    1
 11  -1.16600e+00   1.24947e-05          0    b    1    0
 12  -6.87459e-01   6.09186e-05       1128    b    1    0
 13  -4.65300e-01   1.28019e-05          0    b    1    0
 14  -4.29774e-01   5.70145e-06          0    b    1    0
 15  -4.29773e-01   3.08954e-05          0    b    1    0
------------------------------------------------------------
 Total error:                            1.08710e-04    0
============================================================


============================================================
                    Energy                 Update      Done 
------------------------------------------------------------
 Orbital      -8.270431757233204e+01    -3.53108e-05    1
 Kinetic       1.498458848287835e+02    -1.61466e-05    1
 N-E          -4.116947548308301e+02     4.94420e-05    1
 Coulomb       1.004277727665109e+02    -3.64317e-05    1
 Exchange      0.000000000000000e+00     0.00000e+00    1
 X-C          -1.688588199300102e+01     3.88470e-06    1
------------------------------------------------------------
 Electronic   -1.783069875225201e+02    -1.16580e-07    1
 Nuclear       2.804748979603583e+01     0.00000e+00    1
------------------------------------------------------------
 Total        -1.502594977264843e+02    -1.16580e-07    1
============================================================


################ Wall time: 7.95265e+02 sec ################




####################### SCF cycle  4 #######################


============================================================
 Current precision                              1.00000e-07
------------------------------------------------------------
 Orbital threshold                              1.00000e-06
 Property threshold                            -1.00000e+00
============================================================


============================================================
                   Calculating SCF energy
------------------------------------------------------------
 Nuclear energy                       2.804748979603583e+01
 Electronic energy                   -1.783069875552993e+02
------------------------------------------------------------
 Total energy                        -1.502594977592634e+02
------------------------------------------------------------
                 Wall time: 5.17351e+01 sec 
============================================================


============================================================
                Rotating Helmholtz argument
------------------------------------------------------------
 Rotating orbitals                              4.18509e+00
------------------------------------------------------------
                 Wall time: 4.18518e+00 sec 
============================================================


============================================================
                Applying Helmholtz operators
------------------------------------------------------------
 Orb    RealNorm   Nodes     ImagNorm   Nodes     Timing
------------------------------------------------------------
  0    1.00000e+00  1288    0.00000e+00     0   1.53352e+02
  4    1.00000e+00   968    0.00000e+00     0   1.27543e+02
  8    1.00000e+00   744    0.00000e+00     0   9.68093e+01
 12    1.00000e+00  1096    0.00000e+00     0   1.40742e+02
------------------------------------------------------------
                 Wall time: 5.18471e+02 sec 
============================================================


============================================================
                 Lowdin orthonormalization
------------------------------------------------------------
 Computing Lowdin matrix                        8.14092e-01
 Rotating orbitals                              3.64054e+00
------------------------------------------------------------
                 Wall time: 4.45472e+00 sec 
============================================================


============================================================
               Iterative subspace accelerator
------------------------------------------------------------
 Push back orbitals                             1.49133e-01
 Setup linear system                            1.79604e+00
 Solve linear system                            1.56380e-05
 Expand solution                                2.84418e+00
------------------------------------------------------------
                 Wall time: 4.78950e+00 sec 
============================================================


============================================================
                 Lowdin orthonormalization
------------------------------------------------------------
 Computing Lowdin matrix                        1.84484e+00
 Rotating orbitals                              3.76721e+00
------------------------------------------------------------
                 Wall time: 5.61214e+00 sec 
============================================================


============================================================
                  Setting up Fock operator
------------------------------------------------------------
 Precision                                      1.00000e-07
------------------------------------------------------------
 Coulomb density                      1448      4.41515e+00
 Coulomb potential                     680      7.46401e+01
 Allreduce potential                   648      3.57171e+00
 XC alpha density                     1448      3.58184e+00
 XC beta density                      1448      2.77546e+00
 XC evaluate xcfun                   13032      4.95967e+01
 XC energy                            1448      1.74915e-04
 XC potential                         2896      1.67864e+00
------------------------------------------------------------
                 Wall time: 1.41368e+02 sec 
============================================================


============================================================
                  Calculating Fock matrix
------------------------------------------------------------
 Kinetic part                         1.373467250700000e+01
 Potential part                       5.145359780000000e+01
------------------------------------------------------------
                 Wall time: 6.51884e+01 sec 
============================================================


============================================================
                          Orbitals
------------------------------------------------------------
 Orb    F(i,i)        Error         nNodes  Spin  Occ  Done 
------------------------------------------------------------
  0  -1.89047e+01   6.45030e-07       1256    a    1    1
  1  -1.89047e+01   6.19792e-07          0    a    1    1
  2  -1.20964e+00   7.05820e-06          0    a    1    0
  3  -7.53380e-01   1.26681e-05          0    a    1    0
  4  -4.98780e-01   1.42664e-05        968    a    1    0
  5  -4.98254e-01   9.46083e-06          0    a    1    0
  6  -4.98193e-01   1.56388e-05          0    a    1    0
  7  -2.50646e-01   2.90533e-05          0    a    1    0
  8  -2.50646e-01   7.67113e-06        744    a    1    0
  9  -1.88786e+01   3.37048e-07          0    b    1    1
 10  -1.88785e+01   1.78552e-07          0    b    1    1
 11  -1.16600e+00   5.27390e-06          0    b    1    0
 12  -6.87460e-01   1.19247e-04       1128    b    1    0
 13  -4.65301e-01   6.46968e-06          0    b    1    0
 14  -4.29775e-01   6.52143e-06          0    b    1    0
 15  -4.29774e-01   9.85535e-06          0    b    1    0
------------------------------------------------------------
 Total error:                            1.26811e-04    0
============================================================


============================================================
                    Energy                 Update      Done 
------------------------------------------------------------
 Orbital      -8.270430719252465e+01     1.03798e-05    1
 Kinetic       1.498458991171451e+02     1.42884e-05    1
 N-E          -4.116947783342171e+02    -2.35034e-05    1
 Coulomb       1.004277836009975e+02     1.08345e-05    1
 Exchange      0.000000000000000e+00     0.00000e+00    1
 X-C          -1.688588341442120e+01    -1.42142e-06    1
------------------------------------------------------------
 Electronic   -1.783069875552993e+02    -3.27792e-08    1
 Nuclear       2.804748979603583e+01     0.00000e+00    1
------------------------------------------------------------
 Total        -1.502594977592634e+02    -3.27792e-08    1
============================================================


################ Wall time: 7.97852e+02 sec ################




####################### SCF cycle  5 #######################


============================================================
 Current precision                              1.00000e-07
------------------------------------------------------------
 Orbital threshold                              1.00000e-06
 Property threshold                            -1.00000e+00
============================================================


============================================================
                   Calculating SCF energy
------------------------------------------------------------
 Nuclear energy                       2.804748979603583e+01
 Electronic energy                   -1.783069875932443e+02
------------------------------------------------------------
 Total energy                        -1.502594977972085e+02
------------------------------------------------------------
                 Wall time: 5.38786e+01 sec 
============================================================


============================================================
                Rotating Helmholtz argument
------------------------------------------------------------
 Rotating orbitals                              4.24129e+00
------------------------------------------------------------
                 Wall time: 4.24138e+00 sec 
============================================================


============================================================
                Applying Helmholtz operators
------------------------------------------------------------
 Orb    RealNorm   Nodes     ImagNorm   Nodes     Timing
------------------------------------------------------------
  0    1.00000e+00  1288    0.00000e+00     0   1.61639e+02
  4    9.99999e-01   968    0.00000e+00     0   1.32345e+02
  8    1.00000e+00   744    0.00000e+00     0   1.03105e+02
 12    1.00000e+00  1096    0.00000e+00     0   1.49550e+02
------------------------------------------------------------
                 Wall time: 5.46663e+02 sec 
============================================================


============================================================
                 Lowdin orthonormalization
------------------------------------------------------------
 Computing Lowdin matrix                        2.04743e+00
 Rotating orbitals                              3.62054e+00
------------------------------------------------------------
                 Wall time: 5.66806e+00 sec 
============================================================


============================================================
               Iterative subspace accelerator
------------------------------------------------------------
 Push back orbitals                             1.47769e-01
 Setup linear system                            3.76563e+00
 Solve linear system                            1.38620e-05
 Expand solution                                3.96681e+00
------------------------------------------------------------
                 Wall time: 7.88036e+00 sec 
============================================================


============================================================
                 Lowdin orthonormalization
------------------------------------------------------------
 Computing Lowdin matrix                        1.92827e+00
 Rotating orbitals                              4.16554e+00
------------------------------------------------------------
                 Wall time: 6.09389e+00 sec 
============================================================


============================================================
                  Setting up Fock operator
------------------------------------------------------------
 Precision                                      1.00000e-07
------------------------------------------------------------
 Coulomb density                      1448      4.54559e+00
 Coulomb potential                     680      7.79253e+01
 Allreduce potential                   648      1.09295e+00
 XC alpha density                     1448      3.72378e+00
 XC beta density                      1448      2.87360e+00
 XC evaluate xcfun                   13032      4.97642e+01
 XC energy                            1448      1.74001e-04
 XC potential                         2896      1.70756e+00
------------------------------------------------------------
                 Wall time: 1.42743e+02 sec 
============================================================


============================================================
                  Calculating Fock matrix
------------------------------------------------------------
 Kinetic part                         1.383378628300000e+01
 Potential part                       5.141791057300000e+01
------------------------------------------------------------
                 Wall time: 6.52518e+01 sec 
============================================================


============================================================
                          Orbitals
------------------------------------------------------------
 Orb    F(i,i)        Error         nNodes  Spin  Occ  Done 
------------------------------------------------------------
  0  -1.89047e+01   5.46644e-07       1256    a    1    1
  1  -1.89047e+01   1.44517e-06          0    a    1    0
  2  -1.20963e+00   4.98535e-06          0    a    1    0
  3  -7.53378e-01   6.48286e-06          0    a    1    0
  4  -4.98773e-01   1.11591e-05        968    a    1    0
  5  -4.98252e-01   9.24103e-06          0    a    1    0
  6  -4.98195e-01   1.15705e-05          0    a    1    0
  7  -2.50644e-01   1.60995e-05          0    a    1    0
  8  -2.50644e-01   9.37405e-06        744    a    1    0
  9  -1.88786e+01   4.80135e-07          0    b    1    1
 10  -1.88785e+01   4.57919e-07          0    b    1    1
 11  -1.16600e+00   3.27629e-06          0    b    1    0
 12  -6.87457e-01   1.47695e-04       1128    b    1    0
 13  -4.65298e-01   4.67828e-06          0    b    1    0
 14  -4.29773e-01   4.93207e-06          0    b    1    0
 15  -4.29772e-01   9.02210e-06          0    b    1    0
------------------------------------------------------------
 Total error:                            1.50707e-04    0
============================================================


============================================================
                    Energy                 Update      Done 
------------------------------------------------------------
 Orbital      -8.270432948549033e+01    -2.22930e-05    1
 Kinetic       1.498458815124085e+02    -1.76047e-05    1
 N-E          -4.116947402911620e+02     3.80431e-05    1
 Coulomb       1.004277605007482e+02    -2.31002e-05    1
 Exchange      0.000000000000000e+00     0.00000e+00    1
 X-C          -1.688588069715209e+01     2.71727e-06    1
------------------------------------------------------------
 Electronic   -1.783069875932443e+02    -3.79450e-08    1
 Nuclear       2.804748979603583e+01     0.00000e+00    1
------------------------------------------------------------
 Total        -1.502594977972085e+02    -3.79450e-08    1
============================================================


################ Wall time: 8.34595e+02 sec ################




####################### SCF cycle  6 #######################


============================================================
 Current precision                              1.00000e-07
------------------------------------------------------------
 Orbital threshold                              1.00000e-06
 Property threshold                            -1.00000e+00
============================================================


============================================================
                   Calculating SCF energy
------------------------------------------------------------
 Nuclear energy                       2.804748979603583e+01
 Electronic energy                   -1.783069876137643e+02
------------------------------------------------------------
 Total energy                        -1.502594978177285e+02
------------------------------------------------------------
                 Wall time: 5.40806e+01 sec 
============================================================


============================================================
                Rotating Helmholtz argument
------------------------------------------------------------
 Rotating orbitals                              4.23134e+00
------------------------------------------------------------
                 Wall time: 4.23144e+00 sec 
============================================================


============================================================
                Applying Helmholtz operators
------------------------------------------------------------
 Orb    RealNorm   Nodes     ImagNorm   Nodes     Timing
------------------------------------------------------------
  0    1.00000e+00  1288    0.00000e+00     0   1.64174e+02
  4    9.99999e-01   968    0.00000e+00     0   1.31834e+02
  8    1.00000e+00   744    0.00000e+00     0   9.77533e+01
 12    1.00000e+00  1096    0.00000e+00     0   1.45324e+02
------------------------------------------------------------
                 Wall time: 5.39108e+02 sec 
============================================================


============================================================
                 Lowdin orthonormalization
------------------------------------------------------------
 Computing Lowdin matrix                        8.21400e-01
 Rotating orbitals                              3.66829e+00
------------------------------------------------------------
                 Wall time: 4.48977e+00 sec 
============================================================


============================================================
               Iterative subspace accelerator
------------------------------------------------------------
 Push back orbitals                             2.00846e-01
 Setup linear system                            3.55797e+00
 Solve linear system                            1.06730e-05
 Expand solution                                3.83364e+00
------------------------------------------------------------
                 Wall time: 7.59261e+00 sec 
============================================================


============================================================
                 Lowdin orthonormalization
------------------------------------------------------------
 Computing Lowdin matrix                        2.22786e+00
 Rotating orbitals                              3.96485e+00
------------------------------------------------------------
                 Wall time: 6.19279e+00 sec 
============================================================


============================================================
                  Setting up Fock operator
------------------------------------------------------------
 Precision                                      1.00000e-07
------------------------------------------------------------
 Coulomb density                      1448      4.57003e+00
 Coulomb potential                     680      7.92674e+01
 Allreduce potential                   648      1.33719e+00
 XC alpha density                     1448      3.87108e+00
 XC beta density                      1448      2.97985e+00
 XC evaluate xcfun                   13032      4.93700e+01
 XC energy                            1448      2.05688e-04
 XC potential                         2896      1.78687e+00
------------------------------------------------------------
                 Wall time: 1.44311e+02 sec 
============================================================


============================================================
                  Calculating Fock matrix
------------------------------------------------------------
 Kinetic part                         1.466473566200000e+01
 Potential part                       5.288303184200000e+01
------------------------------------------------------------
                 Wall time: 6.75479e+01 sec 
============================================================


============================================================
                          Orbitals
------------------------------------------------------------
 Orb    F(i,i)        Error         nNodes  Spin  Occ  Done 
------------------------------------------------------------
  0  -1.89047e+01   1.10809e-07       1256    a    1    1
  1  -1.89047e+01   2.96518e-07          0    a    1    1
  2  -1.20964e+00   1.20638e-06          0    a    1    0
  3  -7.53380e-01   2.27347e-06          0    a    1    0
  4  -4.98775e-01   2.06280e-06        968    a    1    0
  5  -4.98254e-01   1.59253e-06          0    a    1    0
  6  -4.98198e-01   2.81250e-06          0    a    1    0
  7  -2.50646e-01   3.93291e-06          0    a    1    0
  8  -2.50646e-01   1.99020e-06        744    a    1    0
  9  -1.88786e+01   8.64200e-08          0    b    1    1
 10  -1.88785e+01   8.68350e-08          0    b    1    1
 11  -1.16600e+00   1.43750e-06          0    b    1    0
 12  -6.87460e-01   1.82669e-05       1128    b    1    0
 13  -4.65301e-01   2.06646e-06          0    b    1    0
 14  -4.29775e-01   1.84121e-06          0    b    1    0
 15  -4.29774e-01   2.74036e-06          0    b    1    0
------------------------------------------------------------
 Total error:                            1.97935e-05    0
============================================================


============================================================
                    Energy                 Update      Done 
------------------------------------------------------------
 Orbital      -8.270427790803558e+01     5.15775e-05    1
 Kinetic       1.498459241332226e+02     4.26208e-05    1
 N-E          -4.116948300753392e+02    -8.97842e-05    1
 Coulomb       1.004278140513344e+02     5.35506e-05    1
 Exchange      0.000000000000000e+00     0.00000e+00    1
 X-C          -1.688588701644541e+01    -6.31929e-06    1
------------------------------------------------------------
 Electronic   -1.783069876137643e+02    -2.05200e-08    1
 Nuclear       2.804748979603583e+01     0.00000e+00    1
------------------------------------------------------------
 Total        -1.502594978177285e+02    -2.05200e-08    1
============================================================


################ Wall time: 8.29971e+02 sec ################




####################### SCF cycle  7 #######################


============================================================
 Current precision                              1.00000e-07
------------------------------------------------------------
 Orbital threshold                              1.00000e-06
 Property threshold                            -1.00000e+00
============================================================


============================================================
                   Calculating SCF energy
------------------------------------------------------------
 Nuclear energy                       2.804748979603583e+01
 Electronic energy                   -1.783069876145334e+02
------------------------------------------------------------
 Total energy                        -1.502594978184976e+02
------------------------------------------------------------
                 Wall time: 5.59492e+01 sec 
============================================================


============================================================
                Rotating Helmholtz argument
------------------------------------------------------------
 Rotating orbitals                              4.31791e+00
------------------------------------------------------------
                 Wall time: 4.31802e+00 sec 
============================================================


============================================================
                Applying Helmholtz operators
------------------------------------------------------------
 Orb    RealNorm   Nodes     ImagNorm   Nodes     Timing
------------------------------------------------------------
  0    1.00000e+00  1288    0.00000e+00     0   1.64709e+02
  4    9.99999e-01   968    0.00000e+00     0   1.43899e+02
  8    1.00000e+00   744    0.00000e+00     0   1.10670e+02
 12    1.00000e+00  1096    0.00000e+00     0   1.54297e+02
------------------------------------------------------------
                 Wall time: 5.73598e+02 sec 
============================================================


============================================================
                 Lowdin orthonormalization
------------------------------------------------------------
 Computing Lowdin matrix                        8.09725e-01
 Rotating orbitals                              3.56898e+00
------------------------------------------------------------
                 Wall time: 4.37879e+00 sec 
============================================================


============================================================
               Iterative subspace accelerator
------------------------------------------------------------
 Push back orbitals                             6.59595e-02
 Setup linear system                            3.64838e+00
 Solve linear system                            1.10260e-05
 Expand solution                                3.71772e+00
------------------------------------------------------------
                 Wall time: 7.43223e+00 sec 
============================================================


============================================================
                 Lowdin orthonormalization
------------------------------------------------------------
 Computing Lowdin matrix                        1.96083e+00
 Rotating orbitals                              3.51184e+00
------------------------------------------------------------
                 Wall time: 5.47275e+00 sec 
============================================================


============================================================
                  Setting up Fock operator
------------------------------------------------------------
 Precision                                      1.00000e-07
------------------------------------------------------------
 Coulomb density                      1448      4.98188e+00
 Coulomb potential                     680      8.26469e+01
 Allreduce potential                   648      1.47112e+00
 XC alpha density                     1448      4.07186e+00
 XC beta density                      1448      3.10358e+00
 XC evaluate xcfun                   13032      4.87364e+01
 XC energy                            1448      1.56810e-04
 XC potential                         2896      1.78530e+00
------------------------------------------------------------
                 Wall time: 1.47937e+02 sec 
============================================================


============================================================
                  Calculating Fock matrix
------------------------------------------------------------
 Kinetic part                         1.614440656100000e+01
 Potential part                       5.586019485600000e+01
------------------------------------------------------------
                 Wall time: 7.20047e+01 sec 
============================================================


============================================================
                          Orbitals
------------------------------------------------------------
 Orb    F(i,i)        Error         nNodes  Spin  Occ  Done 
------------------------------------------------------------
  0  -1.89047e+01   3.08337e-08       1256    a    1    1
  1  -1.89047e+01   5.45917e-08          0    a    1    1
  2  -1.20964e+00   7.34128e-07          0    a    1    1
  3  -7.53379e-01   1.19150e-06          0    a    1    0
  4  -4.98773e-01   1.26656e-06        968    a    1    0
  5  -4.98253e-01   5.86994e-07          0    a    1    1
  6  -4.98197e-01   9.80092e-07          0    a    1    1
  7  -2.50645e-01   1.25257e-06          0    a    1    0
  8  -2.50645e-01   7.58143e-07        744    a    1    1
  9  -1.88786e+01   2.45112e-08          0    b    1    1
 10  -1.88785e+01   2.81758e-08          0    b    1    1
 11  -1.16600e+00   8.12481e-07          0    b    1    1
 12  -6.87459e-01   4.82646e-06       1128    b    1    0
 13  -4.65300e-01   9.18862e-07          0    b    1    1
 14  -4.29774e-01   7.38017e-07          0    b    1    1
 15  -4.29773e-01   1.17458e-06          0    b    1    0
------------------------------------------------------------
 Total error:                            5.80865e-06    0
============================================================


============================================================
                    Energy                 Update      Done 
------------------------------------------------------------
 Orbital      -8.270433068858441e+01    -5.27805e-05    1
 Kinetic       1.498458793033565e+02    -4.48299e-05    1
 N-E          -4.116947369321417e+02     9.31432e-05    1
 Coulomb       1.004277592722189e+02    -5.47791e-05    1
 Exchange      0.000000000000000e+00     0.00000e+00    1
 X-C          -1.688588054556514e+01     6.47088e-06    1
------------------------------------------------------------
 Electronic   -1.783069876145334e+02    -7.69148e-10    1
 Nuclear       2.804748979603583e+01     0.00000e+00    1
------------------------------------------------------------
 Total        -1.502594978184976e+02    -7.69148e-10    1
============================================================


################ Wall time: 8.73278e+02 sec ################




####################### SCF cycle  8 #######################


============================================================
 Current precision                              1.00000e-07
------------------------------------------------------------
 Orbital threshold                              1.00000e-06
 Property threshold                            -1.00000e+00
============================================================


============================================================
                   Calculating SCF energy
------------------------------------------------------------
 Nuclear energy                       2.804748979603583e+01
 Electronic energy                   -1.783069876146401e+02
------------------------------------------------------------
 Total energy                        -1.502594978186043e+02
------------------------------------------------------------
                 Wall time: 5.83812e+01 sec 
============================================================


============================================================
                Rotating Helmholtz argument
------------------------------------------------------------
 Rotating orbitals                              4.36426e+00
------------------------------------------------------------
                 Wall time: 4.36436e+00 sec 
============================================================


============================================================
                Applying Helmholtz operators
------------------------------------------------------------
 Orb    RealNorm   Nodes     ImagNorm   Nodes     Timing
------------------------------------------------------------
  0    1.00000e+00  1288    0.00000e+00     0   1.67545e+02
  4    1.00000e+00   968    0.00000e+00     0   1.44083e+02
  8    1.00000e+00   744    0.00000e+00     0   1.02867e+02
 12    1.00000e+00  1096    0.00000e+00     0   1.59166e+02
------------------------------------------------------------
                 Wall time: 5.73683e+02 sec 
============================================================


============================================================
                 Lowdin orthonormalization
------------------------------------------------------------
 Computing Lowdin matrix                        9.51512e+00
 Rotating orbitals                              3.68956e+00
------------------------------------------------------------
                 Wall time: 1.32048e+01 sec 
============================================================


============================================================
               Iterative subspace accelerator
------------------------------------------------------------
 Push back orbitals                             1.15114e-01
 Setup linear system                            3.80708e+00
 Solve linear system                            1.05450e-05
 Expand solution                                3.72880e+00
------------------------------------------------------------
                 Wall time: 7.65116e+00 sec 
============================================================


============================================================
                 Lowdin orthonormalization
------------------------------------------------------------
 Computing Lowdin matrix                        1.90481e+00
 Rotating orbitals                              3.44553e+00
------------------------------------------------------------
                 Wall time: 5.35043e+00 sec 
============================================================


============================================================
                  Setting up Fock operator
------------------------------------------------------------
 Precision                                      1.00000e-07
------------------------------------------------------------
 Coulomb density                      1448      4.98733e+00
 Coulomb potential                     680      8.33525e+01
 Allreduce potential                   648      4.05473e+00
 XC alpha density                     1448      4.02942e+00
 XC beta density                      1448      3.19377e+00
 XC evaluate xcfun                   13032      4.85186e+01
 XC energy                            1448      1.54321e-04
 XC potential                         2896      1.72698e+00
------------------------------------------------------------
                 Wall time: 1.51013e+02 sec 
============================================================


============================================================
                  Calculating Fock matrix
------------------------------------------------------------
 Kinetic part                         1.644433075100000e+01
 Potential part                       5.763069359300000e+01
------------------------------------------------------------
                 Wall time: 7.40751e+01 sec 
============================================================


============================================================
                          Orbitals
------------------------------------------------------------
 Orb    F(i,i)        Error         nNodes  Spin  Occ  Done 
------------------------------------------------------------
  0  -1.89047e+01   9.47248e-09       1256    a    1    1
  1  -1.89047e+01   2.55730e-08          0    a    1    1
  2  -1.20964e+00   5.85495e-07          0    a    1    1
  3  -7.53379e-01   8.45539e-07          0    a    1    1
  4  -4.98774e-01   7.71331e-07        968    a    1    1
  5  -4.98254e-01   1.64630e-07          0    a    1    1
  6  -4.98198e-01   7.75213e-07          0    a    1    1
  7  -2.50646e-01   5.97849e-07          0    a    1    1
  8  -2.50645e-01   2.19117e-07        744    a    1    1
  9  -1.88786e+01   1.97813e-08          0    b    1    1
 10  -1.88785e+01   8.00451e-09          0    b    1    1
 11  -1.16600e+00   6.24064e-07          0    b    1    1
 12  -6.87459e-01   1.81509e-06       1128    b    1    0
 13  -4.65300e-01   5.19719e-07          0    b    1    1
 14  -4.29774e-01   2.60762e-07          0    b    1    1
 15  -4.29773e-01   7.33770e-07          0    b    1    1
------------------------------------------------------------
 Total error:                            2.69219e-06    0
============================================================


============================================================
                    Energy                 Update      Done 
------------------------------------------------------------
 Orbital      -8.270430597883006e+01     2.47098e-05    1
 Kinetic       1.498459002401926e+02     2.09368e-05    1
 N-E          -4.116947804812751e+02    -4.35491e-05    1
 Coulomb       1.004277849194356e+02     2.56472e-05    1
 Exchange      0.000000000000000e+00     0.00000e+00    1
 X-C          -1.688588357971884e+01    -3.03415e-06    1
------------------------------------------------------------
 Electronic   -1.783069876146401e+02    -1.06667e-10    1
 Nuclear       2.804748979603583e+01     0.00000e+00    1
------------------------------------------------------------
 Total        -1.502594978186043e+02    -1.06667e-10    1
============================================================


################ Wall time: 8.90019e+02 sec ################




####################### SCF cycle  9 #######################


============================================================
 Current precision                              1.00000e-07
------------------------------------------------------------
 Orbital threshold                              1.00000e-06
 Property threshold                            -1.00000e+00
============================================================


============================================================
                   Calculating SCF energy
------------------------------------------------------------
 Nuclear energy                       2.804748979603583e+01
 Electronic energy                   -1.783069876146650e+02
------------------------------------------------------------
 Total energy                        -1.502594978186292e+02
------------------------------------------------------------
                 Wall time: 6.00605e+01 sec 
============================================================


============================================================
                Rotating Helmholtz argument
------------------------------------------------------------
 Rotating orbitals                              4.55470e+00
------------------------------------------------------------
                 Wall time: 4.55479e+00 sec 
============================================================


============================================================
                Applying Helmholtz operators
------------------------------------------------------------
 Orb    RealNorm   Nodes     ImagNorm   Nodes     Timing
------------------------------------------------------------
  0    1.00000e+00  1288    0.00000e+00     0   1.71088e+02
  4    1.00000e+00   968    0.00000e+00     0   1.43764e+02
  8    1.00000e+00   744    0.00000e+00     0   1.05889e+02
 12    1.00000e+00  1096    0.00000e+00     0   1.65557e+02
------------------------------------------------------------
                 Wall time: 5.86317e+02 sec 
============================================================


============================================================
                 Lowdin orthonormalization
------------------------------------------------------------
 Computing Lowdin matrix                        8.45278e+00
 Rotating orbitals                              3.68878e+00
------------------------------------------------------------
                 Wall time: 1.21417e+01 sec 
============================================================


============================================================
               Iterative subspace accelerator
------------------------------------------------------------
 Push back orbitals                             1.35607e-01
 Setup linear system                            3.92705e+00
 Solve linear system                            1.08420e-05
 Expand solution                                3.47215e+00
------------------------------------------------------------
                 Wall time: 7.53495e+00 sec 
============================================================


============================================================
                 Lowdin orthonormalization
------------------------------------------------------------
 Computing Lowdin matrix                        1.83433e+00
 Rotating orbitals                              3.07982e+00
------------------------------------------------------------
                 Wall time: 4.91422e+00 sec 
============================================================


============================================================
                  Setting up Fock operator
------------------------------------------------------------
 Precision                                      1.00000e-07
------------------------------------------------------------
 Coulomb density                      1448      4.58637e+00
 Coulomb potential                     680      8.22969e+01
 Allreduce potential                   648      6.75441e+00
 XC alpha density                     1448      3.65378e+00
 XC beta density                      1448      3.14952e+00
 XC evaluate xcfun                   13032      5.05646e+01
 XC energy                            1448      1.71913e-04
 XC potential                         2896      1.70946e+00
------------------------------------------------------------
                 Wall time: 1.53896e+02 sec 
============================================================


============================================================
                  Calculating Fock matrix
------------------------------------------------------------
 Kinetic part                         1.395245172900000e+01
 Potential part                       5.739433127100000e+01
------------------------------------------------------------
                 Wall time: 7.13469e+01 sec 
============================================================


============================================================
                          Orbitals
------------------------------------------------------------
 Orb    F(i,i)        Error         nNodes  Spin  Occ  Done 
------------------------------------------------------------
  0  -1.89047e+01   1.44979e-08       1256    a    1    1
  1  -1.89047e+01   8.09206e-08          0    a    1    1
  2  -1.20964e+00   2.02362e-07          0    a    1    1
  3  -7.53379e-01   1.98400e-07          0    a    1    1
  4  -4.98774e-01   3.01624e-07        968    a    1    1
  5  -4.98254e-01   7.49451e-08          0    a    1    1
  6  -4.98198e-01   2.38999e-07          0    a    1    1
  7  -2.50646e-01   7.57308e-07          0    a    1    1
  8  -2.50645e-01   7.72634e-08        744    a    1    1
  9  -1.88786e+01   1.86527e-08          0    b    1    1
 10  -1.88785e+01   1.11904e-08          0    b    1    1
 11  -1.16600e+00   2.00541e-07          0    b    1    1
 12  -6.87459e-01   3.92291e-07       1128    b    1    1
 13  -4.65300e-01   1.54221e-07          0    b    1    1
 14  -4.29774e-01   4.59817e-08          0    b    1    1
 15  -4.29773e-01   2.08501e-07          0    b    1    1
------------------------------------------------------------
 Total error:                            1.04126e-06    1
============================================================


============================================================
                    Energy                 Update      Done 
------------------------------------------------------------
 Orbital      -8.270431317203600e+01    -7.19321e-06    1
 Kinetic       1.498458941601564e+02    -6.08004e-06    1
 N-E          -4.116947678175244e+02     1.26638e-05    1
 Coulomb       1.004277774540272e+02    -7.46541e-06    1
 Exchange      0.000000000000000e+00     0.00000e+00    1
 X-C          -1.688588269801082e+01     8.81708e-07    1
------------------------------------------------------------
 Electronic   -1.783069876146650e+02    -2.49543e-11    1
 Nuclear       2.804748979603583e+01     0.00000e+00    1
------------------------------------------------------------
 Total        -1.502594978186292e+02    -2.49543e-11    1
============================================================


################ Wall time: 9.03081e+02 sec ################


============================================================
                      Convergence rate
------------------------------------------------------------
Iter    OrbError       Property                   Update  
------------------------------------------------------------
  1    2.02025e-03    -1.502594934376617e+02   -1.50259e+02
  2    3.05904e-04    -1.502594976099041e+02   -4.17224e-06
  3    1.08710e-04    -1.502594977264843e+02   -1.16580e-07
  4    1.26811e-04    -1.502594977592634e+02   -3.27792e-08
  5    1.50707e-04    -1.502594977972085e+02   -3.79450e-08
  6    1.97935e-05    -1.502594978177285e+02   -2.05200e-08
  7    5.80865e-06    -1.502594978184976e+02   -7.69148e-10
  8    2.69219e-06    -1.502594978186043e+02   -1.06667e-10
  9    1.04126e-06    -1.502594978186292e+02   -2.49543e-11
------------------------------------------------------------
                      SCF converged!!!                      
============================================================


============================================================
                  Digonalizing Fock matrix
------------------------------------------------------------
 Computing Lowdin matrix                        9.03299e-01
 Diagonalizing matrix                           3.23520e-05
 Rotating orbitals                              4.02489e+00
------------------------------------------------------------
                 Wall time: 4.92831e+00 sec 
============================================================


============================================================
                  Setting up Fock operator
------------------------------------------------------------
 Precision                                      1.00000e-07
------------------------------------------------------------
 Coulomb density                      1448      4.19633e+00
 Coulomb potential                     680      6.72906e+01
 Allreduce potential                   648      5.98631e+00
 XC alpha density                     1448      3.60159e+00
 XC beta density                      1448      2.70487e+00
 XC evaluate xcfun                   13032      4.83153e+01
 XC energy                            1448      1.53987e-04
 XC potential                         2896      1.33654e+00
------------------------------------------------------------
                 Wall time: 1.34446e+02 sec 
============================================================


============================================================
                   Calculating SCF energy
------------------------------------------------------------
------------------------------------------------------------
                 Wall time: 5.38726e+01 sec 
============================================================


============================================================
                 Calculating dipole moment
------------------------------------------------------------
------------------------------------------------------------
                 Wall time: 1.93084e+01 sec 
============================================================


============================================================
                        Fock matrix
------------------------------------------------------------
-1.89047e+01  0.00000e+00  0.00000e+00  0.00000e+00  0.00000e+00  0.00000e+00  0.00000e+00  0.00000e+00  0.00000e+00  0.00000e+00  0.00000e+00  0.00000e+00  0.00000e+00  0.00000e+00  0.00000e+00  0.00000e+00
 0.00000e+00 -1.89047e+01  0.00000e+00  0.00000e+00  0.00000e+00  0.00000e+00  0.00000e+00  0.00000e+00  0.00000e+00  0.00000e+00  0.00000e+00  0.00000e+00  0.00000e+00  0.00000e+00  0.00000e+00  0.00000e+00
 0.00000e+00  0.00000e+00 -1.20964e+00  0.00000e+00  0.00000e+00  0.00000e+00  0.00000e+00  0.00000e+00  0.00000e+00  0.00000e+00  0.00000e+00  0.00000e+00  0.00000e+00  0.00000e+00  0.00000e+00  0.00000e+00
 0.00000e+00  0.00000e+00  0.00000e+00 -7.53379e-01  0.00000e+00  0.00000e+00  0.00000e+00  0.00000e+00  0.00000e+00  0.00000e+00  0.00000e+00  0.00000e+00  0.00000e+00  0.00000e+00  0.00000e+00  0.00000e+00
 0.00000e+00  0.00000e+00  0.00000e+00  0.00000e+00 -4.98775e-01  0.00000e+00  0.00000e+00  0.00000e+00  0.00000e+00  0.00000e+00  0.00000e+00  0.00000e+00  0.00000e+00  0.00000e+00  0.00000e+00  0.00000e+00
 0.00000e+00  0.00000e+00  0.00000e+00  0.00000e+00  0.00000e+00 -4.98254e-01  0.00000e+00  0.00000e+00  0.00000e+00  0.00000e+00  0.00000e+00  0.00000e+00  0.00000e+00  0.00000e+00  0.00000e+00  0.00000e+00
 0.00000e+00  0.00000e+00  0.00000e+00  0.00000e+00  0.00000e+00  0.00000e+00 -4.98197e-01  0.00000e+00  0.00000e+00  0.00000e+00  0.00000e+00  0.00000e+00  0.00000e+00  0.00000e+00  0.00000e+00  0.00000e+00
 0.00000e+00  0.00000e+00  0.00000e+00  0.00000e+00  0.00000e+00  0.00000e+00  0.00000e+00 -2.50646e-01  0.00000e+00  0.00000e+00  0.00000e+00  0.00000e+00  0.00000e+00  0.00000e+00  0.00000e+00  0.00000e+00
 0.00000e+00  0.00000e+00  0.00000e+00  0.00000e+00  0.00000e+00  0.00000e+00  0.00000e+00  0.00000e+00 -2.50645e-01  0.00000e+00  0.00000e+00  0.00000e+00  0.00000e+00  0.00000e+00  0.00000e+00  0.00000e+00
 0.00000e+00  0.00000e+00  0.00000e+00  0.00000e+00  0.00000e+00  0.00000e+00  0.00000e+00  0.00000e+00  0.00000e+00 -1.88786e+01  0.00000e+00  0.00000e+00  0.00000e+00  0.00000e+00  0.00000e+00  0.00000e+00
 0.00000e+00  0.00000e+00  0.00000e+00  0.00000e+00  0.00000e+00  0.00000e+00  0.00000e+00  0.00000e+00  0.00000e+00  0.00000e+00 -1.88785e+01  0.00000e+00  0.00000e+00  0.00000e+00  0.00000e+00  0.00000e+00
 0.00000e+00  0.00000e+00  0.00000e+00  0.00000e+00  0.00000e+00  0.00000e+00  0.00000e+00  0.00000e+00  0.00000e+00  0.00000e+00  0.00000e+00 -1.16600e+00  0.00000e+00  0.00000e+00  0.00000e+00  0.00000e+00
 0.00000e+00  0.00000e+00  0.00000e+00  0.00000e+00  0.00000e+00  0.00000e+00  0.00000e+00  0.00000e+00  0.00000e+00  0.00000e+00  0.00000e+00  0.00000e+00 -6.87459e-01  0.00000e+00  0.00000e+00  0.00000e+00
 0.00000e+00  0.00000e+00  0.00000e+00  0.00000e+00  0.00000e+00  0.00000e+00  0.00000e+00  0.00000e+00  0.00000e+00  0.00000e+00  0.00000e+00  0.00000e+00  0.00000e+00 -4.65300e-01  0.00000e+00  0.00000e+00
 0.00000e+00  0.00000e+00  0.00000e+00  0.00000e+00  0.00000e+00  0.00000e+00  0.00000e+00  0.00000e+00  0.00000e+00  0.00000e+00  0.00000e+00  0.00000e+00  0.00000e+00  0.00000e+00 -4.29774e-01  0.00000e+00
 0.00000e+00  0.00000e+00  0.00000e+00  0.00000e+00  0.00000e+00  0.00000e+00  0.00000e+00  0.00000e+00  0.00000e+00  0.00000e+00  0.00000e+00  0.00000e+00  0.00000e+00  0.00000e+00  0.00000e+00 -4.29773e-01
============================================================


============================================================
                      Orbital energies
------------------------------------------------------------
    n  spin  occ                            epsilon  
------------------------------------------------------------
    0    a    1                      -1.890473536592578e+01
    1    a    1                      -1.890465644482404e+01
    2    a    1                      -1.887858222361368e+01
    3    a    1                      -1.887850303038917e+01
    4    a    1                      -1.209636149103831e+00
    5    a    1                      -1.165997322383246e+00
    6    a    1                      -7.533793739723172e-01
    7    a    1                      -6.874588702883382e-01
    8    a    1                      -4.987745421144436e-01
    9    b    1                      -4.982535709763189e-01
   10    b    1                      -4.981968842326306e-01
   11    b    1                      -4.653001009056610e-01
   12    b    1                      -4.297743037194663e-01
   13    b    1                      -4.297732769221098e-01
   14    b    1                      -2.506455682499747e-01
   15    b    1                      -2.506453399657930e-01
============================================================


============================================================
                          Molecule
------------------------------------------------------------
 Nr  Element             x             y             z      
------------------------------------------------------------
  1     O           0.00000e+00   0.00000e+00   0.00000e+00
  2     O           0.00000e+00   0.00000e+00   2.28184e+00
------------------------------------------------------------
 Center of mass:    0.00000e+00   0.00000e+00   1.14092e+00
============================================================


                                                            
============================================================
                         SCF Energy                         
------------------------------------------------------------
                                                            
 Sum orbital energy:                 -8.270431236758681e+01
 Kinetic energy:                      1.498458948531098e+02
 E-N energy:                         -4.116947692503752e+02
 Coulomb energy:                      1.004277782890543e+02
 Exchange energy:                     0.000000000000000e+00
 X-C energy:                         -1.688588279650343e+01
 El. external field energy:          -8.713104648305825e-06
 Nuc. external field energy:         -1.036094024161119e-14
                                                            
------------------------------------------------------------
                                                            
 Electronic energy:                  -1.783069876178192e+02
 Nuclear energy:                      2.804748979603583e+01
                                                            
------------------------------------------------------------
                                                            
 Total energy       (au)             -1.502594978217834e+02
                    (kJ/mol)         -3.945062544324832e+05
                    (kcal/mol)       -9.428925769035396e+04
                    (eV)             -4.088769052648185e+03
                                                            
============================================================
                                                            

                                                            
============================================================
                         Dipole moment                      
------------------------------------------------------------
                                                            
 Length of vector:   (au)                  8.7131046595e-03
                     (Debye)               2.2146500929e-02
                                                            
-------------------------- Total ---------------------------
                                                            
 [-8.7131046587e-03, -1.0524923180e-11,  1.2381546707e-07] 
                                                            
------------------------- Nuclear --------------------------
                                                            
 [-1.0360940242e-11, -1.0593821881e-11, -1.0691891816e-11] 
                                                            
------------------------ Electronic ------------------------
                                                            
 [-8.7131046483e-03,  6.8898700572e-14,  1.2382615896e-07] 
                                                            
============================================================
                                                            



************************************************************
***                                                      ***
***                    Exiting MRChem                    ***
***                                                      ***
***               Wall time: 7.883672e+03                ***
***                                                      ***
************************************************************


