


************************************************************
***     __  __ ____   ____ _                             ***
***    |  \/  |  _ \ / ___| |__   ___ _ __ ___           ***
***    | |\/| | |_) | |   | '_ \ / _ \ '_ ` _ \          ***
***    | |  | |  _ <| |___| | | |  __/ | | | | |         ***
***    |_|  |_|_| \_\\____|_| |_|\___|_| |_| |_|         ***
***                                                      ***
***    VERSION 0.0.1 (rev. 1c6f79f)                     ***
***                                                      ***
***    Stig Rune Jensen <stig.r.jensen@uit.no>           ***
***    Luca Frediani    <luca.frediani@uit.no>           ***
***    Peter Wind       <peter.wind@uit.no>              ***
***                                                      ***
************************************************************


+++ Parallel execution: 
  MPI hosts available     : 4
  Threads/host            : 2
  Total used CPUs         : 8


------------------------------------------------------------

 MRCPP version   : X.Y.Z
 Git revision    : bbc2aed

 Linear algebra  : EIGEN
 Parallelization : MPI/OpenMP

------------------------------------------------------------




============================================================
                  MultiResolution Analysis                  
------------------------------------------------------------
 polynomial order = 11
 polynomial type  = Interpolating
------------------------------------------------------------
 total boxes      = 8
 boxes            = [           2           2           2 ]
 unit lengths     = [    32.00000    32.00000    32.00000 ]
 scaling factor   = [     1.00000     1.00000     1.00000 ]
 lower bounds     = [   -32.00000   -32.00000   -32.00000 ]
 upper bounds     = [    32.00000    32.00000    32.00000 ]
 total length     = [    64.00000    64.00000    64.00000 ]
============================================================


============================================================
                          Molecule
------------------------------------------------------------
 Nr  Element             x             y             z      
------------------------------------------------------------
  1     P           0.00000e+00   0.00000e+00   0.00000e+00
  2     P           0.00000e+00   0.00000e+00   3.57801e+00
------------------------------------------------------------
 Center of mass:    0.00000e+00   0.00000e+00   1.78900e+00
============================================================


============================================================
                Setting up nuclear potential
------------------------------------------------------------
 Nr  Element         Charge        Precision     Smoothing 
------------------------------------------------------------
  1     P           1.50000e+01   1.00000e-07   8.30509e-06
  2     P           1.50000e+01   1.00000e-07   8.30509e-06
------------------------------------------------------------
 Nuclear potential                    1416      1.19004e+00
 Allreduce potential                  2536      1.02173e+00
------------------------------------------------------------
                 Wall time: 2.21188e+00 sec 
============================================================


============================================================
 OrbitalVector:  15 orbitals    15 occupied    30 electrons
------------------------------------------------------------
   n  RankID           Norm          Spin Occ      Error    
------------------------------------------------------------
   0     0       1.000000000000e+00    p   2    1.00000e+00
   1     1      -1.000000000000e+00    p   2    1.00000e+00
   2     2      -1.000000000000e+00    p   2    1.00000e+00
   3     3      -1.000000000000e+00    p   2    1.00000e+00
   4     0       1.000000000000e+00    p   2    1.00000e+00
   5     1      -1.000000000000e+00    p   2    1.00000e+00
   6     2      -1.000000000000e+00    p   2    1.00000e+00
   7     3      -1.000000000000e+00    p   2    1.00000e+00
   8     0       1.000000000000e+00    p   2    1.00000e+00
   9     1      -1.000000000000e+00    p   2    1.00000e+00
  10     2      -1.000000000000e+00    p   2    1.00000e+00
  11     3      -1.000000000000e+00    p   2    1.00000e+00
  12     0       1.000000000000e+00    p   2    1.00000e+00
  13     1      -1.000000000000e+00    p   2    1.00000e+00
  14     2      -1.000000000000e+00    p   2    1.00000e+00
============================================================


============================================================
                  Setting up Fock operator
------------------------------------------------------------
 Precision                                      1.00000e-07
------------------------------------------------------------
 Coulomb density                      1576      4.07924e+00
 Coulomb potential                     840      8.14715e+01
 Allreduce potential                   808      4.19822e-01
 XC total density                     1672      4.63374e+00
 XC evaluate xcfun                    3344      7.80914e+00
 XC energy                            1672      1.75703e-04
 XC potential                         1672      1.01417e-01
------------------------------------------------------------
                 Wall time: 9.85443e+01 sec 
============================================================


============================================================
                  Calculating Fock matrix
------------------------------------------------------------
 Kinetic part                         1.785740127000000e+01
 Potential part                       3.736669623600000e+01
------------------------------------------------------------
                 Wall time: 5.52242e+01 sec 
============================================================




####################### SCF cycle  1 #######################


============================================================
 Current precision                              1.00000e-07
------------------------------------------------------------
 Orbital threshold                              1.00000e-06
 Property threshold                            -1.00000e+00
============================================================


============================================================
                  Digonalizing Fock matrix
------------------------------------------------------------
 Computing Lowdin matrix                        1.22546e+00
 Diagonalizing matrix                           3.97550e-05
 Rotating orbitals                              3.50484e+00
------------------------------------------------------------
                 Wall time: 4.73044e+00 sec 
============================================================


============================================================
                   Calculating SCF energy
------------------------------------------------------------
 Nuclear energy                       6.288416657735166e+01
 Electronic energy                   -7.431244420401588e+02
------------------------------------------------------------
 Total energy                        -6.802402754628072e+02
------------------------------------------------------------
                 Wall time: 3.19024e+01 sec 
============================================================


============================================================
                Rotating Helmholtz argument
------------------------------------------------------------
 Rotating orbitals                              1.34439e+00
------------------------------------------------------------
                 Wall time: 1.34449e+00 sec 
============================================================


============================================================
                Applying Helmholtz operators
------------------------------------------------------------
 Orb    RealNorm   Nodes     ImagNorm   Nodes     Timing
------------------------------------------------------------
  0    1.00000e+00  1288    0.00000e+00     0   1.26611e+02
  4    1.00000e+00   936    0.00000e+00     0   9.91338e+01
  8    1.00000e+00   968    0.00000e+00     0   1.00353e+02
 12    1.00010e+00  1000    0.00000e+00     0   1.11435e+02
------------------------------------------------------------
                 Wall time: 4.37540e+02 sec 
============================================================


============================================================
                 Lowdin orthonormalization
------------------------------------------------------------
 Computing Lowdin matrix                        1.22878e+01
 Rotating orbitals                              3.29430e+00
------------------------------------------------------------
                 Wall time: 1.55822e+01 sec 
============================================================


============================================================
               Iterative subspace accelerator
------------------------------------------------------------
 Push back orbitals                             1.88794e-01
 Copy orbitals                                  1.93730e-01
 Copy orbital updates                           1.89673e-01
------------------------------------------------------------
                 Wall time: 5.72317e-01 sec 
============================================================


============================================================
                 Lowdin orthonormalization
------------------------------------------------------------
 Computing Lowdin matrix                        1.06018e+00
 Rotating orbitals                              1.89784e+00
------------------------------------------------------------
                 Wall time: 2.95810e+00 sec 
============================================================


============================================================
                  Setting up Fock operator
------------------------------------------------------------
 Precision                                      1.00000e-07
------------------------------------------------------------
 Coulomb density                      1384      3.88964e+00
 Coulomb potential                     840      8.77980e+01
 Allreduce potential                   808      2.43642e-01
 XC total density                     1608      4.50612e+00
 XC evaluate xcfun                    3216      7.64456e+00
 XC energy                            1608      1.74649e-04
 XC potential                         1608      7.15516e-02
------------------------------------------------------------
                 Wall time: 1.04175e+02 sec 
============================================================


============================================================
                  Calculating Fock matrix
------------------------------------------------------------
 Kinetic part                         1.582591695000000e+01
 Potential part                       3.502405730400000e+01
------------------------------------------------------------
                 Wall time: 5.08501e+01 sec 
============================================================


============================================================
                          Orbitals
------------------------------------------------------------
 Orb    F(i,i)        Error         nNodes  Spin  Occ  Done 
------------------------------------------------------------
  0  -7.60220e+01   6.87633e-07       1256    p    2    1
  1  -7.60220e+01   7.91260e-07          0    p    2    1
  2  -6.29639e+00   1.07279e-05          0    p    2    0
  3  -6.29593e+00   1.14710e-05          0    p    2    0
  4  -4.54454e+00   2.21170e-05        968    p    2    0
  5  -4.54454e+00   2.86230e-05          0    p    2    0
  6  -4.54434e+00   2.20434e-05          0    p    2    0
  7  -4.54434e+00   7.43552e-05          0    p    2    0
  8  -4.54052e+00   2.53054e-05        968    p    2    0
  9  -4.53830e+00   2.18491e-05          0    p    2    0
 10  -6.24261e-01   3.87075e-04          0    p    2    0
 11  -4.26811e-01   1.45160e-03          0    p    2    0
 12  -2.68275e-01   1.60074e-03       1000    p    2    0
 13  -2.66339e-01   1.83476e-03          0    p    2    0
 14  -2.66311e-01   2.97139e-03          0    p    2    0
------------------------------------------------------------
 Total error:                            4.12596e-03    0
============================================================


============================================================
                    Energy                 Update      Done 
------------------------------------------------------------
 Orbital      -3.874897625072917e+02    -3.87490e+02    1
 Kinetic       6.786681170933516e+02     6.78668e+02    1
 N-E          -1.747679397672432e+03    -1.74768e+03    1
 Coulomb       3.697277927769501e+02     3.69728e+02    1
 Exchange      0.000000000000000e+00     0.00000e+00    1
 X-C          -4.384095423802846e+01    -4.38410e+01    1
------------------------------------------------------------
 Electronic   -7.431244420401588e+02    -7.43124e+02    1
 Nuclear       6.288416657735166e+01     6.28842e+01    1
------------------------------------------------------------
 Total        -6.802402754628072e+02    -6.80240e+02    1
============================================================


################ Wall time: 6.50139e+02 sec ################




####################### SCF cycle  2 #######################


============================================================
 Current precision                              1.00000e-07
------------------------------------------------------------
 Orbital threshold                              1.00000e-06
 Property threshold                            -1.00000e+00
============================================================


============================================================
                  Digonalizing Fock matrix
------------------------------------------------------------
 Computing Lowdin matrix                        1.14154e+00
 Diagonalizing matrix                           3.73720e-05
 Rotating orbitals                              3.95031e+00
------------------------------------------------------------
                 Wall time: 5.09198e+00 sec 
============================================================


============================================================
                   Calculating SCF energy
------------------------------------------------------------
 Nuclear energy                       6.288416657735166e+01
 Electronic energy                   -7.431244618766348e+02
------------------------------------------------------------
 Total energy                        -6.802402952992832e+02
------------------------------------------------------------
                 Wall time: 3.22552e+01 sec 
============================================================


============================================================
                Rotating Helmholtz argument
------------------------------------------------------------
 Rotating orbitals                              1.35937e+00
------------------------------------------------------------
                 Wall time: 1.35945e+00 sec 
============================================================


============================================================
                Applying Helmholtz operators
------------------------------------------------------------
 Orb    RealNorm   Nodes     ImagNorm   Nodes     Timing
------------------------------------------------------------
  0    1.00000e+00  1256    0.00000e+00     0   1.22074e+02
  4    1.00000e+00   936    0.00000e+00     0   9.95975e+01
  8    1.00000e+00   968    0.00000e+00     0   1.01695e+02
 12    1.00002e+00  1000    0.00000e+00     0   1.16079e+02
------------------------------------------------------------
                 Wall time: 4.39459e+02 sec 
============================================================


============================================================
                 Lowdin orthonormalization
------------------------------------------------------------
 Computing Lowdin matrix                        2.33599e+01
 Rotating orbitals                              3.34070e+00
------------------------------------------------------------
                 Wall time: 2.67007e+01 sec 
============================================================


============================================================
               Iterative subspace accelerator
------------------------------------------------------------
 Push back orbitals                             2.75805e-01
 Copy orbitals                                  1.93616e-01
 Copy orbital updates                           1.91761e-01
------------------------------------------------------------
                 Wall time: 6.61302e-01 sec 
============================================================


============================================================
                 Lowdin orthonormalization
------------------------------------------------------------
 Computing Lowdin matrix                        1.05163e+00
 Rotating orbitals                              1.89245e+00
------------------------------------------------------------
                 Wall time: 2.94417e+00 sec 
============================================================


============================================================
                  Setting up Fock operator
------------------------------------------------------------
 Precision                                      1.00000e-07
------------------------------------------------------------
 Coulomb density                      1384      3.84453e+00
 Coulomb potential                     776      8.47397e+01
 Allreduce potential                   808      2.59117e-01
 XC total density                     1608      4.53677e+00
 XC evaluate xcfun                    3216      7.67592e+00
 XC energy                            1608      1.68500e-04
 XC potential                         1608      7.60533e-02
------------------------------------------------------------
                 Wall time: 1.01155e+02 sec 
============================================================


============================================================
                  Calculating Fock matrix
------------------------------------------------------------
 Kinetic part                         1.556075686000000e+01
 Potential part                       3.518320832800000e+01
------------------------------------------------------------
                 Wall time: 5.07441e+01 sec 
============================================================


============================================================
                          Orbitals
------------------------------------------------------------
 Orb    F(i,i)        Error         nNodes  Spin  Occ  Done 
------------------------------------------------------------
  0  -7.60220e+01   3.97574e-07       1224    p    2    1
  1  -7.60220e+01   4.07307e-07          0    p    2    1
  2  -6.29640e+00   7.82108e-06          0    p    2    0
  3  -6.29594e+00   7.11363e-06          0    p    2    0
  4  -4.54455e+00   1.98551e-05        968    p    2    0
  5  -4.54455e+00   1.46527e-05          0    p    2    0
  6  -4.54435e+00   2.28035e-05          0    p    2    0
  7  -4.54435e+00   1.45959e-05          0    p    2    0
  8  -4.54053e+00   1.61947e-05        968    p    2    0
  9  -4.53831e+00   1.48207e-05          0    p    2    0
 10  -6.24268e-01   2.54160e-04          0    p    2    0
 11  -4.26816e-01   8.78663e-05          0    p    2    0
 12  -2.68281e-01   1.81887e-04       1000    p    2    0
 13  -2.66344e-01   1.31612e-04          0    p    2    0
 14  -2.66314e-01   4.29337e-04          0    p    2    0
------------------------------------------------------------
 Total error:                            5.55867e-04    0
============================================================


============================================================
                    Energy                 Update      Done 
------------------------------------------------------------
 Orbital      -3.874898920403647e+02    -1.29533e-04    1
 Kinetic       6.786680951372846e+02    -2.19561e-05    1
 N-E          -1.747679251361044e+03     1.46311e-04    1
 Coulomb       3.697276817082673e+02    -1.11069e-04    1
 Exchange      0.000000000000000e+00     0.00000e+00    1
 X-C          -4.384094991122183e+01     4.32681e-06    1
------------------------------------------------------------
 Electronic   -7.431244618766348e+02    -1.98365e-05    1
 Nuclear       6.288416657735166e+01     0.00000e+00    1
------------------------------------------------------------
 Total        -6.802402952992832e+02    -1.98365e-05    1
============================================================


################ Wall time: 6.60841e+02 sec ################




####################### SCF cycle  3 #######################


============================================================
 Current precision                              1.00000e-07
------------------------------------------------------------
 Orbital threshold                              1.00000e-06
 Property threshold                            -1.00000e+00
============================================================


============================================================
                   Calculating SCF energy
------------------------------------------------------------
 Nuclear energy                       6.288416657735166e+01
 Electronic energy                   -7.431244625104299e+02
------------------------------------------------------------
 Total energy                        -6.802402959330783e+02
------------------------------------------------------------
                 Wall time: 3.65125e+01 sec 
============================================================


============================================================
                Rotating Helmholtz argument
------------------------------------------------------------
 Rotating orbitals                              4.51721e+00
------------------------------------------------------------
                 Wall time: 4.51730e+00 sec 
============================================================


============================================================
                Applying Helmholtz operators
------------------------------------------------------------
 Orb    RealNorm   Nodes     ImagNorm   Nodes     Timing
------------------------------------------------------------
  0    1.00000e+00  1256    0.00000e+00     0   1.23465e+02
  4    1.00000e+00   936    0.00000e+00     0   1.00172e+02
  8    1.00000e+00   968    0.00000e+00     0   1.02700e+02
 12    1.00001e+00  1000    0.00000e+00     0   1.14679e+02
------------------------------------------------------------
                 Wall time: 4.41021e+02 sec 
============================================================


============================================================
                 Lowdin orthonormalization
------------------------------------------------------------
 Computing Lowdin matrix                        2.15495e+01
 Rotating orbitals                              3.24548e+00
------------------------------------------------------------
                 Wall time: 2.47951e+01 sec 
============================================================


============================================================
               Iterative subspace accelerator
------------------------------------------------------------
 Push back orbitals                             4.13730e-01
 Setup linear system                            5.64815e-01
 Solve linear system                            1.15230e-05
 Expand solution                                2.34021e+00
------------------------------------------------------------
                 Wall time: 3.31889e+00 sec 
============================================================


============================================================
                 Lowdin orthonormalization
------------------------------------------------------------
 Computing Lowdin matrix                        1.79964e+00
 Rotating orbitals                              3.74305e+00
------------------------------------------------------------
                 Wall time: 5.54278e+00 sec 
============================================================


============================================================
                  Setting up Fock operator
------------------------------------------------------------
 Precision                                      1.00000e-07
------------------------------------------------------------
 Coulomb density                      1384      3.82186e+00
 Coulomb potential                     776      8.21912e+01
 Allreduce potential                   808      5.84500e+00
 XC total density                     1608      4.56430e+00
 XC evaluate xcfun                    3216      7.63421e+00
 XC energy                            1608      1.74911e-04
 XC potential                         1608      7.37910e-02
------------------------------------------------------------
                 Wall time: 1.04154e+02 sec 
============================================================


============================================================
                  Calculating Fock matrix
------------------------------------------------------------
 Kinetic part                         1.593379503600000e+01
 Potential part                       3.659080205000000e+01
------------------------------------------------------------
                 Wall time: 5.25247e+01 sec 
============================================================


============================================================
                          Orbitals
------------------------------------------------------------
 Orb    F(i,i)        Error         nNodes  Spin  Occ  Done 
------------------------------------------------------------
  0  -7.60220e+01   1.94458e-07       1224    p    2    1
  1  -7.60220e+01   2.15847e-07          0    p    2    1
  2  -6.29640e+00   3.57504e-06          0    p    2    0
  3  -6.29593e+00   3.18832e-06          0    p    2    0
  4  -4.54455e+00   7.69434e-06        968    p    2    0
  5  -4.54455e+00   5.25223e-06          0    p    2    0
  6  -4.54435e+00   1.67069e-05          0    p    2    0
  7  -4.54435e+00   5.24029e-06          0    p    2    0
  8  -4.54053e+00   6.99521e-06        968    p    2    0
  9  -4.53831e+00   5.15955e-06          0    p    2    0
 10  -6.24267e-01   7.50482e-05          0    p    2    0
 11  -4.26816e-01   7.33585e-05          0    p    2    0
 12  -2.68280e-01   8.00595e-05       1000    p    2    0
 13  -2.66344e-01   4.64775e-05          0    p    2    0
 14  -2.66315e-01   1.93489e-04          0    p    2    0
------------------------------------------------------------
 Total error:                            2.39819e-04    0
============================================================


============================================================
                    Energy                 Update      Done 
------------------------------------------------------------
 Orbital      -3.874900939324349e+02    -2.01892e-04    1
 Kinetic       6.786680475985975e+02    -4.75387e-05    1
 N-E          -1.747679008942617e+03     2.42418e-04    1
 Coulomb       3.697274768344072e+02    -2.04874e-04    1
 Exchange      0.000000000000000e+00     0.00000e+00    1
 X-C          -4.384093835158461e+01     1.15596e-05    1
------------------------------------------------------------
 Electronic   -7.431244625104299e+02    -6.33795e-07    1
 Nuclear       6.288416657735166e+01     0.00000e+00    1
------------------------------------------------------------
 Total        -6.802402959330783e+02    -6.33795e-07    1
============================================================


################ Wall time: 6.73452e+02 sec ################




####################### SCF cycle  4 #######################


============================================================
 Current precision                              1.00000e-07
------------------------------------------------------------
 Orbital threshold                              1.00000e-06
 Property threshold                            -1.00000e+00
============================================================


============================================================
                   Calculating SCF energy
------------------------------------------------------------
 Nuclear energy                       6.288416657735166e+01
 Electronic energy                   -7.431244626282671e+02
------------------------------------------------------------
 Total energy                        -6.802402960509155e+02
------------------------------------------------------------
                 Wall time: 3.89452e+01 sec 
============================================================


============================================================
                Rotating Helmholtz argument
------------------------------------------------------------
 Rotating orbitals                              4.80649e+00
------------------------------------------------------------
                 Wall time: 4.80659e+00 sec 
============================================================


============================================================
                Applying Helmholtz operators
------------------------------------------------------------
 Orb    RealNorm   Nodes     ImagNorm   Nodes     Timing
------------------------------------------------------------
  0    1.00000e+00  1256    0.00000e+00     0   1.26915e+02
  4    1.00000e+00   936    0.00000e+00     0   1.05778e+02
  8    1.00000e+00   968    0.00000e+00     0   1.06011e+02
 12    1.00000e+00  1000    0.00000e+00     0   1.20473e+02
------------------------------------------------------------
                 Wall time: 4.59184e+02 sec 
============================================================


============================================================
                 Lowdin orthonormalization
------------------------------------------------------------
 Computing Lowdin matrix                        2.52794e+01
 Rotating orbitals                              3.47386e+00
------------------------------------------------------------
                 Wall time: 2.87533e+01 sec 
============================================================


============================================================
               Iterative subspace accelerator
------------------------------------------------------------
 Push back orbitals                             3.56594e-01
 Setup linear system                            1.72741e+00
 Solve linear system                            1.26890e-05
 Expand solution                                4.14235e+00
------------------------------------------------------------
                 Wall time: 6.22651e+00 sec 
============================================================


============================================================
                 Lowdin orthonormalization
------------------------------------------------------------
 Computing Lowdin matrix                        1.99907e+00
 Rotating orbitals                              3.93873e+00
------------------------------------------------------------
                 Wall time: 5.93790e+00 sec 
============================================================


============================================================
                  Setting up Fock operator
------------------------------------------------------------
 Precision                                      1.00000e-07
------------------------------------------------------------
 Coulomb density                      1384      3.79785e+00
 Coulomb potential                     776      8.15078e+01
 Allreduce potential                   808      1.05457e+00
 XC total density                     1608      4.34735e+00
 XC evaluate xcfun                    3216      7.62155e+00
 XC energy                            1608      1.75260e-04
 XC potential                         1608      7.36553e-02
------------------------------------------------------------
                 Wall time: 9.84257e+01 sec 
============================================================


============================================================
                  Calculating Fock matrix
------------------------------------------------------------
 Kinetic part                         1.523558871600000e+01
 Potential part                       3.435700031200000e+01
------------------------------------------------------------
                 Wall time: 4.95927e+01 sec 
============================================================


============================================================
                          Orbitals
------------------------------------------------------------
 Orb    F(i,i)        Error         nNodes  Spin  Occ  Done 
------------------------------------------------------------
  0  -7.60220e+01   1.23678e-07       1224    p    2    1
  1  -7.60220e+01   1.40282e-07          0    p    2    1
  2  -6.29640e+00   1.02011e-06          0    p    2    0
  3  -6.29594e+00   1.09654e-06          0    p    2    0
  4  -4.54455e+00   2.28911e-06        968    p    2    0
  5  -4.54455e+00   1.43902e-06          0    p    2    0
  6  -4.54435e+00   1.02173e-05          0    p    2    0
  7  -4.54435e+00   1.43775e-06          0    p    2    0
  8  -4.54053e+00   2.77855e-06        968    p    2    0
  9  -4.53831e+00   1.38558e-06          0    p    2    0
 10  -6.24268e-01   1.43409e-05          0    p    2    0
 11  -4.26816e-01   4.18534e-05          0    p    2    0
 12  -2.68280e-01   2.15609e-05       1000    p    2    0
 13  -2.66344e-01   2.13087e-05          0    p    2    0
 14  -2.66316e-01   4.21292e-05          0    p    2    0
------------------------------------------------------------
 Total error:                            6.91149e-05    0
============================================================


============================================================
                    Energy                 Update      Done 
------------------------------------------------------------
 Orbital      -3.874900747311333e+02     1.92013e-05    1
 Kinetic       6.786680820691699e+02     3.44706e-05    1
 N-E          -1.747679060467242e+03    -5.15246e-05    1
 Coulomb       3.697274966919038e+02     1.98575e-05    1
 Exchange      0.000000000000000e+00     0.00000e+00    1
 X-C          -4.384093994995663e+01    -1.59837e-06    1
------------------------------------------------------------
 Electronic   -7.431244626282671e+02    -1.17837e-07    1
 Nuclear       6.288416657735166e+01     0.00000e+00    1
------------------------------------------------------------
 Total        -6.802402960509155e+02    -1.17837e-07    1
============================================================


################ Wall time: 6.93059e+02 sec ################




####################### SCF cycle  5 #######################


============================================================
 Current precision                              1.00000e-07
------------------------------------------------------------
 Orbital threshold                              1.00000e-06
 Property threshold                            -1.00000e+00
============================================================


============================================================
                   Calculating SCF energy
------------------------------------------------------------
 Nuclear energy                       6.288416657735166e+01
 Electronic energy                   -7.431244626540056e+02
------------------------------------------------------------
 Total energy                        -6.802402960766540e+02
------------------------------------------------------------
                 Wall time: 3.70892e+01 sec 
============================================================


============================================================
                Rotating Helmholtz argument
------------------------------------------------------------
 Rotating orbitals                              4.83137e+00
------------------------------------------------------------
                 Wall time: 4.83146e+00 sec 
============================================================


============================================================
                Applying Helmholtz operators
------------------------------------------------------------
 Orb    RealNorm   Nodes     ImagNorm   Nodes     Timing
------------------------------------------------------------
  0    1.00000e+00  1256    0.00000e+00     0   1.27050e+02
  4    1.00000e+00   936    0.00000e+00     0   1.01637e+02
  8    1.00000e+00   968    0.00000e+00     0   1.05748e+02
 12    1.00000e+00  1000    0.00000e+00     0   1.18354e+02
------------------------------------------------------------
                 Wall time: 4.52793e+02 sec 
============================================================


============================================================
                 Lowdin orthonormalization
------------------------------------------------------------
 Computing Lowdin matrix                        1.22781e+01
 Rotating orbitals                              3.38908e+00
------------------------------------------------------------
                 Wall time: 1.56673e+01 sec 
============================================================


============================================================
               Iterative subspace accelerator
------------------------------------------------------------
 Push back orbitals                             3.48142e-01
 Setup linear system                            3.38187e+00
 Solve linear system                            1.85940e-05
 Expand solution                                5.51051e+00
------------------------------------------------------------
                 Wall time: 9.24066e+00 sec 
============================================================


============================================================
                 Lowdin orthonormalization
------------------------------------------------------------
 Computing Lowdin matrix                        2.10429e+00
 Rotating orbitals                              4.07208e+00
------------------------------------------------------------
                 Wall time: 6.17647e+00 sec 
============================================================


============================================================
                  Setting up Fock operator
------------------------------------------------------------
 Precision                                      1.00000e-07
------------------------------------------------------------
 Coulomb density                      1384      3.83048e+00
 Coulomb potential                     776      8.47208e+01
 Allreduce potential                   808      2.60468e-01
 XC total density                     1608      4.37377e+00
 XC evaluate xcfun                    3216      7.70018e+00
 XC energy                            1608      1.77513e-04
 XC potential                         1608      7.37015e-02
------------------------------------------------------------
                 Wall time: 1.00982e+02 sec 
============================================================


============================================================
                  Calculating Fock matrix
------------------------------------------------------------
 Kinetic part                         1.494375747300000e+01
 Potential part                       3.504094732500000e+01
------------------------------------------------------------
                 Wall time: 4.99848e+01 sec 
============================================================


============================================================
                          Orbitals
------------------------------------------------------------
 Orb    F(i,i)        Error         nNodes  Spin  Occ  Done 
------------------------------------------------------------
  0  -7.60220e+01   8.70275e-08       1224    p    2    1
  1  -7.60220e+01   9.97119e-08          0    p    2    1
  2  -6.29640e+00   5.92737e-07          0    p    2    1
  3  -6.29593e+00   6.75529e-07          0    p    2    1
  4  -4.54455e+00   1.38576e-06        968    p    2    0
  5  -4.54455e+00   9.41931e-07          0    p    2    1
  6  -4.54435e+00   8.08548e-06          0    p    2    0
  7  -4.54435e+00   9.41240e-07          0    p    2    1
  8  -4.54053e+00   1.86097e-06        968    p    2    0
  9  -4.53831e+00   9.09226e-07          0    p    2    1
 10  -6.24268e-01   8.23026e-06          0    p    2    0
 11  -4.26816e-01   3.42362e-05          0    p    2    0
 12  -2.68279e-01   1.19350e-05       1000    p    2    0
 13  -2.66344e-01   1.21015e-05          0    p    2    0
 14  -2.66316e-01   2.68046e-05          0    p    2    0
------------------------------------------------------------
 Total error:                            4.81811e-05    0
============================================================


============================================================
                    Energy                 Update      Done 
------------------------------------------------------------
 Orbital      -3.874900965871001e+02    -2.18560e-05    1
 Kinetic       6.786680695559189e+02    -1.25133e-05    1
 N-E          -1.747679027090253e+03     3.33770e-05    1
 Coulomb       3.697274743756673e+02    -2.23162e-05    1
 Exchange      0.000000000000000e+00     0.00000e+00    1
 X-C          -4.384093842461061e+01     1.52535e-06    1
------------------------------------------------------------
 Electronic   -7.431244626540056e+02    -2.57385e-08    1
 Nuclear       6.288416657735166e+01     0.00000e+00    1
------------------------------------------------------------
 Total        -6.802402960766540e+02    -2.57385e-08    1
============================================================


################ Wall time: 6.77885e+02 sec ################




####################### SCF cycle  6 #######################


============================================================
 Current precision                              1.00000e-07
------------------------------------------------------------
 Orbital threshold                              1.00000e-06
 Property threshold                            -1.00000e+00
============================================================


============================================================
                   Calculating SCF energy
------------------------------------------------------------
 Nuclear energy                       6.288416657735166e+01
 Electronic energy                   -7.431244626616419e+02
------------------------------------------------------------
 Total energy                        -6.802402960842903e+02
------------------------------------------------------------
                 Wall time: 3.76617e+01 sec 
============================================================


============================================================
                Rotating Helmholtz argument
------------------------------------------------------------
 Rotating orbitals                              4.59928e+00
------------------------------------------------------------
                 Wall time: 4.59936e+00 sec 
============================================================


============================================================
                Applying Helmholtz operators
------------------------------------------------------------
 Orb    RealNorm   Nodes     ImagNorm   Nodes     Timing
------------------------------------------------------------
  0    1.00000e+00  1256    0.00000e+00     0   1.34829e+02
  4    1.00000e+00   936    0.00000e+00     0   1.06013e+02
  8    1.00000e+00   968    0.00000e+00     0   1.11477e+02
 12    1.00000e+00  1000    0.00000e+00     0   1.24209e+02
------------------------------------------------------------
                 Wall time: 4.76541e+02 sec 
============================================================


============================================================
                 Lowdin orthonormalization
------------------------------------------------------------
 Computing Lowdin matrix                        5.13290e+00
 Rotating orbitals                              3.22235e+00
------------------------------------------------------------
                 Wall time: 8.35534e+00 sec 
============================================================


============================================================
               Iterative subspace accelerator
------------------------------------------------------------
 Push back orbitals                             2.66154e-01
 Setup linear system                            3.46211e+00
 Solve linear system                            9.24900e-06
 Expand solution                                5.59258e+00
------------------------------------------------------------
                 Wall time: 9.32099e+00 sec 
============================================================


============================================================
                 Lowdin orthonormalization
------------------------------------------------------------
 Computing Lowdin matrix                        2.00474e+00
 Rotating orbitals                              3.83323e+00
------------------------------------------------------------
                 Wall time: 5.83805e+00 sec 
============================================================


============================================================
                  Setting up Fock operator
------------------------------------------------------------
 Precision                                      1.00000e-07
------------------------------------------------------------
 Coulomb density                      1384      4.05427e+00
 Coulomb potential                     776      8.85152e+01
 Allreduce potential                   808      4.10144e-01
 XC total density                     1608      4.77742e+00
 XC evaluate xcfun                    3216      7.76692e+00
 XC energy                            1608      1.80519e-04
 XC potential                         1608      8.41873e-02
------------------------------------------------------------
                 Wall time: 1.05633e+02 sec 
============================================================


============================================================
                  Calculating Fock matrix
------------------------------------------------------------
 Kinetic part                         1.431711458200000e+01
 Potential part                       3.733245569200000e+01
------------------------------------------------------------
                 Wall time: 5.16500e+01 sec 
============================================================


============================================================
                          Orbitals
------------------------------------------------------------
 Orb    F(i,i)        Error         nNodes  Spin  Occ  Done 
------------------------------------------------------------
  0  -7.60220e+01   1.95066e-08       1224    p    2    1
  1  -7.60220e+01   2.02287e-08          0    p    2    1
  2  -6.29640e+00   5.98945e-07          0    p    2    1
  3  -6.29594e+00   1.42916e-07          0    p    2    1
  4  -4.54455e+00   3.11525e-07        968    p    2    1
  5  -4.54455e+00   2.61075e-07          0    p    2    1
  6  -4.54435e+00   2.60688e-06          0    p    2    0
  7  -4.54435e+00   2.60904e-07          0    p    2    1
  8  -4.54053e+00   4.01311e-07        968    p    2    1
  9  -4.53831e+00   2.55515e-07          0    p    2    1
 10  -6.24268e-01   1.84527e-06          0    p    2    0
 11  -4.26816e-01   1.15339e-05          0    p    2    0
 12  -2.68279e-01   3.47992e-06       1000    p    2    0
 13  -2.66344e-01   2.62291e-06          0    p    2    0
 14  -2.66317e-01   8.62460e-06          0    p    2    0
------------------------------------------------------------
 Total error:                            1.54092e-05    0
============================================================


============================================================
                    Energy                 Update      Done 
------------------------------------------------------------
 Orbital      -3.874900807502314e+02     1.58369e-05    1
 Kinetic       6.786680778244640e+02     8.26855e-06    1
 N-E          -1.747679050427904e+03    -2.33377e-05    1
 Coulomb       3.697274905330913e+02     1.61574e-05    1
 Exchange      0.000000000000000e+00     0.00000e+00    1
 X-C          -4.384093940657993e+01    -9.81969e-07    1
------------------------------------------------------------
 Electronic   -7.431244626616419e+02    -7.63634e-09    1
 Nuclear       6.288416657735166e+01     0.00000e+00    1
------------------------------------------------------------
 Total        -6.802402960842903e+02    -7.63634e-09    1
============================================================


################ Wall time: 7.00741e+02 sec ################




####################### SCF cycle  7 #######################


============================================================
 Current precision                              1.00000e-07
------------------------------------------------------------
 Orbital threshold                              1.00000e-06
 Property threshold                            -1.00000e+00
============================================================


============================================================
                   Calculating SCF energy
------------------------------------------------------------
 Nuclear energy                       6.288416657735166e+01
 Electronic energy                   -7.431244626622745e+02
------------------------------------------------------------
 Total energy                        -6.802402960849229e+02
------------------------------------------------------------
                 Wall time: 3.94281e+01 sec 
============================================================


============================================================
                Rotating Helmholtz argument
------------------------------------------------------------
 Rotating orbitals                              4.85214e+00
------------------------------------------------------------
                 Wall time: 4.85224e+00 sec 
============================================================


============================================================
                Applying Helmholtz operators
------------------------------------------------------------
 Orb    RealNorm   Nodes     ImagNorm   Nodes     Timing
------------------------------------------------------------
  0    1.00000e+00  1256    0.00000e+00     0   1.32579e+02
  4    1.00000e+00   936    0.00000e+00     0   1.10600e+02
  8    1.00000e+00   968    0.00000e+00     0   1.14061e+02
 12    1.00000e+00  1000    0.00000e+00     0   1.26951e+02
------------------------------------------------------------
                 Wall time: 4.84194e+02 sec 
============================================================


============================================================
                 Lowdin orthonormalization
------------------------------------------------------------
 Computing Lowdin matrix                        2.75079e+01
 Rotating orbitals                              3.27712e+00
------------------------------------------------------------
                 Wall time: 3.07851e+01 sec 
============================================================


============================================================
               Iterative subspace accelerator
------------------------------------------------------------
 Push back orbitals                             3.26819e-01
 Setup linear system                            3.47886e+00
 Solve linear system                            9.40200e-06
 Expand solution                                5.50536e+00
------------------------------------------------------------
                 Wall time: 9.31119e+00 sec 
============================================================


============================================================
                 Lowdin orthonormalization
------------------------------------------------------------
 Computing Lowdin matrix                        2.13958e+00
 Rotating orbitals                              3.35597e+00
------------------------------------------------------------
                 Wall time: 5.49565e+00 sec 
============================================================


============================================================
                  Setting up Fock operator
------------------------------------------------------------
 Precision                                      1.00000e-07
------------------------------------------------------------
 Coulomb density                      1384      4.25677e+00
 Coulomb potential                     776      9.37128e+01
 Allreduce potential                   808      2.66095e-01
 XC total density                     1608      4.96260e+00
 XC evaluate xcfun                    3216      7.74127e+00
 XC energy                            1608      1.85643e-04
 XC potential                         1608      7.94810e-02
------------------------------------------------------------
                 Wall time: 1.11044e+02 sec 
============================================================


============================================================
                  Calculating Fock matrix
------------------------------------------------------------
 Kinetic part                         1.433398416200000e+01
 Potential part                       3.846728260100000e+01
------------------------------------------------------------
                 Wall time: 5.28014e+01 sec 
============================================================


============================================================
                          Orbitals
------------------------------------------------------------
 Orb    F(i,i)        Error         nNodes  Spin  Occ  Done 
------------------------------------------------------------
  0  -7.60220e+01   1.04651e-08       1224    p    2    1
  1  -7.60220e+01   1.08293e-08          0    p    2    1
  2  -6.29640e+00   1.85755e-07          0    p    2    1
  3  -6.29593e+00   1.88698e-08          0    p    2    1
  4  -4.54455e+00   6.23872e-08        968    p    2    1
  5  -4.54455e+00   3.63975e-08          0    p    2    1
  6  -4.54435e+00   4.66111e-07          0    p    2    1
  7  -4.54435e+00   3.64541e-08          0    p    2    1
  8  -4.54053e+00   3.71172e-08        968    p    2    1
  9  -4.53831e+00   3.44948e-08          0    p    2    1
 10  -6.24268e-01   2.52546e-07          0    p    2    1
 11  -4.26816e-01   2.30439e-06          0    p    2    0
 12  -2.68279e-01   1.21463e-06       1000    p    2    0
 13  -2.66344e-01   5.96394e-07          0    p    2    1
 14  -2.66316e-01   1.80879e-06          0    p    2    0
------------------------------------------------------------
 Total error:                            3.27691e-06    0
============================================================


============================================================
                    Energy                 Update      Done 
------------------------------------------------------------
 Orbital      -3.874900898249737e+02    -9.07474e-06    1
 Kinetic       6.786680724689207e+02    -5.35554e-06    1
 N-E          -1.747679036373257e+03     1.40546e-05    1
 Coulomb       3.697274812764709e+02    -9.25662e-06    1
 Exchange      0.000000000000000e+00     0.00000e+00    1
 X-C          -4.384093883569924e+01     5.70881e-07    1
------------------------------------------------------------
 Electronic   -7.431244626622745e+02    -6.32554e-10    1
 Nuclear       6.288416657735166e+01     0.00000e+00    1
------------------------------------------------------------
 Total        -6.802402960849229e+02    -6.32554e-10    1
============================================================


################ Wall time: 7.39092e+02 sec ################




####################### SCF cycle  8 #######################


============================================================
 Current precision                              1.00000e-07
------------------------------------------------------------
 Orbital threshold                              1.00000e-06
 Property threshold                            -1.00000e+00
============================================================


============================================================
                   Calculating SCF energy
------------------------------------------------------------
 Nuclear energy                       6.288416657735166e+01
 Electronic energy                   -7.431244626623136e+02
------------------------------------------------------------
 Total energy                        -6.802402960849620e+02
------------------------------------------------------------
                 Wall time: 4.18634e+01 sec 
============================================================


============================================================
                Rotating Helmholtz argument
------------------------------------------------------------
 Rotating orbitals                              4.72141e+00
------------------------------------------------------------
                 Wall time: 4.72150e+00 sec 
============================================================


============================================================
                Applying Helmholtz operators
------------------------------------------------------------
 Orb    RealNorm   Nodes     ImagNorm   Nodes     Timing
------------------------------------------------------------
  0    1.00000e+00  1256    0.00000e+00     0   1.41733e+02
  4    1.00000e+00   936    0.00000e+00     0   1.18237e+02
  8    1.00000e+00   968    0.00000e+00     0   1.16546e+02
 12    1.00000e+00  1000    0.00000e+00     0   1.39273e+02
------------------------------------------------------------
                 Wall time: 5.15792e+02 sec 
============================================================


============================================================
                 Lowdin orthonormalization
------------------------------------------------------------
 Computing Lowdin matrix                        1.34306e+01
 Rotating orbitals                              3.31894e+00
------------------------------------------------------------
                 Wall time: 1.67497e+01 sec 
============================================================


============================================================
               Iterative subspace accelerator
------------------------------------------------------------
 Push back orbitals                             3.03877e-01
 Setup linear system                            3.71093e+00
 Solve linear system                            9.42500e-06
 Expand solution                                5.20181e+00
------------------------------------------------------------
                 Wall time: 9.21677e+00 sec 
============================================================


============================================================
                 Lowdin orthonormalization
------------------------------------------------------------
 Computing Lowdin matrix                        1.94802e+00
 Rotating orbitals                              3.18797e+00
------------------------------------------------------------
                 Wall time: 5.13608e+00 sec 
============================================================


============================================================
                  Setting up Fock operator
------------------------------------------------------------
 Precision                                      1.00000e-07
------------------------------------------------------------
 Coulomb density                      1384      4.32317e+00
 Coulomb potential                     776      9.31328e+01
 Allreduce potential                   808      8.66418e-01
 XC total density                     1608      5.15480e+00
 XC evaluate xcfun                    3216      7.87544e+00
 XC energy                            1608      2.02023e-04
 XC potential                         1608      8.05914e-02
------------------------------------------------------------
                 Wall time: 1.11458e+02 sec 
============================================================


============================================================
                  Calculating Fock matrix
------------------------------------------------------------
 Kinetic part                         1.450636668900000e+01
 Potential part                       3.993946902500000e+01
------------------------------------------------------------
                 Wall time: 5.44460e+01 sec 
============================================================


============================================================
                          Orbitals
------------------------------------------------------------
 Orb    F(i,i)        Error         nNodes  Spin  Occ  Done 
------------------------------------------------------------
  0  -7.60220e+01   1.75860e-08       1224    p    2    1
  1  -7.60220e+01   1.76822e-08          0    p    2    1
  2  -6.29640e+00   1.05943e-07          0    p    2    1
  3  -6.29593e+00   2.54340e-08          0    p    2    1
  4  -4.54455e+00   4.59164e-08        968    p    2    1
  5  -4.54455e+00   7.49997e-09          0    p    2    1
  6  -4.54435e+00   1.57176e-07          0    p    2    1
  7  -4.54435e+00   7.12134e-09          0    p    2    1
  8  -4.54053e+00   2.65918e-08        968    p    2    1
  9  -4.53831e+00   1.01828e-08          0    p    2    1
 10  -6.24268e-01   3.59351e-07          0    p    2    1
 11  -4.26816e-01   1.05325e-06          0    p    2    0
 12  -2.68279e-01   1.50323e-06       1000    p    2    0
 13  -2.66344e-01   9.27053e-07          0    p    2    1
 14  -2.66317e-01   1.41079e-06          0    p    2    0
------------------------------------------------------------
 Total error:                            2.52748e-06    0
============================================================


============================================================
                    Energy                 Update      Done 
------------------------------------------------------------
 Orbital      -3.874900843712532e+02     5.45372e-06    1
 Kinetic       6.786680754647715e+02     2.99585e-06    1
 N-E          -1.747679044579595e+03    -8.20634e-06    1
 Coulomb       3.697274868427929e+02     5.56632e-06    1
 Exchange      0.000000000000000e+00     0.00000e+00    1
 X-C          -4.384093918843565e+01    -3.52736e-07    1
------------------------------------------------------------
 Electronic   -7.431244626623136e+02    -3.91083e-11    1
 Nuclear       6.288416657735166e+01     0.00000e+00    1
------------------------------------------------------------
 Total        -6.802402960849620e+02    -3.91083e-11    1
============================================================


################ Wall time: 7.60461e+02 sec ################




####################### SCF cycle  9 #######################


============================================================
 Current precision                              1.00000e-07
------------------------------------------------------------
 Orbital threshold                              1.00000e-06
 Property threshold                            -1.00000e+00
============================================================


============================================================
                   Calculating SCF energy
------------------------------------------------------------
 Nuclear energy                       6.288416657735166e+01
 Electronic energy                   -7.431244626623356e+02
------------------------------------------------------------
 Total energy                        -6.802402960849840e+02
------------------------------------------------------------
                 Wall time: 4.34811e+01 sec 
============================================================


============================================================
                Rotating Helmholtz argument
------------------------------------------------------------
 Rotating orbitals                              5.05520e+00
------------------------------------------------------------
                 Wall time: 5.05529e+00 sec 
============================================================


============================================================
                Applying Helmholtz operators
------------------------------------------------------------
 Orb    RealNorm   Nodes     ImagNorm   Nodes     Timing
------------------------------------------------------------
  0    1.00000e+00  1256    0.00000e+00     0   1.50936e+02
  4    1.00000e+00   936    0.00000e+00     0   1.18612e+02
  8    1.00000e+00   968    0.00000e+00     0   1.19929e+02
 12    1.00000e+00  1000    0.00000e+00     0   1.43855e+02
------------------------------------------------------------
                 Wall time: 5.33335e+02 sec 
============================================================


============================================================
                 Lowdin orthonormalization
------------------------------------------------------------
 Computing Lowdin matrix                        1.31243e+01
 Rotating orbitals                              3.62030e+00
------------------------------------------------------------
                 Wall time: 1.67447e+01 sec 
============================================================


============================================================
               Iterative subspace accelerator
------------------------------------------------------------
 Push back orbitals                             1.62637e-01
 Setup linear system                            3.74768e+00
 Solve linear system                            9.78300e-06
 Expand solution                                4.86789e+00
------------------------------------------------------------
                 Wall time: 8.77836e+00 sec 
============================================================


============================================================
                 Lowdin orthonormalization
------------------------------------------------------------
 Computing Lowdin matrix                        1.78859e+00
 Rotating orbitals                              2.87168e+00
------------------------------------------------------------
                 Wall time: 4.66037e+00 sec 
============================================================


============================================================
                  Setting up Fock operator
------------------------------------------------------------
 Precision                                      1.00000e-07
------------------------------------------------------------
 Coulomb density                      1384      4.33727e+00
 Coulomb potential                     776      9.50069e+01
 Allreduce potential                   808      2.65991e-01
 XC total density                     1608      5.31116e+00
 XC evaluate xcfun                    3216      7.84864e+00
 XC energy                            1608      2.05914e-04
 XC potential                         1608      8.10965e-02
------------------------------------------------------------
                 Wall time: 1.12876e+02 sec 
============================================================


============================================================
                  Calculating Fock matrix
------------------------------------------------------------
 Kinetic part                         1.446899481400000e+01
 Potential part                       4.029541199400000e+01
------------------------------------------------------------
                 Wall time: 5.47645e+01 sec 
============================================================


============================================================
                          Orbitals
------------------------------------------------------------
 Orb    F(i,i)        Error         nNodes  Spin  Occ  Done 
------------------------------------------------------------
  0  -7.60220e+01   1.23043e-08       1224    p    2    1
  1  -7.60220e+01   1.18611e-08          0    p    2    1
  2  -6.29640e+00   2.37937e-08          0    p    2    1
  3  -6.29593e+00   2.12073e-08          0    p    2    1
  4  -4.54455e+00   2.33935e-08        968    p    2    1
  5  -4.54455e+00   1.22720e-08          0    p    2    1
  6  -4.54435e+00   1.57514e-08          0    p    2    1
  7  -4.54435e+00   1.22181e-08          0    p    2    1
  8  -4.54053e+00   1.30737e-08        968    p    2    1
  9  -4.53831e+00   1.29627e-08          0    p    2    1
 10  -6.24268e-01   1.52389e-07          0    p    2    1
 11  -4.26816e-01   1.99837e-07          0    p    2    1
 12  -2.68279e-01   5.33623e-07       1000    p    2    1
 13  -2.66344e-01   3.52672e-07          0    p    2    1
 14  -2.66316e-01   4.74676e-07          0    p    2    1
------------------------------------------------------------
 Total error:                            8.36868e-07    1
============================================================


============================================================
                    Energy                 Update      Done 
------------------------------------------------------------
 Orbital      -3.874900874945374e+02    -3.12328e-06    1
 Kinetic       6.786680737041110e+02    -1.76066e-06    1
 N-E          -1.747679039834487e+03     4.74511e-06    1
 Coulomb       3.697274836551984e+02    -3.18759e-06    1
 Exchange      0.000000000000000e+00     0.00000e+00    1
 X-C          -4.384093898670766e+01     2.01728e-07    1
------------------------------------------------------------
 Electronic   -7.431244626623356e+02    -2.20552e-11    1
 Nuclear       6.288416657735166e+01     0.00000e+00    1
------------------------------------------------------------
 Total        -6.802402960849840e+02    -2.20552e-11    1
============================================================


################ Wall time: 7.80681e+02 sec ################


============================================================
                      Convergence rate
------------------------------------------------------------
Iter    OrbError       Property                   Update  
------------------------------------------------------------
  1    4.12596e-03    -6.802402754628072e+02   -6.80240e+02
  2    5.55867e-04    -6.802402952992832e+02   -1.98365e-05
  3    2.39819e-04    -6.802402959330783e+02   -6.33795e-07
  4    6.91149e-05    -6.802402960509155e+02   -1.17837e-07
  5    4.81811e-05    -6.802402960766540e+02   -2.57385e-08
  6    1.54092e-05    -6.802402960842903e+02   -7.63634e-09
  7    3.27691e-06    -6.802402960849229e+02   -6.32554e-10
  8    2.52748e-06    -6.802402960849620e+02   -3.91083e-11
  9    8.36868e-07    -6.802402960849840e+02   -2.20552e-11
------------------------------------------------------------
                      SCF converged!!!                      
============================================================


============================================================
                  Digonalizing Fock matrix
------------------------------------------------------------
 Computing Lowdin matrix                        9.79660e-01
 Diagonalizing matrix                           3.64160e-05
 Rotating orbitals                              4.05977e+00
------------------------------------------------------------
                 Wall time: 5.03957e+00 sec 
============================================================


============================================================
                  Setting up Fock operator
------------------------------------------------------------
 Precision                                      1.00000e-07
------------------------------------------------------------
 Coulomb density                      1480      3.78712e+00
 Coulomb potential                     840      8.19600e+01
 Allreduce potential                   808      2.51673e-01
 XC total density                     1672      4.35110e+00
 XC evaluate xcfun                    3344      7.77345e+00
 XC energy                            1672      1.71908e-04
 XC potential                         1672      7.21570e-02
------------------------------------------------------------
                 Wall time: 9.82190e+01 sec 
============================================================


============================================================
                   Calculating SCF energy
------------------------------------------------------------
------------------------------------------------------------
                 Wall time: 3.56444e+01 sec 
============================================================


============================================================
                 Calculating dipole moment
------------------------------------------------------------
------------------------------------------------------------
                 Wall time: 1.75254e+01 sec 
============================================================


============================================================
                        Fock matrix
------------------------------------------------------------
-7.60220e+01  0.00000e+00  0.00000e+00  0.00000e+00  0.00000e+00  0.00000e+00  0.00000e+00  0.00000e+00  0.00000e+00  0.00000e+00  0.00000e+00  0.00000e+00  0.00000e+00  0.00000e+00  0.00000e+00
 0.00000e+00 -7.60220e+01  0.00000e+00  0.00000e+00  0.00000e+00  0.00000e+00  0.00000e+00  0.00000e+00  0.00000e+00  0.00000e+00  0.00000e+00  0.00000e+00  0.00000e+00  0.00000e+00  0.00000e+00
 0.00000e+00  0.00000e+00 -6.29640e+00  0.00000e+00  0.00000e+00  0.00000e+00  0.00000e+00  0.00000e+00  0.00000e+00  0.00000e+00  0.00000e+00  0.00000e+00  0.00000e+00  0.00000e+00  0.00000e+00
 0.00000e+00  0.00000e+00  0.00000e+00 -6.29593e+00  0.00000e+00  0.00000e+00  0.00000e+00  0.00000e+00  0.00000e+00  0.00000e+00  0.00000e+00  0.00000e+00  0.00000e+00  0.00000e+00  0.00000e+00
 0.00000e+00  0.00000e+00  0.00000e+00  0.00000e+00 -4.54455e+00  0.00000e+00  0.00000e+00  0.00000e+00  0.00000e+00  0.00000e+00  0.00000e+00  0.00000e+00  0.00000e+00  0.00000e+00  0.00000e+00
 0.00000e+00  0.00000e+00  0.00000e+00  0.00000e+00  0.00000e+00 -4.54455e+00  0.00000e+00  0.00000e+00  0.00000e+00  0.00000e+00  0.00000e+00  0.00000e+00  0.00000e+00  0.00000e+00  0.00000e+00
 0.00000e+00  0.00000e+00  0.00000e+00  0.00000e+00  0.00000e+00  0.00000e+00 -4.54435e+00  0.00000e+00  0.00000e+00  0.00000e+00  0.00000e+00  0.00000e+00  0.00000e+00  0.00000e+00  0.00000e+00
 0.00000e+00  0.00000e+00  0.00000e+00  0.00000e+00  0.00000e+00  0.00000e+00  0.00000e+00 -4.54435e+00  0.00000e+00  0.00000e+00  0.00000e+00  0.00000e+00  0.00000e+00  0.00000e+00  0.00000e+00
 0.00000e+00  0.00000e+00  0.00000e+00  0.00000e+00  0.00000e+00  0.00000e+00  0.00000e+00  0.00000e+00 -4.54053e+00  0.00000e+00  0.00000e+00  0.00000e+00  0.00000e+00  0.00000e+00  0.00000e+00
 0.00000e+00  0.00000e+00  0.00000e+00  0.00000e+00  0.00000e+00  0.00000e+00  0.00000e+00  0.00000e+00  0.00000e+00 -4.53831e+00  0.00000e+00  0.00000e+00  0.00000e+00  0.00000e+00  0.00000e+00
 0.00000e+00  0.00000e+00  0.00000e+00  0.00000e+00  0.00000e+00  0.00000e+00  0.00000e+00  0.00000e+00  0.00000e+00  0.00000e+00 -6.24268e-01  0.00000e+00  0.00000e+00  0.00000e+00  0.00000e+00
 0.00000e+00  0.00000e+00  0.00000e+00  0.00000e+00  0.00000e+00  0.00000e+00  0.00000e+00  0.00000e+00  0.00000e+00  0.00000e+00  0.00000e+00 -4.26816e-01  0.00000e+00  0.00000e+00  0.00000e+00
 0.00000e+00  0.00000e+00  0.00000e+00  0.00000e+00  0.00000e+00  0.00000e+00  0.00000e+00  0.00000e+00  0.00000e+00  0.00000e+00  0.00000e+00  0.00000e+00 -2.68279e-01  0.00000e+00  0.00000e+00
 0.00000e+00  0.00000e+00  0.00000e+00  0.00000e+00  0.00000e+00  0.00000e+00  0.00000e+00  0.00000e+00  0.00000e+00  0.00000e+00  0.00000e+00  0.00000e+00  0.00000e+00 -2.66344e-01  0.00000e+00
 0.00000e+00  0.00000e+00  0.00000e+00  0.00000e+00  0.00000e+00  0.00000e+00  0.00000e+00  0.00000e+00  0.00000e+00  0.00000e+00  0.00000e+00  0.00000e+00  0.00000e+00  0.00000e+00 -2.66316e-01
============================================================


============================================================
                      Orbital energies
------------------------------------------------------------
    n  spin  occ                            epsilon  
------------------------------------------------------------
    0    p    2                      -7.602203098303244e+01
    1    p    2                      -7.602203094974921e+01
    2    p    2                      -6.296395421380897e+00
    3    p    2                      -6.295934857004653e+00
    4    p    2                      -4.544545763814813e+00
    5    p    2                      -4.544545529904059e+00
    6    p    2                      -4.544348703520225e+00
    7    p    2                      -4.544348470039289e+00
    8    p    2                      -4.540528615772291e+00
    9    p    2                      -4.538310214746637e+00
   10    p    2                      -6.242676887381901e-01
   11    p    2                      -4.268160082795853e-01
   12    p    2                      -2.682790028134282e-01
   13    p    2                      -2.663440277730255e-01
   14    p    2                      -2.663162674251654e-01
============================================================


============================================================
                          Molecule
------------------------------------------------------------
 Nr  Element             x             y             z      
------------------------------------------------------------
  1     P           0.00000e+00   0.00000e+00   0.00000e+00
  2     P           0.00000e+00   0.00000e+00   3.57801e+00
------------------------------------------------------------
 Center of mass:    0.00000e+00   0.00000e+00   1.78900e+00
============================================================


                                                            
============================================================
                         SCF Energy                         
------------------------------------------------------------
                                                            
 Sum orbital energy:                 -3.874900850079878e+02
 Kinetic energy:                      6.786680751008150e+02
 E-N energy:                         -1.747679043598026e+03
 Coulomb energy:                      3.697274861871524e+02
 Exchange energy:                     0.000000000000000e+00
 X-C energy:                         -4.384093914693725e+01
 El. external field energy:          -4.119963041221758e-05
 Nuc. external field energy:         -1.966255110797234e-14
                                                            
------------------------------------------------------------
                                                            
 Electronic energy:                  -7.431244626566267e+02
 Nuclear energy:                      6.288416657735166e+01
                                                            
------------------------------------------------------------
                                                            
 Total energy       (au)             -6.802402960792751e+02
                    (kJ/mol)         -1.785970638864824e+06
                    (kcal/mol)       -4.268572269851087e+05
                    (eV)             -1.851028062313916e+04
                                                            
============================================================
                                                            

                                                            
============================================================
                         Dipole moment                      
------------------------------------------------------------
                                                            
 Length of vector:   (au)                  4.1199630432e-02
                     (Debye)               1.0471900537e-01
                                                            
-------------------------- Total ---------------------------
                                                            
 [-4.1199630432e-02, -2.0048140680e-11, -4.0714683481e-09] 
                                                            
------------------------- Nuclear --------------------------
                                                            
 [-1.9662551108e-11, -2.0004183297e-11,  1.3179146663e-10] 
                                                            
------------------------ Electronic ------------------------
                                                            
 [-4.1199630412e-02, -4.3957382297e-14, -4.2032598147e-09] 
                                                            
============================================================
                                                            



************************************************************
***                                                      ***
***                    Exiting MRChem                    ***
***                                                      ***
***               Wall time: 6.654289e+03                ***
***                                                      ***
************************************************************


