


************************************************************
***     __  __ ____   ____ _                             ***
***    |  \/  |  _ \ / ___| |__   ___ _ __ ___           ***
***    | |\/| | |_) | |   | '_ \ / _ \ '_ ` _ \          ***
***    | |  | |  _ <| |___| | | |  __/ | | | | |         ***
***    |_|  |_|_| \_\\____|_| |_|\___|_| |_| |_|         ***
***                                                      ***
***    VERSION 0.0.1 (rev. 1c6f79f)                     ***
***                                                      ***
***    Stig Rune Jensen <stig.r.jensen@uit.no>           ***
***    Luca Frediani    <luca.frediani@uit.no>           ***
***    Peter Wind       <peter.wind@uit.no>              ***
***                                                      ***
************************************************************


+++ Parallel execution: 
  MPI hosts available     : 4
  Threads/host            : 2
  Total used CPUs         : 8


------------------------------------------------------------

 MRCPP version   : X.Y.Z
 Git revision    : bbc2aed

 Linear algebra  : EIGEN
 Parallelization : MPI/OpenMP

------------------------------------------------------------




============================================================
                  MultiResolution Analysis                  
------------------------------------------------------------
 polynomial order = 11
 polynomial type  = Interpolating
------------------------------------------------------------
 total boxes      = 8
 boxes            = [           2           2           2 ]
 unit lengths     = [    32.00000    32.00000    32.00000 ]
 scaling factor   = [     1.00000     1.00000     1.00000 ]
 lower bounds     = [   -32.00000   -32.00000   -32.00000 ]
 upper bounds     = [    32.00000    32.00000    32.00000 ]
 total length     = [    64.00000    64.00000    64.00000 ]
============================================================


============================================================
                          Molecule
------------------------------------------------------------
 Nr  Element             x             y             z      
------------------------------------------------------------
  1     P           0.00000e+00   2.09760e+00  -1.62138e-01
  2     P           0.00000e+00  -2.09760e+00  -1.62138e-01
  3     H          -3.82858e-01   2.54697e+00   2.43869e+00
  4     H           2.65412e+00   2.30849e+00  -6.04712e-03
  5     H           3.82858e-01  -2.54697e+00   2.43869e+00
  6     H          -2.65412e+00  -2.30849e+00  -6.04712e-03
------------------------------------------------------------
 Center of mass:    0.00000e+00   6.73077e-18  -7.79053e-02
============================================================


============================================================
                Setting up nuclear potential
------------------------------------------------------------
 Nr  Element         Charge        Precision     Smoothing 
------------------------------------------------------------
  1     P           1.50000e+01   1.00000e-07   8.30509e-06
  2     P           1.50000e+01   1.00000e-07   8.30509e-06
  3     H           1.00000e+00   1.00000e-07   7.57698e-04
  4     H           1.00000e+00   1.00000e-07   7.57698e-04
  5     H           1.00000e+00   1.00000e-07   7.57698e-04
  6     H           1.00000e+00   1.00000e-07   7.57698e-04
------------------------------------------------------------
 Nuclear potential                    2240      2.92124e+00
 Allreduce potential                  4648      1.87531e+00
------------------------------------------------------------
                 Wall time: 4.79667e+00 sec 
============================================================


============================================================
 OrbitalVector:  17 orbitals    17 occupied    34 electrons
------------------------------------------------------------
   n  RankID           Norm          Spin Occ      Error    
------------------------------------------------------------
   0     0       1.000000000000e+00    p   2    1.00000e+00
   1     1      -1.000000000000e+00    p   2    1.00000e+00
   2     2      -1.000000000000e+00    p   2    1.00000e+00
   3     3      -1.000000000000e+00    p   2    1.00000e+00
   4     0       1.000000000000e+00    p   2    1.00000e+00
   5     1      -1.000000000000e+00    p   2    1.00000e+00
   6     2      -1.000000000000e+00    p   2    1.00000e+00
   7     3      -1.000000000000e+00    p   2    1.00000e+00
   8     0       1.000000000000e+00    p   2    1.00000e+00
   9     1      -1.000000000000e+00    p   2    1.00000e+00
  10     2      -1.000000000000e+00    p   2    1.00000e+00
  11     3      -1.000000000000e+00    p   2    1.00000e+00
  12     0       1.000000000000e+00    p   2    1.00000e+00
  13     1      -1.000000000000e+00    p   2    1.00000e+00
  14     2      -1.000000000000e+00    p   2    1.00000e+00
  15     3      -1.000000000000e+00    p   2    1.00000e+00
  16     0       1.000000000000e+00    p   2    1.00000e+00
============================================================


============================================================
                  Setting up Fock operator
------------------------------------------------------------
 Precision                                      1.00000e-07
------------------------------------------------------------
 Coulomb density                      2152      7.40506e+00
 Coulomb potential                     928      8.22453e+01
 Allreduce potential                   920      3.20969e-01
 XC total density                     2632      8.36388e+00
 XC evaluate xcfun                   13160      3.83293e+01
 XC energy                            2632      1.76125e-04
 XC potential                         2632      1.24304e+00
------------------------------------------------------------
                 Wall time: 1.38821e+02 sec 
============================================================


============================================================
                  Calculating Fock matrix
------------------------------------------------------------
 Kinetic part                         2.978151704000000e+01
 Potential part                       8.291066470200001e+01
------------------------------------------------------------
                 Wall time: 1.12692e+02 sec 
============================================================




####################### SCF cycle  1 #######################


============================================================
 Current precision                              1.00000e-07
------------------------------------------------------------
 Orbital threshold                              1.00000e-06
 Property threshold                            -1.00000e+00
============================================================


============================================================
                  Digonalizing Fock matrix
------------------------------------------------------------
 Computing Lowdin matrix                        2.43393e+00
 Diagonalizing matrix                           6.12580e-05
 Rotating orbitals                              7.07649e+00
------------------------------------------------------------
                 Wall time: 9.51057e+00 sec 
============================================================


============================================================
                   Calculating SCF energy
------------------------------------------------------------
 Nuclear energy                       8.876845156627326e+01
 Electronic energy                   -7.735900807626685e+02
------------------------------------------------------------
 Total energy                        -6.848216291963953e+02
------------------------------------------------------------
                 Wall time: 5.79771e+01 sec 
============================================================


============================================================
                Rotating Helmholtz argument
------------------------------------------------------------
 Rotating orbitals                              1.92349e+00
------------------------------------------------------------
                 Wall time: 1.92358e+00 sec 
============================================================


============================================================
                Applying Helmholtz operators
------------------------------------------------------------
 Orb    RealNorm   Nodes     ImagNorm   Nodes     Timing
------------------------------------------------------------
  0    1.00000e+00   760    0.00000e+00     0   5.79928e+01
  4    1.00000e+00  1016    0.00000e+00     0   1.00957e+02
  8    1.00000e+00  1064    0.00000e+00     0   1.06339e+02
 12    1.00000e+00  1440    0.00000e+00     0   1.45561e+02
 16    1.00000e+00  1384    0.00000e+00     0   1.45947e+02
------------------------------------------------------------
                 Wall time: 5.56797e+02 sec 
============================================================


============================================================
                 Lowdin orthonormalization
------------------------------------------------------------
 Computing Lowdin matrix                        1.29348e+00
 Rotating orbitals                              7.20771e+00
------------------------------------------------------------
                 Wall time: 8.50127e+00 sec 
============================================================


============================================================
               Iterative subspace accelerator
------------------------------------------------------------
 Push back orbitals                             5.40930e-05
 Copy orbitals                                  2.63763e-01
 Copy orbital updates                           2.58935e-01
------------------------------------------------------------
                 Wall time: 5.22859e-01 sec 
============================================================


============================================================
                 Lowdin orthonormalization
------------------------------------------------------------
 Computing Lowdin matrix                        1.54841e+00
 Rotating orbitals                              4.12978e+00
------------------------------------------------------------
                 Wall time: 5.67827e+00 sec 
============================================================


============================================================
                  Setting up Fock operator
------------------------------------------------------------
 Precision                                      1.00000e-07
------------------------------------------------------------
 Coulomb density                      2032      5.57870e+00
 Coulomb potential                     912      9.03276e+01
 Allreduce potential                   920      3.28532e-01
 XC total density                     2440      6.89502e+00
 XC evaluate xcfun                   12200      3.67943e+01
 XC energy                            2440      1.90013e-04
 XC potential                         2440      1.19888e+00
------------------------------------------------------------
                 Wall time: 1.41977e+02 sec 
============================================================


============================================================
                  Calculating Fock matrix
------------------------------------------------------------
 Kinetic part                         1.947920388700000e+01
 Potential part                       6.436718058600000e+01
------------------------------------------------------------
                 Wall time: 8.38465e+01 sec 
============================================================


============================================================
                          Orbitals
------------------------------------------------------------
 Orb    F(i,i)        Error         nNodes  Spin  Occ  Done 
------------------------------------------------------------
  0  -7.62993e+01   3.42364e-06        600    p    2    0
  1  -7.62989e+01   3.42257e-06          0    p    2    0
  2  -6.30884e+00   3.25211e-05          0    p    2    0
  3  -6.30876e+00   5.21679e-05          0    p    2    0
  4  -4.52545e+00   2.55570e-05       1008    p    2    0
  5  -4.52517e+00   2.36738e-05          0    p    2    0
  6  -4.52475e+00   6.04043e-05          0    p    2    0
  7  -4.52468e+00   5.77171e-05          0    p    2    0
  8  -4.52080e+00   3.45885e-05       1032    p    2    0
  9  -4.52078e+00   3.11081e-05          0    p    2    0
 10  -6.25116e-01   3.20579e-04          0    p    2    0
 11  -5.33840e-01   3.06458e-04          0    p    2    0
 12  -3.63751e-01   1.91332e-03       1424    p    2    0
 13  -3.62535e-01   1.38842e-03          0    p    2    0
 14  -3.18430e-01   1.83519e-03          0    p    2    0
 15  -2.46861e-01   2.18363e-03          0    p    2    0
 16  -2.35945e-01   2.15009e-03       1384    p    2    0
------------------------------------------------------------
 Total error:                            4.30795e-03    0
============================================================


============================================================
                    Energy                 Update      Done 
------------------------------------------------------------
 Orbital      -3.900877248941691e+02    -3.90088e+02    1
 Kinetic       6.838411912487225e+02     6.83841e+02    1
 N-E          -1.807209838486962e+03    -1.80721e+03    1
 Coulomb       3.973971402631992e+02     3.97397e+02    1
 Exchange      0.000000000000000e+00     0.00000e+00    1
 X-C          -4.761857378763630e+01    -4.76186e+01    1
------------------------------------------------------------
 Electronic   -7.735900807626685e+02    -7.73590e+02    1
 Nuclear       8.876845156627326e+01     8.87685e+01    1
------------------------------------------------------------
 Total        -6.848216291963953e+02    -6.84822e+02    1
============================================================


################ Wall time: 8.67331e+02 sec ################




####################### SCF cycle  2 #######################


============================================================
 Current precision                              1.00000e-07
------------------------------------------------------------
 Orbital threshold                              1.00000e-06
 Property threshold                            -1.00000e+00
============================================================


============================================================
                  Digonalizing Fock matrix
------------------------------------------------------------
 Computing Lowdin matrix                        1.47370e+00
 Diagonalizing matrix                           6.61030e-05
 Rotating orbitals                              5.93603e+00
------------------------------------------------------------
                 Wall time: 7.40989e+00 sec 
============================================================


============================================================
                   Calculating SCF energy
------------------------------------------------------------
 Nuclear energy                       8.876845156627326e+01
 Electronic energy                   -7.735901050651547e+02
------------------------------------------------------------
 Total energy                        -6.848216534988815e+02
------------------------------------------------------------
                 Wall time: 5.81424e+01 sec 
============================================================


============================================================
                Rotating Helmholtz argument
------------------------------------------------------------
 Rotating orbitals                              1.95586e+00
------------------------------------------------------------
                 Wall time: 1.95595e+00 sec 
============================================================


============================================================
                Applying Helmholtz operators
------------------------------------------------------------
 Orb    RealNorm   Nodes     ImagNorm   Nodes     Timing
------------------------------------------------------------
  0    1.00000e+00  1048    0.00000e+00     0   8.30881e+01
  4    1.00000e+00  1008    0.00000e+00     0   9.88596e+01
  8    1.00000e+00   952    0.00000e+00     0   9.05709e+01
 12    1.00000e+00  1464    0.00000e+00     0   1.52449e+02
 16    1.00000e+00  1384    0.00000e+00     0   1.43242e+02
------------------------------------------------------------
                 Wall time: 5.68225e+02 sec 
============================================================


============================================================
                 Lowdin orthonormalization
------------------------------------------------------------
 Computing Lowdin matrix                        1.31989e+00
 Rotating orbitals                              7.08606e+00
------------------------------------------------------------
                 Wall time: 8.40601e+00 sec 
============================================================


============================================================
               Iterative subspace accelerator
------------------------------------------------------------
 Push back orbitals                             5.61260e-05
 Copy orbitals                                  2.71933e-01
 Copy orbital updates                           2.63141e-01
------------------------------------------------------------
                 Wall time: 5.35232e-01 sec 
============================================================


============================================================
                 Lowdin orthonormalization
------------------------------------------------------------
 Computing Lowdin matrix                        1.54288e+00
 Rotating orbitals                              3.06419e+00
------------------------------------------------------------
                 Wall time: 4.60716e+00 sec 
============================================================


============================================================
                  Setting up Fock operator
------------------------------------------------------------
 Precision                                      1.00000e-07
------------------------------------------------------------
 Coulomb density                      1984      5.97699e+00
 Coulomb potential                     880      8.42449e+01
 Allreduce potential                   920      3.17807e-01
 XC total density                     2440      6.62271e+00
 XC evaluate xcfun                   12200      3.64435e+01
 XC energy                            2440      1.70185e-04
 XC potential                         2440      1.26051e+00
------------------------------------------------------------
                 Wall time: 1.35676e+02 sec 
============================================================


============================================================
                  Calculating Fock matrix
------------------------------------------------------------
 Kinetic part                         1.958108336000000e+01
 Potential part                       6.465245496199999e+01
------------------------------------------------------------
                 Wall time: 8.42337e+01 sec 
============================================================


============================================================
                          Orbitals
------------------------------------------------------------
 Orb    F(i,i)        Error         nNodes  Spin  Occ  Done 
------------------------------------------------------------
  0  -7.62993e+01   8.27331e-07       1016    p    2    1
  1  -7.62990e+01   7.84328e-07          0    p    2    1
  2  -6.30895e+00   1.51148e-05          0    p    2    0
  3  -6.30867e+00   1.60087e-05          0    p    2    0
  4  -4.52551e+00   1.36096e-05        984    p    2    0
  5  -4.52513e+00   1.38703e-05          0    p    2    0
  6  -4.52488e+00   2.29357e-05          0    p    2    0
  7  -4.52457e+00   2.29080e-05          0    p    2    0
  8  -4.52094e+00   1.58789e-05        920    p    2    0
  9  -4.52066e+00   1.59448e-05          0    p    2    0
 10  -6.25123e-01   2.04302e-04          0    p    2    0
 11  -5.33847e-01   2.10966e-04          0    p    2    0
 12  -3.63760e-01   2.70662e-04       1448    p    2    0
 13  -3.62534e-01   1.62561e-04          0    p    2    0
 14  -3.18431e-01   3.35668e-04          0    p    2    0
 15  -2.46867e-01   2.48982e-04          0    p    2    0
 16  -2.35946e-01   2.65558e-04       1384    p    2    0
------------------------------------------------------------
 Total error:                            6.58435e-04    0
============================================================


============================================================
                    Energy                 Update      Done 
------------------------------------------------------------
 Orbital      -3.900878258428563e+02    -1.00949e-04    1
 Kinetic       6.838411783688969e+02    -1.28798e-05    1
 N-E          -1.807209730548679e+03     1.07938e-04    1
 Coulomb       3.973970625076000e+02    -7.77556e-05    1
 Exchange      0.000000000000000e+00     0.00000e+00    1
 X-C          -4.761856997413276e+01     3.81350e-06    1
------------------------------------------------------------
 Electronic   -7.735901050651547e+02    -2.43025e-05    1
 Nuclear       8.876845156627326e+01     0.00000e+00    1
------------------------------------------------------------
 Total        -6.848216534988815e+02    -2.43025e-05    1
============================================================


################ Wall time: 8.69835e+02 sec ################




####################### SCF cycle  3 #######################


============================================================
 Current precision                              1.00000e-07
------------------------------------------------------------
 Orbital threshold                              1.00000e-06
 Property threshold                            -1.00000e+00
============================================================


============================================================
                   Calculating SCF energy
------------------------------------------------------------
 Nuclear energy                       8.876845156627326e+01
 Electronic energy                   -7.735901061362736e+02
------------------------------------------------------------
 Total energy                        -6.848216545700003e+02
------------------------------------------------------------
                 Wall time: 6.69851e+01 sec 
============================================================


============================================================
                Rotating Helmholtz argument
------------------------------------------------------------
 Rotating orbitals                              7.23455e+00
------------------------------------------------------------
                 Wall time: 7.23464e+00 sec 
============================================================


============================================================
                Applying Helmholtz operators
------------------------------------------------------------
 Orb    RealNorm   Nodes     ImagNorm   Nodes     Timing
------------------------------------------------------------
  0    1.00000e+00  1048    0.00000e+00     0   8.86999e+01
  4    1.00000e+00  1008    0.00000e+00     0   1.04811e+02
  8    1.00000e+00   952    0.00000e+00     0   9.62361e+01
 12    1.00000e+00  1464    0.00000e+00     0   1.56161e+02
 16    1.00000e+00  1384    0.00000e+00     0   1.48380e+02
------------------------------------------------------------
                 Wall time: 5.94361e+02 sec 
============================================================


============================================================
                 Lowdin orthonormalization
------------------------------------------------------------
 Computing Lowdin matrix                        1.32513e+00
 Rotating orbitals                              7.09926e+00
------------------------------------------------------------
                 Wall time: 8.42449e+00 sec 
============================================================


============================================================
               Iterative subspace accelerator
------------------------------------------------------------
 Push back orbitals                             4.81460e-05
 Setup linear system                            7.97267e-01
 Solve linear system                            4.80272e-04
 Expand solution                                3.76143e+00
------------------------------------------------------------
                 Wall time: 4.55934e+00 sec 
============================================================


============================================================
                 Lowdin orthonormalization
------------------------------------------------------------
 Computing Lowdin matrix                        3.55916e+00
 Rotating orbitals                              7.59457e+00
------------------------------------------------------------
                 Wall time: 1.11538e+01 sec 
============================================================


============================================================
                  Setting up Fock operator
------------------------------------------------------------
 Precision                                      1.00000e-07
------------------------------------------------------------
 Coulomb density                      1984      5.48226e+00
 Coulomb potential                     880      7.81636e+01
 Allreduce potential                   920      3.28064e-01
 XC total density                     2440      6.25728e+00
 XC evaluate xcfun                   12200      3.58596e+01
 XC energy                            2440      1.67522e-04
 XC potential                         2440      1.22262e+00
------------------------------------------------------------
                 Wall time: 1.28095e+02 sec 
============================================================


============================================================
                  Calculating Fock matrix
------------------------------------------------------------
 Kinetic part                         1.941106204100000e+01
 Potential part                       6.102817337100000e+01
------------------------------------------------------------
                 Wall time: 8.04394e+01 sec 
============================================================


============================================================
                          Orbitals
------------------------------------------------------------
 Orb    F(i,i)        Error         nNodes  Spin  Occ  Done 
------------------------------------------------------------
  0  -7.62993e+01   5.60660e-07       1016    p    2    1
  1  -7.62989e+01   5.57292e-07          0    p    2    1
  2  -6.30895e+00   1.26377e-05          0    p    2    0
  3  -6.30866e+00   1.35289e-05          0    p    2    0
  4  -4.52550e+00   7.12050e-06        984    p    2    0
  5  -4.52513e+00   7.73192e-06          0    p    2    0
  6  -4.52488e+00   1.93142e-05          0    p    2    0
  7  -4.52456e+00   1.93590e-05          0    p    2    0
  8  -4.52094e+00   1.02245e-05        920    p    2    0
  9  -4.52065e+00   1.03841e-05          0    p    2    0
 10  -6.25122e-01   6.22768e-05          0    p    2    0
 11  -5.33846e-01   6.94565e-05          0    p    2    0
 12  -3.63755e-01   1.38846e-04       1448    p    2    0
 13  -3.62538e-01   8.05076e-05          0    p    2    0
 14  -3.18432e-01   1.89324e-04          0    p    2    0
 15  -2.46867e-01   1.49288e-04          0    p    2    0
 16  -2.35946e-01   1.60060e-04       1384    p    2    0
------------------------------------------------------------
 Total error:                            3.45870e-04    0
============================================================


============================================================
                    Energy                 Update      Done 
------------------------------------------------------------
 Orbital      -3.900880245733857e+02    -1.98731e-04    1
 Kinetic       6.838411291070638e+02    -4.92618e-05    1
 N-E          -1.807209489918851e+03     2.40630e-04    1
 Coulomb       3.973968608046450e+02    -2.01703e-04    1
 Exchange      0.000000000000000e+00     0.00000e+00    1
 X-C          -4.761855719682384e+01     1.27773e-05    1
------------------------------------------------------------
 Electronic   -7.735901061362736e+02    -1.07112e-06    1
 Nuclear       8.876845156627326e+01     0.00000e+00    1
------------------------------------------------------------
 Total        -6.848216545700003e+02    -1.07112e-06    1
============================================================


################ Wall time: 9.02924e+02 sec ################




####################### SCF cycle  4 #######################


============================================================
 Current precision                              1.00000e-07
------------------------------------------------------------
 Orbital threshold                              1.00000e-06
 Property threshold                            -1.00000e+00
============================================================


============================================================
                   Calculating SCF energy
------------------------------------------------------------
 Nuclear energy                       8.876845156627326e+01
 Electronic energy                   -7.735901064406278e+02
------------------------------------------------------------
 Total energy                        -6.848216548743545e+02
------------------------------------------------------------
                 Wall time: 6.57900e+01 sec 
============================================================


============================================================
                Rotating Helmholtz argument
------------------------------------------------------------
 Rotating orbitals                              7.46027e+00
------------------------------------------------------------
                 Wall time: 7.46037e+00 sec 
============================================================


============================================================
                Applying Helmholtz operators
------------------------------------------------------------
 Orb    RealNorm   Nodes     ImagNorm   Nodes     Timing
------------------------------------------------------------
  0    1.00000e+00  1048    0.00000e+00     0   8.63425e+01
  4    1.00000e+00  1008    0.00000e+00     0   9.73347e+01
  8    1.00000e+00   952    0.00000e+00     0   9.20333e+01
 12    1.00000e+00  1464    0.00000e+00     0   1.47344e+02
 16    1.00000e+00  1384    0.00000e+00     0   1.43170e+02
------------------------------------------------------------
                 Wall time: 5.66299e+02 sec 
============================================================


============================================================
                 Lowdin orthonormalization
------------------------------------------------------------
 Computing Lowdin matrix                        1.36532e+00
 Rotating orbitals                              7.21850e+00
------------------------------------------------------------
                 Wall time: 8.58391e+00 sec 
============================================================


============================================================
               Iterative subspace accelerator
------------------------------------------------------------
 Push back orbitals                             7.97967e-02
 Setup linear system                            2.41844e+00
 Solve linear system                            1.43900e-05
 Expand solution                                5.92897e+00
------------------------------------------------------------
                 Wall time: 8.42736e+00 sec 
============================================================


============================================================
                 Lowdin orthonormalization
------------------------------------------------------------
 Computing Lowdin matrix                        3.65830e+00
 Rotating orbitals                              7.50927e+00
------------------------------------------------------------
                 Wall time: 1.11677e+01 sec 
============================================================


============================================================
                  Setting up Fock operator
------------------------------------------------------------
 Precision                                      1.00000e-07
------------------------------------------------------------
 Coulomb density                      1984      5.45541e+00
 Coulomb potential                     880      7.75856e+01
 Allreduce potential                   920      3.27486e-01
 XC total density                     2440      6.21325e+00
 XC evaluate xcfun                   12200      3.58102e+01
 XC energy                            2440      1.65797e-04
 XC potential                         2440      1.22431e+00
------------------------------------------------------------
                 Wall time: 1.27410e+02 sec 
============================================================


============================================================
                  Calculating Fock matrix
------------------------------------------------------------
 Kinetic part                         2.052696071200000e+01
 Potential part                       6.140957024500000e+01
------------------------------------------------------------
                 Wall time: 8.19367e+01 sec 
============================================================


============================================================
                          Orbitals
------------------------------------------------------------
 Orb    F(i,i)        Error         nNodes  Spin  Occ  Done 
------------------------------------------------------------
  0  -7.62993e+01   2.72890e-07       1016    p    2    1
  1  -7.62990e+01   2.70633e-07          0    p    2    1
  2  -6.30894e+00   7.65576e-06          0    p    2    0
  3  -6.30867e+00   8.26387e-06          0    p    2    0
  4  -4.52550e+00   4.90366e-06        984    p    2    0
  5  -4.52514e+00   6.55984e-06          0    p    2    0
  6  -4.52487e+00   1.43389e-05          0    p    2    0
  7  -4.52457e+00   1.42987e-05          0    p    2    0
  8  -4.52093e+00   7.30411e-06        920    p    2    0
  9  -4.52066e+00   7.44080e-06          0    p    2    0
 10  -6.25123e-01   1.97868e-05          0    p    2    0
 11  -5.33847e-01   1.96336e-05          0    p    2    0
 12  -3.63752e-01   5.77833e-05       1448    p    2    0
 13  -3.62541e-01   4.64334e-05          0    p    2    0
 14  -3.18432e-01   9.14891e-05          0    p    2    0
 15  -2.46867e-01   8.91365e-05          0    p    2    0
 16  -2.35947e-01   9.69719e-05       1384    p    2    0
------------------------------------------------------------
 Total error:                            1.80842e-04    0
============================================================


============================================================
                    Energy                 Update      Done 
------------------------------------------------------------
 Orbital      -3.900879901083229e+02     3.44651e-05    1
 Kinetic       6.838411642298402e+02     3.51228e-05    1
 N-E          -1.807209556558587e+03    -6.66397e-05    1
 Coulomb       3.973968961827945e+02     3.53781e-05    1
 Exchange      0.000000000000000e+00     0.00000e+00    1
 X-C          -4.761855909212651e+01    -1.89530e-06    1
------------------------------------------------------------
 Electronic   -7.735901064406278e+02    -3.04354e-07    1
 Nuclear       8.876845156627326e+01     0.00000e+00    1
------------------------------------------------------------
 Total        -6.848216548743545e+02    -3.04354e-07    1
============================================================


################ Wall time: 8.78770e+02 sec ################




####################### SCF cycle  5 #######################


============================================================
 Current precision                              1.00000e-07
------------------------------------------------------------
 Orbital threshold                              1.00000e-06
 Property threshold                            -1.00000e+00
============================================================


============================================================
                   Calculating SCF energy
------------------------------------------------------------
 Nuclear energy                       8.876845156627326e+01
 Electronic energy                   -7.735901065200705e+02
------------------------------------------------------------
 Total energy                        -6.848216549537973e+02
------------------------------------------------------------
                 Wall time: 6.74070e+01 sec 
============================================================


============================================================
                Rotating Helmholtz argument
------------------------------------------------------------
 Rotating orbitals                              7.44134e+00
------------------------------------------------------------
                 Wall time: 7.44142e+00 sec 
============================================================


============================================================
                Applying Helmholtz operators
------------------------------------------------------------
 Orb    RealNorm   Nodes     ImagNorm   Nodes     Timing
------------------------------------------------------------
  0    1.00000e+00  1048    0.00000e+00     0   8.82704e+01
  4    1.00000e+00  1008    0.00000e+00     0   1.02653e+02
  8    1.00000e+00   952    0.00000e+00     0   9.01307e+01
 12    1.00000e+00  1464    0.00000e+00     0   1.46355e+02
 16    1.00000e+00  1384    0.00000e+00     0   1.41374e+02
------------------------------------------------------------
                 Wall time: 5.68858e+02 sec 
============================================================


============================================================
                 Lowdin orthonormalization
------------------------------------------------------------
 Computing Lowdin matrix                        1.37172e+00
 Rotating orbitals                              7.14156e+00
------------------------------------------------------------
                 Wall time: 8.51337e+00 sec 
============================================================


============================================================
               Iterative subspace accelerator
------------------------------------------------------------
 Push back orbitals                             8.18861e-02
 Setup linear system                            4.88759e+00
 Solve linear system                            9.69200e-06
 Expand solution                                8.32035e+00
------------------------------------------------------------
                 Wall time: 1.32900e+01 sec 
============================================================


============================================================
                 Lowdin orthonormalization
------------------------------------------------------------
 Computing Lowdin matrix                        3.96447e+00
 Rotating orbitals                              7.65525e+00
------------------------------------------------------------
                 Wall time: 1.16198e+01 sec 
============================================================


============================================================
                  Setting up Fock operator
------------------------------------------------------------
 Precision                                      1.00000e-07
------------------------------------------------------------
 Coulomb density                      1984      5.56141e+00
 Coulomb potential                     880      7.84205e+01
 Allreduce potential                   920      3.35522e-01
 XC total density                     2440      6.33052e+00
 XC evaluate xcfun                   12200      3.57029e+01
 XC energy                            2440      1.89592e-04
 XC potential                         2440      1.22236e+00
------------------------------------------------------------
                 Wall time: 1.28361e+02 sec 
============================================================


============================================================
                  Calculating Fock matrix
------------------------------------------------------------
 Kinetic part                         1.957608972900000e+01
 Potential part                       6.069457118800000e+01
------------------------------------------------------------
                 Wall time: 8.02708e+01 sec 
============================================================


============================================================
                          Orbitals
------------------------------------------------------------
 Orb    F(i,i)        Error         nNodes  Spin  Occ  Done 
------------------------------------------------------------
  0  -7.62993e+01   8.16404e-08       1016    p    2    1
  1  -7.62990e+01   7.98331e-08          0    p    2    1
  2  -6.30894e+00   2.36829e-06          0    p    2    0
  3  -6.30867e+00   2.57687e-06          0    p    2    0
  4  -4.52550e+00   2.09039e-06        984    p    2    0
  5  -4.52514e+00   3.33601e-06          0    p    2    0
  6  -4.52487e+00   6.33674e-06          0    p    2    0
  7  -4.52457e+00   6.30451e-06          0    p    2    0
  8  -4.52093e+00   3.04747e-06        920    p    2    0
  9  -4.52066e+00   3.08935e-06          0    p    2    0
 10  -6.25122e-01   5.71521e-06          0    p    2    0
 11  -5.33846e-01   4.75712e-06          0    p    2    0
 12  -3.63751e-01   1.46456e-05       1448    p    2    0
 13  -3.62542e-01   1.26715e-05          0    p    2    0
 14  -3.18432e-01   3.05788e-05          0    p    2    0
 15  -2.46867e-01   4.10924e-05          0    p    2    0
 16  -2.35946e-01   4.25660e-05       1384    p    2    0
------------------------------------------------------------
 Total error:                            7.06566e-05    0
============================================================


============================================================
                    Energy                 Update      Done 
------------------------------------------------------------
 Orbital      -3.900880163759167e+02    -2.62676e-05    1
 Kinetic       6.838411501157401e+02    -1.41141e-05    1
 N-E          -1.807209517155394e+03     3.94032e-05    1
 Coulomb       3.973968694242218e+02    -2.67586e-05    1
 Exchange      0.000000000000000e+00     0.00000e+00    1
 X-C          -4.761855720643088e+01     1.88570e-06    1
------------------------------------------------------------
 Electronic   -7.735901065200705e+02    -7.94428e-08    1
 Nuclear       8.876845156627326e+01     0.00000e+00    1
------------------------------------------------------------
 Total        -6.848216549537973e+02    -7.94428e-08    1
============================================================


################ Wall time: 8.87497e+02 sec ################




####################### SCF cycle  6 #######################


============================================================
 Current precision                              1.00000e-07
------------------------------------------------------------
 Orbital threshold                              1.00000e-06
 Property threshold                            -1.00000e+00
============================================================


============================================================
                   Calculating SCF energy
------------------------------------------------------------
 Nuclear energy                       8.876845156627326e+01
 Electronic energy                   -7.735901065309351e+02
------------------------------------------------------------
 Total energy                        -6.848216549646619e+02
------------------------------------------------------------
                 Wall time: 6.81866e+01 sec 
============================================================


============================================================
                Rotating Helmholtz argument
------------------------------------------------------------
 Rotating orbitals                              7.59146e+00
------------------------------------------------------------
                 Wall time: 7.59154e+00 sec 
============================================================


============================================================
                Applying Helmholtz operators
------------------------------------------------------------
 Orb    RealNorm   Nodes     ImagNorm   Nodes     Timing
------------------------------------------------------------
  0    1.00000e+00  1048    0.00000e+00     0   8.74646e+01
  4    1.00000e+00  1008    0.00000e+00     0   1.02682e+02
  8    1.00000e+00   952    0.00000e+00     0   9.46718e+01
 12    1.00000e+00  1464    0.00000e+00     0   1.51084e+02
 16    1.00000e+00  1384    0.00000e+00     0   1.50344e+02
------------------------------------------------------------
                 Wall time: 5.86335e+02 sec 
============================================================


============================================================
                 Lowdin orthonormalization
------------------------------------------------------------
 Computing Lowdin matrix                        1.34814e+00
 Rotating orbitals                              7.15793e+00
------------------------------------------------------------
                 Wall time: 8.50616e+00 sec 
============================================================


============================================================
               Iterative subspace accelerator
------------------------------------------------------------
 Push back orbitals                             8.26331e-02
 Setup linear system                            4.91883e+00
 Solve linear system                            9.73900e-06
 Expand solution                                8.30172e+00
------------------------------------------------------------
                 Wall time: 1.33033e+01 sec 
============================================================


============================================================
                 Lowdin orthonormalization
------------------------------------------------------------
 Computing Lowdin matrix                        3.82252e+00
 Rotating orbitals                              7.54283e+00
------------------------------------------------------------
                 Wall time: 1.13654e+01 sec 
============================================================


============================================================
                  Setting up Fock operator
------------------------------------------------------------
 Precision                                      1.00000e-07
------------------------------------------------------------
 Coulomb density                      1984      5.69066e+00
 Coulomb potential                     880      8.20829e+01
 Allreduce potential                   920      3.21290e-01
 XC total density                     2440      6.44882e+00
 XC evaluate xcfun                   12200      3.57723e+01
 XC energy                            2440      2.18994e-04
 XC potential                         2440      1.13600e+00
------------------------------------------------------------
                 Wall time: 1.32256e+02 sec 
============================================================


============================================================
                  Calculating Fock matrix
------------------------------------------------------------
 Kinetic part                         2.010250151900000e+01
 Potential part                       6.423848632200000e+01
------------------------------------------------------------
                 Wall time: 8.43411e+01 sec 
============================================================


============================================================
                          Orbitals
------------------------------------------------------------
 Orb    F(i,i)        Error         nNodes  Spin  Occ  Done 
------------------------------------------------------------
  0  -7.62993e+01   3.64666e-08       1016    p    2    1
  1  -7.62990e+01   3.58320e-08          0    p    2    1
  2  -6.30894e+00   6.81379e-07          0    p    2    1
  3  -6.30867e+00   6.90895e-07          0    p    2    1
  4  -4.52549e+00   1.16741e-06        984    p    2    0
  5  -4.52514e+00   2.15487e-06          0    p    2    0
  6  -4.52487e+00   3.00302e-06          0    p    2    0
  7  -4.52458e+00   2.96455e-06          0    p    2    0
  8  -4.52093e+00   1.28619e-06        920    p    2    0
  9  -4.52067e+00   1.23022e-06          0    p    2    0
 10  -6.25122e-01   2.78392e-06          0    p    2    0
 11  -5.33847e-01   2.46999e-06          0    p    2    0
 12  -3.63751e-01   6.61701e-06       1448    p    2    0
 13  -3.62542e-01   6.46002e-06          0    p    2    0
 14  -3.18432e-01   1.27396e-05          0    p    2    0
 15  -2.46867e-01   2.20968e-05          0    p    2    0
 16  -2.35947e-01   2.27295e-05       1384    p    2    0
------------------------------------------------------------
 Total error:                            3.59789e-05    0
============================================================


============================================================
                    Energy                 Update      Done 
------------------------------------------------------------
 Orbital      -3.900879957033760e+02     2.06725e-05    1
 Kinetic       6.838411597734714e+02     9.65773e-06    1
 N-E          -1.807209546415289e+03    -2.92599e-05    1
 Coulomb       3.973968905296691e+02     2.11054e-05    1
 Exchange      0.000000000000000e+00     0.00000e+00    1
 X-C          -4.761855855110229e+01    -1.34467e-06    1
------------------------------------------------------------
 Electronic   -7.735901065309351e+02    -1.08646e-08    1
 Nuclear       8.876845156627326e+01     0.00000e+00    1
------------------------------------------------------------
 Total        -6.848216549646619e+02    -1.08646e-08    1
============================================================


################ Wall time: 9.13507e+02 sec ################




####################### SCF cycle  7 #######################


============================================================
 Current precision                              1.00000e-07
------------------------------------------------------------
 Orbital threshold                              1.00000e-06
 Property threshold                            -1.00000e+00
============================================================


============================================================
                   Calculating SCF energy
------------------------------------------------------------
 Nuclear energy                       8.876845156627326e+01
 Electronic energy                   -7.735901065332135e+02
------------------------------------------------------------
 Total energy                        -6.848216549669403e+02
------------------------------------------------------------
                 Wall time: 6.72963e+01 sec 
============================================================


============================================================
                Rotating Helmholtz argument
------------------------------------------------------------
 Rotating orbitals                              7.53940e+00
------------------------------------------------------------
                 Wall time: 7.53949e+00 sec 
============================================================


============================================================
                Applying Helmholtz operators
------------------------------------------------------------
 Orb    RealNorm   Nodes     ImagNorm   Nodes     Timing
------------------------------------------------------------
  0    1.00000e+00  1048    0.00000e+00     0   8.75947e+01
  4    1.00000e+00  1008    0.00000e+00     0   9.99182e+01
  8    1.00000e+00   952    0.00000e+00     0   9.37373e+01
 12    1.00000e+00  1464    0.00000e+00     0   1.53946e+02
 16    1.00000e+00  1384    0.00000e+00     0   1.47726e+02
------------------------------------------------------------
                 Wall time: 5.82965e+02 sec 
============================================================


============================================================
                 Lowdin orthonormalization
------------------------------------------------------------
 Computing Lowdin matrix                        1.33854e+00
 Rotating orbitals                              6.88905e+00
------------------------------------------------------------
                 Wall time: 8.22769e+00 sec 
============================================================


============================================================
               Iterative subspace accelerator
------------------------------------------------------------
 Push back orbitals                             8.56624e-02
 Setup linear system                            4.60199e+00
 Solve linear system                            9.29600e-06
 Expand solution                                8.26440e+00
------------------------------------------------------------
                 Wall time: 1.29522e+01 sec 
============================================================


============================================================
                 Lowdin orthonormalization
------------------------------------------------------------
 Computing Lowdin matrix                        3.93397e+00
 Rotating orbitals                              7.06785e+00
------------------------------------------------------------
                 Wall time: 1.10019e+01 sec 
============================================================


============================================================
                  Setting up Fock operator
------------------------------------------------------------
 Precision                                      1.00000e-07
------------------------------------------------------------
 Coulomb density                      1984      5.94852e+00
 Coulomb potential                     880      8.43960e+01
 Allreduce potential                   920      3.35302e-01
 XC total density                     2440      6.70508e+00
 XC evaluate xcfun                   12200      3.63124e+01
 XC energy                            2440      1.83071e-04
 XC potential                         2440      1.15333e+00
------------------------------------------------------------
                 Wall time: 1.35678e+02 sec 
============================================================


============================================================
                  Calculating Fock matrix
------------------------------------------------------------
 Kinetic part                         1.966307679200000e+01
 Potential part                       6.617171189200000e+01
------------------------------------------------------------
                 Wall time: 8.58349e+01 sec 
============================================================


============================================================
                          Orbitals
------------------------------------------------------------
 Orb    F(i,i)        Error         nNodes  Spin  Occ  Done 
------------------------------------------------------------
  0  -7.62992e+01   1.86750e-08       1016    p    2    1
  1  -7.62990e+01   2.19252e-08          0    p    2    1
  2  -6.30894e+00   4.56399e-07          0    p    2    1
  3  -6.30867e+00   4.72246e-07          0    p    2    1
  4  -4.52549e+00   5.36797e-07        984    p    2    1
  5  -4.52514e+00   8.99296e-07          0    p    2    1
  6  -4.52487e+00   1.16546e-06          0    p    2    0
  7  -4.52458e+00   1.14472e-06          0    p    2    0
  8  -4.52093e+00   5.81743e-07        920    p    2    1
  9  -4.52066e+00   5.37366e-07          0    p    2    1
 10  -6.25122e-01   1.21696e-06          0    p    2    0
 11  -5.33847e-01   1.25619e-06          0    p    2    0
 12  -3.63751e-01   4.77918e-06       1448    p    2    0
 13  -3.62542e-01   4.04761e-06          0    p    2    0
 14  -3.18432e-01   6.67830e-06          0    p    2    0
 15  -2.46867e-01   1.03368e-05          0    p    2    0
 16  -2.35946e-01   9.65961e-06       1384    p    2    0
------------------------------------------------------------
 Total error:                            1.70841e-05    0
============================================================


============================================================
                    Energy                 Update      Done 
------------------------------------------------------------
 Orbital      -3.900880087927249e+02    -1.30893e-05    1
 Kinetic       6.838411537359943e+02    -6.03748e-06    1
 N-E          -1.807209527786545e+03     1.86287e-05    1
 Coulomb       3.973968772072387e+02    -1.33224e-05    1
 Exchange      0.000000000000000e+00     0.00000e+00    1
 X-C          -4.761855781163578e+01     7.39467e-07    1
------------------------------------------------------------
 Electronic   -7.735901065332135e+02    -2.27840e-09    1
 Nuclear       8.876845156627326e+01     0.00000e+00    1
------------------------------------------------------------
 Total        -6.848216549669403e+02    -2.27840e-09    1
============================================================


################ Wall time: 9.13156e+02 sec ################




####################### SCF cycle  8 #######################


============================================================
 Current precision                              1.00000e-07
------------------------------------------------------------
 Orbital threshold                              1.00000e-06
 Property threshold                            -1.00000e+00
============================================================


============================================================
                   Calculating SCF energy
------------------------------------------------------------
 Nuclear energy                       8.876845156627326e+01
 Electronic energy                   -7.735901065336330e+02
------------------------------------------------------------
 Total energy                        -6.848216549673598e+02
------------------------------------------------------------
                 Wall time: 6.98713e+01 sec 
============================================================


============================================================
                Rotating Helmholtz argument
------------------------------------------------------------
 Rotating orbitals                              7.60209e+00
------------------------------------------------------------
                 Wall time: 7.60220e+00 sec 
============================================================


============================================================
                Applying Helmholtz operators
------------------------------------------------------------
 Orb    RealNorm   Nodes     ImagNorm   Nodes     Timing
------------------------------------------------------------
  0    1.00000e+00  1048    0.00000e+00     0   8.96307e+01
  4    1.00000e+00  1008    0.00000e+00     0   1.06144e+02
  8    1.00000e+00   952    0.00000e+00     0   9.56968e+01
 12    1.00000e+00  1464    0.00000e+00     0   1.53089e+02
 16    1.00000e+00  1384    0.00000e+00     0   1.53631e+02
------------------------------------------------------------
                 Wall time: 5.98255e+02 sec 
============================================================


============================================================
                 Lowdin orthonormalization
------------------------------------------------------------
 Computing Lowdin matrix                        1.35560e+00
 Rotating orbitals                              6.55854e+00
------------------------------------------------------------
                 Wall time: 7.91424e+00 sec 
============================================================


============================================================
               Iterative subspace accelerator
------------------------------------------------------------
 Push back orbitals                             8.33523e-02
 Setup linear system                            5.02816e+00
 Solve linear system                            1.11760e-05
 Expand solution                                8.40923e+00
------------------------------------------------------------
                 Wall time: 1.35209e+01 sec 
============================================================


============================================================
                 Lowdin orthonormalization
------------------------------------------------------------
 Computing Lowdin matrix                        3.93537e+00
 Rotating orbitals                              6.79593e+00
------------------------------------------------------------
                 Wall time: 1.07314e+01 sec 
============================================================


============================================================
                  Setting up Fock operator
------------------------------------------------------------
 Precision                                      1.00000e-07
------------------------------------------------------------
 Coulomb density                      1984      6.02249e+00
 Coulomb potential                     880      8.71966e+01
 Allreduce potential                   920      3.47018e-01
 XC total density                     2440      6.81245e+00
 XC evaluate xcfun                   12200      3.64435e+01
 XC energy                            2440      2.17228e-04
 XC potential                         2440      1.15951e+00
------------------------------------------------------------
                 Wall time: 1.38819e+02 sec 
============================================================


============================================================
                  Calculating Fock matrix
------------------------------------------------------------
 Kinetic part                         1.988536319100000e+01
 Potential part                       6.716224715100000e+01
------------------------------------------------------------
                 Wall time: 8.70478e+01 sec 
============================================================


============================================================
                          Orbitals
------------------------------------------------------------
 Orb    F(i,i)        Error         nNodes  Spin  Occ  Done 
------------------------------------------------------------
  0  -7.62992e+01   9.91162e-09       1016    p    2    1
  1  -7.62990e+01   1.12573e-08          0    p    2    1
  2  -6.30894e+00   1.68768e-07          0    p    2    1
  3  -6.30867e+00   1.89975e-07          0    p    2    1
  4  -4.52549e+00   2.04443e-07        984    p    2    1
  5  -4.52514e+00   2.57784e-07          0    p    2    1
  6  -4.52487e+00   3.76372e-07          0    p    2    1
  7  -4.52458e+00   3.76710e-07          0    p    2    1
  8  -4.52093e+00   3.06108e-07        920    p    2    1
  9  -4.52067e+00   3.15610e-07          0    p    2    1
 10  -6.25122e-01   6.28655e-07          0    p    2    1
 11  -5.33847e-01   6.29456e-07          0    p    2    1
 12  -3.63751e-01   1.85043e-06       1448    p    2    0
 13  -3.62542e-01   1.33277e-06          0    p    2    0
 14  -3.18432e-01   2.90074e-06          0    p    2    0
 15  -2.46867e-01   2.11002e-06          0    p    2    0
 16  -2.35947e-01   2.10170e-06       1384    p    2    0
------------------------------------------------------------
 Total error:                            4.89136e-06    0
============================================================


============================================================
                    Energy                 Update      Done 
------------------------------------------------------------
 Orbital      -3.900879983136415e+02     1.04791e-05    1
 Kinetic       6.838411590955263e+02     5.35953e-06    1
 N-E          -1.807209543147737e+03    -1.53612e-05    1
 Coulomb       3.973968878998934e+02     1.06927e-05    1
 Exchange      0.000000000000000e+00     0.00000e+00    1
 X-C          -4.761855850447706e+01    -6.92841e-07    1
------------------------------------------------------------
 Electronic   -7.735901065336330e+02    -4.19504e-10    1
 Nuclear       8.876845156627326e+01     0.00000e+00    1
------------------------------------------------------------
 Total        -6.848216549673598e+02    -4.19504e-10    1
============================================================


################ Wall time: 9.35428e+02 sec ################




####################### SCF cycle  9 #######################


============================================================
 Current precision                              1.00000e-07
------------------------------------------------------------
 Orbital threshold                              1.00000e-06
 Property threshold                            -1.00000e+00
============================================================


============================================================
                   Calculating SCF energy
------------------------------------------------------------
 Nuclear energy                       8.876845156627326e+01
 Electronic energy                   -7.735901065337350e+02
------------------------------------------------------------
 Total energy                        -6.848216549674618e+02
------------------------------------------------------------
                 Wall time: 7.28867e+01 sec 
============================================================


============================================================
                Rotating Helmholtz argument
------------------------------------------------------------
 Rotating orbitals                              7.73619e+00
------------------------------------------------------------
                 Wall time: 7.73628e+00 sec 
============================================================


============================================================
                Applying Helmholtz operators
------------------------------------------------------------
 Orb    RealNorm   Nodes     ImagNorm   Nodes     Timing
------------------------------------------------------------
  0    1.00000e+00  1048    0.00000e+00     0   8.98847e+01
  4    1.00000e+00  1008    0.00000e+00     0   1.07422e+02
  8    1.00000e+00   952    0.00000e+00     0   9.96348e+01
 12    1.00000e+00  1464    0.00000e+00     0   1.66597e+02
 16    1.00000e+00  1384    0.00000e+00     0   1.54973e+02
------------------------------------------------------------
                 Wall time: 6.18564e+02 sec 
============================================================


============================================================
                 Lowdin orthonormalization
------------------------------------------------------------
 Computing Lowdin matrix                        1.35080e+00
 Rotating orbitals                              6.42602e+00
------------------------------------------------------------
                 Wall time: 7.77690e+00 sec 
============================================================


============================================================
               Iterative subspace accelerator
------------------------------------------------------------
 Push back orbitals                             8.44751e-02
 Setup linear system                            5.22415e+00
 Solve linear system                            9.41200e-06
 Expand solution                                8.14557e+00
------------------------------------------------------------
                 Wall time: 1.34543e+01 sec 
============================================================


============================================================
                 Lowdin orthonormalization
------------------------------------------------------------
 Computing Lowdin matrix                        3.70428e+00
 Rotating orbitals                              6.23088e+00
------------------------------------------------------------
                 Wall time: 9.93525e+00 sec 
============================================================


============================================================
                  Setting up Fock operator
------------------------------------------------------------
 Precision                                      1.00000e-07
------------------------------------------------------------
 Coulomb density                      1984      6.15229e+00
 Coulomb potential                     880      8.84045e+01
 Allreduce potential                   920      3.30759e-01
 XC total density                     2440      6.99187e+00
 XC evaluate xcfun                   12200      3.69503e+01
 XC energy                            2440      1.89096e-04
 XC potential                         2440      1.15295e+00
------------------------------------------------------------
                 Wall time: 1.40836e+02 sec 
============================================================


============================================================
                  Calculating Fock matrix
------------------------------------------------------------
 Kinetic part                         2.001173921700000e+01
 Potential part                       6.829545951100000e+01
------------------------------------------------------------
                 Wall time: 8.83073e+01 sec 
============================================================


============================================================
                          Orbitals
------------------------------------------------------------
 Orb    F(i,i)        Error         nNodes  Spin  Occ  Done 
------------------------------------------------------------
  0  -7.62992e+01   9.33969e-09       1016    p    2    1
  1  -7.62990e+01   9.38416e-09          0    p    2    1
  2  -6.30894e+00   4.57821e-08          0    p    2    1
  3  -6.30867e+00   6.13731e-08          0    p    2    1
  4  -4.52549e+00   8.09145e-08        984    p    2    1
  5  -4.52514e+00   1.28310e-07          0    p    2    1
  6  -4.52487e+00   1.17245e-07          0    p    2    1
  7  -4.52458e+00   1.14328e-07          0    p    2    1
  8  -4.52093e+00   1.00787e-07        920    p    2    1
  9  -4.52066e+00   1.05628e-07          0    p    2    1
 10  -6.25122e-01   2.78302e-07          0    p    2    1
 11  -5.33847e-01   3.05642e-07          0    p    2    1
 12  -3.63751e-01   4.93616e-07       1448    p    2    1
 13  -3.62542e-01   5.05559e-07          0    p    2    1
 14  -3.18432e-01   9.23501e-07          0    p    2    1
 15  -2.46867e-01   8.85626e-07          0    p    2    1
 16  -2.35946e-01   9.26139e-07       1384    p    2    1
------------------------------------------------------------
 Total error:                            1.80062e-06    1
============================================================


============================================================
                    Energy                 Update      Done 
------------------------------------------------------------
 Orbital      -3.900880046403260e+02    -6.32668e-06    1
 Kinetic       6.838411559245420e+02    -3.17098e-06    1
 N-E          -1.807209533941993e+03     9.20574e-06    1
 Coulomb       3.973968814452245e+02    -6.45467e-06    1
 Exchange      0.000000000000000e+00     0.00000e+00    1
 X-C          -4.761855809222638e+01     4.12251e-07    1
------------------------------------------------------------
 Electronic   -7.735901065337350e+02    -1.01977e-10    1
 Nuclear       8.876845156627326e+01     0.00000e+00    1
------------------------------------------------------------
 Total        -6.848216549674618e+02    -1.01977e-10    1
============================================================


################ Wall time: 9.61079e+02 sec ################


============================================================
                      Convergence rate
------------------------------------------------------------
Iter    OrbError       Property                   Update  
------------------------------------------------------------
  1    4.30795e-03    -6.848216291963953e+02   -6.84822e+02
  2    6.58435e-04    -6.848216534988815e+02   -2.43025e-05
  3    3.45870e-04    -6.848216545700003e+02   -1.07112e-06
  4    1.80842e-04    -6.848216548743545e+02   -3.04354e-07
  5    7.06566e-05    -6.848216549537973e+02   -7.94428e-08
  6    3.59789e-05    -6.848216549646619e+02   -1.08646e-08
  7    1.70841e-05    -6.848216549669403e+02   -2.27840e-09
  8    4.89136e-06    -6.848216549673598e+02   -4.19504e-10
  9    1.80062e-06    -6.848216549674618e+02   -1.01977e-10
------------------------------------------------------------
                      SCF converged!!!                      
============================================================


============================================================
                  Digonalizing Fock matrix
------------------------------------------------------------
 Computing Lowdin matrix                        1.43507e+00
 Diagonalizing matrix                           6.65470e-05
 Rotating orbitals                              8.98184e+00
------------------------------------------------------------
                 Wall time: 1.04171e+01 sec 
============================================================


============================================================
                  Setting up Fock operator
------------------------------------------------------------
 Precision                                      1.00000e-07
------------------------------------------------------------
 Coulomb density                      2136      6.48698e+00
 Coulomb potential                     912      8.01157e+01
 Allreduce potential                   920      3.24750e-01
 XC total density                     2632      7.34242e+00
 XC evaluate xcfun                   13160      3.81718e+01
 XC energy                            2632      1.89155e-04
 XC potential                         2632      1.08365e+00
------------------------------------------------------------
                 Wall time: 1.34346e+02 sec 
============================================================


============================================================
                   Calculating SCF energy
------------------------------------------------------------
------------------------------------------------------------
                 Wall time: 7.27348e+01 sec 
============================================================


============================================================
                 Calculating dipole moment
------------------------------------------------------------
------------------------------------------------------------
                 Wall time: 2.81659e+01 sec 
============================================================


============================================================
                        Fock matrix
------------------------------------------------------------
-7.62992e+01  0.00000e+00  0.00000e+00  0.00000e+00  0.00000e+00  0.00000e+00  0.00000e+00  0.00000e+00  0.00000e+00  0.00000e+00  0.00000e+00  0.00000e+00  0.00000e+00  0.00000e+00  0.00000e+00  0.00000e+00  0.00000e+00
 0.00000e+00 -7.62990e+01  0.00000e+00  0.00000e+00  0.00000e+00  0.00000e+00  0.00000e+00  0.00000e+00  0.00000e+00  0.00000e+00  0.00000e+00  0.00000e+00  0.00000e+00  0.00000e+00  0.00000e+00  0.00000e+00  0.00000e+00
 0.00000e+00  0.00000e+00 -6.30894e+00  0.00000e+00  0.00000e+00  0.00000e+00  0.00000e+00  0.00000e+00  0.00000e+00  0.00000e+00  0.00000e+00  0.00000e+00  0.00000e+00  0.00000e+00  0.00000e+00  0.00000e+00  0.00000e+00
 0.00000e+00  0.00000e+00  0.00000e+00 -6.30867e+00  0.00000e+00  0.00000e+00  0.00000e+00  0.00000e+00  0.00000e+00  0.00000e+00  0.00000e+00  0.00000e+00  0.00000e+00  0.00000e+00  0.00000e+00  0.00000e+00  0.00000e+00
 0.00000e+00  0.00000e+00  0.00000e+00  0.00000e+00 -4.52550e+00  0.00000e+00  0.00000e+00  0.00000e+00  0.00000e+00  0.00000e+00  0.00000e+00  0.00000e+00  0.00000e+00  0.00000e+00  0.00000e+00  0.00000e+00  0.00000e+00
 0.00000e+00  0.00000e+00  0.00000e+00  0.00000e+00  0.00000e+00 -4.52514e+00  0.00000e+00  0.00000e+00  0.00000e+00  0.00000e+00  0.00000e+00  0.00000e+00  0.00000e+00  0.00000e+00  0.00000e+00  0.00000e+00  0.00000e+00
 0.00000e+00  0.00000e+00  0.00000e+00  0.00000e+00  0.00000e+00  0.00000e+00 -4.52487e+00  0.00000e+00  0.00000e+00  0.00000e+00  0.00000e+00  0.00000e+00  0.00000e+00  0.00000e+00  0.00000e+00  0.00000e+00  0.00000e+00
 0.00000e+00  0.00000e+00  0.00000e+00  0.00000e+00  0.00000e+00  0.00000e+00  0.00000e+00 -4.52458e+00  0.00000e+00  0.00000e+00  0.00000e+00  0.00000e+00  0.00000e+00  0.00000e+00  0.00000e+00  0.00000e+00  0.00000e+00
 0.00000e+00  0.00000e+00  0.00000e+00  0.00000e+00  0.00000e+00  0.00000e+00  0.00000e+00  0.00000e+00 -4.52093e+00  0.00000e+00  0.00000e+00  0.00000e+00  0.00000e+00  0.00000e+00  0.00000e+00  0.00000e+00  0.00000e+00
 0.00000e+00  0.00000e+00  0.00000e+00  0.00000e+00  0.00000e+00  0.00000e+00  0.00000e+00  0.00000e+00  0.00000e+00 -4.52066e+00  0.00000e+00  0.00000e+00  0.00000e+00  0.00000e+00  0.00000e+00  0.00000e+00  0.00000e+00
 0.00000e+00  0.00000e+00  0.00000e+00  0.00000e+00  0.00000e+00  0.00000e+00  0.00000e+00  0.00000e+00  0.00000e+00  0.00000e+00 -6.25122e-01  0.00000e+00  0.00000e+00  0.00000e+00  0.00000e+00  0.00000e+00  0.00000e+00
 0.00000e+00  0.00000e+00  0.00000e+00  0.00000e+00  0.00000e+00  0.00000e+00  0.00000e+00  0.00000e+00  0.00000e+00  0.00000e+00  0.00000e+00 -5.33847e-01  0.00000e+00  0.00000e+00  0.00000e+00  0.00000e+00  0.00000e+00
 0.00000e+00  0.00000e+00  0.00000e+00  0.00000e+00  0.00000e+00  0.00000e+00  0.00000e+00  0.00000e+00  0.00000e+00  0.00000e+00  0.00000e+00  0.00000e+00 -3.63753e-01  0.00000e+00  0.00000e+00  0.00000e+00  0.00000e+00
 0.00000e+00  0.00000e+00  0.00000e+00  0.00000e+00  0.00000e+00  0.00000e+00  0.00000e+00  0.00000e+00  0.00000e+00  0.00000e+00  0.00000e+00  0.00000e+00  0.00000e+00 -3.62540e-01  0.00000e+00  0.00000e+00  0.00000e+00
 0.00000e+00  0.00000e+00  0.00000e+00  0.00000e+00  0.00000e+00  0.00000e+00  0.00000e+00  0.00000e+00  0.00000e+00  0.00000e+00  0.00000e+00  0.00000e+00  0.00000e+00  0.00000e+00 -3.18432e-01  0.00000e+00  0.00000e+00
 0.00000e+00  0.00000e+00  0.00000e+00  0.00000e+00  0.00000e+00  0.00000e+00  0.00000e+00  0.00000e+00  0.00000e+00  0.00000e+00  0.00000e+00  0.00000e+00  0.00000e+00  0.00000e+00  0.00000e+00 -2.46867e-01  0.00000e+00
 0.00000e+00  0.00000e+00  0.00000e+00  0.00000e+00  0.00000e+00  0.00000e+00  0.00000e+00  0.00000e+00  0.00000e+00  0.00000e+00  0.00000e+00  0.00000e+00  0.00000e+00  0.00000e+00  0.00000e+00  0.00000e+00 -2.35946e-01
============================================================


============================================================
                      Orbital energies
------------------------------------------------------------
    n  spin  occ                            epsilon  
------------------------------------------------------------
    0    p    2                      -7.629924947110702e+01
    1    p    2                      -7.629895650363477e+01
    2    p    2                      -6.308936135208619e+00
    3    p    2                      -6.308674237104554e+00
    4    p    2                      -4.525498523198093e+00
    5    p    2                      -4.525139696468065e+00
    6    p    2                      -4.524868405726133e+00
    7    p    2                      -4.524575500751376e+00
    8    p    2                      -4.520930347580252e+00
    9    p    2                      -4.520664673331162e+00
   10    p    2                      -6.251221837698762e-01
   11    p    2                      -5.338465546013869e-01
   12    p    2                      -3.637525038668566e-01
   13    p    2                      -3.625404122937661e-01
   14    p    2                      -3.184320698533772e-01
   15    p    2                      -2.468670259598608e-01
   16    p    2                      -2.359463994508864e-01
============================================================


============================================================
                          Molecule
------------------------------------------------------------
 Nr  Element             x             y             z      
------------------------------------------------------------
  1     P           0.00000e+00   2.09760e+00  -1.62138e-01
  2     P           0.00000e+00  -2.09760e+00  -1.62138e-01
  3     H          -3.82858e-01   2.54697e+00   2.43869e+00
  4     H           2.65412e+00   2.30849e+00  -6.04712e-03
  5     H           3.82858e-01  -2.54697e+00   2.43869e+00
  6     H          -2.65412e+00  -2.30849e+00  -6.04712e-03
------------------------------------------------------------
 Center of mass:    0.00000e+00   6.73077e-18  -7.79053e-02
============================================================


                                                            
============================================================
                         SCF Energy                         
------------------------------------------------------------
                                                            
 Sum orbital energy:                 -3.900880012878121e+02
 Kinetic energy:                      6.838411575557692e+02
 E-N energy:                         -1.807209538806242e+03
 Coulomb energy:                      3.973968848630776e+02
 Exchange energy:                     0.000000000000000e+00
 X-C energy:                         -4.761855830090017e+01
 El. external field energy:          -5.186857280713316e-05
 Nuc. external field energy:         -1.972987745402222e-14
                                                            
------------------------------------------------------------
                                                            
 Electronic energy:                  -7.735901065568685e+02
 Nuclear energy:                      8.876845156627326e+01
                                                            
------------------------------------------------------------
                                                            
 Total energy       (au)             -6.848216549905952e+02
                    (kJ/mol)         -1.797998994945579e+06
                    (kcal/mol)       -4.297320730828496e+05
                    (eV)             -1.863494574452734e+04
                                                            
============================================================
                                                            

                                                            
============================================================
                         Dipole moment                      
------------------------------------------------------------
                                                            
 Length of vector:   (au)                  3.8444350350e-01
                     (Debye)               9.7715782607e-01
                                                            
-------------------------- Total ---------------------------
                                                            
 [-5.1868572827e-02, -1.1864752342e-03,  3.8092656879e-01] 
                                                            
------------------------- Nuclear --------------------------
                                                            
 [-1.9729995415e-11, -2.0383694732e-12,  2.6499136406e+00] 
                                                            
------------------------ Electronic ------------------------
                                                            
 [-5.1868572807e-02, -1.1864752322e-03, -2.2689870718e+00] 
                                                            
============================================================
                                                            



************************************************************
***                                                      ***
***                    Exiting MRChem                    ***
***                                                      ***
***               Wall time: 8.640111e+03                ***
***                                                      ***
************************************************************


