


************************************************************
***     __  __ ____   ____ _                             ***
***    |  \/  |  _ \ / ___| |__   ___ _ __ ___           ***
***    | |\/| | |_) | |   | '_ \ / _ \ '_ ` _ \          ***
***    | |  | |  _ <| |___| | | |  __/ | | | | |         ***
***    |_|  |_|_| \_\\____|_| |_|\___|_| |_| |_|         ***
***                                                      ***
***    VERSION 0.0.1 (rev. 1c6f79f)                     ***
***                                                      ***
***    Stig Rune Jensen <stig.r.jensen@uit.no>           ***
***    Luca Frediani    <luca.frediani@uit.no>           ***
***    Peter Wind       <peter.wind@uit.no>              ***
***                                                      ***
************************************************************


+++ Parallel execution: 
  MPI hosts available     : 4
  Threads/host            : 2
  Total used CPUs         : 8


------------------------------------------------------------

 MRCPP version   : X.Y.Z
 Git revision    : bbc2aed

 Linear algebra  : EIGEN
 Parallelization : MPI/OpenMP

------------------------------------------------------------




============================================================
                  MultiResolution Analysis                  
------------------------------------------------------------
 polynomial order = 11
 polynomial type  = Interpolating
------------------------------------------------------------
 total boxes      = 8
 boxes            = [           2           2           2 ]
 unit lengths     = [    32.00000    32.00000    32.00000 ]
 scaling factor   = [     1.00000     1.00000     1.00000 ]
 lower bounds     = [   -32.00000   -32.00000   -32.00000 ]
 upper bounds     = [    32.00000    32.00000    32.00000 ]
 total length     = [    64.00000    64.00000    64.00000 ]
============================================================


============================================================
                          Molecule
------------------------------------------------------------
 Nr  Element             x             y             z      
------------------------------------------------------------
  1     P           0.00000e+00   2.09760e+00  -1.62138e-01
  2     P           0.00000e+00  -2.09760e+00  -1.62138e-01
  3     H          -3.82858e-01   2.54697e+00   2.43869e+00
  4     H           2.65412e+00   2.30849e+00  -6.04712e-03
  5     H           3.82858e-01  -2.54697e+00   2.43869e+00
  6     H          -2.65412e+00  -2.30849e+00  -6.04712e-03
------------------------------------------------------------
 Center of mass:    0.00000e+00   6.73077e-18  -7.79053e-02
============================================================


============================================================
                Setting up nuclear potential
------------------------------------------------------------
 Nr  Element         Charge        Precision     Smoothing 
------------------------------------------------------------
  1     P           1.50000e+01   1.00000e-07   8.30509e-06
  2     P           1.50000e+01   1.00000e-07   8.30509e-06
  3     H           1.00000e+00   1.00000e-07   7.57698e-04
  4     H           1.00000e+00   1.00000e-07   7.57698e-04
  5     H           1.00000e+00   1.00000e-07   7.57698e-04
  6     H           1.00000e+00   1.00000e-07   7.57698e-04
------------------------------------------------------------
 Nuclear potential                    2240      2.92939e+00
 Allreduce potential                  4648      1.88250e+00
------------------------------------------------------------
                 Wall time: 4.81201e+00 sec 
============================================================


============================================================
 OrbitalVector:  17 orbitals    17 occupied    34 electrons
------------------------------------------------------------
   n  RankID           Norm          Spin Occ      Error    
------------------------------------------------------------
   0     0       1.000000000000e+00    p   2    1.00000e+00
   1     1      -1.000000000000e+00    p   2    1.00000e+00
   2     2      -1.000000000000e+00    p   2    1.00000e+00
   3     3      -1.000000000000e+00    p   2    1.00000e+00
   4     0       1.000000000000e+00    p   2    1.00000e+00
   5     1      -1.000000000000e+00    p   2    1.00000e+00
   6     2      -1.000000000000e+00    p   2    1.00000e+00
   7     3      -1.000000000000e+00    p   2    1.00000e+00
   8     0       1.000000000000e+00    p   2    1.00000e+00
   9     1      -1.000000000000e+00    p   2    1.00000e+00
  10     2      -1.000000000000e+00    p   2    1.00000e+00
  11     3      -1.000000000000e+00    p   2    1.00000e+00
  12     0       1.000000000000e+00    p   2    1.00000e+00
  13     1      -1.000000000000e+00    p   2    1.00000e+00
  14     2      -1.000000000000e+00    p   2    1.00000e+00
  15     3      -1.000000000000e+00    p   2    1.00000e+00
  16     0       1.000000000000e+00    p   2    1.00000e+00
============================================================


============================================================
                  Setting up Fock operator
------------------------------------------------------------
 Precision                                      1.00000e-07
------------------------------------------------------------
 Coulomb density                      2064      6.52147e+00
 Coulomb potential                     928      8.16659e+01
 Allreduce potential                   920      3.17853e-01
 XC total density                     2456      7.22471e+00
 XC evaluate xcfun                    4912      1.15270e+01
 XC energy                            2456      1.92466e-04
 XC potential                         2456      1.50917e-01
------------------------------------------------------------
                 Wall time: 1.07438e+02 sec 
============================================================


============================================================
                  Calculating Fock matrix
------------------------------------------------------------
 Kinetic part                         2.908600134600000e+01
 Potential part                       5.860703431200000e+01
------------------------------------------------------------
                 Wall time: 8.76932e+01 sec 
============================================================




####################### SCF cycle  1 #######################


============================================================
 Current precision                              1.00000e-07
------------------------------------------------------------
 Orbital threshold                              1.00000e-06
 Property threshold                            -1.00000e+00
============================================================


============================================================
                  Digonalizing Fock matrix
------------------------------------------------------------
 Computing Lowdin matrix                        2.00053e+00
 Diagonalizing matrix                           6.19290e-05
 Rotating orbitals                              6.89226e+00
------------------------------------------------------------
                 Wall time: 8.89296e+00 sec 
============================================================


============================================================
                   Calculating SCF energy
------------------------------------------------------------
 Nuclear energy                       8.876845156627328e+01
 Electronic energy                   -7.713682094649301e+02
------------------------------------------------------------
 Total energy                        -6.825997578986569e+02
------------------------------------------------------------
                 Wall time: 4.48204e+01 sec 
============================================================


============================================================
                Rotating Helmholtz argument
------------------------------------------------------------
 Rotating orbitals                              1.88214e+00
------------------------------------------------------------
                 Wall time: 1.88224e+00 sec 
============================================================


============================================================
                Applying Helmholtz operators
------------------------------------------------------------
 Orb    RealNorm   Nodes     ImagNorm   Nodes     Timing
------------------------------------------------------------
  0    1.00000e+00   904    0.00000e+00     0   7.14699e+01
  4    1.00000e+00  1016    0.00000e+00     0   1.01144e+02
  8    1.00000e+00  1032    0.00000e+00     0   9.89837e+01
 12    1.00000e+00  1440    0.00000e+00     0   1.34846e+02
 16    9.99999e-01  1280    0.00000e+00     0   1.26583e+02
------------------------------------------------------------
                 Wall time: 5.33074e+02 sec 
============================================================


============================================================
                 Lowdin orthonormalization
------------------------------------------------------------
 Computing Lowdin matrix                        1.30789e+00
 Rotating orbitals                              7.06367e+00
------------------------------------------------------------
                 Wall time: 8.37165e+00 sec 
============================================================


============================================================
               Iterative subspace accelerator
------------------------------------------------------------
 Push back orbitals                             5.75570e-05
 Copy orbitals                                  2.74652e-01
 Copy orbital updates                           2.71562e-01
------------------------------------------------------------
                 Wall time: 5.46382e-01 sec 
============================================================


============================================================
                 Lowdin orthonormalization
------------------------------------------------------------
 Computing Lowdin matrix                        1.47247e+00
 Rotating orbitals                              3.23644e+00
------------------------------------------------------------
                 Wall time: 4.70900e+00 sec 
============================================================


============================================================
                  Setting up Fock operator
------------------------------------------------------------
 Precision                                      1.00000e-07
------------------------------------------------------------
 Coulomb density                      1960      5.99103e+00
 Coulomb potential                     904      9.11351e+01
 Allreduce potential                   920      3.14060e-01
 XC total density                     2296      6.72159e+00
 XC evaluate xcfun                    4592      1.09225e+01
 XC energy                            2296      1.63862e-04
 XC potential                         2296      1.12567e-01
------------------------------------------------------------
                 Wall time: 1.15223e+02 sec 
============================================================


============================================================
                  Calculating Fock matrix
------------------------------------------------------------
 Kinetic part                         2.289743305900000e+01
 Potential part                       4.659757534300000e+01
------------------------------------------------------------
                 Wall time: 6.94952e+01 sec 
============================================================


============================================================
                          Orbitals
------------------------------------------------------------
 Orb    F(i,i)        Error         nNodes  Spin  Occ  Done 
------------------------------------------------------------
  0  -7.60002e+01   3.37340e-06        872    p    2    0
  1  -7.59998e+01   3.37075e-06          0    p    2    0
  2  -6.27596e+00   3.26472e-05          0    p    2    0
  3  -6.27588e+00   5.18748e-05          0    p    2    0
  4  -4.52404e+00   2.57393e-05       1016    p    2    0
  5  -4.52376e+00   2.42202e-05          0    p    2    0
  6  -4.52328e+00   5.98853e-05          0    p    2    0
  7  -4.52323e+00   5.72782e-05          0    p    2    0
  8  -4.51939e+00   3.47352e-05       1000    p    2    0
  9  -4.51937e+00   3.10135e-05          0    p    2    0
 10  -6.27498e-01   3.20928e-04          0    p    2    0
 11  -5.35701e-01   3.06014e-04          0    p    2    0
 12  -3.65038e-01   1.93742e-03       1424    p    2    0
 13  -3.63996e-01   1.40949e-03          0    p    2    0
 14  -3.20140e-01   1.84168e-03          0    p    2    0
 15  -2.48513e-01   2.17761e-03          0    p    2    0
 16  -2.39178e-01   2.15802e-03       1280    p    2    0
------------------------------------------------------------
 Total error:                            4.32918e-03    0
============================================================


============================================================
                    Energy                 Update      Done 
------------------------------------------------------------
 Orbital      -3.887697726106238e+02    -3.88770e+02    1
 Kinetic       6.809767961344457e+02     6.80977e+02    1
 N-E          -1.804182404984021e+03    -1.80418e+03    1
 Coulomb       3.971400009360338e+02     3.97140e+02    1
 Exchange      0.000000000000000e+00     0.00000e+00    1
 X-C          -4.530260155138560e+01    -4.53026e+01    1
------------------------------------------------------------
 Electronic   -7.713682094649301e+02    -7.71368e+02    1
 Nuclear       8.876845156627328e+01     8.87685e+01    1
------------------------------------------------------------
 Total        -6.825997578986569e+02    -6.82600e+02    1
============================================================


################ Wall time: 7.87630e+02 sec ################




####################### SCF cycle  2 #######################


============================================================
 Current precision                              1.00000e-07
------------------------------------------------------------
 Orbital threshold                              1.00000e-06
 Property threshold                            -1.00000e+00
============================================================


============================================================
                  Digonalizing Fock matrix
------------------------------------------------------------
 Computing Lowdin matrix                        1.41371e+00
 Diagonalizing matrix                           6.15140e-05
 Rotating orbitals                              6.12117e+00
------------------------------------------------------------
                 Wall time: 7.53504e+00 sec 
============================================================


============================================================
                   Calculating SCF energy
------------------------------------------------------------
 Nuclear energy                       8.876845156627328e+01
 Electronic energy                   -7.713682349279270e+02
------------------------------------------------------------
 Total energy                        -6.825997833616537e+02
------------------------------------------------------------
                 Wall time: 4.22864e+01 sec 
============================================================


============================================================
                Rotating Helmholtz argument
------------------------------------------------------------
 Rotating orbitals                              1.73573e+00
------------------------------------------------------------
                 Wall time: 1.73580e+00 sec 
============================================================


============================================================
                Applying Helmholtz operators
------------------------------------------------------------
 Orb    RealNorm   Nodes     ImagNorm   Nodes     Timing
------------------------------------------------------------
  0    1.00000e+00   824    0.00000e+00     0   6.20143e+01
  4    9.99999e-01   992    0.00000e+00     0   9.40097e+01
  8    9.99999e-01   920    0.00000e+00     0   8.50196e+01
 12    1.00000e+00  1448    0.00000e+00     0   1.41616e+02
 16    1.00000e+00  1272    0.00000e+00     0   1.30728e+02
------------------------------------------------------------
                 Wall time: 5.13431e+02 sec 
============================================================


============================================================
                 Lowdin orthonormalization
------------------------------------------------------------
 Computing Lowdin matrix                        1.28913e+00
 Rotating orbitals                              6.97486e+00
------------------------------------------------------------
                 Wall time: 8.26409e+00 sec 
============================================================


============================================================
               Iterative subspace accelerator
------------------------------------------------------------
 Push back orbitals                             5.31910e-05
 Copy orbitals                                  2.56902e-01
 Copy orbital updates                           2.49545e-01
------------------------------------------------------------
                 Wall time: 5.06617e-01 sec 
============================================================


============================================================
                 Lowdin orthonormalization
------------------------------------------------------------
 Computing Lowdin matrix                        1.37200e+00
 Rotating orbitals                              4.15429e+00
------------------------------------------------------------
                 Wall time: 5.52638e+00 sec 
============================================================


============================================================
                  Setting up Fock operator
------------------------------------------------------------
 Precision                                      1.00000e-07
------------------------------------------------------------
 Coulomb density                      1896      5.75341e+00
 Coulomb potential                     880      8.68821e+01
 Allreduce potential                   920      3.21531e-01
 XC total density                     2296      6.46234e+00
 XC evaluate xcfun                    4592      1.08707e+01
 XC energy                            2296      1.82973e-04
 XC potential                         2296      1.12989e-01
------------------------------------------------------------
                 Wall time: 1.10431e+02 sec 
============================================================


============================================================
                  Calculating Fock matrix
------------------------------------------------------------
 Kinetic part                         2.110267836700000e+01
 Potential part                       4.493980585300000e+01
------------------------------------------------------------
                 Wall time: 6.60426e+01 sec 
============================================================


============================================================
                          Orbitals
------------------------------------------------------------
 Orb    F(i,i)        Error         nNodes  Spin  Occ  Done 
------------------------------------------------------------
  0  -7.60001e+01   6.95556e-07        728    p    2    1
  1  -7.59998e+01   7.00682e-07          0    p    2    1
  2  -6.27607e+00   1.47292e-05          0    p    2    0
  3  -6.27578e+00   1.56375e-05          0    p    2    0
  4  -4.52410e+00   1.36311e-05        976    p    2    0
  5  -4.52372e+00   1.38401e-05          0    p    2    0
  6  -4.52342e+00   2.26170e-05          0    p    2    0
  7  -4.52310e+00   2.25527e-05          0    p    2    0
  8  -4.51953e+00   1.57365e-05        888    p    2    0
  9  -4.51924e+00   1.57880e-05          0    p    2    0
 10  -6.27505e-01   2.10081e-04          0    p    2    0
 11  -5.35708e-01   2.15456e-04          0    p    2    0
 12  -3.65045e-01   2.84365e-04       1432    p    2    0
 13  -3.63996e-01   1.64860e-04          0    p    2    0
 14  -3.20142e-01   3.45925e-04          0    p    2    0
 15  -2.48519e-01   2.61883e-04          0    p    2    0
 16  -2.39180e-01   2.81099e-04       1272    p    2    0
------------------------------------------------------------
 Total error:                            6.84265e-04    0
============================================================


============================================================
                    Energy                 Update      Done 
------------------------------------------------------------
 Orbital      -3.887698782473822e+02    -1.05637e-04    1
 Kinetic       6.809767801160883e+02    -1.60184e-05    1
 N-E          -1.804182291588791e+03     1.13395e-04    1
 Coulomb       3.971399199175958e+02    -8.10184e-05    1
 Exchange      0.000000000000000e+00     0.00000e+00    1
 X-C          -4.530259733741913e+01     4.21397e-06    1
------------------------------------------------------------
 Electronic   -7.713682349279270e+02    -2.54630e-05    1
 Nuclear       8.876845156627328e+01     0.00000e+00    1
------------------------------------------------------------
 Total        -6.825997833616537e+02    -2.54630e-05    1
============================================================


################ Wall time: 7.56339e+02 sec ################




####################### SCF cycle  3 #######################


============================================================
 Current precision                              1.00000e-07
------------------------------------------------------------
 Orbital threshold                              1.00000e-06
 Property threshold                            -1.00000e+00
============================================================


============================================================
                   Calculating SCF energy
------------------------------------------------------------
 Nuclear energy                       8.876845156627328e+01
 Electronic energy                   -7.713682353453146e+02
------------------------------------------------------------
 Total energy                        -6.825997837790413e+02
------------------------------------------------------------
                 Wall time: 4.78145e+01 sec 
============================================================


============================================================
                Rotating Helmholtz argument
------------------------------------------------------------
 Rotating orbitals                              7.08887e+00
------------------------------------------------------------
                 Wall time: 7.08896e+00 sec 
============================================================


============================================================
                Applying Helmholtz operators
------------------------------------------------------------
 Orb    RealNorm   Nodes     ImagNorm   Nodes     Timing
------------------------------------------------------------
  0    1.00000e+00   824    0.00000e+00     0   6.41016e+01
  4    1.00000e+00   992    0.00000e+00     0   9.42274e+01
  8    1.00000e+00   920    0.00000e+00     0   8.54743e+01
 12    1.00000e+00  1448    0.00000e+00     0   1.38800e+02
 16    1.00000e+00  1272    0.00000e+00     0   1.21860e+02
------------------------------------------------------------
                 Wall time: 5.04499e+02 sec 
============================================================


============================================================
                 Lowdin orthonormalization
------------------------------------------------------------
 Computing Lowdin matrix                        1.26339e+00
 Rotating orbitals                              6.97077e+00
------------------------------------------------------------
                 Wall time: 8.23425e+00 sec 
============================================================


============================================================
               Iterative subspace accelerator
------------------------------------------------------------
 Push back orbitals                             4.48400e-05
 Setup linear system                            6.90170e-01
 Solve linear system                            1.16030e-05
 Expand solution                                2.71459e+00
------------------------------------------------------------
                 Wall time: 3.40495e+00 sec 
============================================================


============================================================
                 Lowdin orthonormalization
------------------------------------------------------------
 Computing Lowdin matrix                        2.66178e+00
 Rotating orbitals                              6.69508e+00
------------------------------------------------------------
                 Wall time: 9.35696e+00 sec 
============================================================


============================================================
                  Setting up Fock operator
------------------------------------------------------------
 Precision                                      1.00000e-07
------------------------------------------------------------
 Coulomb density                      1896      5.06636e+00
 Coulomb potential                     880      7.78322e+01
 Allreduce potential                   920      2.26302e+00
 XC total density                     2296      6.05957e+00
 XC evaluate xcfun                    4592      1.07689e+01
 XC energy                            2296      1.69971e-04
 XC potential                         2296      1.00902e-01
------------------------------------------------------------
                 Wall time: 1.02115e+02 sec 
============================================================


============================================================
                  Calculating Fock matrix
------------------------------------------------------------
 Kinetic part                         2.044436946600000e+01
 Potential part                       4.428779522800000e+01
------------------------------------------------------------
                 Wall time: 6.47323e+01 sec 
============================================================


============================================================
                          Orbitals
------------------------------------------------------------
 Orb    F(i,i)        Error         nNodes  Spin  Occ  Done 
------------------------------------------------------------
  0  -7.60001e+01   5.62633e-07        728    p    2    1
  1  -7.59998e+01   5.65326e-07          0    p    2    1
  2  -6.27608e+00   1.22495e-05          0    p    2    0
  3  -6.27578e+00   1.31547e-05          0    p    2    0
  4  -4.52410e+00   7.12781e-06        976    p    2    0
  5  -4.52371e+00   7.59009e-06          0    p    2    0
  6  -4.52342e+00   1.89720e-05          0    p    2    0
  7  -4.52310e+00   1.89703e-05          0    p    2    0
  8  -4.51954e+00   1.00729e-05        888    p    2    0
  9  -4.51924e+00   1.02090e-05          0    p    2    0
 10  -6.27505e-01   6.16158e-05          0    p    2    0
 11  -5.35708e-01   6.85119e-05          0    p    2    0
 12  -3.65041e-01   1.43353e-04       1432    p    2    0
 13  -3.64000e-01   7.80000e-05          0    p    2    0
 14  -3.20142e-01   1.92911e-04          0    p    2    0
 15  -2.48519e-01   1.53888e-04          0    p    2    0
 16  -2.39180e-01   1.64729e-04       1272    p    2    0
------------------------------------------------------------
 Total error:                            3.52866e-04    0
============================================================


============================================================
                    Energy                 Update      Done 
------------------------------------------------------------
 Orbital      -3.887700738843596e+02    -1.95637e-04    1
 Kinetic       6.809767327543531e+02    -4.73617e-05    1
 N-E          -1.804182053484354e+03     2.38104e-04    1
 Coulomb       3.971397204976762e+02    -1.99420e-04    1
 Exchange      0.000000000000000e+00     0.00000e+00    1
 X-C          -4.530258547879886e+01     1.18586e-05    1
------------------------------------------------------------
 Electronic   -7.713682353453146e+02    -4.17388e-07    1
 Nuclear       8.876845156627328e+01     0.00000e+00    1
------------------------------------------------------------
 Total        -6.825997837790413e+02    -4.17388e-07    1
============================================================


################ Wall time: 7.48496e+02 sec ################




####################### SCF cycle  4 #######################


============================================================
 Current precision                              1.00000e-07
------------------------------------------------------------
 Orbital threshold                              1.00000e-06
 Property threshold                            -1.00000e+00
============================================================


============================================================
                   Calculating SCF energy
------------------------------------------------------------
 Nuclear energy                       8.876845156627328e+01
 Electronic energy                   -7.713682356517518e+02
------------------------------------------------------------
 Total energy                        -6.825997840854785e+02
------------------------------------------------------------
                 Wall time: 4.70392e+01 sec 
============================================================


============================================================
                Rotating Helmholtz argument
------------------------------------------------------------
 Rotating orbitals                              7.03409e+00
------------------------------------------------------------
                 Wall time: 7.03418e+00 sec 
============================================================


============================================================
                Applying Helmholtz operators
------------------------------------------------------------
 Orb    RealNorm   Nodes     ImagNorm   Nodes     Timing
------------------------------------------------------------
  0    1.00000e+00   824    0.00000e+00     0   6.33014e+01
  4    1.00000e+00   992    0.00000e+00     0   9.47458e+01
  8    1.00000e+00   920    0.00000e+00     0   8.43465e+01
 12    1.00000e+00  1448    0.00000e+00     0   1.38789e+02
 16    1.00000e+00  1272    0.00000e+00     0   1.24707e+02
------------------------------------------------------------
                 Wall time: 5.05934e+02 sec 
============================================================


============================================================
                 Lowdin orthonormalization
------------------------------------------------------------
 Computing Lowdin matrix                        1.28056e+00
 Rotating orbitals                              6.92325e+00
------------------------------------------------------------
                 Wall time: 8.20390e+00 sec 
============================================================


============================================================
               Iterative subspace accelerator
------------------------------------------------------------
 Push back orbitals                             6.77731e-02
 Setup linear system                            2.07470e+00
 Solve linear system                            1.44850e-05
 Expand solution                                4.53101e+00
------------------------------------------------------------
                 Wall time: 6.67365e+00 sec 
============================================================


============================================================
                 Lowdin orthonormalization
------------------------------------------------------------
 Computing Lowdin matrix                        3.00011e+00
 Rotating orbitals                              7.13496e+00
------------------------------------------------------------
                 Wall time: 1.01352e+01 sec 
============================================================


============================================================
                  Setting up Fock operator
------------------------------------------------------------
 Precision                                      1.00000e-07
------------------------------------------------------------
 Coulomb density                      1896      5.12488e+00
 Coulomb potential                     880      7.86456e+01
 Allreduce potential                   920      3.14590e-01
 XC total density                     2296      5.86829e+00
 XC evaluate xcfun                    4592      1.07872e+01
 XC energy                            2296      1.75876e-04
 XC potential                         2296      1.01201e-01
------------------------------------------------------------
                 Wall time: 1.00867e+02 sec 
============================================================


============================================================
                  Calculating Fock matrix
------------------------------------------------------------
 Kinetic part                         1.996630419900000e+01
 Potential part                       4.505794175600000e+01
------------------------------------------------------------
                 Wall time: 6.50244e+01 sec 
============================================================


============================================================
                          Orbitals
------------------------------------------------------------
 Orb    F(i,i)        Error         nNodes  Spin  Occ  Done 
------------------------------------------------------------
  0  -7.60001e+01   3.39938e-07        728    p    2    1
  1  -7.59998e+01   3.40476e-07          0    p    2    1
  2  -6.27607e+00   7.35182e-06          0    p    2    0
  3  -6.27579e+00   7.94871e-06          0    p    2    0
  4  -4.52409e+00   4.90167e-06        976    p    2    0
  5  -4.52372e+00   6.38725e-06          0    p    2    0
  6  -4.52342e+00   1.37490e-05          0    p    2    0
  7  -4.52311e+00   1.36781e-05          0    p    2    0
  8  -4.51953e+00   7.10786e-06        888    p    2    0
  9  -4.51925e+00   7.22586e-06          0    p    2    0
 10  -6.27505e-01   1.97116e-05          0    p    2    0
 11  -5.35708e-01   1.92480e-05          0    p    2    0
 12  -3.65038e-01   5.64477e-05       1432    p    2    0
 13  -3.64004e-01   4.48627e-05          0    p    2    0
 14  -3.20143e-01   8.92188e-05          0    p    2    0
 15  -2.48520e-01   8.59367e-05          0    p    2    0
 16  -2.39180e-01   9.38477e-05       1272    p    2    0
------------------------------------------------------------
 Total error:                            1.75419e-04    0
============================================================


============================================================
                    Energy                 Update      Done 
------------------------------------------------------------
 Orbital      -3.887700459991137e+02     2.78852e-05    1
 Kinetic       6.809767651532488e+02     3.23989e-05    1
 N-E          -1.804182111024774e+03    -5.75404e-05    1
 Coulomb       3.971397491962533e+02     2.86986e-05    1
 Exchange      0.000000000000000e+00     0.00000e+00    1
 X-C          -4.530258698065493e+01    -1.50186e-06    1
------------------------------------------------------------
 Electronic   -7.713682356517518e+02    -3.06437e-07    1
 Nuclear       8.876845156627328e+01     0.00000e+00    1
------------------------------------------------------------
 Total        -6.825997840854785e+02    -3.06437e-07    1
============================================================


################ Wall time: 7.52289e+02 sec ################




####################### SCF cycle  5 #######################


============================================================
 Current precision                              1.00000e-07
------------------------------------------------------------
 Orbital threshold                              1.00000e-06
 Property threshold                            -1.00000e+00
============================================================


============================================================
                   Calculating SCF energy
------------------------------------------------------------
 Nuclear energy                       8.876845156627328e+01
 Electronic energy                   -7.713682357323987e+02
------------------------------------------------------------
 Total energy                        -6.825997841661255e+02
------------------------------------------------------------
                 Wall time: 4.93332e+01 sec 
============================================================


============================================================
                Rotating Helmholtz argument
------------------------------------------------------------
 Rotating orbitals                              7.11237e+00
------------------------------------------------------------
                 Wall time: 7.11246e+00 sec 
============================================================


============================================================
                Applying Helmholtz operators
------------------------------------------------------------
 Orb    RealNorm   Nodes     ImagNorm   Nodes     Timing
------------------------------------------------------------
  0    1.00000e+00   824    0.00000e+00     0   6.73574e+01
  4    1.00000e+00   992    0.00000e+00     0   9.80810e+01
  8    1.00000e+00   920    0.00000e+00     0   8.84537e+01
 12    1.00000e+00  1448    0.00000e+00     0   1.36499e+02
 16    1.00000e+00  1272    0.00000e+00     0   1.25893e+02
------------------------------------------------------------
                 Wall time: 5.16304e+02 sec 
============================================================


============================================================
                 Lowdin orthonormalization
------------------------------------------------------------
 Computing Lowdin matrix                        1.22654e+00
 Rotating orbitals                              6.79379e+00
------------------------------------------------------------
                 Wall time: 8.02042e+00 sec 
============================================================


============================================================
               Iterative subspace accelerator
------------------------------------------------------------
 Push back orbitals                             6.72784e-02
 Setup linear system                            4.21852e+00
 Solve linear system                            8.91900e-06
 Expand solution                                6.19483e+00
------------------------------------------------------------
                 Wall time: 1.04808e+01 sec 
============================================================


============================================================
                 Lowdin orthonormalization
------------------------------------------------------------
 Computing Lowdin matrix                        3.05406e+00
 Rotating orbitals                              7.05087e+00
------------------------------------------------------------
                 Wall time: 1.01050e+01 sec 
============================================================


============================================================
                  Setting up Fock operator
------------------------------------------------------------
 Precision                                      1.00000e-07
------------------------------------------------------------
 Coulomb density                      1896      5.11896e+00
 Coulomb potential                     880      7.90612e+01
 Allreduce potential                   920      3.07484e-01
 XC total density                     2296      5.83953e+00
 XC evaluate xcfun                    4592      1.08301e+01
 XC energy                            2296      1.84957e-04
 XC potential                         2296      1.02358e-01
------------------------------------------------------------
                 Wall time: 1.01285e+02 sec 
============================================================


============================================================
                  Calculating Fock matrix
------------------------------------------------------------
 Kinetic part                         1.981860807600000e+01
 Potential part                       4.478873093500000e+01
------------------------------------------------------------
                 Wall time: 6.46075e+01 sec 
============================================================


============================================================
                          Orbitals
------------------------------------------------------------
 Orb    F(i,i)        Error         nNodes  Spin  Occ  Done 
------------------------------------------------------------
  0  -7.60001e+01   2.04850e-07        728    p    2    1
  1  -7.59998e+01   2.04672e-07          0    p    2    1
  2  -6.27607e+00   2.65716e-06          0    p    2    0
  3  -6.27579e+00   2.88825e-06          0    p    2    0
  4  -4.52409e+00   2.30150e-06        976    p    2    0
  5  -4.52372e+00   3.49833e-06          0    p    2    0
  6  -4.52342e+00   6.61656e-06          0    p    2    0
  7  -4.52310e+00   6.57067e-06          0    p    2    0
  8  -4.51953e+00   3.29215e-06        888    p    2    0
  9  -4.51925e+00   3.33318e-06          0    p    2    0
 10  -6.27505e-01   6.58955e-06          0    p    2    0
 11  -5.35708e-01   5.84214e-06          0    p    2    0
 12  -3.65037e-01   1.68913e-05       1432    p    2    0
 13  -3.64004e-01   1.37265e-05          0    p    2    0
 14  -3.20143e-01   3.37864e-05          0    p    2    0
 15  -2.48520e-01   4.29287e-05          0    p    2    0
 16  -2.39180e-01   4.43141e-05       1272    p    2    0
------------------------------------------------------------
 Total error:                            7.51089e-05    0
============================================================


============================================================
                    Energy                 Update      Done 
------------------------------------------------------------
 Orbital      -3.887700713155490e+02    -2.53164e-05    1
 Kinetic       6.809767511761429e+02    -1.39771e-05    1
 N-E          -1.804182072641632e+03     3.83831e-05    1
 Coulomb       3.971397233964280e+02    -2.57998e-05    1
 Exchange      0.000000000000000e+00     0.00000e+00    1
 X-C          -4.530258520897415e+01     1.77168e-06    1
------------------------------------------------------------
 Electronic   -7.713682357323987e+02    -8.06469e-08    1
 Nuclear       8.876845156627328e+01     0.00000e+00    1
------------------------------------------------------------
 Total        -6.825997841661255e+02    -8.06469e-08    1
============================================================


################ Wall time: 7.68648e+02 sec ################




####################### SCF cycle  6 #######################


============================================================
 Current precision                              1.00000e-07
------------------------------------------------------------
 Orbital threshold                              1.00000e-06
 Property threshold                            -1.00000e+00
============================================================


============================================================
                   Calculating SCF energy
------------------------------------------------------------
 Nuclear energy                       8.876845156627328e+01
 Electronic energy                   -7.713682357455377e+02
------------------------------------------------------------
 Total energy                        -6.825997841792645e+02
------------------------------------------------------------
                 Wall time: 4.90660e+01 sec 
============================================================


============================================================
                Rotating Helmholtz argument
------------------------------------------------------------
 Rotating orbitals                              7.15830e+00
------------------------------------------------------------
                 Wall time: 7.15840e+00 sec 
============================================================


============================================================
                Applying Helmholtz operators
------------------------------------------------------------
 Orb    RealNorm   Nodes     ImagNorm   Nodes     Timing
------------------------------------------------------------
  0    1.00000e+00   824    0.00000e+00     0   6.49948e+01
  4    1.00000e+00   992    0.00000e+00     0   9.79798e+01
  8    1.00000e+00   920    0.00000e+00     0   9.13383e+01
 12    1.00000e+00  1448    0.00000e+00     0   1.40869e+02
 16    1.00000e+00  1272    0.00000e+00     0   1.28261e+02
------------------------------------------------------------
                 Wall time: 5.23447e+02 sec 
============================================================


============================================================
                 Lowdin orthonormalization
------------------------------------------------------------
 Computing Lowdin matrix                        1.25010e+00
 Rotating orbitals                              6.98628e+00
------------------------------------------------------------
                 Wall time: 8.23647e+00 sec 
============================================================


============================================================
               Iterative subspace accelerator
------------------------------------------------------------
 Push back orbitals                             6.89453e-02
 Setup linear system                            4.29954e+00
 Solve linear system                            9.38200e-06
 Expand solution                                6.35431e+00
------------------------------------------------------------
                 Wall time: 1.07229e+01 sec 
============================================================


============================================================
                 Lowdin orthonormalization
------------------------------------------------------------
 Computing Lowdin matrix                        3.13735e+00
 Rotating orbitals                              7.19384e+00
------------------------------------------------------------
                 Wall time: 1.03313e+01 sec 
============================================================


============================================================
                  Setting up Fock operator
------------------------------------------------------------
 Precision                                      1.00000e-07
------------------------------------------------------------
 Coulomb density                      1896      5.74842e+00
 Coulomb potential                     880      8.73535e+01
 Allreduce potential                   920      3.19110e-01
 XC total density                     2296      6.35888e+00
 XC evaluate xcfun                    4592      1.09073e+01
 XC energy                            2296      1.80808e-04
 XC potential                         2296      1.10062e-01
------------------------------------------------------------
                 Wall time: 1.10824e+02 sec 
============================================================


============================================================
                  Calculating Fock matrix
------------------------------------------------------------
 Kinetic part                         1.936809455900000e+01
 Potential part                       4.879706399100000e+01
------------------------------------------------------------
                 Wall time: 6.81653e+01 sec 
============================================================


============================================================
                          Orbitals
------------------------------------------------------------
 Orb    F(i,i)        Error         nNodes  Spin  Occ  Done 
------------------------------------------------------------
  0  -7.60001e+01   1.79679e-07        728    p    2    1
  1  -7.59998e+01   1.79952e-07          0    p    2    1
  2  -6.27606e+00   6.62294e-07          0    p    2    1
  3  -6.27579e+00   6.78634e-07          0    p    2    1
  4  -4.52409e+00   1.18871e-06        976    p    2    0
  5  -4.52373e+00   2.16008e-06          0    p    2    0
  6  -4.52341e+00   2.77593e-06          0    p    2    0
  7  -4.52311e+00   2.74082e-06          0    p    2    0
  8  -4.51953e+00   1.27285e-06        888    p    2    0
  9  -4.51925e+00   1.22128e-06          0    p    2    0
 10  -6.27505e-01   2.82159e-06          0    p    2    0
 11  -5.35708e-01   2.38204e-06          0    p    2    0
 12  -3.65036e-01   6.00115e-06       1432    p    2    0
 13  -3.64005e-01   5.92240e-06          0    p    2    0
 14  -3.20143e-01   1.25563e-05          0    p    2    0
 15  -2.48520e-01   2.06957e-05          0    p    2    0
 16  -2.39180e-01   2.07245e-05       1272    p    2    0
------------------------------------------------------------
 Total error:                            3.35496e-05    0
============================================================


============================================================
                    Energy                 Update      Done 
------------------------------------------------------------
 Orbital      -3.887700515397098e+02     1.97758e-05    1
 Kinetic       6.809767606869203e+02     9.51078e-06    1
 N-E          -1.804182100897440e+03    -2.82558e-05    1
 Coulomb       3.971397435869104e+02     2.01905e-05    1
 Exchange      0.000000000000000e+00     0.00000e+00    1
 X-C          -4.530258647289655e+01    -1.26392e-06    1
------------------------------------------------------------
 Electronic   -7.713682357455377e+02    -1.31390e-08    1
 Nuclear       8.876845156627328e+01     0.00000e+00    1
------------------------------------------------------------
 Total        -6.825997841792645e+02    -1.31390e-08    1
============================================================


################ Wall time: 7.89267e+02 sec ################




####################### SCF cycle  7 #######################


============================================================
 Current precision                              1.00000e-07
------------------------------------------------------------
 Orbital threshold                              1.00000e-06
 Property threshold                            -1.00000e+00
============================================================


============================================================
                   Calculating SCF energy
------------------------------------------------------------
 Nuclear energy                       8.876845156627328e+01
 Electronic energy                   -7.713682357488462e+02
------------------------------------------------------------
 Total energy                        -6.825997841825730e+02
------------------------------------------------------------
                 Wall time: 5.27652e+01 sec 
============================================================


============================================================
                Rotating Helmholtz argument
------------------------------------------------------------
 Rotating orbitals                              7.20179e+00
------------------------------------------------------------
                 Wall time: 7.20188e+00 sec 
============================================================


============================================================
                Applying Helmholtz operators
------------------------------------------------------------
 Orb    RealNorm   Nodes     ImagNorm   Nodes     Timing
------------------------------------------------------------
  0    1.00000e+00   824    0.00000e+00     0   7.22591e+01
  4    1.00000e+00   992    0.00000e+00     0   9.85778e+01
  8    1.00000e+00   920    0.00000e+00     0   9.11943e+01
 12    1.00000e+00  1448    0.00000e+00     0   1.52870e+02
 16    1.00000e+00  1272    0.00000e+00     0   1.37765e+02
------------------------------------------------------------
                 Wall time: 5.52704e+02 sec 
============================================================


============================================================
                 Lowdin orthonormalization
------------------------------------------------------------
 Computing Lowdin matrix                        1.20993e+00
 Rotating orbitals                              6.70164e+00
------------------------------------------------------------
                 Wall time: 7.91166e+00 sec 
============================================================


============================================================
               Iterative subspace accelerator
------------------------------------------------------------
 Push back orbitals                             7.24632e-02
 Setup linear system                            4.38636e+00
 Solve linear system                            9.02400e-06
 Expand solution                                6.37214e+00
------------------------------------------------------------
                 Wall time: 1.08311e+01 sec 
============================================================


============================================================
                 Lowdin orthonormalization
------------------------------------------------------------
 Computing Lowdin matrix                        3.20934e+00
 Rotating orbitals                              6.70929e+00
------------------------------------------------------------
                 Wall time: 9.91872e+00 sec 
============================================================


============================================================
                  Setting up Fock operator
------------------------------------------------------------
 Precision                                      1.00000e-07
------------------------------------------------------------
 Coulomb density                      1896      5.89060e+00
 Coulomb potential                     880      8.99167e+01
 Allreduce potential                   920      3.20001e-01
 XC total density                     2296      6.60353e+00
 XC evaluate xcfun                    4592      1.10483e+01
 XC energy                            2296      1.90604e-04
 XC potential                         2296      1.13797e-01
------------------------------------------------------------
                 Wall time: 1.13921e+02 sec 
============================================================


============================================================
                  Calculating Fock matrix
------------------------------------------------------------
 Kinetic part                         1.962495573700000e+01
 Potential part                       5.017700177500000e+01
------------------------------------------------------------
                 Wall time: 6.98021e+01 sec 
============================================================


============================================================
                          Orbitals
------------------------------------------------------------
 Orb    F(i,i)        Error         nNodes  Spin  Occ  Done 
------------------------------------------------------------
  0  -7.60001e+01   1.53949e-07        728    p    2    1
  1  -7.59998e+01   1.54816e-07          0    p    2    1
  2  -6.27606e+00   4.22649e-07          0    p    2    1
  3  -6.27579e+00   4.32845e-07          0    p    2    1
  4  -4.52409e+00   6.21921e-07        976    p    2    1
  5  -4.52372e+00   1.09777e-06          0    p    2    0
  6  -4.52341e+00   1.21879e-06          0    p    2    0
  7  -4.52311e+00   1.20191e-06          0    p    2    0
  8  -4.51953e+00   6.13898e-07        888    p    2    1
  9  -4.51925e+00   5.60752e-07          0    p    2    1
 10  -6.27505e-01   1.37879e-06          0    p    2    0
 11  -5.35708e-01   1.38415e-06          0    p    2    0
 12  -3.65036e-01   4.70994e-06       1432    p    2    0
 13  -3.64004e-01   4.10785e-06          0    p    2    0
 14  -3.20143e-01   7.04060e-06          0    p    2    0
 15  -2.48520e-01   1.11039e-05          0    p    2    0
 16  -2.39180e-01   1.00696e-05       1272    p    2    0
------------------------------------------------------------
 Total error:                            1.79657e-05    0
============================================================


============================================================
                    Energy                 Update      Done 
------------------------------------------------------------
 Orbital      -3.887700631033946e+02    -1.15637e-05    1
 Kinetic       6.809767551946903e+02    -5.49223e-06    1
 N-E          -1.804182084275521e+03     1.66219e-05    1
 Coulomb       3.971397318197472e+02    -1.17672e-05    1
 Exchange      0.000000000000000e+00     0.00000e+00    1
 X-C          -4.530258582524242e+01     6.47654e-07    1
------------------------------------------------------------
 Electronic   -7.713682357488462e+02    -3.30851e-09    1
 Nuclear       8.876845156627328e+01     0.00000e+00    1
------------------------------------------------------------
 Total        -6.825997841825730e+02    -3.30851e-09    1
============================================================


################ Wall time: 8.26354e+02 sec ################




####################### SCF cycle  8 #######################


============================================================
 Current precision                              1.00000e-07
------------------------------------------------------------
 Orbital threshold                              1.00000e-06
 Property threshold                            -1.00000e+00
============================================================


============================================================
                   Calculating SCF energy
------------------------------------------------------------
 Nuclear energy                       8.876845156627328e+01
 Electronic energy                   -7.713682357502179e+02
------------------------------------------------------------
 Total energy                        -6.825997841839446e+02
------------------------------------------------------------
                 Wall time: 5.48510e+01 sec 
============================================================


============================================================
                Rotating Helmholtz argument
------------------------------------------------------------
 Rotating orbitals                              7.45843e+00
------------------------------------------------------------
                 Wall time: 7.45854e+00 sec 
============================================================


============================================================
                Applying Helmholtz operators
------------------------------------------------------------
 Orb    RealNorm   Nodes     ImagNorm   Nodes     Timing
------------------------------------------------------------
  0    1.00000e+00   824    0.00000e+00     0   7.07411e+01
  4    1.00000e+00   992    0.00000e+00     0   1.03379e+02
  8    1.00000e+00   920    0.00000e+00     0   9.40084e+01
 12    1.00000e+00  1448    0.00000e+00     0   1.56818e+02
 16    1.00000e+00  1272    0.00000e+00     0   1.42444e+02
------------------------------------------------------------
                 Wall time: 5.67410e+02 sec 
============================================================


============================================================
                 Lowdin orthonormalization
------------------------------------------------------------
 Computing Lowdin matrix                        1.21162e+00
 Rotating orbitals                              6.66077e+00
------------------------------------------------------------
                 Wall time: 7.87248e+00 sec 
============================================================


============================================================
               Iterative subspace accelerator
------------------------------------------------------------
 Push back orbitals                             7.08345e-02
 Setup linear system                            4.50460e+00
 Solve linear system                            8.76400e-06
 Expand solution                                6.52481e+00
------------------------------------------------------------
                 Wall time: 1.11004e+01 sec 
============================================================


============================================================
                 Lowdin orthonormalization
------------------------------------------------------------
 Computing Lowdin matrix                        3.06171e+00
 Rotating orbitals                              6.84111e+00
------------------------------------------------------------
                 Wall time: 9.90291e+00 sec 
============================================================


============================================================
                  Setting up Fock operator
------------------------------------------------------------
 Precision                                      1.00000e-07
------------------------------------------------------------
 Coulomb density                      1896      6.09463e+00
 Coulomb potential                     880      9.33844e+01
 Allreduce potential                   920      3.26601e-01
 XC total density                     2296      7.00443e+00
 XC evaluate xcfun                    4592      1.12607e+01
 XC energy                            2296      1.95019e-04
 XC potential                         2296      1.13644e-01
------------------------------------------------------------
                 Wall time: 1.18212e+02 sec 
============================================================


============================================================
                  Calculating Fock matrix
------------------------------------------------------------
 Kinetic part                         2.000039567100000e+01
 Potential part                       5.215338217500000e+01
------------------------------------------------------------
                 Wall time: 7.21539e+01 sec 
============================================================


============================================================
                          Orbitals
------------------------------------------------------------
 Orb    F(i,i)        Error         nNodes  Spin  Occ  Done 
------------------------------------------------------------
  0  -7.60001e+01   9.66646e-08        728    p    2    1
  1  -7.59998e+01   9.71227e-08          0    p    2    1
  2  -6.27606e+00   1.75824e-07          0    p    2    1
  3  -6.27579e+00   1.96520e-07          0    p    2    1
  4  -4.52409e+00   2.26957e-07        976    p    2    1
  5  -4.52373e+00   3.07546e-07          0    p    2    1
  6  -4.52341e+00   3.98417e-07          0    p    2    1
  7  -4.52311e+00   3.97112e-07          0    p    2    1
  8  -4.51953e+00   3.11962e-07        888    p    2    1
  9  -4.51925e+00   3.18029e-07          0    p    2    1
 10  -6.27505e-01   6.55771e-07          0    p    2    1
 11  -5.35708e-01   6.52711e-07          0    p    2    1
 12  -3.65036e-01   2.02471e-06       1432    p    2    0
 13  -3.64004e-01   1.43221e-06          0    p    2    0
 14  -3.20143e-01   3.06571e-06          0    p    2    0
 15  -2.48520e-01   2.28913e-06          0    p    2    0
 16  -2.39180e-01   2.26004e-06       1272    p    2    0
------------------------------------------------------------
 Total error:                            5.24429e-06    0
============================================================


============================================================
                    Energy                 Update      Done 
------------------------------------------------------------
 Orbital      -3.887700540016399e+02     9.10175e-06    1
 Kinetic       6.809767600796785e+02     4.88499e-06    1
 N-E          -1.804182097855767e+03    -1.35802e-05    1
 Coulomb       3.971397411136851e+02     9.29394e-06    1
 Exchange      0.000000000000000e+00     0.00000e+00    1
 X-C          -4.530258642372917e+01    -5.98487e-07    1
------------------------------------------------------------
 Electronic   -7.713682357502179e+02    -1.37163e-09    1
 Nuclear       8.876845156627328e+01     0.00000e+00    1
------------------------------------------------------------
 Total        -6.825997841839446e+02    -1.37163e-09    1
============================================================


################ Wall time: 8.50292e+02 sec ################




####################### SCF cycle  9 #######################


============================================================
 Current precision                              1.00000e-07
------------------------------------------------------------
 Orbital threshold                              1.00000e-06
 Property threshold                            -1.00000e+00
============================================================


============================================================
                   Calculating SCF energy
------------------------------------------------------------
 Nuclear energy                       8.876845156627328e+01
 Electronic energy                   -7.713682357508972e+02
------------------------------------------------------------
 Total energy                        -6.825997841846239e+02
------------------------------------------------------------
                 Wall time: 5.58858e+01 sec 
============================================================


============================================================
                Rotating Helmholtz argument
------------------------------------------------------------
 Rotating orbitals                              7.60478e+00
------------------------------------------------------------
                 Wall time: 7.60487e+00 sec 
============================================================


============================================================
                Applying Helmholtz operators
------------------------------------------------------------
 Orb    RealNorm   Nodes     ImagNorm   Nodes     Timing
------------------------------------------------------------
  0    1.00000e+00   824    0.00000e+00     0   7.23605e+01
  4    1.00000e+00   992    0.00000e+00     0   1.09644e+02
  8    1.00000e+00   920    0.00000e+00     0   9.92964e+01
 12    1.00000e+00  1448    0.00000e+00     0   1.62743e+02
 16    1.00000e+00  1272    0.00000e+00     0   1.42604e+02
------------------------------------------------------------
                 Wall time: 5.86659e+02 sec 
============================================================


============================================================
                 Lowdin orthonormalization
------------------------------------------------------------
 Computing Lowdin matrix                        1.20373e+00
 Rotating orbitals                              6.55332e+00
------------------------------------------------------------
                 Wall time: 7.75714e+00 sec 
============================================================


============================================================
               Iterative subspace accelerator
------------------------------------------------------------
 Push back orbitals                             7.36282e-02
 Setup linear system                            4.59524e+00
 Solve linear system                            9.21400e-06
 Expand solution                                6.38113e+00
------------------------------------------------------------
                 Wall time: 1.10502e+01 sec 
============================================================


============================================================
                 Lowdin orthonormalization
------------------------------------------------------------
 Computing Lowdin matrix                        2.83033e+00
 Rotating orbitals                              6.16333e+00
------------------------------------------------------------
                 Wall time: 8.99375e+00 sec 
============================================================


============================================================
                  Setting up Fock operator
------------------------------------------------------------
 Precision                                      1.00000e-07
------------------------------------------------------------
 Coulomb density                      1896      6.04422e+00
 Coulomb potential                     880      9.23684e+01
 Allreduce potential                   920      3.28251e-01
 XC total density                     2296      6.83321e+00
 XC evaluate xcfun                    4592      1.09463e+01
 XC energy                            2296      1.89110e-04
 XC potential                         2296      1.12820e-01
------------------------------------------------------------
                 Wall time: 1.16661e+02 sec 
============================================================


============================================================
                  Calculating Fock matrix
------------------------------------------------------------
 Kinetic part                         1.959995863800000e+01
 Potential part                       5.166561956600000e+01
------------------------------------------------------------
                 Wall time: 7.12657e+01 sec 
============================================================


============================================================
                          Orbitals
------------------------------------------------------------
 Orb    F(i,i)        Error         nNodes  Spin  Occ  Done 
------------------------------------------------------------
  0  -7.60001e+01   7.56747e-08        728    p    2    1
  1  -7.59998e+01   7.59917e-08          0    p    2    1
  2  -6.27606e+00   4.93771e-08          0    p    2    1
  3  -6.27579e+00   6.45440e-08          0    p    2    1
  4  -4.52409e+00   9.05122e-08        976    p    2    1
  5  -4.52373e+00   1.46083e-07          0    p    2    1
  6  -4.52341e+00   1.31490e-07          0    p    2    1
  7  -4.52311e+00   1.27834e-07          0    p    2    1
  8  -4.51953e+00   1.08088e-07        888    p    2    1
  9  -4.51925e+00   1.11886e-07          0    p    2    1
 10  -6.27505e-01   2.84935e-07          0    p    2    1
 11  -5.35708e-01   3.00636e-07          0    p    2    1
 12  -3.65036e-01   5.52962e-07       1432    p    2    1
 13  -3.64004e-01   5.47513e-07          0    p    2    1
 14  -3.20143e-01   9.67260e-07          0    p    2    1
 15  -2.48520e-01   9.08976e-07          0    p    2    1
 16  -2.39180e-01   9.89697e-07       1272    p    2    1
------------------------------------------------------------
 Total error:                            1.90366e-06    1
============================================================


============================================================
                    Energy                 Update      Done 
------------------------------------------------------------
 Orbital      -3.887700596509932e+02    -5.64935e-06    1
 Kinetic       6.809767571632872e+02    -2.91639e-06    1
 N-E          -1.804182089547543e+03     8.30822e-06    1
 Coulomb       3.971397353491193e+02    -5.76457e-06    1
 Exchange      0.000000000000000e+00     0.00000e+00    1
 X-C          -4.530258605989389e+01     3.63835e-07    1
------------------------------------------------------------
 Electronic   -7.713682357508972e+02    -6.79279e-10    1
 Nuclear       8.876845156627328e+01     0.00000e+00    1
------------------------------------------------------------
 Total        -6.825997841846239e+02    -6.79279e-10    1
============================================================


################ Wall time: 8.67245e+02 sec ################


============================================================
                      Convergence rate
------------------------------------------------------------
Iter    OrbError       Property                   Update  
------------------------------------------------------------
  1    4.32918e-03    -6.825997578986569e+02   -6.82600e+02
  2    6.84265e-04    -6.825997833616537e+02   -2.54630e-05
  3    3.52866e-04    -6.825997837790413e+02   -4.17388e-07
  4    1.75419e-04    -6.825997840854785e+02   -3.06437e-07
  5    7.51089e-05    -6.825997841661255e+02   -8.06469e-08
  6    3.35496e-05    -6.825997841792645e+02   -1.31390e-08
  7    1.79657e-05    -6.825997841825730e+02   -3.30851e-09
  8    5.24429e-06    -6.825997841839446e+02   -1.37163e-09
  9    1.90366e-06    -6.825997841846239e+02   -6.79279e-10
------------------------------------------------------------
                      SCF converged!!!                      
============================================================


============================================================
                  Digonalizing Fock matrix
------------------------------------------------------------
 Computing Lowdin matrix                        1.28236e+00
 Diagonalizing matrix                           6.24200e-05
 Rotating orbitals                              7.31969e+00
------------------------------------------------------------
                 Wall time: 8.60221e+00 sec 
============================================================


============================================================
                  Setting up Fock operator
------------------------------------------------------------
 Precision                                      1.00000e-07
------------------------------------------------------------
 Coulomb density                      2040      5.96785e+00
 Coulomb potential                     896      7.88432e+01
 Allreduce potential                   920      3.11770e-01
 XC total density                     2456      6.71580e+00
 XC evaluate xcfun                    4912      1.14215e+01
 XC energy                            2456      1.72327e-04
 XC potential                         2456      1.06463e-01
------------------------------------------------------------
                 Wall time: 1.03393e+02 sec 
============================================================


============================================================
                   Calculating SCF energy
------------------------------------------------------------
------------------------------------------------------------
                 Wall time: 5.38286e+01 sec 
============================================================


============================================================
                 Calculating dipole moment
------------------------------------------------------------
------------------------------------------------------------
                 Wall time: 2.57125e+01 sec 
============================================================


============================================================
                        Fock matrix
------------------------------------------------------------
-7.60001e+01  0.00000e+00  0.00000e+00  0.00000e+00  0.00000e+00  0.00000e+00  0.00000e+00  0.00000e+00  0.00000e+00  0.00000e+00  0.00000e+00  0.00000e+00  0.00000e+00  0.00000e+00  0.00000e+00  0.00000e+00  0.00000e+00
 0.00000e+00 -7.59998e+01  0.00000e+00  0.00000e+00  0.00000e+00  0.00000e+00  0.00000e+00  0.00000e+00  0.00000e+00  0.00000e+00  0.00000e+00  0.00000e+00  0.00000e+00  0.00000e+00  0.00000e+00  0.00000e+00  0.00000e+00
 0.00000e+00  0.00000e+00 -6.27606e+00  0.00000e+00  0.00000e+00  0.00000e+00  0.00000e+00  0.00000e+00  0.00000e+00  0.00000e+00  0.00000e+00  0.00000e+00  0.00000e+00  0.00000e+00  0.00000e+00  0.00000e+00  0.00000e+00
 0.00000e+00  0.00000e+00  0.00000e+00 -6.27579e+00  0.00000e+00  0.00000e+00  0.00000e+00  0.00000e+00  0.00000e+00  0.00000e+00  0.00000e+00  0.00000e+00  0.00000e+00  0.00000e+00  0.00000e+00  0.00000e+00  0.00000e+00
 0.00000e+00  0.00000e+00  0.00000e+00  0.00000e+00 -4.52409e+00  0.00000e+00  0.00000e+00  0.00000e+00  0.00000e+00  0.00000e+00  0.00000e+00  0.00000e+00  0.00000e+00  0.00000e+00  0.00000e+00  0.00000e+00  0.00000e+00
 0.00000e+00  0.00000e+00  0.00000e+00  0.00000e+00  0.00000e+00 -4.52372e+00  0.00000e+00  0.00000e+00  0.00000e+00  0.00000e+00  0.00000e+00  0.00000e+00  0.00000e+00  0.00000e+00  0.00000e+00  0.00000e+00  0.00000e+00
 0.00000e+00  0.00000e+00  0.00000e+00  0.00000e+00  0.00000e+00  0.00000e+00 -4.52341e+00  0.00000e+00  0.00000e+00  0.00000e+00  0.00000e+00  0.00000e+00  0.00000e+00  0.00000e+00  0.00000e+00  0.00000e+00  0.00000e+00
 0.00000e+00  0.00000e+00  0.00000e+00  0.00000e+00  0.00000e+00  0.00000e+00  0.00000e+00 -4.52311e+00  0.00000e+00  0.00000e+00  0.00000e+00  0.00000e+00  0.00000e+00  0.00000e+00  0.00000e+00  0.00000e+00  0.00000e+00
 0.00000e+00  0.00000e+00  0.00000e+00  0.00000e+00  0.00000e+00  0.00000e+00  0.00000e+00  0.00000e+00 -4.51953e+00  0.00000e+00  0.00000e+00  0.00000e+00  0.00000e+00  0.00000e+00  0.00000e+00  0.00000e+00  0.00000e+00
 0.00000e+00  0.00000e+00  0.00000e+00  0.00000e+00  0.00000e+00  0.00000e+00  0.00000e+00  0.00000e+00  0.00000e+00 -4.51925e+00  0.00000e+00  0.00000e+00  0.00000e+00  0.00000e+00  0.00000e+00  0.00000e+00  0.00000e+00
 0.00000e+00  0.00000e+00  0.00000e+00  0.00000e+00  0.00000e+00  0.00000e+00  0.00000e+00  0.00000e+00  0.00000e+00  0.00000e+00 -6.27505e-01  0.00000e+00  0.00000e+00  0.00000e+00  0.00000e+00  0.00000e+00  0.00000e+00
 0.00000e+00  0.00000e+00  0.00000e+00  0.00000e+00  0.00000e+00  0.00000e+00  0.00000e+00  0.00000e+00  0.00000e+00  0.00000e+00  0.00000e+00 -5.35708e-01  0.00000e+00  0.00000e+00  0.00000e+00  0.00000e+00  0.00000e+00
 0.00000e+00  0.00000e+00  0.00000e+00  0.00000e+00  0.00000e+00  0.00000e+00  0.00000e+00  0.00000e+00  0.00000e+00  0.00000e+00  0.00000e+00  0.00000e+00 -3.65038e-01  0.00000e+00  0.00000e+00  0.00000e+00  0.00000e+00
 0.00000e+00  0.00000e+00  0.00000e+00  0.00000e+00  0.00000e+00  0.00000e+00  0.00000e+00  0.00000e+00  0.00000e+00  0.00000e+00  0.00000e+00  0.00000e+00  0.00000e+00 -3.64003e-01  0.00000e+00  0.00000e+00  0.00000e+00
 0.00000e+00  0.00000e+00  0.00000e+00  0.00000e+00  0.00000e+00  0.00000e+00  0.00000e+00  0.00000e+00  0.00000e+00  0.00000e+00  0.00000e+00  0.00000e+00  0.00000e+00  0.00000e+00 -3.20143e-01  0.00000e+00  0.00000e+00
 0.00000e+00  0.00000e+00  0.00000e+00  0.00000e+00  0.00000e+00  0.00000e+00  0.00000e+00  0.00000e+00  0.00000e+00  0.00000e+00  0.00000e+00  0.00000e+00  0.00000e+00  0.00000e+00  0.00000e+00 -2.48520e-01  0.00000e+00
 0.00000e+00  0.00000e+00  0.00000e+00  0.00000e+00  0.00000e+00  0.00000e+00  0.00000e+00  0.00000e+00  0.00000e+00  0.00000e+00  0.00000e+00  0.00000e+00  0.00000e+00  0.00000e+00  0.00000e+00  0.00000e+00 -2.39180e-01
============================================================


============================================================
                      Orbital energies
------------------------------------------------------------
    n  spin  occ                            epsilon  
------------------------------------------------------------
    0    p    2                      -7.600013760369610e+01
    1    p    2                      -7.599982794240981e+01
    2    p    2                      -6.276064052933254e+00
    3    p    2                      -6.275790169591174e+00
    4    p    2                      -4.524093668336159e+00
    5    p    2                      -4.523721107435957e+00
    6    p    2                      -4.523413594783990e+00
    7    p    2                      -4.523108684602433e+00
    8    p    2                      -4.519527079912102e+00
    9    p    2                      -4.519248487019166e+00
   10    p    2                      -6.275049269763335e-01
   11    p    2                      -5.357080399637406e-01
   12    p    2                      -3.650379932939279e-01
   13    p    2                      -3.640028849740778e-01
   14    p    2                      -3.201427338758698e-01
   15    p    2                      -2.485196923994920e-01
   16    p    2                      -2.391796111026436e-01
============================================================


============================================================
                          Molecule
------------------------------------------------------------
 Nr  Element             x             y             z      
------------------------------------------------------------
  1     P           0.00000e+00   2.09760e+00  -1.62138e-01
  2     P           0.00000e+00  -2.09760e+00  -1.62138e-01
  3     H          -3.82858e-01   2.54697e+00   2.43869e+00
  4     H           2.65412e+00   2.30849e+00  -6.04712e-03
  5     H           3.82858e-01  -2.54697e+00   2.43869e+00
  6     H          -2.65412e+00  -2.30849e+00  -6.04712e-03
------------------------------------------------------------
 Center of mass:    0.00000e+00   6.73077e-18  -7.79053e-02
============================================================


                                                            
============================================================
                         SCF Energy                         
------------------------------------------------------------
                                                            
 Sum orbital energy:                 -3.887700565466125e+02
 Kinetic energy:                      6.809767588884872e+02
 E-N energy:                         -1.804182094101033e+03
 Coulomb energy:                      3.971397384386481e+02
 Exchange energy:                     0.000000000000000e+00
 X-C energy:                         -4.530258623681551e+01
 El. external field energy:          -5.265490267452791e-05
 Nuc. external field energy:          1.972987745402222e-14
                                                            
------------------------------------------------------------
                                                            
 Electronic energy:                  -7.713682356656158e+02
 Nuclear energy:                      8.876845156627328e+01
                                                            
------------------------------------------------------------
                                                            
 Total energy       (au)             -6.825997840993425e+02
                    (kJ/mol)         -1.792165473764906e+06
                    (kcal/mol)       -4.283378280596930e+05
                    (eV)             -1.857448556017408e+04
                                                            
============================================================
                                                            

                                                            
============================================================
                         Dipole moment                      
------------------------------------------------------------
                                                            
 Length of vector:   (au)                  4.0442348674e-01
                     (Debye)               1.0279418732e+00
                                                            
-------------------------- Total ---------------------------
                                                            
 [5.2654902655e-02, 1.2639981753e-03, 4.0097907696e-01] 
                                                            
------------------------- Nuclear --------------------------
                                                            
 [-1.9729995415e-11, -2.0383694732e-12,  2.6499136406e+00] 
                                                            
------------------------ Electronic ------------------------
                                                            
 [ 5.2654902675e-02,  1.2639981773e-03, -2.2489345636e+00] 
                                                            
============================================================
                                                            



************************************************************
***                                                      ***
***                    Exiting MRChem                    ***
***                                                      ***
***               Wall time: 7.545367e+03                ***
***                                                      ***
************************************************************


