


************************************************************
***     __  __ ____   ____ _                             ***
***    |  \/  |  _ \ / ___| |__   ___ _ __ ___           ***
***    | |\/| | |_) | |   | '_ \ / _ \ '_ ` _ \          ***
***    | |  | |  _ <| |___| | | |  __/ | | | | |         ***
***    |_|  |_|_| \_\\____|_| |_|\___|_| |_| |_|         ***
***                                                      ***
***    VERSION 0.0.1 (rev. 1c6f79f)                     ***
***                                                      ***
***    Stig Rune Jensen <stig.r.jensen@uit.no>           ***
***    Luca Frediani    <luca.frediani@uit.no>           ***
***    Peter Wind       <peter.wind@uit.no>              ***
***                                                      ***
************************************************************


+++ Parallel execution: 
  MPI hosts available     : 4
  Threads/host            : 2
  Total used CPUs         : 8


------------------------------------------------------------

 MRCPP version   : X.Y.Z
 Git revision    : bbc2aed

 Linear algebra  : EIGEN
 Parallelization : MPI/OpenMP

------------------------------------------------------------




============================================================
                  MultiResolution Analysis                  
------------------------------------------------------------
 polynomial order = 11
 polynomial type  = Interpolating
------------------------------------------------------------
 total boxes      = 8
 boxes            = [           2           2           2 ]
 unit lengths     = [    32.00000    32.00000    32.00000 ]
 scaling factor   = [     1.00000     1.00000     1.00000 ]
 lower bounds     = [   -32.00000   -32.00000   -32.00000 ]
 upper bounds     = [    32.00000    32.00000    32.00000 ]
 total length     = [    64.00000    64.00000    64.00000 ]
============================================================


============================================================
                          Molecule
------------------------------------------------------------
 Nr  Element             x             y             z      
------------------------------------------------------------
  1     P           0.00000e+00   0.00000e+00   0.00000e+00
------------------------------------------------------------
 Center of mass:    0.00000e+00   0.00000e+00   0.00000e+00
============================================================


============================================================
                Setting up nuclear potential
------------------------------------------------------------
 Nr  Element         Charge        Precision     Smoothing 
------------------------------------------------------------
  1     P           1.50000e+01   1.00000e-07   8.30509e-06
------------------------------------------------------------
 Nuclear potential                    1416      1.18490e+00
 Allreduce potential                  1416      3.73525e-01
------------------------------------------------------------
                 Wall time: 1.55853e+00 sec 
============================================================


============================================================
 OrbitalVector:  15 orbitals    15 occupied    15 electrons
------------------------------------------------------------
   n  RankID           Norm          Spin Occ      Error    
------------------------------------------------------------
   0     0       1.000000000000e+00    a   1    1.00000e+00
   1     1      -1.000000000000e+00    a   1    1.00000e+00
   2     2      -1.000000000000e+00    a   1    1.00000e+00
   3     3      -1.000000000000e+00    a   1    1.00000e+00
   4     0       1.000000000000e+00    a   1    1.00000e+00
   5     1      -1.000000000000e+00    a   1    1.00000e+00
   6     2      -1.000000000000e+00    a   1    1.00000e+00
   7     3      -1.000000000000e+00    a   1    1.00000e+00
   8     0       1.000000000000e+00    a   1    1.00000e+00
   9     1      -1.000000000000e+00    b   1    1.00000e+00
  10     2      -1.000000000000e+00    b   1    1.00000e+00
  11     3      -1.000000000000e+00    b   1    1.00000e+00
  12     0       1.000000000000e+00    b   1    1.00000e+00
  13     1      -1.000000000000e+00    b   1    1.00000e+00
  14     2      -1.000000000000e+00    b   1    1.00000e+00
============================================================


============================================================
                  Setting up Fock operator
------------------------------------------------------------
 Precision                                      1.00000e-07
------------------------------------------------------------
 Coulomb density                       904      2.37773e+00
 Coulomb potential                     584      5.75198e+01
 Allreduce potential                   520      1.56915e-01
 XC alpha density                      904      2.12275e+00
 XC beta density                       904      1.65381e+00
 XC evaluate xcfun                    2712      5.85810e+00
 XC energy                             904      1.73281e-04
 XC potential                         1808      1.22704e-01
------------------------------------------------------------
                 Wall time: 6.98377e+01 sec 
============================================================


============================================================
                  Calculating Fock matrix
------------------------------------------------------------
 Kinetic part                         1.059645169200000e+01
 Potential part                       2.370361516600000e+01
------------------------------------------------------------
                 Wall time: 3.43002e+01 sec 
============================================================




####################### SCF cycle  1 #######################


============================================================
 Current precision                              1.00000e-07
------------------------------------------------------------
 Orbital threshold                              1.00000e-06
 Property threshold                            -1.00000e+00
============================================================


============================================================
                  Digonalizing Fock matrix
------------------------------------------------------------
 Computing Lowdin matrix                        6.86742e-01
 Diagonalizing matrix                           3.07230e-05
 Rotating orbitals                              2.18617e+00
------------------------------------------------------------
                 Wall time: 2.87303e+00 sec 
============================================================


============================================================
                   Calculating SCF energy
------------------------------------------------------------
 Nuclear energy                       1.002729292014313e-14
 Electronic energy                   -3.400057942485643e+02
------------------------------------------------------------
 Total energy                        -3.400057942485643e+02
------------------------------------------------------------
                 Wall time: 2.20602e+01 sec 
============================================================


============================================================
                Rotating Helmholtz argument
------------------------------------------------------------
 Rotating orbitals                              8.37872e-01
------------------------------------------------------------
                 Wall time: 8.37948e-01 sec 
============================================================


============================================================
                Applying Helmholtz operators
------------------------------------------------------------
 Orb    RealNorm   Nodes     ImagNorm   Nodes     Timing
------------------------------------------------------------
  0    1.00000e+00   840    0.00000e+00     0   8.19221e+01
  4    1.00000e+00   584    0.00000e+00     0   6.02509e+01
  8    1.00000e+00   584    0.00000e+00     0   6.56426e+01
 12    1.00000e+00   584    0.00000e+00     0   6.01419e+01
------------------------------------------------------------
                 Wall time: 2.67960e+02 sec 
============================================================


============================================================
                 Lowdin orthonormalization
------------------------------------------------------------
 Computing Lowdin matrix                        5.90760e+01
 Rotating orbitals                              1.87357e+00
------------------------------------------------------------
                 Wall time: 6.09497e+01 sec 
============================================================


============================================================
               Iterative subspace accelerator
------------------------------------------------------------
 Push back orbitals                             2.19320e-01
 Copy orbitals                                  1.27773e-01
 Copy orbital updates                           1.24701e-01
------------------------------------------------------------
                 Wall time: 4.71916e-01 sec 
============================================================


============================================================
                 Lowdin orthonormalization
------------------------------------------------------------
 Computing Lowdin matrix                        6.13139e-01
 Rotating orbitals                              1.09040e+00
------------------------------------------------------------
                 Wall time: 1.70362e+00 sec 
============================================================


============================================================
                  Setting up Fock operator
------------------------------------------------------------
 Precision                                      1.00000e-07
------------------------------------------------------------
 Coulomb density                       904      2.25430e+00
 Coulomb potential                     584      6.00636e+01
 Allreduce potential                   520      1.20303e+00
 XC alpha density                      904      1.99951e+00
 XC beta density                       904      1.66012e+00
 XC evaluate xcfun                    2712      5.82249e+00
 XC energy                             904      1.71261e-04
 XC potential                         1808      9.57956e-02
------------------------------------------------------------
                 Wall time: 7.31217e+01 sec 
============================================================


============================================================
                  Calculating Fock matrix
------------------------------------------------------------
 Kinetic part                         1.017040088500000e+01
 Potential part                       2.359205945000000e+01
------------------------------------------------------------
                 Wall time: 3.37626e+01 sec 
============================================================


============================================================
                          Orbitals
------------------------------------------------------------
 Orb    F(i,i)        Error         nNodes  Spin  Occ  Done 
------------------------------------------------------------
  0  -7.60495e+01   5.01969e-07        840    a    1    1
  1  -6.31981e+00   1.43029e-05          0    a    1    0
  2  -4.56864e+00   2.20520e-05          0    a    1    0
  3  -4.56864e+00   2.20520e-05          0    a    1    0
  4  -4.56864e+00   2.85474e-05        584    a    1    0
  5  -5.40300e-01   4.20088e-04          0    a    1    0
  6  -2.31382e-01   1.97649e-03          0    a    1    0
  7  -2.31382e-01   1.97649e-03          0    a    1    0
  8  -2.31385e-01   3.32760e-03        584    a    1    0
  9  -7.60368e+01   4.92648e-07          0    b    1    1
 10  -6.30523e+00   1.14497e-05          0    b    1    0
 11  -4.55046e+00   2.19422e-05          0    b    1    0
 12  -4.55046e+00   2.19421e-05        584    b    1    0
 13  -4.55046e+00   7.81433e-05          0    b    1    0
 14  -4.50177e-01   1.57064e-03          0    b    1    0
------------------------------------------------------------
 Total error:                            4.64096e-03    0
============================================================


============================================================
                    Energy                 Update      Done 
------------------------------------------------------------
 Orbital      -1.937532031554154e+02    -1.93753e+02    1
 Kinetic       3.392461474675861e+02     3.39246e+02    1
 N-E          -8.106769881195338e+02    -8.10677e+02    1
 Coulomb       1.532865438209947e+02     1.53287e+02    1
 Exchange      0.000000000000000e+00     0.00000e+00    1
 X-C          -2.186149741761132e+01    -2.18615e+01    1
------------------------------------------------------------
 Electronic   -3.400057942485643e+02    -3.40006e+02    1
 Nuclear       1.002729292014313e-14     1.00273e-14    1
------------------------------------------------------------
 Total        -3.400057942485643e+02    -3.40006e+02    1
============================================================


################ Wall time: 4.64080e+02 sec ################




####################### SCF cycle  2 #######################


============================================================
 Current precision                              1.00000e-07
------------------------------------------------------------
 Orbital threshold                              1.00000e-06
 Property threshold                            -1.00000e+00
============================================================


============================================================
                  Digonalizing Fock matrix
------------------------------------------------------------
 Computing Lowdin matrix                        5.94363e-01
 Diagonalizing matrix                           2.73700e-05
 Rotating orbitals                              2.40938e+00
------------------------------------------------------------
                 Wall time: 3.00386e+00 sec 
============================================================


============================================================
                   Calculating SCF energy
------------------------------------------------------------
 Nuclear energy                       1.002729292014313e-14
 Electronic energy                   -3.400058071302704e+02
------------------------------------------------------------
 Total energy                        -3.400058071302704e+02
------------------------------------------------------------
                 Wall time: 2.18476e+01 sec 
============================================================


============================================================
                Rotating Helmholtz argument
------------------------------------------------------------
 Rotating orbitals                              8.43283e-01
------------------------------------------------------------
                 Wall time: 8.43369e-01 sec 
============================================================


============================================================
                Applying Helmholtz operators
------------------------------------------------------------
 Orb    RealNorm   Nodes     ImagNorm   Nodes     Timing
------------------------------------------------------------
  0    1.00000e+00   840    0.00000e+00     0   8.60255e+01
  4    1.00000e+00   584    0.00000e+00     0   6.18062e+01
  8    1.00000e+00   584    0.00000e+00     0   6.66826e+01
 12    1.00000e+00   584    0.00000e+00     0   6.17109e+01
------------------------------------------------------------
                 Wall time: 2.76227e+02 sec 
============================================================


============================================================
                 Lowdin orthonormalization
------------------------------------------------------------
 Computing Lowdin matrix                        5.06620e+01
 Rotating orbitals                              1.70560e+00
------------------------------------------------------------
                 Wall time: 5.23677e+01 sec 
============================================================


============================================================
               Iterative subspace accelerator
------------------------------------------------------------
 Push back orbitals                             3.59484e-01
 Copy orbitals                                  1.28361e-01
 Copy orbital updates                           1.26131e-01
------------------------------------------------------------
                 Wall time: 6.14092e-01 sec 
============================================================


============================================================
                 Lowdin orthonormalization
------------------------------------------------------------
 Computing Lowdin matrix                        6.03580e-01
 Rotating orbitals                              1.09634e+00
------------------------------------------------------------
                 Wall time: 1.70000e+00 sec 
============================================================


============================================================
                  Setting up Fock operator
------------------------------------------------------------
 Precision                                      1.00000e-07
------------------------------------------------------------
 Coulomb density                       904      2.22400e+00
 Coulomb potential                     584      5.99978e+01
 Allreduce potential                   520      8.84889e-01
 XC alpha density                      904      2.00254e+00
 XC beta density                       904      1.66387e+00
 XC evaluate xcfun                    2712      5.83259e+00
 XC energy                             904      1.67791e-04
 XC potential                         1808      9.05932e-02
------------------------------------------------------------
                 Wall time: 7.27193e+01 sec 
============================================================


============================================================
                  Calculating Fock matrix
------------------------------------------------------------
 Kinetic part                         9.880922127000000e+00
 Potential part                       2.321621890800000e+01
------------------------------------------------------------
                 Wall time: 3.30973e+01 sec 
============================================================


============================================================
                          Orbitals
------------------------------------------------------------
 Orb    F(i,i)        Error         nNodes  Spin  Occ  Done 
------------------------------------------------------------
  0  -7.60495e+01   2.99180e-07        840    a    1    1
  1  -6.31982e+00   9.11343e-06          0    a    1    0
  2  -4.56865e+00   1.66433e-05          0    a    1    0
  3  -4.56865e+00   1.02882e-05          0    a    1    0
  4  -4.56865e+00   1.02882e-05        584    a    1    0
  5  -5.40307e-01   2.72237e-04          0    a    1    0
  6  -2.31390e-01   9.14020e-04          0    a    1    0
  7  -2.31387e-01   3.76756e-04          0    a    1    0
  8  -2.31387e-01   3.76756e-04        584    a    1    0
  9  -7.60369e+01   2.44178e-07          0    b    1    1
 10  -6.30524e+00   4.06280e-06          0    b    1    0
 11  -4.55047e+00   2.99122e-05          0    b    1    0
 12  -4.55047e+00   8.78806e-06        584    b    1    0
 13  -4.55047e+00   8.78806e-06          0    b    1    0
 14  -4.50183e-01   2.06356e-04          0    b    1    0
------------------------------------------------------------
 Total error:                            1.11250e-03    0
============================================================


============================================================
                    Energy                 Update      Done 
------------------------------------------------------------
 Orbital      -1.937532761145440e+02    -7.29591e-05    1
 Kinetic       3.392461304685463e+02    -1.69990e-05    1
 N-E          -8.106769050638302e+02     8.30557e-05    1
 Coulomb       1.532864826027134e+02    -6.12183e-05    1
 Exchange      0.000000000000000e+00     0.00000e+00    1
 X-C          -2.186149383373928e+01     3.58387e-06    1
------------------------------------------------------------
 Electronic   -3.400058071302704e+02    -1.28817e-05    1
 Nuclear       1.002729292014313e-14     0.00000e+00    1
------------------------------------------------------------
 Total        -3.400058071302704e+02    -1.28817e-05    1
============================================================


################ Wall time: 4.62767e+02 sec ################




####################### SCF cycle  3 #######################


============================================================
 Current precision                              1.00000e-07
------------------------------------------------------------
 Orbital threshold                              1.00000e-06
 Property threshold                            -1.00000e+00
============================================================


============================================================
                   Calculating SCF energy
------------------------------------------------------------
 Nuclear energy                       1.002729292014313e-14
 Electronic energy                   -3.400058079909331e+02
------------------------------------------------------------
 Total energy                        -3.400058079909331e+02
------------------------------------------------------------
                 Wall time: 2.35283e+01 sec 
============================================================


============================================================
                Rotating Helmholtz argument
------------------------------------------------------------
 Rotating orbitals                              2.32901e+00
------------------------------------------------------------
                 Wall time: 2.32909e+00 sec 
============================================================


============================================================
                Applying Helmholtz operators
------------------------------------------------------------
 Orb    RealNorm   Nodes     ImagNorm   Nodes     Timing
------------------------------------------------------------
  0    1.00000e+00   840    0.00000e+00     0   8.81096e+01
  4    1.00000e+00   584    0.00000e+00     0   6.14385e+01
  8    1.00000e+00   584    0.00000e+00     0   6.46981e+01
 12    1.00000e+00   584    0.00000e+00     0   6.19414e+01
------------------------------------------------------------
                 Wall time: 2.76188e+02 sec 
============================================================


============================================================
                 Lowdin orthonormalization
------------------------------------------------------------
 Computing Lowdin matrix                        5.19142e+01
 Rotating orbitals                              1.72629e+00
------------------------------------------------------------
                 Wall time: 5.36405e+01 sec 
============================================================


============================================================
               Iterative subspace accelerator
------------------------------------------------------------
 Push back orbitals                             3.48876e-01
 Setup linear system                            4.00401e-01
 Solve linear system                            1.10930e-05
 Expand solution                                1.08449e+00
------------------------------------------------------------
                 Wall time: 1.83390e+00 sec 
============================================================


============================================================
                 Lowdin orthonormalization
------------------------------------------------------------
 Computing Lowdin matrix                        1.04426e+00
 Rotating orbitals                              1.71937e+00
------------------------------------------------------------
                 Wall time: 2.76371e+00 sec 
============================================================


============================================================
                  Setting up Fock operator
------------------------------------------------------------
 Precision                                      1.00000e-07
------------------------------------------------------------
 Coulomb density                       904      2.27579e+00
 Coulomb potential                     584      6.08651e+01
 Allreduce potential                   520      3.96719e+00
 XC alpha density                      904      1.96427e+00
 XC beta density                       904      1.66450e+00
 XC evaluate xcfun                    2712      5.96815e+00
 XC energy                             904      1.62614e-04
 XC potential                         1808      8.89453e-02
------------------------------------------------------------
                 Wall time: 7.68157e+01 sec 
============================================================


============================================================
                  Calculating Fock matrix
------------------------------------------------------------
 Kinetic part                         1.007874515300000e+01
 Potential part                       2.448425656500000e+01
------------------------------------------------------------
                 Wall time: 3.45631e+01 sec 
============================================================


============================================================
                          Orbitals
------------------------------------------------------------
 Orb    F(i,i)        Error         nNodes  Spin  Occ  Done 
------------------------------------------------------------
  0  -7.60495e+01   2.00467e-07        840    a    1    1
  1  -6.31982e+00   8.49411e-06          0    a    1    0
  2  -4.56865e+00   1.33157e-05          0    a    1    0
  3  -4.56865e+00   8.11493e-06          0    a    1    0
  4  -4.56865e+00   8.11493e-06        584    a    1    0
  5  -5.40308e-01   1.60749e-04          0    a    1    0
  6  -2.31391e-01   4.52354e-04          0    a    1    0
  7  -2.31389e-01   1.37254e-04          0    a    1    0
  8  -2.31389e-01   1.37254e-04        584    a    1    0
  9  -7.60369e+01   1.78680e-07          0    b    1    1
 10  -6.30524e+00   3.72352e-06          0    b    1    0
 11  -4.55047e+00   2.64822e-05          0    b    1    0
 12  -4.55047e+00   6.15454e-06        584    b    1    0
 13  -4.55047e+00   6.15454e-06          0    b    1    0
 14  -4.50185e-01   1.14301e-04          0    b    1    0
------------------------------------------------------------
 Total error:                            5.31392e-04    0
============================================================


============================================================
                    Energy                 Update      Done 
------------------------------------------------------------
 Orbital      -1.937534028747685e+02    -1.26760e-04    1
 Kinetic       3.392460922901154e+02    -3.81784e-05    1
 N-E          -8.106767439460715e+02     1.61118e-04    1
 Coulomb       1.532863536569923e+02    -1.28946e-04    1
 Exchange      0.000000000000000e+00     0.00000e+00    1
 X-C          -2.186148423467737e+01     9.59906e-06    1
------------------------------------------------------------
 Electronic   -3.400058079909331e+02    -8.60663e-07    1
 Nuclear       1.002729292014313e-14     0.00000e+00    1
------------------------------------------------------------
 Total        -3.400058079909331e+02    -8.60663e-07    1
============================================================


################ Wall time: 4.72342e+02 sec ################




####################### SCF cycle  4 #######################


============================================================
 Current precision                              1.00000e-07
------------------------------------------------------------
 Orbital threshold                              1.00000e-06
 Property threshold                            -1.00000e+00
============================================================


============================================================
                   Calculating SCF energy
------------------------------------------------------------
 Nuclear energy                       1.002729292014313e-14
 Electronic energy                   -3.400058081613649e+02
------------------------------------------------------------
 Total energy                        -3.400058081613649e+02
------------------------------------------------------------
                 Wall time: 2.53056e+01 sec 
============================================================


============================================================
                Rotating Helmholtz argument
------------------------------------------------------------
 Rotating orbitals                              2.23386e+00
------------------------------------------------------------
                 Wall time: 2.23394e+00 sec 
============================================================


============================================================
                Applying Helmholtz operators
------------------------------------------------------------
 Orb    RealNorm   Nodes     ImagNorm   Nodes     Timing
------------------------------------------------------------
  0    1.00000e+00   840    0.00000e+00     0   9.00902e+01
  4    1.00000e+00   584    0.00000e+00     0   6.49713e+01
  8    1.00000e+00   584    0.00000e+00     0   6.94028e+01
 12    1.00000e+00   584    0.00000e+00     0   6.25647e+01
------------------------------------------------------------
                 Wall time: 2.87030e+02 sec 
============================================================


============================================================
                 Lowdin orthonormalization
------------------------------------------------------------
 Computing Lowdin matrix                        5.29013e+01
 Rotating orbitals                              1.76796e+00
------------------------------------------------------------
                 Wall time: 5.46693e+01 sec 
============================================================


============================================================
               Iterative subspace accelerator
------------------------------------------------------------
 Push back orbitals                             3.64340e-01
 Setup linear system                            1.25702e+00
 Solve linear system                            1.31940e-05
 Expand solution                                1.76564e+00
------------------------------------------------------------
                 Wall time: 3.38714e+00 sec 
============================================================


============================================================
                 Lowdin orthonormalization
------------------------------------------------------------
 Computing Lowdin matrix                        1.17619e+00
 Rotating orbitals                              1.82304e+00
------------------------------------------------------------
                 Wall time: 2.99932e+00 sec 
============================================================


============================================================
                  Setting up Fock operator
------------------------------------------------------------
 Precision                                      1.00000e-07
------------------------------------------------------------
 Coulomb density                       904      2.19244e+00
 Coulomb potential                     584      6.18433e+01
 Allreduce potential                   520      3.65690e+00
 XC alpha density                      904      2.03231e+00
 XC beta density                       904      1.72820e+00
 XC evaluate xcfun                    2712      5.85636e+00
 XC energy                             904      1.74239e-04
 XC potential                         1808      9.39859e-02
------------------------------------------------------------
                 Wall time: 7.74269e+01 sec 
============================================================


============================================================
                  Calculating Fock matrix
------------------------------------------------------------
 Kinetic part                         9.947786892000000e+00
 Potential part                       2.487038452800000e+01
------------------------------------------------------------
                 Wall time: 3.48183e+01 sec 
============================================================


============================================================
                          Orbitals
------------------------------------------------------------
 Orb    F(i,i)        Error         nNodes  Spin  Occ  Done 
------------------------------------------------------------
  0  -7.60495e+01   1.54267e-07        840    a    1    1
  1  -6.31982e+00   3.87747e-06          0    a    1    0
  2  -4.56865e+00   4.67633e-06          0    a    1    0
  3  -4.56865e+00   2.33220e-06          0    a    1    0
  4  -4.56865e+00   2.33220e-06        584    a    1    0
  5  -5.40308e-01   3.16001e-05          0    a    1    0
  6  -2.31391e-01   7.18452e-05          0    a    1    0
  7  -2.31389e-01   2.89794e-05          0    a    1    0
  8  -2.31389e-01   2.89794e-05        584    a    1    0
  9  -7.60369e+01   1.20028e-07          0    b    1    1
 10  -6.30524e+00   1.34010e-06          0    b    1    0
 11  -4.55047e+00   1.58308e-05          0    b    1    0
 12  -4.55047e+00   1.19051e-06        584    b    1    0
 13  -4.55047e+00   1.19051e-06          0    b    1    0
 14  -4.50185e-01   6.23031e-05          0    b    1    0
------------------------------------------------------------
 Total error:                            1.09657e-04    0
============================================================


============================================================
                    Energy                 Update      Done 
------------------------------------------------------------
 Orbital      -1.937534227718847e+02    -1.98971e-05    1
 Kinetic       3.392461091648794e+02     1.68748e-05    1
 N-E          -8.106767403197621e+02     3.62631e-06    1
 Coulomb       1.532863335236090e+02    -2.01334e-05    1
 Exchange      0.000000000000000e+00     0.00000e+00    1
 X-C          -2.186148290907598e+01     1.32560e-06    1
------------------------------------------------------------
 Electronic   -3.400058081613649e+02    -1.70432e-07    1
 Nuclear       1.002729292014313e-14     0.00000e+00    1
------------------------------------------------------------
 Total        -3.400058081613649e+02    -1.70432e-07    1
============================================================


################ Wall time: 4.88828e+02 sec ################




####################### SCF cycle  5 #######################


============================================================
 Current precision                              1.00000e-07
------------------------------------------------------------
 Orbital threshold                              1.00000e-06
 Property threshold                            -1.00000e+00
============================================================


============================================================
                   Calculating SCF energy
------------------------------------------------------------
 Nuclear energy                       1.002729292014313e-14
 Electronic energy                   -3.400058081863305e+02
------------------------------------------------------------
 Total energy                        -3.400058081863305e+02
------------------------------------------------------------
                 Wall time: 2.58248e+01 sec 
============================================================


============================================================
                Rotating Helmholtz argument
------------------------------------------------------------
 Rotating orbitals                              2.25799e+00
------------------------------------------------------------
                 Wall time: 2.25808e+00 sec 
============================================================


============================================================
                Applying Helmholtz operators
------------------------------------------------------------
 Orb    RealNorm   Nodes     ImagNorm   Nodes     Timing
------------------------------------------------------------
  0    1.00000e+00   840    0.00000e+00     0   9.20492e+01
  4    1.00000e+00   584    0.00000e+00     0   6.91921e+01
  8    1.00000e+00   584    0.00000e+00     0   6.76858e+01
 12    1.00000e+00   584    0.00000e+00     0   6.20763e+01
------------------------------------------------------------
                 Wall time: 2.91004e+02 sec 
============================================================


============================================================
                 Lowdin orthonormalization
------------------------------------------------------------
 Computing Lowdin matrix                        5.55546e+01
 Rotating orbitals                              1.74879e+00
------------------------------------------------------------
                 Wall time: 5.73038e+01 sec 
============================================================


============================================================
               Iterative subspace accelerator
------------------------------------------------------------
 Push back orbitals                             4.19431e-01
 Setup linear system                            2.46563e+00
 Solve linear system                            9.06600e-06
 Expand solution                                2.60205e+00
------------------------------------------------------------
                 Wall time: 5.48726e+00 sec 
============================================================


============================================================
                 Lowdin orthonormalization
------------------------------------------------------------
 Computing Lowdin matrix                        1.25836e+00
 Rotating orbitals                              2.32642e+00
------------------------------------------------------------
                 Wall time: 3.58487e+00 sec 
============================================================


============================================================
                  Setting up Fock operator
------------------------------------------------------------
 Precision                                      1.00000e-07
------------------------------------------------------------
 Coulomb density                       904      2.17186e+00
 Coulomb potential                     584      6.41985e+01
 Allreduce potential                   520      1.35386e+00
 XC alpha density                      904      1.95954e+00
 XC beta density                       904      1.71209e+00
 XC evaluate xcfun                    2712      5.73495e+00
 XC energy                             904      1.63646e-04
 XC potential                         1808      9.46040e-02
------------------------------------------------------------
                 Wall time: 7.72492e+01 sec 
============================================================


============================================================
                  Calculating Fock matrix
------------------------------------------------------------
 Kinetic part                         1.047313464100000e+01
 Potential part                       2.417234741400000e+01
------------------------------------------------------------
                 Wall time: 3.46456e+01 sec 
============================================================


============================================================
                          Orbitals
------------------------------------------------------------
 Orb    F(i,i)        Error         nNodes  Spin  Occ  Done 
------------------------------------------------------------
  0  -7.60495e+01   1.33578e-07        840    a    1    1
  1  -6.31982e+00   1.46078e-06          0    a    1    0
  2  -4.56865e+00   2.53188e-06          0    a    1    0
  3  -4.56865e+00   1.29511e-06          0    a    1    0
  4  -4.56865e+00   1.29511e-06        584    a    1    0
  5  -5.40308e-01   1.16366e-05          0    a    1    0
  6  -2.31391e-01   2.35691e-05          0    a    1    0
  7  -2.31389e-01   1.93525e-05          0    a    1    0
  8  -2.31389e-01   1.93525e-05        584    a    1    0
  9  -7.60369e+01   6.57546e-08          0    b    1    1
 10  -6.30524e+00   7.65125e-07          0    b    1    1
 11  -4.55047e+00   1.25247e-05          0    b    1    0
 12  -4.55047e+00   6.56144e-07        584    b    1    1
 13  -4.55047e+00   6.56144e-07          0    b    1    1
 14  -4.50185e-01   5.23429e-05          0    b    1    0
------------------------------------------------------------
 Total error:                            6.59542e-05    0
============================================================


============================================================
                    Energy                 Update      Done 
------------------------------------------------------------
 Orbital      -1.937534248100652e+02    -2.03818e-06    1
 Kinetic       3.392461092290534e+02     6.41741e-08    1
 N-E          -8.106767384006249e+02     1.91914e-06    1
 Coulomb       1.532863314254599e+02    -2.09815e-06    1
 Exchange      0.000000000000000e+00     0.00000e+00    1
 X-C          -2.186148264223003e+01     2.66846e-07    1
------------------------------------------------------------
 Electronic   -3.400058081863305e+02    -2.49656e-08    1
 Nuclear       1.002729292014313e-14     0.00000e+00    1
------------------------------------------------------------
 Total        -3.400058081863305e+02    -2.49656e-08    1
============================================================


################ Wall time: 4.98551e+02 sec ################




####################### SCF cycle  6 #######################


============================================================
 Current precision                              1.00000e-07
------------------------------------------------------------
 Orbital threshold                              1.00000e-06
 Property threshold                            -1.00000e+00
============================================================


============================================================
                   Calculating SCF energy
------------------------------------------------------------
 Nuclear energy                       1.002729292014313e-14
 Electronic energy                   -3.400058081926848e+02
------------------------------------------------------------
 Total energy                        -3.400058081926848e+02
------------------------------------------------------------
                 Wall time: 2.71060e+01 sec 
============================================================


============================================================
                Rotating Helmholtz argument
------------------------------------------------------------
 Rotating orbitals                              2.31936e+00
------------------------------------------------------------
                 Wall time: 2.31945e+00 sec 
============================================================


============================================================
                Applying Helmholtz operators
------------------------------------------------------------
 Orb    RealNorm   Nodes     ImagNorm   Nodes     Timing
------------------------------------------------------------
  0    1.00000e+00   840    0.00000e+00     0   9.65198e+01
  4    1.00000e+00   584    0.00000e+00     0   6.69596e+01
  8    1.00000e+00   584    0.00000e+00     0   7.13763e+01
 12    1.00000e+00   584    0.00000e+00     0   6.40232e+01
------------------------------------------------------------
                 Wall time: 2.98880e+02 sec 
============================================================


============================================================
                 Lowdin orthonormalization
------------------------------------------------------------
 Computing Lowdin matrix                        5.40801e+01
 Rotating orbitals                              1.71616e+00
------------------------------------------------------------
                 Wall time: 5.57964e+01 sec 
============================================================


============================================================
               Iterative subspace accelerator
------------------------------------------------------------
 Push back orbitals                             4.27050e-01
 Setup linear system                            2.52589e+00
 Solve linear system                            8.79500e-06
 Expand solution                                2.72023e+00
------------------------------------------------------------
                 Wall time: 5.67332e+00 sec 
============================================================


============================================================
                 Lowdin orthonormalization
------------------------------------------------------------
 Computing Lowdin matrix                        1.37518e+00
 Rotating orbitals                              2.01389e+00
------------------------------------------------------------
                 Wall time: 3.38915e+00 sec 
============================================================


============================================================
                  Setting up Fock operator
------------------------------------------------------------
 Precision                                      1.00000e-07
------------------------------------------------------------
 Coulomb density                       904      2.56941e+00
 Coulomb potential                     584      6.65554e+01
 Allreduce potential                   520      2.69070e+00
 XC alpha density                      904      2.11742e+00
 XC beta density                       904      1.84044e+00
 XC evaluate xcfun                    2712      5.74404e+00
 XC energy                             904      1.66603e-04
 XC potential                         1808      9.82742e-02
------------------------------------------------------------
                 Wall time: 8.16407e+01 sec 
============================================================


============================================================
                  Calculating Fock matrix
------------------------------------------------------------
 Kinetic part                         9.247902658999999e+00
 Potential part                       2.545334909900000e+01
------------------------------------------------------------
                 Wall time: 3.47014e+01 sec 
============================================================


============================================================
                          Orbitals
------------------------------------------------------------
 Orb    F(i,i)        Error         nNodes  Spin  Occ  Done 
------------------------------------------------------------
  0  -7.60495e+01   1.63183e-08        840    a    1    1
  1  -6.31982e+00   3.81593e-07          0    a    1    1
  2  -4.56865e+00   5.17373e-07          0    a    1    1
  3  -4.56865e+00   4.13147e-07          0    a    1    1
  4  -4.56865e+00   4.13147e-07        584    a    1    1
  5  -5.40308e-01   3.32534e-06          0    a    1    0
  6  -2.31391e-01   5.66317e-06          0    a    1    0
  7  -2.31389e-01   3.30677e-06          0    a    1    0
  8  -2.31389e-01   3.30677e-06        584    a    1    0
  9  -7.60369e+01   1.57135e-08          0    b    1    1
 10  -6.30524e+00   2.01459e-07          0    b    1    1
 11  -4.55047e+00   2.86295e-06          0    b    1    0
 12  -4.55047e+00   3.65172e-07        584    b    1    1
 13  -4.55047e+00   3.65172e-07          0    b    1    1
 14  -4.50185e-01   1.45536e-05          0    b    1    0
------------------------------------------------------------
 Total error:                            1.69134e-05    0
============================================================


============================================================
                    Energy                 Update      Done 
------------------------------------------------------------
 Orbital      -1.937534228565913e+02     1.95347e-06    1
 Kinetic       3.392461104001562e+02     1.17110e-06    1
 N-E          -8.106767413258726e+02    -2.92525e-06    1
 Coulomb       1.532863334460367e+02     2.02058e-06    1
 Exchange      0.000000000000000e+00     0.00000e+00    1
 X-C          -2.186148283053959e+01    -1.88310e-07    1
------------------------------------------------------------
 Electronic   -3.400058081926848e+02    -6.35430e-09    1
 Nuclear       1.002729292014313e-14     0.00000e+00    1
------------------------------------------------------------
 Total        -3.400058081926848e+02    -6.35430e-09    1
============================================================


################ Wall time: 5.10862e+02 sec ################




####################### SCF cycle  7 #######################


============================================================
 Current precision                              1.00000e-07
------------------------------------------------------------
 Orbital threshold                              1.00000e-06
 Property threshold                            -1.00000e+00
============================================================


============================================================
                   Calculating SCF energy
------------------------------------------------------------
 Nuclear energy                       1.002729292014313e-14
 Electronic energy                   -3.400058081929602e+02
------------------------------------------------------------
 Total energy                        -3.400058081929602e+02
------------------------------------------------------------
                 Wall time: 2.75311e+01 sec 
============================================================


============================================================
                Rotating Helmholtz argument
------------------------------------------------------------
 Rotating orbitals                              2.22717e+00
------------------------------------------------------------
                 Wall time: 2.22726e+00 sec 
============================================================


============================================================
                Applying Helmholtz operators
------------------------------------------------------------
 Orb    RealNorm   Nodes     ImagNorm   Nodes     Timing
------------------------------------------------------------
  0    1.00000e+00   840    0.00000e+00     0   9.77421e+01
  4    1.00000e+00   584    0.00000e+00     0   7.11354e+01
  8    1.00000e+00   584    0.00000e+00     0   7.52389e+01
 12    1.00000e+00   584    0.00000e+00     0   6.85605e+01
------------------------------------------------------------
                 Wall time: 3.12678e+02 sec 
============================================================


============================================================
                 Lowdin orthonormalization
------------------------------------------------------------
 Computing Lowdin matrix                        5.44243e+01
 Rotating orbitals                              1.74947e+00
------------------------------------------------------------
                 Wall time: 5.61738e+01 sec 
============================================================


============================================================
               Iterative subspace accelerator
------------------------------------------------------------
 Push back orbitals                             3.40362e-01
 Setup linear system                            2.59618e+00
 Solve linear system                            9.35100e-06
 Expand solution                                2.69030e+00
------------------------------------------------------------
                 Wall time: 5.62697e+00 sec 
============================================================


============================================================
                 Lowdin orthonormalization
------------------------------------------------------------
 Computing Lowdin matrix                        1.30822e+00
 Rotating orbitals                              1.82296e+00
------------------------------------------------------------
                 Wall time: 3.13126e+00 sec 
============================================================


============================================================
                  Setting up Fock operator
------------------------------------------------------------
 Precision                                      1.00000e-07
------------------------------------------------------------
 Coulomb density                       904      2.63884e+00
 Coulomb potential                     584      6.90892e+01
 Allreduce potential                   520      7.53685e-01
 XC alpha density                      904      2.29740e+00
 XC beta density                       904      1.78177e+00
 XC evaluate xcfun                    2712      6.22115e+00
 XC energy                             904      1.68659e-04
 XC potential                         1808      9.76267e-02
------------------------------------------------------------
                 Wall time: 8.29044e+01 sec 
============================================================


============================================================
                  Calculating Fock matrix
------------------------------------------------------------
 Kinetic part                         9.058973764999999e+00
 Potential part                       2.663040395100000e+01
------------------------------------------------------------
                 Wall time: 3.56895e+01 sec 
============================================================


============================================================
                          Orbitals
------------------------------------------------------------
 Orb    F(i,i)        Error         nNodes  Spin  Occ  Done 
------------------------------------------------------------
  0  -7.60495e+01   3.07400e-08        840    a    1    1
  1  -6.31982e+00   3.57745e-07          0    a    1    1
  2  -4.56865e+00   1.85419e-07          0    a    1    1
  3  -4.56865e+00   1.25772e-07          0    a    1    1
  4  -4.56865e+00   1.25772e-07        584    a    1    1
  5  -5.40308e-01   9.68810e-07          0    a    1    1
  6  -2.31391e-01   3.04105e-06          0    a    1    0
  7  -2.31389e-01   1.89170e-06          0    a    1    0
  8  -2.31389e-01   1.89170e-06        584    a    1    0
  9  -7.60369e+01   1.36359e-08          0    b    1    1
 10  -6.30524e+00   5.35192e-08          0    b    1    1
 11  -4.55047e+00   9.22213e-07          0    b    1    1
 12  -4.55047e+00   1.46914e-07        584    b    1    1
 13  -4.55047e+00   1.46914e-07          0    b    1    1
 14  -4.50185e-01   6.26891e-06          0    b    1    0
------------------------------------------------------------
 Total error:                            7.59832e-06    0
============================================================


============================================================
                    Energy                 Update      Done 
------------------------------------------------------------
 Orbital      -1.937534240129906e+02    -1.15640e-06    1
 Kinetic       3.392461094367201e+02    -9.63436e-07    1
 N-E          -8.106767392513913e+02     2.07448e-06    1
 Coulomb       1.532863322632432e+02    -1.18279e-06    1
 Exchange      0.000000000000000e+00     0.00000e+00    1
 X-C          -2.186148274665584e+01     8.38838e-08    1
------------------------------------------------------------
 Electronic   -3.400058081929602e+02    -2.75463e-10    1
 Nuclear       1.002729292014313e-14     0.00000e+00    1
------------------------------------------------------------
 Total        -3.400058081929602e+02    -2.75463e-10    1
============================================================


################ Wall time: 5.27354e+02 sec ################




####################### SCF cycle  8 #######################


============================================================
 Current precision                              1.00000e-07
------------------------------------------------------------
 Orbital threshold                              1.00000e-06
 Property threshold                            -1.00000e+00
============================================================


============================================================
                   Calculating SCF energy
------------------------------------------------------------
 Nuclear energy                       1.002729292014313e-14
 Electronic energy                   -3.400058081930009e+02
------------------------------------------------------------
 Total energy                        -3.400058081930009e+02
------------------------------------------------------------
                 Wall time: 2.79094e+01 sec 
============================================================


============================================================
                Rotating Helmholtz argument
------------------------------------------------------------
 Rotating orbitals                              2.28635e+00
------------------------------------------------------------
                 Wall time: 2.28644e+00 sec 
============================================================


============================================================
                Applying Helmholtz operators
------------------------------------------------------------
 Orb    RealNorm   Nodes     ImagNorm   Nodes     Timing
------------------------------------------------------------
  0    1.00000e+00   840    0.00000e+00     0   1.00130e+02
  4    1.00000e+00   584    0.00000e+00     0   7.27804e+01
  8    1.00000e+00   584    0.00000e+00     0   8.20639e+01
 12    1.00000e+00   584    0.00000e+00     0   6.90636e+01
------------------------------------------------------------
                 Wall time: 3.24039e+02 sec 
============================================================


============================================================
                 Lowdin orthonormalization
------------------------------------------------------------
 Computing Lowdin matrix                        5.44390e+01
 Rotating orbitals                              1.79867e+00
------------------------------------------------------------
                 Wall time: 5.62381e+01 sec 
============================================================


============================================================
               Iterative subspace accelerator
------------------------------------------------------------
 Push back orbitals                             3.31595e-01
 Setup linear system                            2.54804e+00
 Solve linear system                            9.01600e-06
 Expand solution                                2.71729e+00
------------------------------------------------------------
                 Wall time: 5.59707e+00 sec 
============================================================


============================================================
                 Lowdin orthonormalization
------------------------------------------------------------
 Computing Lowdin matrix                        1.31642e+00
 Rotating orbitals                              1.74352e+00
------------------------------------------------------------
                 Wall time: 3.06003e+00 sec 
============================================================


============================================================
                  Setting up Fock operator
------------------------------------------------------------
 Precision                                      1.00000e-07
------------------------------------------------------------
 Coulomb density                       904      2.55894e+00
 Coulomb potential                     584      6.86583e+01
 Allreduce potential                   520      1.19700e+00
 XC alpha density                      904      2.27816e+00
 XC beta density                       904      1.76449e+00
 XC evaluate xcfun                    2712      5.76113e+00
 XC energy                             904      1.64437e-04
 XC potential                         1808      9.62220e-02
------------------------------------------------------------
                 Wall time: 8.23386e+01 sec 
============================================================


============================================================
                  Calculating Fock matrix
------------------------------------------------------------
 Kinetic part                         9.551267870000000e+00
 Potential part                       2.604934964700000e+01
------------------------------------------------------------
                 Wall time: 3.56007e+01 sec 
============================================================


============================================================
                          Orbitals
------------------------------------------------------------
 Orb    F(i,i)        Error         nNodes  Spin  Occ  Done 
------------------------------------------------------------
  0  -7.60495e+01   3.15357e-08        840    a    1    1
  1  -6.31982e+00   9.27149e-08          0    a    1    1
  2  -4.56865e+00   1.23362e-07          0    a    1    1
  3  -4.56865e+00   2.17500e-08          0    a    1    1
  4  -4.56865e+00   2.17500e-08        584    a    1    1
  5  -5.40308e-01   4.73609e-07          0    a    1    1
  6  -2.31391e-01   2.47290e-06          0    a    1    0
  7  -2.31389e-01   2.07550e-06          0    a    1    0
  8  -2.31389e-01   2.07550e-06        584    a    1    0
  9  -7.60369e+01   1.99359e-08          0    b    1    1
 10  -6.30524e+00   4.17313e-08          0    b    1    1
 11  -4.55047e+00   4.09658e-07          0    b    1    1
 12  -4.55047e+00   3.99993e-08        584    b    1    1
 13  -4.55047e+00   3.99992e-08          0    b    1    1
 14  -4.50185e-01   3.56893e-06          0    b    1    0
------------------------------------------------------------
 Total error:                            5.28120e-06    0
============================================================


============================================================
                    Energy                 Update      Done 
------------------------------------------------------------
 Orbital      -1.937534236475639e+02     3.65427e-07    1
 Kinetic       3.392461096447375e+02     2.08017e-07    1
 N-E          -8.106767398042803e+02    -5.52889e-07    1
 Coulomb       1.532863326383585e+02     3.75115e-07    1
 Exchange      0.000000000000000e+00     0.00000e+00    1
 X-C          -2.186148277649875e+01    -2.98429e-08    1
------------------------------------------------------------
 Electronic   -3.400058081930009e+02    -4.06999e-11    1
 Nuclear       1.002729292014313e-14     0.00000e+00    1
------------------------------------------------------------
 Total        -3.400058081930009e+02    -4.06999e-11    1
============================================================


################ Wall time: 5.38384e+02 sec ################




####################### SCF cycle  9 #######################


============================================================
 Current precision                              1.00000e-07
------------------------------------------------------------
 Orbital threshold                              1.00000e-06
 Property threshold                            -1.00000e+00
============================================================


============================================================
                   Calculating SCF energy
------------------------------------------------------------
 Nuclear energy                       1.002729292014313e-14
 Electronic energy                   -3.400058081930262e+02
------------------------------------------------------------
 Total energy                        -3.400058081930262e+02
------------------------------------------------------------
                 Wall time: 2.79488e+01 sec 
============================================================


============================================================
                Rotating Helmholtz argument
------------------------------------------------------------
 Rotating orbitals                              2.31716e+00
------------------------------------------------------------
                 Wall time: 2.31725e+00 sec 
============================================================


============================================================
                Applying Helmholtz operators
------------------------------------------------------------
 Orb    RealNorm   Nodes     ImagNorm   Nodes     Timing
------------------------------------------------------------
  0    1.00000e+00   840    0.00000e+00     0   1.01599e+02
  4    1.00000e+00   584    0.00000e+00     0   7.11369e+01
  8    1.00000e+00   584    0.00000e+00     0   7.52893e+01
 12    1.00000e+00   584    0.00000e+00     0   7.33024e+01
------------------------------------------------------------
                 Wall time: 3.21328e+02 sec 
============================================================


============================================================
                 Lowdin orthonormalization
------------------------------------------------------------
 Computing Lowdin matrix                        6.65251e+01
 Rotating orbitals                              1.73292e+00
------------------------------------------------------------
                 Wall time: 6.82581e+01 sec 
============================================================


============================================================
               Iterative subspace accelerator
------------------------------------------------------------
 Push back orbitals                             3.84150e-01
 Setup linear system                            2.57112e+00
 Solve linear system                            9.47700e-06
 Expand solution                                2.77445e+00
------------------------------------------------------------
                 Wall time: 5.72985e+00 sec 
============================================================


============================================================
                 Lowdin orthonormalization
------------------------------------------------------------
 Computing Lowdin matrix                        1.20360e+00
 Rotating orbitals                              1.67016e+00
------------------------------------------------------------
                 Wall time: 2.87384e+00 sec 
============================================================


============================================================
                  Setting up Fock operator
------------------------------------------------------------
 Precision                                      1.00000e-07
------------------------------------------------------------
 Coulomb density                       904      2.53441e+00
 Coulomb potential                     584      6.45613e+01
 Allreduce potential                   520      5.85498e+00
 XC alpha density                      904      2.27017e+00
 XC beta density                       904      1.69285e+00
 XC evaluate xcfun                    2712      5.94210e+00
 XC energy                             904      1.76080e-04
 XC potential                         1808      9.68097e-02
------------------------------------------------------------
                 Wall time: 8.29771e+01 sec 
============================================================


============================================================
                  Calculating Fock matrix
------------------------------------------------------------
 Kinetic part                         9.322281044000000e+00
 Potential part                       2.627256807700000e+01
------------------------------------------------------------
                 Wall time: 3.55950e+01 sec 
============================================================


============================================================
                          Orbitals
------------------------------------------------------------
 Orb    F(i,i)        Error         nNodes  Spin  Occ  Done 
------------------------------------------------------------
  0  -7.60495e+01   1.44560e-08        840    a    1    1
  1  -6.31982e+00   8.01651e-08          0    a    1    1
  2  -4.56865e+00   2.44516e-08          0    a    1    1
  3  -4.56865e+00   2.04749e-08          0    a    1    1
  4  -4.56865e+00   2.04749e-08        584    a    1    1
  5  -5.40308e-01   1.61528e-07          0    a    1    1
  6  -2.31391e-01   8.65803e-07          0    a    1    1
  7  -2.31389e-01   6.46779e-07          0    a    1    1
  8  -2.31389e-01   6.46779e-07        584    a    1    1
  9  -7.60369e+01   1.32149e-08          0    b    1    1
 10  -6.30524e+00   3.20775e-08          0    b    1    1
 11  -4.55047e+00   1.05124e-07          0    b    1    1
 12  -4.55047e+00   3.29306e-08        584    b    1    1
 13  -4.55047e+00   3.29306e-08          0    b    1    1
 14  -4.50185e-01   7.31712e-07          0    b    1    1
------------------------------------------------------------
 Total error:                            1.47318e-06    1
============================================================


============================================================
                    Energy                 Update      Done 
------------------------------------------------------------
 Orbital      -1.937534238107730e+02    -1.63209e-07    1
 Kinetic       3.392461094180647e+02    -2.26673e-07    1
 N-E          -8.106767394299899e+02     3.74290e-07    1
 Coulomb       1.532863324690673e+02    -1.69291e-07    1
 Exchange      0.000000000000000e+00     0.00000e+00    1
 X-C          -2.186148275755508e+01     1.89437e-08    1
------------------------------------------------------------
 Electronic   -3.400058081930262e+02    -2.52385e-11    1
 Nuclear       1.002729292014313e-14     0.00000e+00    1
------------------------------------------------------------
 Total        -3.400058081930262e+02    -2.52385e-11    1
============================================================


################ Wall time: 5.48077e+02 sec ################


============================================================
                      Convergence rate
------------------------------------------------------------
Iter    OrbError       Property                   Update  
------------------------------------------------------------
  1    4.64096e-03    -3.400057942485643e+02   -3.40006e+02
  2    1.11250e-03    -3.400058071302704e+02   -1.28817e-05
  3    5.31392e-04    -3.400058079909331e+02   -8.60663e-07
  4    1.09657e-04    -3.400058081613649e+02   -1.70432e-07
  5    6.59542e-05    -3.400058081863305e+02   -2.49656e-08
  6    1.69134e-05    -3.400058081926848e+02   -6.35430e-09
  7    7.59832e-06    -3.400058081929602e+02   -2.75463e-10
  8    5.28120e-06    -3.400058081930009e+02   -4.06999e-11
  9    1.47318e-06    -3.400058081930262e+02   -2.52385e-11
------------------------------------------------------------
                      SCF converged!!!                      
============================================================


============================================================
                  Digonalizing Fock matrix
------------------------------------------------------------
 Computing Lowdin matrix                        5.29961e-01
 Diagonalizing matrix                           2.72300e-05
 Rotating orbitals                              1.92271e+00
------------------------------------------------------------
                 Wall time: 2.45279e+00 sec 
============================================================


============================================================
                  Setting up Fock operator
------------------------------------------------------------
 Precision                                      1.00000e-07
------------------------------------------------------------
 Coulomb density                       904      2.25644e+00
 Coulomb potential                     584      5.78624e+01
 Allreduce potential                   520      1.57571e-01
 XC alpha density                      904      2.03425e+00
 XC beta density                       904      1.59456e+00
 XC evaluate xcfun                    2712      5.81462e+00
 XC energy                             904      1.69456e-04
 XC potential                         1808      8.76890e-02
------------------------------------------------------------
                 Wall time: 6.98300e+01 sec 
============================================================


============================================================
                   Calculating SCF energy
------------------------------------------------------------
------------------------------------------------------------
                 Wall time: 2.28513e+01 sec 
============================================================


============================================================
                 Calculating dipole moment
------------------------------------------------------------
------------------------------------------------------------
                 Wall time: 1.15569e+01 sec 
============================================================


============================================================
                        Fock matrix
------------------------------------------------------------
-7.60495e+01  0.00000e+00  0.00000e+00  0.00000e+00  0.00000e+00  0.00000e+00  0.00000e+00  0.00000e+00  0.00000e+00  0.00000e+00  0.00000e+00  0.00000e+00  0.00000e+00  0.00000e+00  0.00000e+00
 0.00000e+00 -6.31982e+00  0.00000e+00  0.00000e+00  0.00000e+00  0.00000e+00  0.00000e+00  0.00000e+00  0.00000e+00  0.00000e+00  0.00000e+00  0.00000e+00  0.00000e+00  0.00000e+00  0.00000e+00
 0.00000e+00  0.00000e+00 -4.56865e+00  0.00000e+00  0.00000e+00  0.00000e+00  0.00000e+00  0.00000e+00  0.00000e+00  0.00000e+00  0.00000e+00  0.00000e+00  0.00000e+00  0.00000e+00  0.00000e+00
 0.00000e+00  0.00000e+00  0.00000e+00 -4.56865e+00  0.00000e+00  0.00000e+00  0.00000e+00  0.00000e+00  0.00000e+00  0.00000e+00  0.00000e+00  0.00000e+00  0.00000e+00  0.00000e+00  0.00000e+00
 0.00000e+00  0.00000e+00  0.00000e+00  0.00000e+00 -4.56865e+00  0.00000e+00  0.00000e+00  0.00000e+00  0.00000e+00  0.00000e+00  0.00000e+00  0.00000e+00  0.00000e+00  0.00000e+00  0.00000e+00
 0.00000e+00  0.00000e+00  0.00000e+00  0.00000e+00  0.00000e+00 -5.40308e-01  0.00000e+00  0.00000e+00  0.00000e+00  0.00000e+00  0.00000e+00  0.00000e+00  0.00000e+00  0.00000e+00  0.00000e+00
 0.00000e+00  0.00000e+00  0.00000e+00  0.00000e+00  0.00000e+00  0.00000e+00 -2.31391e-01  0.00000e+00  0.00000e+00  0.00000e+00  0.00000e+00  0.00000e+00  0.00000e+00  0.00000e+00  0.00000e+00
 0.00000e+00  0.00000e+00  0.00000e+00  0.00000e+00  0.00000e+00  0.00000e+00  0.00000e+00 -2.31389e-01  0.00000e+00  0.00000e+00  0.00000e+00  0.00000e+00  0.00000e+00  0.00000e+00  0.00000e+00
 0.00000e+00  0.00000e+00  0.00000e+00  0.00000e+00  0.00000e+00  0.00000e+00  0.00000e+00  0.00000e+00 -2.31389e-01  0.00000e+00  0.00000e+00  0.00000e+00  0.00000e+00  0.00000e+00  0.00000e+00
 0.00000e+00  0.00000e+00  0.00000e+00  0.00000e+00  0.00000e+00  0.00000e+00  0.00000e+00  0.00000e+00  0.00000e+00 -7.60369e+01  0.00000e+00  0.00000e+00  0.00000e+00  0.00000e+00  0.00000e+00
 0.00000e+00  0.00000e+00  0.00000e+00  0.00000e+00  0.00000e+00  0.00000e+00  0.00000e+00  0.00000e+00  0.00000e+00  0.00000e+00 -6.30524e+00  0.00000e+00  0.00000e+00  0.00000e+00  0.00000e+00
 0.00000e+00  0.00000e+00  0.00000e+00  0.00000e+00  0.00000e+00  0.00000e+00  0.00000e+00  0.00000e+00  0.00000e+00  0.00000e+00  0.00000e+00 -4.55047e+00  0.00000e+00  0.00000e+00  0.00000e+00
 0.00000e+00  0.00000e+00  0.00000e+00  0.00000e+00  0.00000e+00  0.00000e+00  0.00000e+00  0.00000e+00  0.00000e+00  0.00000e+00  0.00000e+00  0.00000e+00 -4.55047e+00  0.00000e+00  0.00000e+00
 0.00000e+00  0.00000e+00  0.00000e+00  0.00000e+00  0.00000e+00  0.00000e+00  0.00000e+00  0.00000e+00  0.00000e+00  0.00000e+00  0.00000e+00  0.00000e+00  0.00000e+00 -4.55047e+00  0.00000e+00
 0.00000e+00  0.00000e+00  0.00000e+00  0.00000e+00  0.00000e+00  0.00000e+00  0.00000e+00  0.00000e+00  0.00000e+00  0.00000e+00  0.00000e+00  0.00000e+00  0.00000e+00  0.00000e+00 -4.50185e-01
============================================================


============================================================
                      Orbital energies
------------------------------------------------------------
    n  spin  occ                            epsilon  
------------------------------------------------------------
    0    a    1                      -7.604946223799446e+01
    1    a    1                      -7.603685848642621e+01
    2    a    1                      -6.319819175669131e+00
    3    a    1                      -6.305244088924104e+00
    4    a    1                      -4.568653383028455e+00
    5    a    1                      -4.568653061763372e+00
    6    a    1                      -4.568653061549243e+00
    7    a    1                      -4.550473168348977e+00
    8    a    1                      -4.550472487556041e+00
    9    b    1                      -4.550472487342029e+00
   10    b    1                      -5.403083250431546e-01
   11    b    1                      -4.501850581427991e-01
   12    b    1                      -2.313912475458189e-01
   13    b    1                      -2.313887094776624e-01
   14    b    1                      -2.313887094644745e-01
============================================================


============================================================
                          Molecule
------------------------------------------------------------
 Nr  Element             x             y             z      
------------------------------------------------------------
  1     P           0.00000e+00   0.00000e+00   0.00000e+00
------------------------------------------------------------
 Center of mass:    0.00000e+00   0.00000e+00   0.00000e+00
============================================================


                                                            
============================================================
                         SCF Energy                         
------------------------------------------------------------
                                                            
 Sum orbital energy:                 -1.937534236882760e+02
 Kinetic energy:                      3.392461095431012e+02
 E-N energy:                         -8.106767396706006e+02
 Coulomb energy:                      1.532863325955720e+02
 Exchange energy:                     0.000000000000000e+00
 X-C energy:                         -2.186148276966424e+01
 El. external field energy:          -2.789152037922334e-05
 Nuc. external field energy:          1.002729292014313e-14
                                                            
------------------------------------------------------------
                                                            
 Electronic energy:                  -3.400058081931121e+02
 Nuclear energy:                      1.002729292014313e-14
                                                            
------------------------------------------------------------
                                                            
 Total energy       (au)             -3.400058081931121e+02
                    (kJ/mol)         -8.926851202088087e+05
                    (kcal/mol)       -2.133568641561756e+05
                    (eV)             -9.252028965979218e+03
                                                            
============================================================
                                                            

                                                            
============================================================
                         Dipole moment                      
------------------------------------------------------------
                                                            
 Length of vector:   (au)                  2.7891520369e-02
                     (Debye)               7.0893166777e-02
                                                            
-------------------------- Total ---------------------------
                                                            
 [-9.5476415261e-12,  2.7891520369e-02, -9.5763024384e-12] 
                                                            
------------------------- Nuclear --------------------------
                                                            
 [-9.5617092328e-12, -1.0027292920e-11, -9.6137272541e-12] 
                                                            
------------------------ Electronic ------------------------
                                                            
 [1.4067706724e-14, 2.7891520379e-02, 3.7424815669e-14] 
                                                            
============================================================
                                                            



************************************************************
***                                                      ***
***                    Exiting MRChem                    ***
***                                                      ***
***               Wall time: 4.727522e+03                ***
***                                                      ***
************************************************************


