


************************************************************
***     __  __ ____   ____ _                             ***
***    |  \/  |  _ \ / ___| |__   ___ _ __ ___           ***
***    | |\/| | |_) | |   | '_ \ / _ \ '_ ` _ \          ***
***    | |  | |  _ <| |___| | | |  __/ | | | | |         ***
***    |_|  |_|_| \_\\____|_| |_|\___|_| |_| |_|         ***
***                                                      ***
***    VERSION 0.0.1 (rev. 1c6f79f)                     ***
***                                                      ***
***    Stig Rune Jensen <stig.r.jensen@uit.no>           ***
***    Luca Frediani    <luca.frediani@uit.no>           ***
***    Peter Wind       <peter.wind@uit.no>              ***
***                                                      ***
************************************************************


+++ Parallel execution: 
  MPI hosts available     : 4
  Threads/host            : 2
  Total used CPUs         : 8


------------------------------------------------------------

 MRCPP version   : X.Y.Z
 Git revision    : bbc2aed

 Linear algebra  : EIGEN
 Parallelization : MPI/OpenMP

------------------------------------------------------------




============================================================
                  MultiResolution Analysis                  
------------------------------------------------------------
 polynomial order = 11
 polynomial type  = Interpolating
------------------------------------------------------------
 total boxes      = 8
 boxes            = [           2           2           2 ]
 unit lengths     = [    32.00000    32.00000    32.00000 ]
 scaling factor   = [     1.00000     1.00000     1.00000 ]
 lower bounds     = [   -32.00000   -32.00000   -32.00000 ]
 upper bounds     = [    32.00000    32.00000    32.00000 ]
 total length     = [    64.00000    64.00000    64.00000 ]
============================================================


============================================================
                          Molecule
------------------------------------------------------------
 Nr  Element             x             y             z      
------------------------------------------------------------
  1     Si          0.00000e+00   0.00000e+00  -1.86025e+00
  2     Cl          0.00000e+00   0.00000e+00   2.01464e+00
  3     H           0.00000e+00   2.64637e+00  -2.73519e+00
  4     H           2.29186e+00  -1.32319e+00  -2.73519e+00
  5     H          -2.29186e+00  -1.32319e+00  -2.73519e+00
------------------------------------------------------------
 Center of mass:    0.00000e+00   0.00000e+00   1.63872e-01
============================================================


============================================================
                Setting up nuclear potential
------------------------------------------------------------
 Nr  Element         Charge        Precision     Smoothing 
------------------------------------------------------------
  1     Si          1.40000e+01   1.00000e-07   9.31715e-06
  2     Cl          1.70000e+01   1.00000e-07   6.74137e-06
  3     H           1.00000e+00   1.00000e-07   7.57698e-04
  4     H           1.00000e+00   1.00000e-07   7.57698e-04
  5     H           1.00000e+00   1.00000e-07   7.57698e-04
------------------------------------------------------------
 Nuclear potential                    2056      3.26710e+00
 Allreduce potential                  4088      1.84404e+00
------------------------------------------------------------
                 Wall time: 5.11127e+00 sec 
============================================================


============================================================
 OrbitalVector:  17 orbitals    17 occupied    34 electrons
------------------------------------------------------------
   n  RankID           Norm          Spin Occ      Error    
------------------------------------------------------------
   0     0       1.000000000000e+00    p   2    1.00000e+00
   1     1      -1.000000000000e+00    p   2    1.00000e+00
   2     2      -1.000000000000e+00    p   2    1.00000e+00
   3     3      -1.000000000000e+00    p   2    1.00000e+00
   4     0       1.000000000000e+00    p   2    1.00000e+00
   5     1      -1.000000000000e+00    p   2    1.00000e+00
   6     2      -1.000000000000e+00    p   2    1.00000e+00
   7     3      -1.000000000000e+00    p   2    1.00000e+00
   8     0       1.000000000000e+00    p   2    1.00000e+00
   9     1      -1.000000000000e+00    p   2    1.00000e+00
  10     2      -1.000000000000e+00    p   2    1.00000e+00
  11     3      -1.000000000000e+00    p   2    1.00000e+00
  12     0       1.000000000000e+00    p   2    1.00000e+00
  13     1      -1.000000000000e+00    p   2    1.00000e+00
  14     2      -1.000000000000e+00    p   2    1.00000e+00
  15     3      -1.000000000000e+00    p   2    1.00000e+00
  16     0       1.000000000000e+00    p   2    1.00000e+00
============================================================


============================================================
                  Setting up Fock operator
------------------------------------------------------------
 Precision                                      1.00000e-07
------------------------------------------------------------
 Coulomb density                      1896      6.62857e+00
 Coulomb potential                     872      1.00748e+02
 Allreduce potential                   952      5.80997e+00
 XC total density                     2360      7.80783e+00
 XC evaluate xcfun                   11800      4.20009e+01
 XC energy                            2360      1.70974e-04
 XC potential                         2360      1.37377e+00
------------------------------------------------------------
                 Wall time: 1.65397e+02 sec 
============================================================


============================================================
                  Calculating Fock matrix
------------------------------------------------------------
 Kinetic part                         2.406923906700000e+01
 Potential part                       7.594194438000000e+01
------------------------------------------------------------
                 Wall time: 1.00012e+02 sec 
============================================================




####################### SCF cycle  1 #######################


============================================================
 Current precision                              1.00000e-07
------------------------------------------------------------
 Orbital threshold                              1.00000e-06
 Property threshold                            -1.00000e+00
============================================================


============================================================
                  Digonalizing Fock matrix
------------------------------------------------------------
 Computing Lowdin matrix                        1.69979e+00
 Diagonalizing matrix                           6.32250e-05
 Rotating orbitals                              6.30281e+00
------------------------------------------------------------
                 Wall time: 8.00287e+00 sec 
============================================================


============================================================
                   Calculating SCF energy
------------------------------------------------------------
 Nuclear energy                       8.652382372376826e+01
 Electronic energy                   -8.377606626354993e+02
------------------------------------------------------------
 Total energy                        -7.512368389117311e+02
------------------------------------------------------------
                 Wall time: 5.66684e+01 sec 
============================================================


============================================================
                Rotating Helmholtz argument
------------------------------------------------------------
 Rotating orbitals                              1.63713e+00
------------------------------------------------------------
                 Wall time: 1.63723e+00 sec 
============================================================


============================================================
                Applying Helmholtz operators
------------------------------------------------------------
 Orb    RealNorm   Nodes     ImagNorm   Nodes     Timing
------------------------------------------------------------
  0    1.00000e+00   872    0.00000e+00     0   8.94565e+01
  4    1.00000e+00   680    0.00000e+00     0   7.69350e+01
  8    1.00000e+00   800    0.00000e+00     0   8.86951e+01
 12    1.00001e+00  1464    0.00000e+00     0   1.82272e+02
 16    9.99986e-01  1240    0.00000e+00     0   1.60072e+02
------------------------------------------------------------
                 Wall time: 5.97483e+02 sec 
============================================================


============================================================
                 Lowdin orthonormalization
------------------------------------------------------------
 Computing Lowdin matrix                        1.17800e+00
 Rotating orbitals                              7.82708e+00
------------------------------------------------------------
                 Wall time: 9.00516e+00 sec 
============================================================


============================================================
               Iterative subspace accelerator
------------------------------------------------------------
 Push back orbitals                             4.67800e-05
 Copy orbitals                                  2.74976e-01
 Copy orbital updates                           2.73025e-01
------------------------------------------------------------
                 Wall time: 5.48428e-01 sec 
============================================================


============================================================
                 Lowdin orthonormalization
------------------------------------------------------------
 Computing Lowdin matrix                        1.29758e+00
 Rotating orbitals                              4.33266e+00
------------------------------------------------------------
                 Wall time: 5.63034e+00 sec 
============================================================


============================================================
                  Setting up Fock operator
------------------------------------------------------------
 Precision                                      1.00000e-07
------------------------------------------------------------
 Coulomb density                      1768      5.23688e+00
 Coulomb potential                     920      1.13242e+02
 Allreduce potential                   952      3.36213e-01
 XC total density                     2296      6.33952e+00
 XC evaluate xcfun                   11480      4.13412e+01
 XC energy                            2296      1.83341e-04
 XC potential                         2296      1.41015e+00
------------------------------------------------------------
                 Wall time: 1.68874e+02 sec 
============================================================


============================================================
                  Calculating Fock matrix
------------------------------------------------------------
 Kinetic part                         1.951313562300000e+01
 Potential part                       6.196676964200000e+01
------------------------------------------------------------
                 Wall time: 8.14809e+01 sec 
============================================================


============================================================
                          Orbitals
------------------------------------------------------------
 Orb    F(i,i)        Error         nNodes  Spin  Occ  Done 
------------------------------------------------------------
  0  -1.00659e+02   1.05529e-06        712    p    2    0
  1  -6.54294e+01   6.75211e-06          0    p    2    0
  2  -9.17575e+00   7.02061e-06          0    p    2    0
  3  -6.99599e+00   1.32881e-05          0    p    2    0
  4  -6.99003e+00   1.29393e-05        616    p    2    0
  5  -6.99003e+00   1.72718e-05          0    p    2    0
  6  -5.08258e+00   8.40108e-05          0    p    2    0
  7  -3.49475e+00   3.96440e-05          0    p    2    0
  8  -3.49107e+00   5.29621e-05        800    p    2    0
  9  -3.49103e+00   5.79169e-05          0    p    2    0
 10  -7.59049e-01   2.60745e-04          0    p    2    0
 11  -5.00306e-01   4.34930e-04          0    p    2    0
 12  -3.57729e-01   9.98081e-04       1464    p    2    0
 13  -3.46297e-01   1.76354e-03          0    p    2    0
 14  -3.45548e-01   1.78393e-03          0    p    2    0
 15  -2.83121e-01   1.58908e-03          0    p    2    0
 16  -2.82731e-01   1.59927e-03       1240    p    2    0
------------------------------------------------------------
 Total error:                            3.55586e-03    0
============================================================


============================================================
                    Energy                 Update      Done 
------------------------------------------------------------
 Orbital      -4.293482938815079e+02    -4.29348e+02    1
 Kinetic       7.502173687043511e+02     7.50217e+02    1
 N-E          -1.961039915424083e+03    -1.96104e+03    1
 Coulomb       4.230042836478505e+02     4.23004e+02    1
 Exchange      0.000000000000000e+00     0.00000e+00    1
 X-C          -4.994239956367007e+01    -4.99424e+01    1
------------------------------------------------------------
 Electronic   -8.377606626354993e+02    -8.37761e+02    1
 Nuclear       8.652382372376826e+01     8.65238e+01    1
------------------------------------------------------------
 Total        -7.512368389117311e+02    -7.51237e+02    1
============================================================


################ Wall time: 9.29957e+02 sec ################




####################### SCF cycle  2 #######################


============================================================
 Current precision                              1.00000e-07
------------------------------------------------------------
 Orbital threshold                              1.00000e-06
 Property threshold                            -1.00000e+00
============================================================


============================================================
                  Digonalizing Fock matrix
------------------------------------------------------------
 Computing Lowdin matrix                        1.24042e+00
 Diagonalizing matrix                           6.66580e-05
 Rotating orbitals                              6.61727e+00
------------------------------------------------------------
                 Wall time: 7.85796e+00 sec 
============================================================


============================================================
                   Calculating SCF energy
------------------------------------------------------------
 Nuclear energy                       8.652382372376826e+01
 Electronic energy                   -8.377606815261386e+02
------------------------------------------------------------
 Total energy                        -7.512368578023703e+02
------------------------------------------------------------
                 Wall time: 5.71818e+01 sec 
============================================================


============================================================
                Rotating Helmholtz argument
------------------------------------------------------------
 Rotating orbitals                              1.62607e+00
------------------------------------------------------------
                 Wall time: 1.62616e+00 sec 
============================================================


============================================================
                Applying Helmholtz operators
------------------------------------------------------------
 Orb    RealNorm   Nodes     ImagNorm   Nodes     Timing
------------------------------------------------------------
  0    1.00000e+00   872    0.00000e+00     0   8.84786e+01
  4    1.00000e+00   680    0.00000e+00     0   7.40363e+01
  8    1.00000e+00   800    0.00000e+00     0   8.70526e+01
 12    1.00000e+00  1464    0.00000e+00     0   1.80031e+02
 16    9.99982e-01  1240    0.00000e+00     0   1.52845e+02
------------------------------------------------------------
                 Wall time: 5.82460e+02 sec 
============================================================


============================================================
                 Lowdin orthonormalization
------------------------------------------------------------
 Computing Lowdin matrix                        1.25370e+00
 Rotating orbitals                              7.82073e+00
------------------------------------------------------------
                 Wall time: 9.07450e+00 sec 
============================================================


============================================================
               Iterative subspace accelerator
------------------------------------------------------------
 Push back orbitals                             4.65150e-05
 Copy orbitals                                  2.74165e-01
 Copy orbital updates                           2.64471e-01
------------------------------------------------------------
                 Wall time: 5.39068e-01 sec 
============================================================


============================================================
                 Lowdin orthonormalization
------------------------------------------------------------
 Computing Lowdin matrix                        1.37651e+00
 Rotating orbitals                              4.20135e+00
------------------------------------------------------------
                 Wall time: 5.57805e+00 sec 
============================================================


============================================================
                  Setting up Fock operator
------------------------------------------------------------
 Precision                                      1.00000e-07
------------------------------------------------------------
 Coulomb density                      1752      5.30178e+00
 Coulomb potential                     920      1.08660e+02
 Allreduce potential                   952      1.21437e+00
 XC total density                     2296      6.19565e+00
 XC evaluate xcfun                   11480      4.11742e+01
 XC energy                            2296      1.84280e-04
 XC potential                         2296      1.38349e+00
------------------------------------------------------------
                 Wall time: 1.64876e+02 sec 
============================================================


============================================================
                  Calculating Fock matrix
------------------------------------------------------------
 Kinetic part                         1.930945745200000e+01
 Potential part                       5.949240346100000e+01
------------------------------------------------------------
                 Wall time: 7.88028e+01 sec 
============================================================


============================================================
                          Orbitals
------------------------------------------------------------
 Orb    F(i,i)        Error         nNodes  Spin  Occ  Done 
------------------------------------------------------------
  0  -1.00659e+02   1.95687e-07        712    p    2    1
  1  -6.54294e+01   2.43086e-06          0    p    2    0
  2  -9.17575e+00   4.42434e-06          0    p    2    0
  3  -6.99600e+00   6.97368e-06          0    p    2    0
  4  -6.99004e+00   7.93324e-06        616    p    2    0
  5  -6.99004e+00   7.26033e-06          0    p    2    0
  6  -5.08258e+00   3.91025e-05          0    p    2    0
  7  -3.49475e+00   1.30666e-05          0    p    2    0
  8  -3.49108e+00   2.26055e-05        800    p    2    0
  9  -3.49103e+00   2.25375e-05          0    p    2    0
 10  -7.59053e-01   1.30062e-04          0    p    2    0
 11  -5.00310e-01   1.60030e-04          0    p    2    0
 12  -3.57734e-01   1.39319e-04       1464    p    2    0
 13  -3.46268e-01   3.11173e-04          0    p    2    0
 14  -3.45582e-01   3.11507e-04          0    p    2    0
 15  -2.83106e-01   2.80980e-04          0    p    2    0
 16  -2.82751e-01   2.80489e-04       1240    p    2    0
------------------------------------------------------------
 Total error:                            6.45239e-04    0
============================================================


============================================================
                    Energy                 Update      Done 
------------------------------------------------------------
 Orbital      -4.293483610516917e+02    -6.71702e-05    1
 Kinetic       7.502173667298199e+02    -1.97453e-06    1
 N-E          -1.961039852329113e+03     6.30950e-05    1
 Coulomb       4.230042346542922e+02    -4.89936e-05    1
 Exchange      0.000000000000000e+00     0.00000e+00    1
 X-C          -4.994239684064325e+01     2.72303e-06    1
------------------------------------------------------------
 Electronic   -8.377606815261386e+02    -1.88906e-05    1
 Nuclear       8.652382372376826e+01     0.00000e+00    1
------------------------------------------------------------
 Total        -7.512368578023703e+02    -1.88906e-05    1
============================================================


################ Wall time: 9.08637e+02 sec ################




####################### SCF cycle  3 #######################


============================================================
 Current precision                              1.00000e-07
------------------------------------------------------------
 Orbital threshold                              1.00000e-06
 Property threshold                            -1.00000e+00
============================================================


============================================================
                   Calculating SCF energy
------------------------------------------------------------
 Nuclear energy                       8.652382372376826e+01
 Electronic energy                   -8.377606825609364e+02
------------------------------------------------------------
 Total energy                        -7.512368588371681e+02
------------------------------------------------------------
                 Wall time: 6.32092e+01 sec 
============================================================


============================================================
                Rotating Helmholtz argument
------------------------------------------------------------
 Rotating orbitals                              8.01694e+00
------------------------------------------------------------
                 Wall time: 8.01714e+00 sec 
============================================================


============================================================
                Applying Helmholtz operators
------------------------------------------------------------
 Orb    RealNorm   Nodes     ImagNorm   Nodes     Timing
------------------------------------------------------------
  0    1.00000e+00   872    0.00000e+00     0   9.14128e+01
  4    1.00000e+00   680    0.00000e+00     0   7.65103e+01
  8    1.00000e+00   800    0.00000e+00     0   8.63412e+01
 12    1.00000e+00  1464    0.00000e+00     0   1.76571e+02
 16    9.99990e-01  1240    0.00000e+00     0   1.54970e+02
------------------------------------------------------------
                 Wall time: 5.85862e+02 sec 
============================================================


============================================================
                 Lowdin orthonormalization
------------------------------------------------------------
 Computing Lowdin matrix                        1.14601e+00
 Rotating orbitals                              7.98076e+00
------------------------------------------------------------
                 Wall time: 9.12686e+00 sec 
============================================================


============================================================
               Iterative subspace accelerator
------------------------------------------------------------
 Push back orbitals                             4.89340e-05
 Setup linear system                            7.37040e-01
 Solve linear system                            8.91900e-06
 Expand solution                                3.02593e+00
------------------------------------------------------------
                 Wall time: 3.76320e+00 sec 
============================================================


============================================================
                 Lowdin orthonormalization
------------------------------------------------------------
 Computing Lowdin matrix                        2.92297e+00
 Rotating orbitals                              7.53358e+00
------------------------------------------------------------
                 Wall time: 1.04568e+01 sec 
============================================================


============================================================
                  Setting up Fock operator
------------------------------------------------------------
 Precision                                      1.00000e-07
------------------------------------------------------------
 Coulomb density                      1752      5.15425e+00
 Coulomb potential                     920      1.06764e+02
 Allreduce potential                   952      7.14285e+00
 XC total density                     2296      6.28244e+00
 XC evaluate xcfun                   11480      4.07373e+01
 XC energy                            2296      1.69850e-04
 XC potential                         2296      1.39759e+00
------------------------------------------------------------
                 Wall time: 1.68406e+02 sec 
============================================================


============================================================
                  Calculating Fock matrix
------------------------------------------------------------
 Kinetic part                         1.962413272600000e+01
 Potential part                       6.275353934000000e+01
------------------------------------------------------------
                 Wall time: 8.23786e+01 sec 
============================================================


============================================================
                          Orbitals
------------------------------------------------------------
 Orb    F(i,i)        Error         nNodes  Spin  Occ  Done 
------------------------------------------------------------
  0  -1.00659e+02   1.58277e-07        712    p    2    1
  1  -6.54294e+01   1.94086e-06          0    p    2    0
  2  -9.17575e+00   2.67442e-06          0    p    2    0
  3  -6.99599e+00   5.02592e-06          0    p    2    0
  4  -6.99003e+00   3.59570e-06        616    p    2    0
  5  -6.99003e+00   3.31585e-06          0    p    2    0
  6  -5.08258e+00   3.61799e-05          0    p    2    0
  7  -3.49475e+00   1.03202e-05          0    p    2    0
  8  -3.49109e+00   2.01770e-05        800    p    2    0
  9  -3.49103e+00   2.01988e-05          0    p    2    0
 10  -7.59052e-01   3.25510e-05          0    p    2    0
 11  -5.00310e-01   6.98065e-05          0    p    2    0
 12  -3.57732e-01   8.05386e-05       1464    p    2    0
 13  -3.46241e-01   1.83981e-04          0    p    2    0
 14  -3.45611e-01   1.84803e-04          0    p    2    0
 15  -2.83091e-01   1.72595e-04          0    p    2    0
 16  -2.82766e-01   1.72653e-04       1240    p    2    0
------------------------------------------------------------
 Total error:                            3.77238e-04    0
============================================================


============================================================
                    Energy                 Update      Done 
------------------------------------------------------------
 Orbital      -4.293485197281382e+02    -1.58676e-04    1
 Kinetic       7.502173259102494e+02    -4.08196e-05    1
 N-E          -1.961039658257178e+03     1.94072e-04    1
 Coulomb       4.230040736868897e+02    -1.60967e-04    1
 Exchange      0.000000000000000e+00     0.00000e+00    1
 X-C          -4.994238613407143e+01     1.07066e-05    1
------------------------------------------------------------
 Electronic   -8.377606825609364e+02    -1.03480e-06    1
 Nuclear       8.652382372376826e+01     0.00000e+00    1
------------------------------------------------------------
 Total        -7.512368588371681e+02    -1.03480e-06    1
============================================================


################ Wall time: 9.32506e+02 sec ################




####################### SCF cycle  4 #######################


============================================================
 Current precision                              1.00000e-07
------------------------------------------------------------
 Orbital threshold                              1.00000e-06
 Property threshold                            -1.00000e+00
============================================================


============================================================
                   Calculating SCF energy
------------------------------------------------------------
 Nuclear energy                       8.652382372376826e+01
 Electronic energy                   -8.377606828688539e+02
------------------------------------------------------------
 Total energy                        -7.512368591450856e+02
------------------------------------------------------------
                 Wall time: 6.74716e+01 sec 
============================================================


============================================================
                Rotating Helmholtz argument
------------------------------------------------------------
 Rotating orbitals                              8.14279e+00
------------------------------------------------------------
                 Wall time: 8.14300e+00 sec 
============================================================


============================================================
                Applying Helmholtz operators
------------------------------------------------------------
 Orb    RealNorm   Nodes     ImagNorm   Nodes     Timing
------------------------------------------------------------
  0    1.00000e+00   872    0.00000e+00     0   9.40749e+01
  4    1.00000e+00   680    0.00000e+00     0   8.18997e+01
  8    1.00000e+00   800    0.00000e+00     0   9.10368e+01
 12    1.00000e+00  1464    0.00000e+00     0   1.82971e+02
 16    9.99997e-01  1240    0.00000e+00     0   1.55463e+02
------------------------------------------------------------
                 Wall time: 6.05510e+02 sec 
============================================================


============================================================
                 Lowdin orthonormalization
------------------------------------------------------------
 Computing Lowdin matrix                        1.15798e+00
 Rotating orbitals                              7.49921e+00
------------------------------------------------------------
                 Wall time: 8.65739e+00 sec 
============================================================


============================================================
               Iterative subspace accelerator
------------------------------------------------------------
 Push back orbitals                             6.63963e-02
 Setup linear system                            2.25994e+00
 Solve linear system                            7.74700e-06
 Expand solution                                4.76582e+00
------------------------------------------------------------
                 Wall time: 7.09228e+00 sec 
============================================================


============================================================
                 Lowdin orthonormalization
------------------------------------------------------------
 Computing Lowdin matrix                        3.35903e+00
 Rotating orbitals                              7.89189e+00
------------------------------------------------------------
                 Wall time: 1.12511e+01 sec 
============================================================


============================================================
                  Setting up Fock operator
------------------------------------------------------------
 Precision                                      1.00000e-07
------------------------------------------------------------
 Coulomb density                      1752      5.04612e+00
 Coulomb potential                     920      1.04533e+02
 Allreduce potential                   952      1.46480e+00
 XC total density                     2296      5.98854e+00
 XC evaluate xcfun                   11480      4.05788e+01
 XC energy                            2296      1.68833e-04
 XC potential                         2296      1.39435e+00
------------------------------------------------------------
                 Wall time: 1.59921e+02 sec 
============================================================


============================================================
                  Calculating Fock matrix
------------------------------------------------------------
 Kinetic part                         1.924899562400000e+01
 Potential part                       5.807164183800000e+01
------------------------------------------------------------
                 Wall time: 7.73216e+01 sec 
============================================================


============================================================
                          Orbitals
------------------------------------------------------------
 Orb    F(i,i)        Error         nNodes  Spin  Occ  Done 
------------------------------------------------------------
  0  -1.00659e+02   8.16182e-08        712    p    2    1
  1  -6.54294e+01   8.69347e-07          0    p    2    1
  2  -9.17575e+00   1.78370e-06          0    p    2    0
  3  -6.99600e+00   4.24479e-06          0    p    2    0
  4  -6.99004e+00   2.03700e-06        624    p    2    0
  5  -6.99004e+00   1.95654e-06          0    p    2    0
  6  -5.08258e+00   2.06131e-05          0    p    2    0
  7  -3.49475e+00   5.88136e-06          0    p    2    0
  8  -3.49109e+00   1.19703e-05        800    p    2    0
  9  -3.49103e+00   1.19279e-05          0    p    2    0
 10  -7.59054e-01   5.51059e-06          0    p    2    0
 11  -5.00310e-01   1.55844e-05          0    p    2    0
 12  -3.57732e-01   3.16018e-05       1464    p    2    0
 13  -3.46230e-01   7.11907e-05          0    p    2    0
 14  -3.45623e-01   7.14685e-05          0    p    2    0
 15  -2.83086e-01   8.05540e-05          0    p    2    0
 16  -2.82773e-01   8.06446e-05       1240    p    2    0
------------------------------------------------------------
 Total error:                            1.58793e-04    0
============================================================


============================================================
                    Energy                 Update      Done 
------------------------------------------------------------
 Orbital      -4.293484901873620e+02     2.95408e-05    1
 Kinetic       7.502173632186339e+02     3.73084e-05    1
 N-E          -1.961039722300834e+03    -6.40437e-05    1
 Coulomb       4.230041040950423e+02     3.04082e-05    1
 Exchange      0.000000000000000e+00     0.00000e+00    1
 X-C          -4.994238786259704e+01    -1.72853e-06    1
------------------------------------------------------------
 Electronic   -8.377606828688539e+02    -3.07918e-07    1
 Nuclear       8.652382372376826e+01     0.00000e+00    1
------------------------------------------------------------
 Total        -7.512368591450856e+02    -3.07918e-07    1
============================================================


################ Wall time: 9.46962e+02 sec ################




####################### SCF cycle  5 #######################


============================================================
 Current precision                              1.00000e-07
------------------------------------------------------------
 Orbital threshold                              1.00000e-06
 Property threshold                            -1.00000e+00
============================================================


============================================================
                   Calculating SCF energy
------------------------------------------------------------
 Nuclear energy                       8.652382372376826e+01
 Electronic energy                   -8.377606829265731e+02
------------------------------------------------------------
 Total energy                        -7.512368592028048e+02
------------------------------------------------------------
                 Wall time: 6.21383e+01 sec 
============================================================


============================================================
                Rotating Helmholtz argument
------------------------------------------------------------
 Rotating orbitals                              8.01037e+00
------------------------------------------------------------
                 Wall time: 8.01057e+00 sec 
============================================================


============================================================
                Applying Helmholtz operators
------------------------------------------------------------
 Orb    RealNorm   Nodes     ImagNorm   Nodes     Timing
------------------------------------------------------------
  0    1.00000e+00   872    0.00000e+00     0   9.63852e+01
  4    1.00000e+00   680    0.00000e+00     0   7.91762e+01
  8    1.00000e+00   800    0.00000e+00     0   8.96271e+01
 12    1.00000e+00  1464    0.00000e+00     0   1.78904e+02
 16    9.99999e-01  1240    0.00000e+00     0   1.55725e+02
------------------------------------------------------------
                 Wall time: 5.99877e+02 sec 
============================================================


============================================================
                 Lowdin orthonormalization
------------------------------------------------------------
 Computing Lowdin matrix                        1.16200e+00
 Rotating orbitals                              7.57270e+00
------------------------------------------------------------
                 Wall time: 8.73478e+00 sec 
============================================================


============================================================
               Iterative subspace accelerator
------------------------------------------------------------
 Push back orbitals                             6.50345e-02
 Setup linear system                            4.45463e+00
 Solve linear system                            5.42700e-06
 Expand solution                                6.72709e+00
------------------------------------------------------------
                 Wall time: 1.12469e+01 sec 
============================================================


============================================================
                 Lowdin orthonormalization
------------------------------------------------------------
 Computing Lowdin matrix                        3.69560e+00
 Rotating orbitals                              8.13061e+00
------------------------------------------------------------
                 Wall time: 1.18264e+01 sec 
============================================================


============================================================
                  Setting up Fock operator
------------------------------------------------------------
 Precision                                      1.00000e-07
------------------------------------------------------------
 Coulomb density                      1752      5.06598e+00
 Coulomb potential                     920      1.05150e+02
 Allreduce potential                   952      3.26415e-01
 XC total density                     2296      5.91414e+00
 XC evaluate xcfun                   11480      4.05546e+01
 XC energy                            2296      1.72401e-04
 XC potential                         2296      1.38036e+00
------------------------------------------------------------
                 Wall time: 1.59307e+02 sec 
============================================================


============================================================
                  Calculating Fock matrix
------------------------------------------------------------
 Kinetic part                         1.842805516600000e+01
 Potential part                       5.752455199900000e+01
------------------------------------------------------------
                 Wall time: 7.59536e+01 sec 
============================================================


============================================================
                          Orbitals
------------------------------------------------------------
 Orb    F(i,i)        Error         nNodes  Spin  Occ  Done 
------------------------------------------------------------
  0  -1.00659e+02   3.24496e-08        712    p    2    1
  1  -6.54294e+01   2.00855e-07          0    p    2    1
  2  -9.17575e+00   6.54195e-07          0    p    2    1
  3  -6.99599e+00   2.10343e-06          0    p    2    0
  4  -6.99003e+00   6.83238e-07        632    p    2    1
  5  -6.99004e+00   6.61215e-07          0    p    2    1
  6  -5.08258e+00   5.04588e-06          0    p    2    0
  7  -3.49475e+00   2.64637e-06          0    p    2    0
  8  -3.49109e+00   2.92247e-06        800    p    2    0
  9  -3.49102e+00   2.90252e-06          0    p    2    0
 10  -7.59052e-01   2.71821e-06          0    p    2    0
 11  -5.00310e-01   6.60593e-06          0    p    2    0
 12  -3.57731e-01   8.33314e-06       1464    p    2    0
 13  -3.46228e-01   1.39056e-05          0    p    2    0
 14  -3.45624e-01   1.40484e-05          0    p    2    0
 15  -2.83085e-01   2.26426e-05          0    p    2    0
 16  -2.82773e-01   2.28318e-05       1240    p    2    0
------------------------------------------------------------
 Total error:                            4.00050e-05    0
============================================================


============================================================
                    Energy                 Update      Done 
------------------------------------------------------------
 Orbital      -4.293485278797104e+02    -3.76923e-05    1
 Kinetic       7.502173399006658e+02    -2.33180e-05    1
 N-E          -1.961039662744478e+03     5.95564e-05    1
 Coulomb       4.230040656536091e+02    -3.84414e-05    1
 Exchange      0.000000000000000e+00     0.00000e+00    1
 X-C          -4.994238524452762e+01     2.61807e-06    1
------------------------------------------------------------
 Electronic   -8.377606829265731e+02    -5.77191e-08    1
 Nuclear       8.652382372376826e+01     0.00000e+00    1
------------------------------------------------------------
 Total        -7.512368592028048e+02    -5.77191e-08    1
============================================================


################ Wall time: 9.38614e+02 sec ################




####################### SCF cycle  6 #######################


============================================================
 Current precision                              1.00000e-07
------------------------------------------------------------
 Orbital threshold                              1.00000e-06
 Property threshold                            -1.00000e+00
============================================================


============================================================
                   Calculating SCF energy
------------------------------------------------------------
 Nuclear energy                       8.652382372376826e+01
 Electronic energy                   -8.377606829327375e+02
------------------------------------------------------------
 Total energy                        -7.512368592089692e+02
------------------------------------------------------------
                 Wall time: 6.14479e+01 sec 
============================================================


============================================================
                Rotating Helmholtz argument
------------------------------------------------------------
 Rotating orbitals                              8.65919e+00
------------------------------------------------------------
                 Wall time: 8.65939e+00 sec 
============================================================


============================================================
                Applying Helmholtz operators
------------------------------------------------------------
 Orb    RealNorm   Nodes     ImagNorm   Nodes     Timing
------------------------------------------------------------
  0    1.00000e+00   872    0.00000e+00     0   9.57390e+01
  4    1.00000e+00   680    0.00000e+00     0   8.04642e+01
  8    1.00000e+00   800    0.00000e+00     0   8.94987e+01
 12    1.00000e+00  1464    0.00000e+00     0   1.84525e+02
 16    1.00000e+00  1240    0.00000e+00     0   1.59720e+02
------------------------------------------------------------
                 Wall time: 6.10020e+02 sec 
============================================================


============================================================
                 Lowdin orthonormalization
------------------------------------------------------------
 Computing Lowdin matrix                        1.15859e+00
 Rotating orbitals                              7.49114e+00
------------------------------------------------------------
                 Wall time: 8.64982e+00 sec 
============================================================


============================================================
               Iterative subspace accelerator
------------------------------------------------------------
 Push back orbitals                             6.81589e-02
 Setup linear system                            4.56006e+00
 Solve linear system                            5.44000e-06
 Expand solution                                6.94529e+00
------------------------------------------------------------
                 Wall time: 1.15736e+01 sec 
============================================================


============================================================
                 Lowdin orthonormalization
------------------------------------------------------------
 Computing Lowdin matrix                        3.43665e+00
 Rotating orbitals                              7.70276e+00
------------------------------------------------------------
                 Wall time: 1.11396e+01 sec 
============================================================


============================================================
                  Setting up Fock operator
------------------------------------------------------------
 Precision                                      1.00000e-07
------------------------------------------------------------
 Coulomb density                      1752      5.38240e+00
 Coulomb potential                     920      1.10802e+02
 Allreduce potential                   952      3.83762e+00
 XC total density                     2296      6.35625e+00
 XC evaluate xcfun                   11480      4.05832e+01
 XC energy                            2296      1.86450e-04
 XC potential                         2296      1.24220e+00
------------------------------------------------------------
                 Wall time: 1.69156e+02 sec 
============================================================


============================================================
                  Calculating Fock matrix
------------------------------------------------------------
 Kinetic part                         2.023158992700000e+01
 Potential part                       6.259365979200000e+01
------------------------------------------------------------
                 Wall time: 8.28254e+01 sec 
============================================================


============================================================
                          Orbitals
------------------------------------------------------------
 Orb    F(i,i)        Error         nNodes  Spin  Occ  Done 
------------------------------------------------------------
  0  -1.00659e+02   3.93173e-08        712    p    2    1
  1  -6.54294e+01   1.45546e-07          0    p    2    1
  2  -9.17575e+00   5.49042e-07          0    p    2    1
  3  -6.99600e+00   1.81691e-06          0    p    2    0
  4  -6.99004e+00   4.10112e-07        648    p    2    1
  5  -6.99004e+00   4.09683e-07          0    p    2    1
  6  -5.08258e+00   2.90727e-06          0    p    2    0
  7  -3.49475e+00   2.91205e-06          0    p    2    0
  8  -3.49109e+00   1.27062e-06        800    p    2    0
  9  -3.49103e+00   1.22613e-06          0    p    2    0
 10  -7.59053e-01   2.48044e-06          0    p    2    0
 11  -5.00310e-01   3.99464e-06          0    p    2    0
 12  -3.57731e-01   5.93790e-06       1464    p    2    0
 13  -3.46228e-01   8.73312e-06          0    p    2    0
 14  -3.45625e-01   8.76144e-06          0    p    2    0
 15  -2.83085e-01   1.74896e-05          0    p    2    0
 16  -2.82773e-01   1.75565e-05       1240    p    2    0
------------------------------------------------------------
 Total error:                            2.91295e-05    0
============================================================


============================================================
                    Energy                 Update      Done 
------------------------------------------------------------
 Orbital      -4.293484897906948e+02     3.80890e-05    1
 Kinetic       7.502173626297788e+02     2.27291e-05    1
 N-E          -1.961039721716772e+03    -5.89723e-05    1
 Coulomb       4.230041045575325e+02     3.89039e-05    1
 Exchange      0.000000000000000e+00     0.00000e+00    1
 X-C          -4.994238783333190e+01    -2.58880e-06    1
------------------------------------------------------------
 Electronic   -8.377606829327375e+02    -6.16444e-09    1
 Nuclear       8.652382372376826e+01     0.00000e+00    1
------------------------------------------------------------
 Total        -7.512368592089692e+02    -6.16444e-09    1
============================================================


################ Wall time: 9.64890e+02 sec ################




####################### SCF cycle  7 #######################


============================================================
 Current precision                              1.00000e-07
------------------------------------------------------------
 Orbital threshold                              1.00000e-06
 Property threshold                            -1.00000e+00
============================================================


============================================================
                   Calculating SCF energy
------------------------------------------------------------
 Nuclear energy                       8.652382372376826e+01
 Electronic energy                   -8.377606829344513e+02
------------------------------------------------------------
 Total energy                        -7.512368592106831e+02
------------------------------------------------------------
                 Wall time: 6.73763e+01 sec 
============================================================


============================================================
                Rotating Helmholtz argument
------------------------------------------------------------
 Rotating orbitals                              8.39953e+00
------------------------------------------------------------
                 Wall time: 8.39974e+00 sec 
============================================================


============================================================
                Applying Helmholtz operators
------------------------------------------------------------
 Orb    RealNorm   Nodes     ImagNorm   Nodes     Timing
------------------------------------------------------------
  0    1.00000e+00   872    0.00000e+00     0   9.44915e+01
  4    1.00000e+00   680    0.00000e+00     0   8.54053e+01
  8    1.00000e+00   800    0.00000e+00     0   9.31560e+01
 12    1.00000e+00  1464    0.00000e+00     0   1.87066e+02
 16    1.00000e+00  1240    0.00000e+00     0   1.61209e+02
------------------------------------------------------------
                 Wall time: 6.21376e+02 sec 
============================================================


============================================================
                 Lowdin orthonormalization
------------------------------------------------------------
 Computing Lowdin matrix                        1.18782e+00
 Rotating orbitals                              7.17620e+00
------------------------------------------------------------
                 Wall time: 8.36423e+00 sec 
============================================================


============================================================
               Iterative subspace accelerator
------------------------------------------------------------
 Push back orbitals                             6.76251e-02
 Setup linear system                            4.68592e+00
 Solve linear system                            5.35700e-06
 Expand solution                                7.33079e+00
------------------------------------------------------------
                 Wall time: 1.20845e+01 sec 
============================================================


============================================================
                 Lowdin orthonormalization
------------------------------------------------------------
 Computing Lowdin matrix                        3.63783e+00
 Rotating orbitals                              7.71077e+00
------------------------------------------------------------
                 Wall time: 1.13488e+01 sec 
============================================================


============================================================
                  Setting up Fock operator
------------------------------------------------------------
 Precision                                      1.00000e-07
------------------------------------------------------------
 Coulomb density                      1752      5.57104e+00
 Coulomb potential                     920      1.13002e+02
 Allreduce potential                   952      1.17908e+01
 XC total density                     2296      6.75120e+00
 XC evaluate xcfun                   11480      4.14564e+01
 XC energy                            2296      1.82249e-04
 XC potential                         2296      1.21320e+00
------------------------------------------------------------
                 Wall time: 1.80767e+02 sec 
============================================================


============================================================
                  Calculating Fock matrix
------------------------------------------------------------
 Kinetic part                         2.050983406600000e+01
 Potential part                       6.805115908900000e+01
------------------------------------------------------------
                 Wall time: 8.85620e+01 sec 
============================================================


============================================================
                          Orbitals
------------------------------------------------------------
 Orb    F(i,i)        Error         nNodes  Spin  Occ  Done 
------------------------------------------------------------
  0  -1.00659e+02   2.61331e-08        712    p    2    1
  1  -6.54294e+01   7.33695e-08          0    p    2    1
  2  -9.17575e+00   2.50103e-07          0    p    2    1
  3  -6.99599e+00   7.20716e-07          0    p    2    1
  4  -6.99003e+00   8.33031e-08        648    p    2    1
  5  -6.99004e+00   7.46117e-08          0    p    2    1
  6  -5.08258e+00   9.16466e-07          0    p    2    1
  7  -3.49475e+00   1.70655e-06          0    p    2    0
  8  -3.49109e+00   4.79037e-07        800    p    2    1
  9  -3.49102e+00   4.77155e-07          0    p    2    1
 10  -7.59052e-01   1.25942e-06          0    p    2    0
 11  -5.00310e-01   9.29226e-07          0    p    2    1
 12  -3.57731e-01   2.27410e-06       1464    p    2    0
 13  -3.46228e-01   4.26843e-06          0    p    2    0
 14  -3.45624e-01   4.31785e-06          0    p    2    0
 15  -2.83085e-01   7.49003e-06          0    p    2    0
 16  -2.82772e-01   7.61675e-06       1240    p    2    0
------------------------------------------------------------
 Total error:                            1.27832e-05    0
============================================================


============================================================
                    Energy                 Update      Done 
------------------------------------------------------------
 Orbital      -4.293485239719723e+02    -3.41813e-05    1
 Kinetic       7.502173424358145e+02    -2.01940e-05    1
 N-E          -1.961039668865085e+03     5.28517e-05    1
 Coulomb       4.230040696739147e+02    -3.48836e-05    1
 Exchange      0.000000000000000e+00     0.00000e+00    1
 X-C          -4.994238558930816e+01     2.24402e-06    1
------------------------------------------------------------
 Electronic   -8.377606829344513e+02    -1.71383e-09    1
 Nuclear       8.652382372376826e+01     0.00000e+00    1
------------------------------------------------------------
 Total        -7.512368592106831e+02    -1.71383e-09    1
============================================================


################ Wall time: 9.99758e+02 sec ################




####################### SCF cycle  8 #######################


============================================================
 Current precision                              1.00000e-07
------------------------------------------------------------
 Orbital threshold                              1.00000e-06
 Property threshold                            -1.00000e+00
============================================================


============================================================
                   Calculating SCF energy
------------------------------------------------------------
 Nuclear energy                       8.652382372376826e+01
 Electronic energy                   -8.377606829347319e+02
------------------------------------------------------------
 Total energy                        -7.512368592109636e+02
------------------------------------------------------------
                 Wall time: 7.27455e+01 sec 
============================================================


============================================================
                Rotating Helmholtz argument
------------------------------------------------------------
 Rotating orbitals                              8.53201e+00
------------------------------------------------------------
                 Wall time: 8.53223e+00 sec 
============================================================


============================================================
                Applying Helmholtz operators
------------------------------------------------------------
 Orb    RealNorm   Nodes     ImagNorm   Nodes     Timing
------------------------------------------------------------
  0    1.00000e+00   872    0.00000e+00     0   1.03735e+02
  4    1.00000e+00   680    0.00000e+00     0   8.74709e+01
  8    1.00000e+00   800    0.00000e+00     0   9.76420e+01
 12    1.00000e+00  1464    0.00000e+00     0   1.94283e+02
 16    1.00000e+00  1240    0.00000e+00     0   1.71917e+02
------------------------------------------------------------
                 Wall time: 6.55080e+02 sec 
============================================================


============================================================
                 Lowdin orthonormalization
------------------------------------------------------------
 Computing Lowdin matrix                        1.16789e+00
 Rotating orbitals                              7.43227e+00
------------------------------------------------------------
                 Wall time: 8.60024e+00 sec 
============================================================


============================================================
               Iterative subspace accelerator
------------------------------------------------------------
 Push back orbitals                             6.59675e-02
 Setup linear system                            4.82888e+00
 Solve linear system                            5.12900e-06
 Expand solution                                7.80155e+00
------------------------------------------------------------
                 Wall time: 1.26966e+01 sec 
============================================================


============================================================
                 Lowdin orthonormalization
------------------------------------------------------------
 Computing Lowdin matrix                        3.79000e+00
 Rotating orbitals                              8.62487e+00
------------------------------------------------------------
                 Wall time: 1.24151e+01 sec 
============================================================


============================================================
                  Setting up Fock operator
------------------------------------------------------------
 Precision                                      1.00000e-07
------------------------------------------------------------
 Coulomb density                      1752      5.54316e+00
 Coulomb potential                     920      1.13744e+02
 Allreduce potential                   952      1.91401e+01
 XC total density                     2296      7.11529e+00
 XC evaluate xcfun                   11480      4.01523e+01
 XC energy                            2296      2.18871e-04
 XC potential                         2296      1.21098e+00
------------------------------------------------------------
                 Wall time: 1.87853e+02 sec 
============================================================


============================================================
                  Calculating Fock matrix
------------------------------------------------------------
 Kinetic part                         2.275960821800000e+01
 Potential part                       7.124540882300001e+01
------------------------------------------------------------
                 Wall time: 9.40060e+01 sec 
============================================================


============================================================
                          Orbitals
------------------------------------------------------------
 Orb    F(i,i)        Error         nNodes  Spin  Occ  Done 
------------------------------------------------------------
  0  -1.00659e+02   1.12627e-08        712    p    2    1
  1  -6.54294e+01   4.11325e-08          0    p    2    1
  2  -9.17575e+00   7.16319e-08          0    p    2    1
  3  -6.99599e+00   1.41993e-07          0    p    2    1
  4  -6.99004e+00   6.35654e-08        648    p    2    1
  5  -6.99004e+00   5.19297e-08          0    p    2    1
  6  -5.08258e+00   1.44630e-07          0    p    2    1
  7  -3.49475e+00   4.62339e-07          0    p    2    1
  8  -3.49109e+00   2.53433e-07        800    p    2    1
  9  -3.49103e+00   2.60881e-07          0    p    2    1
 10  -7.59053e-01   3.73998e-07          0    p    2    1
 11  -5.00310e-01   6.74133e-07          0    p    2    1
 12  -3.57731e-01   5.81270e-07       1464    p    2    1
 13  -3.46229e-01   1.18068e-06          0    p    2    0
 14  -3.45625e-01   1.18205e-06          0    p    2    0
 15  -2.83085e-01   1.96319e-06          0    p    2    0
 16  -2.82773e-01   2.01056e-06       1240    p    2    0
------------------------------------------------------------
 Total error:                            3.46709e-06    0
============================================================


============================================================
                    Energy                 Update      Done 
------------------------------------------------------------
 Orbital      -4.293484910509171e+02     3.29211e-05    1
 Kinetic       7.502173622043981e+02     1.97686e-05    1
 N-E          -1.961039720053019e+03    -5.11879e-05    1
 Coulomb       4.230041032797340e+02     3.36058e-05    1
 Exchange      0.000000000000000e+00     0.00000e+00    1
 X-C          -4.994238778069798e+01    -2.19139e-06    1
------------------------------------------------------------
 Electronic   -8.377606829347319e+02    -2.80579e-10    1
 Nuclear       8.652382372376826e+01     0.00000e+00    1
------------------------------------------------------------
 Total        -7.512368592109636e+02    -2.80579e-10    1
============================================================


################ Wall time: 1.05345e+03 sec ################




####################### SCF cycle  9 #######################


============================================================
 Current precision                              1.00000e-07
------------------------------------------------------------
 Orbital threshold                              1.00000e-06
 Property threshold                            -1.00000e+00
============================================================


============================================================
                   Calculating SCF energy
------------------------------------------------------------
 Nuclear energy                       8.652382372376826e+01
 Electronic energy                   -8.377606829347903e+02
------------------------------------------------------------
 Total energy                        -7.512368592110221e+02
------------------------------------------------------------
                 Wall time: 7.48228e+01 sec 
============================================================


============================================================
                Rotating Helmholtz argument
------------------------------------------------------------
 Rotating orbitals                              8.44762e+00
------------------------------------------------------------
                 Wall time: 8.44782e+00 sec 
============================================================


============================================================
                Applying Helmholtz operators
------------------------------------------------------------
 Orb    RealNorm   Nodes     ImagNorm   Nodes     Timing
------------------------------------------------------------
  0    1.00000e+00   872    0.00000e+00     0   1.02453e+02
  4    1.00000e+00   680    0.00000e+00     0   8.80575e+01
  8    1.00000e+00   800    0.00000e+00     0   1.00260e+02
 12    1.00000e+00  1464    0.00000e+00     0   1.93319e+02
 16    1.00000e+00  1240    0.00000e+00     0   1.65525e+02
------------------------------------------------------------
                 Wall time: 6.49667e+02 sec 
============================================================


============================================================
                 Lowdin orthonormalization
------------------------------------------------------------
 Computing Lowdin matrix                        2.42120e+01
 Rotating orbitals                              7.05196e+00
------------------------------------------------------------
                 Wall time: 3.12642e+01 sec 
============================================================


============================================================
               Iterative subspace accelerator
------------------------------------------------------------
 Push back orbitals                             6.86371e-02
 Setup linear system                            4.84898e+00
 Solve linear system                            5.17800e-06
 Expand solution                                7.41093e+00
------------------------------------------------------------
                 Wall time: 1.23287e+01 sec 
============================================================


============================================================
                 Lowdin orthonormalization
------------------------------------------------------------
 Computing Lowdin matrix                        3.60049e+00
 Rotating orbitals                              7.23020e+00
------------------------------------------------------------
                 Wall time: 1.08309e+01 sec 
============================================================


============================================================
                  Setting up Fock operator
------------------------------------------------------------
 Precision                                      1.00000e-07
------------------------------------------------------------
 Coulomb density                      1752      5.67855e+00
 Coulomb potential                     920      1.12377e+02
 Allreduce potential                   952      2.43840e+01
 XC total density                     2296      7.45969e+00
 XC evaluate xcfun                   11480      4.14538e+01
 XC energy                            2296      1.94633e-04
 XC potential                         2296      1.24704e+00
------------------------------------------------------------
                 Wall time: 1.93573e+02 sec 
============================================================


============================================================
                  Calculating Fock matrix
------------------------------------------------------------
 Kinetic part                         2.062795269100000e+01
 Potential part                       7.145926410000000e+01
------------------------------------------------------------
                 Wall time: 9.20882e+01 sec 
============================================================


============================================================
                          Orbitals
------------------------------------------------------------
 Orb    F(i,i)        Error         nNodes  Spin  Occ  Done 
------------------------------------------------------------
  0  -1.00659e+02   1.14146e-08        712    p    2    1
  1  -6.54294e+01   3.88989e-08          0    p    2    1
  2  -9.17575e+00   3.82386e-08          0    p    2    1
  3  -6.99599e+00   4.29534e-08          0    p    2    1
  4  -6.99003e+00   4.34971e-08        648    p    2    1
  5  -6.99004e+00   3.82822e-08          0    p    2    1
  6  -5.08258e+00   4.03953e-08          0    p    2    1
  7  -3.49475e+00   1.69093e-07          0    p    2    1
  8  -3.49109e+00   1.37125e-07        800    p    2    1
  9  -3.49103e+00   1.35042e-07          0    p    2    1
 10  -7.59053e-01   1.46069e-07          0    p    2    1
 11  -5.00310e-01   4.45545e-07          0    p    2    1
 12  -3.57731e-01   3.08627e-07       1464    p    2    1
 13  -3.46228e-01   5.37163e-07          0    p    2    1
 14  -3.45625e-01   5.42883e-07          0    p    2    1
 15  -2.83085e-01   9.01248e-07          0    p    2    1
 16  -2.82773e-01   8.85235e-07       1240    p    2    1
------------------------------------------------------------
 Total error:                            1.60307e-06    1
============================================================


============================================================
                    Energy                 Update      Done 
------------------------------------------------------------
 Orbital      -4.293485135453863e+02    -2.24945e-05    1
 Kinetic       7.502173486148356e+02    -1.35896e-05    1
 N-E          -1.961039685009261e+03     3.50438e-05    1
 Coulomb       4.230040803145130e+02    -2.29652e-05    1
 Exchange      0.000000000000000e+00     0.00000e+00    1
 X-C          -4.994238627305214e+01     1.50765e-06    1
------------------------------------------------------------
 Electronic   -8.377606829347903e+02    -5.84350e-11    1
 Nuclear       8.652382372376826e+01     0.00000e+00    1
------------------------------------------------------------
 Total        -7.512368592110221e+02    -5.84350e-11    1
============================================================


################ Wall time: 1.07446e+03 sec ################


============================================================
                      Convergence rate
------------------------------------------------------------
Iter    OrbError       Property                   Update  
------------------------------------------------------------
  1    3.55586e-03    -7.512368389117311e+02   -7.51237e+02
  2    6.45239e-04    -7.512368578023703e+02   -1.88906e-05
  3    3.77238e-04    -7.512368588371681e+02   -1.03480e-06
  4    1.58793e-04    -7.512368591450856e+02   -3.07918e-07
  5    4.00050e-05    -7.512368592028048e+02   -5.77191e-08
  6    2.91295e-05    -7.512368592089692e+02   -6.16444e-09
  7    1.27832e-05    -7.512368592106831e+02   -1.71383e-09
  8    3.46709e-06    -7.512368592109636e+02   -2.80579e-10
  9    1.60307e-06    -7.512368592110221e+02   -5.84350e-11
------------------------------------------------------------
                      SCF converged!!!                      
============================================================


============================================================
                  Digonalizing Fock matrix
------------------------------------------------------------
 Computing Lowdin matrix                        1.28027e+00
 Diagonalizing matrix                           6.59990e-05
 Rotating orbitals                              9.40671e+00
------------------------------------------------------------
                 Wall time: 1.06875e+01 sec 
============================================================


============================================================
                  Setting up Fock operator
------------------------------------------------------------
 Precision                                      1.00000e-07
------------------------------------------------------------
 Coulomb density                      1824      6.40336e+00
 Coulomb potential                     920      1.03306e+02
 Allreduce potential                   952      3.24609e-01
 XC total density                     2360      7.20487e+00
 XC evaluate xcfun                   11800      4.17048e+01
 XC energy                            2360      1.69522e-04
 XC potential                         2360      1.18645e+00
------------------------------------------------------------
                 Wall time: 1.61051e+02 sec 
============================================================


============================================================
                   Calculating SCF energy
------------------------------------------------------------
------------------------------------------------------------
                 Wall time: 7.17254e+01 sec 
============================================================


============================================================
                 Calculating dipole moment
------------------------------------------------------------
------------------------------------------------------------
                 Wall time: 2.76976e+01 sec 
============================================================


============================================================
                        Fock matrix
------------------------------------------------------------
-1.00659e+02  0.00000e+00  0.00000e+00  0.00000e+00  0.00000e+00  0.00000e+00  0.00000e+00  0.00000e+00  0.00000e+00  0.00000e+00  0.00000e+00  0.00000e+00  0.00000e+00  0.00000e+00  0.00000e+00  0.00000e+00  0.00000e+00
 0.00000e+00 -6.54294e+01  0.00000e+00  0.00000e+00  0.00000e+00  0.00000e+00  0.00000e+00  0.00000e+00  0.00000e+00  0.00000e+00  0.00000e+00  0.00000e+00  0.00000e+00  0.00000e+00  0.00000e+00  0.00000e+00  0.00000e+00
 0.00000e+00  0.00000e+00 -9.17575e+00  0.00000e+00  0.00000e+00  0.00000e+00  0.00000e+00  0.00000e+00  0.00000e+00  0.00000e+00  0.00000e+00  0.00000e+00  0.00000e+00  0.00000e+00  0.00000e+00  0.00000e+00  0.00000e+00
 0.00000e+00  0.00000e+00  0.00000e+00 -6.99599e+00  0.00000e+00  0.00000e+00  0.00000e+00  0.00000e+00  0.00000e+00  0.00000e+00  0.00000e+00  0.00000e+00  0.00000e+00  0.00000e+00  0.00000e+00  0.00000e+00  0.00000e+00
 0.00000e+00  0.00000e+00  0.00000e+00  0.00000e+00 -6.99004e+00  0.00000e+00  0.00000e+00  0.00000e+00  0.00000e+00  0.00000e+00  0.00000e+00  0.00000e+00  0.00000e+00  0.00000e+00  0.00000e+00  0.00000e+00  0.00000e+00
 0.00000e+00  0.00000e+00  0.00000e+00  0.00000e+00  0.00000e+00 -6.99003e+00  0.00000e+00  0.00000e+00  0.00000e+00  0.00000e+00  0.00000e+00  0.00000e+00  0.00000e+00  0.00000e+00  0.00000e+00  0.00000e+00  0.00000e+00
 0.00000e+00  0.00000e+00  0.00000e+00  0.00000e+00  0.00000e+00  0.00000e+00 -5.08258e+00  0.00000e+00  0.00000e+00  0.00000e+00  0.00000e+00  0.00000e+00  0.00000e+00  0.00000e+00  0.00000e+00  0.00000e+00  0.00000e+00
 0.00000e+00  0.00000e+00  0.00000e+00  0.00000e+00  0.00000e+00  0.00000e+00  0.00000e+00 -3.49475e+00  0.00000e+00  0.00000e+00  0.00000e+00  0.00000e+00  0.00000e+00  0.00000e+00  0.00000e+00  0.00000e+00  0.00000e+00
 0.00000e+00  0.00000e+00  0.00000e+00  0.00000e+00  0.00000e+00  0.00000e+00  0.00000e+00  0.00000e+00 -3.49109e+00  0.00000e+00  0.00000e+00  0.00000e+00  0.00000e+00  0.00000e+00  0.00000e+00  0.00000e+00  0.00000e+00
 0.00000e+00  0.00000e+00  0.00000e+00  0.00000e+00  0.00000e+00  0.00000e+00  0.00000e+00  0.00000e+00  0.00000e+00 -3.49103e+00  0.00000e+00  0.00000e+00  0.00000e+00  0.00000e+00  0.00000e+00  0.00000e+00  0.00000e+00
 0.00000e+00  0.00000e+00  0.00000e+00  0.00000e+00  0.00000e+00  0.00000e+00  0.00000e+00  0.00000e+00  0.00000e+00  0.00000e+00 -7.59053e-01  0.00000e+00  0.00000e+00  0.00000e+00  0.00000e+00  0.00000e+00  0.00000e+00
 0.00000e+00  0.00000e+00  0.00000e+00  0.00000e+00  0.00000e+00  0.00000e+00  0.00000e+00  0.00000e+00  0.00000e+00  0.00000e+00  0.00000e+00 -5.00310e-01  0.00000e+00  0.00000e+00  0.00000e+00  0.00000e+00  0.00000e+00
 0.00000e+00  0.00000e+00  0.00000e+00  0.00000e+00  0.00000e+00  0.00000e+00  0.00000e+00  0.00000e+00  0.00000e+00  0.00000e+00  0.00000e+00  0.00000e+00 -3.57731e-01  0.00000e+00  0.00000e+00  0.00000e+00  0.00000e+00
 0.00000e+00  0.00000e+00  0.00000e+00  0.00000e+00  0.00000e+00  0.00000e+00  0.00000e+00  0.00000e+00  0.00000e+00  0.00000e+00  0.00000e+00  0.00000e+00  0.00000e+00 -3.46228e-01  0.00000e+00  0.00000e+00  0.00000e+00
 0.00000e+00  0.00000e+00  0.00000e+00  0.00000e+00  0.00000e+00  0.00000e+00  0.00000e+00  0.00000e+00  0.00000e+00  0.00000e+00  0.00000e+00  0.00000e+00  0.00000e+00  0.00000e+00 -3.45624e-01  0.00000e+00  0.00000e+00
 0.00000e+00  0.00000e+00  0.00000e+00  0.00000e+00  0.00000e+00  0.00000e+00  0.00000e+00  0.00000e+00  0.00000e+00  0.00000e+00  0.00000e+00  0.00000e+00  0.00000e+00  0.00000e+00  0.00000e+00 -2.83085e-01  0.00000e+00
 0.00000e+00  0.00000e+00  0.00000e+00  0.00000e+00  0.00000e+00  0.00000e+00  0.00000e+00  0.00000e+00  0.00000e+00  0.00000e+00  0.00000e+00  0.00000e+00  0.00000e+00  0.00000e+00  0.00000e+00  0.00000e+00 -2.82773e-01
============================================================


============================================================
                      Orbital energies
------------------------------------------------------------
    n  spin  occ                            epsilon  
------------------------------------------------------------
    0    p    2                      -1.006587871338496e+02
    1    p    2                      -6.542939082284549e+01
    2    p    2                      -9.175751307035540e+00
    3    p    2                      -6.995994177842856e+00
    4    p    2                      -6.990036216480225e+00
    5    p    2                      -6.990034833953946e+00
    6    p    2                      -5.082584476701467e+00
    7    p    2                      -3.494753555259245e+00
    8    p    2                      -3.491090173219216e+00
    9    p    2                      -3.491025056240172e+00
   10    p    2                      -7.590528111024341e-01
   11    p    2                      -5.003102114366782e-01
   12    p    2                      -3.577314900657542e-01
   13    p    2                      -3.462282343769130e-01
   14    p    2                      -3.456243159567519e-01
   15    p    2                      -2.830849665468141e-01
   16    p    2                      -2.827726315979705e-01
============================================================


============================================================
                          Molecule
------------------------------------------------------------
 Nr  Element             x             y             z      
------------------------------------------------------------
  1     Si          0.00000e+00   0.00000e+00  -1.86025e+00
  2     Cl          0.00000e+00   0.00000e+00   2.01464e+00
  3     H           0.00000e+00   2.64637e+00  -2.73519e+00
  4     H           2.29186e+00  -1.32319e+00  -2.73519e+00
  5     H          -2.29186e+00  -1.32319e+00  -2.73519e+00
------------------------------------------------------------
 Center of mass:    0.00000e+00   0.00000e+00   1.63872e-01
============================================================


                                                            
============================================================
                         SCF Energy                         
------------------------------------------------------------
                                                            
 Sum orbital energy:                 -4.293485048290221e+02
 Kinetic energy:                      7.502173538634215e+02
 E-N energy:                         -1.961039698580457e+03
 Coulomb energy:                      4.230040892117354e+02
 Exchange energy:                     0.000000000000000e+00
 X-C energy:                         -4.994238685200420e+01
 El. external field energy:          -4.058073537317004e-05
 Nuc. external field energy:         -2.106995133921430e-14
                                                            
------------------------------------------------------------
                                                            
 Electronic energy:                  -8.377606829380397e+02
 Nuclear energy:                      8.652382372376826e+01
                                                            
------------------------------------------------------------
                                                            
 Total energy       (au)             -7.512368592142715e+02
                    (kJ/mol)         -1.972372088397063e+06
                    (kcal/mol)       -4.714082426187752e+05
                    (eV)             -2.044219543983218e+04
                                                            
============================================================
                                                            

                                                            
============================================================
                         Dipole moment                      
------------------------------------------------------------
                                                            
 Length of vector:   (au)                  4.7826034128e-01
                     (Debye)               1.2156164199e+00
                                                            
-------------------------- Total ---------------------------
                                                            
 [-4.0580735394e-02,  6.1095425751e-06, -4.7653557886e-01] 
                                                            
------------------------- Nuclear --------------------------
                                                            
 [-2.1070256651e-11, -1.2870815524e-11, -5.5718362712e+00] 
                                                            
------------------------ Electronic ------------------------
                                                            
 [-4.0580735373e-02,  6.1095554459e-06,  5.0953006923e+00] 
                                                            
============================================================
                                                            



************************************************************
***                                                      ***
***                    Exiting MRChem                    ***
***                                                      ***
***               Wall time: 9.299650e+03                ***
***                                                      ***
************************************************************


