


************************************************************
***     __  __ ____   ____ _                             ***
***    |  \/  |  _ \ / ___| |__   ___ _ __ ___           ***
***    | |\/| | |_) | |   | '_ \ / _ \ '_ ` _ \          ***
***    | |  | |  _ <| |___| | | |  __/ | | | | |         ***
***    |_|  |_|_| \_\\____|_| |_|\___|_| |_| |_|         ***
***                                                      ***
***    VERSION 0.0.1 (rev. 1c6f79f)                     ***
***                                                      ***
***    Stig Rune Jensen <stig.r.jensen@uit.no>           ***
***    Luca Frediani    <luca.frediani@uit.no>           ***
***    Peter Wind       <peter.wind@uit.no>              ***
***                                                      ***
************************************************************


+++ Parallel execution: 
  MPI hosts available     : 4
  Threads/host            : 2
  Total used CPUs         : 8


------------------------------------------------------------

 MRCPP version   : X.Y.Z
 Git revision    : bbc2aed

 Linear algebra  : EIGEN
 Parallelization : MPI/OpenMP

------------------------------------------------------------




============================================================
                  MultiResolution Analysis                  
------------------------------------------------------------
 polynomial order = 11
 polynomial type  = Interpolating
------------------------------------------------------------
 total boxes      = 8
 boxes            = [           2           2           2 ]
 unit lengths     = [    32.00000    32.00000    32.00000 ]
 scaling factor   = [     1.00000     1.00000     1.00000 ]
 lower bounds     = [   -32.00000   -32.00000   -32.00000 ]
 upper bounds     = [    32.00000    32.00000    32.00000 ]
 total length     = [    64.00000    64.00000    64.00000 ]
============================================================


============================================================
                          Molecule
------------------------------------------------------------
 Nr  Element             x             y             z      
------------------------------------------------------------
  1     Si          0.00000e+00   0.00000e+00   0.00000e+00
  2     H           1.61458e+00   1.61458e+00   1.61458e+00
  3     H          -1.61458e+00  -1.61458e+00   1.61458e+00
  4     H          -1.61458e+00   1.61458e+00  -1.61458e+00
  5     H           1.61458e+00  -1.61458e+00  -1.61458e+00
------------------------------------------------------------
 Center of mass:    0.00000e+00   0.00000e+00   0.00000e+00
============================================================


============================================================
                Setting up nuclear potential
------------------------------------------------------------
 Nr  Element         Charge        Precision     Smoothing 
------------------------------------------------------------
  1     Si          1.40000e+01   1.00000e-07   9.31715e-06
  2     H           1.00000e+00   1.00000e-07   7.57698e-04
  3     H           1.00000e+00   1.00000e-07   7.57698e-04
  4     H           1.00000e+00   1.00000e-07   7.57698e-04
  5     H           1.00000e+00   1.00000e-07   7.57698e-04
------------------------------------------------------------
 Nuclear potential                    1920      2.98121e+00
 Allreduce potential                  3240      1.40765e+00
------------------------------------------------------------
                 Wall time: 4.38906e+00 sec 
============================================================


============================================================
 OrbitalVector:   9 orbitals     9 occupied    18 electrons
------------------------------------------------------------
   n  RankID           Norm          Spin Occ      Error    
------------------------------------------------------------
   0     0       1.000000000000e+00    p   2    1.00000e+00
   1     1      -1.000000000000e+00    p   2    1.00000e+00
   2     2      -1.000000000000e+00    p   2    1.00000e+00
   3     3      -1.000000000000e+00    p   2    1.00000e+00
   4     0       1.000000000000e+00    p   2    1.00000e+00
   5     1      -1.000000000000e+00    p   2    1.00000e+00
   6     2      -1.000000000000e+00    p   2    1.00000e+00
   7     3      -1.000000000000e+00    p   2    1.00000e+00
   8     0       1.000000000000e+00    p   2    1.00000e+00
============================================================


============================================================
                  Setting up Fock operator
------------------------------------------------------------
 Precision                                      1.00000e-07
------------------------------------------------------------
 Coulomb density                      1296      3.16046e+00
 Coulomb potential                     624      7.41579e+01
 Allreduce potential                   648      2.12182e-01
 XC total density                     1592      3.67978e+00
 XC evaluate xcfun                    3184      9.53956e+00
 XC energy                            1592      1.81039e-04
 XC potential                         1592      1.17767e-01
------------------------------------------------------------
                 Wall time: 9.08989e+01 sec 
============================================================


============================================================
                  Calculating Fock matrix
------------------------------------------------------------
 Kinetic part                         1.122266757200000e+01
 Potential part                       2.774195467100000e+01
------------------------------------------------------------
                 Wall time: 3.89656e+01 sec 
============================================================




####################### SCF cycle  1 #######################


============================================================
 Current precision                              1.00000e-07
------------------------------------------------------------
 Orbital threshold                              1.00000e-06
 Property threshold                            -1.00000e+00
============================================================


============================================================
                  Digonalizing Fock matrix
------------------------------------------------------------
 Computing Lowdin matrix                        6.20783e-01
 Diagonalizing matrix                           2.10260e-05
 Rotating orbitals                              2.17263e+00
------------------------------------------------------------
                 Wall time: 2.79362e+00 sec 
============================================================


============================================================
                   Calculating SCF energy
------------------------------------------------------------
 Nuclear energy                       2.133861140042375e+01
 Electronic energy                   -3.120290382255688e+02
------------------------------------------------------------
 Total energy                        -2.906904268251450e+02
------------------------------------------------------------
                 Wall time: 2.07240e+01 sec 
============================================================


============================================================
                Rotating Helmholtz argument
------------------------------------------------------------
 Rotating orbitals                              7.18624e-01
------------------------------------------------------------
                 Wall time: 7.18720e-01 sec 
============================================================


============================================================
                Applying Helmholtz operators
------------------------------------------------------------
 Orb    RealNorm   Nodes     ImagNorm   Nodes     Timing
------------------------------------------------------------
  0    1.00000e+00   840    0.00000e+00     0   9.97638e+01
  4    1.00000e+00   632    0.00000e+00     0   7.62436e+01
  8    1.00002e+00   776    0.00000e+00     0   9.46787e+01
------------------------------------------------------------
                 Wall time: 2.70687e+02 sec 
============================================================


============================================================
                 Lowdin orthonormalization
------------------------------------------------------------
 Computing Lowdin matrix                        4.19741e-01
 Rotating orbitals                              2.29533e+00
------------------------------------------------------------
                 Wall time: 2.71526e+00 sec 
============================================================


============================================================
               Iterative subspace accelerator
------------------------------------------------------------
 Push back orbitals                             3.23770e-05
 Copy orbitals                                  1.32703e-01
 Copy orbital updates                           1.27465e-01
------------------------------------------------------------
                 Wall time: 2.60496e-01 sec 
============================================================


============================================================
                 Lowdin orthonormalization
------------------------------------------------------------
 Computing Lowdin matrix                        4.72839e-01
 Rotating orbitals                              9.02806e-01
------------------------------------------------------------
                 Wall time: 1.37572e+00 sec 
============================================================


============================================================
                  Setting up Fock operator
------------------------------------------------------------
 Precision                                      1.00000e-07
------------------------------------------------------------
 Coulomb density                      1144      2.57717e+00
 Coulomb potential                     648      7.73159e+01
 Allreduce potential                   648      2.13309e-01
 XC total density                     1608      3.10593e+00
 XC evaluate xcfun                    3216      9.60081e+00
 XC energy                            1608      1.72378e-04
 XC potential                         1608      8.49908e-02
------------------------------------------------------------
                 Wall time: 9.29229e+01 sec 
============================================================


============================================================
                  Calculating Fock matrix
------------------------------------------------------------
 Kinetic part                         8.187188732999999e+00
 Potential part                       2.183066647000000e+01
------------------------------------------------------------
                 Wall time: 3.00189e+01 sec 
============================================================


============================================================
                          Orbitals
------------------------------------------------------------
 Orb    F(i,i)        Error         nNodes  Spin  Occ  Done 
------------------------------------------------------------
  0  -6.51101e+01   5.97770e-06        840    p    2    0
  1  -5.01456e+00   7.71682e-05          0    p    2    0
  2  -3.45320e+00   5.96763e-05          0    p    2    0
  3  -3.45318e+00   4.08781e-05          0    p    2    0
  4  -3.45315e+00   5.97677e-05        632    p    2    0
  5  -4.97213e-01   4.70193e-04          0    p    2    0
  6  -3.14078e-01   1.62607e-03          0    p    2    0
  7  -3.13394e-01   2.23184e-03          0    p    2    0
  8  -3.12712e-01   1.63203e-03        776    p    2    0
------------------------------------------------------------
 Total error:                            3.24416e-03    0
============================================================


============================================================
                    Energy                 Update      Done 
------------------------------------------------------------
 Orbital      -1.638430477106048e+02    -1.63843e+02    1
 Kinetic       2.899031354928796e+02     2.89903e+02    1
 N-E          -7.357761365085487e+02    -7.35776e+02    1
 Coulomb       1.549410154188300e+02     1.54941e+02    1
 Exchange      0.000000000000000e+00     0.00000e+00    1
 X-C          -2.109705262863661e+01    -2.10971e+01    1
------------------------------------------------------------
 Electronic   -3.120290382255688e+02    -3.12029e+02    1
 Nuclear       2.133861140042375e+01     2.13386e+01    1
------------------------------------------------------------
 Total        -2.906904268251450e+02    -2.90690e+02    1
============================================================


################ Wall time: 4.22516e+02 sec ################




####################### SCF cycle  2 #######################


============================================================
 Current precision                              1.00000e-07
------------------------------------------------------------
 Orbital threshold                              1.00000e-06
 Property threshold                            -1.00000e+00
============================================================


============================================================
                  Digonalizing Fock matrix
------------------------------------------------------------
 Computing Lowdin matrix                        4.72751e-01
 Diagonalizing matrix                           1.87880e-05
 Rotating orbitals                              2.33196e+00
------------------------------------------------------------
                 Wall time: 2.80491e+00 sec 
============================================================


============================================================
                   Calculating SCF energy
------------------------------------------------------------
 Nuclear energy                       2.133861140042375e+01
 Electronic energy                   -3.120290538716625e+02
------------------------------------------------------------
 Total energy                        -2.906904424712387e+02
------------------------------------------------------------
                 Wall time: 2.08375e+01 sec 
============================================================


============================================================
                Rotating Helmholtz argument
------------------------------------------------------------
 Rotating orbitals                              7.11876e-01
------------------------------------------------------------
                 Wall time: 7.11973e-01 sec 
============================================================


============================================================
                Applying Helmholtz operators
------------------------------------------------------------
 Orb    RealNorm   Nodes     ImagNorm   Nodes     Timing
------------------------------------------------------------
  0    1.00000e+00   840    0.00000e+00     0   9.91181e+01
  4    9.99999e-01   632    0.00000e+00     0   7.50080e+01
  8    9.99965e-01   776    0.00000e+00     0   9.37316e+01
------------------------------------------------------------
                 Wall time: 2.67861e+02 sec 
============================================================


============================================================
                 Lowdin orthonormalization
------------------------------------------------------------
 Computing Lowdin matrix                        4.15780e-01
 Rotating orbitals                              2.10498e+00
------------------------------------------------------------
                 Wall time: 2.52093e+00 sec 
============================================================


============================================================
               Iterative subspace accelerator
------------------------------------------------------------
 Push back orbitals                             3.27660e-05
 Copy orbitals                                  1.31179e-01
 Copy orbital updates                           1.26377e-01
------------------------------------------------------------
                 Wall time: 2.57881e-01 sec 
============================================================


============================================================
                 Lowdin orthonormalization
------------------------------------------------------------
 Computing Lowdin matrix                        4.64909e-01
 Rotating orbitals                              9.01655e-01
------------------------------------------------------------
                 Wall time: 1.36664e+00 sec 
============================================================


============================================================
                  Setting up Fock operator
------------------------------------------------------------
 Precision                                      1.00000e-07
------------------------------------------------------------
 Coulomb density                      1144      2.46902e+00
 Coulomb potential                     648      7.53933e+01
 Allreduce potential                   648      2.15741e-01
 XC total density                     1608      3.07480e+00
 XC evaluate xcfun                    3216      9.55623e+00
 XC energy                            1608      1.71036e-04
 XC potential                         1608      1.01965e-01
------------------------------------------------------------
                 Wall time: 9.08365e+01 sec 
============================================================


============================================================
                  Calculating Fock matrix
------------------------------------------------------------
 Kinetic part                         8.220896008000000e+00
 Potential part                       2.151266964600000e+01
------------------------------------------------------------
                 Wall time: 2.97346e+01 sec 
============================================================


============================================================
                          Orbitals
------------------------------------------------------------
 Orb    F(i,i)        Error         nNodes  Spin  Occ  Done 
------------------------------------------------------------
  0  -6.51101e+01   2.04800e-06        840    p    2    0
  1  -5.01457e+00   3.54019e-05          0    p    2    0
  2  -3.45321e+00   2.60134e-05          0    p    2    0
  3  -3.45318e+00   1.09114e-05          0    p    2    0
  4  -3.45315e+00   2.59533e-05        632    p    2    0
  5  -4.97218e-01   1.82727e-04          0    p    2    0
  6  -3.14013e-01   3.42955e-04          0    p    2    0
  7  -3.13397e-01   4.83684e-04          0    p    2    0
  8  -3.12785e-01   3.38308e-04        776    p    2    0
------------------------------------------------------------
 Total error:                            7.08616e-04    0
============================================================


============================================================
                    Energy                 Update      Done 
------------------------------------------------------------
 Orbital      -1.638430781792544e+02    -3.04686e-05    1
 Kinetic       2.899031361373015e+02     6.44422e-07    1
 N-E          -7.357761129774335e+02     2.35311e-05    1
 Coulomb       1.549410000405817e+02    -1.53782e-05    1
 Exchange      0.000000000000000e+00     0.00000e+00    1
 X-C          -2.109705085597309e+01     1.77266e-06    1
------------------------------------------------------------
 Electronic   -3.120290538716625e+02    -1.56461e-05    1
 Nuclear       2.133861140042375e+01     0.00000e+00    1
------------------------------------------------------------
 Total        -2.906904424712387e+02    -1.56461e-05    1
============================================================


################ Wall time: 4.17268e+02 sec ################




####################### SCF cycle  3 #######################


============================================================
 Current precision                              1.00000e-07
------------------------------------------------------------
 Orbital threshold                              1.00000e-06
 Property threshold                            -1.00000e+00
============================================================


============================================================
                   Calculating SCF energy
------------------------------------------------------------
 Nuclear energy                       2.133861140042375e+01
 Electronic energy                   -3.120290549363070e+02
------------------------------------------------------------
 Total energy                        -2.906904435358833e+02
------------------------------------------------------------
                 Wall time: 2.18859e+01 sec 
============================================================


============================================================
                Rotating Helmholtz argument
------------------------------------------------------------
 Rotating orbitals                              2.96885e+00
------------------------------------------------------------
                 Wall time: 2.96905e+00 sec 
============================================================


============================================================
                Applying Helmholtz operators
------------------------------------------------------------
 Orb    RealNorm   Nodes     ImagNorm   Nodes     Timing
------------------------------------------------------------
  0    1.00000e+00   840    0.00000e+00     0   1.02893e+02
  4    9.99999e-01   632    0.00000e+00     0   7.67229e+01
  8    9.99985e-01   776    0.00000e+00     0   9.40301e+01
------------------------------------------------------------
                 Wall time: 2.73648e+02 sec 
============================================================


============================================================
                 Lowdin orthonormalization
------------------------------------------------------------
 Computing Lowdin matrix                        4.22851e-01
 Rotating orbitals                              2.09868e+00
------------------------------------------------------------
                 Wall time: 2.52169e+00 sec 
============================================================


============================================================
               Iterative subspace accelerator
------------------------------------------------------------
 Push back orbitals                             3.37980e-05
 Setup linear system                            3.63232e-01
 Solve linear system                            8.76800e-06
 Expand solution                                1.38575e+00
------------------------------------------------------------
                 Wall time: 1.74933e+00 sec 
============================================================


============================================================
                 Lowdin orthonormalization
------------------------------------------------------------
 Computing Lowdin matrix                        7.94620e-01
 Rotating orbitals                              1.83316e+00
------------------------------------------------------------
                 Wall time: 2.62794e+00 sec 
============================================================


============================================================
                  Setting up Fock operator
------------------------------------------------------------
 Precision                                      1.00000e-07
------------------------------------------------------------
 Coulomb density                      1144      2.48535e+00
 Coulomb potential                     648      7.80880e+01
 Allreduce potential                   648      2.12392e-01
 XC total density                     1608      3.05834e+00
 XC evaluate xcfun                    3216      9.57698e+00
 XC energy                            1608      1.68883e-04
 XC potential                         1608      8.43187e-02
------------------------------------------------------------
                 Wall time: 9.35320e+01 sec 
============================================================


============================================================
                  Calculating Fock matrix
------------------------------------------------------------
 Kinetic part                         7.829876419000000e+00
 Potential part                       2.175504328700000e+01
------------------------------------------------------------
                 Wall time: 2.95859e+01 sec 
============================================================


============================================================
                          Orbitals
------------------------------------------------------------
 Orb    F(i,i)        Error         nNodes  Spin  Occ  Done 
------------------------------------------------------------
  0  -6.51101e+01   1.36413e-06        840    p    2    0
  1  -5.01457e+00   2.93987e-05          0    p    2    0
  2  -3.45322e+00   2.28769e-05          0    p    2    0
  3  -3.45318e+00   6.32384e-06          0    p    2    0
  4  -3.45314e+00   2.29637e-05        632    p    2    0
  5  -4.97218e-01   8.37290e-05          0    p    2    0
  6  -3.13967e-01   1.87131e-04          0    p    2    0
  7  -3.13398e-01   2.33979e-04          0    p    2    0
  8  -3.12832e-01   1.87184e-04        776    p    2    0
------------------------------------------------------------
 Total error:                            3.65745e-04    0
============================================================


============================================================
                    Energy                 Update      Done 
------------------------------------------------------------
 Orbital      -1.638431665390009e+02    -8.83597e-05    1
 Kinetic       2.899031100174656e+02    -2.61198e-05    1
 N-E          -7.357760010496094e+02     1.11928e-04    1
 Coulomb       1.549409102422506e+02    -8.97983e-05    1
 Exchange      0.000000000000000e+00     0.00000e+00    1
 X-C          -2.109704285621679e+01     7.99976e-06    1
------------------------------------------------------------
 Electronic   -3.120290549363070e+02    -1.06464e-06    1
 Nuclear       2.133861140042375e+01     0.00000e+00    1
------------------------------------------------------------
 Total        -2.906904435358833e+02    -1.06464e-06    1
============================================================


################ Wall time: 4.29104e+02 sec ################




####################### SCF cycle  4 #######################


============================================================
 Current precision                              1.00000e-07
------------------------------------------------------------
 Orbital threshold                              1.00000e-06
 Property threshold                            -1.00000e+00
============================================================


============================================================
                   Calculating SCF energy
------------------------------------------------------------
 Nuclear energy                       2.133861140042375e+01
 Electronic energy                   -3.120290552056317e+02
------------------------------------------------------------
 Total energy                        -2.906904438052080e+02
------------------------------------------------------------
                 Wall time: 2.16904e+01 sec 
============================================================


============================================================
                Rotating Helmholtz argument
------------------------------------------------------------
 Rotating orbitals                              2.65000e+00
------------------------------------------------------------
                 Wall time: 2.65020e+00 sec 
============================================================


============================================================
                Applying Helmholtz operators
------------------------------------------------------------
 Orb    RealNorm   Nodes     ImagNorm   Nodes     Timing
------------------------------------------------------------
  0    1.00000e+00   840    0.00000e+00     0   1.06434e+02
  4    1.00000e+00   632    0.00000e+00     0   7.77699e+01
  8    9.99995e-01   776    0.00000e+00     0   9.56282e+01
------------------------------------------------------------
                 Wall time: 2.79841e+02 sec 
============================================================


============================================================
                 Lowdin orthonormalization
------------------------------------------------------------
 Computing Lowdin matrix                        4.31139e-01
 Rotating orbitals                              2.06475e+00
------------------------------------------------------------
                 Wall time: 2.49605e+00 sec 
============================================================


============================================================
               Iterative subspace accelerator
------------------------------------------------------------
 Push back orbitals                             3.12655e-02
 Setup linear system                            1.09442e+00
 Solve linear system                            7.69700e-06
 Expand solution                                2.30821e+00
------------------------------------------------------------
                 Wall time: 3.43417e+00 sec 
============================================================


============================================================
                 Lowdin orthonormalization
------------------------------------------------------------
 Computing Lowdin matrix                        9.59483e-01
 Rotating orbitals                              1.95142e+00
------------------------------------------------------------
                 Wall time: 2.91106e+00 sec 
============================================================


============================================================
                  Setting up Fock operator
------------------------------------------------------------
 Precision                                      1.00000e-07
------------------------------------------------------------
 Coulomb density                      1144      2.58561e+00
 Coulomb potential                     648      7.92641e+01
 Allreduce potential                   648      2.15033e-01
 XC total density                     1608      3.11416e+00
 XC evaluate xcfun                    3216      9.63779e+00
 XC energy                            1608      1.76997e-04
 XC potential                         1608      9.06489e-02
------------------------------------------------------------
                 Wall time: 9.49338e+01 sec 
============================================================


============================================================
                  Calculating Fock matrix
------------------------------------------------------------
 Kinetic part                         7.857944988000000e+00
 Potential part                       2.190928385900000e+01
------------------------------------------------------------
                 Wall time: 2.97682e+01 sec 
============================================================


============================================================
                          Orbitals
------------------------------------------------------------
 Orb    F(i,i)        Error         nNodes  Spin  Occ  Done 
------------------------------------------------------------
  0  -6.51101e+01   4.52920e-07        840    p    2    1
  1  -5.01457e+00   1.52438e-05          0    p    2    0
  2  -3.45322e+00   1.41427e-05          0    p    2    0
  3  -3.45318e+00   1.42205e-06          0    p    2    0
  4  -3.45314e+00   1.41886e-05        632    p    2    0
  5  -4.97218e-01   1.40449e-05          0    p    2    0
  6  -3.13947e-01   7.73932e-05          0    p    2    0
  7  -3.13398e-01   8.03658e-05          0    p    2    0
  8  -3.12852e-01   7.79440e-05        776    p    2    0
------------------------------------------------------------
 Total error:                            1.39129e-04    0
============================================================


============================================================
                    Energy                 Update      Done 
------------------------------------------------------------
 Orbital      -1.638431724150907e+02    -5.87609e-06    1
 Kinetic       2.899031173901906e+02     7.37273e-06    1
 N-E          -7.357760015577933e+02    -5.08184e-07    1
 Coulomb       1.549409043192651e+02    -5.92299e-06    1
 Exchange      0.000000000000000e+00     0.00000e+00    1
 X-C          -2.109704180171626e+01     1.05450e-06    1
------------------------------------------------------------
 Electronic   -3.120290552056317e+02    -2.69325e-07    1
 Nuclear       2.133861140042375e+01     0.00000e+00    1
------------------------------------------------------------
 Total        -2.906904438052080e+02    -2.69325e-07    1
============================================================


################ Wall time: 4.38392e+02 sec ################




####################### SCF cycle  5 #######################


============================================================
 Current precision                              1.00000e-07
------------------------------------------------------------
 Orbital threshold                              1.00000e-06
 Property threshold                            -1.00000e+00
============================================================


============================================================
                   Calculating SCF energy
------------------------------------------------------------
 Nuclear energy                       2.133861140042375e+01
 Electronic energy                   -3.120290552492492e+02
------------------------------------------------------------
 Total energy                        -2.906904438488254e+02
------------------------------------------------------------
                 Wall time: 2.18059e+01 sec 
============================================================


============================================================
                Rotating Helmholtz argument
------------------------------------------------------------
 Rotating orbitals                              2.81146e+00
------------------------------------------------------------
                 Wall time: 2.81165e+00 sec 
============================================================


============================================================
                Applying Helmholtz operators
------------------------------------------------------------
 Orb    RealNorm   Nodes     ImagNorm   Nodes     Timing
------------------------------------------------------------
  0    1.00000e+00   840    0.00000e+00     0   1.09503e+02
  4    1.00000e+00   632    0.00000e+00     0   7.95557e+01
  8    9.99999e-01   776    0.00000e+00     0   9.73335e+01
------------------------------------------------------------
                 Wall time: 2.86399e+02 sec 
============================================================


============================================================
                 Lowdin orthonormalization
------------------------------------------------------------
 Computing Lowdin matrix                        4.29693e-01
 Rotating orbitals                              2.07459e+00
------------------------------------------------------------
                 Wall time: 2.50446e+00 sec 
============================================================


============================================================
               Iterative subspace accelerator
------------------------------------------------------------
 Push back orbitals                             3.04866e-02
 Setup linear system                            2.23027e+00
 Solve linear system                            5.48700e-06
 Expand solution                                3.40845e+00
------------------------------------------------------------
                 Wall time: 5.66932e+00 sec 
============================================================


============================================================
                 Lowdin orthonormalization
------------------------------------------------------------
 Computing Lowdin matrix                        1.19650e+00
 Rotating orbitals                              2.15849e+00
------------------------------------------------------------
                 Wall time: 3.35516e+00 sec 
============================================================


============================================================
                  Setting up Fock operator
------------------------------------------------------------
 Precision                                      1.00000e-07
------------------------------------------------------------
 Coulomb density                      1144      2.64288e+00
 Coulomb potential                     648      7.93899e+01
 Allreduce potential                   648      2.17381e-01
 XC total density                     1608      3.14883e+00
 XC evaluate xcfun                    3216      9.60548e+00
 XC energy                            1608      1.84117e-04
 XC potential                         1608      8.62109e-02
------------------------------------------------------------
                 Wall time: 9.51169e+01 sec 
============================================================


============================================================
                  Calculating Fock matrix
------------------------------------------------------------
 Kinetic part                         8.119490060000000e+00
 Potential part                       2.238861583300000e+01
------------------------------------------------------------
                 Wall time: 3.05094e+01 sec 
============================================================


============================================================
                          Orbitals
------------------------------------------------------------
 Orb    F(i,i)        Error         nNodes  Spin  Occ  Done 
------------------------------------------------------------
  0  -6.51101e+01   3.81150e-08        840    p    2    1
  1  -5.01457e+00   1.84587e-06          0    p    2    0
  2  -3.45322e+00   3.41577e-06          0    p    2    0
  3  -3.45318e+00   5.71581e-07          0    p    2    1
  4  -3.45314e+00   3.42383e-06        632    p    2    0
  5  -4.97218e-01   6.09782e-06          0    p    2    0
  6  -3.13946e-01   1.43545e-05          0    p    2    0
  7  -3.13398e-01   1.01988e-05          0    p    2    0
  8  -3.12853e-01   1.44575e-05        776    p    2    0
------------------------------------------------------------
 Total error:                            2.41536e-05    0
============================================================


============================================================
                    Energy                 Update      Done 
------------------------------------------------------------
 Orbital      -1.638431737052239e+02    -1.29013e-06    1
 Kinetic       2.899031151620788e+02    -2.22811e-06    1
 N-E          -7.357759978891089e+02     3.66868e-06    1
 Coulomb       1.549409029758579e+02    -1.34341e-06    1
 Exchange      0.000000000000000e+00     0.00000e+00    1
 X-C          -2.109704149932981e+01     3.02386e-07    1
------------------------------------------------------------
 Electronic   -3.120290552492492e+02    -4.36174e-08    1
 Nuclear       2.133861140042375e+01     0.00000e+00    1
------------------------------------------------------------
 Total        -2.906904438488254e+02    -4.36174e-08    1
============================================================


################ Wall time: 4.48916e+02 sec ################




####################### SCF cycle  6 #######################


============================================================
 Current precision                              1.00000e-07
------------------------------------------------------------
 Orbital threshold                              1.00000e-06
 Property threshold                            -1.00000e+00
============================================================


============================================================
                   Calculating SCF energy
------------------------------------------------------------
 Nuclear energy                       2.133861140042375e+01
 Electronic energy                   -3.120290552517187e+02
------------------------------------------------------------
 Total energy                        -2.906904438512950e+02
------------------------------------------------------------
                 Wall time: 2.33301e+01 sec 
============================================================


============================================================
                Rotating Helmholtz argument
------------------------------------------------------------
 Rotating orbitals                              2.67023e+00
------------------------------------------------------------
                 Wall time: 2.67042e+00 sec 
============================================================


============================================================
                Applying Helmholtz operators
------------------------------------------------------------
 Orb    RealNorm   Nodes     ImagNorm   Nodes     Timing
------------------------------------------------------------
  0    1.00000e+00   840    0.00000e+00     0   1.09911e+02
  4    1.00000e+00   632    0.00000e+00     0   8.12334e+01
  8    1.00000e+00   776    0.00000e+00     0   9.66208e+01
------------------------------------------------------------
                 Wall time: 2.87783e+02 sec 
============================================================


============================================================
                 Lowdin orthonormalization
------------------------------------------------------------
 Computing Lowdin matrix                        4.25925e-01
 Rotating orbitals                              1.91634e+00
------------------------------------------------------------
                 Wall time: 2.34243e+00 sec 
============================================================


============================================================
               Iterative subspace accelerator
------------------------------------------------------------
 Push back orbitals                             3.33352e-02
 Setup linear system                            2.24813e+00
 Solve linear system                            5.33800e-06
 Expand solution                                3.54952e+00
------------------------------------------------------------
                 Wall time: 5.83111e+00 sec 
============================================================


============================================================
                 Lowdin orthonormalization
------------------------------------------------------------
 Computing Lowdin matrix                        1.10559e+00
 Rotating orbitals                              1.96729e+00
------------------------------------------------------------
                 Wall time: 3.07295e+00 sec 
============================================================


============================================================
                  Setting up Fock operator
------------------------------------------------------------
 Precision                                      1.00000e-07
------------------------------------------------------------
 Coulomb density                      1144      2.85114e+00
 Coulomb potential                     648      7.99377e+01
 Allreduce potential                   648      2.21310e-01
 XC total density                     1608      3.42730e+00
 XC evaluate xcfun                    3216      9.65997e+00
 XC energy                            1608      1.90483e-04
 XC potential                         1608      8.77045e-02
------------------------------------------------------------
                 Wall time: 9.62117e+01 sec 
============================================================


============================================================
                  Calculating Fock matrix
------------------------------------------------------------
 Kinetic part                         7.771735970000000e+00
 Potential part                       2.377890877900000e+01
------------------------------------------------------------
                 Wall time: 3.15516e+01 sec 
============================================================


============================================================
                          Orbitals
------------------------------------------------------------
 Orb    F(i,i)        Error         nNodes  Spin  Occ  Done 
------------------------------------------------------------
  0  -6.51101e+01   2.47002e-08        840    p    2    1
  1  -5.01457e+00   2.37080e-07          0    p    2    1
  2  -3.45322e+00   6.92128e-07          0    p    2    1
  3  -3.45318e+00   2.69050e-07          0    p    2    1
  4  -3.45314e+00   6.91985e-07        632    p    2    1
  5  -4.97218e-01   1.37692e-06          0    p    2    0
  6  -3.13946e-01   3.02444e-06          0    p    2    0
  7  -3.13398e-01   2.03878e-06          0    p    2    0
  8  -3.12853e-01   3.04852e-06        776    p    2    0
------------------------------------------------------------
 Total error:                            5.05770e-06    0
============================================================


============================================================
                    Energy                 Update      Done 
------------------------------------------------------------
 Orbital      -1.638431715867655e+02     2.11846e-06    1
 Kinetic       2.899031167951313e+02     1.63305e-06    1
 N-E          -7.357760014264696e+02    -3.53736e-06    1
 Coulomb       1.549409051757362e+02     2.19988e-06    1
 Exchange      0.000000000000000e+00     0.00000e+00    1
 X-C          -2.109704174909517e+01    -2.49765e-07    1
------------------------------------------------------------
 Electronic   -3.120290552517187e+02    -2.46956e-09    1
 Nuclear       2.133861140042375e+01     0.00000e+00    1
------------------------------------------------------------
 Total        -2.906904438512950e+02    -2.46956e-09    1
============================================================


################ Wall time: 4.53534e+02 sec ################




####################### SCF cycle  7 #######################


============================================================
 Current precision                              1.00000e-07
------------------------------------------------------------
 Orbital threshold                              1.00000e-06
 Property threshold                            -1.00000e+00
============================================================


============================================================
                   Calculating SCF energy
------------------------------------------------------------
 Nuclear energy                       2.133861140042375e+01
 Electronic energy                   -3.120290552519311e+02
------------------------------------------------------------
 Total energy                        -2.906904438515074e+02
------------------------------------------------------------
                 Wall time: 2.51562e+01 sec 
============================================================


============================================================
                Rotating Helmholtz argument
------------------------------------------------------------
 Rotating orbitals                              2.76737e+00
------------------------------------------------------------
                 Wall time: 2.76756e+00 sec 
============================================================


============================================================
                Applying Helmholtz operators
------------------------------------------------------------
 Orb    RealNorm   Nodes     ImagNorm   Nodes     Timing
------------------------------------------------------------
  0    1.00000e+00   840    0.00000e+00     0   1.13947e+02
  4    1.00000e+00   632    0.00000e+00     0   8.08421e+01
  8    1.00000e+00   776    0.00000e+00     0   9.96791e+01
------------------------------------------------------------
                 Wall time: 2.94482e+02 sec 
============================================================


============================================================
                 Lowdin orthonormalization
------------------------------------------------------------
 Computing Lowdin matrix                        4.24984e-01
 Rotating orbitals                              1.99450e+00
------------------------------------------------------------
                 Wall time: 2.41966e+00 sec 
============================================================


============================================================
               Iterative subspace accelerator
------------------------------------------------------------
 Push back orbitals                             3.89962e-02
 Setup linear system                            2.23171e+00
 Solve linear system                            5.70100e-06
 Expand solution                                3.45317e+00
------------------------------------------------------------
                 Wall time: 5.72402e+00 sec 
============================================================


============================================================
                 Lowdin orthonormalization
------------------------------------------------------------
 Computing Lowdin matrix                        9.46183e-01
 Rotating orbitals                              1.79958e+00
------------------------------------------------------------
                 Wall time: 2.74585e+00 sec 
============================================================


============================================================
                  Setting up Fock operator
------------------------------------------------------------
 Precision                                      1.00000e-07
------------------------------------------------------------
 Coulomb density                      1144      2.82006e+00
 Coulomb potential                     648      8.10042e+01
 Allreduce potential                   648      2.23423e-01
 XC total density                     1608      3.33684e+00
 XC evaluate xcfun                    3216      9.96740e+00
 XC energy                            1608      1.96532e-04
 XC potential                         1608      8.95983e-02
------------------------------------------------------------
                 Wall time: 9.74682e+01 sec 
============================================================


============================================================
                  Calculating Fock matrix
------------------------------------------------------------
 Kinetic part                         7.786667736000000e+00
 Potential part                       2.342035601300000e+01
------------------------------------------------------------
                 Wall time: 3.12080e+01 sec 
============================================================


============================================================
                          Orbitals
------------------------------------------------------------
 Orb    F(i,i)        Error         nNodes  Spin  Occ  Done 
------------------------------------------------------------
  0  -6.51101e+01   1.90401e-08        840    p    2    1
  1  -5.01457e+00   4.68493e-07          0    p    2    1
  2  -3.45322e+00   3.40029e-07          0    p    2    1
  3  -3.45318e+00   1.95463e-07          0    p    2    1
  4  -3.45314e+00   3.42253e-07        632    p    2    1
  5  -4.97218e-01   6.14341e-07          0    p    2    1
  6  -3.13945e-01   2.24351e-06          0    p    2    0
  7  -3.13398e-01   2.15649e-06          0    p    2    0
  8  -3.12853e-01   2.27752e-06        776    p    2    0
------------------------------------------------------------
 Total error:                            3.96726e-06    0
============================================================


============================================================
                    Energy                 Update      Done 
------------------------------------------------------------
 Orbital      -1.638431727678359e+02    -1.18107e-06    1
 Kinetic       2.899031161468408e+02    -6.48290e-07    1
 N-E          -7.357759996540204e+02     1.77245e-06    1
 Coulomb       1.549409039670449e+02    -1.20869e-06    1
 Exchange      0.000000000000000e+00     0.00000e+00    1
 X-C          -2.109704166146466e+01     8.76305e-08    1
------------------------------------------------------------
 Electronic   -3.120290552519311e+02    -2.12424e-10    1
 Nuclear       2.133861140042375e+01     0.00000e+00    1
------------------------------------------------------------
 Total        -2.906904438515074e+02    -2.12424e-10    1
============================================================


################ Wall time: 4.62659e+02 sec ################




####################### SCF cycle  8 #######################


============================================================
 Current precision                              1.00000e-07
------------------------------------------------------------
 Orbital threshold                              1.00000e-06
 Property threshold                            -1.00000e+00
============================================================


============================================================
                   Calculating SCF energy
------------------------------------------------------------
 Nuclear energy                       2.133861140042375e+01
 Electronic energy                   -3.120290552519695e+02
------------------------------------------------------------
 Total energy                        -2.906904438515457e+02
------------------------------------------------------------
                 Wall time: 2.48216e+01 sec 
============================================================


============================================================
                Rotating Helmholtz argument
------------------------------------------------------------
 Rotating orbitals                              2.81209e+00
------------------------------------------------------------
                 Wall time: 2.81229e+00 sec 
============================================================


============================================================
                Applying Helmholtz operators
------------------------------------------------------------
 Orb    RealNorm   Nodes     ImagNorm   Nodes     Timing
------------------------------------------------------------
  0    1.00000e+00   840    0.00000e+00     0   1.20461e+02
  4    1.00000e+00   632    0.00000e+00     0   8.71854e+01
  8    1.00000e+00   776    0.00000e+00     0   1.02224e+02
------------------------------------------------------------
                 Wall time: 3.09884e+02 sec 
============================================================


============================================================
                 Lowdin orthonormalization
------------------------------------------------------------
 Computing Lowdin matrix                        4.29482e-01
 Rotating orbitals                              1.81707e+00
------------------------------------------------------------
                 Wall time: 2.24674e+00 sec 
============================================================


============================================================
               Iterative subspace accelerator
------------------------------------------------------------
 Push back orbitals                             4.46849e-02
 Setup linear system                            2.26649e+00
 Solve linear system                            5.58600e-06
 Expand solution                                3.45751e+00
------------------------------------------------------------
                 Wall time: 5.76888e+00 sec 
============================================================


============================================================
                 Lowdin orthonormalization
------------------------------------------------------------
 Computing Lowdin matrix                        1.00352e+00
 Rotating orbitals                              1.70478e+00
------------------------------------------------------------
                 Wall time: 2.70838e+00 sec 
============================================================


============================================================
                  Setting up Fock operator
------------------------------------------------------------
 Precision                                      1.00000e-07
------------------------------------------------------------
 Coulomb density                      1144      2.86618e+00
 Coulomb potential                     648      8.18257e+01
 Allreduce potential                   648      2.38253e-01
 XC total density                     1608      3.51422e+00
 XC evaluate xcfun                    3216      9.75185e+00
 XC energy                            1608      1.86263e-04
 XC potential                         1608      8.59488e-02
------------------------------------------------------------
                 Wall time: 9.83092e+01 sec 
============================================================


============================================================
                  Calculating Fock matrix
------------------------------------------------------------
 Kinetic part                         7.657622804000000e+00
 Potential part                       2.343147082900000e+01
------------------------------------------------------------
                 Wall time: 3.10901e+01 sec 
============================================================


============================================================
                          Orbitals
------------------------------------------------------------
 Orb    F(i,i)        Error         nNodes  Spin  Occ  Done 
------------------------------------------------------------
  0  -6.51101e+01   1.03254e-08        840    p    2    1
  1  -5.01457e+00   1.02029e-07          0    p    2    1
  2  -3.45322e+00   3.53683e-08          0    p    2    1
  3  -3.45318e+00   2.40013e-08          0    p    2    1
  4  -3.45314e+00   3.59722e-08        632    p    2    1
  5  -4.97218e-01   2.75267e-07          0    p    2    1
  6  -3.13945e-01   3.72944e-07          0    p    2    1
  7  -3.13398e-01   6.24048e-07          0    p    2    1
  8  -3.12854e-01   3.82363e-07        776    p    2    1
------------------------------------------------------------
 Total error:                            8.74148e-07    1
============================================================


============================================================
                    Energy                 Update      Done 
------------------------------------------------------------
 Orbital      -1.638431724362171e+02     3.31619e-07    1
 Kinetic       2.899031163790470e+02     2.32206e-07    1
 N-E          -7.357760001974088e+02    -5.43388e-07    1
 Coulomb       1.549409043078138e+02     3.40769e-07    1
 Exchange      0.000000000000000e+00     0.00000e+00    1
 X-C          -2.109704168990883e+01    -2.84442e-08    1
------------------------------------------------------------
 Electronic   -3.120290552519695e+02    -3.83125e-11    1
 Nuclear       2.133861140042375e+01     0.00000e+00    1
------------------------------------------------------------
 Total        -2.906904438515457e+02    -3.83125e-11    1
============================================================


################ Wall time: 4.78345e+02 sec ################


============================================================
                      Convergence rate
------------------------------------------------------------
Iter    OrbError       Property                   Update  
------------------------------------------------------------
  1    3.24416e-03    -2.906904268251450e+02   -2.90690e+02
  2    7.08616e-04    -2.906904424712387e+02   -1.56461e-05
  3    3.65745e-04    -2.906904435358833e+02   -1.06464e-06
  4    1.39129e-04    -2.906904438052080e+02   -2.69325e-07
  5    2.41536e-05    -2.906904438488254e+02   -4.36174e-08
  6    5.05770e-06    -2.906904438512950e+02   -2.46956e-09
  7    3.96726e-06    -2.906904438515074e+02   -2.12424e-10
  8    8.74148e-07    -2.906904438515457e+02   -3.83125e-11
------------------------------------------------------------
                      SCF converged!!!                      
============================================================


============================================================
                  Digonalizing Fock matrix
------------------------------------------------------------
 Computing Lowdin matrix                        4.48958e-01
 Diagonalizing matrix                           1.82290e-05
 Rotating orbitals                              2.93111e+00
------------------------------------------------------------
                 Wall time: 3.38026e+00 sec 
============================================================


============================================================
                  Setting up Fock operator
------------------------------------------------------------
 Precision                                      1.00000e-07
------------------------------------------------------------
 Coulomb density                      1144      2.70052e+00
 Coulomb potential                     648      7.53164e+01
 Allreduce potential                   648      2.11574e-01
 XC total density                     1608      3.27499e+00
 XC evaluate xcfun                    3216      9.55860e+00
 XC energy                            1608      1.71819e-04
 XC potential                         1608      8.73525e-02
------------------------------------------------------------
                 Wall time: 9.11752e+01 sec 
============================================================


============================================================
                   Calculating SCF energy
------------------------------------------------------------
------------------------------------------------------------
                 Wall time: 2.39501e+01 sec 
============================================================


============================================================
                 Calculating dipole moment
------------------------------------------------------------
------------------------------------------------------------
                 Wall time: 1.16782e+01 sec 
============================================================


============================================================
                        Fock matrix
------------------------------------------------------------
-6.51101e+01  0.00000e+00  0.00000e+00  0.00000e+00  0.00000e+00  0.00000e+00  0.00000e+00  0.00000e+00  0.00000e+00
 0.00000e+00 -5.01457e+00  0.00000e+00  0.00000e+00  0.00000e+00  0.00000e+00  0.00000e+00  0.00000e+00  0.00000e+00
 0.00000e+00  0.00000e+00 -3.45322e+00  0.00000e+00  0.00000e+00  0.00000e+00  0.00000e+00  0.00000e+00  0.00000e+00
 0.00000e+00  0.00000e+00  0.00000e+00 -3.45318e+00  0.00000e+00  0.00000e+00  0.00000e+00  0.00000e+00  0.00000e+00
 0.00000e+00  0.00000e+00  0.00000e+00  0.00000e+00 -3.45314e+00  0.00000e+00  0.00000e+00  0.00000e+00  0.00000e+00
 0.00000e+00  0.00000e+00  0.00000e+00  0.00000e+00  0.00000e+00 -4.97218e-01  0.00000e+00  0.00000e+00  0.00000e+00
 0.00000e+00  0.00000e+00  0.00000e+00  0.00000e+00  0.00000e+00  0.00000e+00 -3.13945e-01  0.00000e+00  0.00000e+00
 0.00000e+00  0.00000e+00  0.00000e+00  0.00000e+00  0.00000e+00  0.00000e+00  0.00000e+00 -3.13398e-01  0.00000e+00
 0.00000e+00  0.00000e+00  0.00000e+00  0.00000e+00  0.00000e+00  0.00000e+00  0.00000e+00  0.00000e+00 -3.12853e-01
============================================================


============================================================
                      Orbital energies
------------------------------------------------------------
    n  spin  occ                            epsilon  
------------------------------------------------------------
    0    p    2                      -6.511005888975559e+01
    1    p    2                      -5.014568490706092e+00
    2    p    2                      -3.453220829032087e+00
    3    p    2                      -3.453181393090470e+00
    4    p    2                      -3.453141560345520e+00
    5    p    2                      -4.972182140387082e-01
    6    p    2                      -3.139454562576229e-01
    7    p    2                      -3.133980144662976e-01
    8    p    2                      -3.128534973672248e-01
============================================================


============================================================
                          Molecule
------------------------------------------------------------
 Nr  Element             x             y             z      
------------------------------------------------------------
  1     Si          0.00000e+00   0.00000e+00   0.00000e+00
  2     H           1.61458e+00   1.61458e+00   1.61458e+00
  3     H          -1.61458e+00  -1.61458e+00   1.61458e+00
  4     H          -1.61458e+00   1.61458e+00  -1.61458e+00
  5     H           1.61458e+00  -1.61458e+00  -1.61458e+00
------------------------------------------------------------
 Center of mass:    0.00000e+00   0.00000e+00   0.00000e+00
============================================================


                                                            
============================================================
                         SCF Energy                         
------------------------------------------------------------
                                                            
 Sum orbital energy:                 -1.638431726901192e+02
 Kinetic energy:                      2.899031161871419e+02
 E-N energy:                         -7.357759997685420e+02
 Coulomb energy:                      1.549409040460480e+02
 Exchange energy:                     0.000000000000000e+00
 X-C energy:                         -2.109704166527127e+01
 El. external field energy:          -3.405135084023252e-05
 Nuc. external field energy:         -8.800902714933834e-15
                                                            
------------------------------------------------------------
                                                            
 Electronic energy:                  -3.120290552519742e+02
 Nuclear energy:                      2.133861140042375e+01
                                                            
------------------------------------------------------------
                                                            
 Total energy       (au)             -2.906904438515504e+02
                    (kJ/mol)         -7.632076498698769e+05
                    (kcal/mol)       -1.824110060646607e+05
                    (eV)             -7.910089597999943e+03
                                                            
============================================================
                                                            

                                                            
============================================================
                         Dipole moment                      
------------------------------------------------------------
                                                            
 Length of vector:   (au)                  3.4051350849e-02
                     (Debye)               8.6549892683e-02
                                                            
-------------------------- Total ---------------------------
                                                            
 [ 5.1753127949e-12, -1.1249492996e-11, -3.4051350849e-02] 
                                                            
------------------------- Nuclear --------------------------
                                                            
 [-8.7643226010e-12, -9.1981977590e-12, -8.8007379162e-12] 
                                                            
------------------------ Electronic ------------------------
                                                            
 [ 1.3939635396e-11, -2.0512952370e-12, -3.4051350840e-02] 
                                                            
============================================================
                                                            



************************************************************
***                                                      ***
***                    Exiting MRChem                    ***
***                                                      ***
***               Wall time: 3.818605e+03                ***
***                                                      ***
************************************************************


